000 (7316.000.000) 02/17 07:18:34 Job submitted from host: <128.101.221.181:9618?addrs=128.101.221.181-9618&noUDP&sock=2582719_fdba_3>
...
001 (7316.000.000) 02/17 07:21:38 Job executing on host: <128.101.221.182:9618?addrs=128.101.221.182-9618&noUDP&sock=3902_06a2_4>
...
006 (7316.000.000) 02/17 07:21:46 Image size of job updated: 251932
	174  -  MemoryUsage of job (MB)
	177484  -  ResidentSetSize of job (KB)
...
006 (7316.000.000) 02/17 07:25:22 Image size of job updated: 717820
	174  -  MemoryUsage of job (MB)
	177484  -  ResidentSetSize of job (KB)
...
005 (7316.000.000) 02/17 07:25:23 Job terminated.
	(1) Normal termination (return value 0)
		Usr 0 00:02:10, Sys 0 00:01:10  -  Run Remote Usage
		Usr 0 00:00:00, Sys 0 00:00:00  -  Run Local Usage
		Usr 0 00:02:10, Sys 0 00:01:10  -  Total Remote Usage
		Usr 0 00:00:00, Sys 0 00:00:00  -  Total Local Usage
	55578  -  Run Bytes Sent By Job
	517  -  Run Bytes Received By Job
	55578  -  Total Bytes Sent By Job
	517  -  Total Bytes Received By Job
	Partitionable Resources :    Usage  Request Allocated
	   Cpus                 :                 1         1
	   Disk (KB)            :       67  1024000   1024807
	   Memory (MB)          :      174     2000      2000
...
