000 (7340.000.000) 02/17 07:18:52 Job submitted from host: <128.101.221.181:9618?addrs=128.101.221.181-9618&noUDP&sock=2582719_fdba_3>
...
001 (7340.000.000) 02/17 07:23:01 Job executing on host: <128.101.221.182:9618?addrs=128.101.221.182-9618&noUDP&sock=3902_06a2_4>
...
006 (7340.000.000) 02/17 07:23:09 Image size of job updated: 254028
	185  -  MemoryUsage of job (MB)
	189224  -  ResidentSetSize of job (KB)
...
006 (7340.000.000) 02/17 07:27:29 Image size of job updated: 720164
	185  -  MemoryUsage of job (MB)
	189224  -  ResidentSetSize of job (KB)
...
005 (7340.000.000) 02/17 07:27:30 Job terminated.
	(1) Normal termination (return value 0)
		Usr 0 00:02:37, Sys 0 00:01:21  -  Run Remote Usage
		Usr 0 00:00:00, Sys 0 00:00:00  -  Run Local Usage
		Usr 0 00:02:37, Sys 0 00:01:21  -  Total Remote Usage
		Usr 0 00:00:00, Sys 0 00:00:00  -  Total Local Usage
	70387  -  Run Bytes Sent By Job
	517  -  Run Bytes Received By Job
	70387  -  Total Bytes Sent By Job
	517  -  Total Bytes Received By Job
	Partitionable Resources :    Usage  Request Allocated
	   Cpus                 :                 1         1
	   Disk (KB)            :       82  1024000   1024808
	   Memory (MB)          :      185     2000      2000
...
