000 (7305.000.000) 02/17 07:18:27 Job submitted from host: <128.101.221.181:9618?addrs=128.101.221.181-9618&noUDP&sock=2582719_fdba_3>
...
001 (7305.000.000) 02/17 07:18:43 Job executing on host: <128.101.221.192:9618?addrs=128.101.221.192-9618&noUDP&sock=3175794_1c7b_4>
...
006 (7305.000.000) 02/17 07:18:52 Image size of job updated: 186536
	166  -  MemoryUsage of job (MB)
	169760  -  ResidentSetSize of job (KB)
...
006 (7305.000.000) 02/17 07:23:53 Image size of job updated: 325560
	318  -  MemoryUsage of job (MB)
	325524  -  ResidentSetSize of job (KB)
...
006 (7305.000.000) 02/17 07:24:21 Image size of job updated: 720200
	318  -  MemoryUsage of job (MB)
	325524  -  ResidentSetSize of job (KB)
...
005 (7305.000.000) 02/17 07:24:22 Job terminated.
	(1) Normal termination (return value 0)
		Usr 0 00:03:06, Sys 0 00:01:56  -  Run Remote Usage
		Usr 0 00:00:00, Sys 0 00:00:00  -  Run Local Usage
		Usr 0 00:03:06, Sys 0 00:01:56  -  Total Remote Usage
		Usr 0 00:00:00, Sys 0 00:00:00  -  Total Local Usage
	76763  -  Run Bytes Sent By Job
	517  -  Run Bytes Received By Job
	76763  -  Total Bytes Sent By Job
	517  -  Total Bytes Received By Job
	Partitionable Resources :    Usage  Request Allocated
	   Cpus                 :                 1         1
	   Disk (KB)            :       88  1024000   1030904
	   Memory (MB)          :      318     2000      2000
...
