000 (7291.000.000) 02/17 07:18:19 Job submitted from host: <128.101.221.181:9618?addrs=128.101.221.181-9618&noUDP&sock=2582719_fdba_3>
...
001 (7291.000.000) 02/17 07:18:37 Job executing on host: <128.101.221.170:9618?addrs=128.101.221.170-9618&noUDP&sock=4150_221f_4>
...
006 (7291.000.000) 02/17 07:18:46 Image size of job updated: 205292
	197  -  MemoryUsage of job (MB)
	201400  -  ResidentSetSize of job (KB)
...
006 (7291.000.000) 02/17 07:23:47 Image size of job updated: 325776
	318  -  MemoryUsage of job (MB)
	325492  -  ResidentSetSize of job (KB)
...
006 (7291.000.000) 02/17 07:24:30 Image size of job updated: 725040
	318  -  MemoryUsage of job (MB)
	325492  -  ResidentSetSize of job (KB)
...
005 (7291.000.000) 02/17 07:24:31 Job terminated.
	(1) Normal termination (return value 0)
		Usr 0 00:02:52, Sys 0 00:02:26  -  Run Remote Usage
		Usr 0 00:00:00, Sys 0 00:00:00  -  Run Local Usage
		Usr 0 00:02:52, Sys 0 00:02:26  -  Total Remote Usage
		Usr 0 00:00:00, Sys 0 00:00:00  -  Total Local Usage
	71897  -  Run Bytes Sent By Job
	517  -  Run Bytes Received By Job
	71897  -  Total Bytes Sent By Job
	517  -  Total Bytes Received By Job
	Partitionable Resources :    Usage  Request Allocated
	   Cpus                 :                 1         1
	   Disk (KB)            :       90  1024000   2040476
	   Memory (MB)          :      318     2000      2000
...
