000 (7335.000.000) 02/17 07:18:49 Job submitted from host: <128.101.221.181:9618?addrs=128.101.221.181-9618&noUDP&sock=2582719_fdba_3>
...
001 (7335.000.000) 02/17 07:22:52 Job executing on host: <128.101.221.170:9618?addrs=128.101.221.170-9618&noUDP&sock=4150_221f_4>
...
006 (7335.000.000) 02/17 07:23:00 Image size of job updated: 216096
	167  -  MemoryUsage of job (MB)
	170844  -  ResidentSetSize of job (KB)
...
006 (7335.000.000) 02/17 07:25:11 Image size of job updated: 722244
	167  -  MemoryUsage of job (MB)
	170904  -  ResidentSetSize of job (KB)
...
005 (7335.000.000) 02/17 07:25:12 Job terminated.
	(1) Normal termination (return value 0)
		Usr 0 00:01:13, Sys 0 00:00:52  -  Run Remote Usage
		Usr 0 00:00:00, Sys 0 00:00:00  -  Run Local Usage
		Usr 0 00:01:13, Sys 0 00:00:52  -  Total Remote Usage
		Usr 0 00:00:00, Sys 0 00:00:00  -  Total Local Usage
	43478  -  Run Bytes Sent By Job
	517  -  Run Bytes Received By Job
	43478  -  Total Bytes Sent By Job
	517  -  Total Bytes Received By Job
	Partitionable Resources :    Usage  Request Allocated
	   Cpus                 :                 1         1
	   Disk (KB)            :       62  1024000   2040476
	   Memory (MB)          :      167     2000      2000
...
