000 (7348.000.000) 02/17 07:18:57 Job submitted from host: <128.101.221.181:9618?addrs=128.101.221.181-9618&noUDP&sock=2582719_fdba_3>
...
001 (7348.000.000) 02/17 07:23:37 Job executing on host: <128.101.221.170:9618?addrs=128.101.221.170-9618&noUDP&sock=4150_221f_4>
...
006 (7348.000.000) 02/17 07:23:45 Image size of job updated: 242756
	167  -  MemoryUsage of job (MB)
	170664  -  ResidentSetSize of job (KB)
...
006 (7348.000.000) 02/17 07:25:31 Image size of job updated: 242756
	167  -  MemoryUsage of job (MB)
	170744  -  ResidentSetSize of job (KB)
...
005 (7348.000.000) 02/17 07:25:32 Job terminated.
	(1) Normal termination (return value 0)
		Usr 0 00:01:01, Sys 0 00:00:42  -  Run Remote Usage
		Usr 0 00:00:00, Sys 0 00:00:00  -  Run Local Usage
		Usr 0 00:01:01, Sys 0 00:00:42  -  Total Remote Usage
		Usr 0 00:00:00, Sys 0 00:00:00  -  Total Local Usage
	41069  -  Run Bytes Sent By Job
	517  -  Run Bytes Received By Job
	41069  -  Total Bytes Sent By Job
	517  -  Total Bytes Received By Job
	Partitionable Resources :    Usage  Request Allocated
	   Cpus                 :                 1         1
	   Disk (KB)            :       60  1024000   2040476
	   Memory (MB)          :      167     2000      2000
...
