000 (7304.000.000) 02/17 07:18:26 Job submitted from host: <128.101.221.181:9618?addrs=128.101.221.181-9618&noUDP&sock=2582719_fdba_3>
...
001 (7304.000.000) 02/17 07:18:43 Job executing on host: <128.101.221.182:9618?addrs=128.101.221.182-9618&noUDP&sock=3902_06a2_4>
...
006 (7304.000.000) 02/17 07:18:52 Image size of job updated: 209292
	193  -  MemoryUsage of job (MB)
	196664  -  ResidentSetSize of job (KB)
...
006 (7304.000.000) 02/17 07:22:50 Image size of job updated: 720108
	193  -  MemoryUsage of job (MB)
	196664  -  ResidentSetSize of job (KB)
...
005 (7304.000.000) 02/17 07:22:51 Job terminated.
	(1) Normal termination (return value 0)
		Usr 0 00:02:17, Sys 0 00:01:22  -  Run Remote Usage
		Usr 0 00:00:00, Sys 0 00:00:00  -  Run Local Usage
		Usr 0 00:02:17, Sys 0 00:01:22  -  Total Remote Usage
		Usr 0 00:00:00, Sys 0 00:00:00  -  Total Local Usage
	60697  -  Run Bytes Sent By Job
	517  -  Run Bytes Received By Job
	60697  -  Total Bytes Sent By Job
	517  -  Total Bytes Received By Job
	Partitionable Resources :    Usage  Request Allocated
	   Cpus                 :                 1         1
	   Disk (KB)            :       72  1024000   1024806
	   Memory (MB)          :      193     2000      2000
...
