000 (7302.000.000) 02/17 07:18:25 Job submitted from host: <128.101.221.181:9618?addrs=128.101.221.181-9618&noUDP&sock=2582719_fdba_3>
...
001 (7302.000.000) 02/17 07:18:43 Job executing on host: <128.101.221.193:9618?addrs=128.101.221.193-9618&noUDP&sock=2332108_b0a7_4>
...
006 (7302.000.000) 02/17 07:18:52 Image size of job updated: 210032
	179  -  MemoryUsage of job (MB)
	183028  -  ResidentSetSize of job (KB)
...
006 (7302.000.000) 02/17 07:21:22 Image size of job updated: 718744
	179  -  MemoryUsage of job (MB)
	183028  -  ResidentSetSize of job (KB)
...
005 (7302.000.000) 02/17 07:21:23 Job terminated.
	(1) Normal termination (return value 0)
		Usr 0 00:01:08, Sys 0 00:01:11  -  Run Remote Usage
		Usr 0 00:00:00, Sys 0 00:00:00  -  Run Local Usage
		Usr 0 00:01:08, Sys 0 00:01:11  -  Total Remote Usage
		Usr 0 00:00:00, Sys 0 00:00:00  -  Total Local Usage
	44588  -  Run Bytes Sent By Job
	517  -  Run Bytes Received By Job
	44588  -  Total Bytes Sent By Job
	517  -  Total Bytes Received By Job
	Partitionable Resources :    Usage  Request Allocated
	   Cpus                 :                 1         1
	   Disk (KB)            :       56  1024000   1030405
	   Memory (MB)          :      179     2000      2000
...
