000 (7299.000.000) 02/17 07:18:23 Job submitted from host: <128.101.221.181:9618?addrs=128.101.221.181-9618&noUDP&sock=2582719_fdba_3>
...
001 (7299.000.000) 02/17 07:18:42 Job executing on host: <128.101.221.192:9618?addrs=128.101.221.192-9618&noUDP&sock=3175794_1c7b_4>
...
006 (7299.000.000) 02/17 07:18:50 Image size of job updated: 131840
	127  -  MemoryUsage of job (MB)
	129540  -  ResidentSetSize of job (KB)
...
006 (7299.000.000) 02/17 07:23:26 Image size of job updated: 324504
	127  -  MemoryUsage of job (MB)
	129540  -  ResidentSetSize of job (KB)
...
005 (7299.000.000) 02/17 07:23:27 Job terminated.
	(1) Normal termination (return value 0)
		Usr 0 00:02:37, Sys 0 00:01:37  -  Run Remote Usage
		Usr 0 00:00:00, Sys 0 00:00:00  -  Run Local Usage
		Usr 0 00:02:37, Sys 0 00:01:37  -  Total Remote Usage
		Usr 0 00:00:00, Sys 0 00:00:00  -  Total Local Usage
	60892  -  Run Bytes Sent By Job
	517  -  Run Bytes Received By Job
	60892  -  Total Bytes Sent By Job
	517  -  Total Bytes Received By Job
	Partitionable Resources :    Usage  Request Allocated
	   Cpus                 :                 1         1
	   Disk (KB)            :       72  1024000   1030904
	   Memory (MB)          :      127     2000      2000
...
