000 (7345.000.000) 02/17 07:18:55 Job submitted from host: <128.101.221.181:9618?addrs=128.101.221.181-9618&noUDP&sock=2582719_fdba_3>
...
001 (7345.000.000) 02/17 07:23:19 Job executing on host: <128.101.221.182:9618?addrs=128.101.221.182-9618&noUDP&sock=3902_06a2_4>
...
006 (7345.000.000) 02/17 07:23:28 Image size of job updated: 210452
	143  -  MemoryUsage of job (MB)
	145852  -  ResidentSetSize of job (KB)
...
006 (7345.000.000) 02/17 07:26:51 Image size of job updated: 719884
	143  -  MemoryUsage of job (MB)
	145852  -  ResidentSetSize of job (KB)
...
005 (7345.000.000) 02/17 07:26:52 Job terminated.
	(1) Normal termination (return value 0)
		Usr 0 00:02:03, Sys 0 00:01:04  -  Run Remote Usage
		Usr 0 00:00:00, Sys 0 00:00:00  -  Run Local Usage
		Usr 0 00:02:03, Sys 0 00:01:04  -  Total Remote Usage
		Usr 0 00:00:00, Sys 0 00:00:00  -  Total Local Usage
	59834  -  Run Bytes Sent By Job
	517  -  Run Bytes Received By Job
	59834  -  Total Bytes Sent By Job
	517  -  Total Bytes Received By Job
	Partitionable Resources :    Usage  Request Allocated
	   Cpus                 :                 1         1
	   Disk (KB)            :       71  1024000   1024807
	   Memory (MB)          :      143     2000      2000
...
