000 (7343.000.000) 02/17 07:18:54 Job submitted from host: <128.101.221.181:9618?addrs=128.101.221.181-9618&noUDP&sock=2582719_fdba_3>
...
001 (7343.000.000) 02/17 07:23:08 Job executing on host: <128.101.221.193:9618?addrs=128.101.221.193-9618&noUDP&sock=2332108_b0a7_4>
...
006 (7343.000.000) 02/17 07:23:17 Image size of job updated: 250120
	193  -  MemoryUsage of job (MB)
	197228  -  ResidentSetSize of job (KB)
...
006 (7343.000.000) 02/17 07:26:37 Image size of job updated: 720080
	193  -  MemoryUsage of job (MB)
	197228  -  ResidentSetSize of job (KB)
...
005 (7343.000.000) 02/17 07:26:38 Job terminated.
	(1) Normal termination (return value 0)
		Usr 0 00:01:31, Sys 0 00:01:31  -  Run Remote Usage
		Usr 0 00:00:00, Sys 0 00:00:00  -  Run Local Usage
		Usr 0 00:01:31, Sys 0 00:01:31  -  Total Remote Usage
		Usr 0 00:00:00, Sys 0 00:00:00  -  Total Local Usage
	65561  -  Run Bytes Sent By Job
	517  -  Run Bytes Received By Job
	65561  -  Total Bytes Sent By Job
	517  -  Total Bytes Received By Job
	Partitionable Resources :    Usage  Request Allocated
	   Cpus                 :                 1         1
	   Disk (KB)            :       77  1024000   1030405
	   Memory (MB)          :      193     2000      2000
...
