000 (7353.000.000) 02/17 07:19:00 Job submitted from host: <128.101.221.181:9618?addrs=128.101.221.181-9618&noUDP&sock=2582719_fdba_3>
...
001 (7353.000.000) 02/17 07:24:15 Job executing on host: <128.101.221.182:9618?addrs=128.101.221.182-9618&noUDP&sock=3902_06a2_4>
...
006 (7353.000.000) 02/17 07:24:24 Image size of job updated: 294612
	209  -  MemoryUsage of job (MB)
	213588  -  ResidentSetSize of job (KB)
...
006 (7353.000.000) 02/17 07:27:52 Image size of job updated: 720116
	209  -  MemoryUsage of job (MB)
	213588  -  ResidentSetSize of job (KB)
...
005 (7353.000.000) 02/17 07:27:54 Job terminated.
	(1) Normal termination (return value 0)
		Usr 0 00:02:06, Sys 0 00:01:02  -  Run Remote Usage
		Usr 0 00:00:00, Sys 0 00:00:00  -  Run Local Usage
		Usr 0 00:02:06, Sys 0 00:01:02  -  Total Remote Usage
		Usr 0 00:00:00, Sys 0 00:00:00  -  Total Local Usage
	58702  -  Run Bytes Sent By Job
	517  -  Run Bytes Received By Job
	58702  -  Total Bytes Sent By Job
	517  -  Total Bytes Received By Job
	Partitionable Resources :    Usage  Request Allocated
	   Cpus                 :                 1         1
	   Disk (KB)            :       70  1024000   1024806
	   Memory (MB)          :      209     2000      2000
...
