000 (7334.000.000) 02/17 07:18:49 Job submitted from host: <128.101.221.181:9618?addrs=128.101.221.181-9618&noUDP&sock=2582719_fdba_3>
...
001 (7334.000.000) 02/17 07:22:50 Job executing on host: <128.101.221.192:9618?addrs=128.101.221.192-9618&noUDP&sock=3175794_1c7b_4>
...
006 (7334.000.000) 02/17 07:22:59 Image size of job updated: 267888
	187  -  MemoryUsage of job (MB)
	191144  -  ResidentSetSize of job (KB)
...
005 (7334.000.000) 02/17 07:26:25 Job terminated.
	(1) Normal termination (return value 0)
		Usr 0 00:01:59, Sys 0 00:01:09  -  Run Remote Usage
		Usr 0 00:00:00, Sys 0 00:00:00  -  Run Local Usage
		Usr 0 00:01:59, Sys 0 00:01:09  -  Total Remote Usage
		Usr 0 00:00:00, Sys 0 00:00:00  -  Total Local Usage
	54741  -  Run Bytes Sent By Job
	517  -  Run Bytes Received By Job
	54741  -  Total Bytes Sent By Job
	517  -  Total Bytes Received By Job
	Partitionable Resources :    Usage  Request Allocated
	   Cpus                 :                 1         1
	   Disk (KB)            :       66  1024000   1030905
	   Memory (MB)          :      187     2000      2000
...
