000 (7347.000.000) 02/17 07:18:56 Job submitted from host: <128.101.221.181:9618?addrs=128.101.221.181-9618&noUDP&sock=2582719_fdba_3>
...
001 (7347.000.000) 02/17 07:23:32 Job executing on host: <128.101.221.193:9618?addrs=128.101.221.193-9618&noUDP&sock=2332108_b0a7_4>
...
006 (7347.000.000) 02/17 07:23:40 Image size of job updated: 233764
	161  -  MemoryUsage of job (MB)
	164008  -  ResidentSetSize of job (KB)
...
006 (7347.000.000) 02/17 07:27:32 Image size of job updated: 720176
	161  -  MemoryUsage of job (MB)
	164008  -  ResidentSetSize of job (KB)
...
005 (7347.000.000) 02/17 07:27:33 Job terminated.
	(1) Normal termination (return value 0)
		Usr 0 00:01:49, Sys 0 00:01:36  -  Run Remote Usage
		Usr 0 00:00:00, Sys 0 00:00:00  -  Run Local Usage
		Usr 0 00:01:49, Sys 0 00:01:36  -  Total Remote Usage
		Usr 0 00:00:00, Sys 0 00:00:00  -  Total Local Usage
	68215  -  Run Bytes Sent By Job
	517  -  Run Bytes Received By Job
	68215  -  Total Bytes Sent By Job
	517  -  Total Bytes Received By Job
	Partitionable Resources :    Usage  Request Allocated
	   Cpus                 :                 1         1
	   Disk (KB)            :       79  1024000   1030405
	   Memory (MB)          :      161     2000      2000
...
