000 (7293.000.000) 02/17 07:18:20 Job submitted from host: <128.101.221.181:9618?addrs=128.101.221.181-9618&noUDP&sock=2582719_fdba_3>
...
001 (7293.000.000) 02/17 07:18:39 Job executing on host: <128.101.221.193:9618?addrs=128.101.221.193-9618&noUDP&sock=2332108_b0a7_4>
...
006 (7293.000.000) 02/17 07:18:48 Image size of job updated: 195628
	175  -  MemoryUsage of job (MB)
	179156  -  ResidentSetSize of job (KB)
...
006 (7293.000.000) 02/17 07:21:40 Image size of job updated: 717500
	175  -  MemoryUsage of job (MB)
	179156  -  ResidentSetSize of job (KB)
...
005 (7293.000.000) 02/17 07:21:42 Job terminated.
	(1) Normal termination (return value 0)
		Usr 0 00:01:17, Sys 0 00:01:22  -  Run Remote Usage
		Usr 0 00:00:00, Sys 0 00:00:00  -  Run Local Usage
		Usr 0 00:01:17, Sys 0 00:01:22  -  Total Remote Usage
		Usr 0 00:00:00, Sys 0 00:00:00  -  Total Local Usage
	49231  -  Run Bytes Sent By Job
	517  -  Run Bytes Received By Job
	49231  -  Total Bytes Sent By Job
	517  -  Total Bytes Received By Job
	Partitionable Resources :    Usage  Request Allocated
	   Cpus                 :                 1         1
	   Disk (KB)            :       61  1024000   1030405
	   Memory (MB)          :      175     2000      2000
...
