000 (7350.000.000) 02/17 07:18:58 Job submitted from host: <128.101.221.181:9618?addrs=128.101.221.181-9618&noUDP&sock=2582719_fdba_3>
...
001 (7350.000.000) 02/17 07:23:46 Job executing on host: <128.101.221.192:9618?addrs=128.101.221.192-9618&noUDP&sock=3175794_1c7b_4>
...
006 (7350.000.000) 02/17 07:23:55 Image size of job updated: 271336
	190  -  MemoryUsage of job (MB)
	193544  -  ResidentSetSize of job (KB)
...
005 (7350.000.000) 02/17 07:25:33 Job terminated.
	(1) Normal termination (return value 0)
		Usr 0 00:01:02, Sys 0 00:00:31  -  Run Remote Usage
		Usr 0 00:00:00, Sys 0 00:00:00  -  Run Local Usage
		Usr 0 00:01:02, Sys 0 00:00:31  -  Total Remote Usage
		Usr 0 00:00:00, Sys 0 00:00:00  -  Total Local Usage
	41935  -  Run Bytes Sent By Job
	517  -  Run Bytes Received By Job
	41935  -  Total Bytes Sent By Job
	517  -  Total Bytes Received By Job
	Partitionable Resources :    Usage  Request Allocated
	   Cpus                 :                 1         1
	   Disk (KB)            :       54  1024000   1030904
	   Memory (MB)          :      190     2000      2000
...
