000 (7325.000.000) 02/17 07:18:42 Job submitted from host: <128.101.221.181:9618?addrs=128.101.221.181-9618&noUDP&sock=2582719_fdba_3>
...
001 (7325.000.000) 02/17 07:21:59 Job executing on host: <128.101.221.193:9618?addrs=128.101.221.193-9618&noUDP&sock=2332108_b0a7_4>
...
006 (7325.000.000) 02/17 07:22:07 Image size of job updated: 265820
	186  -  MemoryUsage of job (MB)
	189892  -  ResidentSetSize of job (KB)
...
006 (7325.000.000) 02/17 07:25:46 Image size of job updated: 719988
	186  -  MemoryUsage of job (MB)
	189892  -  ResidentSetSize of job (KB)
...
005 (7325.000.000) 02/17 07:25:47 Job terminated.
	(1) Normal termination (return value 0)
		Usr 0 00:01:35, Sys 0 00:01:43  -  Run Remote Usage
		Usr 0 00:00:00, Sys 0 00:00:00  -  Run Local Usage
		Usr 0 00:01:35, Sys 0 00:01:43  -  Total Remote Usage
		Usr 0 00:00:00, Sys 0 00:00:00  -  Total Local Usage
	63342  -  Run Bytes Sent By Job
	517  -  Run Bytes Received By Job
	63342  -  Total Bytes Sent By Job
	517  -  Total Bytes Received By Job
	Partitionable Resources :    Usage  Request Allocated
	   Cpus                 :                 1         1
	   Disk (KB)            :       75  1024000   1030405
	   Memory (MB)          :      186     2000      2000
...
