000 (7313.000.000) 02/17 07:18:32 Job submitted from host: <128.101.221.181:9618?addrs=128.101.221.181-9618&noUDP&sock=2582719_fdba_3>
...
001 (7313.000.000) 02/17 07:21:12 Job executing on host: <128.101.221.182:9618?addrs=128.101.221.182-9618&noUDP&sock=3902_06a2_4>
...
006 (7313.000.000) 02/17 07:21:21 Image size of job updated: 251668
	174  -  MemoryUsage of job (MB)
	177348  -  ResidentSetSize of job (KB)
...
006 (7313.000.000) 02/17 07:24:12 Image size of job updated: 717496
	174  -  MemoryUsage of job (MB)
	177348  -  ResidentSetSize of job (KB)
...
005 (7313.000.000) 02/17 07:24:14 Job terminated.
	(1) Normal termination (return value 0)
		Usr 0 00:01:43, Sys 0 00:00:55  -  Run Remote Usage
		Usr 0 00:00:00, Sys 0 00:00:00  -  Run Local Usage
		Usr 0 00:01:43, Sys 0 00:00:55  -  Total Remote Usage
		Usr 0 00:00:00, Sys 0 00:00:00  -  Total Local Usage
	50093  -  Run Bytes Sent By Job
	517  -  Run Bytes Received By Job
	50093  -  Total Bytes Sent By Job
	517  -  Total Bytes Received By Job
	Partitionable Resources :    Usage  Request Allocated
	   Cpus                 :                 1         1
	   Disk (KB)            :       62  1024000   1024806
	   Memory (MB)          :      174     2000      2000
...
