000 (4242.000.000) 02/25 10:27:01 Job submitted from host: <128.101.221.180:9618?addrs=128.101.221.180-9618&noUDP&sock=3943_2604_3>
...
001 (4242.000.000) 02/25 10:27:16 Job executing on host: <128.101.220.87:9618?addrs=128.101.220.87-9618&noUDP&sock=465496_1dbd_4>
...
006 (4242.000.000) 02/25 10:27:24 Image size of job updated: 288304
	205  -  MemoryUsage of job (MB)
	209380  -  ResidentSetSize of job (KB)
...
006 (4242.000.000) 02/25 10:28:52 Image size of job updated: 719196
	205  -  MemoryUsage of job (MB)
	209380  -  ResidentSetSize of job (KB)
...
005 (4242.000.000) 02/25 10:28:53 Job terminated.
	(1) Normal termination (return value 0)
		Usr 0 00:00:56, Sys 0 00:00:21  -  Run Remote Usage
		Usr 0 00:00:00, Sys 0 00:00:00  -  Run Local Usage
		Usr 0 00:00:56, Sys 0 00:00:21  -  Total Remote Usage
		Usr 0 00:00:00, Sys 0 00:00:00  -  Total Local Usage
	45728  -  Run Bytes Sent By Job
	527  -  Run Bytes Received By Job
	45728  -  Total Bytes Sent By Job
	527  -  Total Bytes Received By Job
	Partitionable Resources :    Usage  Request Allocated
	   Cpus                 :                 1         1
	   Disk (KB)            :       57  1024000   1031270
	   Memory (MB)          :      205     2000      2000
...
