000 (4235.000.000) 02/25 10:26:56 Job submitted from host: <128.101.221.180:9618?addrs=128.101.221.180-9618&noUDP&sock=3943_2604_3>
...
001 (4235.000.000) 02/25 10:27:08 Job executing on host: <128.101.221.193:9618?addrs=128.101.221.193-9618&noUDP&sock=2332108_b0a7_4>
...
006 (4235.000.000) 02/25 10:27:17 Image size of job updated: 333116
	242  -  MemoryUsage of job (MB)
	246936  -  ResidentSetSize of job (KB)
...
006 (4235.000.000) 02/25 10:29:17 Image size of job updated: 720148
	242  -  MemoryUsage of job (MB)
	246936  -  ResidentSetSize of job (KB)
...
005 (4235.000.000) 02/25 10:29:18 Job terminated.
	(1) Normal termination (return value 0)
		Usr 0 00:01:05, Sys 0 00:00:34  -  Run Remote Usage
		Usr 0 00:00:00, Sys 0 00:00:00  -  Run Local Usage
		Usr 0 00:01:05, Sys 0 00:00:34  -  Total Remote Usage
		Usr 0 00:00:00, Sys 0 00:00:00  -  Total Local Usage
	52351  -  Run Bytes Sent By Job
	527  -  Run Bytes Received By Job
	52351  -  Total Bytes Sent By Job
	527  -  Total Bytes Received By Job
	Partitionable Resources :    Usage  Request Allocated
	   Cpus                 :                 1         1
	   Disk (KB)            :       64  1024000   1030240
	   Memory (MB)          :      242     2000      2000
...
