000 (4234.000.000) 02/25 10:26:55 Job submitted from host: <128.101.221.180:9618?addrs=128.101.221.180-9618&noUDP&sock=3943_2604_3>
...
001 (4234.000.000) 02/25 10:27:06 Job executing on host: <128.101.221.192:9618?addrs=128.101.221.192-9618&noUDP&sock=3175794_1c7b_4>
...
006 (4234.000.000) 02/25 10:27:14 Image size of job updated: 281988
	199  -  MemoryUsage of job (MB)
	203044  -  ResidentSetSize of job (KB)
...
006 (4234.000.000) 02/25 10:29:48 Image size of job updated: 718560
	199  -  MemoryUsage of job (MB)
	203044  -  ResidentSetSize of job (KB)
...
005 (4234.000.000) 02/25 10:29:49 Job terminated.
	(1) Normal termination (return value 0)
		Usr 0 00:01:34, Sys 0 00:00:40  -  Run Remote Usage
		Usr 0 00:00:00, Sys 0 00:00:00  -  Run Local Usage
		Usr 0 00:01:34, Sys 0 00:00:40  -  Total Remote Usage
		Usr 0 00:00:00, Sys 0 00:00:00  -  Total Local Usage
	55188  -  Run Bytes Sent By Job
	527  -  Run Bytes Received By Job
	55188  -  Total Bytes Sent By Job
	527  -  Total Bytes Received By Job
	Partitionable Resources :    Usage  Request Allocated
	   Cpus                 :                 1         1
	   Disk (KB)            :       67  1024000   1030958
	   Memory (MB)          :      199     2000      2000
...
