000 (4211.000.000) 02/25 10:26:42 Job submitted from host: <128.101.221.180:9618?addrs=128.101.221.180-9618&noUDP&sock=3943_2604_3>
...
001 (4211.000.000) 02/25 10:26:51 Job executing on host: <128.101.221.194:9618?addrs=128.101.221.194-9618&noUDP&sock=249215_56f4_4>
...
006 (4211.000.000) 02/25 10:27:00 Image size of job updated: 166352
	104  -  MemoryUsage of job (MB)
	105916  -  ResidentSetSize of job (KB)
...
006 (4211.000.000) 02/25 10:31:06 Image size of job updated: 423976
	104  -  MemoryUsage of job (MB)
	105916  -  ResidentSetSize of job (KB)
...
005 (4211.000.000) 02/25 10:31:07 Job terminated.
	(1) Normal termination (return value 0)
		Usr 0 00:02:17, Sys 0 00:00:54  -  Run Remote Usage
		Usr 0 00:00:00, Sys 0 00:00:00  -  Run Local Usage
		Usr 0 00:02:17, Sys 0 00:00:54  -  Total Remote Usage
		Usr 0 00:00:00, Sys 0 00:00:00  -  Total Local Usage
	68500  -  Run Bytes Sent By Job
	527  -  Run Bytes Received By Job
	68500  -  Total Bytes Sent By Job
	527  -  Total Bytes Received By Job
	Partitionable Resources :    Usage  Request Allocated
	   Cpus                 :                 1         1
	   Disk (KB)            :       80  1024000   1031007
	   Memory (MB)          :      104     2000      2000
...
