000 (4186.000.000) 02/25 10:26:30 Job submitted from host: <128.101.221.180:9618?addrs=128.101.221.180-9618&noUDP&sock=3943_2604_3>
...
001 (4186.000.000) 02/25 10:26:47 Job executing on host: <128.101.221.175:9618?addrs=128.101.221.175-9618&noUDP&sock=217663_4ac3_4>
...
006 (4186.000.000) 02/25 10:26:55 Image size of job updated: 266856
	209  -  MemoryUsage of job (MB)
	213208  -  ResidentSetSize of job (KB)
...
005 (4186.000.000) 02/25 10:28:27 Job terminated.
	(1) Normal termination (return value 0)
		Usr 0 00:00:58, Sys 0 00:00:23  -  Run Remote Usage
		Usr 0 00:00:00, Sys 0 00:00:00  -  Run Local Usage
		Usr 0 00:00:58, Sys 0 00:00:23  -  Total Remote Usage
		Usr 0 00:00:00, Sys 0 00:00:00  -  Total Local Usage
	39314  -  Run Bytes Sent By Job
	527  -  Run Bytes Received By Job
	39314  -  Total Bytes Sent By Job
	527  -  Total Bytes Received By Job
	Partitionable Resources :    Usage  Request Allocated
	   Cpus                 :                 1         1
	   Disk (KB)            :       51  1024000   1931254
	   Memory (MB)          :      209     2000      2000
...
