000 (4196.000.000) 02/25 10:26:35 Job submitted from host: <128.101.221.180:9618?addrs=128.101.221.180-9618&noUDP&sock=3943_2604_3>
...
001 (4196.000.000) 02/25 10:26:55 Job executing on host: <128.101.220.54:9618?addrs=128.101.220.54-9618&noUDP&sock=259437_c80b_4>
...
006 (4196.000.000) 02/25 10:27:04 Image size of job updated: 213904
	145  -  MemoryUsage of job (MB)
	147536  -  ResidentSetSize of job (KB)
...
005 (4196.000.000) 02/25 10:28:26 Job terminated.
	(1) Normal termination (return value 0)
		Usr 0 00:00:50, Sys 0 00:00:18  -  Run Remote Usage
		Usr 0 00:00:00, Sys 0 00:00:00  -  Run Local Usage
		Usr 0 00:00:50, Sys 0 00:00:18  -  Total Remote Usage
		Usr 0 00:00:00, Sys 0 00:00:00  -  Total Local Usage
	39753  -  Run Bytes Sent By Job
	527  -  Run Bytes Received By Job
	39753  -  Total Bytes Sent By Job
	527  -  Total Bytes Received By Job
	Partitionable Resources :    Usage  Request Allocated
	   Cpus                 :                 1         1
	   Disk (KB)            :       52  1024000   1030578
	   Memory (MB)          :      145     2000      2000
...
