000 (4237.000.000) 02/25 10:26:57 Job submitted from host: <128.101.221.180:9618?addrs=128.101.221.180-9618&noUDP&sock=3943_2604_3>
...
001 (4237.000.000) 02/25 10:27:09 Job executing on host: <128.101.221.185:9618?addrs=128.101.221.185-9618&noUDP&sock=4153619_bab1_4>
...
006 (4237.000.000) 02/25 10:27:18 Image size of job updated: 274100
	191  -  MemoryUsage of job (MB)
	195140  -  ResidentSetSize of job (KB)
...
006 (4237.000.000) 02/25 10:29:45 Image size of job updated: 717672
	191  -  MemoryUsage of job (MB)
	195140  -  ResidentSetSize of job (KB)
...
005 (4237.000.000) 02/25 10:29:46 Job terminated.
	(1) Normal termination (return value 0)
		Usr 0 00:01:32, Sys 0 00:00:36  -  Run Remote Usage
		Usr 0 00:00:00, Sys 0 00:00:00  -  Run Local Usage
		Usr 0 00:01:32, Sys 0 00:00:36  -  Total Remote Usage
		Usr 0 00:00:00, Sys 0 00:00:00  -  Total Local Usage
	62303  -  Run Bytes Sent By Job
	527  -  Run Bytes Received By Job
	62303  -  Total Bytes Sent By Job
	527  -  Total Bytes Received By Job
	Partitionable Resources :    Usage  Request Allocated
	   Cpus                 :                 1         1
	   Disk (KB)            :       74  1024000   1028853
	   Memory (MB)          :      191     2000      2000
...
