000 (4225.000.000) 02/25 10:26:49 Job submitted from host: <128.101.221.180:9618?addrs=128.101.221.180-9618&noUDP&sock=3943_2604_3>
...
001 (4225.000.000) 02/25 10:27:13 Job executing on host: <128.101.221.174:9618?addrs=128.101.221.174-9618&noUDP&sock=4031871_ba53_4>
...
006 (4225.000.000) 02/25 10:27:22 Image size of job updated: 296900
	211  -  MemoryUsage of job (MB)
	215236  -  ResidentSetSize of job (KB)
...
006 (4225.000.000) 02/25 10:31:39 Image size of job updated: 412248
	211  -  MemoryUsage of job (MB)
	215236  -  ResidentSetSize of job (KB)
...
005 (4225.000.000) 02/25 10:31:40 Job terminated.
	(1) Normal termination (return value 0)
		Usr 0 00:02:31, Sys 0 00:01:11  -  Run Remote Usage
		Usr 0 00:00:00, Sys 0 00:00:00  -  Run Local Usage
		Usr 0 00:02:31, Sys 0 00:01:11  -  Total Remote Usage
		Usr 0 00:00:00, Sys 0 00:00:00  -  Total Local Usage
	64881  -  Run Bytes Sent By Job
	527  -  Run Bytes Received By Job
	64881  -  Total Bytes Sent By Job
	527  -  Total Bytes Received By Job
	Partitionable Resources :    Usage  Request Allocated
	   Cpus                 :                 1         1
	   Disk (KB)            :       76  1024000   1903698
	   Memory (MB)          :      211     2000      2000
...
