000 (4248.000.000) 02/25 10:27:05 Job submitted from host: <128.101.221.180:9618?addrs=128.101.221.180-9618&noUDP&sock=3943_2604_3>
...
001 (4248.000.000) 02/25 10:27:25 Job executing on host: <128.101.221.172:9618?addrs=128.101.221.172-9618&noUDP&sock=1824113_5f8e_4>
...
006 (4248.000.000) 02/25 10:27:33 Image size of job updated: 259940
	201  -  MemoryUsage of job (MB)
	204884  -  ResidentSetSize of job (KB)
...
006 (4248.000.000) 02/25 10:31:01 Image size of job updated: 719872
	201  -  MemoryUsage of job (MB)
	204884  -  ResidentSetSize of job (KB)
...
005 (4248.000.000) 02/25 10:31:02 Job terminated.
	(1) Normal termination (return value 0)
		Usr 0 00:02:10, Sys 0 00:00:54  -  Run Remote Usage
		Usr 0 00:00:00, Sys 0 00:00:00  -  Run Local Usage
		Usr 0 00:02:10, Sys 0 00:00:54  -  Total Remote Usage
		Usr 0 00:00:00, Sys 0 00:00:00  -  Total Local Usage
	71075  -  Run Bytes Sent By Job
	527  -  Run Bytes Received By Job
	71075  -  Total Bytes Sent By Job
	527  -  Total Bytes Received By Job
	Partitionable Resources :    Usage  Request Allocated
	   Cpus                 :                 1         1
	   Disk (KB)            :       82  1024000   1030673
	   Memory (MB)          :      201     2000      2000
...
