000 (4215.000.000) 02/25 10:26:43 Job submitted from host: <128.101.221.180:9618?addrs=128.101.221.180-9618&noUDP&sock=3943_2604_3>
...
001 (4215.000.000) 02/25 10:27:01 Job executing on host: <128.101.220.86:9618?addrs=128.101.220.86-9618&noUDP&sock=428775_9083_4>
...
006 (4215.000.000) 02/25 10:27:10 Image size of job updated: 292124
	223  -  MemoryUsage of job (MB)
	227396  -  ResidentSetSize of job (KB)
...
005 (4215.000.000) 02/25 10:30:16 Job terminated.
	(1) Normal termination (return value 0)
		Usr 0 00:01:48, Sys 0 00:00:50  -  Run Remote Usage
		Usr 0 00:00:00, Sys 0 00:00:00  -  Run Local Usage
		Usr 0 00:01:48, Sys 0 00:00:50  -  Total Remote Usage
		Usr 0 00:00:00, Sys 0 00:00:00  -  Total Local Usage
	72820  -  Run Bytes Sent By Job
	527  -  Run Bytes Received By Job
	72820  -  Total Bytes Sent By Job
	527  -  Total Bytes Received By Job
	Partitionable Resources :    Usage  Request Allocated
	   Cpus                 :                 1         1
	   Disk (KB)            :       84  1024000   1030473
	   Memory (MB)          :      223     2000      2000
...
