000 (4205.000.000) 02/25 10:26:39 Job submitted from host: <128.101.221.180:9618?addrs=128.101.221.180-9618&noUDP&sock=3943_2604_3>
...
001 (4205.000.000) 02/25 10:26:59 Job executing on host: <128.101.220.86:9618?addrs=128.101.220.86-9618&noUDP&sock=428775_9083_4>
...
006 (4205.000.000) 02/25 10:27:08 Image size of job updated: 199032
	175  -  MemoryUsage of job (MB)
	178632  -  ResidentSetSize of job (KB)
...
006 (4205.000.000) 02/25 10:30:38 Image size of job updated: 720164
	175  -  MemoryUsage of job (MB)
	178632  -  ResidentSetSize of job (KB)
...
005 (4205.000.000) 02/25 10:30:39 Job terminated.
	(1) Normal termination (return value 0)
		Usr 0 00:02:02, Sys 0 00:00:57  -  Run Remote Usage
		Usr 0 00:00:00, Sys 0 00:00:00  -  Run Local Usage
		Usr 0 00:02:02, Sys 0 00:00:57  -  Total Remote Usage
		Usr 0 00:00:00, Sys 0 00:00:00  -  Total Local Usage
	77686  -  Run Bytes Sent By Job
	527  -  Run Bytes Received By Job
	77686  -  Total Bytes Sent By Job
	527  -  Total Bytes Received By Job
	Partitionable Resources :    Usage  Request Allocated
	   Cpus                 :                 1         1
	   Disk (KB)            :       89  1024000   1030475
	   Memory (MB)          :      175     2000      2000
...
