000 (4231.000.000) 02/25 10:26:52 Job submitted from host: <128.101.221.180:9618?addrs=128.101.221.180-9618&noUDP&sock=3943_2604_3>
...
001 (4231.000.000) 02/25 10:27:13 Job executing on host: <128.101.220.86:9618?addrs=128.101.220.86-9618&noUDP&sock=428775_9083_4>
...
006 (4231.000.000) 02/25 10:27:22 Image size of job updated: 323164
	232  -  MemoryUsage of job (MB)
	237008  -  ResidentSetSize of job (KB)
...
005 (4231.000.000) 02/25 10:30:29 Job terminated.
	(1) Normal termination (return value 0)
		Usr 0 00:01:50, Sys 0 00:00:52  -  Run Remote Usage
		Usr 0 00:00:00, Sys 0 00:00:00  -  Run Local Usage
		Usr 0 00:01:50, Sys 0 00:00:52  -  Total Remote Usage
		Usr 0 00:00:00, Sys 0 00:00:00  -  Total Local Usage
	70218  -  Run Bytes Sent By Job
	527  -  Run Bytes Received By Job
	70218  -  Total Bytes Sent By Job
	527  -  Total Bytes Received By Job
	Partitionable Resources :    Usage  Request Allocated
	   Cpus                 :                 1         1
	   Disk (KB)            :       81  1024000   1030473
	   Memory (MB)          :      232     2000      2000
...
