000 (4193.000.000) 02/25 10:26:33 Job submitted from host: <128.101.221.180:9618?addrs=128.101.221.180-9618&noUDP&sock=3943_2604_3>
...
001 (4193.000.000) 02/25 10:26:49 Job executing on host: <128.101.221.193:9618?addrs=128.101.221.193-9618&noUDP&sock=2332108_b0a7_4>
...
006 (4193.000.000) 02/25 10:26:58 Image size of job updated: 168652
	106  -  MemoryUsage of job (MB)
	107748  -  ResidentSetSize of job (KB)
...
005 (4193.000.000) 02/25 10:28:42 Job terminated.
	(1) Normal termination (return value 0)
		Usr 0 00:00:52, Sys 0 00:00:27  -  Run Remote Usage
		Usr 0 00:00:00, Sys 0 00:00:00  -  Run Local Usage
		Usr 0 00:00:52, Sys 0 00:00:27  -  Total Remote Usage
		Usr 0 00:00:00, Sys 0 00:00:00  -  Total Local Usage
	50128  -  Run Bytes Sent By Job
	527  -  Run Bytes Received By Job
	50128  -  Total Bytes Sent By Job
	527  -  Total Bytes Received By Job
	Partitionable Resources :    Usage  Request Allocated
	   Cpus                 :                 1         1
	   Disk (KB)            :       62  1024000   1030242
	   Memory (MB)          :      106     2000      2000
...
