000 (4188.000.000) 02/25 10:26:31 Job submitted from host: <128.101.221.180:9618?addrs=128.101.221.180-9618&noUDP&sock=3943_2604_3>
...
001 (4188.000.000) 02/25 10:26:53 Job executing on host: <128.101.221.176:9618?addrs=128.101.221.176-9618&noUDP&sock=2756849_b007_4>
...
006 (4188.000.000) 02/25 10:27:02 Image size of job updated: 319900
	230  -  MemoryUsage of job (MB)
	234812  -  ResidentSetSize of job (KB)
...
005 (4188.000.000) 02/25 10:28:11 Job terminated.
	(1) Normal termination (return value 0)
		Usr 0 00:00:45, Sys 0 00:00:17  -  Run Remote Usage
		Usr 0 00:00:00, Sys 0 00:00:00  -  Run Local Usage
		Usr 0 00:00:45, Sys 0 00:00:17  -  Total Remote Usage
		Usr 0 00:00:00, Sys 0 00:00:00  -  Total Local Usage
	34936  -  Run Bytes Sent By Job
	527  -  Run Bytes Received By Job
	34936  -  Total Bytes Sent By Job
	527  -  Total Bytes Received By Job
	Partitionable Resources :    Usage  Request Allocated
	   Cpus                 :                 1         1
	   Disk (KB)            :       47  1024000   1028259
	   Memory (MB)          :      230     2000      2000
...
