000 (4202.000.000) 02/25 10:26:38 Job submitted from host: <128.101.221.180:9618?addrs=128.101.221.180-9618&noUDP&sock=3943_2604_3>
...
001 (4202.000.000) 02/25 10:26:57 Job executing on host: <128.101.220.84:9618?addrs=128.101.220.84-9618&noUDP&sock=231370_2768_4>
...
006 (4202.000.000) 02/25 10:27:06 Image size of job updated: 112108
	62  -  MemoryUsage of job (MB)
	62508  -  ResidentSetSize of job (KB)
...
006 (4202.000.000) 02/25 10:30:40 Image size of job updated: 720184
	62  -  MemoryUsage of job (MB)
	62508  -  ResidentSetSize of job (KB)
...
005 (4202.000.000) 02/25 10:30:41 Job terminated.
	(1) Normal termination (return value 0)
		Usr 0 00:01:59, Sys 0 00:00:54  -  Run Remote Usage
		Usr 0 00:00:00, Sys 0 00:00:00  -  Run Local Usage
		Usr 0 00:01:59, Sys 0 00:00:54  -  Total Remote Usage
		Usr 0 00:00:00, Sys 0 00:00:00  -  Total Local Usage
	77242  -  Run Bytes Sent By Job
	527  -  Run Bytes Received By Job
	77242  -  Total Bytes Sent By Job
	527  -  Total Bytes Received By Job
	Partitionable Resources :    Usage  Request Allocated
	   Cpus                 :                 1         1
	   Disk (KB)            :       88  1024000   1030636
	   Memory (MB)          :       62     2000      2000
...
