000 (4221.000.000) 02/25 10:26:46 Job submitted from host: <128.101.221.180:9618?addrs=128.101.221.180-9618&noUDP&sock=3943_2604_3>
...
001 (4221.000.000) 02/25 10:27:18 Job executing on host: <128.101.221.191:9618?addrs=128.101.221.191-9618&noUDP&sock=3143621_1bfa_4>
...
006 (4221.000.000) 02/25 10:27:27 Image size of job updated: 305756
	218  -  MemoryUsage of job (MB)
	222888  -  ResidentSetSize of job (KB)
...
005 (4221.000.000) 02/25 10:28:40 Job terminated.
	(1) Normal termination (return value 0)
		Usr 0 00:00:50, Sys 0 00:00:20  -  Run Remote Usage
		Usr 0 00:00:00, Sys 0 00:00:00  -  Run Local Usage
		Usr 0 00:00:50, Sys 0 00:00:20  -  Total Remote Usage
		Usr 0 00:00:00, Sys 0 00:00:00  -  Total Local Usage
	40646  -  Run Bytes Sent By Job
	527  -  Run Bytes Received By Job
	40646  -  Total Bytes Sent By Job
	527  -  Total Bytes Received By Job
	Partitionable Resources :    Usage  Request Allocated
	   Cpus                 :                 1         1
	   Disk (KB)            :       52  1024000   1031013
	   Memory (MB)          :      218     2000      2000
...
