000 (4198.000.000) 02/25 10:26:36 Job submitted from host: <128.101.221.180:9618?addrs=128.101.221.180-9618&noUDP&sock=3943_2604_3>
...
001 (4198.000.000) 02/25 10:26:55 Job executing on host: <128.101.220.87:9618?addrs=128.101.220.87-9618&noUDP&sock=465496_1dbd_4>
...
006 (4198.000.000) 02/25 10:27:04 Image size of job updated: 141080
	88  -  MemoryUsage of job (MB)
	89772  -  ResidentSetSize of job (KB)
...
005 (4198.000.000) 02/25 10:28:37 Job terminated.
	(1) Normal termination (return value 0)
		Usr 0 00:00:54, Sys 0 00:00:20  -  Run Remote Usage
		Usr 0 00:00:00, Sys 0 00:00:00  -  Run Local Usage
		Usr 0 00:00:54, Sys 0 00:00:20  -  Total Remote Usage
		Usr 0 00:00:00, Sys 0 00:00:00  -  Total Local Usage
	43966  -  Run Bytes Sent By Job
	527  -  Run Bytes Received By Job
	43966  -  Total Bytes Sent By Job
	527  -  Total Bytes Received By Job
	Partitionable Resources :    Usage  Request Allocated
	   Cpus                 :                 1         1
	   Disk (KB)            :       56  1024000   1031272
	   Memory (MB)          :       88     2000      2000
...
