000 (4216.000.000) 02/25 10:26:44 Job submitted from host: <128.101.221.180:9618?addrs=128.101.221.180-9618&noUDP&sock=3943_2604_3>
...
001 (4216.000.000) 02/25 10:27:21 Job executing on host: <128.101.221.178:9618?addrs=128.101.221.178-9618&noUDP&sock=1886078_3590_4>
...
006 (4216.000.000) 02/25 10:27:29 Image size of job updated: 241212
	200  -  MemoryUsage of job (MB)
	203976  -  ResidentSetSize of job (KB)
...
006 (4216.000.000) 02/25 10:31:08 Image size of job updated: 719916
	200  -  MemoryUsage of job (MB)
	203976  -  ResidentSetSize of job (KB)
...
005 (4216.000.000) 02/25 10:31:09 Job terminated.
	(1) Normal termination (return value 0)
		Usr 0 00:02:20, Sys 0 00:00:56  -  Run Remote Usage
		Usr 0 00:00:00, Sys 0 00:00:00  -  Run Local Usage
		Usr 0 00:02:20, Sys 0 00:00:56  -  Total Remote Usage
		Usr 0 00:00:00, Sys 0 00:00:00  -  Total Local Usage
	72377  -  Run Bytes Sent By Job
	527  -  Run Bytes Received By Job
	72377  -  Total Bytes Sent By Job
	527  -  Total Bytes Received By Job
	Partitionable Resources :    Usage  Request Allocated
	   Cpus                 :                 1         1
	   Disk (KB)            :       83  1024000   1028368
	   Memory (MB)          :      200     2000      2000
...
