000 (4241.000.000) 02/25 10:27:00 Job submitted from host: <128.101.221.180:9618?addrs=128.101.221.180-9618&noUDP&sock=3943_2604_3>
...
001 (4241.000.000) 02/25 10:27:13 Job executing on host: <128.101.220.43:9618?addrs=128.101.220.43-9618&noUDP&sock=249879_c9d6_4>
...
006 (4241.000.000) 02/25 10:27:22 Image size of job updated: 298472
	218  -  MemoryUsage of job (MB)
	222908  -  ResidentSetSize of job (KB)
...
006 (4241.000.000) 02/25 10:30:33 Image size of job updated: 406344
	218  -  MemoryUsage of job (MB)
	222908  -  ResidentSetSize of job (KB)
...
005 (4241.000.000) 02/25 10:30:34 Job terminated.
	(1) Normal termination (return value 0)
		Usr 0 00:01:52, Sys 0 00:00:47  -  Run Remote Usage
		Usr 0 00:00:00, Sys 0 00:00:00  -  Run Local Usage
		Usr 0 00:01:52, Sys 0 00:00:47  -  Total Remote Usage
		Usr 0 00:00:00, Sys 0 00:00:00  -  Total Local Usage
	58460  -  Run Bytes Sent By Job
	527  -  Run Bytes Received By Job
	58460  -  Total Bytes Sent By Job
	527  -  Total Bytes Received By Job
	Partitionable Resources :    Usage  Request Allocated
	   Cpus                 :                 1         1
	   Disk (KB)            :       70  1024000   1030672
	   Memory (MB)          :      218     2000      2000
...
