000 (4223.000.000) 02/25 10:26:47 Job submitted from host: <128.101.221.180:9618?addrs=128.101.221.180-9618&noUDP&sock=3943_2604_3>
...
001 (4223.000.000) 02/25 10:27:06 Job executing on host: <128.101.221.183:9618?addrs=128.101.221.183-9618&noUDP&sock=4185509_9de4_4>
...
006 (4223.000.000) 02/25 10:27:15 Image size of job updated: 361912
	268  -  MemoryUsage of job (MB)
	273632  -  ResidentSetSize of job (KB)
...
006 (4223.000.000) 02/25 10:29:06 Image size of job updated: 717304
	268  -  MemoryUsage of job (MB)
	273632  -  ResidentSetSize of job (KB)
...
005 (4223.000.000) 02/25 10:29:07 Job terminated.
	(1) Normal termination (return value 0)
		Usr 0 00:01:11, Sys 0 00:00:27  -  Run Remote Usage
		Usr 0 00:00:00, Sys 0 00:00:00  -  Run Local Usage
		Usr 0 00:01:11, Sys 0 00:00:27  -  Total Remote Usage
		Usr 0 00:00:00, Sys 0 00:00:00  -  Total Local Usage
	45508  -  Run Bytes Sent By Job
	527  -  Run Bytes Received By Job
	45508  -  Total Bytes Sent By Job
	527  -  Total Bytes Received By Job
	Partitionable Resources :    Usage  Request Allocated
	   Cpus                 :                 1         1
	   Disk (KB)            :       57  1024000   1030532
	   Memory (MB)          :      268     2000      2000
...
