000 (4204.000.000) 02/25 10:26:38 Job submitted from host: <128.101.221.180:9618?addrs=128.101.221.180-9618&noUDP&sock=3943_2604_3>
...
001 (4204.000.000) 02/25 10:26:57 Job executing on host: <128.101.220.94:9618?addrs=128.101.220.94-9618&noUDP&sock=303435_bff5_4>
...
006 (4204.000.000) 02/25 10:27:06 Image size of job updated: 146640
	93  -  MemoryUsage of job (MB)
	95144  -  ResidentSetSize of job (KB)
...
006 (4204.000.000) 02/25 10:28:59 Image size of job updated: 718880
	93  -  MemoryUsage of job (MB)
	95144  -  ResidentSetSize of job (KB)
...
005 (4204.000.000) 02/25 10:29:00 Job terminated.
	(1) Normal termination (return value 0)
		Usr 0 00:01:04, Sys 0 00:00:23  -  Run Remote Usage
		Usr 0 00:00:00, Sys 0 00:00:00  -  Run Local Usage
		Usr 0 00:01:04, Sys 0 00:00:23  -  Total Remote Usage
		Usr 0 00:00:00, Sys 0 00:00:00  -  Total Local Usage
	44623  -  Run Bytes Sent By Job
	527  -  Run Bytes Received By Job
	44623  -  Total Bytes Sent By Job
	527  -  Total Bytes Received By Job
	Partitionable Resources :    Usage  Request Allocated
	   Cpus                 :                 1         1
	   Disk (KB)            :       56  1024000   1030147
	   Memory (MB)          :       93     2000      2000
...
