000 (4200.000.000) 02/25 10:26:37 Job submitted from host: <128.101.221.180:9618?addrs=128.101.221.180-9618&noUDP&sock=3943_2604_3>
...
001 (4200.000.000) 02/25 10:26:57 Job executing on host: <128.101.220.74:9618?addrs=128.101.220.74-9618&noUDP&sock=279762_0a76_4>
...
006 (4200.000.000) 02/25 10:27:05 Image size of job updated: 191644
	127  -  MemoryUsage of job (MB)
	129120  -  ResidentSetSize of job (KB)
...
006 (4200.000.000) 02/25 10:31:22 Image size of job updated: 337404
	127  -  MemoryUsage of job (MB)
	129120  -  ResidentSetSize of job (KB)
...
005 (4200.000.000) 02/25 10:31:23 Job terminated.
	(1) Normal termination (return value 0)
		Usr 0 00:02:27, Sys 0 00:01:07  -  Run Remote Usage
		Usr 0 00:00:00, Sys 0 00:00:00  -  Run Local Usage
		Usr 0 00:02:27, Sys 0 00:01:07  -  Total Remote Usage
		Usr 0 00:00:00, Sys 0 00:00:00  -  Total Local Usage
	95547  -  Run Bytes Sent By Job
	527  -  Run Bytes Received By Job
	95547  -  Total Bytes Sent By Job
	527  -  Total Bytes Received By Job
	Partitionable Resources :    Usage  Request Allocated
	   Cpus                 :                 1         1
	   Disk (KB)            :      106  1024000   1030894
	   Memory (MB)          :      127     2000      2000
...
