000 (4229.000.000) 02/25 10:26:51 Job submitted from host: <128.101.221.180:9618?addrs=128.101.221.180-9618&noUDP&sock=3943_2604_3>
...
001 (4229.000.000) 02/25 10:27:06 Job executing on host: <128.101.221.170:9618?addrs=128.101.221.170-9618&noUDP&sock=4150_221f_4>
...
006 (4229.000.000) 02/25 10:27:14 Image size of job updated: 253632
	176  -  MemoryUsage of job (MB)
	179328  -  ResidentSetSize of job (KB)
...
006 (4229.000.000) 02/25 10:31:37 Image size of job updated: 724924
	176  -  MemoryUsage of job (MB)
	179380  -  ResidentSetSize of job (KB)
...
005 (4229.000.000) 02/25 10:31:38 Job terminated.
	(1) Normal termination (return value 0)
		Usr 0 00:02:34, Sys 0 00:01:18  -  Run Remote Usage
		Usr 0 00:00:00, Sys 0 00:00:00  -  Run Local Usage
		Usr 0 00:02:34, Sys 0 00:01:18  -  Total Remote Usage
		Usr 0 00:00:00, Sys 0 00:00:00  -  Total Local Usage
	70403  -  Run Bytes Sent By Job
	527  -  Run Bytes Received By Job
	70403  -  Total Bytes Sent By Job
	527  -  Total Bytes Received By Job
	Partitionable Resources :    Usage  Request Allocated
	   Cpus                 :                 1         1
	   Disk (KB)            :       88  1024000   2040476
	   Memory (MB)          :      176     2000      2000
...
