000 (9153.000.000) 03/29 08:44:55 Job submitted from host: <128.101.221.180:9618?addrs=128.101.221.180-9618&noUDP&sock=3943_2604_3>
...
001 (9153.000.000) 03/29 09:46:50 Job executing on host: <128.101.221.175:9618?addrs=128.101.221.175-9618&noUDP&sock=12916_e152_4>
...
006 (9153.000.000) 03/29 09:46:58 Image size of job updated: 271184
	190  -  MemoryUsage of job (MB)
	193892  -  ResidentSetSize of job (KB)
...
006 (9153.000.000) 03/29 09:51:58 Image size of job updated: 329572
	322  -  MemoryUsage of job (MB)
	329548  -  ResidentSetSize of job (KB)
...
006 (9153.000.000) 03/29 09:56:59 Image size of job updated: 335176
	328  -  MemoryUsage of job (MB)
	334988  -  ResidentSetSize of job (KB)
...
006 (9153.000.000) 03/29 09:58:24 Image size of job updated: 733396
	328  -  MemoryUsage of job (MB)
	334988  -  ResidentSetSize of job (KB)
...
005 (9153.000.000) 03/29 09:58:25 Job terminated.
	(1) Normal termination (return value 0)
		Usr 0 00:06:52, Sys 0 00:04:05  -  Run Remote Usage
		Usr 0 00:00:00, Sys 0 00:00:00  -  Run Local Usage
		Usr 0 00:06:52, Sys 0 00:04:05  -  Total Remote Usage
		Usr 0 00:00:00, Sys 0 00:00:00  -  Total Local Usage
	66647  -  Run Bytes Sent By Job
	543  -  Run Bytes Received By Job
	66647  -  Total Bytes Sent By Job
	543  -  Total Bytes Received By Job
	Partitionable Resources :    Usage  Request Allocated
	   Cpus                 :                 1         1
	   Disk (KB)            :       78  1024000   1931208
	   Memory (MB)          :      328     2000      2000
...
