000 (9140.000.000) 03/29 08:44:48 Job submitted from host: <128.101.221.180:9618?addrs=128.101.221.180-9618&noUDP&sock=3943_2604_3>
...
001 (9140.000.000) 03/29 09:42:17 Job executing on host: <128.101.221.175:9618?addrs=128.101.221.175-9618&noUDP&sock=12916_e152_4>
...
006 (9140.000.000) 03/29 09:42:26 Image size of job updated: 250408
	182  -  MemoryUsage of job (MB)
	185548  -  ResidentSetSize of job (KB)
...
006 (9140.000.000) 03/29 09:46:47 Image size of job updated: 330912
	182  -  MemoryUsage of job (MB)
	185548  -  ResidentSetSize of job (KB)
...
005 (9140.000.000) 03/29 09:46:48 Job terminated.
	(1) Normal termination (return value 0)
		Usr 0 00:02:35, Sys 0 00:01:23  -  Run Remote Usage
		Usr 0 00:00:00, Sys 0 00:00:00  -  Run Local Usage
		Usr 0 00:02:35, Sys 0 00:01:23  -  Total Remote Usage
		Usr 0 00:00:00, Sys 0 00:00:00  -  Total Local Usage
	40209  -  Run Bytes Sent By Job
	543  -  Run Bytes Received By Job
	40209  -  Total Bytes Sent By Job
	543  -  Total Bytes Received By Job
	Partitionable Resources :    Usage  Request Allocated
	   Cpus                 :                 1         1
	   Disk (KB)            :       52  1024000   1931208
	   Memory (MB)          :      182     2000      2000
...
