000 (9169.000.000) 03/29 08:45:03 Job submitted from host: <128.101.221.180:9618?addrs=128.101.221.180-9618&noUDP&sock=3943_2604_3>
...
001 (9169.000.000) 03/29 09:50:50 Job executing on host: <128.101.221.175:9618?addrs=128.101.221.175-9618&noUDP&sock=12916_e152_4>
...
006 (9169.000.000) 03/29 09:50:59 Image size of job updated: 235876
	177  -  MemoryUsage of job (MB)
	181028  -  ResidentSetSize of job (KB)
...
006 (9169.000.000) 03/29 09:55:59 Image size of job updated: 328564
	321  -  MemoryUsage of job (MB)
	328400  -  ResidentSetSize of job (KB)
...
006 (9169.000.000) 03/29 09:57:47 Image size of job updated: 729540
	321  -  MemoryUsage of job (MB)
	328400  -  ResidentSetSize of job (KB)
...
005 (9169.000.000) 03/29 09:57:48 Job terminated.
	(1) Normal termination (return value 0)
		Usr 0 00:04:14, Sys 0 00:02:19  -  Run Remote Usage
		Usr 0 00:00:00, Sys 0 00:00:00  -  Run Local Usage
		Usr 0 00:04:14, Sys 0 00:02:19  -  Total Remote Usage
		Usr 0 00:00:00, Sys 0 00:00:00  -  Total Local Usage
	50339  -  Run Bytes Sent By Job
	543  -  Run Bytes Received By Job
	50339  -  Total Bytes Sent By Job
	543  -  Total Bytes Received By Job
	Partitionable Resources :    Usage  Request Allocated
	   Cpus                 :                 1         1
	   Disk (KB)            :       62  1024000   1931192
	   Memory (MB)          :      321     2000      2000
...
