000 (9145.000.000) 03/29 08:44:51 Job submitted from host: <128.101.221.180:9618?addrs=128.101.221.180-9618&noUDP&sock=3943_2604_3>
...
001 (9145.000.000) 03/29 09:43:22 Job executing on host: <128.101.221.172:9618?addrs=128.101.221.172-9618&noUDP&sock=1824113_5f8e_4>
...
006 (9145.000.000) 03/29 09:43:30 Image size of job updated: 177772
	114  -  MemoryUsage of job (MB)
	115928  -  ResidentSetSize of job (KB)
...
006 (9145.000.000) 03/29 09:48:30 Image size of job updated: 425736
	322  -  MemoryUsage of job (MB)
	329100  -  ResidentSetSize of job (KB)
...
006 (9145.000.000) 03/29 09:52:47 Image size of job updated: 732840
	322  -  MemoryUsage of job (MB)
	329100  -  ResidentSetSize of job (KB)
...
005 (9145.000.000) 03/29 09:52:48 Job terminated.
	(1) Normal termination (return value 0)
		Usr 0 00:06:19, Sys 0 00:02:11  -  Run Remote Usage
		Usr 0 00:00:00, Sys 0 00:00:00  -  Run Local Usage
		Usr 0 00:06:19, Sys 0 00:02:11  -  Total Remote Usage
		Usr 0 00:00:00, Sys 0 00:00:00  -  Total Local Usage
	58948  -  Run Bytes Sent By Job
	543  -  Run Bytes Received By Job
	58948  -  Total Bytes Sent By Job
	543  -  Total Bytes Received By Job
	Partitionable Resources :    Usage  Request Allocated
	   Cpus                 :                 1         1
	   Disk (KB)            :       70  1024000   1028988
	   Memory (MB)          :      322     2000      2000
...
