000 (9141.000.000) 03/29 08:44:49 Job submitted from host: <128.101.221.180:9618?addrs=128.101.221.180-9618&noUDP&sock=3943_2604_3>
...
001 (9141.000.000) 03/29 09:42:41 Job executing on host: <128.101.221.175:9618?addrs=128.101.221.175-9618&noUDP&sock=12916_e152_4>
...
006 (9141.000.000) 03/29 09:42:49 Image size of job updated: 197276
	133  -  MemoryUsage of job (MB)
	135644  -  ResidentSetSize of job (KB)
...
006 (9141.000.000) 03/29 09:47:49 Image size of job updated: 329644
	322  -  MemoryUsage of job (MB)
	329424  -  ResidentSetSize of job (KB)
...
006 (9141.000.000) 03/29 09:52:50 Image size of job updated: 333264
	326  -  MemoryUsage of job (MB)
	333092  -  ResidentSetSize of job (KB)
...
006 (9141.000.000) 03/29 09:56:09 Image size of job updated: 334948
	326  -  MemoryUsage of job (MB)
	333092  -  ResidentSetSize of job (KB)
...
005 (9141.000.000) 03/29 09:56:10 Job terminated.
	(1) Normal termination (return value 0)
		Usr 0 00:07:54, Sys 0 00:04:34  -  Run Remote Usage
		Usr 0 00:00:00, Sys 0 00:00:00  -  Run Local Usage
		Usr 0 00:07:54, Sys 0 00:04:34  -  Total Remote Usage
		Usr 0 00:00:00, Sys 0 00:00:00  -  Total Local Usage
	68623  -  Run Bytes Sent By Job
	543  -  Run Bytes Received By Job
	68623  -  Total Bytes Sent By Job
	543  -  Total Bytes Received By Job
	Partitionable Resources :    Usage  Request Allocated
	   Cpus                 :                 1         1
	   Disk (KB)            :       80  1024000   1931208
	   Memory (MB)          :      326     2000      2000
...
