000 (9149.000.000) 03/29 08:44:53 Job submitted from host: <128.101.221.180:9618?addrs=128.101.221.180-9618&noUDP&sock=3943_2604_3>
...
001 (9149.000.000) 03/29 09:45:09 Job executing on host: <128.101.221.176:9618?addrs=128.101.221.176-9618&noUDP&sock=2756849_b007_4>
...
006 (9149.000.000) 03/29 09:45:18 Image size of job updated: 209744
	143  -  MemoryUsage of job (MB)
	145464  -  ResidentSetSize of job (KB)
...
006 (9149.000.000) 03/29 09:50:19 Image size of job updated: 424432
	323  -  MemoryUsage of job (MB)
	329872  -  ResidentSetSize of job (KB)
...
005 (9149.000.000) 03/29 09:54:55 Job terminated.
	(1) Normal termination (return value 0)
		Usr 0 00:06:47, Sys 0 00:02:18  -  Run Remote Usage
		Usr 0 00:00:00, Sys 0 00:00:00  -  Run Local Usage
		Usr 0 00:06:47, Sys 0 00:02:18  -  Total Remote Usage
		Usr 0 00:00:00, Sys 0 00:00:00  -  Total Local Usage
	60707  -  Run Bytes Sent By Job
	543  -  Run Bytes Received By Job
	60707  -  Total Bytes Sent By Job
	543  -  Total Bytes Received By Job
	Partitionable Resources :    Usage  Request Allocated
	   Cpus                 :                 1         1
	   Disk (KB)            :       72  1024000   1026373
	   Memory (MB)          :      323     2000      2000
...
