000 (9182.000.000) 03/29 08:45:09 Job submitted from host: <128.101.221.180:9618?addrs=128.101.221.180-9618&noUDP&sock=3943_2604_3>
...
001 (9182.000.000) 03/29 09:54:55 Job executing on host: <128.101.221.193:9618?addrs=128.101.221.193-9618&noUDP&sock=2332108_b0a7_4>
...
006 (9182.000.000) 03/29 09:55:04 Image size of job updated: 255104
	175  -  MemoryUsage of job (MB)
	178836  -  ResidentSetSize of job (KB)
...
006 (9182.000.000) 03/29 10:00:05 Image size of job updated: 429400
	325  -  MemoryUsage of job (MB)
	332764  -  ResidentSetSize of job (KB)
...
006 (9182.000.000) 03/29 10:00:09 Image size of job updated: 729664
	325  -  MemoryUsage of job (MB)
	332764  -  ResidentSetSize of job (KB)
...
005 (9182.000.000) 03/29 10:00:10 Job terminated.
	(1) Normal termination (return value 0)
		Usr 0 00:03:18, Sys 0 00:01:15  -  Run Remote Usage
		Usr 0 00:00:00, Sys 0 00:00:00  -  Run Local Usage
		Usr 0 00:03:18, Sys 0 00:01:15  -  Total Remote Usage
		Usr 0 00:00:00, Sys 0 00:00:00  -  Total Local Usage
	57601  -  Run Bytes Sent By Job
	543  -  Run Bytes Received By Job
	57601  -  Total Bytes Sent By Job
	543  -  Total Bytes Received By Job
	Partitionable Resources :    Usage  Request Allocated
	   Cpus                 :                 1         1
	   Disk (KB)            :       69  1024000   1028452
	   Memory (MB)          :      325     2000      2000
...
