000 (9164.000.000) 03/29 08:45:00 Job submitted from host: <128.101.221.180:9618?addrs=128.101.221.180-9618&noUDP&sock=3943_2604_3>
...
001 (9164.000.000) 03/29 09:47:58 Job executing on host: <128.101.221.175:9618?addrs=128.101.221.175-9618&noUDP&sock=12916_e152_4>
...
006 (9164.000.000) 03/29 09:48:07 Image size of job updated: 244708
	168  -  MemoryUsage of job (MB)
	171628  -  ResidentSetSize of job (KB)
...
006 (9164.000.000) 03/29 09:53:08 Image size of job updated: 329844
	322  -  MemoryUsage of job (MB)
	329388  -  ResidentSetSize of job (KB)
...
006 (9164.000.000) 03/29 09:57:08 Image size of job updated: 332516
	322  -  MemoryUsage of job (MB)
	329388  -  ResidentSetSize of job (KB)
...
005 (9164.000.000) 03/29 09:57:09 Job terminated.
	(1) Normal termination (return value 0)
		Usr 0 00:05:28, Sys 0 00:03:09  -  Run Remote Usage
		Usr 0 00:00:00, Sys 0 00:00:00  -  Run Local Usage
		Usr 0 00:05:28, Sys 0 00:03:09  -  Total Remote Usage
		Usr 0 00:00:00, Sys 0 00:00:00  -  Total Local Usage
	57193  -  Run Bytes Sent By Job
	543  -  Run Bytes Received By Job
	57193  -  Total Bytes Sent By Job
	543  -  Total Bytes Received By Job
	Partitionable Resources :    Usage  Request Allocated
	   Cpus                 :                 1         1
	   Disk (KB)            :       69  1024000   1931222
	   Memory (MB)          :      322     2000      2000
...
