000 (9175.000.000) 03/29 08:45:06 Job submitted from host: <128.101.221.180:9618?addrs=128.101.221.180-9618&noUDP&sock=3943_2604_3>
...
001 (9175.000.000) 03/29 09:53:03 Job executing on host: <128.101.221.182:9618?addrs=128.101.221.182-9618&noUDP&sock=3902_06a2_4>
...
006 (9175.000.000) 03/29 09:53:11 Image size of job updated: 262044
	184  -  MemoryUsage of job (MB)
	187632  -  ResidentSetSize of job (KB)
...
006 (9175.000.000) 03/29 09:57:29 Image size of job updated: 329356
	184  -  MemoryUsage of job (MB)
	187632  -  ResidentSetSize of job (KB)
...
005 (9175.000.000) 03/29 09:57:30 Job terminated.
	(1) Normal termination (return value 0)
		Usr 0 00:02:43, Sys 0 00:01:27  -  Run Remote Usage
		Usr 0 00:00:00, Sys 0 00:00:00  -  Run Local Usage
		Usr 0 00:02:43, Sys 0 00:01:27  -  Total Remote Usage
		Usr 0 00:00:00, Sys 0 00:00:00  -  Total Local Usage
	44835  -  Run Bytes Sent By Job
	543  -  Run Bytes Received By Job
	44835  -  Total Bytes Sent By Job
	543  -  Total Bytes Received By Job
	Partitionable Resources :    Usage  Request Allocated
	   Cpus                 :                 1         1
	   Disk (KB)            :       57  1024000   2046510
	   Memory (MB)          :      184     2000      2000
...
