000 (9196.000.000) 03/29 08:45:16 Job submitted from host: <128.101.221.180:9618?addrs=128.101.221.180-9618&noUDP&sock=3943_2604_3>
...
001 (9196.000.000) 03/29 09:59:00 Job executing on host: <128.101.221.186:9618?addrs=128.101.221.186-9618&noUDP&sock=3131318_464d_4>
...
006 (9196.000.000) 03/29 09:59:09 Image size of job updated: 177112
	113  -  MemoryUsage of job (MB)
	115268  -  ResidentSetSize of job (KB)
...
006 (9196.000.000) 03/29 10:04:10 Image size of job updated: 428436
	325  -  MemoryUsage of job (MB)
	331804  -  ResidentSetSize of job (KB)
...
006 (9196.000.000) 03/29 10:04:35 Image size of job updated: 428472
	325  -  MemoryUsage of job (MB)
	331804  -  ResidentSetSize of job (KB)
...
005 (9196.000.000) 03/29 10:04:36 Job terminated.
	(1) Normal termination (return value 0)
		Usr 0 00:03:45, Sys 0 00:01:12  -  Run Remote Usage
		Usr 0 00:00:00, Sys 0 00:00:00  -  Run Local Usage
		Usr 0 00:03:45, Sys 0 00:01:12  -  Total Remote Usage
		Usr 0 00:00:00, Sys 0 00:00:00  -  Total Local Usage
	44835  -  Run Bytes Sent By Job
	543  -  Run Bytes Received By Job
	44835  -  Total Bytes Sent By Job
	543  -  Total Bytes Received By Job
	Partitionable Resources :    Usage  Request Allocated
	   Cpus                 :                 1         1
	   Disk (KB)            :       57  1024000   1027045
	   Memory (MB)          :      325     2000      2000
...
