000 (9183.000.000) 03/29 08:45:10 Job submitted from host: <128.101.221.180:9618?addrs=128.101.221.180-9618&noUDP&sock=3943_2604_3>
...
001 (9183.000.000) 03/29 09:54:57 Job executing on host: <128.101.221.176:9618?addrs=128.101.221.176-9618&noUDP&sock=2756849_b007_4>
...
006 (9183.000.000) 03/29 09:55:05 Image size of job updated: 193760
	130  -  MemoryUsage of job (MB)
	132340  -  ResidentSetSize of job (KB)
...
006 (9183.000.000) 03/29 10:00:05 Image size of job updated: 426644
	325  -  MemoryUsage of job (MB)
	332260  -  ResidentSetSize of job (KB)
...
005 (9183.000.000) 03/29 10:01:28 Job terminated.
	(1) Normal termination (return value 0)
		Usr 0 00:04:35, Sys 0 00:01:32  -  Run Remote Usage
		Usr 0 00:00:00, Sys 0 00:00:00  -  Run Local Usage
		Usr 0 00:04:35, Sys 0 00:01:32  -  Total Remote Usage
		Usr 0 00:00:00, Sys 0 00:00:00  -  Total Local Usage
	45083  -  Run Bytes Sent By Job
	543  -  Run Bytes Received By Job
	45083  -  Total Bytes Sent By Job
	543  -  Total Bytes Received By Job
	Partitionable Resources :    Usage  Request Allocated
	   Cpus                 :                 1         1
	   Disk (KB)            :       57  1024000   1026373
	   Memory (MB)          :      325     2000      2000
...
