000 (9176.000.000) 03/29 08:45:06 Job submitted from host: <128.101.221.180:9618?addrs=128.101.221.180-9618&noUDP&sock=3943_2604_3>
...
001 (9176.000.000) 03/29 09:53:12 Job executing on host: <128.101.221.175:9618?addrs=128.101.221.175-9618&noUDP&sock=12916_e152_4>
...
006 (9176.000.000) 03/29 09:53:21 Image size of job updated: 251212
	173  -  MemoryUsage of job (MB)
	176880  -  ResidentSetSize of job (KB)
...
006 (9176.000.000) 03/29 09:58:22 Image size of job updated: 329652
	322  -  MemoryUsage of job (MB)
	329576  -  ResidentSetSize of job (KB)
...
006 (9176.000.000) 03/29 10:03:23 Image size of job updated: 333724
	326  -  MemoryUsage of job (MB)
	333516  -  ResidentSetSize of job (KB)
...
006 (9176.000.000) 03/29 10:08:23 Image size of job updated: 336596
	329  -  MemoryUsage of job (MB)
	336188  -  ResidentSetSize of job (KB)
...
005 (9176.000.000) 03/29 10:08:55 Job terminated.
	(1) Normal termination (return value 0)
		Usr 0 00:09:15, Sys 0 00:05:28  -  Run Remote Usage
		Usr 0 00:00:00, Sys 0 00:00:00  -  Run Local Usage
		Usr 0 00:09:15, Sys 0 00:05:28  -  Total Remote Usage
		Usr 0 00:00:00, Sys 0 00:00:00  -  Total Local Usage
	97981  -  Run Bytes Sent By Job
	543  -  Run Bytes Received By Job
	97981  -  Total Bytes Sent By Job
	543  -  Total Bytes Received By Job
	Partitionable Resources :    Usage  Request Allocated
	   Cpus                 :                 1         1
	   Disk (KB)            :      109  1024000   1931206
	   Memory (MB)          :      329     2000      2000
...
