000 (9193.000.000) 03/29 08:45:14 Job submitted from host: <128.101.221.180:9618?addrs=128.101.221.180-9618&noUDP&sock=3943_2604_3>
...
001 (9193.000.000) 03/29 09:57:49 Job executing on host: <128.101.221.175:9618?addrs=128.101.221.175-9618&noUDP&sock=12916_e152_4>
...
006 (9193.000.000) 03/29 09:57:58 Image size of job updated: 252428
	181  -  MemoryUsage of job (MB)
	184916  -  ResidentSetSize of job (KB)
...
006 (9193.000.000) 03/29 10:02:58 Image size of job updated: 331500
	324  -  MemoryUsage of job (MB)
	331412  -  ResidentSetSize of job (KB)
...
006 (9193.000.000) 03/29 10:07:58 Image size of job updated: 334772
	327  -  MemoryUsage of job (MB)
	334756  -  ResidentSetSize of job (KB)
...
006 (9193.000.000) 03/29 10:10:32 Image size of job updated: 733080
	327  -  MemoryUsage of job (MB)
	334756  -  ResidentSetSize of job (KB)
...
005 (9193.000.000) 03/29 10:10:33 Job terminated.
	(1) Normal termination (return value 0)
		Usr 0 00:07:29, Sys 0 00:04:24  -  Run Remote Usage
		Usr 0 00:00:00, Sys 0 00:00:00  -  Run Local Usage
		Usr 0 00:07:29, Sys 0 00:04:24  -  Total Remote Usage
		Usr 0 00:00:00, Sys 0 00:00:00  -  Total Local Usage
	76787  -  Run Bytes Sent By Job
	543  -  Run Bytes Received By Job
	76787  -  Total Bytes Sent By Job
	543  -  Total Bytes Received By Job
	Partitionable Resources :    Usage  Request Allocated
	   Cpus                 :                 1         1
	   Disk (KB)            :       88  1024000   1931192
	   Memory (MB)          :      327     2000      2000
...
