000 (9148.000.000) 03/29 08:44:53 Job submitted from host: <128.101.221.180:9618?addrs=128.101.221.180-9618&noUDP&sock=3943_2604_3>
...
001 (9148.000.000) 03/29 09:44:53 Job executing on host: <128.101.221.186:9618?addrs=128.101.221.186-9618&noUDP&sock=3131318_464d_4>
...
006 (9148.000.000) 03/29 09:45:02 Image size of job updated: 215688
	146  -  MemoryUsage of job (MB)
	148836  -  ResidentSetSize of job (KB)
...
006 (9148.000.000) 03/29 09:48:35 Image size of job updated: 427516
	146  -  MemoryUsage of job (MB)
	148836  -  ResidentSetSize of job (KB)
...
005 (9148.000.000) 03/29 09:48:36 Job terminated.
	(1) Normal termination (return value 0)
		Usr 0 00:02:28, Sys 0 00:00:45  -  Run Remote Usage
		Usr 0 00:00:00, Sys 0 00:00:00  -  Run Local Usage
		Usr 0 00:02:28, Sys 0 00:00:45  -  Total Remote Usage
		Usr 0 00:00:00, Sys 0 00:00:00  -  Total Local Usage
	42182  -  Run Bytes Sent By Job
	543  -  Run Bytes Received By Job
	42182  -  Total Bytes Sent By Job
	543  -  Total Bytes Received By Job
	Partitionable Resources :    Usage  Request Allocated
	   Cpus                 :                 1         1
	   Disk (KB)            :       54  1024000   1027070
	   Memory (MB)          :      146     2000      2000
...
