000 (9172.000.000) 03/29 08:45:05 Job submitted from host: <128.101.221.180:9618?addrs=128.101.221.180-9618&noUDP&sock=3943_2604_3>
...
001 (9172.000.000) 03/29 09:52:38 Job executing on host: <128.101.221.175:9618?addrs=128.101.221.175-9618&noUDP&sock=12916_e152_4>
...
006 (9172.000.000) 03/29 09:52:47 Image size of job updated: 261712
	182  -  MemoryUsage of job (MB)
	185560  -  ResidentSetSize of job (KB)
...
006 (9172.000.000) 03/29 09:57:48 Image size of job updated: 329392
	322  -  MemoryUsage of job (MB)
	329360  -  ResidentSetSize of job (KB)
...
006 (9172.000.000) 03/29 10:02:49 Image size of job updated: 332996
	326  -  MemoryUsage of job (MB)
	332804  -  ResidentSetSize of job (KB)
...
006 (9172.000.000) 03/29 10:05:26 Image size of job updated: 334700
	326  -  MemoryUsage of job (MB)
	332804  -  ResidentSetSize of job (KB)
...
005 (9172.000.000) 03/29 10:05:27 Job terminated.
	(1) Normal termination (return value 0)
		Usr 0 00:07:35, Sys 0 00:04:27  -  Run Remote Usage
		Usr 0 00:00:00, Sys 0 00:00:00  -  Run Local Usage
		Usr 0 00:07:35, Sys 0 00:04:27  -  Total Remote Usage
		Usr 0 00:00:00, Sys 0 00:00:00  -  Total Local Usage
	74389  -  Run Bytes Sent By Job
	543  -  Run Bytes Received By Job
	74389  -  Total Bytes Sent By Job
	543  -  Total Bytes Received By Job
	Partitionable Resources :    Usage  Request Allocated
	   Cpus                 :                 1         1
	   Disk (KB)            :       86  1024000   1931190
	   Memory (MB)          :      326     2000      2000
...
