000 (9157.000.000) 03/29 08:44:57 Job submitted from host: <128.101.221.180:9618?addrs=128.101.221.180-9618&noUDP&sock=3943_2604_3>
...
001 (9157.000.000) 03/29 09:47:17 Job executing on host: <128.101.221.182:9618?addrs=128.101.221.182-9618&noUDP&sock=3902_06a2_4>
...
006 (9157.000.000) 03/29 09:47:25 Image size of job updated: 149316
	144  -  MemoryUsage of job (MB)
	146636  -  ResidentSetSize of job (KB)
...
006 (9157.000.000) 03/29 09:52:25 Image size of job updated: 330572
	323  -  MemoryUsage of job (MB)
	330456  -  ResidentSetSize of job (KB)
...
005 (9157.000.000) 03/29 09:57:09 Job terminated.
	(1) Normal termination (return value 0)
		Usr 0 00:05:53, Sys 0 00:03:23  -  Run Remote Usage
		Usr 0 00:00:00, Sys 0 00:00:00  -  Run Local Usage
		Usr 0 00:05:53, Sys 0 00:03:23  -  Total Remote Usage
		Usr 0 00:00:00, Sys 0 00:00:00  -  Total Local Usage
	61345  -  Run Bytes Sent By Job
	543  -  Run Bytes Received By Job
	61345  -  Total Bytes Sent By Job
	543  -  Total Bytes Received By Job
	Partitionable Resources :    Usage  Request Allocated
	   Cpus                 :                 1         1
	   Disk (KB)            :       73  1024000   2046510
	   Memory (MB)          :      323     2000      2000
...
