000 (9171.000.000) 03/29 08:45:04 Job submitted from host: <128.101.221.180:9618?addrs=128.101.221.180-9618&noUDP&sock=3943_2604_3>
...
001 (9171.000.000) 03/29 09:52:03 Job executing on host: <128.101.221.182:9618?addrs=128.101.221.182-9618&noUDP&sock=3902_06a2_4>
...
006 (9171.000.000) 03/29 09:52:12 Image size of job updated: 246260
	169  -  MemoryUsage of job (MB)
	172468  -  ResidentSetSize of job (KB)
...
006 (9171.000.000) 03/29 09:55:21 Image size of job updated: 732632
	169  -  MemoryUsage of job (MB)
	172468  -  ResidentSetSize of job (KB)
...
005 (9171.000.000) 03/29 09:55:22 Job terminated.
	(1) Normal termination (return value 0)
		Usr 0 00:02:03, Sys 0 00:01:00  -  Run Remote Usage
		Usr 0 00:00:00, Sys 0 00:00:00  -  Run Local Usage
		Usr 0 00:02:03, Sys 0 00:01:00  -  Total Remote Usage
		Usr 0 00:00:00, Sys 0 00:00:00  -  Total Local Usage
	40843  -  Run Bytes Sent By Job
	543  -  Run Bytes Received By Job
	40843  -  Total Bytes Sent By Job
	543  -  Total Bytes Received By Job
	Partitionable Resources :    Usage  Request Allocated
	   Cpus                 :                 1         1
	   Disk (KB)            :       53  1024000   2046508
	   Memory (MB)          :      169     2000      2000
...
