000 (9146.000.000) 03/29 08:44:52 Job submitted from host: <128.101.221.180:9618?addrs=128.101.221.180-9618&noUDP&sock=3943_2604_3>
...
001 (9146.000.000) 03/29 09:43:22 Job executing on host: <128.101.221.175:9618?addrs=128.101.221.175-9618&noUDP&sock=12916_e152_4>
...
006 (9146.000.000) 03/29 09:43:30 Image size of job updated: 233564
	160  -  MemoryUsage of job (MB)
	163236  -  ResidentSetSize of job (KB)
...
006 (9146.000.000) 03/29 09:48:30 Image size of job updated: 330580
	323  -  MemoryUsage of job (MB)
	330136  -  ResidentSetSize of job (KB)
...
006 (9146.000.000) 03/29 09:53:09 Image size of job updated: 335300
	323  -  MemoryUsage of job (MB)
	330136  -  ResidentSetSize of job (KB)
...
005 (9146.000.000) 03/29 09:53:11 Job terminated.
	(1) Normal termination (return value 0)
		Usr 0 00:05:45, Sys 0 00:03:18  -  Run Remote Usage
		Usr 0 00:00:00, Sys 0 00:00:00  -  Run Local Usage
		Usr 0 00:05:45, Sys 0 00:03:18  -  Total Remote Usage
		Usr 0 00:00:00, Sys 0 00:00:00  -  Total Local Usage
	68004  -  Run Bytes Sent By Job
	543  -  Run Bytes Received By Job
	68004  -  Total Bytes Sent By Job
	543  -  Total Bytes Received By Job
	Partitionable Resources :    Usage  Request Allocated
	   Cpus                 :                 1         1
	   Disk (KB)            :       79  1024000   1931206
	   Memory (MB)          :      323     2000      2000
...
