000 (9188.000.000) 03/29 08:45:12 Job submitted from host: <128.101.221.180:9618?addrs=128.101.221.180-9618&noUDP&sock=3943_2604_3>
...
001 (9188.000.000) 03/29 09:56:12 Job executing on host: <128.101.221.182:9618?addrs=128.101.221.182-9618&noUDP&sock=3902_06a2_4>
...
006 (9188.000.000) 03/29 09:56:21 Image size of job updated: 274976
	194  -  MemoryUsage of job (MB)
	197744  -  ResidentSetSize of job (KB)
...
006 (9188.000.000) 03/29 10:01:22 Image size of job updated: 332000
	325  -  MemoryUsage of job (MB)
	331828  -  ResidentSetSize of job (KB)
...
006 (9188.000.000) 03/29 10:02:34 Image size of job updated: 335008
	325  -  MemoryUsage of job (MB)
	331828  -  ResidentSetSize of job (KB)
...
005 (9188.000.000) 03/29 10:02:35 Job terminated.
	(1) Normal termination (return value 0)
		Usr 0 00:03:51, Sys 0 00:01:55  -  Run Remote Usage
		Usr 0 00:00:00, Sys 0 00:00:00  -  Run Local Usage
		Usr 0 00:03:51, Sys 0 00:01:55  -  Total Remote Usage
		Usr 0 00:00:00, Sys 0 00:00:00  -  Total Local Usage
	57620  -  Run Bytes Sent By Job
	543  -  Run Bytes Received By Job
	57620  -  Total Bytes Sent By Job
	543  -  Total Bytes Received By Job
	Partitionable Resources :    Usage  Request Allocated
	   Cpus                 :                 1         1
	   Disk (KB)            :       69  1024000   2046510
	   Memory (MB)          :      325     2000      2000
...
