000 (9147.000.000) 03/29 08:44:52 Job submitted from host: <128.101.221.180:9618?addrs=128.101.221.180-9618&noUDP&sock=3943_2604_3>
...
001 (9147.000.000) 03/29 09:44:51 Job executing on host: <128.101.221.175:9618?addrs=128.101.221.175-9618&noUDP&sock=12916_e152_4>
...
006 (9147.000.000) 03/29 09:45:00 Image size of job updated: 242996
	168  -  MemoryUsage of job (MB)
	171184  -  ResidentSetSize of job (KB)
...
006 (9147.000.000) 03/29 09:50:01 Image size of job updated: 329688
	322  -  MemoryUsage of job (MB)
	329636  -  ResidentSetSize of job (KB)
...
006 (9147.000.000) 03/29 09:55:02 Image size of job updated: 335032
	328  -  MemoryUsage of job (MB)
	334916  -  ResidentSetSize of job (KB)
...
006 (9147.000.000) 03/29 09:56:41 Image size of job updated: 335064
	328  -  MemoryUsage of job (MB)
	334916  -  ResidentSetSize of job (KB)
...
005 (9147.000.000) 03/29 09:56:42 Job terminated.
	(1) Normal termination (return value 0)
		Usr 0 00:07:02, Sys 0 00:04:09  -  Run Remote Usage
		Usr 0 00:00:00, Sys 0 00:00:00  -  Run Local Usage
		Usr 0 00:07:02, Sys 0 00:04:09  -  Total Remote Usage
		Usr 0 00:00:00, Sys 0 00:00:00  -  Total Local Usage
	63820  -  Run Bytes Sent By Job
	543  -  Run Bytes Received By Job
	63820  -  Total Bytes Sent By Job
	543  -  Total Bytes Received By Job
	Partitionable Resources :    Usage  Request Allocated
	   Cpus                 :                 1         1
	   Disk (KB)            :       75  1024000   1931230
	   Memory (MB)          :      328     2000      2000
...
