000 (9173.000.000) 03/29 08:45:05 Job submitted from host: <128.101.221.180:9618?addrs=128.101.221.180-9618&noUDP&sock=3943_2604_3>
...
001 (9173.000.000) 03/29 09:52:44 Job executing on host: <128.101.221.182:9618?addrs=128.101.221.182-9618&noUDP&sock=3902_06a2_4>
...
006 (9173.000.000) 03/29 09:52:52 Image size of job updated: 252512
	175  -  MemoryUsage of job (MB)
	178748  -  ResidentSetSize of job (KB)
...
005 (9173.000.000) 03/29 09:56:11 Job terminated.
	(1) Normal termination (return value 0)
		Usr 0 00:02:05, Sys 0 00:01:06  -  Run Remote Usage
		Usr 0 00:00:00, Sys 0 00:00:00  -  Run Local Usage
		Usr 0 00:02:05, Sys 0 00:01:06  -  Total Remote Usage
		Usr 0 00:00:00, Sys 0 00:00:00  -  Total Local Usage
	40627  -  Run Bytes Sent By Job
	543  -  Run Bytes Received By Job
	40627  -  Total Bytes Sent By Job
	543  -  Total Bytes Received By Job
	Partitionable Resources :    Usage  Request Allocated
	   Cpus                 :                 1         1
	   Disk (KB)            :       53  1024000   2046510
	   Memory (MB)          :      175     2000      2000
...
