000 (9198.000.000) 03/29 08:45:17 Job submitted from host: <128.101.221.180:9618?addrs=128.101.221.180-9618&noUDP&sock=3943_2604_3>
...
001 (9198.000.000) 03/29 10:00:26 Job executing on host: <128.101.221.193:9618?addrs=128.101.221.193-9618&noUDP&sock=2332108_b0a7_4>
...
006 (9198.000.000) 03/29 10:00:35 Image size of job updated: 234420
	160  -  MemoryUsage of job (MB)
	163332  -  ResidentSetSize of job (KB)
...
006 (9198.000.000) 03/29 10:05:36 Image size of job updated: 428296
	324  -  MemoryUsage of job (MB)
	331660  -  ResidentSetSize of job (KB)
...
006 (9198.000.000) 03/29 10:08:32 Image size of job updated: 430820
	324  -  MemoryUsage of job (MB)
	331660  -  ResidentSetSize of job (KB)
...
005 (9198.000.000) 03/29 10:08:33 Job terminated.
	(1) Normal termination (return value 0)
		Usr 0 00:05:04, Sys 0 00:01:55  -  Run Remote Usage
		Usr 0 00:00:00, Sys 0 00:00:00  -  Run Local Usage
		Usr 0 00:05:04, Sys 0 00:01:55  -  Total Remote Usage
		Usr 0 00:00:00, Sys 0 00:00:00  -  Total Local Usage
	79670  -  Run Bytes Sent By Job
	543  -  Run Bytes Received By Job
	79670  -  Total Bytes Sent By Job
	543  -  Total Bytes Received By Job
	Partitionable Resources :    Usage  Request Allocated
	   Cpus                 :                 1         1
	   Disk (KB)            :       91  1024000   1028443
	   Memory (MB)          :      324     2000      2000
...
