000 (9158.000.000) 03/29 08:44:57 Job submitted from host: <128.101.221.180:9618?addrs=128.101.221.180-9618&noUDP&sock=3943_2604_3>
...
001 (9158.000.000) 03/29 09:47:18 Job executing on host: <128.101.221.182:9618?addrs=128.101.221.182-9618&noUDP&sock=3902_06a2_4>
...
006 (9158.000.000) 03/29 09:47:26 Image size of job updated: 173308
	168  -  MemoryUsage of job (MB)
	171204  -  ResidentSetSize of job (KB)
...
006 (9158.000.000) 03/29 09:52:26 Image size of job updated: 331960
	325  -  MemoryUsage of job (MB)
	331800  -  ResidentSetSize of job (KB)
...
006 (9158.000.000) 03/29 09:52:41 Image size of job updated: 331988
	325  -  MemoryUsage of job (MB)
	331800  -  ResidentSetSize of job (KB)
...
005 (9158.000.000) 03/29 09:52:42 Job terminated.
	(1) Normal termination (return value 0)
		Usr 0 00:03:14, Sys 0 00:01:51  -  Run Remote Usage
		Usr 0 00:00:00, Sys 0 00:00:00  -  Run Local Usage
		Usr 0 00:03:14, Sys 0 00:01:51  -  Total Remote Usage
		Usr 0 00:00:00, Sys 0 00:00:00  -  Total Local Usage
	45058  -  Run Bytes Sent By Job
	543  -  Run Bytes Received By Job
	45058  -  Total Bytes Sent By Job
	543  -  Total Bytes Received By Job
	Partitionable Resources :    Usage  Request Allocated
	   Cpus                 :                 1         1
	   Disk (KB)            :       57  1024000   2046510
	   Memory (MB)          :      325     2000      2000
...
