000 (9166.000.000) 03/29 08:45:01 Job submitted from host: <128.101.221.180:9618?addrs=128.101.221.180-9618&noUDP&sock=3943_2604_3>
...
001 (9166.000.000) 03/29 09:49:25 Job executing on host: <128.101.221.175:9618?addrs=128.101.221.175-9618&noUDP&sock=12916_e152_4>
...
006 (9166.000.000) 03/29 09:49:34 Image size of job updated: 250248
	172  -  MemoryUsage of job (MB)
	175944  -  ResidentSetSize of job (KB)
...
006 (9166.000.000) 03/29 09:54:35 Image size of job updated: 333088
	326  -  MemoryUsage of job (MB)
	333080  -  ResidentSetSize of job (KB)
...
006 (9166.000.000) 03/29 09:59:12 Image size of job updated: 334964
	326  -  MemoryUsage of job (MB)
	333080  -  ResidentSetSize of job (KB)
...
005 (9166.000.000) 03/29 09:59:13 Job terminated.
	(1) Normal termination (return value 0)
		Usr 0 00:05:54, Sys 0 00:03:19  -  Run Remote Usage
		Usr 0 00:00:00, Sys 0 00:00:00  -  Run Local Usage
		Usr 0 00:05:54, Sys 0 00:03:19  -  Total Remote Usage
		Usr 0 00:00:00, Sys 0 00:00:00  -  Total Local Usage
	59185  -  Run Bytes Sent By Job
	543  -  Run Bytes Received By Job
	59185  -  Total Bytes Sent By Job
	543  -  Total Bytes Received By Job
	Partitionable Resources :    Usage  Request Allocated
	   Cpus                 :                 1         1
	   Disk (KB)            :       71  1024000   1931194
	   Memory (MB)          :      326     2000      2000
...
