000 (9197.000.000) 03/29 08:45:17 Job submitted from host: <128.101.221.180:9618?addrs=128.101.221.180-9618&noUDP&sock=3943_2604_3>
...
001 (9197.000.000) 03/29 09:59:15 Job executing on host: <128.101.221.175:9618?addrs=128.101.221.175-9618&noUDP&sock=12916_e152_4>
...
006 (9197.000.000) 03/29 09:59:23 Image size of job updated: 249124
	171  -  MemoryUsage of job (MB)
	175072  -  ResidentSetSize of job (KB)
...
006 (9197.000.000) 03/29 10:04:23 Image size of job updated: 330680
	323  -  MemoryUsage of job (MB)
	330556  -  ResidentSetSize of job (KB)
...
006 (9197.000.000) 03/29 10:06:13 Image size of job updated: 330764
	323  -  MemoryUsage of job (MB)
	330556  -  ResidentSetSize of job (KB)
...
005 (9197.000.000) 03/29 10:06:14 Job terminated.
	(1) Normal termination (return value 0)
		Usr 0 00:04:07, Sys 0 00:02:22  -  Run Remote Usage
		Usr 0 00:00:00, Sys 0 00:00:00  -  Run Local Usage
		Usr 0 00:04:07, Sys 0 00:02:22  -  Total Remote Usage
		Usr 0 00:00:00, Sys 0 00:00:00  -  Total Local Usage
	48592  -  Run Bytes Sent By Job
	543  -  Run Bytes Received By Job
	48592  -  Total Bytes Sent By Job
	543  -  Total Bytes Received By Job
	Partitionable Resources :    Usage  Request Allocated
	   Cpus                 :                 1         1
	   Disk (KB)            :       60  1024000   1931194
	   Memory (MB)          :      323     2000      2000
...
