000 (9185.000.000) 03/29 08:45:11 Job submitted from host: <128.101.221.180:9618?addrs=128.101.221.180-9618&noUDP&sock=3943_2604_3>
...
001 (9185.000.000) 03/29 09:55:23 Job executing on host: <128.101.221.182:9618?addrs=128.101.221.182-9618&noUDP&sock=3902_06a2_4>
...
006 (9185.000.000) 03/29 09:55:32 Image size of job updated: 247380
	181  -  MemoryUsage of job (MB)
	185200  -  ResidentSetSize of job (KB)
...
006 (9185.000.000) 03/29 10:00:32 Image size of job updated: 331576
	324  -  MemoryUsage of job (MB)
	331348  -  ResidentSetSize of job (KB)
...
005 (9185.000.000) 03/29 10:00:44 Job terminated.
	(1) Normal termination (return value 0)
		Usr 0 00:03:12, Sys 0 00:01:44  -  Run Remote Usage
		Usr 0 00:00:00, Sys 0 00:00:00  -  Run Local Usage
		Usr 0 00:03:12, Sys 0 00:01:44  -  Total Remote Usage
		Usr 0 00:00:00, Sys 0 00:00:00  -  Total Local Usage
	61177  -  Run Bytes Sent By Job
	543  -  Run Bytes Received By Job
	61177  -  Total Bytes Sent By Job
	543  -  Total Bytes Received By Job
	Partitionable Resources :    Usage  Request Allocated
	   Cpus                 :                 1         1
	   Disk (KB)            :       73  1024000   2046508
	   Memory (MB)          :      324     2000      2000
...
