000 (9174.000.000) 03/29 08:45:06 Job submitted from host: <128.101.221.180:9618?addrs=128.101.221.180-9618&noUDP&sock=3943_2604_3>
...
001 (9174.000.000) 03/29 09:52:49 Job executing on host: <128.101.221.172:9618?addrs=128.101.221.172-9618&noUDP&sock=1824113_5f8e_4>
...
006 (9174.000.000) 03/29 09:52:58 Image size of job updated: 213756
	144  -  MemoryUsage of job (MB)
	147428  -  ResidentSetSize of job (KB)
...
006 (9174.000.000) 03/29 09:57:59 Image size of job updated: 426356
	322  -  MemoryUsage of job (MB)
	329720  -  ResidentSetSize of job (KB)
...
006 (9174.000.000) 03/29 10:00:46 Image size of job updated: 732860
	322  -  MemoryUsage of job (MB)
	329720  -  ResidentSetSize of job (KB)
...
005 (9174.000.000) 03/29 10:00:46 Job terminated.
	(1) Normal termination (return value 0)
		Usr 0 00:05:27, Sys 0 00:01:48  -  Run Remote Usage
		Usr 0 00:00:00, Sys 0 00:00:00  -  Run Local Usage
		Usr 0 00:05:27, Sys 0 00:01:48  -  Total Remote Usage
		Usr 0 00:00:00, Sys 0 00:00:00  -  Total Local Usage
	47926  -  Run Bytes Sent By Job
	543  -  Run Bytes Received By Job
	47926  -  Total Bytes Sent By Job
	543  -  Total Bytes Received By Job
	Partitionable Resources :    Usage  Request Allocated
	   Cpus                 :                 1         1
	   Disk (KB)            :       60  1024000   1028988
	   Memory (MB)          :      322     2000      2000
...
