000 (9178.000.000) 03/29 08:45:07 Job submitted from host: <128.101.221.180:9618?addrs=128.101.221.180-9618&noUDP&sock=3943_2604_3>
...
001 (9178.000.000) 03/29 09:54:17 Job executing on host: <128.101.221.175:9618?addrs=128.101.221.175-9618&noUDP&sock=12916_e152_4>
...
006 (9178.000.000) 03/29 09:54:25 Image size of job updated: 190292
	127  -  MemoryUsage of job (MB)
	129556  -  ResidentSetSize of job (KB)
...
006 (9178.000.000) 03/29 09:59:25 Image size of job updated: 328160
	321  -  MemoryUsage of job (MB)
	328132  -  ResidentSetSize of job (KB)
...
006 (9178.000.000) 03/29 10:03:55 Image size of job updated: 331476
	321  -  MemoryUsage of job (MB)
	328132  -  ResidentSetSize of job (KB)
...
005 (9178.000.000) 03/29 10:03:56 Job terminated.
	(1) Normal termination (return value 0)
		Usr 0 00:05:43, Sys 0 00:03:19  -  Run Remote Usage
		Usr 0 00:00:00, Sys 0 00:00:00  -  Run Local Usage
		Usr 0 00:05:43, Sys 0 00:03:19  -  Total Remote Usage
		Usr 0 00:00:00, Sys 0 00:00:00  -  Total Local Usage
	63378  -  Run Bytes Sent By Job
	543  -  Run Bytes Received By Job
	63378  -  Total Bytes Sent By Job
	543  -  Total Bytes Received By Job
	Partitionable Resources :    Usage  Request Allocated
	   Cpus                 :                 1         1
	   Disk (KB)            :       75  1024000   1931192
	   Memory (MB)          :      321     2000      2000
...
