000 (9138.000.000) 03/29 08:44:47 Job submitted from host: <128.101.221.180:9618?addrs=128.101.221.180-9618&noUDP&sock=3943_2604_3>
...
001 (9138.000.000) 03/29 09:41:38 Job executing on host: <128.101.221.182:9618?addrs=128.101.221.182-9618&noUDP&sock=3902_06a2_4>
...
006 (9138.000.000) 03/29 09:41:47 Image size of job updated: 324432
	257  -  MemoryUsage of job (MB)
	262756  -  ResidentSetSize of job (KB)
...
006 (9138.000.000) 03/29 09:46:48 Image size of job updated: 330268
	323  -  MemoryUsage of job (MB)
	329732  -  ResidentSetSize of job (KB)
...
006 (9138.000.000) 03/29 09:51:48 Image size of job updated: 336240
	328  -  MemoryUsage of job (MB)
	335396  -  ResidentSetSize of job (KB)
...
005 (9138.000.000) 03/29 09:52:47 Job terminated.
	(1) Normal termination (return value 0)
		Usr 0 00:06:41, Sys 0 00:03:31  -  Run Remote Usage
		Usr 0 00:00:00, Sys 0 00:00:00  -  Run Local Usage
		Usr 0 00:06:41, Sys 0 00:03:31  -  Total Remote Usage
		Usr 0 00:00:00, Sys 0 00:00:00  -  Total Local Usage
	64650  -  Run Bytes Sent By Job
	543  -  Run Bytes Received By Job
	64650  -  Total Bytes Sent By Job
	543  -  Total Bytes Received By Job
	Partitionable Resources :    Usage  Request Allocated
	   Cpus                 :                 1         1
	   Disk (KB)            :       76  1024000   2046532
	   Memory (MB)          :      328     2000      2000
...
