000 (9152.000.000) 03/29 08:44:54 Job submitted from host: <128.101.221.180:9618?addrs=128.101.221.180-9618&noUDP&sock=3943_2604_3>
...
001 (9152.000.000) 03/29 09:46:35 Job executing on host: <128.101.221.175:9618?addrs=128.101.221.175-9618&noUDP&sock=12916_e152_4>
...
006 (9152.000.000) 03/29 09:46:43 Image size of job updated: 215564
	147  -  MemoryUsage of job (MB)
	150140  -  ResidentSetSize of job (KB)
...
006 (9152.000.000) 03/29 09:51:43 Image size of job updated: 331712
	324  -  MemoryUsage of job (MB)
	331560  -  ResidentSetSize of job (KB)
...
006 (9152.000.000) 03/29 09:54:34 Image size of job updated: 331932
	324  -  MemoryUsage of job (MB)
	331560  -  ResidentSetSize of job (KB)
...
005 (9152.000.000) 03/29 09:54:35 Job terminated.
	(1) Normal termination (return value 0)
		Usr 0 00:04:48, Sys 0 00:02:43  -  Run Remote Usage
		Usr 0 00:00:00, Sys 0 00:00:00  -  Run Local Usage
		Usr 0 00:04:48, Sys 0 00:02:43  -  Total Remote Usage
		Usr 0 00:00:00, Sys 0 00:00:00  -  Total Local Usage
	47489  -  Run Bytes Sent By Job
	543  -  Run Bytes Received By Job
	47489  -  Total Bytes Sent By Job
	543  -  Total Bytes Received By Job
	Partitionable Resources :    Usage  Request Allocated
	   Cpus                 :                 1         1
	   Disk (KB)            :       59  1024000   1931200
	   Memory (MB)          :      324     2000      2000
...
