000 (9151.000.000) 03/29 08:44:54 Job submitted from host: <128.101.221.180:9618?addrs=128.101.221.180-9618&noUDP&sock=3943_2604_3>
...
001 (9151.000.000) 03/29 09:46:37 Job executing on host: <128.101.221.193:9618?addrs=128.101.221.193-9618&noUDP&sock=2332108_b0a7_4>
...
006 (9151.000.000) 03/29 09:46:46 Image size of job updated: 253000
	173  -  MemoryUsage of job (MB)
	176884  -  ResidentSetSize of job (KB)
...
006 (9151.000.000) 03/29 09:51:47 Image size of job updated: 430228
	326  -  MemoryUsage of job (MB)
	333592  -  ResidentSetSize of job (KB)
...
006 (9151.000.000) 03/29 09:54:53 Image size of job updated: 733104
	326  -  MemoryUsage of job (MB)
	333592  -  ResidentSetSize of job (KB)
...
005 (9151.000.000) 03/29 09:54:54 Job terminated.
	(1) Normal termination (return value 0)
		Usr 0 00:05:10, Sys 0 00:02:02  -  Run Remote Usage
		Usr 0 00:00:00, Sys 0 00:00:00  -  Run Local Usage
		Usr 0 00:05:10, Sys 0 00:02:02  -  Total Remote Usage
		Usr 0 00:00:00, Sys 0 00:00:00  -  Total Local Usage
	71562  -  Run Bytes Sent By Job
	543  -  Run Bytes Received By Job
	71562  -  Total Bytes Sent By Job
	543  -  Total Bytes Received By Job
	Partitionable Resources :    Usage  Request Allocated
	   Cpus                 :                 1         1
	   Disk (KB)            :       83  1024000   1028452
	   Memory (MB)          :      326     2000      2000
...
