000 (9187.000.000) 03/29 08:45:12 Job submitted from host: <128.101.221.180:9618?addrs=128.101.221.180-9618&noUDP&sock=3943_2604_3>
...
001 (9187.000.000) 03/29 09:55:56 Job executing on host: <128.101.220.49:9618?addrs=128.101.220.49-9618&noUDP&sock=280861_dd0b_4>
...
006 (9187.000.000) 03/29 09:56:05 Image size of job updated: 250140
	171  -  MemoryUsage of job (MB)
	174220  -  ResidentSetSize of job (KB)
...
006 (9187.000.000) 03/29 10:00:13 Image size of job updated: 729612
	171  -  MemoryUsage of job (MB)
	174220  -  ResidentSetSize of job (KB)
...
005 (9187.000.000) 03/29 10:00:14 Job terminated.
	(1) Normal termination (return value 0)
		Usr 0 00:02:55, Sys 0 00:00:55  -  Run Remote Usage
		Usr 0 00:00:00, Sys 0 00:00:00  -  Run Local Usage
		Usr 0 00:02:55, Sys 0 00:00:55  -  Total Remote Usage
		Usr 0 00:00:00, Sys 0 00:00:00  -  Total Local Usage
	38887  -  Run Bytes Sent By Job
	543  -  Run Bytes Received By Job
	38887  -  Total Bytes Sent By Job
	543  -  Total Bytes Received By Job
	Partitionable Resources :    Usage  Request Allocated
	   Cpus                 :                 1         1
	   Disk (KB)            :       51  1024000   1028610
	   Memory (MB)          :      171     2000      2000
...
