000 (9170.000.000) 03/29 08:45:03 Job submitted from host: <128.101.221.180:9618?addrs=128.101.221.180-9618&noUDP&sock=3943_2604_3>
...
001 (9170.000.000) 03/29 09:51:54 Job executing on host: <128.101.221.175:9618?addrs=128.101.221.175-9618&noUDP&sock=12916_e152_4>
...
006 (9170.000.000) 03/29 09:52:03 Image size of job updated: 241984
	167  -  MemoryUsage of job (MB)
	170240  -  ResidentSetSize of job (KB)
...
006 (9170.000.000) 03/29 09:54:14 Image size of job updated: 726232
	167  -  MemoryUsage of job (MB)
	170240  -  ResidentSetSize of job (KB)
...
005 (9170.000.000) 03/29 09:54:16 Job terminated.
	(1) Normal termination (return value 0)
		Usr 0 00:01:28, Sys 0 00:00:41  -  Run Remote Usage
		Usr 0 00:00:00, Sys 0 00:00:00  -  Run Local Usage
		Usr 0 00:01:28, Sys 0 00:00:41  -  Total Remote Usage
		Usr 0 00:00:00, Sys 0 00:00:00  -  Total Local Usage
	34237  -  Run Bytes Sent By Job
	543  -  Run Bytes Received By Job
	34237  -  Total Bytes Sent By Job
	543  -  Total Bytes Received By Job
	Partitionable Resources :    Usage  Request Allocated
	   Cpus                 :                 1         1
	   Disk (KB)            :       46  1024000   1931192
	   Memory (MB)          :      167     2000      2000
...
