000 (9186.000.000) 03/29 08:45:11 Job submitted from host: <128.101.221.180:9618?addrs=128.101.221.180-9618&noUDP&sock=3943_2604_3>
...
001 (9186.000.000) 03/29 09:55:39 Job executing on host: <128.101.221.182:9618?addrs=128.101.221.182-9618&noUDP&sock=3902_06a2_4>
...
006 (9186.000.000) 03/29 09:55:48 Image size of job updated: 268912
	186  -  MemoryUsage of job (MB)
	190396  -  ResidentSetSize of job (KB)
...
006 (9186.000.000) 03/29 10:00:48 Image size of job updated: 331772
	324  -  MemoryUsage of job (MB)
	331436  -  ResidentSetSize of job (KB)
...
006 (9186.000.000) 03/29 10:05:48 Image size of job updated: 333864
	325  -  MemoryUsage of job (MB)
	332696  -  ResidentSetSize of job (KB)
...
006 (9186.000.000) 03/29 10:06:13 Image size of job updated: 730176
	325  -  MemoryUsage of job (MB)
	332696  -  ResidentSetSize of job (KB)
...
005 (9186.000.000) 03/29 10:06:14 Job terminated.
	(1) Normal termination (return value 0)
		Usr 0 00:06:23, Sys 0 00:03:21  -  Run Remote Usage
		Usr 0 00:00:00, Sys 0 00:00:00  -  Run Local Usage
		Usr 0 00:06:23, Sys 0 00:03:21  -  Total Remote Usage
		Usr 0 00:00:00, Sys 0 00:00:00  -  Total Local Usage
	69159  -  Run Bytes Sent By Job
	543  -  Run Bytes Received By Job
	69159  -  Total Bytes Sent By Job
	543  -  Total Bytes Received By Job
	Partitionable Resources :    Usage  Request Allocated
	   Cpus                 :                 1         1
	   Disk (KB)            :       80  1024000   2046510
	   Memory (MB)          :      325     2000      2000
...
