000 (9194.000.000) 03/29 08:45:15 Job submitted from host: <128.101.221.180:9618?addrs=128.101.221.180-9618&noUDP&sock=3943_2604_3>
...
001 (9194.000.000) 03/29 09:58:19 Job executing on host: <128.101.221.175:9618?addrs=128.101.221.175-9618&noUDP&sock=12916_e152_4>
...
006 (9194.000.000) 03/29 09:58:28 Image size of job updated: 263316
	183  -  MemoryUsage of job (MB)
	187108  -  ResidentSetSize of job (KB)
...
006 (9194.000.000) 03/29 10:03:29 Image size of job updated: 327800
	320  -  MemoryUsage of job (MB)
	327496  -  ResidentSetSize of job (KB)
...
006 (9194.000.000) 03/29 10:08:30 Image size of job updated: 333964
	326  -  MemoryUsage of job (MB)
	333768  -  ResidentSetSize of job (KB)
...
005 (9194.000.000) 03/29 10:08:32 Job terminated.
	(1) Normal termination (return value 0)
		Usr 0 00:05:58, Sys 0 00:03:33  -  Run Remote Usage
		Usr 0 00:00:00, Sys 0 00:00:00  -  Run Local Usage
		Usr 0 00:05:58, Sys 0 00:03:33  -  Total Remote Usage
		Usr 0 00:00:00, Sys 0 00:00:00  -  Total Local Usage
	60503  -  Run Bytes Sent By Job
	543  -  Run Bytes Received By Job
	60503  -  Total Bytes Sent By Job
	543  -  Total Bytes Received By Job
	Partitionable Resources :    Usage  Request Allocated
	   Cpus                 :                 1         1
	   Disk (KB)            :       72  1024000   1931184
	   Memory (MB)          :      326     2000      2000
...
