000 (9163.000.000) 03/29 08:45:00 Job submitted from host: <128.101.221.180:9618?addrs=128.101.221.180-9618&noUDP&sock=3943_2604_3>
...
001 (9163.000.000) 03/29 09:47:20 Job executing on host: <128.101.221.182:9618?addrs=128.101.221.182-9618&noUDP&sock=3902_06a2_4>
...
006 (9163.000.000) 03/29 09:47:29 Image size of job updated: 235040
	183  -  MemoryUsage of job (MB)
	187156  -  ResidentSetSize of job (KB)
...
005 (9163.000.000) 03/29 09:52:02 Job terminated.
	(1) Normal termination (return value 0)
		Usr 0 00:02:48, Sys 0 00:01:37  -  Run Remote Usage
		Usr 0 00:00:00, Sys 0 00:00:00  -  Run Local Usage
		Usr 0 00:02:48, Sys 0 00:01:37  -  Total Remote Usage
		Usr 0 00:00:00, Sys 0 00:00:00  -  Total Local Usage
	43725  -  Run Bytes Sent By Job
	543  -  Run Bytes Received By Job
	43725  -  Total Bytes Sent By Job
	543  -  Total Bytes Received By Job
	Partitionable Resources :    Usage  Request Allocated
	   Cpus                 :                 1         1
	   Disk (KB)            :       55  1024000   2046508
	   Memory (MB)          :      183     2000      2000
...
