000 (9189.000.000) 03/29 08:45:13 Job submitted from host: <128.101.221.180:9618?addrs=128.101.221.180-9618&noUDP&sock=3943_2604_3>
...
001 (9189.000.000) 03/29 09:56:31 Job executing on host: <128.101.221.175:9618?addrs=128.101.221.175-9618&noUDP&sock=12916_e152_4>
...
006 (9189.000.000) 03/29 09:56:40 Image size of job updated: 251864
	174  -  MemoryUsage of job (MB)
	177404  -  ResidentSetSize of job (KB)
...
006 (9189.000.000) 03/29 10:01:41 Image size of job updated: 331640
	324  -  MemoryUsage of job (MB)
	331084  -  ResidentSetSize of job (KB)
...
005 (9189.000.000) 03/29 10:03:47 Job terminated.
	(1) Normal termination (return value 0)
		Usr 0 00:04:17, Sys 0 00:02:28  -  Run Remote Usage
		Usr 0 00:00:00, Sys 0 00:00:00  -  Run Local Usage
		Usr 0 00:04:17, Sys 0 00:02:28  -  Total Remote Usage
		Usr 0 00:00:00, Sys 0 00:00:00  -  Total Local Usage
	51697  -  Run Bytes Sent By Job
	543  -  Run Bytes Received By Job
	51697  -  Total Bytes Sent By Job
	543  -  Total Bytes Received By Job
	Partitionable Resources :    Usage  Request Allocated
	   Cpus                 :                 1         1
	   Disk (KB)            :       63  1024000   1931186
	   Memory (MB)          :      324     2000      2000
...
