000 (9162.000.000) 03/29 08:44:59 Job submitted from host: <128.101.221.180:9618?addrs=128.101.221.180-9618&noUDP&sock=3943_2604_3>
...
001 (9162.000.000) 03/29 09:47:18 Job executing on host: <128.101.221.182:9618?addrs=128.101.221.182-9618&noUDP&sock=3902_06a2_4>
...
006 (9162.000.000) 03/29 09:47:27 Image size of job updated: 196660
	188  -  MemoryUsage of job (MB)
	191692  -  ResidentSetSize of job (KB)
...
006 (9162.000.000) 03/29 09:52:28 Image size of job updated: 331856
	324  -  MemoryUsage of job (MB)
	331648  -  ResidentSetSize of job (KB)
...
006 (9162.000.000) 03/29 09:53:56 Image size of job updated: 331936
	324  -  MemoryUsage of job (MB)
	331648  -  ResidentSetSize of job (KB)
...
005 (9162.000.000) 03/29 09:53:57 Job terminated.
	(1) Normal termination (return value 0)
		Usr 0 00:03:54, Sys 0 00:02:19  -  Run Remote Usage
		Usr 0 00:00:00, Sys 0 00:00:00  -  Run Local Usage
		Usr 0 00:03:54, Sys 0 00:02:19  -  Total Remote Usage
		Usr 0 00:00:00, Sys 0 00:00:00  -  Total Local Usage
	51880  -  Run Bytes Sent By Job
	543  -  Run Bytes Received By Job
	51880  -  Total Bytes Sent By Job
	543  -  Total Bytes Received By Job
	Partitionable Resources :    Usage  Request Allocated
	   Cpus                 :                 1         1
	   Disk (KB)            :       63  1024000   2046508
	   Memory (MB)          :      324     2000      2000
...
