000 (9489.000.000) 03/29 09:54:03 Job submitted from host: <128.101.221.180:9618?addrs=128.101.221.180-9618&noUDP&sock=3943_2604_3>
...
001 (9489.000.000) 03/29 11:25:06 Job executing on host: <128.101.221.182:9618?addrs=128.101.221.182-9618&noUDP&sock=3902_06a2_4>
...
006 (9489.000.000) 03/29 11:25:14 Image size of job updated: 180700
	171  -  MemoryUsage of job (MB)
	174504  -  ResidentSetSize of job (KB)
...
006 (9489.000.000) 03/29 11:28:01 Image size of job updated: 730752
	171  -  MemoryUsage of job (MB)
	174504  -  ResidentSetSize of job (KB)
...
005 (9489.000.000) 03/29 11:28:02 Job terminated.
	(1) Normal termination (return value 0)
		Usr 0 00:01:47, Sys 0 00:00:56  -  Run Remote Usage
		Usr 0 00:00:00, Sys 0 00:00:00  -  Run Local Usage
		Usr 0 00:01:47, Sys 0 00:00:56  -  Total Remote Usage
		Usr 0 00:00:00, Sys 0 00:00:00  -  Total Local Usage
	56723  -  Run Bytes Sent By Job
	541  -  Run Bytes Received By Job
	56723  -  Total Bytes Sent By Job
	541  -  Total Bytes Received By Job
	Partitionable Resources :    Usage  Request Allocated
	   Cpus                 :                 1         1
	   Disk (KB)            :       68  1024000   2046244
	   Memory (MB)          :      171     2000      2000
...
