000 (9486.000.000) 03/29 09:54:01 Job submitted from host: <128.101.221.180:9618?addrs=128.101.221.180-9618&noUDP&sock=3943_2604_3>
...
001 (9486.000.000) 03/29 11:25:03 Job executing on host: <128.101.221.182:9618?addrs=128.101.221.182-9618&noUDP&sock=3902_06a2_4>
...
006 (9486.000.000) 03/29 11:25:12 Image size of job updated: 135444
	127  -  MemoryUsage of job (MB)
	129544  -  ResidentSetSize of job (KB)
...
006 (9486.000.000) 03/29 11:30:12 Image size of job updated: 333768
	326  -  MemoryUsage of job (MB)
	333676  -  ResidentSetSize of job (KB)
...
006 (9486.000.000) 03/29 11:34:45 Image size of job updated: 732100
	326  -  MemoryUsage of job (MB)
	333676  -  ResidentSetSize of job (KB)
...
005 (9486.000.000) 03/29 11:34:46 Job terminated.
	(1) Normal termination (return value 0)
		Usr 0 00:05:41, Sys 0 00:03:21  -  Run Remote Usage
		Usr 0 00:00:00, Sys 0 00:00:00  -  Run Local Usage
		Usr 0 00:05:41, Sys 0 00:03:21  -  Total Remote Usage
		Usr 0 00:00:00, Sys 0 00:00:00  -  Total Local Usage
	98320  -  Run Bytes Sent By Job
	541  -  Run Bytes Received By Job
	98320  -  Total Bytes Sent By Job
	541  -  Total Bytes Received By Job
	Partitionable Resources :    Usage  Request Allocated
	   Cpus                 :                 1         1
	   Disk (KB)            :      109  1024000   2046244
	   Memory (MB)          :      326     2000      2000
...
