000 (9475.000.000) 03/29 09:53:55 Job submitted from host: <128.101.221.180:9618?addrs=128.101.221.180-9618&noUDP&sock=3943_2604_3>
...
001 (9475.000.000) 03/29 11:20:23 Job executing on host: <128.101.221.182:9618?addrs=128.101.221.182-9618&noUDP&sock=3902_06a2_4>
...
006 (9475.000.000) 03/29 11:20:31 Image size of job updated: 287340
	204  -  MemoryUsage of job (MB)
	208176  -  ResidentSetSize of job (KB)
...
006 (9475.000.000) 03/29 11:25:31 Image size of job updated: 333516
	325  -  MemoryUsage of job (MB)
	331884  -  ResidentSetSize of job (KB)
...
005 (9475.000.000) 03/29 11:26:34 Job terminated.
	(1) Normal termination (return value 0)
		Usr 0 00:03:52, Sys 0 00:01:38  -  Run Remote Usage
		Usr 0 00:00:00, Sys 0 00:00:00  -  Run Local Usage
		Usr 0 00:03:52, Sys 0 00:01:38  -  Total Remote Usage
		Usr 0 00:00:00, Sys 0 00:00:00  -  Total Local Usage
	86085  -  Run Bytes Sent By Job
	541  -  Run Bytes Received By Job
	86085  -  Total Bytes Sent By Job
	541  -  Total Bytes Received By Job
	Partitionable Resources :    Usage  Request Allocated
	   Cpus                 :                 1         1
	   Disk (KB)            :       97  1024000   2046264
	   Memory (MB)          :      325     2000      2000
...
