000 (9476.000.000) 03/29 09:53:56 Job submitted from host: <128.101.221.180:9618?addrs=128.101.221.180-9618&noUDP&sock=3943_2604_3>
...
001 (9476.000.000) 03/29 11:20:46 Job executing on host: <128.101.220.49:9618?addrs=128.101.220.49-9618&noUDP&sock=280861_dd0b_4>
...
006 (9476.000.000) 03/29 11:20:55 Image size of job updated: 251188
	172  -  MemoryUsage of job (MB)
	175216  -  ResidentSetSize of job (KB)
...
006 (9476.000.000) 03/29 11:25:40 Image size of job updated: 729952
	172  -  MemoryUsage of job (MB)
	175216  -  ResidentSetSize of job (KB)
...
005 (9476.000.000) 03/29 11:25:42 Job terminated.
	(1) Normal termination (return value 0)
		Usr 0 00:03:16, Sys 0 00:01:03  -  Run Remote Usage
		Usr 0 00:00:00, Sys 0 00:00:00  -  Run Local Usage
		Usr 0 00:03:16, Sys 0 00:01:03  -  Total Remote Usage
		Usr 0 00:00:00, Sys 0 00:00:00  -  Total Local Usage
	81151  -  Run Bytes Sent By Job
	541  -  Run Bytes Received By Job
	81151  -  Total Bytes Sent By Job
	541  -  Total Bytes Received By Job
	Partitionable Resources :    Usage  Request Allocated
	   Cpus                 :                 1         1
	   Disk (KB)            :       92  1024000   1028784
	   Memory (MB)          :      172     2000      2000
...
