000 (9496.000.000) 03/29 09:54:06 Job submitted from host: <128.101.221.180:9618?addrs=128.101.221.180-9618&noUDP&sock=3943_2604_3>
...
001 (9496.000.000) 03/29 11:26:09 Job executing on host: <128.101.221.172:9618?addrs=128.101.221.172-9618&noUDP&sock=1824113_5f8e_4>
...
006 (9496.000.000) 03/29 11:26:17 Image size of job updated: 180552
	116  -  MemoryUsage of job (MB)
	118708  -  ResidentSetSize of job (KB)
...
006 (9496.000.000) 03/29 11:31:17 Image size of job updated: 429520
	326  -  MemoryUsage of job (MB)
	332916  -  ResidentSetSize of job (KB)
...
005 (9496.000.000) 03/29 11:32:27 Job terminated.
	(1) Normal termination (return value 0)
		Usr 0 00:04:16, Sys 0 00:01:25  -  Run Remote Usage
		Usr 0 00:00:00, Sys 0 00:00:00  -  Run Local Usage
		Usr 0 00:04:16, Sys 0 00:01:25  -  Total Remote Usage
		Usr 0 00:00:00, Sys 0 00:00:00  -  Total Local Usage
	72197  -  Run Bytes Sent By Job
	541  -  Run Bytes Received By Job
	72197  -  Total Bytes Sent By Job
	541  -  Total Bytes Received By Job
	Partitionable Resources :    Usage  Request Allocated
	   Cpus                 :                 1         1
	   Disk (KB)            :       83  1024000   1028916
	   Memory (MB)          :      326     2000      2000
...
