000 (9493.000.000) 03/29 09:54:05 Job submitted from host: <128.101.221.180:9618?addrs=128.101.221.180-9618&noUDP&sock=3943_2604_3>
...
001 (9493.000.000) 03/29 11:25:07 Job executing on host: <128.101.221.182:9618?addrs=128.101.221.182-9618&noUDP&sock=3902_06a2_4>
...
006 (9493.000.000) 03/29 11:25:16 Image size of job updated: 210388
	189  -  MemoryUsage of job (MB)
	193428  -  ResidentSetSize of job (KB)
...
006 (9493.000.000) 03/29 11:30:17 Image size of job updated: 329780
	323  -  MemoryUsage of job (MB)
	329732  -  ResidentSetSize of job (KB)
...
006 (9493.000.000) 03/29 11:35:17 Image size of job updated: 332744
	325  -  MemoryUsage of job (MB)
	332224  -  ResidentSetSize of job (KB)
...
006 (9493.000.000) 03/29 11:35:54 Image size of job updated: 730952
	325  -  MemoryUsage of job (MB)
	332224  -  ResidentSetSize of job (KB)
...
005 (9493.000.000) 03/29 11:35:55 Job terminated.
	(1) Normal termination (return value 0)
		Usr 0 00:06:24, Sys 0 00:03:42  -  Run Remote Usage
		Usr 0 00:00:00, Sys 0 00:00:00  -  Run Local Usage
		Usr 0 00:06:24, Sys 0 00:03:42  -  Total Remote Usage
		Usr 0 00:00:00, Sys 0 00:00:00  -  Total Local Usage
	100945  -  Run Bytes Sent By Job
	541  -  Run Bytes Received By Job
	100945  -  Total Bytes Sent By Job
	541  -  Total Bytes Received By Job
	Partitionable Resources :    Usage  Request Allocated
	   Cpus                 :                 1         1
	   Disk (KB)            :      111  1024000   2046242
	   Memory (MB)          :      325     2000      2000
...
