000 (9492.000.000) 03/29 09:54:04 Job submitted from host: <128.101.221.180:9618?addrs=128.101.221.180-9618&noUDP&sock=3943_2604_3>
...
001 (9492.000.000) 03/29 11:25:07 Job executing on host: <128.101.221.182:9618?addrs=128.101.221.182-9618&noUDP&sock=3902_06a2_4>
...
006 (9492.000.000) 03/29 11:25:16 Image size of job updated: 210860
	185  -  MemoryUsage of job (MB)
	189268  -  ResidentSetSize of job (KB)
...
005 (9492.000.000) 03/29 11:30:07 Job terminated.
	(1) Normal termination (return value 0)
		Usr 0 00:02:59, Sys 0 00:01:41  -  Run Remote Usage
		Usr 0 00:00:00, Sys 0 00:00:00  -  Run Local Usage
		Usr 0 00:02:59, Sys 0 00:01:41  -  Total Remote Usage
		Usr 0 00:00:00, Sys 0 00:00:00  -  Total Local Usage
	70623  -  Run Bytes Sent By Job
	541  -  Run Bytes Received By Job
	70623  -  Total Bytes Sent By Job
	541  -  Total Bytes Received By Job
	Partitionable Resources :    Usage  Request Allocated
	   Cpus                 :                 1         1
	   Disk (KB)            :       82  1024000   2046242
	   Memory (MB)          :      185     2000      2000
...
