000 (9474.000.000) 03/29 09:53:55 Job submitted from host: <128.101.221.180:9618?addrs=128.101.221.180-9618&noUDP&sock=3943_2604_3>
...
001 (9474.000.000) 03/29 11:20:04 Job executing on host: <128.101.221.175:9618?addrs=128.101.221.175-9618&noUDP&sock=12916_e152_4>
...
006 (9474.000.000) 03/29 11:20:12 Image size of job updated: 229528
	167  -  MemoryUsage of job (MB)
	170536  -  ResidentSetSize of job (KB)
...
006 (9474.000.000) 03/29 11:25:12 Image size of job updated: 333472
	326  -  MemoryUsage of job (MB)
	333260  -  ResidentSetSize of job (KB)
...
006 (9474.000.000) 03/29 11:27:02 Image size of job updated: 732208
	326  -  MemoryUsage of job (MB)
	333260  -  ResidentSetSize of job (KB)
...
005 (9474.000.000) 03/29 11:27:03 Job terminated.
	(1) Normal termination (return value 0)
		Usr 0 00:04:11, Sys 0 00:02:18  -  Run Remote Usage
		Usr 0 00:00:00, Sys 0 00:00:00  -  Run Local Usage
		Usr 0 00:04:11, Sys 0 00:02:18  -  Total Remote Usage
		Usr 0 00:00:00, Sys 0 00:00:00  -  Total Local Usage
	76553  -  Run Bytes Sent By Job
	541  -  Run Bytes Received By Job
	76553  -  Total Bytes Sent By Job
	541  -  Total Bytes Received By Job
	Partitionable Resources :    Usage  Request Allocated
	   Cpus                 :                 1         1
	   Disk (KB)            :       88  1024000   1931038
	   Memory (MB)          :      326     2000      2000
...
