000 (9473.000.000) 03/29 09:53:54 Job submitted from host: <128.101.221.180:9618?addrs=128.101.221.180-9618&noUDP&sock=3943_2604_3>
...
001 (9473.000.000) 03/29 11:19:42 Job executing on host: <128.101.221.175:9618?addrs=128.101.221.175-9618&noUDP&sock=12916_e152_4>
...
006 (9473.000.000) 03/29 11:19:51 Image size of job updated: 264644
	184  -  MemoryUsage of job (MB)
	188380  -  ResidentSetSize of job (KB)
...
006 (9473.000.000) 03/29 11:24:52 Image size of job updated: 329808
	323  -  MemoryUsage of job (MB)
	329736  -  ResidentSetSize of job (KB)
...
006 (9473.000.000) 03/29 11:29:52 Image size of job updated: 332612
	325  -  MemoryUsage of job (MB)
	332412  -  ResidentSetSize of job (KB)
...
006 (9473.000.000) 03/29 11:30:08 Image size of job updated: 730512
	325  -  MemoryUsage of job (MB)
	332412  -  ResidentSetSize of job (KB)
...
005 (9473.000.000) 03/29 11:30:09 Job terminated.
	(1) Normal termination (return value 0)
		Usr 0 00:06:10, Sys 0 00:03:35  -  Run Remote Usage
		Usr 0 00:00:00, Sys 0 00:00:00  -  Run Local Usage
		Usr 0 00:06:10, Sys 0 00:03:35  -  Total Remote Usage
		Usr 0 00:00:00, Sys 0 00:00:00  -  Total Local Usage
	85546  -  Run Bytes Sent By Job
	541  -  Run Bytes Received By Job
	85546  -  Total Bytes Sent By Job
	541  -  Total Bytes Received By Job
	Partitionable Resources :    Usage  Request Allocated
	   Cpus                 :                 1         1
	   Disk (KB)            :       96  1024000   1931038
	   Memory (MB)          :      325     2000      2000
...
