000 (9485.000.000) 03/29 09:54:00 Job submitted from host: <128.101.221.180:9618?addrs=128.101.221.180-9618&noUDP&sock=3943_2604_3>
...
001 (9485.000.000) 03/29 11:25:03 Job executing on host: <128.101.221.182:9618?addrs=128.101.221.182-9618&noUDP&sock=3902_06a2_4>
...
006 (9485.000.000) 03/29 11:25:12 Image size of job updated: 177396
	167  -  MemoryUsage of job (MB)
	170236  -  ResidentSetSize of job (KB)
...
006 (9485.000.000) 03/29 11:30:13 Image size of job updated: 331812
	324  -  MemoryUsage of job (MB)
	331664  -  ResidentSetSize of job (KB)
...
005 (9485.000.000) 03/29 11:33:04 Job terminated.
	(1) Normal termination (return value 0)
		Usr 0 00:04:41, Sys 0 00:02:46  -  Run Remote Usage
		Usr 0 00:00:00, Sys 0 00:00:00  -  Run Local Usage
		Usr 0 00:04:41, Sys 0 00:02:46  -  Total Remote Usage
		Usr 0 00:00:00, Sys 0 00:00:00  -  Total Local Usage
	81250  -  Run Bytes Sent By Job
	541  -  Run Bytes Received By Job
	81250  -  Total Bytes Sent By Job
	541  -  Total Bytes Received By Job
	Partitionable Resources :    Usage  Request Allocated
	   Cpus                 :                 1         1
	   Disk (KB)            :       92  1024000   2046244
	   Memory (MB)          :      324     2000      2000
...
