000 (9480.000.000) 03/29 09:53:58 Job submitted from host: <128.101.221.180:9618?addrs=128.101.221.180-9618&noUDP&sock=3943_2604_3>
...
001 (9480.000.000) 03/29 11:22:49 Job executing on host: <128.101.221.175:9618?addrs=128.101.221.175-9618&noUDP&sock=12916_e152_4>
...
006 (9480.000.000) 03/29 11:22:57 Image size of job updated: 249168
	179  -  MemoryUsage of job (MB)
	182488  -  ResidentSetSize of job (KB)
...
006 (9480.000.000) 03/29 11:27:20 Image size of job updated: 730188
	179  -  MemoryUsage of job (MB)
	182488  -  ResidentSetSize of job (KB)
...
005 (9480.000.000) 03/29 11:27:21 Job terminated.
	(1) Normal termination (return value 0)
		Usr 0 00:02:44, Sys 0 00:01:29  -  Run Remote Usage
		Usr 0 00:00:00, Sys 0 00:00:00  -  Run Local Usage
		Usr 0 00:02:44, Sys 0 00:01:29  -  Total Remote Usage
		Usr 0 00:00:00, Sys 0 00:00:00  -  Total Local Usage
	58431  -  Run Bytes Sent By Job
	541  -  Run Bytes Received By Job
	58431  -  Total Bytes Sent By Job
	541  -  Total Bytes Received By Job
	Partitionable Resources :    Usage  Request Allocated
	   Cpus                 :                 1         1
	   Disk (KB)            :       70  1024000   1931040
	   Memory (MB)          :      179     2000      2000
...
