000 (9495.000.000) 03/29 09:54:06 Job submitted from host: <128.101.221.180:9618?addrs=128.101.221.180-9618&noUDP&sock=3943_2604_3>
...
001 (9495.000.000) 03/29 11:25:46 Job executing on host: <128.101.221.176:9618?addrs=128.101.221.176-9618&noUDP&sock=2756849_b007_4>
...
006 (9495.000.000) 03/29 11:25:54 Image size of job updated: 187804
	125  -  MemoryUsage of job (MB)
	127484  -  ResidentSetSize of job (KB)
...
006 (9495.000.000) 03/29 11:30:54 Image size of job updated: 334616
	325  -  MemoryUsage of job (MB)
	332552  -  ResidentSetSize of job (KB)
...
005 (9495.000.000) 03/29 11:32:46 Job terminated.
	(1) Normal termination (return value 0)
		Usr 0 00:04:50, Sys 0 00:01:36  -  Run Remote Usage
		Usr 0 00:00:00, Sys 0 00:00:00  -  Run Local Usage
		Usr 0 00:04:50, Sys 0 00:01:36  -  Total Remote Usage
		Usr 0 00:00:00, Sys 0 00:00:00  -  Total Local Usage
	76759  -  Run Bytes Sent By Job
	541  -  Run Bytes Received By Job
	76759  -  Total Bytes Sent By Job
	541  -  Total Bytes Received By Job
	Partitionable Resources :    Usage  Request Allocated
	   Cpus                 :                 1         1
	   Disk (KB)            :       88  1024000   1026246
	   Memory (MB)          :      325     2000      2000
...
