000 (9487.000.000) 03/29 09:54:01 Job submitted from host: <128.101.221.180:9618?addrs=128.101.221.180-9618&noUDP&sock=3943_2604_3>
...
001 (9487.000.000) 03/29 11:25:05 Job executing on host: <128.101.221.182:9618?addrs=128.101.221.182-9618&noUDP&sock=3902_06a2_4>
...
006 (9487.000.000) 03/29 11:25:14 Image size of job updated: 195068
	184  -  MemoryUsage of job (MB)
	187636  -  ResidentSetSize of job (KB)
...
006 (9487.000.000) 03/29 11:30:15 Image size of job updated: 332200
	325  -  MemoryUsage of job (MB)
	332136  -  ResidentSetSize of job (KB)
...
006 (9487.000.000) 03/29 11:34:46 Image size of job updated: 730632
	325  -  MemoryUsage of job (MB)
	332136  -  ResidentSetSize of job (KB)
...
005 (9487.000.000) 03/29 11:34:47 Job terminated.
	(1) Normal termination (return value 0)
		Usr 0 00:05:39, Sys 0 00:03:24  -  Run Remote Usage
		Usr 0 00:00:00, Sys 0 00:00:00  -  Run Local Usage
		Usr 0 00:05:39, Sys 0 00:03:24  -  Total Remote Usage
		Usr 0 00:00:00, Sys 0 00:00:00  -  Total Local Usage
	97049  -  Run Bytes Sent By Job
	541  -  Run Bytes Received By Job
	97049  -  Total Bytes Sent By Job
	541  -  Total Bytes Received By Job
	Partitionable Resources :    Usage  Request Allocated
	   Cpus                 :                 1         1
	   Disk (KB)            :      107  1024000   2046244
	   Memory (MB)          :      325     2000      2000
...
