000 (9488.000.000) 03/29 09:54:02 Job submitted from host: <128.101.221.180:9618?addrs=128.101.221.180-9618&noUDP&sock=3943_2604_3>
...
001 (9488.000.000) 03/29 11:25:05 Job executing on host: <128.101.221.182:9618?addrs=128.101.221.182-9618&noUDP&sock=3902_06a2_4>
...
006 (9488.000.000) 03/29 11:25:14 Image size of job updated: 192180
	185  -  MemoryUsage of job (MB)
	188428  -  ResidentSetSize of job (KB)
...
006 (9488.000.000) 03/29 11:30:15 Image size of job updated: 330324
	323  -  MemoryUsage of job (MB)
	330040  -  ResidentSetSize of job (KB)
...
006 (9488.000.000) 03/29 11:34:33 Image size of job updated: 332780
	323  -  MemoryUsage of job (MB)
	330040  -  ResidentSetSize of job (KB)
...
005 (9488.000.000) 03/29 11:34:34 Job terminated.
	(1) Normal termination (return value 0)
		Usr 0 00:05:35, Sys 0 00:03:14  -  Run Remote Usage
		Usr 0 00:00:00, Sys 0 00:00:00  -  Run Local Usage
		Usr 0 00:05:35, Sys 0 00:03:14  -  Total Remote Usage
		Usr 0 00:00:00, Sys 0 00:00:00  -  Total Local Usage
	81001  -  Run Bytes Sent By Job
	541  -  Run Bytes Received By Job
	81001  -  Total Bytes Sent By Job
	541  -  Total Bytes Received By Job
	Partitionable Resources :    Usage  Request Allocated
	   Cpus                 :                 1         1
	   Disk (KB)            :       92  1024000   2046244
	   Memory (MB)          :      323     2000      2000
...
