000 (9482.000.000) 03/29 09:53:59 Job submitted from host: <128.101.221.180:9618?addrs=128.101.221.180-9618&noUDP&sock=3943_2604_3>
...
001 (9482.000.000) 03/29 11:24:02 Job executing on host: <128.101.221.175:9618?addrs=128.101.221.175-9618&noUDP&sock=12916_e152_4>
...
006 (9482.000.000) 03/29 11:24:11 Image size of job updated: 211340
	195  -  MemoryUsage of job (MB)
	198796  -  ResidentSetSize of job (KB)
...
006 (9482.000.000) 03/29 11:29:12 Image size of job updated: 332904
	325  -  MemoryUsage of job (MB)
	332404  -  ResidentSetSize of job (KB)
...
006 (9482.000.000) 03/29 11:34:08 Image size of job updated: 730740
	325  -  MemoryUsage of job (MB)
	332404  -  ResidentSetSize of job (KB)
...
005 (9482.000.000) 03/29 11:34:10 Job terminated.
	(1) Normal termination (return value 0)
		Usr 0 00:05:57, Sys 0 00:03:28  -  Run Remote Usage
		Usr 0 00:00:00, Sys 0 00:00:00  -  Run Local Usage
		Usr 0 00:05:57, Sys 0 00:03:28  -  Total Remote Usage
		Usr 0 00:00:00, Sys 0 00:00:00  -  Total Local Usage
	89732  -  Run Bytes Sent By Job
	541  -  Run Bytes Received By Job
	89732  -  Total Bytes Sent By Job
	541  -  Total Bytes Received By Job
	Partitionable Resources :    Usage  Request Allocated
	   Cpus                 :                 1         1
	   Disk (KB)            :      101  1024000   1931038
	   Memory (MB)          :      325     2000      2000
...
