000 (9481.000.000) 03/29 09:53:58 Job submitted from host: <128.101.221.180:9618?addrs=128.101.221.180-9618&noUDP&sock=3943_2604_3>
...
001 (9481.000.000) 03/29 11:23:38 Job executing on host: <128.101.221.175:9618?addrs=128.101.221.175-9618&noUDP&sock=12916_e152_4>
...
006 (9481.000.000) 03/29 11:23:46 Image size of job updated: 219772
	151  -  MemoryUsage of job (MB)
	153656  -  ResidentSetSize of job (KB)
...
006 (9481.000.000) 03/29 11:28:46 Image size of job updated: 333120
	326  -  MemoryUsage of job (MB)
	333024  -  ResidentSetSize of job (KB)
...
006 (9481.000.000) 03/29 11:31:56 Image size of job updated: 333520
	326  -  MemoryUsage of job (MB)
	333024  -  ResidentSetSize of job (KB)
...
005 (9481.000.000) 03/29 11:31:57 Job terminated.
	(1) Normal termination (return value 0)
		Usr 0 00:04:57, Sys 0 00:02:46  -  Run Remote Usage
		Usr 0 00:00:00, Sys 0 00:00:00  -  Run Local Usage
		Usr 0 00:04:57, Sys 0 00:02:46  -  Total Remote Usage
		Usr 0 00:00:00, Sys 0 00:00:00  -  Total Local Usage
	84583  -  Run Bytes Sent By Job
	541  -  Run Bytes Received By Job
	84583  -  Total Bytes Sent By Job
	541  -  Total Bytes Received By Job
	Partitionable Resources :    Usage  Request Allocated
	   Cpus                 :                 1         1
	   Disk (KB)            :       95  1024000   1931030
	   Memory (MB)          :      326     2000      2000
...
