000 (9483.000.000) 03/29 09:53:59 Job submitted from host: <128.101.221.180:9618?addrs=128.101.221.180-9618&noUDP&sock=3943_2604_3>
...
001 (9483.000.000) 03/29 11:24:10 Job executing on host: <128.101.221.175:9618?addrs=128.101.221.175-9618&noUDP&sock=12916_e152_4>
...
006 (9483.000.000) 03/29 11:24:18 Image size of job updated: 242548
	171  -  MemoryUsage of job (MB)
	174784  -  ResidentSetSize of job (KB)
...
006 (9483.000.000) 03/29 11:29:18 Image size of job updated: 332196
	324  -  MemoryUsage of job (MB)
	331712  -  ResidentSetSize of job (KB)
...
006 (9483.000.000) 03/29 11:34:07 Image size of job updated: 730576
	324  -  MemoryUsage of job (MB)
	331712  -  ResidentSetSize of job (KB)
...
005 (9483.000.000) 03/29 11:34:08 Job terminated.
	(1) Normal termination (return value 0)
		Usr 0 00:05:54, Sys 0 00:03:23  -  Run Remote Usage
		Usr 0 00:00:00, Sys 0 00:00:00  -  Run Local Usage
		Usr 0 00:05:54, Sys 0 00:03:23  -  Total Remote Usage
		Usr 0 00:00:00, Sys 0 00:00:00  -  Total Local Usage
	103138  -  Run Bytes Sent By Job
	541  -  Run Bytes Received By Job
	103138  -  Total Bytes Sent By Job
	541  -  Total Bytes Received By Job
	Partitionable Resources :    Usage  Request Allocated
	   Cpus                 :                 1         1
	   Disk (KB)            :      114  1024000   1931040
	   Memory (MB)          :      324     2000      2000
...
