000 (9490.000.000) 03/29 09:54:03 Job submitted from host: <128.101.221.180:9618?addrs=128.101.221.180-9618&noUDP&sock=3943_2604_3>
...
001 (9490.000.000) 03/29 11:25:06 Job executing on host: <128.101.221.182:9618?addrs=128.101.221.182-9618&noUDP&sock=3902_06a2_4>
...
006 (9490.000.000) 03/29 11:25:14 Image size of job updated: 182064
	173  -  MemoryUsage of job (MB)
	176692  -  ResidentSetSize of job (KB)
...
006 (9490.000.000) 03/29 11:30:14 Image size of job updated: 331440
	324  -  MemoryUsage of job (MB)
	330944  -  ResidentSetSize of job (KB)
...
005 (9490.000.000) 03/29 11:33:37 Job terminated.
	(1) Normal termination (return value 0)
		Usr 0 00:05:02, Sys 0 00:02:53  -  Run Remote Usage
		Usr 0 00:00:00, Sys 0 00:00:00  -  Run Local Usage
		Usr 0 00:05:02, Sys 0 00:02:53  -  Total Remote Usage
		Usr 0 00:00:00, Sys 0 00:00:00  -  Total Local Usage
	74430  -  Run Bytes Sent By Job
	541  -  Run Bytes Received By Job
	74430  -  Total Bytes Sent By Job
	541  -  Total Bytes Received By Job
	Partitionable Resources :    Usage  Request Allocated
	   Cpus                 :                 1         1
	   Disk (KB)            :       85  1024000   2046242
	   Memory (MB)          :      324     2000      2000
...
