000 (7633.000.000) 02/22 08:57:11 Job submitted from host: <128.101.221.181:9618?addrs=128.101.221.181-9618&noUDP&sock=2582719_fdba_3>
...
001 (7633.000.000) 02/22 08:57:35 Job executing on host: <128.101.221.172:9618?addrs=128.101.221.172-9618&noUDP&sock=1824113_5f8e_4>
...
006 (7633.000.000) 02/22 08:57:44 Image size of job updated: 176328
	112  -  MemoryUsage of job (MB)
	114440  -  ResidentSetSize of job (KB)
...
005 (7633.000.000) 02/22 09:01:32 Job terminated.
	(1) Normal termination (return value 0)
		Usr 0 00:02:12, Sys 0 00:00:53  -  Run Remote Usage
		Usr 0 00:00:00, Sys 0 00:00:00  -  Run Local Usage
		Usr 0 00:02:12, Sys 0 00:00:53  -  Total Remote Usage
		Usr 0 00:00:00, Sys 0 00:00:00  -  Total Local Usage
	73025  -  Run Bytes Sent By Job
	513  -  Run Bytes Received By Job
	73025  -  Total Bytes Sent By Job
	513  -  Total Bytes Received By Job
	Partitionable Resources :    Usage  Request Allocated
	   Cpus                 :                 1         1
	   Disk (KB)            :       84  1024000   1030874
	   Memory (MB)          :      112     2000      2000
...
