000 (7627.000.000) 02/22 08:57:09 Job submitted from host: <128.101.221.181:9618?addrs=128.101.221.181-9618&noUDP&sock=2582719_fdba_3>
...
001 (7627.000.000) 02/22 08:57:13 Job executing on host: <128.101.221.183:9618?addrs=128.101.221.183-9618&noUDP&sock=4185509_9de4_4>
...
006 (7627.000.000) 02/22 08:57:21 Image size of job updated: 234660
	160  -  MemoryUsage of job (MB)
	163532  -  ResidentSetSize of job (KB)
...
005 (7627.000.000) 02/22 09:01:19 Job terminated.
	(1) Normal termination (return value 0)
		Usr 0 00:02:20, Sys 0 00:00:51  -  Run Remote Usage
		Usr 0 00:00:00, Sys 0 00:00:00  -  Run Local Usage
		Usr 0 00:02:20, Sys 0 00:00:51  -  Total Remote Usage
		Usr 0 00:00:00, Sys 0 00:00:00  -  Total Local Usage
	47812  -  Run Bytes Sent By Job
	513  -  Run Bytes Received By Job
	47812  -  Total Bytes Sent By Job
	513  -  Total Bytes Received By Job
	Partitionable Resources :    Usage  Request Allocated
	   Cpus                 :                 1         1
	   Disk (KB)            :       59  1024000   1030910
	   Memory (MB)          :      160     2000      2000
...
