000 (7645.000.000) 02/22 08:57:17 Job submitted from host: <128.101.221.181:9618?addrs=128.101.221.181-9618&noUDP&sock=2582719_fdba_3>
...
001 (7645.000.000) 02/22 08:57:33 Job executing on host: <128.101.221.181:9618?addrs=128.101.221.181-9618&noUDP&sock=2582719_fdba_4>
...
006 (7645.000.000) 02/22 08:57:42 Image size of job updated: 301720
	214  -  MemoryUsage of job (MB)
	218220  -  ResidentSetSize of job (KB)
...
006 (7645.000.000) 02/22 08:59:14 Image size of job updated: 717068
	214  -  MemoryUsage of job (MB)
	218220  -  ResidentSetSize of job (KB)
...
005 (7645.000.000) 02/22 08:59:15 Job terminated.
	(1) Normal termination (return value 0)
		Usr 0 00:00:54, Sys 0 00:00:19  -  Run Remote Usage
		Usr 0 00:00:00, Sys 0 00:00:00  -  Run Local Usage
		Usr 0 00:00:54, Sys 0 00:00:19  -  Total Remote Usage
		Usr 0 00:00:00, Sys 0 00:00:00  -  Total Local Usage
	36945  -  Run Bytes Sent By Job
	513  -  Run Bytes Received By Job
	36945  -  Total Bytes Sent By Job
	513  -  Total Bytes Received By Job
	Partitionable Resources :    Usage  Request Allocated
	   Cpus                 :                 1         1
	   Disk (KB)            :       49  1024000   1028414
	   Memory (MB)          :      214     2000      2000
...
