000 (7639.000.000) 02/22 08:57:15 Job submitted from host: <128.101.221.181:9618?addrs=128.101.221.181-9618&noUDP&sock=2582719_fdba_3>
...
001 (7639.000.000) 02/22 08:57:37 Job executing on host: <128.101.221.171:9618?addrs=128.101.221.171-9618&noUDP&sock=1778228_146e_4>
...
006 (7639.000.000) 02/22 08:57:46 Image size of job updated: 290396
	205  -  MemoryUsage of job (MB)
	209320  -  ResidentSetSize of job (KB)
...
005 (7639.000.000) 02/22 09:00:31 Job terminated.
	(1) Normal termination (return value 0)
		Usr 0 00:01:30, Sys 0 00:00:37  -  Run Remote Usage
		Usr 0 00:00:00, Sys 0 00:00:00  -  Run Local Usage
		Usr 0 00:01:30, Sys 0 00:00:37  -  Total Remote Usage
		Usr 0 00:00:00, Sys 0 00:00:00  -  Total Local Usage
	35656  -  Run Bytes Sent By Job
	513  -  Run Bytes Received By Job
	35656  -  Total Bytes Sent By Job
	513  -  Total Bytes Received By Job
	Partitionable Resources :    Usage  Request Allocated
	   Cpus                 :                 1         1
	   Disk (KB)            :       48  1024000   1029405
	   Memory (MB)          :      205     2000      2000
...
