000 (7648.000.000) 02/22 08:57:19 Job submitted from host: <128.101.221.181:9618?addrs=128.101.221.181-9618&noUDP&sock=2582719_fdba_3>
...
001 (7648.000.000) 02/22 08:57:33 Job executing on host: <128.101.221.170:9618?addrs=128.101.221.170-9618&noUDP&sock=4150_221f_4>
...
006 (7648.000.000) 02/22 08:57:42 Image size of job updated: 101776
	54  -  MemoryUsage of job (MB)
	54460  -  ResidentSetSize of job (KB)
...
006 (7648.000.000) 02/22 09:00:45 Image size of job updated: 722660
	54  -  MemoryUsage of job (MB)
	54468  -  ResidentSetSize of job (KB)
...
005 (7648.000.000) 02/22 09:00:45 Job terminated.
	(1) Normal termination (return value 0)
		Usr 0 00:01:38, Sys 0 00:00:46  -  Run Remote Usage
		Usr 0 00:00:00, Sys 0 00:00:00  -  Run Local Usage
		Usr 0 00:01:38, Sys 0 00:00:46  -  Total Remote Usage
		Usr 0 00:00:00, Sys 0 00:00:00  -  Total Local Usage
	50078  -  Run Bytes Sent By Job
	513  -  Run Bytes Received By Job
	50078  -  Total Bytes Sent By Job
	513  -  Total Bytes Received By Job
	Partitionable Resources :    Usage  Request Allocated
	   Cpus                 :                 1         1
	   Disk (KB)            :       68  1024000   2040476
	   Memory (MB)          :       54     2000      2000
...
