000 (7629.000.000) 02/22 08:57:10 Job submitted from host: <128.101.221.181:9618?addrs=128.101.221.181-9618&noUDP&sock=2582719_fdba_3>
...
001 (7629.000.000) 02/22 08:57:13 Job executing on host: <128.101.221.186:9618?addrs=128.101.221.186-9618&noUDP&sock=3131318_464d_4>
...
006 (7629.000.000) 02/22 08:57:22 Image size of job updated: 289172
	204  -  MemoryUsage of job (MB)
	208372  -  ResidentSetSize of job (KB)
...
006 (7629.000.000) 02/22 08:58:34 Image size of job updated: 717800
	204  -  MemoryUsage of job (MB)
	208372  -  ResidentSetSize of job (KB)
...
005 (7629.000.000) 02/22 08:58:35 Job terminated.
	(1) Normal termination (return value 0)
		Usr 0 00:00:39, Sys 0 00:00:12  -  Run Remote Usage
		Usr 0 00:00:00, Sys 0 00:00:00  -  Run Local Usage
		Usr 0 00:00:39, Sys 0 00:00:12  -  Total Remote Usage
		Usr 0 00:00:00, Sys 0 00:00:00  -  Total Local Usage
	43343  -  Run Bytes Sent By Job
	513  -  Run Bytes Received By Job
	43343  -  Total Bytes Sent By Job
	513  -  Total Bytes Received By Job
	Partitionable Resources :    Usage  Request Allocated
	   Cpus                 :                 1         1
	   Disk (KB)            :       55  1024000   1028665
	   Memory (MB)          :      204     2000      2000
...
