000 (6986.000.000) 03/03 10:50:31 Job submitted from host: <128.101.221.180:9618?addrs=128.101.221.180-9618&noUDP&sock=3943_2604_3>
...
001 (6986.000.000) 03/03 10:50:44 Job executing on host: <128.101.220.160:9618?addrs=128.101.220.160-9618&noUDP&sock=254758_6069_4>
...
006 (6986.000.000) 03/03 10:50:52 Image size of job updated: 48560
	25  -  MemoryUsage of job (MB)
	25336  -  ResidentSetSize of job (KB)
...
006 (6986.000.000) 03/03 10:54:28 Image size of job updated: 424128
	25  -  MemoryUsage of job (MB)
	25336  -  ResidentSetSize of job (KB)
...
005 (6986.000.000) 03/03 10:54:30 Job terminated.
	(1) Normal termination (return value 0)
		Usr 0 00:01:58, Sys 0 00:00:42  -  Run Remote Usage
		Usr 0 00:00:00, Sys 0 00:00:00  -  Run Local Usage
		Usr 0 00:01:58, Sys 0 00:00:42  -  Total Remote Usage
		Usr 0 00:00:00, Sys 0 00:00:00  -  Total Local Usage
	63632  -  Run Bytes Sent By Job
	533  -  Run Bytes Received By Job
	63632  -  Total Bytes Sent By Job
	533  -  Total Bytes Received By Job
	Partitionable Resources :    Usage  Request Allocated
	   Cpus                 :                 1         1
	   Disk (KB)            :       75  1024000   1029447
	   Memory (MB)          :       25     2000      2000
...
