000 (7009.000.000) 03/03 10:50:51 Job submitted from host: <128.101.221.180:9618?addrs=128.101.221.180-9618&noUDP&sock=3943_2604_3>
...
001 (7009.000.000) 03/03 10:51:04 Job executing on host: <128.101.220.84:9618?addrs=128.101.220.84-9618&noUDP&sock=231370_2768_4>
...
006 (7009.000.000) 03/03 10:51:13 Image size of job updated: 252208
	174  -  MemoryUsage of job (MB)
	177220  -  ResidentSetSize of job (KB)
...
006 (7009.000.000) 03/03 10:55:52 Image size of job updated: 720640
	174  -  MemoryUsage of job (MB)
	177220  -  ResidentSetSize of job (KB)
...
005 (7009.000.000) 03/03 10:55:53 Job terminated.
	(1) Normal termination (return value 0)
		Usr 0 00:02:41, Sys 0 00:01:05  -  Run Remote Usage
		Usr 0 00:00:00, Sys 0 00:00:00  -  Run Local Usage
		Usr 0 00:02:41, Sys 0 00:01:05  -  Total Remote Usage
		Usr 0 00:00:00, Sys 0 00:00:00  -  Total Local Usage
	97793  -  Run Bytes Sent By Job
	533  -  Run Bytes Received By Job
	97793  -  Total Bytes Sent By Job
	533  -  Total Bytes Received By Job
	Partitionable Resources :    Usage  Request Allocated
	   Cpus                 :                 1         1
	   Disk (KB)            :      108  1024000   1029905
	   Memory (MB)          :      174     2000      2000
...
