000 (7024.000.000) 03/03 10:51:01 Job submitted from host: <128.101.221.180:9618?addrs=128.101.221.180-9618&noUDP&sock=3943_2604_3>
...
001 (7024.000.000) 03/03 10:51:21 Job executing on host: <128.101.220.54:9618?addrs=128.101.220.54-9618&noUDP&sock=259437_c80b_4>
...
006 (7024.000.000) 03/03 10:51:29 Image size of job updated: 184976
	122  -  MemoryUsage of job (MB)
	124600  -  ResidentSetSize of job (KB)
...
006 (7024.000.000) 03/03 10:55:06 Image size of job updated: 419812
	122  -  MemoryUsage of job (MB)
	124600  -  ResidentSetSize of job (KB)
...
005 (7024.000.000) 03/03 10:55:08 Job terminated.
	(1) Normal termination (return value 0)
		Usr 0 00:02:07, Sys 0 00:00:48  -  Run Remote Usage
		Usr 0 00:00:00, Sys 0 00:00:00  -  Run Local Usage
		Usr 0 00:02:07, Sys 0 00:00:48  -  Total Remote Usage
		Usr 0 00:00:00, Sys 0 00:00:00  -  Total Local Usage
	75721  -  Run Bytes Sent By Job
	533  -  Run Bytes Received By Job
	75721  -  Total Bytes Sent By Job
	533  -  Total Bytes Received By Job
	Partitionable Resources :    Usage  Request Allocated
	   Cpus                 :                 1         1
	   Disk (KB)            :       87  1024000   1029572
	   Memory (MB)          :      122     2000      2000
...
