000 (7005.000.000) 03/03 10:50:46 Job submitted from host: <128.101.221.180:9618?addrs=128.101.221.180-9618&noUDP&sock=3943_2604_3>
...
001 (7005.000.000) 03/03 10:51:07 Job executing on host: <128.101.220.43:9618?addrs=128.101.220.43-9618&noUDP&sock=249879_c9d6_4>
...
006 (7005.000.000) 03/03 10:51:15 Image size of job updated: 277744
	196  -  MemoryUsage of job (MB)
	200312  -  ResidentSetSize of job (KB)
...
005 (7005.000.000) 03/03 10:53:47 Job terminated.
	(1) Normal termination (return value 0)
		Usr 0 00:01:31, Sys 0 00:00:33  -  Run Remote Usage
		Usr 0 00:00:00, Sys 0 00:00:00  -  Run Local Usage
		Usr 0 00:01:31, Sys 0 00:00:33  -  Total Remote Usage
		Usr 0 00:00:00, Sys 0 00:00:00  -  Total Local Usage
	55211  -  Run Bytes Sent By Job
	533  -  Run Bytes Received By Job
	55211  -  Total Bytes Sent By Job
	533  -  Total Bytes Received By Job
	Partitionable Resources :    Usage  Request Allocated
	   Cpus                 :                 1         1
	   Disk (KB)            :       67  1024000   1029881
	   Memory (MB)          :      196     2000      2000
...
