000 (7019.000.000) 03/03 10:50:58 Job submitted from host: <128.101.221.180:9618?addrs=128.101.221.180-9618&noUDP&sock=3943_2604_3>
...
001 (7019.000.000) 03/03 10:51:18 Job executing on host: <128.101.221.193:9618?addrs=128.101.221.193-9618&noUDP&sock=2332108_b0a7_4>
...
006 (7019.000.000) 03/03 10:51:26 Image size of job updated: 217568
	148  -  MemoryUsage of job (MB)
	150648  -  ResidentSetSize of job (KB)
...
005 (7019.000.000) 03/03 10:52:41 Job terminated.
	(1) Normal termination (return value 0)
		Usr 0 00:00:49, Sys 0 00:00:16  -  Run Remote Usage
		Usr 0 00:00:00, Sys 0 00:00:00  -  Run Local Usage
		Usr 0 00:00:49, Sys 0 00:00:16  -  Total Remote Usage
		Usr 0 00:00:00, Sys 0 00:00:00  -  Total Local Usage
	34960  -  Run Bytes Sent By Job
	533  -  Run Bytes Received By Job
	34960  -  Total Bytes Sent By Job
	533  -  Total Bytes Received By Job
	Partitionable Resources :    Usage  Request Allocated
	   Cpus                 :                 1         1
	   Disk (KB)            :       47  1024000   1029324
	   Memory (MB)          :      148     2000      2000
...
