000 (7013.000.000) 03/03 10:50:54 Job submitted from host: <128.101.221.180:9618?addrs=128.101.221.180-9618&noUDP&sock=3943_2604_3>
...
001 (7013.000.000) 03/03 10:51:05 Job executing on host: <128.101.221.192:9618?addrs=128.101.221.192-9618&noUDP&sock=3175794_1c7b_4>
...
006 (7013.000.000) 03/03 10:51:13 Image size of job updated: 181036
	115  -  MemoryUsage of job (MB)
	117208  -  ResidentSetSize of job (KB)
...
005 (7013.000.000) 03/03 10:52:42 Job terminated.
	(1) Normal termination (return value 0)
		Usr 0 00:01:01, Sys 0 00:00:20  -  Run Remote Usage
		Usr 0 00:00:00, Sys 0 00:00:00  -  Run Local Usage
		Usr 0 00:01:01, Sys 0 00:00:20  -  Total Remote Usage
		Usr 0 00:00:00, Sys 0 00:00:00  -  Total Local Usage
	40654  -  Run Bytes Sent By Job
	533  -  Run Bytes Received By Job
	40654  -  Total Bytes Sent By Job
	533  -  Total Bytes Received By Job
	Partitionable Resources :    Usage  Request Allocated
	   Cpus                 :                 1         1
	   Disk (KB)            :       52  1024000   1028867
	   Memory (MB)          :      115     2000      2000
...
