000 (7036.000.000) 03/03 10:51:11 Job submitted from host: <128.101.221.180:9618?addrs=128.101.221.180-9618&noUDP&sock=3943_2604_3>
...
001 (7036.000.000) 03/03 10:51:25 Job executing on host: <128.101.221.189:9618?addrs=128.101.221.189-9618&noUDP&sock=3424045_a60c_4>
...
006 (7036.000.000) 03/03 10:51:33 Image size of job updated: 188472
	126  -  MemoryUsage of job (MB)
	128064  -  ResidentSetSize of job (KB)
...
005 (7036.000.000) 03/03 10:54:04 Job terminated.
	(1) Normal termination (return value 0)
		Usr 0 00:01:32, Sys 0 00:00:31  -  Run Remote Usage
		Usr 0 00:00:00, Sys 0 00:00:00  -  Run Local Usage
		Usr 0 00:01:32, Sys 0 00:00:31  -  Total Remote Usage
		Usr 0 00:00:00, Sys 0 00:00:00  -  Total Local Usage
	44646  -  Run Bytes Sent By Job
	533  -  Run Bytes Received By Job
	44646  -  Total Bytes Sent By Job
	533  -  Total Bytes Received By Job
	Partitionable Resources :    Usage  Request Allocated
	   Cpus                 :                 1         1
	   Disk (KB)            :       56  1024000   1028073
	   Memory (MB)          :      126     2000      2000
...
