000 (6996.000.000) 03/03 10:50:36 Job submitted from host: <128.101.221.180:9618?addrs=128.101.221.180-9618&noUDP&sock=3943_2604_3>
...
001 (6996.000.000) 03/03 10:50:58 Job executing on host: <128.101.221.183:9618?addrs=128.101.221.183-9618&noUDP&sock=4185509_9de4_4>
...
006 (6996.000.000) 03/03 10:51:07 Image size of job updated: 308648
	221  -  MemoryUsage of job (MB)
	225360  -  ResidentSetSize of job (KB)
...
006 (6996.000.000) 03/03 10:56:08 Image size of job updated: 326252
	319  -  MemoryUsage of job (MB)
	325948  -  ResidentSetSize of job (KB)
...
006 (6996.000.000) 03/03 10:56:09 Image size of job updated: 720824
	319  -  MemoryUsage of job (MB)
	325948  -  ResidentSetSize of job (KB)
...
005 (6996.000.000) 03/03 10:56:10 Job terminated.
	(1) Normal termination (return value 0)
		Usr 0 00:02:43, Sys 0 00:01:04  -  Run Remote Usage
		Usr 0 00:00:00, Sys 0 00:00:00  -  Run Local Usage
		Usr 0 00:02:43, Sys 0 00:01:04  -  Total Remote Usage
		Usr 0 00:00:00, Sys 0 00:00:00  -  Total Local Usage
	66459  -  Run Bytes Sent By Job
	533  -  Run Bytes Received By Job
	66459  -  Total Bytes Sent By Job
	533  -  Total Bytes Received By Job
	Partitionable Resources :    Usage  Request Allocated
	   Cpus                 :                 1         1
	   Disk (KB)            :       78  1024000   1029022
	   Memory (MB)          :      319     2000      2000
...
