000 (6975.000.000) 03/03 10:50:25 Job submitted from host: <128.101.221.180:9618?addrs=128.101.221.180-9618&noUDP&sock=3943_2604_3>
...
001 (6975.000.000) 03/03 10:50:41 Job executing on host: <128.101.220.87:9618?addrs=128.101.220.87-9618&noUDP&sock=465496_1dbd_4>
...
006 (6975.000.000) 03/03 10:50:49 Image size of job updated: 127596
	76  -  MemoryUsage of job (MB)
	77036  -  ResidentSetSize of job (KB)
...
005 (6975.000.000) 03/03 10:52:31 Job terminated.
	(1) Normal termination (return value 0)
		Usr 0 00:00:59, Sys 0 00:00:19  -  Run Remote Usage
		Usr 0 00:00:00, Sys 0 00:00:00  -  Run Local Usage
		Usr 0 00:00:59, Sys 0 00:00:19  -  Total Remote Usage
		Usr 0 00:00:00, Sys 0 00:00:00  -  Total Local Usage
	39342  -  Run Bytes Sent By Job
	533  -  Run Bytes Received By Job
	39342  -  Total Bytes Sent By Job
	533  -  Total Bytes Received By Job
	Partitionable Resources :    Usage  Request Allocated
	   Cpus                 :                 1         1
	   Disk (KB)            :       51  1024000   1029965
	   Memory (MB)          :       76     2000      2000
...
