000 (7007.000.000) 03/03 10:50:48 Job submitted from host: <128.101.221.180:9618?addrs=128.101.221.180-9618&noUDP&sock=3943_2604_3>
...
001 (7007.000.000) 03/03 10:51:02 Job executing on host: <128.101.220.89:9618?addrs=128.101.220.89-9618&noUDP&sock=367686_9777_4>
...
006 (7007.000.000) 03/03 10:51:11 Image size of job updated: 264660
	186  -  MemoryUsage of job (MB)
	189700  -  ResidentSetSize of job (KB)
...
005 (7007.000.000) 03/03 10:54:00 Job terminated.
	(1) Normal termination (return value 0)
		Usr 0 00:01:40, Sys 0 00:00:38  -  Run Remote Usage
		Usr 0 00:00:00, Sys 0 00:00:00  -  Run Local Usage
		Usr 0 00:01:40, Sys 0 00:00:38  -  Total Remote Usage
		Usr 0 00:00:00, Sys 0 00:00:00  -  Total Local Usage
	47738  -  Run Bytes Sent By Job
	533  -  Run Bytes Received By Job
	47738  -  Total Bytes Sent By Job
	533  -  Total Bytes Received By Job
	Partitionable Resources :    Usage  Request Allocated
	   Cpus                 :                 1         1
	   Disk (KB)            :       59  1024000   1030017
	   Memory (MB)          :      186     2000      2000
...
