000 (6987.000.000) 03/03 10:50:32 Job submitted from host: <128.101.221.180:9618?addrs=128.101.221.180-9618&noUDP&sock=3943_2604_3>
...
001 (6987.000.000) 03/03 10:50:44 Job executing on host: <128.101.220.109:9618?addrs=128.101.220.109-9618&noUDP&sock=438069_79b7_4>
...
006 (6987.000.000) 03/03 10:50:53 Image size of job updated: 188348
	124  -  MemoryUsage of job (MB)
	126500  -  ResidentSetSize of job (KB)
...
005 (6987.000.000) 03/03 10:54:03 Job terminated.
	(1) Normal termination (return value 0)
		Usr 0 00:00:52, Sys 0 00:00:17  -  Run Remote Usage
		Usr 0 00:00:00, Sys 0 00:00:00  -  Run Local Usage
		Usr 0 00:00:52, Sys 0 00:00:17  -  Total Remote Usage
		Usr 0 00:00:00, Sys 0 00:00:00  -  Total Local Usage
	41993  -  Run Bytes Sent By Job
	533  -  Run Bytes Received By Job
	41993  -  Total Bytes Sent By Job
	533  -  Total Bytes Received By Job
	Partitionable Resources :    Usage  Request Allocated
	   Cpus                 :                 1         1
	   Disk (KB)            :       54  1024000   1029552
	   Memory (MB)          :      124     2000      2000
...
