000 (7025.000.000) 03/03 10:51:02 Job submitted from host: <128.101.221.180:9618?addrs=128.101.221.180-9618&noUDP&sock=3943_2604_3>
...
001 (7025.000.000) 03/03 10:51:21 Job executing on host: <128.101.220.50:9618?addrs=128.101.220.50-9618&noUDP&sock=258564_f9de_4>
...
006 (7025.000.000) 03/03 10:51:29 Image size of job updated: 182692
	125  -  MemoryUsage of job (MB)
	127464  -  ResidentSetSize of job (KB)
...
006 (7025.000.000) 03/03 10:53:49 Image size of job updated: 718196
	125  -  MemoryUsage of job (MB)
	127464  -  ResidentSetSize of job (KB)
...
005 (7025.000.000) 03/03 10:53:50 Job terminated.
	(1) Normal termination (return value 0)
		Usr 0 00:01:23, Sys 0 00:00:31  -  Run Remote Usage
		Usr 0 00:00:00, Sys 0 00:00:00  -  Run Local Usage
		Usr 0 00:01:23, Sys 0 00:00:31  -  Total Remote Usage
		Usr 0 00:00:00, Sys 0 00:00:00  -  Total Local Usage
	51509  -  Run Bytes Sent By Job
	533  -  Run Bytes Received By Job
	51509  -  Total Bytes Sent By Job
	533  -  Total Bytes Received By Job
	Partitionable Resources :    Usage  Request Allocated
	   Cpus                 :                 1         1
	   Disk (KB)            :       63  1024000   1029246
	   Memory (MB)          :      125     2000      2000
...
