000 (7033.000.000) 03/03 10:51:09 Job submitted from host: <128.101.221.180:9618?addrs=128.101.221.180-9618&noUDP&sock=3943_2604_3>
...
001 (7033.000.000) 03/03 10:51:22 Job executing on host: <128.101.220.86:9618?addrs=128.101.220.86-9618&noUDP&sock=428775_9083_4>
...
006 (7033.000.000) 03/03 10:51:31 Image size of job updated: 240844
	168  -  MemoryUsage of job (MB)
	171172  -  ResidentSetSize of job (KB)
...
006 (7033.000.000) 03/03 10:55:32 Image size of job updated: 409560
	168  -  MemoryUsage of job (MB)
	171172  -  ResidentSetSize of job (KB)
...
005 (7033.000.000) 03/03 10:55:33 Job terminated.
	(1) Normal termination (return value 0)
		Usr 0 00:02:21, Sys 0 00:00:54  -  Run Remote Usage
		Usr 0 00:00:00, Sys 0 00:00:00  -  Run Local Usage
		Usr 0 00:02:21, Sys 0 00:00:54  -  Total Remote Usage
		Usr 0 00:00:00, Sys 0 00:00:00  -  Total Local Usage
	79481  -  Run Bytes Sent By Job
	533  -  Run Bytes Received By Job
	79481  -  Total Bytes Sent By Job
	533  -  Total Bytes Received By Job
	Partitionable Resources :    Usage  Request Allocated
	   Cpus                 :                 1         1
	   Disk (KB)            :       90  1024000   1029181
	   Memory (MB)          :      168     2000      2000
...
