000 (7018.000.000) 03/03 10:50:58 Job submitted from host: <128.101.221.180:9618?addrs=128.101.221.180-9618&noUDP&sock=3943_2604_3>
...
001 (7018.000.000) 03/03 10:51:16 Job executing on host: <128.101.221.183:9618?addrs=128.101.221.183-9618&noUDP&sock=4185509_9de4_4>
...
006 (7018.000.000) 03/03 10:51:25 Image size of job updated: 285436
	201  -  MemoryUsage of job (MB)
	205784  -  ResidentSetSize of job (KB)
...
005 (7018.000.000) 03/03 10:55:09 Job terminated.
	(1) Normal termination (return value 0)
		Usr 0 00:02:08, Sys 0 00:00:49  -  Run Remote Usage
		Usr 0 00:00:00, Sys 0 00:00:00  -  Run Local Usage
		Usr 0 00:02:08, Sys 0 00:00:49  -  Total Remote Usage
		Usr 0 00:00:00, Sys 0 00:00:00  -  Total Local Usage
	57412  -  Run Bytes Sent By Job
	533  -  Run Bytes Received By Job
	57412  -  Total Bytes Sent By Job
	533  -  Total Bytes Received By Job
	Partitionable Resources :    Usage  Request Allocated
	   Cpus                 :                 1         1
	   Disk (KB)            :       69  1024000   1029017
	   Memory (MB)          :      201     2000      2000
...
