000 (7011.000.000) 03/03 10:50:52 Job submitted from host: <128.101.221.180:9618?addrs=128.101.221.180-9618&noUDP&sock=3943_2604_3>
...
001 (7011.000.000) 03/03 10:51:04 Job executing on host: <128.101.220.86:9618?addrs=128.101.220.86-9618&noUDP&sock=428775_9083_4>
...
006 (7011.000.000) 03/03 10:51:13 Image size of job updated: 247768
	175  -  MemoryUsage of job (MB)
	178256  -  ResidentSetSize of job (KB)
...
005 (7011.000.000) 03/03 10:52:39 Job terminated.
	(1) Normal termination (return value 0)
		Usr 0 00:00:56, Sys 0 00:00:19  -  Run Remote Usage
		Usr 0 00:00:00, Sys 0 00:00:00  -  Run Local Usage
		Usr 0 00:00:56, Sys 0 00:00:19  -  Total Remote Usage
		Usr 0 00:00:00, Sys 0 00:00:00  -  Total Local Usage
	40438  -  Run Bytes Sent By Job
	533  -  Run Bytes Received By Job
	40438  -  Total Bytes Sent By Job
	533  -  Total Bytes Received By Job
	Partitionable Resources :    Usage  Request Allocated
	   Cpus                 :                 1         1
	   Disk (KB)            :       52  1024000   1029189
	   Memory (MB)          :      175     2000      2000
...
