000 (7028.000.000) 03/03 10:51:04 Job submitted from host: <128.101.221.180:9618?addrs=128.101.221.180-9618&noUDP&sock=3943_2604_3>
...
001 (7028.000.000) 03/03 10:51:22 Job executing on host: <128.101.220.74:9618?addrs=128.101.220.74-9618&noUDP&sock=279762_0a76_4>
...
006 (7028.000.000) 03/03 10:51:31 Image size of job updated: 225556
	162  -  MemoryUsage of job (MB)
	165776  -  ResidentSetSize of job (KB)
...
005 (7028.000.000) 03/03 10:53:21 Job terminated.
	(1) Normal termination (return value 0)
		Usr 0 00:01:10, Sys 0 00:00:24  -  Run Remote Usage
		Usr 0 00:00:00, Sys 0 00:00:00  -  Run Local Usage
		Usr 0 00:01:10, Sys 0 00:00:24  -  Total Remote Usage
		Usr 0 00:00:00, Sys 0 00:00:00  -  Total Local Usage
	38698  -  Run Bytes Sent By Job
	533  -  Run Bytes Received By Job
	38698  -  Total Bytes Sent By Job
	533  -  Total Bytes Received By Job
	Partitionable Resources :    Usage  Request Allocated
	   Cpus                 :                 1         1
	   Disk (KB)            :       51  1024000   1029842
	   Memory (MB)          :      162     2000      2000
...
