000 (7027.000.000) 03/03 10:51:03 Job submitted from host: <128.101.221.180:9618?addrs=128.101.221.180-9618&noUDP&sock=3943_2604_3>
...
001 (7027.000.000) 03/03 10:51:21 Job executing on host: <128.101.220.87:9618?addrs=128.101.220.87-9618&noUDP&sock=465496_1dbd_4>
...
006 (7027.000.000) 03/03 10:51:29 Image size of job updated: 192328
	130  -  MemoryUsage of job (MB)
	132992  -  ResidentSetSize of job (KB)
...
006 (7027.000.000) 03/03 10:55:43 Image size of job updated: 410224
	130  -  MemoryUsage of job (MB)
	132992  -  ResidentSetSize of job (KB)
...
005 (7027.000.000) 03/03 10:55:44 Job terminated.
	(1) Normal termination (return value 0)
		Usr 0 00:02:29, Sys 0 00:00:57  -  Run Remote Usage
		Usr 0 00:00:00, Sys 0 00:00:00  -  Run Local Usage
		Usr 0 00:02:29, Sys 0 00:00:57  -  Total Remote Usage
		Usr 0 00:00:00, Sys 0 00:00:00  -  Total Local Usage
	68970  -  Run Bytes Sent By Job
	533  -  Run Bytes Received By Job
	68970  -  Total Bytes Sent By Job
	533  -  Total Bytes Received By Job
	Partitionable Resources :    Usage  Request Allocated
	   Cpus                 :                 1         1
	   Disk (KB)            :       80  1024000   1029943
	   Memory (MB)          :      130     2000      2000
...
