000 (7008.000.000) 03/03 10:50:50 Job submitted from host: <128.101.221.180:9618?addrs=128.101.221.180-9618&noUDP&sock=3943_2604_3>
...
001 (7008.000.000) 03/03 10:51:02 Job executing on host: <128.101.220.49:9618?addrs=128.101.220.49-9618&noUDP&sock=280861_dd0b_4>
...
006 (7008.000.000) 03/03 10:51:11 Image size of job updated: 269372
	186  -  MemoryUsage of job (MB)
	189660  -  ResidentSetSize of job (KB)
...
005 (7008.000.000) 03/03 10:52:48 Job terminated.
	(1) Normal termination (return value 0)
		Usr 0 00:01:03, Sys 0 00:00:21  -  Run Remote Usage
		Usr 0 00:00:00, Sys 0 00:00:00  -  Run Local Usage
		Usr 0 00:01:03, Sys 0 00:00:21  -  Total Remote Usage
		Usr 0 00:00:00, Sys 0 00:00:00  -  Total Local Usage
	44646  -  Run Bytes Sent By Job
	533  -  Run Bytes Received By Job
	44646  -  Total Bytes Sent By Job
	533  -  Total Bytes Received By Job
	Partitionable Resources :    Usage  Request Allocated
	   Cpus                 :                 1         1
	   Disk (KB)            :       56  1024000   1029842
	   Memory (MB)          :      186     2000      2000
...
