000 (6995.000.000) 03/03 10:50:36 Job submitted from host: <128.101.221.180:9618?addrs=128.101.221.180-9618&noUDP&sock=3943_2604_3>
...
001 (6995.000.000) 03/03 10:50:58 Job executing on host: <128.101.221.191:9618?addrs=128.101.221.191-9618&noUDP&sock=3143621_1bfa_4>
...
006 (6995.000.000) 03/03 10:51:07 Image size of job updated: 238264
	176  -  MemoryUsage of job (MB)
	179260  -  ResidentSetSize of job (KB)
...
006 (6995.000.000) 03/03 10:54:32 Image size of job updated: 329616
	176  -  MemoryUsage of job (MB)
	179260  -  ResidentSetSize of job (KB)
...
005 (6995.000.000) 03/03 10:54:33 Job terminated.
	(1) Normal termination (return value 0)
		Usr 0 00:02:10, Sys 0 00:00:48  -  Run Remote Usage
		Usr 0 00:00:00, Sys 0 00:00:00  -  Run Local Usage
		Usr 0 00:02:10, Sys 0 00:00:48  -  Total Remote Usage
		Usr 0 00:00:00, Sys 0 00:00:00  -  Total Local Usage
	58485  -  Run Bytes Sent By Job
	533  -  Run Bytes Received By Job
	58485  -  Total Bytes Sent By Job
	533  -  Total Bytes Received By Job
	Partitionable Resources :    Usage  Request Allocated
	   Cpus                 :                 1         1
	   Disk (KB)            :       70  1024000   1029494
	   Memory (MB)          :      176     2000      2000
...
