000 (6988.000.000) 03/03 10:50:32 Job submitted from host: <128.101.221.180:9618?addrs=128.101.221.180-9618&noUDP&sock=3943_2604_3>
...
001 (6988.000.000) 03/03 10:50:44 Job executing on host: <128.101.220.206:9618?addrs=128.101.220.206-9618&noUDP&sock=203915_4ebb_4>
...
006 (6988.000.000) 03/03 10:50:53 Image size of job updated: 187104
	123  -  MemoryUsage of job (MB)
	125256  -  ResidentSetSize of job (KB)
...
006 (6988.000.000) 03/03 10:54:03 Image size of job updated: 720880
	123  -  MemoryUsage of job (MB)
	125256  -  ResidentSetSize of job (KB)
...
005 (6988.000.000) 03/03 10:54:04 Job terminated.
	(1) Normal termination (return value 0)
		Usr 0 00:01:48, Sys 0 00:00:39  -  Run Remote Usage
		Usr 0 00:00:00, Sys 0 00:00:00  -  Run Local Usage
		Usr 0 00:01:48, Sys 0 00:00:39  -  Total Remote Usage
		Usr 0 00:00:00, Sys 0 00:00:00  -  Total Local Usage
	60519  -  Run Bytes Sent By Job
	533  -  Run Bytes Received By Job
	60519  -  Total Bytes Sent By Job
	533  -  Total Bytes Received By Job
	Partitionable Resources :    Usage  Request Allocated
	   Cpus                 :                 1         1
	   Disk (KB)            :       72  1024000   1030007
	   Memory (MB)          :      123     2000      2000
...
