000 (6993.000.000) 03/03 10:50:35 Job submitted from host: <128.101.221.180:9618?addrs=128.101.221.180-9618&noUDP&sock=3943_2604_3>
...
001 (6993.000.000) 03/03 10:50:58 Job executing on host: <128.101.221.181:9618?addrs=128.101.221.181-9618&noUDP&sock=2582719_fdba_4>
...
006 (6993.000.000) 03/03 10:51:07 Image size of job updated: 253388
	174  -  MemoryUsage of job (MB)
	177224  -  ResidentSetSize of job (KB)
...
006 (6993.000.000) 03/03 10:55:22 Image size of job updated: 331204
	174  -  MemoryUsage of job (MB)
	177224  -  ResidentSetSize of job (KB)
...
005 (6993.000.000) 03/03 10:55:23 Job terminated.
	(1) Normal termination (return value 0)
		Usr 0 00:02:36, Sys 0 00:00:58  -  Run Remote Usage
		Usr 0 00:00:00, Sys 0 00:00:00  -  Run Local Usage
		Usr 0 00:02:36, Sys 0 00:00:58  -  Total Remote Usage
		Usr 0 00:00:00, Sys 0 00:00:00  -  Total Local Usage
	61156  -  Run Bytes Sent By Job
	533  -  Run Bytes Received By Job
	61156  -  Total Bytes Sent By Job
	533  -  Total Bytes Received By Job
	Partitionable Resources :    Usage  Request Allocated
	   Cpus                 :                 1         1
	   Disk (KB)            :       72  1024000   1026467
	   Memory (MB)          :      174     2000      2000
...
