000 (9213.000.000) 03/29 09:44:55 Job submitted from host: <128.101.221.180:9618?addrs=128.101.221.180-9618&noUDP&sock=3943_2604_3>
...
001 (9213.000.000) 03/29 10:04:06 Job executing on host: <128.101.220.50:9618?addrs=128.101.220.50-9618&noUDP&sock=258564_f9de_4>
...
006 (9213.000.000) 03/29 10:04:15 Image size of job updated: 255940
	176  -  MemoryUsage of job (MB)
	179668  -  ResidentSetSize of job (KB)
...
006 (9213.000.000) 03/29 10:09:16 Image size of job updated: 429244
	325  -  MemoryUsage of job (MB)
	332644  -  ResidentSetSize of job (KB)
...
006 (9213.000.000) 03/29 10:10:58 Image size of job updated: 732484
	325  -  MemoryUsage of job (MB)
	332644  -  ResidentSetSize of job (KB)
...
005 (9213.000.000) 03/29 10:10:59 Job terminated.
	(1) Normal termination (return value 0)
		Usr 0 00:04:27, Sys 0 00:01:30  -  Run Remote Usage
		Usr 0 00:00:00, Sys 0 00:00:00  -  Run Local Usage
		Usr 0 00:04:27, Sys 0 00:01:30  -  Total Remote Usage
		Usr 0 00:00:00, Sys 0 00:00:00  -  Total Local Usage
	112785  -  Run Bytes Sent By Job
	547  -  Run Bytes Received By Job
	112785  -  Total Bytes Sent By Job
	547  -  Total Bytes Received By Job
	Partitionable Resources :    Usage  Request Allocated
	   Cpus                 :                 1         1
	   Disk (KB)            :      123  1024000   1028010
	   Memory (MB)          :      325     2000      2000
...
