000 (9223.000.000) 03/29 09:45:00 Job submitted from host: <128.101.221.180:9618?addrs=128.101.221.180-9618&noUDP&sock=3943_2604_3>
...
001 (9223.000.000) 03/29 10:08:57 Job executing on host: <128.101.221.175:9618?addrs=128.101.221.175-9618&noUDP&sock=12916_e152_4>
...
006 (9223.000.000) 03/29 10:09:06 Image size of job updated: 224100
	183  -  MemoryUsage of job (MB)
	187072  -  ResidentSetSize of job (KB)
...
006 (9223.000.000) 03/29 10:14:07 Image size of job updated: 333348
	326  -  MemoryUsage of job (MB)
	333080  -  ResidentSetSize of job (KB)
...
005 (9223.000.000) 03/29 10:16:28 Job terminated.
	(1) Normal termination (return value 0)
		Usr 0 00:04:20, Sys 0 00:02:34  -  Run Remote Usage
		Usr 0 00:00:00, Sys 0 00:00:00  -  Run Local Usage
		Usr 0 00:04:20, Sys 0 00:02:34  -  Total Remote Usage
		Usr 0 00:00:00, Sys 0 00:00:00  -  Total Local Usage
	77738  -  Run Bytes Sent By Job
	547  -  Run Bytes Received By Job
	77738  -  Total Bytes Sent By Job
	547  -  Total Bytes Received By Job
	Partitionable Resources :    Usage  Request Allocated
	   Cpus                 :                 1         1
	   Disk (KB)            :       89  1024000   1931156
	   Memory (MB)          :      326     2000      2000
...
