000 (9209.000.000) 03/29 09:44:53 Job submitted from host: <128.101.221.180:9618?addrs=128.101.221.180-9618&noUDP&sock=3943_2604_3>
...
001 (9209.000.000) 03/29 10:03:18 Job executing on host: <128.101.221.182:9618?addrs=128.101.221.182-9618&noUDP&sock=3902_06a2_4>
...
006 (9209.000.000) 03/29 10:03:27 Image size of job updated: 193980
	189  -  MemoryUsage of job (MB)
	193024  -  ResidentSetSize of job (KB)
...
006 (9209.000.000) 03/29 10:08:28 Image size of job updated: 330616
	323  -  MemoryUsage of job (MB)
	329992  -  ResidentSetSize of job (KB)
...
006 (9209.000.000) 03/29 10:11:28 Image size of job updated: 730128
	323  -  MemoryUsage of job (MB)
	329992  -  ResidentSetSize of job (KB)
...
005 (9209.000.000) 03/29 10:11:29 Job terminated.
	(1) Normal termination (return value 0)
		Usr 0 00:04:41, Sys 0 00:02:47  -  Run Remote Usage
		Usr 0 00:00:00, Sys 0 00:00:00  -  Run Local Usage
		Usr 0 00:04:41, Sys 0 00:02:47  -  Total Remote Usage
		Usr 0 00:00:00, Sys 0 00:00:00  -  Total Local Usage
	74451  -  Run Bytes Sent By Job
	547  -  Run Bytes Received By Job
	74451  -  Total Bytes Sent By Job
	547  -  Total Bytes Received By Job
	Partitionable Resources :    Usage  Request Allocated
	   Cpus                 :                 1         1
	   Disk (KB)            :       85  1024000   2046474
	   Memory (MB)          :      323     2000      2000
...
