000 (9216.000.000) 03/29 09:44:57 Job submitted from host: <128.101.221.180:9618?addrs=128.101.221.180-9618&noUDP&sock=3943_2604_3>
...
001 (9216.000.000) 03/29 10:05:45 Job executing on host: <128.101.221.175:9618?addrs=128.101.221.175-9618&noUDP&sock=12916_e152_4>
...
006 (9216.000.000) 03/29 10:05:53 Image size of job updated: 196508
	132  -  MemoryUsage of job (MB)
	134824  -  ResidentSetSize of job (KB)
...
006 (9216.000.000) 03/29 10:10:53 Image size of job updated: 329892
	322  -  MemoryUsage of job (MB)
	329608  -  ResidentSetSize of job (KB)
...
006 (9216.000.000) 03/29 10:15:54 Image size of job updated: 332744
	325  -  MemoryUsage of job (MB)
	332648  -  ResidentSetSize of job (KB)
...
006 (9216.000.000) 03/29 10:16:07 Image size of job updated: 730652
	325  -  MemoryUsage of job (MB)
	332648  -  ResidentSetSize of job (KB)
...
005 (9216.000.000) 03/29 10:16:08 Job terminated.
	(1) Normal termination (return value 0)
		Usr 0 00:06:01, Sys 0 00:03:29  -  Run Remote Usage
		Usr 0 00:00:00, Sys 0 00:00:00  -  Run Local Usage
		Usr 0 00:06:01, Sys 0 00:03:29  -  Total Remote Usage
		Usr 0 00:00:00, Sys 0 00:00:00  -  Total Local Usage
	85567  -  Run Bytes Sent By Job
	547  -  Run Bytes Received By Job
	85567  -  Total Bytes Sent By Job
	547  -  Total Bytes Received By Job
	Partitionable Resources :    Usage  Request Allocated
	   Cpus                 :                 1         1
	   Disk (KB)            :       96  1024000   1931172
	   Memory (MB)          :      325     2000      2000
...
