000 (9208.000.000) 03/29 09:44:53 Job submitted from host: <128.101.221.180:9618?addrs=128.101.221.180-9618&noUDP&sock=3943_2604_3>
...
001 (9208.000.000) 03/29 10:03:18 Job executing on host: <128.101.221.182:9618?addrs=128.101.221.182-9618&noUDP&sock=3902_06a2_4>
...
006 (9208.000.000) 03/29 10:03:27 Image size of job updated: 198948
	193  -  MemoryUsage of job (MB)
	196732  -  ResidentSetSize of job (KB)
...
006 (9208.000.000) 03/29 10:08:05 Image size of job updated: 730300
	193  -  MemoryUsage of job (MB)
	196732  -  ResidentSetSize of job (KB)
...
005 (9208.000.000) 03/29 10:08:06 Job terminated.
	(1) Normal termination (return value 0)
		Usr 0 00:02:48, Sys 0 00:01:36  -  Run Remote Usage
		Usr 0 00:00:00, Sys 0 00:00:00  -  Run Local Usage
		Usr 0 00:02:48, Sys 0 00:01:36  -  Total Remote Usage
		Usr 0 00:00:00, Sys 0 00:00:00  -  Total Local Usage
	70644  -  Run Bytes Sent By Job
	547  -  Run Bytes Received By Job
	70644  -  Total Bytes Sent By Job
	547  -  Total Bytes Received By Job
	Partitionable Resources :    Usage  Request Allocated
	   Cpus                 :                 1         1
	   Disk (KB)            :       82  1024000   2046474
	   Memory (MB)          :      193     2000      2000
...
