000 (9226.000.000) 03/29 09:45:02 Job submitted from host: <128.101.221.180:9618?addrs=128.101.221.180-9618&noUDP&sock=3943_2604_3>
...
001 (9226.000.000) 03/29 10:10:00 Job executing on host: <128.101.221.182:9618?addrs=128.101.221.182-9618&noUDP&sock=3902_06a2_4>
...
006 (9226.000.000) 03/29 10:10:08 Image size of job updated: 190456
	127  -  MemoryUsage of job (MB)
	129672  -  ResidentSetSize of job (KB)
...
006 (9226.000.000) 03/29 10:15:08 Image size of job updated: 331528
	324  -  MemoryUsage of job (MB)
	331468  -  ResidentSetSize of job (KB)
...
006 (9226.000.000) 03/29 10:19:58 Image size of job updated: 730324
	324  -  MemoryUsage of job (MB)
	331468  -  ResidentSetSize of job (KB)
...
005 (9226.000.000) 03/29 10:19:59 Job terminated.
	(1) Normal termination (return value 0)
		Usr 0 00:05:45, Sys 0 00:03:25  -  Run Remote Usage
		Usr 0 00:00:00, Sys 0 00:00:00  -  Run Local Usage
		Usr 0 00:05:45, Sys 0 00:03:25  -  Total Remote Usage
		Usr 0 00:00:00, Sys 0 00:00:00  -  Total Local Usage
	89754  -  Run Bytes Sent By Job
	547  -  Run Bytes Received By Job
	89754  -  Total Bytes Sent By Job
	547  -  Total Bytes Received By Job
	Partitionable Resources :    Usage  Request Allocated
	   Cpus                 :                 1         1
	   Disk (KB)            :      101  1024000   2046450
	   Memory (MB)          :      324     2000      2000
...
