000 (9222.000.000) 03/29 09:45:00 Job submitted from host: <128.101.221.180:9618?addrs=128.101.221.180-9618&noUDP&sock=3943_2604_3>
...
001 (9222.000.000) 03/29 10:08:34 Job executing on host: <128.101.221.193:9618?addrs=128.101.221.193-9618&noUDP&sock=2332108_b0a7_4>
...
006 (9222.000.000) 03/29 10:08:43 Image size of job updated: 190304
	126  -  MemoryUsage of job (MB)
	128172  -  ResidentSetSize of job (KB)
...
006 (9222.000.000) 03/29 10:13:09 Image size of job updated: 730384
	126  -  MemoryUsage of job (MB)
	128172  -  ResidentSetSize of job (KB)
...
005 (9222.000.000) 03/29 10:13:10 Job terminated.
	(1) Normal termination (return value 0)
		Usr 0 00:02:48, Sys 0 00:01:02  -  Run Remote Usage
		Usr 0 00:00:00, Sys 0 00:00:00  -  Run Local Usage
		Usr 0 00:02:48, Sys 0 00:01:02  -  Total Remote Usage
		Usr 0 00:00:00, Sys 0 00:00:00  -  Total Local Usage
	69981  -  Run Bytes Sent By Job
	547  -  Run Bytes Received By Job
	69981  -  Total Bytes Sent By Job
	547  -  Total Bytes Received By Job
	Partitionable Resources :    Usage  Request Allocated
	   Cpus                 :                 1         1
	   Disk (KB)            :       81  1024000   1028443
	   Memory (MB)          :      126     2000      2000
...
