000 (9218.000.000) 03/29 09:44:58 Job submitted from host: <128.101.221.180:9618?addrs=128.101.221.180-9618&noUDP&sock=3943_2604_3>
...
001 (9218.000.000) 03/29 10:06:21 Job executing on host: <128.101.221.182:9618?addrs=128.101.221.182-9618&noUDP&sock=3902_06a2_4>
...
006 (9218.000.000) 03/29 10:06:29 Image size of job updated: 250836
	186  -  MemoryUsage of job (MB)
	189552  -  ResidentSetSize of job (KB)
...
006 (9218.000.000) 03/29 10:11:29 Image size of job updated: 332108
	325  -  MemoryUsage of job (MB)
	331788  -  ResidentSetSize of job (KB)
...
006 (9218.000.000) 03/29 10:13:04 Image size of job updated: 332176
	325  -  MemoryUsage of job (MB)
	331788  -  ResidentSetSize of job (KB)
...
005 (9218.000.000) 03/29 10:13:04 Job terminated.
	(1) Normal termination (return value 0)
		Usr 0 00:03:58, Sys 0 00:02:12  -  Run Remote Usage
		Usr 0 00:00:00, Sys 0 00:00:00  -  Run Local Usage
		Usr 0 00:03:58, Sys 0 00:02:12  -  Total Remote Usage
		Usr 0 00:00:00, Sys 0 00:00:00  -  Total Local Usage
	81172  -  Run Bytes Sent By Job
	547  -  Run Bytes Received By Job
	81172  -  Total Bytes Sent By Job
	547  -  Total Bytes Received By Job
	Partitionable Resources :    Usage  Request Allocated
	   Cpus                 :                 1         1
	   Disk (KB)            :       92  1024000   2046476
	   Memory (MB)          :      325     2000      2000
...
