000 (9205.000.000) 03/29 09:44:51 Job submitted from host: <128.101.221.180:9618?addrs=128.101.221.180-9618&noUDP&sock=3943_2604_3>
...
001 (9205.000.000) 03/29 10:03:18 Job executing on host: <128.101.221.182:9618?addrs=128.101.221.182-9618&noUDP&sock=3902_06a2_4>
...
006 (9205.000.000) 03/29 10:03:26 Image size of job updated: 176916
	171  -  MemoryUsage of job (MB)
	174396  -  ResidentSetSize of job (KB)
...
006 (9205.000.000) 03/29 10:08:26 Image size of job updated: 330760
	323  -  MemoryUsage of job (MB)
	330412  -  ResidentSetSize of job (KB)
...
006 (9205.000.000) 03/29 10:12:40 Image size of job updated: 732172
	323  -  MemoryUsage of job (MB)
	330412  -  ResidentSetSize of job (KB)
...
005 (9205.000.000) 03/29 10:12:41 Job terminated.
	(1) Normal termination (return value 0)
		Usr 0 00:05:29, Sys 0 00:03:08  -  Run Remote Usage
		Usr 0 00:00:00, Sys 0 00:00:00  -  Run Local Usage
		Usr 0 00:05:29, Sys 0 00:03:08  -  Total Remote Usage
		Usr 0 00:00:00, Sys 0 00:00:00  -  Total Local Usage
	81022  -  Run Bytes Sent By Job
	547  -  Run Bytes Received By Job
	81022  -  Total Bytes Sent By Job
	547  -  Total Bytes Received By Job
	Partitionable Resources :    Usage  Request Allocated
	   Cpus                 :                 1         1
	   Disk (KB)            :       92  1024000   2046474
	   Memory (MB)          :      323     2000      2000
...
