000 (9204.000.000) 03/29 09:44:51 Job submitted from host: <128.101.221.180:9618?addrs=128.101.221.180-9618&noUDP&sock=3943_2604_3>
...
001 (9204.000.000) 03/29 10:03:16 Job executing on host: <128.101.221.182:9618?addrs=128.101.221.182-9618&noUDP&sock=3902_06a2_4>
...
006 (9204.000.000) 03/29 10:03:25 Image size of job updated: 147480
	135  -  MemoryUsage of job (MB)
	137424  -  ResidentSetSize of job (KB)
...
006 (9204.000.000) 03/29 10:08:25 Image size of job updated: 333488
	326  -  MemoryUsage of job (MB)
	333372  -  ResidentSetSize of job (KB)
...
006 (9204.000.000) 03/29 10:13:11 Image size of job updated: 732804
	326  -  MemoryUsage of job (MB)
	333372  -  ResidentSetSize of job (KB)
...
005 (9204.000.000) 03/29 10:13:12 Job terminated.
	(1) Normal termination (return value 0)
		Usr 0 00:05:46, Sys 0 00:03:18  -  Run Remote Usage
		Usr 0 00:00:00, Sys 0 00:00:00  -  Run Local Usage
		Usr 0 00:05:46, Sys 0 00:03:18  -  Total Remote Usage
		Usr 0 00:00:00, Sys 0 00:00:00  -  Total Local Usage
	98341  -  Run Bytes Sent By Job
	547  -  Run Bytes Received By Job
	98341  -  Total Bytes Sent By Job
	547  -  Total Bytes Received By Job
	Partitionable Resources :    Usage  Request Allocated
	   Cpus                 :                 1         1
	   Disk (KB)            :      109  1024000   2046474
	   Memory (MB)          :      326     2000      2000
...
