000 (9219.000.000) 03/29 09:44:58 Job submitted from host: <128.101.221.180:9618?addrs=128.101.221.180-9618&noUDP&sock=3943_2604_3>
...
001 (9219.000.000) 03/29 10:06:30 Job executing on host: <128.101.221.175:9618?addrs=128.101.221.175-9618&noUDP&sock=12916_e152_4>
...
006 (9219.000.000) 03/29 10:06:38 Image size of job updated: 172220
	110  -  MemoryUsage of job (MB)
	111904  -  ResidentSetSize of job (KB)
...
006 (9219.000.000) 03/29 10:11:38 Image size of job updated: 331856
	324  -  MemoryUsage of job (MB)
	331464  -  ResidentSetSize of job (KB)
...
006 (9219.000.000) 03/29 10:15:03 Image size of job updated: 730364
	324  -  MemoryUsage of job (MB)
	331464  -  ResidentSetSize of job (KB)
...
005 (9219.000.000) 03/29 10:15:04 Job terminated.
	(1) Normal termination (return value 0)
		Usr 0 00:05:01, Sys 0 00:02:49  -  Run Remote Usage
		Usr 0 00:00:00, Sys 0 00:00:00  -  Run Local Usage
		Usr 0 00:05:01, Sys 0 00:02:49  -  Total Remote Usage
		Usr 0 00:00:00, Sys 0 00:00:00  -  Total Local Usage
	86105  -  Run Bytes Sent By Job
	547  -  Run Bytes Received By Job
	86105  -  Total Bytes Sent By Job
	547  -  Total Bytes Received By Job
	Partitionable Resources :    Usage  Request Allocated
	   Cpus                 :                 1         1
	   Disk (KB)            :       97  1024000   1931170
	   Memory (MB)          :      324     2000      2000
...
