000 (9201.000.000) 03/29 09:44:49 Job submitted from host: <128.101.221.180:9618?addrs=128.101.221.180-9618&noUDP&sock=3943_2604_3>
...
001 (9201.000.000) 03/29 10:02:13 Job executing on host: <128.101.221.176:9618?addrs=128.101.221.176-9618&noUDP&sock=2756849_b007_4>
...
006 (9201.000.000) 03/29 10:02:22 Image size of job updated: 252724
	174  -  MemoryUsage of job (MB)
	177688  -  ResidentSetSize of job (KB)
...
006 (9201.000.000) 03/29 10:07:23 Image size of job updated: 420260
	324  -  MemoryUsage of job (MB)
	331028  -  ResidentSetSize of job (KB)
...
005 (9201.000.000) 03/29 10:09:20 Job terminated.
	(1) Normal termination (return value 0)
		Usr 0 00:04:52, Sys 0 00:01:35  -  Run Remote Usage
		Usr 0 00:00:00, Sys 0 00:00:00  -  Run Local Usage
		Usr 0 00:04:52, Sys 0 00:01:35  -  Total Remote Usage
		Usr 0 00:00:00, Sys 0 00:00:00  -  Total Local Usage
	81270  -  Run Bytes Sent By Job
	547  -  Run Bytes Received By Job
	81270  -  Total Bytes Sent By Job
	547  -  Total Bytes Received By Job
	Partitionable Resources :    Usage  Request Allocated
	   Cpus                 :                 1         1
	   Disk (KB)            :       92  1024000   1026351
	   Memory (MB)          :      324     2000      2000
...
