000 (9206.000.000) 03/29 09:44:52 Job submitted from host: <128.101.221.180:9618?addrs=128.101.221.180-9618&noUDP&sock=3943_2604_3>
...
001 (9206.000.000) 03/29 10:03:18 Job executing on host: <128.101.221.182:9618?addrs=128.101.221.182-9618&noUDP&sock=3902_06a2_4>
...
006 (9206.000.000) 03/29 10:03:27 Image size of job updated: 197844
	189  -  MemoryUsage of job (MB)
	193312  -  ResidentSetSize of job (KB)
...
006 (9206.000.000) 03/29 10:08:28 Image size of job updated: 332224
	324  -  MemoryUsage of job (MB)
	331736  -  ResidentSetSize of job (KB)
...
006 (9206.000.000) 03/29 10:13:16 Image size of job updated: 730328
	324  -  MemoryUsage of job (MB)
	331736  -  ResidentSetSize of job (KB)
...
005 (9206.000.000) 03/29 10:13:17 Job terminated.
	(1) Normal termination (return value 0)
		Usr 0 00:05:50, Sys 0 00:03:21  -  Run Remote Usage
		Usr 0 00:00:00, Sys 0 00:00:00  -  Run Local Usage
		Usr 0 00:05:50, Sys 0 00:03:21  -  Total Remote Usage
		Usr 0 00:00:00, Sys 0 00:00:00  -  Total Local Usage
	97070  -  Run Bytes Sent By Job
	547  -  Run Bytes Received By Job
	97070  -  Total Bytes Sent By Job
	547  -  Total Bytes Received By Job
	Partitionable Resources :    Usage  Request Allocated
	   Cpus                 :                 1         1
	   Disk (KB)            :      107  1024000   2046474
	   Memory (MB)          :      324     2000      2000
...
