000 (9210.000.000) 03/29 09:44:54 Job submitted from host: <128.101.221.180:9618?addrs=128.101.221.180-9618&noUDP&sock=3943_2604_3>
...
001 (9210.000.000) 03/29 10:03:21 Job executing on host: <128.101.221.182:9618?addrs=128.101.221.182-9618&noUDP&sock=3902_06a2_4>
...
006 (9210.000.000) 03/29 10:03:29 Image size of job updated: 202940
	172  -  MemoryUsage of job (MB)
	175972  -  ResidentSetSize of job (KB)
...
006 (9210.000.000) 03/29 10:08:29 Image size of job updated: 331208
	324  -  MemoryUsage of job (MB)
	331164  -  ResidentSetSize of job (KB)
...
006 (9210.000.000) 03/29 10:10:23 Image size of job updated: 730284
	324  -  MemoryUsage of job (MB)
	331164  -  ResidentSetSize of job (KB)
...
005 (9210.000.000) 03/29 10:10:24 Job terminated.
	(1) Normal termination (return value 0)
		Usr 0 00:04:08, Sys 0 00:02:20  -  Run Remote Usage
		Usr 0 00:00:00, Sys 0 00:00:00  -  Run Local Usage
		Usr 0 00:04:08, Sys 0 00:02:20  -  Total Remote Usage
		Usr 0 00:00:00, Sys 0 00:00:00  -  Total Local Usage
	72219  -  Run Bytes Sent By Job
	547  -  Run Bytes Received By Job
	72219  -  Total Bytes Sent By Job
	547  -  Total Bytes Received By Job
	Partitionable Resources :    Usage  Request Allocated
	   Cpus                 :                 1         1
	   Disk (KB)            :       83  1024000   2046472
	   Memory (MB)          :      324     2000      2000
...
