000 (7707.000.000) 02/22 08:57:54 Job submitted from host: <128.101.221.181:9618?addrs=128.101.221.181-9618&noUDP&sock=2582719_fdba_3>
...
001 (7707.000.000) 02/22 08:58:16 Job executing on host: <128.101.221.188:9618?addrs=128.101.221.188-9618&noUDP&sock=3087505_3369_4>
...
006 (7707.000.000) 02/22 08:58:24 Image size of job updated: 190780
	127  -  MemoryUsage of job (MB)
	129784  -  ResidentSetSize of job (KB)
...
005 (7707.000.000) 02/22 08:59:35 Job terminated.
	(1) Normal termination (return value 0)
		Usr 0 00:00:46, Sys 0 00:00:17  -  Run Remote Usage
		Usr 0 00:00:00, Sys 0 00:00:00  -  Run Local Usage
		Usr 0 00:00:46, Sys 0 00:00:17  -  Total Remote Usage
		Usr 0 00:00:00, Sys 0 00:00:00  -  Total Local Usage
	40639  -  Run Bytes Sent By Job
	525  -  Run Bytes Received By Job
	40639  -  Total Bytes Sent By Job
	525  -  Total Bytes Received By Job
	Partitionable Resources :    Usage  Request Allocated
	   Cpus                 :                 1         1
	   Disk (KB)            :       52  1024000   1030560
	   Memory (MB)          :      127     2000      2000
...
