000 (7654.000.000) 02/22 08:57:22 Job submitted from host: <128.101.221.181:9618?addrs=128.101.221.181-9618&noUDP&sock=2582719_fdba_3>
...
001 (7654.000.000) 02/22 08:57:42 Job executing on host: <128.101.220.87:9618?addrs=128.101.220.87-9618&noUDP&sock=465496_1dbd_4>
...
006 (7654.000.000) 02/22 08:57:50 Image size of job updated: 105828
	56  -  MemoryUsage of job (MB)
	56412  -  ResidentSetSize of job (KB)
...
005 (7654.000.000) 02/22 09:01:22 Job terminated.
	(1) Normal termination (return value 0)
		Usr 0 00:01:53, Sys 0 00:00:48  -  Run Remote Usage
		Usr 0 00:00:00, Sys 0 00:00:00  -  Run Local Usage
		Usr 0 00:01:53, Sys 0 00:00:48  -  Total Remote Usage
		Usr 0 00:00:00, Sys 0 00:00:00  -  Total Local Usage
	72591  -  Run Bytes Sent By Job
	525  -  Run Bytes Received By Job
	72591  -  Total Bytes Sent By Job
	525  -  Total Bytes Received By Job
	Partitionable Resources :    Usage  Request Allocated
	   Cpus                 :                 1         1
	   Disk (KB)            :       84  1024000   1030592
	   Memory (MB)          :       56     2000      2000
...
