000 (7699.000.000) 02/22 08:57:50 Job submitted from host: <128.101.221.181:9618?addrs=128.101.221.181-9618&noUDP&sock=2582719_fdba_3>
...
001 (7699.000.000) 02/22 08:58:03 Job executing on host: <128.101.220.84:9618?addrs=128.101.220.84-9618&noUDP&sock=231370_2768_4>
...
006 (7699.000.000) 02/22 08:58:11 Image size of job updated: 280700
	199  -  MemoryUsage of job (MB)
	202900  -  ResidentSetSize of job (KB)
...
006 (7699.000.000) 02/22 09:01:12 Image size of job updated: 719992
	199  -  MemoryUsage of job (MB)
	202900  -  ResidentSetSize of job (KB)
...
005 (7699.000.000) 02/22 09:01:13 Job terminated.
	(1) Normal termination (return value 0)
		Usr 0 00:01:41, Sys 0 00:00:41  -  Run Remote Usage
		Usr 0 00:00:00, Sys 0 00:00:00  -  Run Local Usage
		Usr 0 00:01:41, Sys 0 00:00:41  -  Total Remote Usage
		Usr 0 00:00:00, Sys 0 00:00:00  -  Total Local Usage
	63805  -  Run Bytes Sent By Job
	525  -  Run Bytes Received By Job
	63805  -  Total Bytes Sent By Job
	525  -  Total Bytes Received By Job
	Partitionable Resources :    Usage  Request Allocated
	   Cpus                 :                 1         1
	   Disk (KB)            :       75  1024000   1030810
	   Memory (MB)          :      199     2000      2000
...
