000 (7668.000.000) 02/22 08:57:28 Job submitted from host: <128.101.221.181:9618?addrs=128.101.221.181-9618&noUDP&sock=2582719_fdba_3>
...
001 (7668.000.000) 02/22 08:57:47 Job executing on host: <128.101.221.170:9618?addrs=128.101.221.170-9618&noUDP&sock=4150_221f_4>
...
006 (7668.000.000) 02/22 08:57:56 Image size of job updated: 248496
	214  -  MemoryUsage of job (MB)
	219056  -  ResidentSetSize of job (KB)
...
006 (7668.000.000) 02/22 09:00:20 Image size of job updated: 248496
	215  -  MemoryUsage of job (MB)
	219264  -  ResidentSetSize of job (KB)
...
005 (7668.000.000) 02/22 09:00:21 Job terminated.
	(1) Normal termination (return value 0)
		Usr 0 00:01:25, Sys 0 00:00:41  -  Run Remote Usage
		Usr 0 00:00:00, Sys 0 00:00:00  -  Run Local Usage
		Usr 0 00:01:25, Sys 0 00:00:41  -  Total Remote Usage
		Usr 0 00:00:00, Sys 0 00:00:00  -  Total Local Usage
	50121  -  Run Bytes Sent By Job
	525  -  Run Bytes Received By Job
	50121  -  Total Bytes Sent By Job
	525  -  Total Bytes Received By Job
	Partitionable Resources :    Usage  Request Allocated
	   Cpus                 :                 1         1
	   Disk (KB)            :       68  1024000   2040476
	   Memory (MB)          :      215     2000      2000
...
