000 (7674.000.000) 02/22 08:57:31 Job submitted from host: <128.101.221.181:9618?addrs=128.101.221.181-9618&noUDP&sock=2582719_fdba_3>
...
001 (7674.000.000) 02/22 08:57:52 Job executing on host: <128.101.221.183:9618?addrs=128.101.221.183-9618&noUDP&sock=4185509_9de4_4>
...
006 (7674.000.000) 02/22 08:58:01 Image size of job updated: 254664
	181  -  MemoryUsage of job (MB)
	184396  -  ResidentSetSize of job (KB)
...
005 (7674.000.000) 02/22 08:59:30 Job terminated.
	(1) Normal termination (return value 0)
		Usr 0 00:01:05, Sys 0 00:00:20  -  Run Remote Usage
		Usr 0 00:00:00, Sys 0 00:00:00  -  Run Local Usage
		Usr 0 00:01:05, Sys 0 00:00:20  -  Total Remote Usage
		Usr 0 00:00:00, Sys 0 00:00:00  -  Total Local Usage
	34930  -  Run Bytes Sent By Job
	525  -  Run Bytes Received By Job
	34930  -  Total Bytes Sent By Job
	525  -  Total Bytes Received By Job
	Partitionable Resources :    Usage  Request Allocated
	   Cpus                 :                 1         1
	   Disk (KB)            :       47  1024000   1030907
	   Memory (MB)          :      181     2000      2000
...
