000 (7682.000.000) 02/22 08:57:36 Job submitted from host: <128.101.221.181:9618?addrs=128.101.221.181-9618&noUDP&sock=2582719_fdba_3>
...
001 (7682.000.000) 02/22 08:57:56 Job executing on host: <128.101.221.184:9618?addrs=128.101.221.184-9618&noUDP&sock=3941866_c8bc_4>
...
006 (7682.000.000) 02/22 08:58:05 Image size of job updated: 338196
	253  -  MemoryUsage of job (MB)
	258292  -  ResidentSetSize of job (KB)
...
005 (7682.000.000) 02/22 09:00:19 Job terminated.
	(1) Normal termination (return value 0)
		Usr 0 00:01:19, Sys 0 00:00:35  -  Run Remote Usage
		Usr 0 00:00:00, Sys 0 00:00:00  -  Run Local Usage
		Usr 0 00:01:19, Sys 0 00:00:35  -  Total Remote Usage
		Usr 0 00:00:00, Sys 0 00:00:00  -  Total Local Usage
	57340  -  Run Bytes Sent By Job
	525  -  Run Bytes Received By Job
	57340  -  Total Bytes Sent By Job
	525  -  Total Bytes Received By Job
	Partitionable Resources :    Usage  Request Allocated
	   Cpus                 :                 1         1
	   Disk (KB)            :       69  1024000   1028867
	   Memory (MB)          :      253     2000      2000
...
