000 (7660.000.000) 02/22 08:57:25 Job submitted from host: <128.101.221.181:9618?addrs=128.101.221.181-9618&noUDP&sock=2582719_fdba_3>
...
001 (7660.000.000) 02/22 08:57:45 Job executing on host: <128.101.220.94:9618?addrs=128.101.220.94-9618&noUDP&sock=303435_bff5_4>
...
006 (7660.000.000) 02/22 08:57:54 Image size of job updated: 97148
	51  -  MemoryUsage of job (MB)
	52000  -  ResidentSetSize of job (KB)
...
005 (7660.000.000) 02/22 09:00:52 Job terminated.
	(1) Normal termination (return value 0)
		Usr 0 00:01:38, Sys 0 00:00:42  -  Run Remote Usage
		Usr 0 00:00:00, Sys 0 00:00:00  -  Run Local Usage
		Usr 0 00:01:38, Sys 0 00:00:42  -  Total Remote Usage
		Usr 0 00:00:00, Sys 0 00:00:00  -  Total Local Usage
	65165  -  Run Bytes Sent By Job
	525  -  Run Bytes Received By Job
	65165  -  Total Bytes Sent By Job
	525  -  Total Bytes Received By Job
	Partitionable Resources :    Usage  Request Allocated
	   Cpus                 :                 1         1
	   Disk (KB)            :       76  1024000   1030344
	   Memory (MB)          :       51     2000      2000
...
