000 (7698.000.000) 02/22 08:57:49 Job submitted from host: <128.101.221.181:9618?addrs=128.101.221.181-9618&noUDP&sock=2582719_fdba_3>
...
001 (7698.000.000) 02/22 08:58:03 Job executing on host: <128.101.220.49:9618?addrs=128.101.220.49-9618&noUDP&sock=280861_dd0b_4>
...
006 (7698.000.000) 02/22 08:58:11 Image size of job updated: 285344
	201  -  MemoryUsage of job (MB)
	204824  -  ResidentSetSize of job (KB)
...
005 (7698.000.000) 02/22 08:59:26 Job terminated.
	(1) Normal termination (return value 0)
		Usr 0 00:00:48, Sys 0 00:00:17  -  Run Remote Usage
		Usr 0 00:00:00, Sys 0 00:00:00  -  Run Local Usage
		Usr 0 00:00:48, Sys 0 00:00:17  -  Total Remote Usage
		Usr 0 00:00:00, Sys 0 00:00:00  -  Total Local Usage
	39991  -  Run Bytes Sent By Job
	525  -  Run Bytes Received By Job
	39991  -  Total Bytes Sent By Job
	525  -  Total Bytes Received By Job
	Partitionable Resources :    Usage  Request Allocated
	   Cpus                 :                 1         1
	   Disk (KB)            :       52  1024000   1030484
	   Memory (MB)          :      201     2000      2000
...
