000 (7683.000.000) 02/22 08:57:37 Job submitted from host: <128.101.221.181:9618?addrs=128.101.221.181-9618&noUDP&sock=2582719_fdba_3>
...
001 (7683.000.000) 02/22 08:57:56 Job executing on host: <128.101.221.181:9618?addrs=128.101.221.181-9618&noUDP&sock=2582719_fdba_4>
...
006 (7683.000.000) 02/22 08:58:05 Image size of job updated: 296528
	218  -  MemoryUsage of job (MB)
	222284  -  ResidentSetSize of job (KB)
...
005 (7683.000.000) 02/22 08:59:46 Job terminated.
	(1) Normal termination (return value 0)
		Usr 0 00:01:04, Sys 0 00:00:25  -  Run Remote Usage
		Usr 0 00:00:00, Sys 0 00:00:00  -  Run Local Usage
		Usr 0 00:01:04, Sys 0 00:00:25  -  Total Remote Usage
		Usr 0 00:00:00, Sys 0 00:00:00  -  Total Local Usage
	45721  -  Run Bytes Sent By Job
	525  -  Run Bytes Received By Job
	45721  -  Total Bytes Sent By Job
	525  -  Total Bytes Received By Job
	Partitionable Resources :    Usage  Request Allocated
	   Cpus                 :                 1         1
	   Disk (KB)            :       57  1024000   1028407
	   Memory (MB)          :      218     2000      2000
...
