000 (7703.000.000) 02/22 08:57:52 Job submitted from host: <128.101.221.181:9618?addrs=128.101.221.181-9618&noUDP&sock=2582719_fdba_3>
...
001 (7703.000.000) 02/22 08:58:13 Job executing on host: <128.101.221.186:9618?addrs=128.101.221.186-9618&noUDP&sock=3131318_464d_4>
...
006 (7703.000.000) 02/22 08:58:22 Image size of job updated: 257724
	185  -  MemoryUsage of job (MB)
	188588  -  ResidentSetSize of job (KB)
...
005 (7703.000.000) 02/22 09:00:48 Job terminated.
	(1) Normal termination (return value 0)
		Usr 0 00:01:31, Sys 0 00:00:36  -  Run Remote Usage
		Usr 0 00:00:00, Sys 0 00:00:00  -  Run Local Usage
		Usr 0 00:01:31, Sys 0 00:00:36  -  Total Remote Usage
		Usr 0 00:00:00, Sys 0 00:00:00  -  Total Local Usage
	55373  -  Run Bytes Sent By Job
	525  -  Run Bytes Received By Job
	55373  -  Total Bytes Sent By Job
	525  -  Total Bytes Received By Job
	Partitionable Resources :    Usage  Request Allocated
	   Cpus                 :                 1         1
	   Disk (KB)            :       67  1024000   1028661
	   Memory (MB)          :      185     2000      2000
...
