000 (7700.000.000) 02/22 08:57:50 Job submitted from host: <128.101.221.181:9618?addrs=128.101.221.181-9618&noUDP&sock=2582719_fdba_3>
...
001 (7700.000.000) 02/22 08:58:03 Job executing on host: <128.101.220.94:9618?addrs=128.101.220.94-9618&noUDP&sock=303435_bff5_4>
...
006 (7700.000.000) 02/22 08:58:11 Image size of job updated: 282672
	200  -  MemoryUsage of job (MB)
	204620  -  ResidentSetSize of job (KB)
...
006 (7700.000.000) 02/22 09:01:57 Image size of job updated: 719956
	200  -  MemoryUsage of job (MB)
	204620  -  ResidentSetSize of job (KB)
...
005 (7700.000.000) 02/22 09:01:58 Job terminated.
	(1) Normal termination (return value 0)
		Usr 0 00:02:05, Sys 0 00:00:53  -  Run Remote Usage
		Usr 0 00:00:00, Sys 0 00:00:00  -  Run Local Usage
		Usr 0 00:02:05, Sys 0 00:00:53  -  Total Remote Usage
		Usr 0 00:00:00, Sys 0 00:00:00  -  Total Local Usage
	64653  -  Run Bytes Sent By Job
	525  -  Run Bytes Received By Job
	64653  -  Total Bytes Sent By Job
	525  -  Total Bytes Received By Job
	Partitionable Resources :    Usage  Request Allocated
	   Cpus                 :                 1         1
	   Disk (KB)            :       76  1024000   1030342
	   Memory (MB)          :      200     2000      2000
...
