000 (7708.000.000) 02/22 08:57:55 Job submitted from host: <128.101.221.181:9618?addrs=128.101.221.181-9618&noUDP&sock=2582719_fdba_3>
...
001 (7708.000.000) 02/22 08:58:16 Job executing on host: <128.101.221.173:9618?addrs=128.101.221.173-9618&noUDP&sock=1368159_da98_4>
...
006 (7708.000.000) 02/22 08:58:24 Image size of job updated: 269920
	189  -  MemoryUsage of job (MB)
	192616  -  ResidentSetSize of job (KB)
...
006 (7708.000.000) 02/22 09:01:29 Image size of job updated: 720180
	189  -  MemoryUsage of job (MB)
	192616  -  ResidentSetSize of job (KB)
...
005 (7708.000.000) 02/22 09:01:30 Job terminated.
	(1) Normal termination (return value 0)
		Usr 0 00:01:40, Sys 0 00:00:45  -  Run Remote Usage
		Usr 0 00:00:00, Sys 0 00:00:00  -  Run Local Usage
		Usr 0 00:01:40, Sys 0 00:00:45  -  Total Remote Usage
		Usr 0 00:00:00, Sys 0 00:00:00  -  Total Local Usage
	62486  -  Run Bytes Sent By Job
	525  -  Run Bytes Received By Job
	62486  -  Total Bytes Sent By Job
	525  -  Total Bytes Received By Job
	Partitionable Resources :    Usage  Request Allocated
	   Cpus                 :                 1         1
	   Disk (KB)            :       74  1024000   1928156
	   Memory (MB)          :      189     2000      2000
...
