000 (7675.000.000) 02/22 08:57:31 Job submitted from host: <128.101.221.181:9618?addrs=128.101.221.181-9618&noUDP&sock=2582719_fdba_3>
...
001 (7675.000.000) 02/22 08:57:54 Job executing on host: <128.101.221.178:9618?addrs=128.101.221.178-9618&noUDP&sock=1886078_3590_4>
...
006 (7675.000.000) 02/22 08:58:03 Image size of job updated: 275472
	192  -  MemoryUsage of job (MB)
	196004  -  ResidentSetSize of job (KB)
...
006 (7675.000.000) 02/22 09:02:51 Image size of job updated: 330720
	192  -  MemoryUsage of job (MB)
	196004  -  ResidentSetSize of job (KB)
...
005 (7675.000.000) 02/22 09:02:51 Job terminated.
	(1) Normal termination (return value 0)
		Usr 0 00:02:56, Sys 0 00:01:12  -  Run Remote Usage
		Usr 0 00:00:00, Sys 0 00:00:00  -  Run Local Usage
		Usr 0 00:02:56, Sys 0 00:01:12  -  Total Remote Usage
		Usr 0 00:00:00, Sys 0 00:00:00  -  Total Local Usage
	71711  -  Run Bytes Sent By Job
	525  -  Run Bytes Received By Job
	71711  -  Total Bytes Sent By Job
	525  -  Total Bytes Received By Job
	Partitionable Resources :    Usage  Request Allocated
	   Cpus                 :                 1         1
	   Disk (KB)            :       83  1024000   1027717
	   Memory (MB)          :      192     2000      2000
...
