000 (7652.000.000) 02/22 08:57:21 Job submitted from host: <128.101.221.181:9618?addrs=128.101.221.181-9618&noUDP&sock=2582719_fdba_3>
...
001 (7652.000.000) 02/22 08:57:42 Job executing on host: <128.101.220.54:9618?addrs=128.101.220.54-9618&noUDP&sock=259437_c80b_4>
...
006 (7652.000.000) 02/22 08:57:50 Image size of job updated: 96688
	51  -  MemoryUsage of job (MB)
	51532  -  ResidentSetSize of job (KB)
...
006 (7652.000.000) 02/22 09:02:16 Image size of job updated: 334120
	51  -  MemoryUsage of job (MB)
	51532  -  ResidentSetSize of job (KB)
...
005 (7652.000.000) 02/22 09:02:17 Job terminated.
	(1) Normal termination (return value 0)
		Usr 0 00:02:23, Sys 0 00:00:59  -  Run Remote Usage
		Usr 0 00:00:00, Sys 0 00:00:00  -  Run Local Usage
		Usr 0 00:02:23, Sys 0 00:00:59  -  Total Remote Usage
		Usr 0 00:00:00, Sys 0 00:00:00  -  Total Local Usage
	66929  -  Run Bytes Sent By Job
	525  -  Run Bytes Received By Job
	66929  -  Total Bytes Sent By Job
	525  -  Total Bytes Received By Job
	Partitionable Resources :    Usage  Request Allocated
	   Cpus                 :                 1         1
	   Disk (KB)            :       78  1024000   1030985
	   Memory (MB)          :       51     2000      2000
...
