000 (7693.000.000) 02/22 08:57:45 Job submitted from host: <128.101.221.181:9618?addrs=128.101.221.181-9618&noUDP&sock=2582719_fdba_3>
...
001 (7693.000.000) 02/22 08:58:00 Job executing on host: <128.101.220.50:9618?addrs=128.101.220.50-9618&noUDP&sock=258564_f9de_4>
...
006 (7693.000.000) 02/22 08:58:09 Image size of job updated: 312508
	224  -  MemoryUsage of job (MB)
	229376  -  ResidentSetSize of job (KB)
...
006 (7693.000.000) 02/22 09:00:25 Image size of job updated: 410348
	224  -  MemoryUsage of job (MB)
	229376  -  ResidentSetSize of job (KB)
...
005 (7693.000.000) 02/22 09:00:26 Job terminated.
	(1) Normal termination (return value 0)
		Usr 0 00:01:19, Sys 0 00:00:33  -  Run Remote Usage
		Usr 0 00:00:00, Sys 0 00:00:00  -  Run Local Usage
		Usr 0 00:01:19, Sys 0 00:00:33  -  Total Remote Usage
		Usr 0 00:00:00, Sys 0 00:00:00  -  Total Local Usage
	57401  -  Run Bytes Sent By Job
	525  -  Run Bytes Received By Job
	57401  -  Total Bytes Sent By Job
	525  -  Total Bytes Received By Job
	Partitionable Resources :    Usage  Request Allocated
	   Cpus                 :                 1         1
	   Disk (KB)            :       69  1024000   1031071
	   Memory (MB)          :      224     2000      2000
...
