000 (7661.000.000) 02/22 08:57:25 Job submitted from host: <128.101.221.181:9618?addrs=128.101.221.181-9618&noUDP&sock=2582719_fdba_3>
...
001 (7661.000.000) 02/22 08:57:45 Job executing on host: <128.101.220.86:9618?addrs=128.101.220.86-9618&noUDP&sock=428775_9083_4>
...
006 (7661.000.000) 02/22 08:57:54 Image size of job updated: 200624
	134  -  MemoryUsage of job (MB)
	137116  -  ResidentSetSize of job (KB)
...
006 (7661.000.000) 02/22 09:01:33 Image size of job updated: 332416
	134  -  MemoryUsage of job (MB)
	137116  -  ResidentSetSize of job (KB)
...
005 (7661.000.000) 02/22 09:01:34 Job terminated.
	(1) Normal termination (return value 0)
		Usr 0 00:01:58, Sys 0 00:00:50  -  Run Remote Usage
		Usr 0 00:00:00, Sys 0 00:00:00  -  Run Local Usage
		Usr 0 00:01:58, Sys 0 00:00:50  -  Total Remote Usage
		Usr 0 00:00:00, Sys 0 00:00:00  -  Total Local Usage
	79455  -  Run Bytes Sent By Job
	525  -  Run Bytes Received By Job
	79455  -  Total Bytes Sent By Job
	525  -  Total Bytes Received By Job
	Partitionable Resources :    Usage  Request Allocated
	   Cpus                 :                 1         1
	   Disk (KB)            :       90  1024000   1030543
	   Memory (MB)          :      134     2000      2000
...
