000 (7701.000.000) 02/22 08:57:51 Job submitted from host: <128.101.221.181:9618?addrs=128.101.221.181-9618&noUDP&sock=2582719_fdba_3>
...
001 (7701.000.000) 02/22 08:58:04 Job executing on host: <128.101.220.86:9618?addrs=128.101.220.86-9618&noUDP&sock=428775_9083_4>
...
006 (7701.000.000) 02/22 08:58:13 Image size of job updated: 315100
	233  -  MemoryUsage of job (MB)
	237952  -  ResidentSetSize of job (KB)
...
005 (7701.000.000) 02/22 09:00:47 Job terminated.
	(1) Normal termination (return value 0)
		Usr 0 00:01:29, Sys 0 00:00:39  -  Run Remote Usage
		Usr 0 00:00:00, Sys 0 00:00:00  -  Run Local Usage
		Usr 0 00:01:29, Sys 0 00:00:39  -  Total Remote Usage
		Usr 0 00:00:00, Sys 0 00:00:00  -  Total Local Usage
	58747  -  Run Bytes Sent By Job
	525  -  Run Bytes Received By Job
	58747  -  Total Bytes Sent By Job
	525  -  Total Bytes Received By Job
	Partitionable Resources :    Usage  Request Allocated
	   Cpus                 :                 1         1
	   Disk (KB)            :       70  1024000   1030540
	   Memory (MB)          :      233     2000      2000
...
