000 (7709.000.000) 02/22 08:57:56 Job submitted from host: <128.101.221.181:9618?addrs=128.101.221.181-9618&noUDP&sock=2582719_fdba_3>
...
001 (7709.000.000) 02/22 08:58:16 Job executing on host: <128.101.221.184:9618?addrs=128.101.221.184-9618&noUDP&sock=3941866_c8bc_4>
...
006 (7709.000.000) 02/22 08:58:24 Image size of job updated: 253304
	175  -  MemoryUsage of job (MB)
	178544  -  ResidentSetSize of job (KB)
...
006 (7709.000.000) 02/22 09:00:51 Image size of job updated: 719976
	175  -  MemoryUsage of job (MB)
	178544  -  ResidentSetSize of job (KB)
...
005 (7709.000.000) 02/22 09:00:52 Job terminated.
	(1) Normal termination (return value 0)
		Usr 0 00:01:25, Sys 0 00:00:36  -  Run Remote Usage
		Usr 0 00:00:00, Sys 0 00:00:00  -  Run Local Usage
		Usr 0 00:01:25, Sys 0 00:00:36  -  Total Remote Usage
		Usr 0 00:00:00, Sys 0 00:00:00  -  Total Local Usage
	66901  -  Run Bytes Sent By Job
	525  -  Run Bytes Received By Job
	66901  -  Total Bytes Sent By Job
	525  -  Total Bytes Received By Job
	Partitionable Resources :    Usage  Request Allocated
	   Cpus                 :                 1         1
	   Disk (KB)            :       78  1024000   1028867
	   Memory (MB)          :      175     2000      2000
...
