000 (7678.000.000) 02/22 08:57:33 Job submitted from host: <128.101.221.181:9618?addrs=128.101.221.181-9618&noUDP&sock=2582719_fdba_3>
...
001 (7678.000.000) 02/22 08:57:54 Job executing on host: <128.101.221.180:9618?addrs=128.101.221.180-9618&noUDP&sock=3943_2604_4>
...
006 (7678.000.000) 02/22 08:58:03 Image size of job updated: 339840
	252  -  MemoryUsage of job (MB)
	258036  -  ResidentSetSize of job (KB)
...
005 (7678.000.000) 02/22 08:59:49 Job terminated.
	(1) Normal termination (return value 0)
		Usr 0 00:01:05, Sys 0 00:00:25  -  Run Remote Usage
		Usr 0 00:00:00, Sys 0 00:00:00  -  Run Local Usage
		Usr 0 00:01:05, Sys 0 00:00:25  -  Total Remote Usage
		Usr 0 00:00:00, Sys 0 00:00:00  -  Total Local Usage
	40423  -  Run Bytes Sent By Job
	525  -  Run Bytes Received By Job
	40423  -  Total Bytes Sent By Job
	525  -  Total Bytes Received By Job
	Partitionable Resources :    Usage  Request Allocated
	   Cpus                 :                 1         1
	   Disk (KB)            :       52  1024000   1028900
	   Memory (MB)          :      252     2000      2000
...
