000 (7650.000.000) 02/22 08:57:20 Job submitted from host: <128.101.221.181:9618?addrs=128.101.221.181-9618&noUDP&sock=2582719_fdba_3>
...
001 (7650.000.000) 02/22 08:57:42 Job executing on host: <128.101.221.192:9618?addrs=128.101.221.192-9618&noUDP&sock=3175794_1c7b_4>
...
006 (7650.000.000) 02/22 08:57:50 Image size of job updated: 101120
	54  -  MemoryUsage of job (MB)
	54300  -  ResidentSetSize of job (KB)
...
005 (7650.000.000) 02/22 09:01:14 Job terminated.
	(1) Normal termination (return value 0)
		Usr 0 00:01:51, Sys 0 00:00:49  -  Run Remote Usage
		Usr 0 00:00:00, Sys 0 00:00:00  -  Run Local Usage
		Usr 0 00:01:51, Sys 0 00:00:49  -  Total Remote Usage
		Usr 0 00:00:00, Sys 0 00:00:00  -  Total Local Usage
	57847  -  Run Bytes Sent By Job
	525  -  Run Bytes Received By Job
	57847  -  Total Bytes Sent By Job
	525  -  Total Bytes Received By Job
	Partitionable Resources :    Usage  Request Allocated
	   Cpus                 :                 1         1
	   Disk (KB)            :       69  1024000   1030429
	   Memory (MB)          :       54     2000      2000
...
