000 (7655.000.000) 02/22 08:57:22 Job submitted from host: <128.101.221.181:9618?addrs=128.101.221.181-9618&noUDP&sock=2582719_fdba_3>
...
001 (7655.000.000) 02/22 08:57:43 Job executing on host: <128.101.220.43:9618?addrs=128.101.220.43-9618&noUDP&sock=249879_c9d6_4>
...
006 (7655.000.000) 02/22 08:57:52 Image size of job updated: 127608
	76  -  MemoryUsage of job (MB)
	77056  -  ResidentSetSize of job (KB)
...
006 (7655.000.000) 02/22 09:01:32 Image size of job updated: 720084
	76  -  MemoryUsage of job (MB)
	77056  -  ResidentSetSize of job (KB)
...
005 (7655.000.000) 02/22 09:01:33 Job terminated.
	(1) Normal termination (return value 0)
		Usr 0 00:02:00, Sys 0 00:00:52  -  Run Remote Usage
		Usr 0 00:00:00, Sys 0 00:00:00  -  Run Local Usage
		Usr 0 00:02:00, Sys 0 00:00:52  -  Total Remote Usage
		Usr 0 00:00:00, Sys 0 00:00:00  -  Total Local Usage
	71702  -  Run Bytes Sent By Job
	525  -  Run Bytes Received By Job
	71702  -  Total Bytes Sent By Job
	525  -  Total Bytes Received By Job
	Partitionable Resources :    Usage  Request Allocated
	   Cpus                 :                 1         1
	   Disk (KB)            :       83  1024000   1030255
	   Memory (MB)          :       76     2000      2000
...
