000 (7676.000.000) 02/22 08:57:32 Job submitted from host: <128.101.221.181:9618?addrs=128.101.221.181-9618&noUDP&sock=2582719_fdba_3>
...
001 (7676.000.000) 02/22 08:57:54 Job executing on host: <128.101.221.186:9618?addrs=128.101.221.186-9618&noUDP&sock=3131318_464d_4>
...
006 (7676.000.000) 02/22 08:58:03 Image size of job updated: 282220
	202  -  MemoryUsage of job (MB)
	206784  -  ResidentSetSize of job (KB)
...
006 (7676.000.000) 02/22 09:00:54 Image size of job updated: 719932
	202  -  MemoryUsage of job (MB)
	206784  -  ResidentSetSize of job (KB)
...
005 (7676.000.000) 02/22 09:00:55 Job terminated.
	(1) Normal termination (return value 0)
		Usr 0 00:01:43, Sys 0 00:00:42  -  Run Remote Usage
		Usr 0 00:00:00, Sys 0 00:00:00  -  Run Local Usage
		Usr 0 00:01:43, Sys 0 00:00:42  -  Total Remote Usage
		Usr 0 00:00:00, Sys 0 00:00:00  -  Total Local Usage
	62938  -  Run Bytes Sent By Job
	525  -  Run Bytes Received By Job
	62938  -  Total Bytes Sent By Job
	525  -  Total Bytes Received By Job
	Partitionable Resources :    Usage  Request Allocated
	   Cpus                 :                 1         1
	   Disk (KB)            :       74  1024000   1028662
	   Memory (MB)          :      202     2000      2000
...
