000 (7688.000.000) 02/22 08:57:41 Job submitted from host: <128.101.221.181:9618?addrs=128.101.221.181-9618&noUDP&sock=2582719_fdba_3>
...
001 (7688.000.000) 02/22 08:57:58 Job executing on host: <128.101.221.182:9618?addrs=128.101.221.182-9618&noUDP&sock=3902_06a2_4>
...
006 (7688.000.000) 02/22 08:58:07 Image size of job updated: 282768
	219  -  MemoryUsage of job (MB)
	223900  -  ResidentSetSize of job (KB)
...
005 (7688.000.000) 02/22 08:59:50 Job terminated.
	(1) Normal termination (return value 0)
		Usr 0 00:01:05, Sys 0 00:00:26  -  Run Remote Usage
		Usr 0 00:00:00, Sys 0 00:00:00  -  Run Local Usage
		Usr 0 00:01:05, Sys 0 00:00:26  -  Total Remote Usage
		Usr 0 00:00:00, Sys 0 00:00:00  -  Total Local Usage
	44839  -  Run Bytes Sent By Job
	525  -  Run Bytes Received By Job
	44839  -  Total Bytes Sent By Job
	525  -  Total Bytes Received By Job
	Partitionable Resources :    Usage  Request Allocated
	   Cpus                 :                 1         1
	   Disk (KB)            :       56  1024000   1025161
	   Memory (MB)          :      219     2000      2000
...
