000 (7711.000.000) 02/22 08:57:57 Job submitted from host: <128.101.221.181:9618?addrs=128.101.221.181-9618&noUDP&sock=2582719_fdba_3>
...
001 (7711.000.000) 02/22 08:58:17 Job executing on host: <128.101.221.187:9618?addrs=128.101.221.187-9618&noUDP&sock=3336463_ae6f_4>
...
006 (7711.000.000) 02/22 08:58:25 Image size of job updated: 213564
	146  -  MemoryUsage of job (MB)
	148560  -  ResidentSetSize of job (KB)
...
005 (7711.000.000) 02/22 09:00:49 Job terminated.
	(1) Normal termination (return value 0)
		Usr 0 00:01:25, Sys 0 00:00:38  -  Run Remote Usage
		Usr 0 00:00:00, Sys 0 00:00:00  -  Run Local Usage
		Usr 0 00:01:25, Sys 0 00:00:38  -  Total Remote Usage
		Usr 0 00:00:00, Sys 0 00:00:00  -  Total Local Usage
	49055  -  Run Bytes Sent By Job
	525  -  Run Bytes Received By Job
	49055  -  Total Bytes Sent By Job
	525  -  Total Bytes Received By Job
	Partitionable Resources :    Usage  Request Allocated
	   Cpus                 :                 1         1
	   Disk (KB)            :       61  1024000   1030338
	   Memory (MB)          :      146     2000      2000
...
