000 (7684.000.000) 02/22 08:57:37 Job submitted from host: <128.101.221.181:9618?addrs=128.101.221.181-9618&noUDP&sock=2582719_fdba_3>
...
001 (7684.000.000) 02/22 08:57:56 Job executing on host: <128.101.221.187:9618?addrs=128.101.221.187-9618&noUDP&sock=3336463_ae6f_4>
...
006 (7684.000.000) 02/22 08:58:05 Image size of job updated: 304472
	250  -  MemoryUsage of job (MB)
	255304  -  ResidentSetSize of job (KB)
...
006 (7684.000.000) 02/22 09:02:04 Image size of job updated: 326016
	250  -  MemoryUsage of job (MB)
	255304  -  ResidentSetSize of job (KB)
...
005 (7684.000.000) 02/22 09:02:05 Job terminated.
	(1) Normal termination (return value 0)
		Usr 0 00:02:18, Sys 0 00:01:02  -  Run Remote Usage
		Usr 0 00:00:00, Sys 0 00:00:00  -  Run Local Usage
		Usr 0 00:02:18, Sys 0 00:01:02  -  Total Remote Usage
		Usr 0 00:00:00, Sys 0 00:00:00  -  Total Local Usage
	66205  -  Run Bytes Sent By Job
	525  -  Run Bytes Received By Job
	66205  -  Total Bytes Sent By Job
	525  -  Total Bytes Received By Job
	Partitionable Resources :    Usage  Request Allocated
	   Cpus                 :                 1         1
	   Disk (KB)            :       77  1024000   1030339
	   Memory (MB)          :      250     2000      2000
...
