000 (7666.000.000) 02/22 08:57:27 Job submitted from host: <128.101.221.181:9618?addrs=128.101.221.181-9618&noUDP&sock=2582719_fdba_3>
...
001 (7666.000.000) 02/22 08:57:47 Job executing on host: <128.101.220.154:9618?addrs=128.101.220.154-9618&noUDP&sock=253625_3b9c_4>
...
006 (7666.000.000) 02/22 08:57:56 Image size of job updated: 186340
	122  -  MemoryUsage of job (MB)
	124500  -  ResidentSetSize of job (KB)
...
006 (7666.000.000) 02/22 08:59:10 Image size of job updated: 721064
	122  -  MemoryUsage of job (MB)
	124500  -  ResidentSetSize of job (KB)
...
005 (7666.000.000) 02/22 08:59:11 Job terminated.
	(1) Normal termination (return value 0)
		Usr 0 00:00:42, Sys 0 00:00:13  -  Run Remote Usage
		Usr 0 00:00:00, Sys 0 00:00:00  -  Run Local Usage
		Usr 0 00:00:42, Sys 0 00:00:13  -  Total Remote Usage
		Usr 0 00:00:00, Sys 0 00:00:00  -  Total Local Usage
	40624  -  Run Bytes Sent By Job
	525  -  Run Bytes Received By Job
	40624  -  Total Bytes Sent By Job
	525  -  Total Bytes Received By Job
	Partitionable Resources :    Usage  Request Allocated
	   Cpus                 :                 1         1
	   Disk (KB)            :       52  1024000   1030530
	   Memory (MB)          :      122     2000      2000
...
