000 (9034.000.000) 03/29 08:42:47 Job submitted from host: <128.101.221.180:9618?addrs=128.101.221.180-9618&noUDP&sock=3943_2604_3>
...
001 (9034.000.000) 03/29 09:06:52 Job executing on host: <128.101.221.182:9618?addrs=128.101.221.182-9618&noUDP&sock=3902_06a2_4>
...
006 (9034.000.000) 03/29 09:07:00 Image size of job updated: 189212
	126  -  MemoryUsage of job (MB)
	128744  -  ResidentSetSize of job (KB)
...
006 (9034.000.000) 03/29 09:12:00 Image size of job updated: 331344
	324  -  MemoryUsage of job (MB)
	330808  -  ResidentSetSize of job (KB)
...
006 (9034.000.000) 03/29 09:15:38 Image size of job updated: 331676
	324  -  MemoryUsage of job (MB)
	330808  -  ResidentSetSize of job (KB)
...
005 (9034.000.000) 03/29 09:15:38 Job terminated.
	(1) Normal termination (return value 0)
		Usr 0 00:05:11, Sys 0 00:02:53  -  Run Remote Usage
		Usr 0 00:00:00, Sys 0 00:00:00  -  Run Local Usage
		Usr 0 00:05:11, Sys 0 00:02:53  -  Total Remote Usage
		Usr 0 00:00:00, Sys 0 00:00:00  -  Total Local Usage
	77461  -  Run Bytes Sent By Job
	533  -  Run Bytes Received By Job
	77461  -  Total Bytes Sent By Job
	533  -  Total Bytes Received By Job
	Partitionable Resources :    Usage  Request Allocated
	   Cpus                 :                 1         1
	   Disk (KB)            :       89  1024000   2046634
	   Memory (MB)          :      324     2000      2000
...
