000 (9023.000.000) 03/29 08:42:42 Job submitted from host: <128.101.221.180:9618?addrs=128.101.221.180-9618&noUDP&sock=3943_2604_3>
...
001 (9023.000.000) 03/29 09:03:51 Job executing on host: <128.101.221.182:9618?addrs=128.101.221.182-9618&noUDP&sock=3902_06a2_4>
...
006 (9023.000.000) 03/29 09:04:00 Image size of job updated: 202256
	197  -  MemoryUsage of job (MB)
	200968  -  ResidentSetSize of job (KB)
...
006 (9023.000.000) 03/29 09:09:01 Image size of job updated: 329704
	322  -  MemoryUsage of job (MB)
	329024  -  ResidentSetSize of job (KB)
...
006 (9023.000.000) 03/29 09:13:32 Image size of job updated: 731440
	322  -  MemoryUsage of job (MB)
	329024  -  ResidentSetSize of job (KB)
...
005 (9023.000.000) 03/29 09:13:33 Job terminated.
	(1) Normal termination (return value 0)
		Usr 0 00:05:41, Sys 0 00:03:18  -  Run Remote Usage
		Usr 0 00:00:00, Sys 0 00:00:00  -  Run Local Usage
		Usr 0 00:05:41, Sys 0 00:03:18  -  Total Remote Usage
		Usr 0 00:00:00, Sys 0 00:00:00  -  Total Local Usage
	88076  -  Run Bytes Sent By Job
	533  -  Run Bytes Received By Job
	88076  -  Total Bytes Sent By Job
	533  -  Total Bytes Received By Job
	Partitionable Resources :    Usage  Request Allocated
	   Cpus                 :                 1         1
	   Disk (KB)            :       99  1024000   2046636
	   Memory (MB)          :      322     2000      2000
...
