000 (9044.000.000) 03/29 08:42:52 Job submitted from host: <128.101.221.180:9618?addrs=128.101.221.180-9618&noUDP&sock=3943_2604_3>
...
001 (9044.000.000) 03/29 09:11:20 Job executing on host: <128.101.221.175:9618?addrs=128.101.221.175-9618&noUDP&sock=12916_e152_4>
...
006 (9044.000.000) 03/29 09:11:29 Image size of job updated: 241232
	189  -  MemoryUsage of job (MB)
	193052  -  ResidentSetSize of job (KB)
...
006 (9044.000.000) 03/29 09:16:30 Image size of job updated: 331808
	324  -  MemoryUsage of job (MB)
	331740  -  ResidentSetSize of job (KB)
...
006 (9044.000.000) 03/29 09:18:37 Image size of job updated: 332160
	324  -  MemoryUsage of job (MB)
	331740  -  ResidentSetSize of job (KB)
...
005 (9044.000.000) 03/29 09:18:38 Job terminated.
	(1) Normal termination (return value 0)
		Usr 0 00:04:20, Sys 0 00:02:24  -  Run Remote Usage
		Usr 0 00:00:00, Sys 0 00:00:00  -  Run Local Usage
		Usr 0 00:04:20, Sys 0 00:02:24  -  Total Remote Usage
		Usr 0 00:00:00, Sys 0 00:00:00  -  Total Local Usage
	65969  -  Run Bytes Sent By Job
	533  -  Run Bytes Received By Job
	65969  -  Total Bytes Sent By Job
	533  -  Total Bytes Received By Job
	Partitionable Resources :    Usage  Request Allocated
	   Cpus                 :                 1         1
	   Disk (KB)            :       77  1024000   1931250
	   Memory (MB)          :      324     2000      2000
...
