000 (9040.000.000) 03/29 08:42:50 Job submitted from host: <128.101.221.180:9618?addrs=128.101.221.180-9618&noUDP&sock=3943_2604_3>
...
001 (9040.000.000) 03/29 09:09:11 Job executing on host: <128.101.221.175:9618?addrs=128.101.221.175-9618&noUDP&sock=12916_e152_4>
...
006 (9040.000.000) 03/29 09:09:20 Image size of job updated: 207868
	176  -  MemoryUsage of job (MB)
	179952  -  ResidentSetSize of job (KB)
...
006 (9040.000.000) 03/29 09:14:21 Image size of job updated: 330600
	323  -  MemoryUsage of job (MB)
	330352  -  ResidentSetSize of job (KB)
...
006 (9040.000.000) 03/29 09:19:20 Image size of job updated: 332148
	323  -  MemoryUsage of job (MB)
	330352  -  ResidentSetSize of job (KB)
...
005 (9040.000.000) 03/29 09:19:21 Job terminated.
	(1) Normal termination (return value 0)
		Usr 0 00:06:01, Sys 0 00:03:21  -  Run Remote Usage
		Usr 0 00:00:00, Sys 0 00:00:00  -  Run Local Usage
		Usr 0 00:06:01, Sys 0 00:03:21  -  Total Remote Usage
		Usr 0 00:00:00, Sys 0 00:00:00  -  Total Local Usage
	85080  -  Run Bytes Sent By Job
	533  -  Run Bytes Received By Job
	85080  -  Total Bytes Sent By Job
	533  -  Total Bytes Received By Job
	Partitionable Resources :    Usage  Request Allocated
	   Cpus                 :                 1         1
	   Disk (KB)            :       96  1024000   1931258
	   Memory (MB)          :      323     2000      2000
...
