000 (9037.000.000) 03/29 08:42:49 Job submitted from host: <128.101.221.180:9618?addrs=128.101.221.180-9618&noUDP&sock=3943_2604_3>
...
001 (9037.000.000) 03/29 09:08:05 Job executing on host: <128.101.221.175:9618?addrs=128.101.221.175-9618&noUDP&sock=12916_e152_4>
...
006 (9037.000.000) 03/29 09:08:14 Image size of job updated: 225028
	185  -  MemoryUsage of job (MB)
	188640  -  ResidentSetSize of job (KB)
...
006 (9037.000.000) 03/29 09:13:15 Image size of job updated: 329540
	322  -  MemoryUsage of job (MB)
	329348  -  ResidentSetSize of job (KB)
...
006 (9037.000.000) 03/29 09:18:15 Image size of job updated: 332588
	325  -  MemoryUsage of job (MB)
	332504  -  ResidentSetSize of job (KB)
...
005 (9037.000.000) 03/29 09:19:32 Job terminated.
	(1) Normal termination (return value 0)
		Usr 0 00:06:05, Sys 0 00:03:21  -  Run Remote Usage
		Usr 0 00:00:00, Sys 0 00:00:00  -  Run Local Usage
		Usr 0 00:06:05, Sys 0 00:03:21  -  Total Remote Usage
		Usr 0 00:00:00, Sys 0 00:00:00  -  Total Local Usage
	81546  -  Run Bytes Sent By Job
	533  -  Run Bytes Received By Job
	81546  -  Total Bytes Sent By Job
	533  -  Total Bytes Received By Job
	Partitionable Resources :    Usage  Request Allocated
	   Cpus                 :                 1         1
	   Disk (KB)            :       93  1024000   1931272
	   Memory (MB)          :      325     2000      2000
...
