000 (9027.000.000) 03/29 08:42:44 Job submitted from host: <128.101.221.180:9618?addrs=128.101.221.180-9618&noUDP&sock=3943_2604_3>
...
001 (9027.000.000) 03/29 09:03:51 Job executing on host: <128.101.221.182:9618?addrs=128.101.221.182-9618&noUDP&sock=3902_06a2_4>
...
006 (9027.000.000) 03/29 09:04:00 Image size of job updated: 195848
	191  -  MemoryUsage of job (MB)
	194960  -  ResidentSetSize of job (KB)
...
006 (9027.000.000) 03/29 09:09:01 Image size of job updated: 330840
	324  -  MemoryUsage of job (MB)
	330800  -  ResidentSetSize of job (KB)
...
006 (9027.000.000) 03/29 09:13:24 Image size of job updated: 333024
	324  -  MemoryUsage of job (MB)
	330800  -  ResidentSetSize of job (KB)
...
005 (9027.000.000) 03/29 09:13:26 Job terminated.
	(1) Normal termination (return value 0)
		Usr 0 00:05:38, Sys 0 00:03:13  -  Run Remote Usage
		Usr 0 00:00:00, Sys 0 00:00:00  -  Run Local Usage
		Usr 0 00:05:38, Sys 0 00:03:13  -  Total Remote Usage
		Usr 0 00:00:00, Sys 0 00:00:00  -  Total Local Usage
	106116  -  Run Bytes Sent By Job
	533  -  Run Bytes Received By Job
	106116  -  Total Bytes Sent By Job
	533  -  Total Bytes Received By Job
	Partitionable Resources :    Usage  Request Allocated
	   Cpus                 :                 1         1
	   Disk (KB)            :      116  1024000   2046634
	   Memory (MB)          :      324     2000      2000
...
