000 (9031.000.000) 03/29 08:42:46 Job submitted from host: <128.101.221.180:9618?addrs=128.101.221.180-9618&noUDP&sock=3943_2604_3>
...
001 (9031.000.000) 03/29 09:05:37 Job executing on host: <128.101.221.186:9618?addrs=128.101.221.186-9618&noUDP&sock=3131318_464d_4>
...
006 (9031.000.000) 03/29 09:05:46 Image size of job updated: 159736
	101  -  MemoryUsage of job (MB)
	102668  -  ResidentSetSize of job (KB)
...
006 (9031.000.000) 03/29 09:10:46 Image size of job updated: 426384
	323  -  MemoryUsage of job (MB)
	329780  -  ResidentSetSize of job (KB)
...
006 (9031.000.000) 03/29 09:13:04 Image size of job updated: 729964
	323  -  MemoryUsage of job (MB)
	329780  -  ResidentSetSize of job (KB)
...
005 (9031.000.000) 03/29 09:13:05 Job terminated.
	(1) Normal termination (return value 0)
		Usr 0 00:04:54, Sys 0 00:01:32  -  Run Remote Usage
		Usr 0 00:00:00, Sys 0 00:00:00  -  Run Local Usage
		Usr 0 00:04:54, Sys 0 00:01:32  -  Total Remote Usage
		Usr 0 00:00:00, Sys 0 00:00:00  -  Total Local Usage
	72416  -  Run Bytes Sent By Job
	533  -  Run Bytes Received By Job
	72416  -  Total Bytes Sent By Job
	533  -  Total Bytes Received By Job
	Partitionable Resources :    Usage  Request Allocated
	   Cpus                 :                 1         1
	   Disk (KB)            :       83  1024000   1027101
	   Memory (MB)          :      323     2000      2000
...
