000 (9038.000.000) 03/29 08:42:49 Job submitted from host: <128.101.221.180:9618?addrs=128.101.221.180-9618&noUDP&sock=3943_2604_3>
...
001 (9038.000.000) 03/29 09:08:07 Job executing on host: <128.101.221.175:9618?addrs=128.101.221.175-9618&noUDP&sock=12916_e152_4>
...
006 (9038.000.000) 03/29 09:08:16 Image size of job updated: 236268
	190  -  MemoryUsage of job (MB)
	193640  -  ResidentSetSize of job (KB)
...
006 (9038.000.000) 03/29 09:13:17 Image size of job updated: 330624
	322  -  MemoryUsage of job (MB)
	329708  -  ResidentSetSize of job (KB)
...
005 (9038.000.000) 03/29 09:14:50 Job terminated.
	(1) Normal termination (return value 0)
		Usr 0 00:04:02, Sys 0 00:02:08  -  Run Remote Usage
		Usr 0 00:00:00, Sys 0 00:00:00  -  Run Local Usage
		Usr 0 00:04:02, Sys 0 00:02:08  -  Total Remote Usage
		Usr 0 00:00:00, Sys 0 00:00:00  -  Total Local Usage
	73087  -  Run Bytes Sent By Job
	533  -  Run Bytes Received By Job
	73087  -  Total Bytes Sent By Job
	533  -  Total Bytes Received By Job
	Partitionable Resources :    Usage  Request Allocated
	   Cpus                 :                 1         1
	   Disk (KB)            :       84  1024000   1931260
	   Memory (MB)          :      322     2000      2000
...
