000 (9033.000.000) 03/29 08:42:47 Job submitted from host: <128.101.221.180:9618?addrs=128.101.221.180-9618&noUDP&sock=3943_2604_3>
...
001 (9033.000.000) 03/29 09:06:00 Job executing on host: <128.101.221.193:9618?addrs=128.101.221.193-9618&noUDP&sock=2332108_b0a7_4>
...
006 (9033.000.000) 03/29 09:06:09 Image size of job updated: 190208
	126  -  MemoryUsage of job (MB)
	128144  -  ResidentSetSize of job (KB)
...
006 (9033.000.000) 03/29 09:10:35 Image size of job updated: 427556
	126  -  MemoryUsage of job (MB)
	128144  -  ResidentSetSize of job (KB)
...
005 (9033.000.000) 03/29 09:10:36 Job terminated.
	(1) Normal termination (return value 0)
		Usr 0 00:02:48, Sys 0 00:01:00  -  Run Remote Usage
		Usr 0 00:00:00, Sys 0 00:00:00  -  Run Local Usage
		Usr 0 00:02:48, Sys 0 00:01:00  -  Total Remote Usage
		Usr 0 00:00:00, Sys 0 00:00:00  -  Total Local Usage
	84951  -  Run Bytes Sent By Job
	533  -  Run Bytes Received By Job
	84951  -  Total Bytes Sent By Job
	533  -  Total Bytes Received By Job
	Partitionable Resources :    Usage  Request Allocated
	   Cpus                 :                 1         1
	   Disk (KB)            :       96  1024000   1028500
	   Memory (MB)          :      126     2000      2000
...
