000 (9028.000.000) 03/29 08:42:44 Job submitted from host: <128.101.221.180:9618?addrs=128.101.221.180-9618&noUDP&sock=3943_2604_3>
...
001 (9028.000.000) 03/29 09:03:54 Job executing on host: <128.101.221.182:9618?addrs=128.101.221.182-9618&noUDP&sock=3902_06a2_4>
...
006 (9028.000.000) 03/29 09:04:02 Image size of job updated: 197884
	173  -  MemoryUsage of job (MB)
	176880  -  ResidentSetSize of job (KB)
...
006 (9028.000.000) 03/29 09:09:02 Image size of job updated: 329572
	322  -  MemoryUsage of job (MB)
	329540  -  ResidentSetSize of job (KB)
...
006 (9028.000.000) 03/29 09:14:03 Image size of job updated: 332336
	325  -  MemoryUsage of job (MB)
	331968  -  ResidentSetSize of job (KB)
...
005 (9028.000.000) 03/29 09:14:44 Job terminated.
	(1) Normal termination (return value 0)
		Usr 0 00:06:24, Sys 0 00:03:38  -  Run Remote Usage
		Usr 0 00:00:00, Sys 0 00:00:00  -  Run Local Usage
		Usr 0 00:06:24, Sys 0 00:03:38  -  Total Remote Usage
		Usr 0 00:00:00, Sys 0 00:00:00  -  Total Local Usage
	90335  -  Run Bytes Sent By Job
	533  -  Run Bytes Received By Job
	90335  -  Total Bytes Sent By Job
	533  -  Total Bytes Received By Job
	Partitionable Resources :    Usage  Request Allocated
	   Cpus                 :                 1         1
	   Disk (KB)            :      101  1024000   2046634
	   Memory (MB)          :      325     2000      2000
...
