000 (9039.000.000) 03/29 08:42:49 Job submitted from host: <128.101.221.180:9618?addrs=128.101.221.180-9618&noUDP&sock=3943_2604_3>
...
001 (9039.000.000) 03/29 09:08:40 Job executing on host: <128.101.220.50:9618?addrs=128.101.220.50-9618&noUDP&sock=258564_f9de_4>
...
006 (9039.000.000) 03/29 09:08:49 Image size of job updated: 181040
	117  -  MemoryUsage of job (MB)
	119192  -  ResidentSetSize of job (KB)
...
006 (9039.000.000) 03/29 09:13:50 Image size of job updated: 427472
	324  -  MemoryUsage of job (MB)
	330868  -  ResidentSetSize of job (KB)
...
006 (9039.000.000) 03/29 09:15:00 Image size of job updated: 730048
	324  -  MemoryUsage of job (MB)
	330868  -  ResidentSetSize of job (KB)
...
005 (9039.000.000) 03/29 09:15:01 Job terminated.
	(1) Normal termination (return value 0)
		Usr 0 00:04:07, Sys 0 00:01:21  -  Run Remote Usage
		Usr 0 00:00:00, Sys 0 00:00:00  -  Run Local Usage
		Usr 0 00:04:07, Sys 0 00:01:21  -  Total Remote Usage
		Usr 0 00:00:00, Sys 0 00:00:00  -  Total Local Usage
	74444  -  Run Bytes Sent By Job
	533  -  Run Bytes Received By Job
	74444  -  Total Bytes Sent By Job
	533  -  Total Bytes Received By Job
	Partitionable Resources :    Usage  Request Allocated
	   Cpus                 :                 1         1
	   Disk (KB)            :       86  1024000   1028053
	   Memory (MB)          :      324     2000      2000
...
