000 (9045.000.000) 03/29 08:42:52 Job submitted from host: <128.101.221.180:9618?addrs=128.101.221.180-9618&noUDP&sock=3943_2604_3>
...
001 (9045.000.000) 03/29 09:11:20 Job executing on host: <128.101.221.175:9618?addrs=128.101.221.175-9618&noUDP&sock=12916_e152_4>
...
006 (9045.000.000) 03/29 09:11:29 Image size of job updated: 223860
	191  -  MemoryUsage of job (MB)
	194872  -  ResidentSetSize of job (KB)
...
005 (9045.000.000) 03/29 09:15:54 Job terminated.
	(1) Normal termination (return value 0)
		Usr 0 00:02:46, Sys 0 00:01:26  -  Run Remote Usage
		Usr 0 00:00:00, Sys 0 00:00:00  -  Run Local Usage
		Usr 0 00:02:46, Sys 0 00:01:26  -  Total Remote Usage
		Usr 0 00:00:00, Sys 0 00:00:00  -  Total Local Usage
	60214  -  Run Bytes Sent By Job
	533  -  Run Bytes Received By Job
	60214  -  Total Bytes Sent By Job
	533  -  Total Bytes Received By Job
	Partitionable Resources :    Usage  Request Allocated
	   Cpus                 :                 1         1
	   Disk (KB)            :       72  1024000   1931250
	   Memory (MB)          :      191     2000      2000
...
