000 (9042.000.000) 03/29 08:42:51 Job submitted from host: <128.101.221.180:9618?addrs=128.101.221.180-9618&noUDP&sock=3943_2604_3>
...
001 (9042.000.000) 03/29 09:10:54 Job executing on host: <128.101.221.175:9618?addrs=128.101.221.175-9618&noUDP&sock=12916_e152_4>
...
006 (9042.000.000) 03/29 09:11:03 Image size of job updated: 253860
	176  -  MemoryUsage of job (MB)
	179268  -  ResidentSetSize of job (KB)
...
006 (9042.000.000) 03/29 09:16:04 Image size of job updated: 331052
	324  -  MemoryUsage of job (MB)
	330836  -  ResidentSetSize of job (KB)
...
005 (9042.000.000) 03/29 09:20:37 Job terminated.
	(1) Normal termination (return value 0)
		Usr 0 00:05:43, Sys 0 00:03:11  -  Run Remote Usage
		Usr 0 00:00:00, Sys 0 00:00:00  -  Run Local Usage
		Usr 0 00:05:43, Sys 0 00:03:11  -  Total Remote Usage
		Usr 0 00:00:00, Sys 0 00:00:00  -  Total Local Usage
	97152  -  Run Bytes Sent By Job
	533  -  Run Bytes Received By Job
	97152  -  Total Bytes Sent By Job
	533  -  Total Bytes Received By Job
	Partitionable Resources :    Usage  Request Allocated
	   Cpus                 :                 1         1
	   Disk (KB)            :      108  1024000   1931268
	   Memory (MB)          :      324     2000      2000
...
