000 (9022.000.000) 03/29 08:42:41 Job submitted from host: <128.101.221.180:9618?addrs=128.101.221.180-9618&noUDP&sock=3943_2604_3>
...
001 (9022.000.000) 03/29 09:03:49 Job executing on host: <128.101.221.182:9618?addrs=128.101.221.182-9618&noUDP&sock=3902_06a2_4>
...
006 (9022.000.000) 03/29 09:03:58 Image size of job updated: 126188
	122  -  MemoryUsage of job (MB)
	124736  -  ResidentSetSize of job (KB)
...
006 (9022.000.000) 03/29 09:08:58 Image size of job updated: 330572
	323  -  MemoryUsage of job (MB)
	329744  -  ResidentSetSize of job (KB)
...
006 (9022.000.000) 03/29 09:13:17 Image size of job updated: 731760
	323  -  MemoryUsage of job (MB)
	329744  -  ResidentSetSize of job (KB)
...
005 (9022.000.000) 03/29 09:13:18 Job terminated.
	(1) Normal termination (return value 0)
		Usr 0 00:05:33, Sys 0 00:03:10  -  Run Remote Usage
		Usr 0 00:00:00, Sys 0 00:00:00  -  Run Local Usage
		Usr 0 00:05:33, Sys 0 00:03:10  -  Total Remote Usage
		Usr 0 00:00:00, Sys 0 00:00:00  -  Total Local Usage
	82249  -  Run Bytes Sent By Job
	533  -  Run Bytes Received By Job
	82249  -  Total Bytes Sent By Job
	533  -  Total Bytes Received By Job
	Partitionable Resources :    Usage  Request Allocated
	   Cpus                 :                 1         1
	   Disk (KB)            :       93  1024000   2046636
	   Memory (MB)          :      323     2000      2000
...
