000 (9035.000.000) 03/29 08:42:47 Job submitted from host: <128.101.221.180:9618?addrs=128.101.221.180-9618&noUDP&sock=3943_2604_3>
...
001 (9035.000.000) 03/29 09:07:26 Job executing on host: <128.101.221.182:9618?addrs=128.101.221.182-9618&noUDP&sock=3902_06a2_4>
...
006 (9035.000.000) 03/29 09:07:35 Image size of job updated: 266516
	186  -  MemoryUsage of job (MB)
	189952  -  ResidentSetSize of job (KB)
...
006 (9035.000.000) 03/29 09:12:36 Image size of job updated: 332584
	325  -  MemoryUsage of job (MB)
	331936  -  ResidentSetSize of job (KB)
...
005 (9035.000.000) 03/29 09:14:14 Job terminated.
	(1) Normal termination (return value 0)
		Usr 0 00:04:03, Sys 0 00:02:13  -  Run Remote Usage
		Usr 0 00:00:00, Sys 0 00:00:00  -  Run Local Usage
		Usr 0 00:04:03, Sys 0 00:02:13  -  Total Remote Usage
		Usr 0 00:00:00, Sys 0 00:00:00  -  Total Local Usage
	75130  -  Run Bytes Sent By Job
	533  -  Run Bytes Received By Job
	75130  -  Total Bytes Sent By Job
	533  -  Total Bytes Received By Job
	Partitionable Resources :    Usage  Request Allocated
	   Cpus                 :                 1         1
	   Disk (KB)            :       86  1024000   2046608
	   Memory (MB)          :      325     2000      2000
...
