000 (9024.000.000) 03/29 08:42:42 Job submitted from host: <128.101.221.180:9618?addrs=128.101.221.180-9618&noUDP&sock=3943_2604_3>
...
001 (9024.000.000) 03/29 09:03:51 Job executing on host: <128.101.221.182:9618?addrs=128.101.221.182-9618&noUDP&sock=3902_06a2_4>
...
006 (9024.000.000) 03/29 09:04:00 Image size of job updated: 209564
	198  -  MemoryUsage of job (MB)
	202644  -  ResidentSetSize of job (KB)
...
005 (9024.000.000) 03/29 09:06:50 Job terminated.
	(1) Normal termination (return value 0)
		Usr 0 00:01:48, Sys 0 00:00:57  -  Run Remote Usage
		Usr 0 00:00:00, Sys 0 00:00:00  -  Run Local Usage
		Usr 0 00:01:48, Sys 0 00:00:57  -  Total Remote Usage
		Usr 0 00:00:00, Sys 0 00:00:00  -  Total Local Usage
	62519  -  Run Bytes Sent By Job
	533  -  Run Bytes Received By Job
	62519  -  Total Bytes Sent By Job
	533  -  Total Bytes Received By Job
	Partitionable Resources :    Usage  Request Allocated
	   Cpus                 :                 1         1
	   Disk (KB)            :       74  1024000   2046634
	   Memory (MB)          :      198     2000      2000
...
