000 (9046.000.000) 03/29 08:42:53 Job submitted from host: <128.101.221.180:9618?addrs=128.101.221.180-9618&noUDP&sock=3943_2604_3>
...
001 (9046.000.000) 03/29 09:11:35 Job executing on host: <128.101.221.175:9618?addrs=128.101.221.175-9618&noUDP&sock=12916_e152_4>
...
006 (9046.000.000) 03/29 09:11:43 Image size of job updated: 201356
	174  -  MemoryUsage of job (MB)
	177484  -  ResidentSetSize of job (KB)
...
006 (9046.000.000) 03/29 09:16:43 Image size of job updated: 331240
	324  -  MemoryUsage of job (MB)
	330976  -  ResidentSetSize of job (KB)
...
005 (9046.000.000) 03/29 09:20:27 Job terminated.
	(1) Normal termination (return value 0)
		Usr 0 00:05:15, Sys 0 00:02:57  -  Run Remote Usage
		Usr 0 00:00:00, Sys 0 00:00:00  -  Run Local Usage
		Usr 0 00:05:15, Sys 0 00:02:57  -  Total Remote Usage
		Usr 0 00:00:00, Sys 0 00:00:00  -  Total Local Usage
	78706  -  Run Bytes Sent By Job
	533  -  Run Bytes Received By Job
	78706  -  Total Bytes Sent By Job
	533  -  Total Bytes Received By Job
	Partitionable Resources :    Usage  Request Allocated
	   Cpus                 :                 1         1
	   Disk (KB)            :       90  1024000   1931268
	   Memory (MB)          :      324     2000      2000
...
