000 (9026.000.000) 03/29 08:42:43 Job submitted from host: <128.101.221.180:9618?addrs=128.101.221.180-9618&noUDP&sock=3943_2604_3>
...
001 (9026.000.000) 03/29 09:03:51 Job executing on host: <128.101.221.182:9618?addrs=128.101.221.182-9618&noUDP&sock=3902_06a2_4>
...
006 (9026.000.000) 03/29 09:04:00 Image size of job updated: 188532
	184  -  MemoryUsage of job (MB)
	187396  -  ResidentSetSize of job (KB)
...
006 (9026.000.000) 03/29 09:09:01 Image size of job updated: 330232
	323  -  MemoryUsage of job (MB)
	330056  -  ResidentSetSize of job (KB)
...
006 (9026.000.000) 03/29 09:11:43 Image size of job updated: 730044
	323  -  MemoryUsage of job (MB)
	330056  -  ResidentSetSize of job (KB)
...
005 (9026.000.000) 03/29 09:11:44 Job terminated.
	(1) Normal termination (return value 0)
		Usr 0 00:04:39, Sys 0 00:02:40  -  Run Remote Usage
		Usr 0 00:00:00, Sys 0 00:00:00  -  Run Local Usage
		Usr 0 00:04:39, Sys 0 00:02:40  -  Total Remote Usage
		Usr 0 00:00:00, Sys 0 00:00:00  -  Total Local Usage
	73278  -  Run Bytes Sent By Job
	533  -  Run Bytes Received By Job
	73278  -  Total Bytes Sent By Job
	533  -  Total Bytes Received By Job
	Partitionable Resources :    Usage  Request Allocated
	   Cpus                 :                 1         1
	   Disk (KB)            :       84  1024000   2046634
	   Memory (MB)          :      323     2000      2000
...
