000 (8680.000.000) 03/18 09:43:57 Job submitted from host: <128.101.221.181:9618?addrs=128.101.221.181-9618&noUDP&sock=2582719_fdba_3>
...
001 (8680.000.000) 03/18 09:44:13 Job executing on host: <128.101.221.184:9618?addrs=128.101.221.184-9618&noUDP&sock=3941866_c8bc_4>
...
006 (8680.000.000) 03/18 09:44:22 Image size of job updated: 258700
	201  -  MemoryUsage of job (MB)
	205048  -  ResidentSetSize of job (KB)
...
006 (8680.000.000) 03/18 09:49:23 Image size of job updated: 391840
	320  -  MemoryUsage of job (MB)
	327572  -  ResidentSetSize of job (KB)
...
006 (8680.000.000) 03/18 09:52:40 Image size of job updated: 393672
	320  -  MemoryUsage of job (MB)
	327572  -  ResidentSetSize of job (KB)
...
005 (8680.000.000) 03/18 09:52:41 Job terminated.
	(1) Normal termination (return value 0)
		Usr 0 00:05:20, Sys 0 00:02:14  -  Run Remote Usage
		Usr 0 00:00:00, Sys 0 00:00:00  -  Run Local Usage
		Usr 0 00:05:20, Sys 0 00:02:14  -  Total Remote Usage
		Usr 0 00:00:00, Sys 0 00:00:00  -  Total Local Usage
	75712  -  Run Bytes Sent By Job
	531  -  Run Bytes Received By Job
	75712  -  Total Bytes Sent By Job
	531  -  Total Bytes Received By Job
	Partitionable Resources :    Usage  Request Allocated
	   Cpus                 :                 1         1
	   Disk (KB)            :       87  1024000   1028056
	   Memory (MB)          :      320     2000      2000
...
