000 (8697.000.000) 03/18 09:44:08 Job submitted from host: <128.101.221.181:9618?addrs=128.101.221.181-9618&noUDP&sock=2582719_fdba_3>
...
001 (8697.000.000) 03/18 09:44:26 Job executing on host: <128.101.221.179:9618?addrs=128.101.221.179-9618&noUDP&sock=2230935_6d61_4>
...
006 (8697.000.000) 03/18 09:44:35 Image size of job updated: 299628
	213  -  MemoryUsage of job (MB)
	217896  -  ResidentSetSize of job (KB)
...
005 (8697.000.000) 03/18 09:47:49 Job terminated.
	(1) Normal termination (return value 0)
		Usr 0 00:02:05, Sys 0 00:00:56  -  Run Remote Usage
		Usr 0 00:00:00, Sys 0 00:00:00  -  Run Local Usage
		Usr 0 00:02:05, Sys 0 00:00:56  -  Total Remote Usage
		Usr 0 00:00:00, Sys 0 00:00:00  -  Total Local Usage
	44636  -  Run Bytes Sent By Job
	531  -  Run Bytes Received By Job
	44636  -  Total Bytes Sent By Job
	531  -  Total Bytes Received By Job
	Partitionable Resources :    Usage  Request Allocated
	   Cpus                 :                 1         1
	   Disk (KB)            :       56  1024000   1027505
	   Memory (MB)          :      213     2000      2000
...
