000 (8655.000.000) 03/18 09:43:39 Job submitted from host: <128.101.221.181:9618?addrs=128.101.221.181-9618&noUDP&sock=2582719_fdba_3>
...
001 (8655.000.000) 03/18 09:43:56 Job executing on host: <128.101.220.84:9618?addrs=128.101.220.84-9618&noUDP&sock=231370_2768_4>
...
006 (8655.000.000) 03/18 09:44:04 Image size of job updated: 12740
	6  -  MemoryUsage of job (MB)
	5420  -  ResidentSetSize of job (KB)
...
006 (8655.000.000) 03/18 09:49:04 Image size of job updated: 425968
	320  -  MemoryUsage of job (MB)
	327188  -  ResidentSetSize of job (KB)
...
006 (8655.000.000) 03/18 09:51:12 Image size of job updated: 428512
	320  -  MemoryUsage of job (MB)
	327188  -  ResidentSetSize of job (KB)
...
005 (8655.000.000) 03/18 09:51:13 Job terminated.
	(1) Normal termination (return value 0)
		Usr 0 00:04:17, Sys 0 00:01:34  -  Run Remote Usage
		Usr 0 00:00:00, Sys 0 00:00:00  -  Run Local Usage
		Usr 0 00:04:17, Sys 0 00:01:34  -  Total Remote Usage
		Usr 0 00:00:00, Sys 0 00:00:00  -  Total Local Usage
	66450  -  Run Bytes Sent By Job
	531  -  Run Bytes Received By Job
	66450  -  Total Bytes Sent By Job
	531  -  Total Bytes Received By Job
	Partitionable Resources :    Usage  Request Allocated
	   Cpus                 :                 1         1
	   Disk (KB)            :       78  1024000   1029696
	   Memory (MB)          :      320     2000      2000
...
