000 (8660.000.000) 03/18 09:43:42 Job submitted from host: <128.101.221.181:9618?addrs=128.101.221.181-9618&noUDP&sock=2582719_fdba_3>
...
001 (8660.000.000) 03/18 09:43:58 Job executing on host: <128.101.220.160:9618?addrs=128.101.220.160-9618&noUDP&sock=254758_6069_4>
...
006 (8660.000.000) 03/18 09:44:06 Image size of job updated: 10264
	6  -  MemoryUsage of job (MB)
	5620  -  ResidentSetSize of job (KB)
...
006 (8660.000.000) 03/18 09:47:00 Image size of job updated: 25312
	6  -  MemoryUsage of job (MB)
	5620  -  ResidentSetSize of job (KB)
...
005 (8660.000.000) 03/18 09:47:01 Job terminated.
	(1) Normal termination (return value 0)
		Usr 0 00:01:37, Sys 0 00:00:40  -  Run Remote Usage
		Usr 0 00:00:00, Sys 0 00:00:00  -  Run Local Usage
		Usr 0 00:01:37, Sys 0 00:00:40  -  Total Remote Usage
		Usr 0 00:00:00, Sys 0 00:00:00  -  Total Local Usage
	41984  -  Run Bytes Sent By Job
	531  -  Run Bytes Received By Job
	41984  -  Total Bytes Sent By Job
	531  -  Total Bytes Received By Job
	Partitionable Resources :    Usage  Request Allocated
	   Cpus                 :                 1         1
	   Disk (KB)            :       54  1024000   1029441
	   Memory (MB)          :        6     2000      2000
...
