000 (8679.000.000) 03/18 09:43:56 Job submitted from host: <128.101.221.181:9618?addrs=128.101.221.181-9618&noUDP&sock=2582719_fdba_3>
...
001 (8679.000.000) 03/18 09:44:12 Job executing on host: <128.101.221.193:9618?addrs=128.101.221.193-9618&noUDP&sock=2332108_b0a7_4>
...
006 (8679.000.000) 03/18 09:44:20 Image size of job updated: 254336
	196  -  MemoryUsage of job (MB)
	200152  -  ResidentSetSize of job (KB)
...
006 (8679.000.000) 03/18 09:49:20 Image size of job updated: 392404
	322  -  MemoryUsage of job (MB)
	329040  -  ResidentSetSize of job (KB)
...
006 (8679.000.000) 03/18 09:50:09 Image size of job updated: 392436
	322  -  MemoryUsage of job (MB)
	329040  -  ResidentSetSize of job (KB)
...
005 (8679.000.000) 03/18 09:50:10 Job terminated.
	(1) Normal termination (return value 0)
		Usr 0 00:03:14, Sys 0 00:01:51  -  Run Remote Usage
		Usr 0 00:00:00, Sys 0 00:00:00  -  Run Local Usage
		Usr 0 00:03:14, Sys 0 00:01:51  -  Total Remote Usage
		Usr 0 00:00:00, Sys 0 00:00:00  -  Total Local Usage
	76590  -  Run Bytes Sent By Job
	531  -  Run Bytes Received By Job
	76590  -  Total Bytes Sent By Job
	531  -  Total Bytes Received By Job
	Partitionable Resources :    Usage  Request Allocated
	   Cpus                 :                 1         1
	   Disk (KB)            :       88  1024000   1029455
	   Memory (MB)          :      322     2000      2000
...
