000 (8688.000.000) 03/18 09:44:02 Job submitted from host: <128.101.221.181:9618?addrs=128.101.221.181-9618&noUDP&sock=2582719_fdba_3>
...
001 (8688.000.000) 03/18 09:44:16 Job executing on host: <128.101.220.87:9618?addrs=128.101.220.87-9618&noUDP&sock=465496_1dbd_4>
...
006 (8688.000.000) 03/18 09:44:24 Image size of job updated: 284664
	216  -  MemoryUsage of job (MB)
	220372  -  ResidentSetSize of job (KB)
...
005 (8688.000.000) 03/18 09:48:17 Job terminated.
	(1) Normal termination (return value 0)
		Usr 0 00:02:32, Sys 0 00:01:02  -  Run Remote Usage
		Usr 0 00:00:00, Sys 0 00:00:00  -  Run Local Usage
		Usr 0 00:02:32, Sys 0 00:01:02  -  Total Remote Usage
		Usr 0 00:00:00, Sys 0 00:00:00  -  Total Local Usage
	40444  -  Run Bytes Sent By Job
	531  -  Run Bytes Received By Job
	40444  -  Total Bytes Sent By Job
	531  -  Total Bytes Received By Job
	Partitionable Resources :    Usage  Request Allocated
	   Cpus                 :                 1         1
	   Disk (KB)            :       52  1024000   1029129
	   Memory (MB)          :      216     2000      2000
...
