000 (8687.000.000) 03/18 09:44:01 Job submitted from host: <128.101.221.181:9618?addrs=128.101.221.181-9618&noUDP&sock=2582719_fdba_3>
...
001 (8687.000.000) 03/18 09:44:16 Job executing on host: <128.101.220.43:9618?addrs=128.101.220.43-9618&noUDP&sock=249879_c9d6_4>
...
006 (8687.000.000) 03/18 09:44:24 Image size of job updated: 294780
	234  -  MemoryUsage of job (MB)
	238760  -  ResidentSetSize of job (KB)
...
005 (8687.000.000) 03/18 09:48:45 Job terminated.
	(1) Normal termination (return value 0)
		Usr 0 00:02:45, Sys 0 00:01:13  -  Run Remote Usage
		Usr 0 00:00:00, Sys 0 00:00:00  -  Run Local Usage
		Usr 0 00:02:45, Sys 0 00:01:13  -  Total Remote Usage
		Usr 0 00:00:00, Sys 0 00:00:00  -  Total Local Usage
	60979  -  Run Bytes Sent By Job
	531  -  Run Bytes Received By Job
	60979  -  Total Bytes Sent By Job
	531  -  Total Bytes Received By Job
	Partitionable Resources :    Usage  Request Allocated
	   Cpus                 :                 1         1
	   Disk (KB)            :       72  1024000   1029268
	   Memory (MB)          :      234     2000      2000
...
