000 (8686.000.000) 03/18 09:44:01 Job submitted from host: <128.101.221.181:9618?addrs=128.101.221.181-9618&noUDP&sock=2582719_fdba_3>
...
001 (8686.000.000) 03/18 09:44:16 Job executing on host: <128.101.220.50:9618?addrs=128.101.220.50-9618&noUDP&sock=258564_f9de_4>
...
006 (8686.000.000) 03/18 09:44:24 Image size of job updated: 278412
	221  -  MemoryUsage of job (MB)
	225392  -  ResidentSetSize of job (KB)
...
006 (8686.000.000) 03/18 09:49:24 Image size of job updated: 384448
	323  -  MemoryUsage of job (MB)
	329788  -  ResidentSetSize of job (KB)
...
006 (8686.000.000) 03/18 09:52:37 Image size of job updated: 724856
	323  -  MemoryUsage of job (MB)
	329788  -  ResidentSetSize of job (KB)
...
005 (8686.000.000) 03/18 09:52:38 Job terminated.
	(1) Normal termination (return value 0)
		Usr 0 00:05:10, Sys 0 00:02:06  -  Run Remote Usage
		Usr 0 00:00:00, Sys 0 00:00:00  -  Run Local Usage
		Usr 0 00:05:10, Sys 0 00:02:06  -  Total Remote Usage
		Usr 0 00:00:00, Sys 0 00:00:00  -  Total Local Usage
	68961  -  Run Bytes Sent By Job
	531  -  Run Bytes Received By Job
	68961  -  Total Bytes Sent By Job
	531  -  Total Bytes Received By Job
	Partitionable Resources :    Usage  Request Allocated
	   Cpus                 :                 1         1
	   Disk (KB)            :       80  1024000   1028973
	   Memory (MB)          :      323     2000      2000
...
