000 (8664.000.000) 03/18 09:43:46 Job submitted from host: <128.101.221.181:9618?addrs=128.101.221.181-9618&noUDP&sock=2582719_fdba_3>
...
001 (8664.000.000) 03/18 09:44:06 Job executing on host: <128.101.221.172:9618?addrs=128.101.221.172-9618&noUDP&sock=1824113_5f8e_4>
...
006 (8664.000.000) 03/18 09:44:14 Image size of job updated: 282156
	200  -  MemoryUsage of job (MB)
	204272  -  ResidentSetSize of job (KB)
...
005 (8664.000.000) 03/18 09:47:23 Job terminated.
	(1) Normal termination (return value 0)
		Usr 0 00:02:02, Sys 0 00:00:55  -  Run Remote Usage
		Usr 0 00:00:00, Sys 0 00:00:00  -  Run Local Usage
		Usr 0 00:02:02, Sys 0 00:00:55  -  Total Remote Usage
		Usr 0 00:00:00, Sys 0 00:00:00  -  Total Local Usage
	39332  -  Run Bytes Sent By Job
	531  -  Run Bytes Received By Job
	39332  -  Total Bytes Sent By Job
	531  -  Total Bytes Received By Job
	Partitionable Resources :    Usage  Request Allocated
	   Cpus                 :                 1         1
	   Disk (KB)            :       51  1024000   1029292
	   Memory (MB)          :      200     2000      2000
...
