000 (8652.000.000) 03/18 09:43:38 Job submitted from host: <128.101.221.181:9618?addrs=128.101.221.181-9618&noUDP&sock=2582719_fdba_3>
...
001 (8652.000.000) 03/18 09:43:55 Job executing on host: <128.101.220.43:9618?addrs=128.101.220.43-9618&noUDP&sock=249879_c9d6_4>
...
006 (8652.000.000) 03/18 09:44:04 Image size of job updated: 13844
	6  -  MemoryUsage of job (MB)
	5588  -  ResidentSetSize of job (KB)
...
006 (8652.000.000) 03/18 09:49:05 Image size of job updated: 368988
	323  -  MemoryUsage of job (MB)
	330160  -  ResidentSetSize of job (KB)
...
006 (8652.000.000) 03/18 09:49:30 Image size of job updated: 723756
	323  -  MemoryUsage of job (MB)
	330160  -  ResidentSetSize of job (KB)
...
005 (8652.000.000) 03/18 09:49:31 Job terminated.
	(1) Normal termination (return value 0)
		Usr 0 00:03:18, Sys 0 00:01:21  -  Run Remote Usage
		Usr 0 00:00:00, Sys 0 00:00:00  -  Run Local Usage
		Usr 0 00:03:18, Sys 0 00:01:21  -  Total Remote Usage
		Usr 0 00:00:00, Sys 0 00:00:00  -  Total Local Usage
	58476  -  Run Bytes Sent By Job
	531  -  Run Bytes Received By Job
	58476  -  Total Bytes Sent By Job
	531  -  Total Bytes Received By Job
	Partitionable Resources :    Usage  Request Allocated
	   Cpus                 :                 1         1
	   Disk (KB)            :       70  1024000   1029269
	   Memory (MB)          :      323     2000      2000
...
