000 (8694.000.000) 03/18 09:44:06 Job submitted from host: <128.101.221.181:9618?addrs=128.101.221.181-9618&noUDP&sock=2582719_fdba_3>
...
001 (8694.000.000) 03/18 09:44:26 Job executing on host: <128.101.221.172:9618?addrs=128.101.221.172-9618&noUDP&sock=1824113_5f8e_4>
...
006 (8694.000.000) 03/18 09:44:35 Image size of job updated: 300004
	213  -  MemoryUsage of job (MB)
	218012  -  ResidentSetSize of job (KB)
...
006 (8694.000.000) 03/18 09:49:36 Image size of job updated: 420408
	319  -  MemoryUsage of job (MB)
	326176  -  ResidentSetSize of job (KB)
...
006 (8694.000.000) 03/18 09:50:50 Image size of job updated: 724880
	319  -  MemoryUsage of job (MB)
	326176  -  ResidentSetSize of job (KB)
...
005 (8694.000.000) 03/18 09:50:51 Job terminated.
	(1) Normal termination (return value 0)
		Usr 0 00:03:58, Sys 0 00:01:47  -  Run Remote Usage
		Usr 0 00:00:00, Sys 0 00:00:00  -  Run Local Usage
		Usr 0 00:03:58, Sys 0 00:01:47  -  Total Remote Usage
		Usr 0 00:00:00, Sys 0 00:00:00  -  Total Local Usage
	63180  -  Run Bytes Sent By Job
	531  -  Run Bytes Received By Job
	63180  -  Total Bytes Sent By Job
	531  -  Total Bytes Received By Job
	Partitionable Resources :    Usage  Request Allocated
	   Cpus                 :                 1         1
	   Disk (KB)            :       74  1024000   1029290
	   Memory (MB)          :      319     2000      2000
...
