000 (8646.000.000) 03/18 09:43:34 Job submitted from host: <128.101.221.181:9618?addrs=128.101.221.181-9618&noUDP&sock=2582719_fdba_3>
...
001 (8646.000.000) 03/18 09:43:53 Job executing on host: <128.101.221.186:9618?addrs=128.101.221.186-9618&noUDP&sock=3131318_464d_4>
...
006 (8646.000.000) 03/18 09:44:02 Image size of job updated: 7704
	4  -  MemoryUsage of job (MB)
	3376  -  ResidentSetSize of job (KB)
...
006 (8646.000.000) 03/18 09:48:50 Image size of job updated: 29596
	4  -  MemoryUsage of job (MB)
	3376  -  ResidentSetSize of job (KB)
...
005 (8646.000.000) 03/18 09:48:51 Job terminated.
	(1) Normal termination (return value 0)
		Usr 0 00:02:49, Sys 0 00:01:13  -  Run Remote Usage
		Usr 0 00:00:00, Sys 0 00:00:00  -  Run Local Usage
		Usr 0 00:02:49, Sys 0 00:01:13  -  Total Remote Usage
		Usr 0 00:00:00, Sys 0 00:00:00  -  Total Local Usage
	51682  -  Run Bytes Sent By Job
	531  -  Run Bytes Received By Job
	51682  -  Total Bytes Sent By Job
	531  -  Total Bytes Received By Job
	Partitionable Resources :    Usage  Request Allocated
	   Cpus                 :                 1         1
	   Disk (KB)            :       63  1024000   1027327
	   Memory (MB)          :        4     2000      2000
...
