000 (8674.000.000) 03/18 09:43:53 Job submitted from host: <128.101.221.181:9618?addrs=128.101.221.181-9618&noUDP&sock=2582719_fdba_3>
...
001 (8674.000.000) 03/18 09:44:09 Job executing on host: <128.101.220.160:9618?addrs=128.101.220.160-9618&noUDP&sock=254758_6069_4>
...
006 (8674.000.000) 03/18 09:44:18 Image size of job updated: 75292
	51  -  MemoryUsage of job (MB)
	51312  -  ResidentSetSize of job (KB)
...
006 (8674.000.000) 03/18 09:49:19 Image size of job updated: 374176
	320  -  MemoryUsage of job (MB)
	326856  -  ResidentSetSize of job (KB)
...
006 (8674.000.000) 03/18 09:52:19 Image size of job updated: 375728
	320  -  MemoryUsage of job (MB)
	326856  -  ResidentSetSize of job (KB)
...
005 (8674.000.000) 03/18 09:52:20 Job terminated.
	(1) Normal termination (return value 0)
		Usr 0 00:04:58, Sys 0 00:02:15  -  Run Remote Usage
		Usr 0 00:00:00, Sys 0 00:00:00  -  Run Local Usage
		Usr 0 00:04:58, Sys 0 00:02:15  -  Total Remote Usage
		Usr 0 00:00:00, Sys 0 00:00:00  -  Total Local Usage
	80134  -  Run Bytes Sent By Job
	531  -  Run Bytes Received By Job
	80134  -  Total Bytes Sent By Job
	531  -  Total Bytes Received By Job
	Partitionable Resources :    Usage  Request Allocated
	   Cpus                 :                 1         1
	   Disk (KB)            :       91  1024000   1029441
	   Memory (MB)          :      320     2000      2000
...
