000 (8700.000.000) 03/18 09:44:10 Job submitted from host: <128.101.221.181:9618?addrs=128.101.221.181-9618&noUDP&sock=2582719_fdba_3>
...
001 (8700.000.000) 03/18 09:44:29 Job executing on host: <128.101.221.171:9618?addrs=128.101.221.171-9618&noUDP&sock=1778228_146e_4>
...
006 (8700.000.000) 03/18 09:44:37 Image size of job updated: 264164
	184  -  MemoryUsage of job (MB)
	187904  -  ResidentSetSize of job (KB)
...
006 (8700.000.000) 03/18 09:49:37 Image size of job updated: 419376
	318  -  MemoryUsage of job (MB)
	325468  -  ResidentSetSize of job (KB)
...
005 (8700.000.000) 03/18 09:52:39 Job terminated.
	(1) Normal termination (return value 0)
		Usr 0 00:05:08, Sys 0 00:02:20  -  Run Remote Usage
		Usr 0 00:00:00, Sys 0 00:00:00  -  Run Local Usage
		Usr 0 00:05:08, Sys 0 00:02:20  -  Total Remote Usage
		Usr 0 00:00:00, Sys 0 00:00:00  -  Total Local Usage
	74191  -  Run Bytes Sent By Job
	531  -  Run Bytes Received By Job
	74191  -  Total Bytes Sent By Job
	531  -  Total Bytes Received By Job
	Partitionable Resources :    Usage  Request Allocated
	   Cpus                 :                 1         1
	   Disk (KB)            :       85  1024000   1028502
	   Memory (MB)          :      318     2000      2000
...
