000 (8685.000.000) 03/18 09:44:00 Job submitted from host: <128.101.221.181:9618?addrs=128.101.221.181-9618&noUDP&sock=2582719_fdba_3>
...
001 (8685.000.000) 03/18 09:44:13 Job executing on host: <128.101.220.54:9618?addrs=128.101.220.54-9618&noUDP&sock=259437_c80b_4>
...
006 (8685.000.000) 03/18 09:44:22 Image size of job updated: 270348
	201  -  MemoryUsage of job (MB)
	205244  -  ResidentSetSize of job (KB)
...
005 (8685.000.000) 03/18 09:47:56 Job terminated.
	(1) Normal termination (return value 0)
		Usr 0 00:02:15, Sys 0 00:00:56  -  Run Remote Usage
		Usr 0 00:00:00, Sys 0 00:00:00  -  Run Local Usage
		Usr 0 00:02:15, Sys 0 00:00:56  -  Total Remote Usage
		Usr 0 00:00:00, Sys 0 00:00:00  -  Total Local Usage
	38689  -  Run Bytes Sent By Job
	531  -  Run Bytes Received By Job
	38689  -  Total Bytes Sent By Job
	531  -  Total Bytes Received By Job
	Partitionable Resources :    Usage  Request Allocated
	   Cpus                 :                 1         1
	   Disk (KB)            :       51  1024000   1029608
	   Memory (MB)          :      201     2000      2000
...
