000 (8672.000.000) 03/18 09:43:51 Job submitted from host: <128.101.221.181:9618?addrs=128.101.221.181-9618&noUDP&sock=2582719_fdba_3>
...
001 (8672.000.000) 03/18 09:44:09 Job executing on host: <128.101.221.176:9618?addrs=128.101.221.176-9618&noUDP&sock=2756849_b007_4>
...
006 (8672.000.000) 03/18 09:44:18 Image size of job updated: 322900
	230  -  MemoryUsage of job (MB)
	234896  -  ResidentSetSize of job (KB)
...
006 (8672.000.000) 03/18 09:49:19 Image size of job updated: 326680
	319  -  MemoryUsage of job (MB)
	326200  -  ResidentSetSize of job (KB)
...
006 (8672.000.000) 03/18 09:53:41 Image size of job updated: 725160
	319  -  MemoryUsage of job (MB)
	326200  -  ResidentSetSize of job (KB)
...
005 (8672.000.000) 03/18 09:53:42 Job terminated.
	(1) Normal termination (return value 0)
		Usr 0 00:06:00, Sys 0 00:02:33  -  Run Remote Usage
		Usr 0 00:00:00, Sys 0 00:00:00  -  Run Local Usage
		Usr 0 00:06:00, Sys 0 00:02:33  -  Total Remote Usage
		Usr 0 00:00:00, Sys 0 00:00:00  -  Total Local Usage
	69995  -  Run Bytes Sent By Job
	531  -  Run Bytes Received By Job
	69995  -  Total Bytes Sent By Job
	531  -  Total Bytes Received By Job
	Partitionable Resources :    Usage  Request Allocated
	   Cpus                 :                 1         1
	   Disk (KB)            :       81  1024000   1026271
	   Memory (MB)          :      319     2000      2000
...
