000 (8677.000.000) 03/18 09:43:55 Job submitted from host: <128.101.221.181:9618?addrs=128.101.221.181-9618&noUDP&sock=2582719_fdba_3>
...
001 (8677.000.000) 03/18 09:44:11 Job executing on host: <128.101.221.183:9618?addrs=128.101.221.183-9618&noUDP&sock=4185509_9de4_4>
...
006 (8677.000.000) 03/18 09:44:20 Image size of job updated: 248180
	186  -  MemoryUsage of job (MB)
	189952  -  ResidentSetSize of job (KB)
...
006 (8677.000.000) 03/18 09:49:20 Image size of job updated: 392192
	320  -  MemoryUsage of job (MB)
	327172  -  ResidentSetSize of job (KB)
...
006 (8677.000.000) 03/18 09:51:57 Image size of job updated: 394808
	320  -  MemoryUsage of job (MB)
	327172  -  ResidentSetSize of job (KB)
...
005 (8677.000.000) 03/18 09:51:58 Job terminated.
	(1) Normal termination (return value 0)
		Usr 0 00:04:52, Sys 0 00:02:02  -  Run Remote Usage
		Usr 0 00:00:00, Sys 0 00:00:00  -  Run Local Usage
		Usr 0 00:04:52, Sys 0 00:02:02  -  Total Remote Usage
		Usr 0 00:00:00, Sys 0 00:00:00  -  Total Local Usage
	66021  -  Run Bytes Sent By Job
	531  -  Run Bytes Received By Job
	66021  -  Total Bytes Sent By Job
	531  -  Total Bytes Received By Job
	Partitionable Resources :    Usage  Request Allocated
	   Cpus                 :                 1         1
	   Disk (KB)            :       77  1024000   1029499
	   Memory (MB)          :      320     2000      2000
...
