000 (8696.000.000) 03/18 09:44:08 Job submitted from host: <128.101.221.181:9618?addrs=128.101.221.181-9618&noUDP&sock=2582719_fdba_3>
...
001 (8696.000.000) 03/18 09:44:29 Job executing on host: <128.101.221.170:9618?addrs=128.101.221.170-9618&noUDP&sock=4150_221f_4>
...
006 (8696.000.000) 03/18 09:44:37 Image size of job updated: 272296
	191  -  MemoryUsage of job (MB)
	194936  -  ResidentSetSize of job (KB)
...
006 (8696.000.000) 03/18 09:49:37 Image size of job updated: 419440
	318  -  MemoryUsage of job (MB)
	325476  -  ResidentSetSize of job (KB)
...
006 (8696.000.000) 03/18 09:54:38 Image size of job updated: 423552
	322  -  MemoryUsage of job (MB)
	329588  -  ResidentSetSize of job (KB)
...
005 (8696.000.000) 03/18 09:55:18 Job terminated.
	(1) Normal termination (return value 0)
		Usr 0 00:06:32, Sys 0 00:03:19  -  Run Remote Usage
		Usr 0 00:00:00, Sys 0 00:00:00  -  Run Local Usage
		Usr 0 00:06:32, Sys 0 00:03:19  -  Total Remote Usage
		Usr 0 00:00:00, Sys 0 00:00:00  -  Total Local Usage
	97784  -  Run Bytes Sent By Job
	531  -  Run Bytes Received By Job
	97784  -  Total Bytes Sent By Job
	531  -  Total Bytes Received By Job
	Partitionable Resources :    Usage  Request Allocated
	   Cpus                 :                 1         1
	   Disk (KB)            :      115  1024000   2040476
	   Memory (MB)          :      322     2000      2000
...
