000 (8675.000.000) 03/18 09:43:53 Job submitted from host: <128.101.221.181:9618?addrs=128.101.221.181-9618&noUDP&sock=2582719_fdba_3>
...
001 (8675.000.000) 03/18 09:44:11 Job executing on host: <128.101.221.182:9618?addrs=128.101.221.182-9618&noUDP&sock=3902_06a2_4>
...
006 (8675.000.000) 03/18 09:44:20 Image size of job updated: 259868
	202  -  MemoryUsage of job (MB)
	205904  -  ResidentSetSize of job (KB)
...
005 (8675.000.000) 03/18 09:49:00 Job terminated.
	(1) Normal termination (return value 0)
		Usr 0 00:03:02, Sys 0 00:01:18  -  Run Remote Usage
		Usr 0 00:00:00, Sys 0 00:00:00  -  Run Local Usage
		Usr 0 00:03:02, Sys 0 00:01:18  -  Total Remote Usage
		Usr 0 00:00:00, Sys 0 00:00:00  -  Total Local Usage
	48395  -  Run Bytes Sent By Job
	531  -  Run Bytes Received By Job
	48395  -  Total Bytes Sent By Job
	531  -  Total Bytes Received By Job
	Partitionable Resources :    Usage  Request Allocated
	   Cpus                 :                 1         1
	   Disk (KB)            :       60  1024000   2046802
	   Memory (MB)          :      202     2000      2000
...
