000 (8658.000.000) 03/18 09:43:41 Job submitted from host: <128.101.221.181:9618?addrs=128.101.221.181-9618&noUDP&sock=2582719_fdba_3>
...
001 (8658.000.000) 03/18 09:43:57 Job executing on host: <128.101.220.86:9618?addrs=128.101.220.86-9618&noUDP&sock=428775_9083_4>
...
006 (8658.000.000) 03/18 09:44:06 Image size of job updated: 16148
	7  -  MemoryUsage of job (MB)
	6788  -  ResidentSetSize of job (KB)
...
006 (8658.000.000) 03/18 09:46:30 Image size of job updated: 725568
	7  -  MemoryUsage of job (MB)
	6788  -  ResidentSetSize of job (KB)
...
005 (8658.000.000) 03/18 09:46:31 Job terminated.
	(1) Normal termination (return value 0)
		Usr 0 00:01:24, Sys 0 00:00:28  -  Run Remote Usage
		Usr 0 00:00:00, Sys 0 00:00:00  -  Run Local Usage
		Usr 0 00:01:24, Sys 0 00:00:28  -  Total Remote Usage
		Usr 0 00:00:00, Sys 0 00:00:00  -  Total Local Usage
	41118  -  Run Bytes Sent By Job
	531  -  Run Bytes Received By Job
	41118  -  Total Bytes Sent By Job
	531  -  Total Bytes Received By Job
	Partitionable Resources :    Usage  Request Allocated
	   Cpus                 :                 1         1
	   Disk (KB)            :       53  1024000   1029073
	   Memory (MB)          :        7     2000      2000
...
