000 (8641.000.000) 03/18 09:43:31 Job submitted from host: <128.101.221.181:9618?addrs=128.101.221.181-9618&noUDP&sock=2582719_fdba_3>
...
001 (8641.000.000) 03/18 09:43:51 Job executing on host: <128.101.221.192:9618?addrs=128.101.221.192-9618&noUDP&sock=3175794_1c7b_4>
...
006 (8641.000.000) 03/18 09:44:00 Image size of job updated: 7936
	4  -  MemoryUsage of job (MB)
	3416  -  ResidentSetSize of job (KB)
...
006 (8641.000.000) 03/18 09:49:00 Image size of job updated: 364388
	323  -  MemoryUsage of job (MB)
	330016  -  ResidentSetSize of job (KB)
...
006 (8641.000.000) 03/18 09:52:49 Image size of job updated: 724676
	323  -  MemoryUsage of job (MB)
	330016  -  ResidentSetSize of job (KB)
...
005 (8641.000.000) 03/18 09:52:50 Job terminated.
	(1) Normal termination (return value 0)
		Usr 0 00:05:23, Sys 0 00:02:20  -  Run Remote Usage
		Usr 0 00:00:00, Sys 0 00:00:00  -  Run Local Usage
		Usr 0 00:05:23, Sys 0 00:02:20  -  Total Remote Usage
		Usr 0 00:00:00, Sys 0 00:00:00  -  Total Local Usage
	86494  -  Run Bytes Sent By Job
	531  -  Run Bytes Received By Job
	86494  -  Total Bytes Sent By Job
	531  -  Total Bytes Received By Job
	Partitionable Resources :    Usage  Request Allocated
	   Cpus                 :                 1         1
	   Disk (KB)            :       97  1024000   1029058
	   Memory (MB)          :      323     2000      2000
...
