000 (8661.000.000) 03/18 09:43:44 Job submitted from host: <128.101.221.181:9618?addrs=128.101.221.181-9618&noUDP&sock=2582719_fdba_3>
...
001 (8661.000.000) 03/18 09:43:59 Job executing on host: <128.101.220.160:9618?addrs=128.101.220.160-9618&noUDP&sock=254758_6069_4>
...
006 (8661.000.000) 03/18 09:44:08 Image size of job updated: 27424
	23  -  MemoryUsage of job (MB)
	22576  -  ResidentSetSize of job (KB)
...
006 (8661.000.000) 03/18 09:49:09 Image size of job updated: 353772
	320  -  MemoryUsage of job (MB)
	327632  -  ResidentSetSize of job (KB)
...
005 (8661.000.000) 03/18 09:51:13 Job terminated.
	(1) Normal termination (return value 0)
		Usr 0 00:04:18, Sys 0 00:01:52  -  Run Remote Usage
		Usr 0 00:00:00, Sys 0 00:00:00  -  Run Local Usage
		Usr 0 00:04:18, Sys 0 00:01:52  -  Total Remote Usage
		Usr 0 00:00:00, Sys 0 00:00:00  -  Total Local Usage
	63623  -  Run Bytes Sent By Job
	531  -  Run Bytes Received By Job
	63623  -  Total Bytes Sent By Job
	531  -  Total Bytes Received By Job
	Partitionable Resources :    Usage  Request Allocated
	   Cpus                 :                 1         1
	   Disk (KB)            :       75  1024000   1029441
	   Memory (MB)          :      320     2000      2000
...
