000 (8642.000.000) 03/18 09:43:31 Job submitted from host: <128.101.221.181:9618?addrs=128.101.221.181-9618&noUDP&sock=2582719_fdba_3>
...
001 (8642.000.000) 03/18 09:43:52 Job executing on host: <128.101.221.183:9618?addrs=128.101.221.183-9618&noUDP&sock=4185509_9de4_4>
...
006 (8642.000.000) 03/18 09:44:00 Image size of job updated: 12684
	6  -  MemoryUsage of job (MB)
	5416  -  ResidentSetSize of job (KB)
...
006 (8642.000.000) 03/18 09:49:00 Image size of job updated: 361044
	320  -  MemoryUsage of job (MB)
	327284  -  ResidentSetSize of job (KB)
...
005 (8642.000.000) 03/18 09:50:59 Job terminated.
	(1) Normal termination (return value 0)
		Usr 0 00:04:13, Sys 0 00:01:52  -  Run Remote Usage
		Usr 0 00:00:00, Sys 0 00:00:00  -  Run Local Usage
		Usr 0 00:04:13, Sys 0 00:01:52  -  Total Remote Usage
		Usr 0 00:00:00, Sys 0 00:00:00  -  Total Local Usage
	58988  -  Run Bytes Sent By Job
	531  -  Run Bytes Received By Job
	58988  -  Total Bytes Sent By Job
	531  -  Total Bytes Received By Job
	Partitionable Resources :    Usage  Request Allocated
	   Cpus                 :                 1         1
	   Disk (KB)            :       70  1024000   1029499
	   Memory (MB)          :      320     2000      2000
...
