000 (8670.000.000) 03/18 09:43:50 Job submitted from host: <128.101.221.181:9618?addrs=128.101.221.181-9618&noUDP&sock=2582719_fdba_3>
...
001 (8670.000.000) 03/18 09:44:09 Job executing on host: <128.101.221.171:9618?addrs=128.101.221.171-9618&noUDP&sock=1778228_146e_4>
...
006 (8670.000.000) 03/18 09:44:18 Image size of job updated: 297144
	211  -  MemoryUsage of job (MB)
	215572  -  ResidentSetSize of job (KB)
...
006 (8670.000.000) 03/18 09:49:19 Image size of job updated: 326400
	319  -  MemoryUsage of job (MB)
	325784  -  ResidentSetSize of job (KB)
...
006 (8670.000.000) 03/18 09:53:09 Image size of job updated: 329652
	319  -  MemoryUsage of job (MB)
	325784  -  ResidentSetSize of job (KB)
...
005 (8670.000.000) 03/18 09:53:10 Job terminated.
	(1) Normal termination (return value 0)
		Usr 0 00:05:41, Sys 0 00:02:32  -  Run Remote Usage
		Usr 0 00:00:00, Sys 0 00:00:00  -  Run Local Usage
		Usr 0 00:05:41, Sys 0 00:02:32  -  Total Remote Usage
		Usr 0 00:00:00, Sys 0 00:00:00  -  Total Local Usage
	64451  -  Run Bytes Sent By Job
	531  -  Run Bytes Received By Job
	64451  -  Total Bytes Sent By Job
	531  -  Total Bytes Received By Job
	Partitionable Resources :    Usage  Request Allocated
	   Cpus                 :                 1         1
	   Disk (KB)            :       76  1024000   1028503
	   Memory (MB)          :      319     2000      2000
...
