000 (8645.000.000) 03/18 09:43:34 Job submitted from host: <128.101.221.181:9618?addrs=128.101.221.181-9618&noUDP&sock=2582719_fdba_3>
...
001 (8645.000.000) 03/18 09:43:52 Job executing on host: <128.101.221.185:9618?addrs=128.101.221.185-9618&noUDP&sock=4153619_bab1_4>
...
006 (8645.000.000) 03/18 09:44:00 Image size of job updated: 17132
	7  -  MemoryUsage of job (MB)
	6332  -  ResidentSetSize of job (KB)
...
006 (8645.000.000) 03/18 09:47:17 Image size of job updated: 31324
	7  -  MemoryUsage of job (MB)
	6332  -  ResidentSetSize of job (KB)
...
005 (8645.000.000) 03/18 09:47:18 Job terminated.
	(1) Normal termination (return value 0)
		Usr 0 00:01:55, Sys 0 00:00:48  -  Run Remote Usage
		Usr 0 00:00:00, Sys 0 00:00:00  -  Run Local Usage
		Usr 0 00:01:55, Sys 0 00:00:48  -  Total Remote Usage
		Usr 0 00:00:00, Sys 0 00:00:00  -  Total Local Usage
	43527  -  Run Bytes Sent By Job
	531  -  Run Bytes Received By Job
	43527  -  Total Bytes Sent By Job
	531  -  Total Bytes Received By Job
	Partitionable Resources :    Usage  Request Allocated
	   Cpus                 :                 1         1
	   Disk (KB)            :       55  1024000   1027040
	   Memory (MB)          :        7     2000      2000
...
