000 (8644.000.000) 03/18 09:43:33 Job submitted from host: <128.101.221.181:9618?addrs=128.101.221.181-9618&noUDP&sock=2582719_fdba_3>
...
001 (8644.000.000) 03/18 09:43:52 Job executing on host: <128.101.221.193:9618?addrs=128.101.221.193-9618&noUDP&sock=2332108_b0a7_4>
...
006 (8644.000.000) 03/18 09:44:00 Image size of job updated: 11952
	6  -  MemoryUsage of job (MB)
	5304  -  ResidentSetSize of job (KB)
...
006 (8644.000.000) 03/18 09:48:31 Image size of job updated: 35408
	6  -  MemoryUsage of job (MB)
	5304  -  ResidentSetSize of job (KB)
...
005 (8644.000.000) 03/18 09:48:32 Job terminated.
	(1) Normal termination (return value 0)
		Usr 0 00:02:18, Sys 0 00:01:26  -  Run Remote Usage
		Usr 0 00:00:00, Sys 0 00:00:00  -  Run Local Usage
		Usr 0 00:02:18, Sys 0 00:01:26  -  Total Remote Usage
		Usr 0 00:00:00, Sys 0 00:00:00  -  Total Local Usage
	56996  -  Run Bytes Sent By Job
	531  -  Run Bytes Received By Job
	56996  -  Total Bytes Sent By Job
	531  -  Total Bytes Received By Job
	Partitionable Resources :    Usage  Request Allocated
	   Cpus                 :                 1         1
	   Disk (KB)            :       68  1024000   1029456
	   Memory (MB)          :        6     2000      2000
...
