000 (8650.000.000) 03/18 09:43:37 Job submitted from host: <128.101.221.181:9618?addrs=128.101.221.181-9618&noUDP&sock=2582719_fdba_3>
...
001 (8650.000.000) 03/18 09:43:54 Job executing on host: <128.101.220.50:9618?addrs=128.101.220.50-9618&noUDP&sock=258564_f9de_4>
...
006 (8650.000.000) 03/18 09:44:02 Image size of job updated: 11056
	5  -  MemoryUsage of job (MB)
	5048  -  ResidentSetSize of job (KB)
...
006 (8650.000.000) 03/18 09:47:30 Image size of job updated: 44116
	5  -  MemoryUsage of job (MB)
	5048  -  ResidentSetSize of job (KB)
...
005 (8650.000.000) 03/18 09:47:31 Job terminated.
	(1) Normal termination (return value 0)
		Usr 0 00:01:56, Sys 0 00:00:50  -  Run Remote Usage
		Usr 0 00:00:00, Sys 0 00:00:00  -  Run Local Usage
		Usr 0 00:01:56, Sys 0 00:00:50  -  Total Remote Usage
		Usr 0 00:00:00, Sys 0 00:00:00  -  Total Local Usage
	44860  -  Run Bytes Sent By Job
	531  -  Run Bytes Received By Job
	44860  -  Total Bytes Sent By Job
	531  -  Total Bytes Received By Job
	Partitionable Resources :    Usage  Request Allocated
	   Cpus                 :                 1         1
	   Disk (KB)            :       57  1024000   1028974
	   Memory (MB)          :        5     2000      2000
...
