000 (8659.000.000) 03/18 09:43:42 Job submitted from host: <128.101.221.181:9618?addrs=128.101.221.181-9618&noUDP&sock=2582719_fdba_3>
...
001 (8659.000.000) 03/18 09:43:58 Job executing on host: <128.101.220.112:9618?addrs=128.101.220.112-9618&noUDP&sock=2301225_8552_4>
...
006 (8659.000.000) 03/18 09:44:06 Image size of job updated: 7044
	4  -  MemoryUsage of job (MB)
	3328  -  ResidentSetSize of job (KB)
...
006 (8659.000.000) 03/18 09:49:06 Image size of job updated: 426084
	320  -  MemoryUsage of job (MB)
	327304  -  ResidentSetSize of job (KB)
...
006 (8659.000.000) 03/18 09:50:44 Image size of job updated: 724996
	320  -  MemoryUsage of job (MB)
	327304  -  ResidentSetSize of job (KB)
...
005 (8659.000.000) 03/18 09:50:45 Job terminated.
	(1) Normal termination (return value 0)
		Usr 0 00:04:03, Sys 0 00:01:31  -  Run Remote Usage
		Usr 0 00:00:00, Sys 0 00:00:00  -  Run Local Usage
		Usr 0 00:04:03, Sys 0 00:01:31  -  Total Remote Usage
		Usr 0 00:00:00, Sys 0 00:00:00  -  Total Local Usage
	60510  -  Run Bytes Sent By Job
	531  -  Run Bytes Received By Job
	60510  -  Total Bytes Sent By Job
	531  -  Total Bytes Received By Job
	Partitionable Resources :    Usage  Request Allocated
	   Cpus                 :                 1         1
	   Disk (KB)            :       72  1024000   1031722
	   Memory (MB)          :      320     2000      2000
...
