000 (8657.000.000) 03/18 09:43:40 Job submitted from host: <128.101.221.181:9618?addrs=128.101.221.181-9618&noUDP&sock=2582719_fdba_3>
...
001 (8657.000.000) 03/18 09:43:58 Job executing on host: <128.101.220.94:9618?addrs=128.101.220.94-9618&noUDP&sock=303435_bff5_4>
...
006 (8657.000.000) 03/18 09:44:06 Image size of job updated: 5624
	3  -  MemoryUsage of job (MB)
	2812  -  ResidentSetSize of job (KB)
...
006 (8657.000.000) 03/18 09:49:06 Image size of job updated: 425152
	319  -  MemoryUsage of job (MB)
	326368  -  ResidentSetSize of job (KB)
...
006 (8657.000.000) 03/18 09:52:10 Image size of job updated: 725224
	319  -  MemoryUsage of job (MB)
	326368  -  ResidentSetSize of job (KB)
...
005 (8657.000.000) 03/18 09:52:11 Job terminated.
	(1) Normal termination (return value 0)
		Usr 0 00:04:54, Sys 0 00:01:52  -  Run Remote Usage
		Usr 0 00:00:00, Sys 0 00:00:00  -  Run Local Usage
		Usr 0 00:04:54, Sys 0 00:01:52  -  Total Remote Usage
		Usr 0 00:00:00, Sys 0 00:00:00  -  Total Local Usage
	71364  -  Run Bytes Sent By Job
	531  -  Run Bytes Received By Job
	71364  -  Total Bytes Sent By Job
	531  -  Total Bytes Received By Job
	Partitionable Resources :    Usage  Request Allocated
	   Cpus                 :                 1         1
	   Disk (KB)            :       82  1024000   1029009
	   Memory (MB)          :      319     2000      2000
...
