000 (8671.000.000) 03/18 09:43:51 Job submitted from host: <128.101.221.181:9618?addrs=128.101.221.181-9618&noUDP&sock=2582719_fdba_3>
...
001 (8671.000.000) 03/18 09:44:09 Job executing on host: <128.101.221.175:9618?addrs=128.101.221.175-9618&noUDP&sock=12916_e152_4>
...
006 (8671.000.000) 03/18 09:44:18 Image size of job updated: 306276
	216  -  MemoryUsage of job (MB)
	221120  -  ResidentSetSize of job (KB)
...
006 (8671.000.000) 03/18 09:49:19 Image size of job updated: 330512
	323  -  MemoryUsage of job (MB)
	330080  -  ResidentSetSize of job (KB)
...
005 (8671.000.000) 03/18 09:50:09 Job terminated.
	(1) Normal termination (return value 0)
		Usr 0 00:03:47, Sys 0 00:01:38  -  Run Remote Usage
		Usr 0 00:00:00, Sys 0 00:00:00  -  Run Local Usage
		Usr 0 00:03:47, Sys 0 00:01:38  -  Total Remote Usage
		Usr 0 00:00:00, Sys 0 00:00:00  -  Total Local Usage
	60774  -  Run Bytes Sent By Job
	531  -  Run Bytes Received By Job
	60774  -  Total Bytes Sent By Job
	531  -  Total Bytes Received By Job
	Partitionable Resources :    Usage  Request Allocated
	   Cpus                 :                 1         1
	   Disk (KB)            :       72  1024000   1931796
	   Memory (MB)          :      323     2000      2000
...
