000 (8692.000.000) 03/18 09:44:05 Job submitted from host: <128.101.221.181:9618?addrs=128.101.221.181-9618&noUDP&sock=2582719_fdba_3>
...
001 (8692.000.000) 03/18 09:44:26 Job executing on host: <128.101.221.188:9618?addrs=128.101.221.188-9618&noUDP&sock=3087505_3369_4>
...
006 (8692.000.000) 03/18 09:44:35 Image size of job updated: 308264
	220  -  MemoryUsage of job (MB)
	225068  -  ResidentSetSize of job (KB)
...
005 (8692.000.000) 03/18 09:46:39 Job terminated.
	(1) Normal termination (return value 0)
		Usr 0 00:01:22, Sys 0 00:00:35  -  Run Remote Usage
		Usr 0 00:00:00, Sys 0 00:00:00  -  Run Local Usage
		Usr 0 00:01:22, Sys 0 00:00:35  -  Total Remote Usage
		Usr 0 00:00:00, Sys 0 00:00:00  -  Total Local Usage
	34951  -  Run Bytes Sent By Job
	531  -  Run Bytes Received By Job
	34951  -  Total Bytes Sent By Job
	531  -  Total Bytes Received By Job
	Partitionable Resources :    Usage  Request Allocated
	   Cpus                 :                 1         1
	   Disk (KB)            :       47  1024000   1028776
	   Memory (MB)          :      220     2000      2000
...
