000 (8682.000.000) 03/18 09:43:58 Job submitted from host: <128.101.221.181:9618?addrs=128.101.221.181-9618&noUDP&sock=2582719_fdba_3>
...
001 (8682.000.000) 03/18 09:44:16 Job executing on host: <128.101.221.186:9618?addrs=128.101.221.186-9618&noUDP&sock=3131318_464d_4>
...
006 (8682.000.000) 03/18 09:44:24 Image size of job updated: 235164
	202  -  MemoryUsage of job (MB)
	206748  -  ResidentSetSize of job (KB)
...
006 (8682.000.000) 03/18 09:49:24 Image size of job updated: 362836
	323  -  MemoryUsage of job (MB)
	330312  -  ResidentSetSize of job (KB)
...
006 (8682.000.000) 03/18 09:53:35 Image size of job updated: 725028
	323  -  MemoryUsage of job (MB)
	330312  -  ResidentSetSize of job (KB)
...
005 (8682.000.000) 03/18 09:53:36 Job terminated.
	(1) Normal termination (return value 0)
		Usr 0 00:05:50, Sys 0 00:02:33  -  Run Remote Usage
		Usr 0 00:00:00, Sys 0 00:00:00  -  Run Local Usage
		Usr 0 00:05:50, Sys 0 00:02:33  -  Total Remote Usage
		Usr 0 00:00:00, Sys 0 00:00:00  -  Total Local Usage
	84786  -  Run Bytes Sent By Job
	531  -  Run Bytes Received By Job
	84786  -  Total Bytes Sent By Job
	531  -  Total Bytes Received By Job
	Partitionable Resources :    Usage  Request Allocated
	   Cpus                 :                 1         1
	   Disk (KB)            :       95  1024000   1027326
	   Memory (MB)          :      323     2000      2000
...
