000 (8666.000.000) 03/18 09:43:47 Job submitted from host: <128.101.221.181:9618?addrs=128.101.221.181-9618&noUDP&sock=2582719_fdba_3>
...
001 (8666.000.000) 03/18 09:44:07 Job executing on host: <128.101.221.170:9618?addrs=128.101.221.170-9618&noUDP&sock=4150_221f_4>
...
006 (8666.000.000) 03/18 09:44:16 Image size of job updated: 331900
	240  -  MemoryUsage of job (MB)
	245400  -  ResidentSetSize of job (KB)
...
006 (8666.000.000) 03/18 09:49:17 Image size of job updated: 331900
	323  -  MemoryUsage of job (MB)
	330216  -  ResidentSetSize of job (KB)
...
005 (8666.000.000) 03/18 09:51:54 Job terminated.
	(1) Normal termination (return value 0)
		Usr 0 00:04:38, Sys 0 00:02:32  -  Run Remote Usage
		Usr 0 00:00:00, Sys 0 00:00:00  -  Run Local Usage
		Usr 0 00:04:38, Sys 0 00:02:32  -  Total Remote Usage
		Usr 0 00:00:00, Sys 0 00:00:00  -  Total Local Usage
	70658  -  Run Bytes Sent By Job
	531  -  Run Bytes Received By Job
	70658  -  Total Bytes Sent By Job
	531  -  Total Bytes Received By Job
	Partitionable Resources :    Usage  Request Allocated
	   Cpus                 :                 1         1
	   Disk (KB)            :       88  1024000   2040476
	   Memory (MB)          :      323     2000      2000
...
