000 (8653.000.000) 03/18 09:43:38 Job submitted from host: <128.101.221.181:9618?addrs=128.101.221.181-9618&noUDP&sock=2582719_fdba_3>
...
001 (8653.000.000) 03/18 09:43:55 Job executing on host: <128.101.220.74:9618?addrs=128.101.220.74-9618&noUDP&sock=279762_0a76_4>
...
006 (8653.000.000) 03/18 09:44:04 Image size of job updated: 15232
	6  -  MemoryUsage of job (MB)
	5692  -  ResidentSetSize of job (KB)
...
006 (8653.000.000) 03/18 09:47:39 Image size of job updated: 49820
	6  -  MemoryUsage of job (MB)
	5692  -  ResidentSetSize of job (KB)
...
005 (8653.000.000) 03/18 09:47:40 Job terminated.
	(1) Normal termination (return value 0)
		Usr 0 00:02:04, Sys 0 00:00:54  -  Run Remote Usage
		Usr 0 00:00:00, Sys 0 00:00:00  -  Run Local Usage
		Usr 0 00:02:04, Sys 0 00:00:54  -  Total Remote Usage
		Usr 0 00:00:00, Sys 0 00:00:00  -  Total Local Usage
	47066  -  Run Bytes Sent By Job
	531  -  Run Bytes Received By Job
	47066  -  Total Bytes Sent By Job
	531  -  Total Bytes Received By Job
	Partitionable Resources :    Usage  Request Allocated
	   Cpus                 :                 1         1
	   Disk (KB)            :       59  1024000   1029600
	   Memory (MB)          :        6     2000      2000
...
