000 (8643.000.000) 03/18 09:43:31 Job submitted from host: <128.101.221.181:9618?addrs=128.101.221.181-9618&noUDP&sock=2582719_fdba_3>
...
001 (8643.000.000) 03/18 09:43:52 Job executing on host: <128.101.221.184:9618?addrs=128.101.221.184-9618&noUDP&sock=3941866_c8bc_4>
...
006 (8643.000.000) 03/18 09:44:00 Image size of job updated: 11128
	11  -  MemoryUsage of job (MB)
	10932  -  ResidentSetSize of job (KB)
...
006 (8643.000.000) 03/18 09:49:00 Image size of job updated: 361500
	320  -  MemoryUsage of job (MB)
	326992  -  ResidentSetSize of job (KB)
...
005 (8643.000.000) 03/18 09:49:39 Job terminated.
	(1) Normal termination (return value 0)
		Usr 0 00:03:19, Sys 0 00:01:29  -  Run Remote Usage
		Usr 0 00:00:00, Sys 0 00:00:00  -  Run Local Usage
		Usr 0 00:03:19, Sys 0 00:01:29  -  Total Remote Usage
		Usr 0 00:00:00, Sys 0 00:00:00  -  Total Local Usage
	59195  -  Run Bytes Sent By Job
	531  -  Run Bytes Received By Job
	59195  -  Total Bytes Sent By Job
	531  -  Total Bytes Received By Job
	Partitionable Resources :    Usage  Request Allocated
	   Cpus                 :                 1         1
	   Disk (KB)            :       70  1024000   1028056
	   Memory (MB)          :      320     2000      2000
...
