000 (7054.000.000) 03/03 10:57:47 Job submitted from host: <128.101.221.180:9618?addrs=128.101.221.180-9618&noUDP&sock=3943_2604_3>
...
001 (7054.000.000) 03/03 10:57:57 Job executing on host: <128.101.220.89:9618?addrs=128.101.220.89-9618&noUDP&sock=367686_9777_4>
...
006 (7054.000.000) 03/03 10:58:06 Image size of job updated: 281684
	198  -  MemoryUsage of job (MB)
	202616  -  ResidentSetSize of job (KB)
...
005 (7054.000.000) 03/03 11:00:40 Job terminated.
	(1) Normal termination (return value 0)
		Usr 0 00:01:28, Sys 0 00:00:33  -  Run Remote Usage
		Usr 0 00:00:00, Sys 0 00:00:00  -  Run Local Usage
		Usr 0 00:01:28, Sys 0 00:00:33  -  Total Remote Usage
		Usr 0 00:00:00, Sys 0 00:00:00  -  Total Local Usage
	45963  -  Run Bytes Sent By Job
	521  -  Run Bytes Received By Job
	45963  -  Total Bytes Sent By Job
	521  -  Total Bytes Received By Job
	Partitionable Resources :    Usage  Request Allocated
	   Cpus                 :                 1         1
	   Disk (KB)            :       58  1024000   1029962
	   Memory (MB)          :      198     2000      2000
...
