000 (7060.000.000) 03/03 10:57:50 Job submitted from host: <128.101.221.180:9618?addrs=128.101.221.180-9618&noUDP&sock=3943_2604_3>
...
001 (7060.000.000) 03/03 10:58:12 Job executing on host: <128.101.221.172:9618?addrs=128.101.221.172-9618&noUDP&sock=1824113_5f8e_4>
...
006 (7060.000.000) 03/03 10:58:21 Image size of job updated: 251324
	173  -  MemoryUsage of job (MB)
	176296  -  ResidentSetSize of job (KB)
...
006 (7060.000.000) 03/03 11:01:47 Image size of job updated: 718108
	173  -  MemoryUsage of job (MB)
	176296  -  ResidentSetSize of job (KB)
...
005 (7060.000.000) 03/03 11:01:48 Job terminated.
	(1) Normal termination (return value 0)
		Usr 0 00:02:07, Sys 0 00:00:47  -  Run Remote Usage
		Usr 0 00:00:00, Sys 0 00:00:00  -  Run Local Usage
		Usr 0 00:02:07, Sys 0 00:00:47  -  Total Remote Usage
		Usr 0 00:00:00, Sys 0 00:00:00  -  Total Local Usage
	46434  -  Run Bytes Sent By Job
	521  -  Run Bytes Received By Job
	46434  -  Total Bytes Sent By Job
	521  -  Total Bytes Received By Job
	Partitionable Resources :    Usage  Request Allocated
	   Cpus                 :                 1         1
	   Disk (KB)            :       58  1024000   1029639
	   Memory (MB)          :      173     2000      2000
...
