000 (7046.000.000) 03/03 10:57:43 Job submitted from host: <128.101.221.180:9618?addrs=128.101.221.180-9618&noUDP&sock=3943_2604_3>
...
001 (7046.000.000) 03/03 10:57:51 Job executing on host: <128.101.221.182:9618?addrs=128.101.221.182-9618&noUDP&sock=3902_06a2_4>
...
006 (7046.000.000) 03/03 10:58:00 Image size of job updated: 238712
	163  -  MemoryUsage of job (MB)
	166528  -  ResidentSetSize of job (KB)
...
005 (7046.000.000) 03/03 10:59:24 Job terminated.
	(1) Normal termination (return value 0)
		Usr 0 00:00:57, Sys 0 00:00:16  -  Run Remote Usage
		Usr 0 00:00:00, Sys 0 00:00:00  -  Run Local Usage
		Usr 0 00:00:57, Sys 0 00:00:16  -  Total Remote Usage
		Usr 0 00:00:00, Sys 0 00:00:00  -  Total Local Usage
	44697  -  Run Bytes Sent By Job
	521  -  Run Bytes Received By Job
	44697  -  Total Bytes Sent By Job
	521  -  Total Bytes Received By Job
	Partitionable Resources :    Usage  Request Allocated
	   Cpus                 :                 1         1
	   Disk (KB)            :       56  1024000   2046200
	   Memory (MB)          :      163     2000      2000
...
