000 (7047.000.000) 03/03 10:57:44 Job submitted from host: <128.101.221.180:9618?addrs=128.101.221.180-9618&noUDP&sock=3943_2604_3>
...
001 (7047.000.000) 03/03 10:57:59 Job executing on host: <128.101.221.183:9618?addrs=128.101.221.183-9618&noUDP&sock=4185509_9de4_4>
...
006 (7047.000.000) 03/03 10:58:08 Image size of job updated: 215720
	146  -  MemoryUsage of job (MB)
	148860  -  ResidentSetSize of job (KB)
...
005 (7047.000.000) 03/03 11:01:54 Job terminated.
	(1) Normal termination (return value 0)
		Usr 0 00:02:18, Sys 0 00:00:50  -  Run Remote Usage
		Usr 0 00:00:00, Sys 0 00:00:00  -  Run Local Usage
		Usr 0 00:02:18, Sys 0 00:00:50  -  Total Remote Usage
		Usr 0 00:00:00, Sys 0 00:00:00  -  Total Local Usage
	38330  -  Run Bytes Sent By Job
	521  -  Run Bytes Received By Job
	38330  -  Total Bytes Sent By Job
	521  -  Total Bytes Received By Job
	Partitionable Resources :    Usage  Request Allocated
	   Cpus                 :                 1         1
	   Disk (KB)            :       50  1024000   1029951
	   Memory (MB)          :      146     2000      2000
...
