000 (7049.000.000) 03/03 10:57:45 Job submitted from host: <128.101.221.180:9618?addrs=128.101.221.180-9618&noUDP&sock=3943_2604_3>
...
001 (7049.000.000) 03/03 10:57:55 Job executing on host: <128.101.221.184:9618?addrs=128.101.221.184-9618&noUDP&sock=3941866_c8bc_4>
...
006 (7049.000.000) 03/03 10:58:04 Image size of job updated: 237704
	162  -  MemoryUsage of job (MB)
	165640  -  ResidentSetSize of job (KB)
...
005 (7049.000.000) 03/03 11:02:10 Job terminated.
	(1) Normal termination (return value 0)
		Usr 0 00:02:25, Sys 0 00:00:56  -  Run Remote Usage
		Usr 0 00:00:00, Sys 0 00:00:00  -  Run Local Usage
		Usr 0 00:02:25, Sys 0 00:00:56  -  Total Remote Usage
		Usr 0 00:00:00, Sys 0 00:00:00  -  Total Local Usage
	53141  -  Run Bytes Sent By Job
	521  -  Run Bytes Received By Job
	53141  -  Total Bytes Sent By Job
	521  -  Total Bytes Received By Job
	Partitionable Resources :    Usage  Request Allocated
	   Cpus                 :                 1         1
	   Disk (KB)            :       65  1024000   1027967
	   Memory (MB)          :      162     2000      2000
...
