000 (7043.000.000) 03/03 10:57:42 Job submitted from host: <128.101.221.180:9618?addrs=128.101.221.180-9618&noUDP&sock=3943_2604_3>
...
001 (7043.000.000) 03/03 10:57:53 Job executing on host: <128.101.221.173:9618?addrs=128.101.221.173-9618&noUDP&sock=1368159_da98_4>
...
006 (7043.000.000) 03/03 10:58:02 Image size of job updated: 176440
	112  -  MemoryUsage of job (MB)
	114588  -  ResidentSetSize of job (KB)
...
005 (7043.000.000) 03/03 11:02:18 Job terminated.
	(1) Normal termination (return value 0)
		Usr 0 00:01:16, Sys 0 00:00:26  -  Run Remote Usage
		Usr 0 00:00:00, Sys 0 00:00:00  -  Run Local Usage
		Usr 0 00:01:16, Sys 0 00:00:26  -  Total Remote Usage
		Usr 0 00:00:00, Sys 0 00:00:00  -  Total Local Usage
	48978  -  Run Bytes Sent By Job
	521  -  Run Bytes Received By Job
	48978  -  Total Bytes Sent By Job
	521  -  Total Bytes Received By Job
	Partitionable Resources :    Usage  Request Allocated
	   Cpus                 :                 1         1
	   Disk (KB)            :       61  1024000   1926422
	   Memory (MB)          :      112     2000      2000
...
