000 (9301.000.000) 03/29 09:46:39 Job submitted from host: <128.101.221.180:9618?addrs=128.101.221.180-9618&noUDP&sock=3943_2604_3>
...
001 (9301.000.000) 03/29 10:33:08 Job executing on host: <128.101.221.182:9618?addrs=128.101.221.182-9618&noUDP&sock=3902_06a2_4>
...
006 (9301.000.000) 03/29 10:33:16 Image size of job updated: 167028
	161  -  MemoryUsage of job (MB)
	164192  -  ResidentSetSize of job (KB)
...
006 (9301.000.000) 03/29 10:38:16 Image size of job updated: 329900
	322  -  MemoryUsage of job (MB)
	329332  -  ResidentSetSize of job (KB)
...
006 (9301.000.000) 03/29 10:41:57 Image size of job updated: 332392
	322  -  MemoryUsage of job (MB)
	329332  -  ResidentSetSize of job (KB)
...
005 (9301.000.000) 03/29 10:41:59 Job terminated.
	(1) Normal termination (return value 0)
		Usr 0 00:05:14, Sys 0 00:02:59  -  Run Remote Usage
		Usr 0 00:00:00, Sys 0 00:00:00  -  Run Local Usage
		Usr 0 00:05:14, Sys 0 00:02:59  -  Total Remote Usage
		Usr 0 00:00:00, Sys 0 00:00:00  -  Total Local Usage
	77791  -  Run Bytes Sent By Job
	545  -  Run Bytes Received By Job
	77791  -  Total Bytes Sent By Job
	545  -  Total Bytes Received By Job
	Partitionable Resources :    Usage  Request Allocated
	   Cpus                 :                 1         1
	   Disk (KB)            :       89  1024000   2046408
	   Memory (MB)          :      322     2000      2000
...
