000 (9304.000.000) 03/29 09:46:40 Job submitted from host: <128.101.221.180:9618?addrs=128.101.221.180-9618&noUDP&sock=3943_2604_3>
...
001 (9304.000.000) 03/29 10:33:11 Job executing on host: <128.101.221.182:9618?addrs=128.101.221.182-9618&noUDP&sock=3902_06a2_4>
...
006 (9304.000.000) 03/29 10:33:19 Image size of job updated: 174672
	168  -  MemoryUsage of job (MB)
	171156  -  ResidentSetSize of job (KB)
...
006 (9304.000.000) 03/29 10:38:19 Image size of job updated: 331124
	324  -  MemoryUsage of job (MB)
	330980  -  ResidentSetSize of job (KB)
...
006 (9304.000.000) 03/29 10:41:34 Image size of job updated: 331476
	324  -  MemoryUsage of job (MB)
	330980  -  ResidentSetSize of job (KB)
...
005 (9304.000.000) 03/29 10:41:35 Job terminated.
	(1) Normal termination (return value 0)
		Usr 0 00:04:56, Sys 0 00:02:53  -  Run Remote Usage
		Usr 0 00:00:00, Sys 0 00:00:00  -  Run Local Usage
		Usr 0 00:04:56, Sys 0 00:02:53  -  Total Remote Usage
		Usr 0 00:00:00, Sys 0 00:00:00  -  Total Local Usage
	74444  -  Run Bytes Sent By Job
	545  -  Run Bytes Received By Job
	74444  -  Total Bytes Sent By Job
	545  -  Total Bytes Received By Job
	Partitionable Resources :    Usage  Request Allocated
	   Cpus                 :                 1         1
	   Disk (KB)            :       85  1024000   2046408
	   Memory (MB)          :      324     2000      2000
...
