000 (9300.000.000) 03/29 09:46:38 Job submitted from host: <128.101.221.180:9618?addrs=128.101.221.180-9618&noUDP&sock=3943_2604_3>
...
001 (9300.000.000) 03/29 10:33:08 Job executing on host: <128.101.221.182:9618?addrs=128.101.221.182-9618&noUDP&sock=3902_06a2_4>
...
006 (9300.000.000) 03/29 10:33:16 Image size of job updated: 160380
	154  -  MemoryUsage of job (MB)
	156760  -  ResidentSetSize of job (KB)
...
006 (9300.000.000) 03/29 10:38:16 Image size of job updated: 334036
	327  -  MemoryUsage of job (MB)
	333904  -  ResidentSetSize of job (KB)
...
006 (9300.000.000) 03/29 10:40:11 Image size of job updated: 334100
	327  -  MemoryUsage of job (MB)
	333904  -  ResidentSetSize of job (KB)
...
005 (9300.000.000) 03/29 10:40:12 Job terminated.
	(1) Normal termination (return value 0)
		Usr 0 00:04:07, Sys 0 00:02:25  -  Run Remote Usage
		Usr 0 00:00:00, Sys 0 00:00:00  -  Run Local Usage
		Usr 0 00:04:07, Sys 0 00:02:25  -  Total Remote Usage
		Usr 0 00:00:00, Sys 0 00:00:00  -  Total Local Usage
	76568  -  Run Bytes Sent By Job
	545  -  Run Bytes Received By Job
	76568  -  Total Bytes Sent By Job
	545  -  Total Bytes Received By Job
	Partitionable Resources :    Usage  Request Allocated
	   Cpus                 :                 1         1
	   Disk (KB)            :       88  1024000   2046412
	   Memory (MB)          :      327     2000      2000
...
