000 (9315.000.000) 03/29 09:46:46 Job submitted from host: <128.101.221.180:9618?addrs=128.101.221.180-9618&noUDP&sock=3943_2604_3>
...
001 (9315.000.000) 03/29 10:35:58 Job executing on host: <128.101.221.175:9618?addrs=128.101.221.175-9618&noUDP&sock=12916_e152_4>
...
006 (9315.000.000) 03/29 10:36:07 Image size of job updated: 243108
	168  -  MemoryUsage of job (MB)
	171240  -  ResidentSetSize of job (KB)
...
006 (9315.000.000) 03/29 10:41:08 Image size of job updated: 333624
	326  -  MemoryUsage of job (MB)
	333084  -  ResidentSetSize of job (KB)
...
006 (9315.000.000) 03/29 10:45:34 Image size of job updated: 731740
	326  -  MemoryUsage of job (MB)
	333084  -  ResidentSetSize of job (KB)
...
005 (9315.000.000) 03/29 10:45:35 Job terminated.
	(1) Normal termination (return value 0)
		Usr 0 00:05:40, Sys 0 00:03:13  -  Run Remote Usage
		Usr 0 00:00:00, Sys 0 00:00:00  -  Run Local Usage
		Usr 0 00:05:40, Sys 0 00:03:13  -  Total Remote Usage
		Usr 0 00:00:00, Sys 0 00:00:00  -  Total Local Usage
	98333  -  Run Bytes Sent By Job
	545  -  Run Bytes Received By Job
	98333  -  Total Bytes Sent By Job
	545  -  Total Bytes Received By Job
	Partitionable Resources :    Usage  Request Allocated
	   Cpus                 :                 1         1
	   Disk (KB)            :      109  1024000   1931106
	   Memory (MB)          :      326     2000      2000
...
