000 (9295.000.000) 03/29 09:46:36 Job submitted from host: <128.101.221.180:9618?addrs=128.101.221.180-9618&noUDP&sock=3943_2604_3>
...
001 (9295.000.000) 03/29 10:29:57 Job executing on host: <128.101.221.175:9618?addrs=128.101.221.175-9618&noUDP&sock=12916_e152_4>
...
006 (9295.000.000) 03/29 10:30:06 Image size of job updated: 198140
	134  -  MemoryUsage of job (MB)
	136592  -  ResidentSetSize of job (KB)
...
006 (9295.000.000) 03/29 10:35:06 Image size of job updated: 329828
	322  -  MemoryUsage of job (MB)
	329704  -  ResidentSetSize of job (KB)
...
006 (9295.000.000) 03/29 10:40:05 Image size of job updated: 333208
	322  -  MemoryUsage of job (MB)
	329704  -  ResidentSetSize of job (KB)
...
005 (9295.000.000) 03/29 10:40:06 Job terminated.
	(1) Normal termination (return value 0)
		Usr 0 00:05:56, Sys 0 00:03:30  -  Run Remote Usage
		Usr 0 00:00:00, Sys 0 00:00:00  -  Run Local Usage
		Usr 0 00:05:56, Sys 0 00:03:30  -  Total Remote Usage
		Usr 0 00:00:00, Sys 0 00:00:00  -  Total Local Usage
	89746  -  Run Bytes Sent By Job
	545  -  Run Bytes Received By Job
	89746  -  Total Bytes Sent By Job
	545  -  Total Bytes Received By Job
	Partitionable Resources :    Usage  Request Allocated
	   Cpus                 :                 1         1
	   Disk (KB)            :      101  1024000   1931130
	   Memory (MB)          :      322     2000      2000
...
