000 (9308.000.000) 03/29 09:46:42 Job submitted from host: <128.101.221.180:9618?addrs=128.101.221.180-9618&noUDP&sock=3943_2604_3>
...
001 (9308.000.000) 03/29 10:33:11 Job executing on host: <128.101.221.182:9618?addrs=128.101.221.182-9618&noUDP&sock=3902_06a2_4>
...
006 (9308.000.000) 03/29 10:33:20 Image size of job updated: 197436
	191  -  MemoryUsage of job (MB)
	194724  -  ResidentSetSize of job (KB)
...
006 (9308.000.000) 03/29 10:38:21 Image size of job updated: 329772
	323  -  MemoryUsage of job (MB)
	329732  -  ResidentSetSize of job (KB)
...
006 (9308.000.000) 03/29 10:43:22 Image size of job updated: 332504
	325  -  MemoryUsage of job (MB)
	332452  -  ResidentSetSize of job (KB)
...
006 (9308.000.000) 03/29 10:43:31 Image size of job updated: 730556
	325  -  MemoryUsage of job (MB)
	332452  -  ResidentSetSize of job (KB)
...
005 (9308.000.000) 03/29 10:43:32 Job terminated.
	(1) Normal termination (return value 0)
		Usr 0 00:05:58, Sys 0 00:03:39  -  Run Remote Usage
		Usr 0 00:00:00, Sys 0 00:00:00  -  Run Local Usage
		Usr 0 00:05:58, Sys 0 00:03:39  -  Total Remote Usage
		Usr 0 00:00:00, Sys 0 00:00:00  -  Total Local Usage
	100959  -  Run Bytes Sent By Job
	545  -  Run Bytes Received By Job
	100959  -  Total Bytes Sent By Job
	545  -  Total Bytes Received By Job
	Partitionable Resources :    Usage  Request Allocated
	   Cpus                 :                 1         1
	   Disk (KB)            :      111  1024000   2046406
	   Memory (MB)          :      325     2000      2000
...
