000 (9316.000.000) 03/29 09:46:46 Job submitted from host: <128.101.221.180:9618?addrs=128.101.221.180-9618&noUDP&sock=3943_2604_3>
...
001 (9316.000.000) 03/29 10:36:02 Job executing on host: <128.101.221.176:9618?addrs=128.101.221.176-9618&noUDP&sock=2756849_b007_4>
...
006 (9316.000.000) 03/29 10:36:11 Image size of job updated: 193744
	130  -  MemoryUsage of job (MB)
	132340  -  ResidentSetSize of job (KB)
...
005 (9316.000.000) 03/29 10:38:47 Job terminated.
	(1) Normal termination (return value 0)
		Usr 0 00:01:55, Sys 0 00:00:34  -  Run Remote Usage
		Usr 0 00:00:00, Sys 0 00:00:00  -  Run Local Usage
		Usr 0 00:01:55, Sys 0 00:00:34  -  Total Remote Usage
		Usr 0 00:00:00, Sys 0 00:00:00  -  Total Local Usage
	56736  -  Run Bytes Sent By Job
	545  -  Run Bytes Received By Job
	56736  -  Total Bytes Sent By Job
	545  -  Total Bytes Received By Job
	Partitionable Resources :    Usage  Request Allocated
	   Cpus                 :                 1         1
	   Disk (KB)            :       68  1024000   1026316
	   Memory (MB)          :      130     2000      2000
...
