000 (9293.000.000) 03/29 09:46:35 Job submitted from host: <128.101.221.180:9618?addrs=128.101.221.180-9618&noUDP&sock=3943_2604_3>
...
001 (9293.000.000) 03/29 10:28:52 Job executing on host: <128.101.221.175:9618?addrs=128.101.221.175-9618&noUDP&sock=12916_e152_4>
...
006 (9293.000.000) 03/29 10:29:01 Image size of job updated: 200656
	139  -  MemoryUsage of job (MB)
	141836  -  ResidentSetSize of job (KB)
...
006 (9293.000.000) 03/29 10:33:43 Image size of job updated: 730220
	139  -  MemoryUsage of job (MB)
	141836  -  ResidentSetSize of job (KB)
...
005 (9293.000.000) 03/29 10:33:44 Job terminated.
	(1) Normal termination (return value 0)
		Usr 0 00:02:54, Sys 0 00:01:36  -  Run Remote Usage
		Usr 0 00:00:00, Sys 0 00:00:00  -  Run Local Usage
		Usr 0 00:02:54, Sys 0 00:01:36  -  Total Remote Usage
		Usr 0 00:00:00, Sys 0 00:00:00  -  Total Local Usage
	58445  -  Run Bytes Sent By Job
	545  -  Run Bytes Received By Job
	58445  -  Total Bytes Sent By Job
	545  -  Total Bytes Received By Job
	Partitionable Resources :    Usage  Request Allocated
	   Cpus                 :                 1         1
	   Disk (KB)            :       70  1024000   1931124
	   Memory (MB)          :      139     2000      2000
...
