000 (9306.000.000) 03/29 09:46:41 Job submitted from host: <128.101.221.180:9618?addrs=128.101.221.180-9618&noUDP&sock=3943_2604_3>
...
001 (9306.000.000) 03/29 10:33:11 Job executing on host: <128.101.221.182:9618?addrs=128.101.221.182-9618&noUDP&sock=3902_06a2_4>
...
006 (9306.000.000) 03/29 10:33:19 Image size of job updated: 186788
	174  -  MemoryUsage of job (MB)
	177308  -  ResidentSetSize of job (KB)
...
006 (9306.000.000) 03/29 10:38:19 Image size of job updated: 331736
	324  -  MemoryUsage of job (MB)
	331260  -  ResidentSetSize of job (KB)
...
006 (9306.000.000) 03/29 10:40:18 Image size of job updated: 730100
	324  -  MemoryUsage of job (MB)
	331260  -  ResidentSetSize of job (KB)
...
005 (9306.000.000) 03/29 10:40:19 Job terminated.
	(1) Normal termination (return value 0)
		Usr 0 00:04:08, Sys 0 00:02:29  -  Run Remote Usage
		Usr 0 00:00:00, Sys 0 00:00:00  -  Run Local Usage
		Usr 0 00:04:08, Sys 0 00:02:29  -  Total Remote Usage
		Usr 0 00:00:00, Sys 0 00:00:00  -  Total Local Usage
	83530  -  Run Bytes Sent By Job
	545  -  Run Bytes Received By Job
	83530  -  Total Bytes Sent By Job
	545  -  Total Bytes Received By Job
	Partitionable Resources :    Usage  Request Allocated
	   Cpus                 :                 1         1
	   Disk (KB)            :       94  1024000   2046406
	   Memory (MB)          :      324     2000      2000
...
