000 (9311.000.000) 03/29 09:46:44 Job submitted from host: <128.101.221.180:9618?addrs=128.101.221.180-9618&noUDP&sock=3943_2604_3>
...
001 (9311.000.000) 03/29 10:33:45 Job executing on host: <128.101.221.175:9618?addrs=128.101.221.175-9618&noUDP&sock=12916_e152_4>
...
006 (9311.000.000) 03/29 10:33:54 Image size of job updated: 251296
	173  -  MemoryUsage of job (MB)
	176880  -  ResidentSetSize of job (KB)
...
006 (9311.000.000) 03/29 10:38:55 Image size of job updated: 329716
	322  -  MemoryUsage of job (MB)
	329616  -  ResidentSetSize of job (KB)
...
006 (9311.000.000) 03/29 10:43:25 Image size of job updated: 333524
	322  -  MemoryUsage of job (MB)
	329616  -  ResidentSetSize of job (KB)
...
005 (9311.000.000) 03/29 10:43:26 Job terminated.
	(1) Normal termination (return value 0)
		Usr 0 00:05:43, Sys 0 00:03:15  -  Run Remote Usage
		Usr 0 00:00:00, Sys 0 00:00:00  -  Run Local Usage
		Usr 0 00:05:43, Sys 0 00:03:15  -  Total Remote Usage
		Usr 0 00:00:00, Sys 0 00:00:00  -  Total Local Usage
	101049  -  Run Bytes Sent By Job
	545  -  Run Bytes Received By Job
	101049  -  Total Bytes Sent By Job
	545  -  Total Bytes Received By Job
	Partitionable Resources :    Usage  Request Allocated
	   Cpus                 :                 1         1
	   Disk (KB)            :      112  1024000   1931124
	   Memory (MB)          :      322     2000      2000
...
