000 (9296.000.000) 03/29 09:46:36 Job submitted from host: <128.101.221.180:9618?addrs=128.101.221.180-9618&noUDP&sock=3943_2604_3>
...
001 (9296.000.000) 03/29 10:30:44 Job executing on host: <128.101.221.175:9618?addrs=128.101.221.175-9618&noUDP&sock=12916_e152_4>
...
006 (9296.000.000) 03/29 10:30:52 Image size of job updated: 249280
	172  -  MemoryUsage of job (MB)
	175156  -  ResidentSetSize of job (KB)
...
006 (9296.000.000) 03/29 10:35:52 Image size of job updated: 333248
	326  -  MemoryUsage of job (MB)
	332844  -  ResidentSetSize of job (KB)
...
005 (9296.000.000) 03/29 10:38:38 Job terminated.
	(1) Normal termination (return value 0)
		Usr 0 00:04:35, Sys 0 00:02:46  -  Run Remote Usage
		Usr 0 00:00:00, Sys 0 00:00:00  -  Run Local Usage
		Usr 0 00:04:35, Sys 0 00:02:46  -  Total Remote Usage
		Usr 0 00:00:00, Sys 0 00:00:00  -  Total Local Usage
	84597  -  Run Bytes Sent By Job
	545  -  Run Bytes Received By Job
	84597  -  Total Bytes Sent By Job
	545  -  Total Bytes Received By Job
	Partitionable Resources :    Usage  Request Allocated
	   Cpus                 :                 1         1
	   Disk (KB)            :       96  1024000   1931132
	   Memory (MB)          :      326     2000      2000
...
