000 (9302.000.000) 03/29 09:46:39 Job submitted from host: <128.101.221.180:9618?addrs=128.101.221.180-9618&noUDP&sock=3943_2604_3>
...
001 (9302.000.000) 03/29 10:33:08 Job executing on host: <128.101.221.182:9618?addrs=128.101.221.182-9618&noUDP&sock=3902_06a2_4>
...
006 (9302.000.000) 03/29 10:33:17 Image size of job updated: 194176
	182  -  MemoryUsage of job (MB)
	185556  -  ResidentSetSize of job (KB)
...
006 (9302.000.000) 03/29 10:38:18 Image size of job updated: 331544
	324  -  MemoryUsage of job (MB)
	331544  -  ResidentSetSize of job (KB)
...
006 (9302.000.000) 03/29 10:42:02 Image size of job updated: 730480
	324  -  MemoryUsage of job (MB)
	331544  -  ResidentSetSize of job (KB)
...
005 (9302.000.000) 03/29 10:42:04 Job terminated.
	(1) Normal termination (return value 0)
		Usr 0 00:05:12, Sys 0 00:03:01  -  Run Remote Usage
		Usr 0 00:00:00, Sys 0 00:00:00  -  Run Local Usage
		Usr 0 00:05:12, Sys 0 00:03:01  -  Total Remote Usage
		Usr 0 00:00:00, Sys 0 00:00:00  -  Total Local Usage
	86099  -  Run Bytes Sent By Job
	545  -  Run Bytes Received By Job
	86099  -  Total Bytes Sent By Job
	545  -  Total Bytes Received By Job
	Partitionable Resources :    Usage  Request Allocated
	   Cpus                 :                 1         1
	   Disk (KB)            :       97  1024000   2046408
	   Memory (MB)          :      324     2000      2000
...
