000 (9294.000.000) 03/29 09:46:35 Job submitted from host: <128.101.221.180:9618?addrs=128.101.221.180-9618&noUDP&sock=3943_2604_3>
...
001 (9294.000.000) 03/29 10:29:35 Job executing on host: <128.101.221.193:9618?addrs=128.101.221.193-9618&noUDP&sock=2332108_b0a7_4>
...
006 (9294.000.000) 03/29 10:29:44 Image size of job updated: 166528
	104  -  MemoryUsage of job (MB)
	106032  -  ResidentSetSize of job (KB)
...
006 (9294.000.000) 03/29 10:34:44 Image size of job updated: 428728
	325  -  MemoryUsage of job (MB)
	332096  -  ResidentSetSize of job (KB)
...
006 (9294.000.000) 03/29 10:35:09 Image size of job updated: 428772
	325  -  MemoryUsage of job (MB)
	332096  -  ResidentSetSize of job (KB)
...
005 (9294.000.000) 03/29 10:35:10 Job terminated.
	(1) Normal termination (return value 0)
		Usr 0 00:03:26, Sys 0 00:01:19  -  Run Remote Usage
		Usr 0 00:00:00, Sys 0 00:00:00  -  Run Local Usage
		Usr 0 00:03:26, Sys 0 00:01:19  -  Total Remote Usage
		Usr 0 00:00:00, Sys 0 00:00:00  -  Total Local Usage
	80735  -  Run Bytes Sent By Job
	545  -  Run Bytes Received By Job
	80735  -  Total Bytes Sent By Job
	545  -  Total Bytes Received By Job
	Partitionable Resources :    Usage  Request Allocated
	   Cpus                 :                 1         1
	   Disk (KB)            :       92  1024000   1028414
	   Memory (MB)          :      325     2000      2000
...
