000 (9309.000.000) 03/29 09:46:43 Job submitted from host: <128.101.221.180:9618?addrs=128.101.221.180-9618&noUDP&sock=3943_2604_3>
...
001 (9309.000.000) 03/29 10:33:12 Job executing on host: <128.101.221.182:9618?addrs=128.101.221.182-9618&noUDP&sock=3902_06a2_4>
...
006 (9309.000.000) 03/29 10:33:21 Image size of job updated: 233056
	192  -  MemoryUsage of job (MB)
	195944  -  ResidentSetSize of job (KB)
...
006 (9309.000.000) 03/29 10:38:22 Image size of job updated: 332908
	325  -  MemoryUsage of job (MB)
	332688  -  ResidentSetSize of job (KB)
...
006 (9309.000.000) 03/29 10:40:52 Image size of job updated: 731380
	325  -  MemoryUsage of job (MB)
	332688  -  ResidentSetSize of job (KB)
...
005 (9309.000.000) 03/29 10:40:54 Job terminated.
	(1) Normal termination (return value 0)
		Usr 0 00:04:30, Sys 0 00:02:38  -  Run Remote Usage
		Usr 0 00:00:00, Sys 0 00:00:00  -  Run Local Usage
		Usr 0 00:04:30, Sys 0 00:02:38  -  Total Remote Usage
		Usr 0 00:00:00, Sys 0 00:00:00  -  Total Local Usage
	76774  -  Run Bytes Sent By Job
	545  -  Run Bytes Received By Job
	76774  -  Total Bytes Sent By Job
	545  -  Total Bytes Received By Job
	Partitionable Resources :    Usage  Request Allocated
	   Cpus                 :                 1         1
	   Disk (KB)            :       88  1024000   2046406
	   Memory (MB)          :      325     2000      2000
...
