000 (4179.000.000) 02/25 10:26:26 Job submitted from host: <128.101.221.180:9618?addrs=128.101.221.180-9618&noUDP&sock=3943_2604_3>
...
001 (4179.000.000) 02/25 10:26:51 Job executing on host: <128.101.221.173:9618?addrs=128.101.221.173-9618&noUDP&sock=1368159_da98_4>
...
006 (4179.000.000) 02/25 10:27:00 Image size of job updated: 333024
	241  -  MemoryUsage of job (MB)
	246280  -  ResidentSetSize of job (KB)
...
005 (4179.000.000) 02/25 10:28:55 Job terminated.
	(1) Normal termination (return value 0)
		Usr 0 00:01:07, Sys 0 00:00:27  -  Run Remote Usage
		Usr 0 00:00:00, Sys 0 00:00:00  -  Run Local Usage
		Usr 0 00:01:07, Sys 0 00:00:27  -  Total Remote Usage
		Usr 0 00:00:00, Sys 0 00:00:00  -  Total Local Usage
	48899  -  Run Bytes Sent By Job
	515  -  Run Bytes Received By Job
	48899  -  Total Bytes Sent By Job
	515  -  Total Bytes Received By Job
	Partitionable Resources :    Usage  Request Allocated
	   Cpus                 :                 1         1
	   Disk (KB)            :       60  1024000   1928060
	   Memory (MB)          :      241     2000      2000
...
