000 (4175.000.000) 02/25 10:26:24 Job submitted from host: <128.101.221.180:9618?addrs=128.101.221.180-9618&noUDP&sock=3943_2604_3>
...
001 (4175.000.000) 02/25 10:26:49 Job executing on host: <128.101.221.180:9618?addrs=128.101.221.180-9618&noUDP&sock=3943_2604_4>
...
006 (4175.000.000) 02/25 10:26:58 Image size of job updated: 320308
	230  -  MemoryUsage of job (MB)
	234996  -  ResidentSetSize of job (KB)
...
005 (4175.000.000) 02/25 10:29:26 Job terminated.
	(1) Normal termination (return value 0)
		Usr 0 00:01:29, Sys 0 00:00:33  -  Run Remote Usage
		Usr 0 00:00:00, Sys 0 00:00:00  -  Run Local Usage
		Usr 0 00:01:29, Sys 0 00:00:33  -  Total Remote Usage
		Usr 0 00:00:00, Sys 0 00:00:00  -  Total Local Usage
	47819  -  Run Bytes Sent By Job
	515  -  Run Bytes Received By Job
	47819  -  Total Bytes Sent By Job
	515  -  Total Bytes Received By Job
	Partitionable Resources :    Usage  Request Allocated
	   Cpus                 :                 1         1
	   Disk (KB)            :       59  1024000   1028464
	   Memory (MB)          :      230     2000      2000
...
