000 (4165.000.000) 02/25 10:26:20 Job submitted from host: <128.101.221.180:9618?addrs=128.101.221.180-9618&noUDP&sock=3943_2604_3>
...
001 (4165.000.000) 02/25 10:26:29 Job executing on host: <128.101.221.191:9618?addrs=128.101.221.191-9618&noUDP&sock=3143621_1bfa_4>
...
006 (4165.000.000) 02/25 10:26:38 Image size of job updated: 284264
	201  -  MemoryUsage of job (MB)
	205092  -  ResidentSetSize of job (KB)
...
005 (4165.000.000) 02/25 10:28:10 Job terminated.
	(1) Normal termination (return value 0)
		Usr 0 00:00:53, Sys 0 00:00:18  -  Run Remote Usage
		Usr 0 00:00:00, Sys 0 00:00:00  -  Run Local Usage
		Usr 0 00:00:53, Sys 0 00:00:18  -  Total Remote Usage
		Usr 0 00:00:00, Sys 0 00:00:00  -  Total Local Usage
	35628  -  Run Bytes Sent By Job
	515  -  Run Bytes Received By Job
	35628  -  Total Bytes Sent By Job
	515  -  Total Bytes Received By Job
	Partitionable Resources :    Usage  Request Allocated
	   Cpus                 :                 1         1
	   Disk (KB)            :       47  1024000   1031016
	   Memory (MB)          :      201     2000      2000
...
