000 (4161.000.000) 02/25 10:26:18 Job submitted from host: <128.101.221.180:9618?addrs=128.101.221.180-9618&noUDP&sock=3943_2604_3>
...
001 (4161.000.000) 02/25 10:26:32 Job executing on host: <128.101.221.172:9618?addrs=128.101.221.172-9618&noUDP&sock=1824113_5f8e_4>
...
006 (4161.000.000) 02/25 10:26:41 Image size of job updated: 325204
	233  -  MemoryUsage of job (MB)
	237832  -  ResidentSetSize of job (KB)
...
005 (4161.000.000) 02/25 10:29:19 Job terminated.
	(1) Normal termination (return value 0)
		Usr 0 00:01:32, Sys 0 00:00:39  -  Run Remote Usage
		Usr 0 00:00:00, Sys 0 00:00:00  -  Run Local Usage
		Usr 0 00:01:32, Sys 0 00:00:39  -  Total Remote Usage
		Usr 0 00:00:00, Sys 0 00:00:00  -  Total Local Usage
	42058  -  Run Bytes Sent By Job
	515  -  Run Bytes Received By Job
	42058  -  Total Bytes Sent By Job
	515  -  Total Bytes Received By Job
	Partitionable Resources :    Usage  Request Allocated
	   Cpus                 :                 1         1
	   Disk (KB)            :       54  1024000   1030677
	   Memory (MB)          :      233     2000      2000
...
