000 (4170.000.000) 02/25 10:26:22 Job submitted from host: <128.101.221.180:9618?addrs=128.101.221.180-9618&noUDP&sock=3943_2604_3>
...
001 (4170.000.000) 02/25 10:26:31 Job executing on host: <128.101.221.188:9618?addrs=128.101.221.188-9618&noUDP&sock=3087505_3369_4>
...
006 (4170.000.000) 02/25 10:26:40 Image size of job updated: 176988
	113  -  MemoryUsage of job (MB)
	115144  -  ResidentSetSize of job (KB)
...
005 (4170.000.000) 02/25 10:30:11 Job terminated.
	(1) Normal termination (return value 0)
		Usr 0 00:02:00, Sys 0 00:00:53  -  Run Remote Usage
		Usr 0 00:00:00, Sys 0 00:00:00  -  Run Local Usage
		Usr 0 00:02:00, Sys 0 00:00:53  -  Total Remote Usage
		Usr 0 00:00:00, Sys 0 00:00:00  -  Total Local Usage
	35933  -  Run Bytes Sent By Job
	515  -  Run Bytes Received By Job
	35933  -  Total Bytes Sent By Job
	515  -  Total Bytes Received By Job
	Partitionable Resources :    Usage  Request Allocated
	   Cpus                 :                 1         1
	   Disk (KB)            :       48  1024000   1029974
	   Memory (MB)          :      113     2000      2000
...
