000 (4182.000.000) 02/25 10:26:27 Job submitted from host: <128.101.221.180:9618?addrs=128.101.221.180-9618&noUDP&sock=3943_2604_3>
...
001 (4182.000.000) 02/25 10:26:53 Job executing on host: <128.101.221.189:9618?addrs=128.101.221.189-9618&noUDP&sock=3424045_a60c_4>
...
006 (4182.000.000) 02/25 10:27:01 Image size of job updated: 303052
	216  -  MemoryUsage of job (MB)
	220476  -  ResidentSetSize of job (KB)
...
006 (4182.000.000) 02/25 10:28:40 Image size of job updated: 717240
	216  -  MemoryUsage of job (MB)
	220476  -  ResidentSetSize of job (KB)
...
005 (4182.000.000) 02/25 10:28:41 Job terminated.
	(1) Normal termination (return value 0)
		Usr 0 00:01:01, Sys 0 00:00:22  -  Run Remote Usage
		Usr 0 00:00:00, Sys 0 00:00:00  -  Run Local Usage
		Usr 0 00:01:01, Sys 0 00:00:22  -  Total Remote Usage
		Usr 0 00:00:00, Sys 0 00:00:00  -  Total Local Usage
	40545  -  Run Bytes Sent By Job
	515  -  Run Bytes Received By Job
	40545  -  Total Bytes Sent By Job
	515  -  Total Bytes Received By Job
	Partitionable Resources :    Usage  Request Allocated
	   Cpus                 :                 1         1
	   Disk (KB)            :       52  1024000   1029120
	   Memory (MB)          :      216     2000      2000
...
