000 (4169.000.000) 02/25 10:26:22 Job submitted from host: <128.101.221.180:9618?addrs=128.101.221.180-9618&noUDP&sock=3943_2604_3>
...
001 (4169.000.000) 02/25 10:26:29 Job executing on host: <128.101.221.174:9618?addrs=128.101.221.174-9618&noUDP&sock=4031871_ba53_4>
...
006 (4169.000.000) 02/25 10:26:38 Image size of job updated: 285036
	201  -  MemoryUsage of job (MB)
	205776  -  ResidentSetSize of job (KB)
...
005 (4169.000.000) 02/25 10:29:49 Job terminated.
	(1) Normal termination (return value 0)
		Usr 0 00:01:46, Sys 0 00:00:49  -  Run Remote Usage
		Usr 0 00:00:00, Sys 0 00:00:00  -  Run Local Usage
		Usr 0 00:01:46, Sys 0 00:00:49  -  Total Remote Usage
		Usr 0 00:00:00, Sys 0 00:00:00  -  Total Local Usage
	53840  -  Run Bytes Sent By Job
	515  -  Run Bytes Received By Job
	53840  -  Total Bytes Sent By Job
	515  -  Total Bytes Received By Job
	Partitionable Resources :    Usage  Request Allocated
	   Cpus                 :                 1         1
	   Disk (KB)            :       65  1024000   1903702
	   Memory (MB)          :      201     2000      2000
...
