000 (4178.000.000) 02/25 10:26:25 Job submitted from host: <128.101.221.180:9618?addrs=128.101.221.180-9618&noUDP&sock=3943_2604_3>
...
001 (4178.000.000) 02/25 10:26:51 Job executing on host: <128.101.221.186:9618?addrs=128.101.221.186-9618&noUDP&sock=3131318_464d_4>
...
006 (4178.000.000) 02/25 10:27:00 Image size of job updated: 300004
	214  -  MemoryUsage of job (MB)
	218116  -  ResidentSetSize of job (KB)
...
005 (4178.000.000) 02/25 10:28:25 Job terminated.
	(1) Normal termination (return value 0)
		Usr 0 00:00:53, Sys 0 00:00:19  -  Run Remote Usage
		Usr 0 00:00:00, Sys 0 00:00:00  -  Run Local Usage
		Usr 0 00:00:53, Sys 0 00:00:19  -  Total Remote Usage
		Usr 0 00:00:00, Sys 0 00:00:00  -  Total Local Usage
	48294  -  Run Bytes Sent By Job
	515  -  Run Bytes Received By Job
	48294  -  Total Bytes Sent By Job
	515  -  Total Bytes Received By Job
	Partitionable Resources :    Usage  Request Allocated
	   Cpus                 :                 1         1
	   Disk (KB)            :       60  1024000   1028612
	   Memory (MB)          :      214     2000      2000
...
