000 (4163.000.000) 02/25 10:26:19 Job submitted from host: <128.101.221.180:9618?addrs=128.101.221.180-9618&noUDP&sock=3943_2604_3>
...
001 (4163.000.000) 02/25 10:26:27 Job executing on host: <128.101.221.186:9618?addrs=128.101.221.186-9618&noUDP&sock=3131318_464d_4>
...
006 (4163.000.000) 02/25 10:26:36 Image size of job updated: 159728
	101  -  MemoryUsage of job (MB)
	102676  -  ResidentSetSize of job (KB)
...
005 (4163.000.000) 02/25 10:28:36 Job terminated.
	(1) Normal termination (return value 0)
		Usr 0 00:01:05, Sys 0 00:00:24  -  Run Remote Usage
		Usr 0 00:00:00, Sys 0 00:00:00  -  Run Local Usage
		Usr 0 00:01:05, Sys 0 00:00:24  -  Total Remote Usage
		Usr 0 00:00:00, Sys 0 00:00:00  -  Total Local Usage
	49563  -  Run Bytes Sent By Job
	515  -  Run Bytes Received By Job
	49563  -  Total Bytes Sent By Job
	515  -  Total Bytes Received By Job
	Partitionable Resources :    Usage  Request Allocated
	   Cpus                 :                 1         1
	   Disk (KB)            :       61  1024000   1028614
	   Memory (MB)          :      101     2000      2000
...
