000 (4159.000.000) 02/25 10:26:17 Job submitted from host: <128.101.221.180:9618?addrs=128.101.221.180-9618&noUDP&sock=3943_2604_3>
...
001 (4159.000.000) 02/25 10:26:25 Job executing on host: <128.101.221.178:9618?addrs=128.101.221.178-9618&noUDP&sock=1886078_3590_4>
...
006 (4159.000.000) 02/25 10:26:33 Image size of job updated: 283992
	201  -  MemoryUsage of job (MB)
	204816  -  ResidentSetSize of job (KB)
...
005 (4159.000.000) 02/25 10:29:55 Job terminated.
	(1) Normal termination (return value 0)
		Usr 0 00:01:57, Sys 0 00:00:50  -  Run Remote Usage
		Usr 0 00:00:00, Sys 0 00:00:00  -  Run Local Usage
		Usr 0 00:01:57, Sys 0 00:00:50  -  Total Remote Usage
		Usr 0 00:00:00, Sys 0 00:00:00  -  Total Local Usage
	35663  -  Run Bytes Sent By Job
	515  -  Run Bytes Received By Job
	35663  -  Total Bytes Sent By Job
	515  -  Total Bytes Received By Job
	Partitionable Resources :    Usage  Request Allocated
	   Cpus                 :                 1         1
	   Disk (KB)            :       48  1024000   1028371
	   Memory (MB)          :      201     2000      2000
...
