000 (7193.000.000) 02/17 04:51:48 Job submitted from host: <128.101.221.181:9618?addrs=128.101.221.181-9618&noUDP&sock=2582719_fdba_3>
...
001 (7193.000.000) 02/17 04:51:59 Job executing on host: <128.101.221.193:9618?addrs=128.101.221.193-9618&noUDP&sock=2332108_b0a7_4>
...
006 (7193.000.000) 02/17 04:52:07 Image size of job updated: 247700
	208  -  MemoryUsage of job (MB)
	212588  -  ResidentSetSize of job (KB)
...
006 (7193.000.000) 02/17 04:55:16 Image size of job updated: 718492
	208  -  MemoryUsage of job (MB)
	212588  -  ResidentSetSize of job (KB)
...
005 (7193.000.000) 02/17 04:55:17 Job terminated.
	(1) Normal termination (return value 0)
		Usr 0 00:01:08, Sys 0 00:01:08  -  Run Remote Usage
		Usr 0 00:00:00, Sys 0 00:00:00  -  Run Local Usage
		Usr 0 00:01:08, Sys 0 00:01:08  -  Total Remote Usage
		Usr 0 00:00:00, Sys 0 00:00:00  -  Total Local Usage
	41575  -  Run Bytes Sent By Job
	505  -  Run Bytes Received By Job
	41575  -  Total Bytes Sent By Job
	505  -  Total Bytes Received By Job
	Partitionable Resources :    Usage  Request Allocated
	   Cpus                 :                 1         1
	   Disk (KB)            :       53  1024000   1030474
	   Memory (MB)          :      208     2000      2000
...
