000 (7184.000.000) 02/17 04:51:42 Job submitted from host: <128.101.221.181:9618?addrs=128.101.221.181-9618&noUDP&sock=2582719_fdba_3>
...
001 (7184.000.000) 02/17 04:51:54 Job executing on host: <128.101.221.182:9618?addrs=128.101.221.182-9618&noUDP&sock=3902_06a2_4>
...
006 (7184.000.000) 02/17 04:52:03 Image size of job updated: 120020
	114  -  MemoryUsage of job (MB)
	115780  -  ResidentSetSize of job (KB)
...
006 (7184.000.000) 02/17 04:54:19 Image size of job updated: 717108
	114  -  MemoryUsage of job (MB)
	115780  -  ResidentSetSize of job (KB)
...
005 (7184.000.000) 02/17 04:54:20 Job terminated.
	(1) Normal termination (return value 0)
		Usr 0 00:01:06, Sys 0 00:00:34  -  Run Remote Usage
		Usr 0 00:00:00, Sys 0 00:00:00  -  Run Local Usage
		Usr 0 00:01:06, Sys 0 00:00:34  -  Total Remote Usage
		Usr 0 00:00:00, Sys 0 00:00:00  -  Total Local Usage
	35593  -  Run Bytes Sent By Job
	505  -  Run Bytes Received By Job
	35593  -  Total Bytes Sent By Job
	505  -  Total Bytes Received By Job
	Partitionable Resources :    Usage  Request Allocated
	   Cpus                 :                 1         1
	   Disk (KB)            :       47  1024000   1024873
	   Memory (MB)          :      114     2000      2000
...
