000 (7196.000.000) 02/17 04:51:50 Job submitted from host: <128.101.221.181:9618?addrs=128.101.221.181-9618&noUDP&sock=2582719_fdba_3>
...
001 (7196.000.000) 02/17 04:52:12 Job executing on host: <128.101.220.49:9618?addrs=128.101.220.49-9618&noUDP&sock=280861_dd0b_4>
...
006 (7196.000.000) 02/17 04:52:21 Image size of job updated: 173632
	110  -  MemoryUsage of job (MB)
	111812  -  ResidentSetSize of job (KB)
...
006 (7196.000.000) 02/17 04:55:46 Image size of job updated: 718884
	110  -  MemoryUsage of job (MB)
	111812  -  ResidentSetSize of job (KB)
...
005 (7196.000.000) 02/17 04:55:47 Job terminated.
	(1) Normal termination (return value 0)
		Usr 0 00:01:47, Sys 0 00:00:37  -  Run Remote Usage
		Usr 0 00:00:00, Sys 0 00:00:00  -  Run Local Usage
		Usr 0 00:01:47, Sys 0 00:00:37  -  Total Remote Usage
		Usr 0 00:00:00, Sys 0 00:00:00  -  Total Local Usage
	69688  -  Run Bytes Sent By Job
	505  -  Run Bytes Received By Job
	69688  -  Total Bytes Sent By Job
	505  -  Total Bytes Received By Job
	Partitionable Resources :    Usage  Request Allocated
	   Cpus                 :                 1         1
	   Disk (KB)            :       81  1024000   1030656
	   Memory (MB)          :      110     2000      2000
...
