000 (7195.000.000) 02/17 04:51:49 Job submitted from host: <128.101.221.181:9618?addrs=128.101.221.181-9618&noUDP&sock=2582719_fdba_3>
...
001 (7195.000.000) 02/17 04:52:00 Job executing on host: <128.101.221.182:9618?addrs=128.101.221.182-9618&noUDP&sock=3902_06a2_4>
...
006 (7195.000.000) 02/17 04:52:09 Image size of job updated: 319164
	255  -  MemoryUsage of job (MB)
	260364  -  ResidentSetSize of job (KB)
...
005 (7195.000.000) 02/17 04:56:58 Job terminated.
	(1) Normal termination (return value 0)
		Usr 0 00:02:20, Sys 0 00:01:18  -  Run Remote Usage
		Usr 0 00:00:00, Sys 0 00:00:00  -  Run Local Usage
		Usr 0 00:02:20, Sys 0 00:01:18  -  Total Remote Usage
		Usr 0 00:00:00, Sys 0 00:00:00  -  Total Local Usage
	50391  -  Run Bytes Sent By Job
	505  -  Run Bytes Received By Job
	50391  -  Total Bytes Sent By Job
	505  -  Total Bytes Received By Job
	Partitionable Resources :    Usage  Request Allocated
	   Cpus                 :                 1         1
	   Disk (KB)            :       62  1024000   1024873
	   Memory (MB)          :      255     2000      2000
...
