000 (7181.000.000) 02/17 04:51:40 Job submitted from host: <128.101.221.181:9618?addrs=128.101.221.181-9618&noUDP&sock=2582719_fdba_3>
...
001 (7181.000.000) 02/17 04:51:54 Job executing on host: <128.101.221.193:9618?addrs=128.101.221.193-9618&noUDP&sock=2332108_b0a7_4>
...
006 (7181.000.000) 02/17 04:52:03 Image size of job updated: 135920
	123  -  MemoryUsage of job (MB)
	125260  -  ResidentSetSize of job (KB)
...
006 (7181.000.000) 02/17 04:55:34 Image size of job updated: 717724
	123  -  MemoryUsage of job (MB)
	125260  -  ResidentSetSize of job (KB)
...
005 (7181.000.000) 02/17 04:55:35 Job terminated.
	(1) Normal termination (return value 0)
		Usr 0 00:01:15, Sys 0 00:01:14  -  Run Remote Usage
		Usr 0 00:00:00, Sys 0 00:00:00  -  Run Local Usage
		Usr 0 00:01:15, Sys 0 00:01:14  -  Total Remote Usage
		Usr 0 00:00:00, Sys 0 00:00:00  -  Total Local Usage
	48726  -  Run Bytes Sent By Job
	505  -  Run Bytes Received By Job
	48726  -  Total Bytes Sent By Job
	505  -  Total Bytes Received By Job
	Partitionable Resources :    Usage  Request Allocated
	   Cpus                 :                 1         1
	   Disk (KB)            :       60  1024000   1030474
	   Memory (MB)          :      123     2000      2000
...
