000 (7176.000.000) 02/17 04:51:35 Job submitted from host: <128.101.221.181:9618?addrs=128.101.221.181-9618&noUDP&sock=2582719_fdba_3>
...
001 (7176.000.000) 02/17 04:51:53 Job executing on host: <128.101.221.192:9618?addrs=128.101.221.192-9618&noUDP&sock=3175794_1c7b_4>
...
006 (7176.000.000) 02/17 04:52:01 Image size of job updated: 53164
	50  -  MemoryUsage of job (MB)
	50640  -  ResidentSetSize of job (KB)
...
006 (7176.000.000) 02/17 04:56:09 Image size of job updated: 718916
	50  -  MemoryUsage of job (MB)
	50640  -  ResidentSetSize of job (KB)
...
005 (7176.000.000) 02/17 04:56:10 Job terminated.
	(1) Normal termination (return value 0)
		Usr 0 00:01:58, Sys 0 00:01:07  -  Run Remote Usage
		Usr 0 00:00:00, Sys 0 00:00:00  -  Run Local Usage
		Usr 0 00:01:58, Sys 0 00:01:07  -  Total Remote Usage
		Usr 0 00:00:00, Sys 0 00:00:00  -  Total Local Usage
	42024  -  Run Bytes Sent By Job
	505  -  Run Bytes Received By Job
	42024  -  Total Bytes Sent By Job
	505  -  Total Bytes Received By Job
	Partitionable Resources :    Usage  Request Allocated
	   Cpus                 :                 1         1
	   Disk (KB)            :       54  1024000   1030989
	   Memory (MB)          :       50     2000      2000
...
