000 (7185.000.000) 02/17 04:51:43 Job submitted from host: <128.101.221.181:9618?addrs=128.101.221.181-9618&noUDP&sock=2582719_fdba_3>
...
001 (7185.000.000) 02/17 04:51:57 Job executing on host: <128.101.221.192:9618?addrs=128.101.221.192-9618&noUDP&sock=3175794_1c7b_4>
...
006 (7185.000.000) 02/17 04:52:05 Image size of job updated: 134028
	126  -  MemoryUsage of job (MB)
	128860  -  ResidentSetSize of job (KB)
...
005 (7185.000.000) 02/17 04:55:48 Job terminated.
	(1) Normal termination (return value 0)
		Usr 0 00:01:46, Sys 0 00:01:02  -  Run Remote Usage
		Usr 0 00:00:00, Sys 0 00:00:00  -  Run Local Usage
		Usr 0 00:01:46, Sys 0 00:01:02  -  Total Remote Usage
		Usr 0 00:00:00, Sys 0 00:00:00  -  Total Local Usage
	39496  -  Run Bytes Sent By Job
	505  -  Run Bytes Received By Job
	39496  -  Total Bytes Sent By Job
	505  -  Total Bytes Received By Job
	Partitionable Resources :    Usage  Request Allocated
	   Cpus                 :                 1         1
	   Disk (KB)            :       51  1024000   1030988
	   Memory (MB)          :      126     2000      2000
...
