000 (8635.000.000) 03/18 09:43:27 Job submitted from host: <128.101.221.181:9618?addrs=128.101.221.181-9618&noUDP&sock=2582719_fdba_3>
...
001 (8635.000.000) 03/18 09:43:47 Job executing on host: <128.101.221.171:9618?addrs=128.101.221.171-9618&noUDP&sock=1778228_146e_4>
...
006 (8635.000.000) 03/18 09:43:56 Image size of job updated: 266020
	201  -  MemoryUsage of job (MB)
	205548  -  ResidentSetSize of job (KB)
...
006 (8635.000.000) 03/18 09:48:57 Image size of job updated: 327412
	319  -  MemoryUsage of job (MB)
	326468  -  ResidentSetSize of job (KB)
...
005 (8635.000.000) 03/18 09:51:19 Job terminated.
	(1) Normal termination (return value 0)
		Usr 0 00:04:29, Sys 0 00:02:13  -  Run Remote Usage
		Usr 0 00:00:00, Sys 0 00:00:00  -  Run Local Usage
		Usr 0 00:04:29, Sys 0 00:02:13  -  Total Remote Usage
		Usr 0 00:00:00, Sys 0 00:00:00  -  Total Local Usage
	37001  -  Run Bytes Sent By Job
	519  -  Run Bytes Received By Job
	37001  -  Total Bytes Sent By Job
	519  -  Total Bytes Received By Job
	Partitionable Resources :    Usage  Request Allocated
	   Cpus                 :                 1         1
	   Disk (KB)            :       49  1024000   1028503
	   Memory (MB)          :      319     2000      2000
...
