000 (8615.000.000) 03/18 09:43:17 Job submitted from host: <128.101.221.181:9618?addrs=128.101.221.181-9618&noUDP&sock=2582719_fdba_3>
...
001 (8615.000.000) 03/18 09:43:25 Job executing on host: <128.101.221.188:9618?addrs=128.101.221.188-9618&noUDP&sock=3087505_3369_4>
...
006 (8615.000.000) 03/18 09:43:33 Image size of job updated: 19968
	20  -  MemoryUsage of job (MB)
	19876  -  ResidentSetSize of job (KB)
...
005 (8615.000.000) 03/18 09:47:19 Job terminated.
	(1) Normal termination (return value 0)
		Usr 0 00:02:04, Sys 0 00:00:58  -  Run Remote Usage
		Usr 0 00:00:00, Sys 0 00:00:00  -  Run Local Usage
		Usr 0 00:02:04, Sys 0 00:00:58  -  Total Remote Usage
		Usr 0 00:00:00, Sys 0 00:00:00  -  Total Local Usage
	49632  -  Run Bytes Sent By Job
	519  -  Run Bytes Received By Job
	49632  -  Total Bytes Sent By Job
	519  -  Total Bytes Received By Job
	Partitionable Resources :    Usage  Request Allocated
	   Cpus                 :                 1         1
	   Disk (KB)            :       61  1024000   1028779
	   Memory (MB)          :       20     2000      2000
...
