000 (8634.000.000) 03/18 09:43:26 Job submitted from host: <128.101.221.181:9618?addrs=128.101.221.181-9618&noUDP&sock=2582719_fdba_3>
...
001 (8634.000.000) 03/18 09:43:47 Job executing on host: <128.101.221.173:9618?addrs=128.101.221.173-9618&noUDP&sock=1368159_da98_4>
...
006 (8634.000.000) 03/18 09:43:56 Image size of job updated: 105376
	62  -  MemoryUsage of job (MB)
	62888  -  ResidentSetSize of job (KB)
...
005 (8634.000.000) 03/18 09:46:42 Job terminated.
	(1) Normal termination (return value 0)
		Usr 0 00:01:38, Sys 0 00:00:44  -  Run Remote Usage
		Usr 0 00:00:00, Sys 0 00:00:00  -  Run Local Usage
		Usr 0 00:01:38, Sys 0 00:00:44  -  Total Remote Usage
		Usr 0 00:00:00, Sys 0 00:00:00  -  Total Local Usage
	45152  -  Run Bytes Sent By Job
	519  -  Run Bytes Received By Job
	45152  -  Total Bytes Sent By Job
	519  -  Total Bytes Received By Job
	Partitionable Resources :    Usage  Request Allocated
	   Cpus                 :                 1         1
	   Disk (KB)            :       57  1024000   1924264
	   Memory (MB)          :       62     2000      2000
...
