000 (8629.000.000) 03/18 09:43:24 Job submitted from host: <128.101.221.181:9618?addrs=128.101.221.181-9618&noUDP&sock=2582719_fdba_3>
...
001 (8629.000.000) 03/18 09:43:45 Job executing on host: <128.101.221.172:9618?addrs=128.101.221.172-9618&noUDP&sock=1824113_5f8e_4>
...
006 (8629.000.000) 03/18 09:43:54 Image size of job updated: 303564
	226  -  MemoryUsage of job (MB)
	230988  -  ResidentSetSize of job (KB)
...
005 (8629.000.000) 03/18 09:47:05 Job terminated.
	(1) Normal termination (return value 0)
		Usr 0 00:01:59, Sys 0 00:00:57  -  Run Remote Usage
		Usr 0 00:00:00, Sys 0 00:00:00  -  Run Local Usage
		Usr 0 00:01:59, Sys 0 00:00:57  -  Total Remote Usage
		Usr 0 00:00:00, Sys 0 00:00:00  -  Total Local Usage
	37627  -  Run Bytes Sent By Job
	519  -  Run Bytes Received By Job
	37627  -  Total Bytes Sent By Job
	519  -  Total Bytes Received By Job
	Partitionable Resources :    Usage  Request Allocated
	   Cpus                 :                 1         1
	   Disk (KB)            :       49  1024000   1029292
	   Memory (MB)          :      226     2000      2000
...
