000 (8625.000.000) 03/18 09:43:22 Job submitted from host: <128.101.221.181:9618?addrs=128.101.221.181-9618&noUDP&sock=2582719_fdba_3>
...
001 (8625.000.000) 03/18 09:43:28 Job executing on host: <128.101.221.181:9618?addrs=128.101.221.181-9618&noUDP&sock=2582719_fdba_4>
...
006 (8625.000.000) 03/18 09:43:37 Image size of job updated: 7760
	4  -  MemoryUsage of job (MB)
	3404  -  ResidentSetSize of job (KB)
...
006 (8625.000.000) 03/18 09:48:38 Image size of job updated: 331236
	322  -  MemoryUsage of job (MB)
	329248  -  ResidentSetSize of job (KB)
...
005 (8625.000.000) 03/18 09:50:49 Job terminated.
	(1) Normal termination (return value 0)
		Usr 0 00:04:08, Sys 0 00:01:59  -  Run Remote Usage
		Usr 0 00:00:00, Sys 0 00:00:00  -  Run Local Usage
		Usr 0 00:04:08, Sys 0 00:01:59  -  Total Remote Usage
		Usr 0 00:00:00, Sys 0 00:00:00  -  Total Local Usage
	53132  -  Run Bytes Sent By Job
	519  -  Run Bytes Received By Job
	53132  -  Total Bytes Sent By Job
	519  -  Total Bytes Received By Job
	Partitionable Resources :    Usage  Request Allocated
	   Cpus                 :                 1         1
	   Disk (KB)            :       65  1024000   1026749
	   Memory (MB)          :      322     2000      2000
...
