000 (8632.000.000) 03/18 09:43:25 Job submitted from host: <128.101.221.181:9618?addrs=128.101.221.181-9618&noUDP&sock=2582719_fdba_3>
...
001 (8632.000.000) 03/18 09:43:47 Job executing on host: <128.101.221.179:9618?addrs=128.101.221.179-9618&noUDP&sock=2230935_6d61_4>
...
006 (8632.000.000) 03/18 09:43:56 Image size of job updated: 251108
	185  -  MemoryUsage of job (MB)
	189108  -  ResidentSetSize of job (KB)
...
006 (8632.000.000) 03/18 09:48:57 Image size of job updated: 327636
	318  -  MemoryUsage of job (MB)
	325308  -  ResidentSetSize of job (KB)
...
005 (8632.000.000) 03/18 09:49:48 Job terminated.
	(1) Normal termination (return value 0)
		Usr 0 00:03:35, Sys 0 00:01:39  -  Run Remote Usage
		Usr 0 00:00:00, Sys 0 00:00:00  -  Run Local Usage
		Usr 0 00:03:35, Sys 0 00:01:39  -  Total Remote Usage
		Usr 0 00:00:00, Sys 0 00:00:00  -  Total Local Usage
	46615  -  Run Bytes Sent By Job
	519  -  Run Bytes Received By Job
	46615  -  Total Bytes Sent By Job
	519  -  Total Bytes Received By Job
	Partitionable Resources :    Usage  Request Allocated
	   Cpus                 :                 1         1
	   Disk (KB)            :       58  1024000   1027507
	   Memory (MB)          :      318     2000      2000
...
