000 (8622.000.000) 03/18 09:43:20 Job submitted from host: <128.101.221.181:9618?addrs=128.101.221.181-9618&noUDP&sock=2582719_fdba_3>
...
001 (8622.000.000) 03/18 09:43:28 Job executing on host: <128.101.221.171:9618?addrs=128.101.221.171-9618&noUDP&sock=1778228_146e_4>
...
006 (8622.000.000) 03/18 09:43:37 Image size of job updated: 16472
	7  -  MemoryUsage of job (MB)
	6808  -  ResidentSetSize of job (KB)
...
006 (8622.000.000) 03/18 09:48:38 Image size of job updated: 333432
	323  -  MemoryUsage of job (MB)
	330120  -  ResidentSetSize of job (KB)
...
005 (8622.000.000) 03/18 09:49:06 Job terminated.
	(1) Normal termination (return value 0)
		Usr 0 00:03:08, Sys 0 00:01:28  -  Run Remote Usage
		Usr 0 00:00:00, Sys 0 00:00:00  -  Run Local Usage
		Usr 0 00:03:08, Sys 0 00:01:28  -  Total Remote Usage
		Usr 0 00:00:00, Sys 0 00:00:00  -  Total Local Usage
	46569  -  Run Bytes Sent By Job
	519  -  Run Bytes Received By Job
	46569  -  Total Bytes Sent By Job
	519  -  Total Bytes Received By Job
	Partitionable Resources :    Usage  Request Allocated
	   Cpus                 :                 1         1
	   Disk (KB)            :       58  1024000   1028503
	   Memory (MB)          :      323     2000      2000
...
