000 (8627.000.000) 03/18 09:43:23 Job submitted from host: <128.101.221.181:9618?addrs=128.101.221.181-9618&noUDP&sock=2582719_fdba_3>
...
001 (8627.000.000) 03/18 09:43:45 Job executing on host: <128.101.221.188:9618?addrs=128.101.221.188-9618&noUDP&sock=3087505_3369_4>
...
006 (8627.000.000) 03/18 09:43:54 Image size of job updated: 238060
	191  -  MemoryUsage of job (MB)
	194924  -  ResidentSetSize of job (KB)
...
006 (8627.000.000) 03/18 09:48:55 Image size of job updated: 330504
	323  -  MemoryUsage of job (MB)
	330172  -  ResidentSetSize of job (KB)
...
005 (8627.000.000) 03/18 09:49:22 Job terminated.
	(1) Normal termination (return value 0)
		Usr 0 00:03:17, Sys 0 00:01:32  -  Run Remote Usage
		Usr 0 00:00:00, Sys 0 00:00:00  -  Run Local Usage
		Usr 0 00:03:17, Sys 0 00:01:32  -  Total Remote Usage
		Usr 0 00:00:00, Sys 0 00:00:00  -  Total Local Usage
	42193  -  Run Bytes Sent By Job
	519  -  Run Bytes Received By Job
	42193  -  Total Bytes Sent By Job
	519  -  Total Bytes Received By Job
	Partitionable Resources :    Usage  Request Allocated
	   Cpus                 :                 1         1
	   Disk (KB)            :       54  1024000   1028779
	   Memory (MB)          :      323     2000      2000
...
