000 (8636.000.000) 03/18 09:43:28 Job submitted from host: <128.101.221.181:9618?addrs=128.101.221.181-9618&noUDP&sock=2582719_fdba_3>
...
001 (8636.000.000) 03/18 09:43:49 Job executing on host: <128.101.221.175:9618?addrs=128.101.221.175-9618&noUDP&sock=12916_e152_4>
...
006 (8636.000.000) 03/18 09:43:58 Image size of job updated: 300128
	236  -  MemoryUsage of job (MB)
	241180  -  ResidentSetSize of job (KB)
...
005 (8636.000.000) 03/18 09:48:38 Job terminated.
	(1) Normal termination (return value 0)
		Usr 0 00:02:51, Sys 0 00:01:15  -  Run Remote Usage
		Usr 0 00:00:00, Sys 0 00:00:00  -  Run Local Usage
		Usr 0 00:02:51, Sys 0 00:01:15  -  Total Remote Usage
		Usr 0 00:00:00, Sys 0 00:00:00  -  Total Local Usage
	45117  -  Run Bytes Sent By Job
	519  -  Run Bytes Received By Job
	45117  -  Total Bytes Sent By Job
	519  -  Total Bytes Received By Job
	Partitionable Resources :    Usage  Request Allocated
	   Cpus                 :                 1         1
	   Disk (KB)            :       57  1024000   1931778
	   Memory (MB)          :      236     2000      2000
...
