000 (8623.000.000) 03/18 09:43:21 Job submitted from host: <128.101.221.181:9618?addrs=128.101.221.181-9618&noUDP&sock=2582719_fdba_3>
...
001 (8623.000.000) 03/18 09:43:28 Job executing on host: <128.101.221.175:9618?addrs=128.101.221.175-9618&noUDP&sock=12916_e152_4>
...
006 (8623.000.000) 03/18 09:43:37 Image size of job updated: 14232
	14  -  MemoryUsage of job (MB)
	14152  -  ResidentSetSize of job (KB)
...
006 (8623.000.000) 03/18 09:48:37 Image size of job updated: 328028
	320  -  MemoryUsage of job (MB)
	326948  -  ResidentSetSize of job (KB)
...
006 (8623.000.000) 03/18 09:51:00 Image size of job updated: 722968
	320  -  MemoryUsage of job (MB)
	326948  -  ResidentSetSize of job (KB)
...
005 (8623.000.000) 03/18 09:51:01 Job terminated.
	(1) Normal termination (return value 0)
		Usr 0 00:04:19, Sys 0 00:01:59  -  Run Remote Usage
		Usr 0 00:00:00, Sys 0 00:00:00  -  Run Local Usage
		Usr 0 00:04:19, Sys 0 00:01:59  -  Total Remote Usage
		Usr 0 00:00:00, Sys 0 00:00:00  -  Total Local Usage
	52456  -  Run Bytes Sent By Job
	519  -  Run Bytes Received By Job
	52456  -  Total Bytes Sent By Job
	519  -  Total Bytes Received By Job
	Partitionable Resources :    Usage  Request Allocated
	   Cpus                 :                 1         1
	   Disk (KB)            :       64  1024000   1931784
	   Memory (MB)          :      320     2000      2000
...
