000 (8616.000.000) 03/18 09:43:18 Job submitted from host: <128.101.221.181:9618?addrs=128.101.221.181-9618&noUDP&sock=2582719_fdba_3>
...
001 (8616.000.000) 03/18 09:43:26 Job executing on host: <128.101.221.172:9618?addrs=128.101.221.172-9618&noUDP&sock=1824113_5f8e_4>
...
006 (8616.000.000) 03/18 09:43:35 Image size of job updated: 52552
	26  -  MemoryUsage of job (MB)
	25928  -  ResidentSetSize of job (KB)
...
006 (8616.000.000) 03/18 09:48:36 Image size of job updated: 332544
	322  -  MemoryUsage of job (MB)
	329548  -  ResidentSetSize of job (KB)
...
005 (8616.000.000) 03/18 09:49:05 Job terminated.
	(1) Normal termination (return value 0)
		Usr 0 00:03:14, Sys 0 00:01:33  -  Run Remote Usage
		Usr 0 00:00:00, Sys 0 00:00:00  -  Run Local Usage
		Usr 0 00:03:14, Sys 0 00:01:33  -  Total Remote Usage
		Usr 0 00:00:00, Sys 0 00:00:00  -  Total Local Usage
	50237  -  Run Bytes Sent By Job
	519  -  Run Bytes Received By Job
	50237  -  Total Bytes Sent By Job
	519  -  Total Bytes Received By Job
	Partitionable Resources :    Usage  Request Allocated
	   Cpus                 :                 1         1
	   Disk (KB)            :       62  1024000   1029293
	   Memory (MB)          :      322     2000      2000
...
