000 (8637.000.000) 03/18 09:43:28 Job submitted from host: <128.101.221.181:9618?addrs=128.101.221.181-9618&noUDP&sock=2582719_fdba_3>
...
001 (8637.000.000) 03/18 09:43:49 Job executing on host: <128.101.221.176:9618?addrs=128.101.221.176-9618&noUDP&sock=2756849_b007_4>
...
006 (8637.000.000) 03/18 09:43:58 Image size of job updated: 249304
	185  -  MemoryUsage of job (MB)
	188632  -  ResidentSetSize of job (KB)
...
006 (8637.000.000) 03/18 09:48:59 Image size of job updated: 327080
	319  -  MemoryUsage of job (MB)
	326572  -  ResidentSetSize of job (KB)
...
005 (8637.000.000) 03/18 09:49:52 Job terminated.
	(1) Normal termination (return value 0)
		Usr 0 00:03:36, Sys 0 00:01:38  -  Run Remote Usage
		Usr 0 00:00:00, Sys 0 00:00:00  -  Run Local Usage
		Usr 0 00:03:36, Sys 0 00:01:38  -  Total Remote Usage
		Usr 0 00:00:00, Sys 0 00:00:00  -  Total Local Usage
	38171  -  Run Bytes Sent By Job
	519  -  Run Bytes Received By Job
	38171  -  Total Bytes Sent By Job
	519  -  Total Bytes Received By Job
	Partitionable Resources :    Usage  Request Allocated
	   Cpus                 :                 1         1
	   Disk (KB)            :       50  1024000   1026271
	   Memory (MB)          :      319     2000      2000
...
