000 (8619.000.000) 03/18 09:43:19 Job submitted from host: <128.101.221.181:9618?addrs=128.101.221.181-9618&noUDP&sock=2582719_fdba_3>
...
001 (8619.000.000) 03/18 09:43:26 Job executing on host: <128.101.221.179:9618?addrs=128.101.221.179-9618&noUDP&sock=2230935_6d61_4>
...
006 (8619.000.000) 03/18 09:43:35 Image size of job updated: 1960
	2  -  MemoryUsage of job (MB)
	1852  -  ResidentSetSize of job (KB)
...
006 (8619.000.000) 03/18 09:48:36 Image size of job updated: 327436
	319  -  MemoryUsage of job (MB)
	326644  -  ResidentSetSize of job (KB)
...
005 (8619.000.000) 03/18 09:49:10 Job terminated.
	(1) Normal termination (return value 0)
		Usr 0 00:03:10, Sys 0 00:01:28  -  Run Remote Usage
		Usr 0 00:00:00, Sys 0 00:00:00  -  Run Local Usage
		Usr 0 00:03:10, Sys 0 00:01:28  -  Total Remote Usage
		Usr 0 00:00:00, Sys 0 00:00:00  -  Total Local Usage
	42937  -  Run Bytes Sent By Job
	519  -  Run Bytes Received By Job
	42937  -  Total Bytes Sent By Job
	519  -  Total Bytes Received By Job
	Partitionable Resources :    Usage  Request Allocated
	   Cpus                 :                 1         1
	   Disk (KB)            :       55  1024000   1027507
	   Memory (MB)          :      319     2000      2000
...
