000 (8626.000.000) 03/18 09:43:22 Job submitted from host: <128.101.221.181:9618?addrs=128.101.221.181-9618&noUDP&sock=2582719_fdba_3>
...
001 (8626.000.000) 03/18 09:43:29 Job executing on host: <128.101.221.188:9618?addrs=128.101.221.188-9618&noUDP&sock=3087505_3369_4>
...
006 (8626.000.000) 03/18 09:43:38 Image size of job updated: 31428
	23  -  MemoryUsage of job (MB)
	23076  -  ResidentSetSize of job (KB)
...
005 (8626.000.000) 03/18 09:45:51 Job terminated.
	(1) Normal termination (return value 0)
		Usr 0 00:01:11, Sys 0 00:00:30  -  Run Remote Usage
		Usr 0 00:00:00, Sys 0 00:00:00  -  Run Local Usage
		Usr 0 00:01:11, Sys 0 00:00:30  -  Total Remote Usage
		Usr 0 00:00:00, Sys 0 00:00:00  -  Total Local Usage
	44688  -  Run Bytes Sent By Job
	519  -  Run Bytes Received By Job
	44688  -  Total Bytes Sent By Job
	519  -  Total Bytes Received By Job
	Partitionable Resources :    Usage  Request Allocated
	   Cpus                 :                 1         1
	   Disk (KB)            :       56  1024000   1028779
	   Memory (MB)          :       23     2000      2000
...
