000 (8639.000.000) 03/18 09:43:29 Job submitted from host: <128.101.221.181:9618?addrs=128.101.221.181-9618&noUDP&sock=2582719_fdba_3>
...
001 (8639.000.000) 03/18 09:43:50 Job executing on host: <128.101.221.191:9618?addrs=128.101.221.191-9618&noUDP&sock=3143621_1bfa_4>
...
006 (8639.000.000) 03/18 09:43:58 Image size of job updated: 2556
	3  -  MemoryUsage of job (MB)
	2156  -  ResidentSetSize of job (KB)
...
006 (8639.000.000) 03/18 09:48:58 Image size of job updated: 360136
	323  -  MemoryUsage of job (MB)
	330132  -  ResidentSetSize of job (KB)
...
005 (8639.000.000) 03/18 09:49:10 Job terminated.
	(1) Normal termination (return value 0)
		Usr 0 00:03:02, Sys 0 00:01:19  -  Run Remote Usage
		Usr 0 00:00:00, Sys 0 00:00:00  -  Run Local Usage
		Usr 0 00:03:02, Sys 0 00:01:19  -  Total Remote Usage
		Usr 0 00:00:00, Sys 0 00:00:00  -  Total Local Usage
	50891  -  Run Bytes Sent By Job
	519  -  Run Bytes Received By Job
	50891  -  Total Bytes Sent By Job
	519  -  Total Bytes Received By Job
	Partitionable Resources :    Usage  Request Allocated
	   Cpus                 :                 1         1
	   Disk (KB)            :       62  1024000   1028928
	   Memory (MB)          :      323     2000      2000
...
