000 (6972.000.000) 03/03 10:50:22 Job submitted from host: <128.101.221.180:9618?addrs=128.101.221.180-9618&noUDP&sock=3943_2604_3>
...
001 (6972.000.000) 03/03 10:50:41 Job executing on host: <128.101.220.54:9618?addrs=128.101.220.54-9618&noUDP&sock=259437_c80b_4>
...
006 (6972.000.000) 03/03 10:50:49 Image size of job updated: 136580
	84  -  MemoryUsage of job (MB)
	85448  -  ResidentSetSize of job (KB)
...
005 (6972.000.000) 03/03 10:53:57 Job terminated.
	(1) Normal termination (return value 0)
		Usr 0 00:01:42, Sys 0 00:00:36  -  Run Remote Usage
		Usr 0 00:00:00, Sys 0 00:00:00  -  Run Local Usage
		Usr 0 00:01:42, Sys 0 00:00:36  -  Total Remote Usage
		Usr 0 00:00:00, Sys 0 00:00:00  -  Total Local Usage
	69409  -  Run Bytes Sent By Job
	521  -  Run Bytes Received By Job
	69409  -  Total Bytes Sent By Job
	521  -  Total Bytes Received By Job
	Partitionable Resources :    Usage  Request Allocated
	   Cpus                 :                 1         1
	   Disk (KB)            :       81  1024000   1029607
	   Memory (MB)          :       84     2000      2000
...
