000 (6957.000.000) 03/03 10:50:10 Job submitted from host: <128.101.221.180:9618?addrs=128.101.221.180-9618&noUDP&sock=3943_2604_3>
...
001 (6957.000.000) 03/03 10:50:15 Job executing on host: <128.101.221.171:9618?addrs=128.101.221.171-9618&noUDP&sock=1778228_146e_4>
...
006 (6957.000.000) 03/03 10:50:24 Image size of job updated: 178692
	115  -  MemoryUsage of job (MB)
	116848  -  ResidentSetSize of job (KB)
...
005 (6957.000.000) 03/03 10:54:19 Job terminated.
	(1) Normal termination (return value 0)
		Usr 0 00:02:14, Sys 0 00:00:49  -  Run Remote Usage
		Usr 0 00:00:00, Sys 0 00:00:00  -  Run Local Usage
		Usr 0 00:02:14, Sys 0 00:00:49  -  Total Remote Usage
		Usr 0 00:00:00, Sys 0 00:00:00  -  Total Local Usage
	38847  -  Run Bytes Sent By Job
	521  -  Run Bytes Received By Job
	38847  -  Total Bytes Sent By Job
	521  -  Total Bytes Received By Job
	Partitionable Resources :    Usage  Request Allocated
	   Cpus                 :                 1         1
	   Disk (KB)            :       51  1024000   1028053
	   Memory (MB)          :      115     2000      2000
...
