000 (6969.000.000) 03/03 10:50:21 Job submitted from host: <128.101.221.180:9618?addrs=128.101.221.180-9618&noUDP&sock=3943_2604_3>
...
001 (6969.000.000) 03/03 10:50:38 Job executing on host: <128.101.221.185:9618?addrs=128.101.221.185-9618&noUDP&sock=4153619_bab1_4>
...
006 (6969.000.000) 03/03 10:50:47 Image size of job updated: 175072
	111  -  MemoryUsage of job (MB)
	113232  -  ResidentSetSize of job (KB)
...
005 (6969.000.000) 03/03 10:54:04 Job terminated.
	(1) Normal termination (return value 0)
		Usr 0 00:01:54, Sys 0 00:00:43  -  Run Remote Usage
		Usr 0 00:00:00, Sys 0 00:00:00  -  Run Local Usage
		Usr 0 00:01:54, Sys 0 00:00:43  -  Total Remote Usage
		Usr 0 00:00:00, Sys 0 00:00:00  -  Total Local Usage
	50247  -  Run Bytes Sent By Job
	521  -  Run Bytes Received By Job
	50247  -  Total Bytes Sent By Job
	521  -  Total Bytes Received By Job
	Partitionable Resources :    Usage  Request Allocated
	   Cpus                 :                 1         1
	   Disk (KB)            :       62  1024000   1027179
	   Memory (MB)          :      111     2000      2000
...
