000 (6951.000.000) 03/03 10:49:44 Job submitted from host: <128.101.221.180:9618?addrs=128.101.221.180-9618&noUDP&sock=3943_2604_3>
...
001 (6951.000.000) 03/03 10:49:53 Job executing on host: <128.101.221.179:9618?addrs=128.101.221.179-9618&noUDP&sock=2230935_6d61_4>
...
006 (6951.000.000) 03/03 10:50:01 Image size of job updated: 5364
	3  -  MemoryUsage of job (MB)
	2800  -  ResidentSetSize of job (KB)
...
006 (6951.000.000) 03/03 10:53:27 Image size of job updated: 31804
	3  -  MemoryUsage of job (MB)
	2800  -  ResidentSetSize of job (KB)
...
005 (6951.000.000) 03/03 10:53:28 Job terminated.
	(1) Normal termination (return value 0)
		Usr 0 00:01:49, Sys 0 00:00:37  -  Run Remote Usage
		Usr 0 00:00:00, Sys 0 00:00:00  -  Run Local Usage
		Usr 0 00:01:49, Sys 0 00:00:37  -  Total Remote Usage
		Usr 0 00:00:00, Sys 0 00:00:00  -  Total Local Usage
	45126  -  Run Bytes Sent By Job
	521  -  Run Bytes Received By Job
	45126  -  Total Bytes Sent By Job
	521  -  Total Bytes Received By Job
	Partitionable Resources :    Usage  Request Allocated
	   Cpus                 :                 1         1
	   Disk (KB)            :       57  1024000   1028106
	   Memory (MB)          :        3     2000      2000
...
