000 (6966.000.000) 03/03 10:50:20 Job submitted from host: <128.101.221.180:9618?addrs=128.101.221.180-9618&noUDP&sock=3943_2604_3>
...
001 (6966.000.000) 03/03 10:50:38 Job executing on host: <128.101.221.183:9618?addrs=128.101.221.183-9618&noUDP&sock=4185509_9de4_4>
...
006 (6966.000.000) 03/03 10:50:47 Image size of job updated: 137888
	85  -  MemoryUsage of job (MB)
	86676  -  ResidentSetSize of job (KB)
...
006 (6966.000.000) 03/03 10:55:32 Image size of job updated: 323760
	85  -  MemoryUsage of job (MB)
	86676  -  ResidentSetSize of job (KB)
...
005 (6966.000.000) 03/03 10:55:33 Job terminated.
	(1) Normal termination (return value 0)
		Usr 0 00:02:21, Sys 0 00:00:54  -  Run Remote Usage
		Usr 0 00:00:00, Sys 0 00:00:00  -  Run Local Usage
		Usr 0 00:02:21, Sys 0 00:00:54  -  Total Remote Usage
		Usr 0 00:00:00, Sys 0 00:00:00  -  Total Local Usage
	51804  -  Run Bytes Sent By Job
	521  -  Run Bytes Received By Job
	51804  -  Total Bytes Sent By Job
	521  -  Total Bytes Received By Job
	Partitionable Resources :    Usage  Request Allocated
	   Cpus                 :                 1         1
	   Disk (KB)            :       63  1024000   1029046
	   Memory (MB)          :       85     2000      2000
...
