000 (6955.000.000) 03/03 10:50:04 Job submitted from host: <128.101.221.180:9618?addrs=128.101.221.180-9618&noUDP&sock=3943_2604_3>
...
001 (6955.000.000) 03/03 10:50:15 Job executing on host: <128.101.221.174:9618?addrs=128.101.221.174-9618&noUDP&sock=4031871_ba53_4>
...
006 (6955.000.000) 03/03 10:50:24 Image size of job updated: 188560
	124  -  MemoryUsage of job (MB)
	126712  -  ResidentSetSize of job (KB)
...
005 (6955.000.000) 03/03 10:55:08 Job terminated.
	(1) Normal termination (return value 0)
		Usr 0 00:01:48, Sys 0 00:00:41  -  Run Remote Usage
		Usr 0 00:00:00, Sys 0 00:00:00  -  Run Local Usage
		Usr 0 00:01:48, Sys 0 00:00:41  -  Total Remote Usage
		Usr 0 00:00:00, Sys 0 00:00:00  -  Total Local Usage
	36588  -  Run Bytes Sent By Job
	521  -  Run Bytes Received By Job
	36588  -  Total Bytes Sent By Job
	521  -  Total Bytes Received By Job
	Partitionable Resources :    Usage  Request Allocated
	   Cpus                 :                 1         1
	   Disk (KB)            :       48  1024000   1899922
	   Memory (MB)          :      124     2000      2000
...
