000 (6956.000.000) 03/03 10:50:08 Job submitted from host: <128.101.221.180:9618?addrs=128.101.221.180-9618&noUDP&sock=3943_2604_3>
...
001 (6956.000.000) 03/03 10:50:15 Job executing on host: <128.101.221.173:9618?addrs=128.101.221.173-9618&noUDP&sock=1368159_da98_4>
...
006 (6956.000.000) 03/03 10:50:24 Image size of job updated: 140056
	87  -  MemoryUsage of job (MB)
	88828  -  ResidentSetSize of job (KB)
...
005 (6956.000.000) 03/03 10:53:58 Job terminated.
	(1) Normal termination (return value 0)
		Usr 0 00:02:00, Sys 0 00:00:45  -  Run Remote Usage
		Usr 0 00:00:00, Sys 0 00:00:00  -  Run Local Usage
		Usr 0 00:02:00, Sys 0 00:00:45  -  Total Remote Usage
		Usr 0 00:00:00, Sys 0 00:00:00  -  Total Local Usage
	42201  -  Run Bytes Sent By Job
	521  -  Run Bytes Received By Job
	42201  -  Total Bytes Sent By Job
	521  -  Total Bytes Received By Job
	Partitionable Resources :    Usage  Request Allocated
	   Cpus                 :                 1         1
	   Disk (KB)            :       54  1024000   1926642
	   Memory (MB)          :       87     2000      2000
...
