000 (6962.000.000) 03/03 10:50:17 Job submitted from host: <128.101.221.180:9618?addrs=128.101.221.180-9618&noUDP&sock=3943_2604_3>
...
001 (6962.000.000) 03/03 10:50:36 Job executing on host: <128.101.221.176:9618?addrs=128.101.221.176-9618&noUDP&sock=2756849_b007_4>
...
006 (6962.000.000) 03/03 10:50:45 Image size of job updated: 118640
	67  -  MemoryUsage of job (MB)
	68516  -  ResidentSetSize of job (KB)
...
005 (6962.000.000) 03/03 10:54:57 Job terminated.
	(1) Normal termination (return value 0)
		Usr 0 00:02:28, Sys 0 00:00:54  -  Run Remote Usage
		Usr 0 00:00:00, Sys 0 00:00:00  -  Run Local Usage
		Usr 0 00:02:28, Sys 0 00:00:54  -  Total Remote Usage
		Usr 0 00:00:00, Sys 0 00:00:00  -  Total Local Usage
	55946  -  Run Bytes Sent By Job
	521  -  Run Bytes Received By Job
	55946  -  Total Bytes Sent By Job
	521  -  Total Bytes Received By Job
	Partitionable Resources :    Usage  Request Allocated
	   Cpus                 :                 1         1
	   Disk (KB)            :       67  1024000   1026309
	   Memory (MB)          :       67     2000      2000
...
