000 (6973.000.000) 03/03 10:50:23 Job submitted from host: <128.101.221.180:9618?addrs=128.101.221.180-9618&noUDP&sock=3943_2604_3>
...
001 (6973.000.000) 03/03 10:50:46 Job executing on host: <128.101.220.50:9618?addrs=128.101.220.50-9618&noUDP&sock=258564_f9de_4>
...
006 (6973.000.000) 03/03 10:50:55 Image size of job updated: 189376
	125  -  MemoryUsage of job (MB)
	127512  -  ResidentSetSize of job (KB)
...
005 (6973.000.000) 03/03 10:53:13 Job terminated.
	(1) Normal termination (return value 0)
		Usr 0 00:01:17, Sys 0 00:00:28  -  Run Remote Usage
		Usr 0 00:00:00, Sys 0 00:00:00  -  Run Local Usage
		Usr 0 00:01:17, Sys 0 00:00:28  -  Total Remote Usage
		Usr 0 00:00:00, Sys 0 00:00:00  -  Total Local Usage
	41230  -  Run Bytes Sent By Job
	521  -  Run Bytes Received By Job
	41230  -  Total Bytes Sent By Job
	521  -  Total Bytes Received By Job
	Partitionable Resources :    Usage  Request Allocated
	   Cpus                 :                 1         1
	   Disk (KB)            :       53  1024000   1029283
	   Memory (MB)          :      125     2000      2000
...
