000 (6963.000.000) 03/03 10:50:18 Job submitted from host: <128.101.221.180:9618?addrs=128.101.221.180-9618&noUDP&sock=3943_2604_3>
...
001 (6963.000.000) 03/03 10:50:36 Job executing on host: <128.101.221.181:9618?addrs=128.101.221.181-9618&noUDP&sock=2582719_fdba_4>
...
006 (6963.000.000) 03/03 10:50:45 Image size of job updated: 147816
	95  -  MemoryUsage of job (MB)
	96304  -  ResidentSetSize of job (KB)
...
005 (6963.000.000) 03/03 10:54:11 Job terminated.
	(1) Normal termination (return value 0)
		Usr 0 00:01:59, Sys 0 00:00:43  -  Run Remote Usage
		Usr 0 00:00:00, Sys 0 00:00:00  -  Run Local Usage
		Usr 0 00:01:59, Sys 0 00:00:43  -  Total Remote Usage
		Usr 0 00:00:00, Sys 0 00:00:00  -  Total Local Usage
	45917  -  Run Bytes Sent By Job
	521  -  Run Bytes Received By Job
	45917  -  Total Bytes Sent By Job
	521  -  Total Bytes Received By Job
	Partitionable Resources :    Usage  Request Allocated
	   Cpus                 :                 1         1
	   Disk (KB)            :       58  1024000   1026487
	   Memory (MB)          :       95     2000      2000
...
