000 (7251.000.000) 02/17 04:52:42 Job submitted from host: <128.101.221.181:9618?addrs=128.101.221.181-9618&noUDP&sock=2582719_fdba_3>
...
001 (7251.000.000) 02/17 04:56:07 Job executing on host: <128.101.221.170:9618?addrs=128.101.221.170-9618&noUDP&sock=4150_221f_4>
...
006 (7251.000.000) 02/17 04:56:15 Image size of job updated: 248384
	185  -  MemoryUsage of job (MB)
	188948  -  ResidentSetSize of job (KB)
...
006 (7251.000.000) 02/17 05:00:42 Image size of job updated: 724908
	185  -  MemoryUsage of job (MB)
	189036  -  ResidentSetSize of job (KB)
...
005 (7251.000.000) 02/17 05:00:43 Job terminated.
	(1) Normal termination (return value 0)
		Usr 0 00:02:12, Sys 0 00:01:23  -  Run Remote Usage
		Usr 0 00:00:00, Sys 0 00:00:00  -  Run Local Usage
		Usr 0 00:02:12, Sys 0 00:01:23  -  Total Remote Usage
		Usr 0 00:00:00, Sys 0 00:00:00  -  Total Local Usage
	56054  -  Run Bytes Sent By Job
	517  -  Run Bytes Received By Job
	56054  -  Total Bytes Sent By Job
	517  -  Total Bytes Received By Job
	Partitionable Resources :    Usage  Request Allocated
	   Cpus                 :                 1         1
	   Disk (KB)            :       74  1024000   2040476
	   Memory (MB)          :      185     2000      2000
...
