000 (7253.000.000) 02/17 04:52:44 Job submitted from host: <128.101.221.181:9618?addrs=128.101.221.181-9618&noUDP&sock=2582719_fdba_3>
...
001 (7253.000.000) 02/17 04:56:12 Job executing on host: <128.101.221.192:9618?addrs=128.101.221.192-9618&noUDP&sock=3175794_1c7b_4>
...
006 (7253.000.000) 02/17 04:56:20 Image size of job updated: 252460
	187  -  MemoryUsage of job (MB)
	190904  -  ResidentSetSize of job (KB)
...
006 (7253.000.000) 02/17 05:01:14 Image size of job updated: 325324
	187  -  MemoryUsage of job (MB)
	190904  -  ResidentSetSize of job (KB)
...
005 (7253.000.000) 02/17 05:01:15 Job terminated.
	(1) Normal termination (return value 0)
		Usr 0 00:02:30, Sys 0 00:01:21  -  Run Remote Usage
		Usr 0 00:00:00, Sys 0 00:00:00  -  Run Local Usage
		Usr 0 00:02:30, Sys 0 00:01:21  -  Total Remote Usage
		Usr 0 00:00:00, Sys 0 00:00:00  -  Total Local Usage
	62250  -  Run Bytes Sent By Job
	517  -  Run Bytes Received By Job
	62250  -  Total Bytes Sent By Job
	517  -  Total Bytes Received By Job
	Partitionable Resources :    Usage  Request Allocated
	   Cpus                 :                 1         1
	   Disk (KB)            :       74  1024000   1030989
	   Memory (MB)          :      187     2000      2000
...
