000 (7228.000.000) 02/17 04:52:21 Job submitted from host: <128.101.221.181:9618?addrs=128.101.221.181-9618&noUDP&sock=2582719_fdba_3>
...
001 (7228.000.000) 02/17 04:54:43 Job executing on host: <128.101.221.183:9618?addrs=128.101.221.183-9618&noUDP&sock=4185509_9de4_4>
...
006 (7228.000.000) 02/17 04:54:51 Image size of job updated: 35912
	23  -  MemoryUsage of job (MB)
	23080  -  ResidentSetSize of job (KB)
...
006 (7228.000.000) 02/17 04:59:51 Image size of job updated: 424128
	318  -  MemoryUsage of job (MB)
	325408  -  ResidentSetSize of job (KB)
...
006 (7228.000.000) 02/17 05:02:28 Image size of job updated: 720384
	318  -  MemoryUsage of job (MB)
	325408  -  ResidentSetSize of job (KB)
...
005 (7228.000.000) 02/17 05:02:29 Job terminated.
	(1) Normal termination (return value 0)
		Usr 0 00:03:58, Sys 0 00:01:22  -  Run Remote Usage
		Usr 0 00:00:00, Sys 0 00:00:00  -  Run Local Usage
		Usr 0 00:03:58, Sys 0 00:01:22  -  Total Remote Usage
		Usr 0 00:00:00, Sys 0 00:00:00  -  Total Local Usage
	90188  -  Run Bytes Sent By Job
	517  -  Run Bytes Received By Job
	90188  -  Total Bytes Sent By Job
	517  -  Total Bytes Received By Job
	Partitionable Resources :    Usage  Request Allocated
	   Cpus                 :                 1         1
	   Disk (KB)            :      101  1024000   1030805
	   Memory (MB)          :      318     2000      2000
...
