000 (7240.000.000) 02/17 04:52:34 Job submitted from host: <128.101.221.181:9618?addrs=128.101.221.181-9618&noUDP&sock=2582719_fdba_3>
...
001 (7240.000.000) 02/17 04:55:44 Job executing on host: <128.101.221.170:9618?addrs=128.101.221.170-9618&noUDP&sock=4150_221f_4>
...
006 (7240.000.000) 02/17 04:55:53 Image size of job updated: 228696
	175  -  MemoryUsage of job (MB)
	178800  -  ResidentSetSize of job (KB)
...
006 (7240.000.000) 02/17 05:00:22 Image size of job updated: 725104
	175  -  MemoryUsage of job (MB)
	178892  -  ResidentSetSize of job (KB)
...
005 (7240.000.000) 02/17 05:00:23 Job terminated.
	(1) Normal termination (return value 0)
		Usr 0 00:02:13, Sys 0 00:01:25  -  Run Remote Usage
		Usr 0 00:00:00, Sys 0 00:00:00  -  Run Local Usage
		Usr 0 00:02:13, Sys 0 00:01:25  -  Total Remote Usage
		Usr 0 00:00:00, Sys 0 00:00:00  -  Total Local Usage
	58896  -  Run Bytes Sent By Job
	517  -  Run Bytes Received By Job
	58896  -  Total Bytes Sent By Job
	517  -  Total Bytes Received By Job
	Partitionable Resources :    Usage  Request Allocated
	   Cpus                 :                 1         1
	   Disk (KB)            :       77  1024000   2040476
	   Memory (MB)          :      175     2000      2000
...
