000 (7244.000.000) 02/17 04:52:37 Job submitted from host: <128.101.221.181:9618?addrs=128.101.221.181-9618&noUDP&sock=2582719_fdba_3>
...
001 (7244.000.000) 02/17 04:55:55 Job executing on host: <128.101.220.84:9618?addrs=128.101.220.84-9618&noUDP&sock=231370_2768_4>
...
006 (7244.000.000) 02/17 04:56:04 Image size of job updated: 270720
	189  -  MemoryUsage of job (MB)
	193168  -  ResidentSetSize of job (KB)
...
006 (7244.000.000) 02/17 05:00:15 Image size of job updated: 326192
	189  -  MemoryUsage of job (MB)
	193168  -  ResidentSetSize of job (KB)
...
005 (7244.000.000) 02/17 05:00:16 Job terminated.
	(1) Normal termination (return value 0)
		Usr 0 00:02:21, Sys 0 00:00:57  -  Run Remote Usage
		Usr 0 00:00:00, Sys 0 00:00:00  -  Run Local Usage
		Usr 0 00:02:21, Sys 0 00:00:57  -  Total Remote Usage
		Usr 0 00:00:00, Sys 0 00:00:00  -  Total Local Usage
	57101  -  Run Bytes Sent By Job
	517  -  Run Bytes Received By Job
	57101  -  Total Bytes Sent By Job
	517  -  Total Bytes Received By Job
	Partitionable Resources :    Usage  Request Allocated
	   Cpus                 :                 1         1
	   Disk (KB)            :       69  1024000   1030815
	   Memory (MB)          :      189     2000      2000
...
