000 (7232.000.000) 02/17 04:52:26 Job submitted from host: <128.101.221.181:9618?addrs=128.101.221.181-9618&noUDP&sock=2582719_fdba_3>
...
001 (7232.000.000) 02/17 04:55:18 Job executing on host: <128.101.221.193:9618?addrs=128.101.221.193-9618&noUDP&sock=2332108_b0a7_4>
...
006 (7232.000.000) 02/17 04:55:27 Image size of job updated: 265500
	213  -  MemoryUsage of job (MB)
	218100  -  ResidentSetSize of job (KB)
...
006 (7232.000.000) 02/17 04:58:22 Image size of job updated: 717620
	213  -  MemoryUsage of job (MB)
	218100  -  ResidentSetSize of job (KB)
...
005 (7232.000.000) 02/17 04:58:23 Job terminated.
	(1) Normal termination (return value 0)
		Usr 0 00:01:12, Sys 0 00:01:09  -  Run Remote Usage
		Usr 0 00:00:00, Sys 0 00:00:00  -  Run Local Usage
		Usr 0 00:01:12, Sys 0 00:01:09  -  Total Remote Usage
		Usr 0 00:00:00, Sys 0 00:00:00  -  Total Local Usage
	61822  -  Run Bytes Sent By Job
	517  -  Run Bytes Received By Job
	61822  -  Total Bytes Sent By Job
	517  -  Total Bytes Received By Job
	Partitionable Resources :    Usage  Request Allocated
	   Cpus                 :                 1         1
	   Disk (KB)            :       73  1024000   1030474
	   Memory (MB)          :      213     2000      2000
...
