000 (7262.000.000) 02/17 04:52:50 Job submitted from host: <128.101.221.181:9618?addrs=128.101.221.181-9618&noUDP&sock=2582719_fdba_3>
...
001 (7262.000.000) 02/17 04:56:37 Job executing on host: <128.101.221.182:9618?addrs=128.101.221.182-9618&noUDP&sock=3902_06a2_4>
...
006 (7262.000.000) 02/17 04:56:46 Image size of job updated: 249276
	190  -  MemoryUsage of job (MB)
	194464  -  ResidentSetSize of job (KB)
...
006 (7262.000.000) 02/17 05:00:46 Image size of job updated: 383948
	190  -  MemoryUsage of job (MB)
	194464  -  ResidentSetSize of job (KB)
...
005 (7262.000.000) 02/17 05:00:47 Job terminated.
	(1) Normal termination (return value 0)
		Usr 0 00:02:06, Sys 0 00:00:55  -  Run Remote Usage
		Usr 0 00:00:00, Sys 0 00:00:00  -  Run Local Usage
		Usr 0 00:02:06, Sys 0 00:00:55  -  Total Remote Usage
		Usr 0 00:00:00, Sys 0 00:00:00  -  Total Local Usage
	60669  -  Run Bytes Sent By Job
	517  -  Run Bytes Received By Job
	60669  -  Total Bytes Sent By Job
	517  -  Total Bytes Received By Job
	Partitionable Resources :    Usage  Request Allocated
	   Cpus                 :                 1         1
	   Disk (KB)            :       72  1024000   1024873
	   Memory (MB)          :      190     2000      2000
...
