000 (7221.000.000) 02/17 04:52:10 Job submitted from host: <128.101.221.181:9618?addrs=128.101.221.181-9618&noUDP&sock=2582719_fdba_3>
...
001 (7221.000.000) 02/17 04:53:58 Job executing on host: <128.101.221.182:9618?addrs=128.101.221.182-9618&noUDP&sock=3902_06a2_4>
...
006 (7221.000.000) 02/17 04:54:07 Image size of job updated: 242172
	167  -  MemoryUsage of job (MB)
	170484  -  ResidentSetSize of job (KB)
...
005 (7221.000.000) 02/17 04:58:14 Job terminated.
	(1) Normal termination (return value 0)
		Usr 0 00:02:10, Sys 0 00:01:08  -  Run Remote Usage
		Usr 0 00:00:00, Sys 0 00:00:00  -  Run Local Usage
		Usr 0 00:02:10, Sys 0 00:01:08  -  Total Remote Usage
		Usr 0 00:00:00, Sys 0 00:00:00  -  Total Local Usage
	62022  -  Run Bytes Sent By Job
	517  -  Run Bytes Received By Job
	62022  -  Total Bytes Sent By Job
	517  -  Total Bytes Received By Job
	Partitionable Resources :    Usage  Request Allocated
	   Cpus                 :                 1         1
	   Disk (KB)            :       73  1024000   1024873
	   Memory (MB)          :      167     2000      2000
...
