000 (7204.000.000) 02/17 04:51:58 Job submitted from host: <128.101.221.181:9618?addrs=128.101.221.181-9618&noUDP&sock=2582719_fdba_3>
...
001 (7204.000.000) 02/17 04:52:14 Job executing on host: <128.101.221.193:9618?addrs=128.101.221.193-9618&noUDP&sock=2332108_b0a7_4>
...
006 (7204.000.000) 02/17 04:52:23 Image size of job updated: 56048
	53  -  MemoryUsage of job (MB)
	53620  -  ResidentSetSize of job (KB)
...
006 (7204.000.000) 02/17 04:57:21 Image size of job updated: 720152
	53  -  MemoryUsage of job (MB)
	53620  -  ResidentSetSize of job (KB)
...
005 (7204.000.000) 02/17 04:57:22 Job terminated.
	(1) Normal termination (return value 0)
		Usr 0 00:01:51, Sys 0 00:01:55  -  Run Remote Usage
		Usr 0 00:00:00, Sys 0 00:00:00  -  Run Local Usage
		Usr 0 00:01:51, Sys 0 00:01:55  -  Total Remote Usage
		Usr 0 00:00:00, Sys 0 00:00:00  -  Total Local Usage
	75439  -  Run Bytes Sent By Job
	517  -  Run Bytes Received By Job
	75439  -  Total Bytes Sent By Job
	517  -  Total Bytes Received By Job
	Partitionable Resources :    Usage  Request Allocated
	   Cpus                 :                 1         1
	   Disk (KB)            :       86  1024000   1030471
	   Memory (MB)          :       53     2000      2000
...
