000 (7222.000.000) 02/17 04:52:11 Job submitted from host: <128.101.221.181:9618?addrs=128.101.221.181-9618&noUDP&sock=2582719_fdba_3>
...
001 (7222.000.000) 02/17 04:54:01 Job executing on host: <128.101.220.160:9618?addrs=128.101.220.160-9618&noUDP&sock=254758_6069_4>
...
006 (7222.000.000) 02/17 04:54:09 Image size of job updated: 15608
	7  -  MemoryUsage of job (MB)
	6656  -  ResidentSetSize of job (KB)
...
006 (7222.000.000) 02/17 04:59:09 Image size of job updated: 423676
	318  -  MemoryUsage of job (MB)
	324920  -  ResidentSetSize of job (KB)
...
005 (7222.000.000) 02/17 04:59:16 Job terminated.
	(1) Normal termination (return value 0)
		Usr 0 00:02:33, Sys 0 00:00:53  -  Run Remote Usage
		Usr 0 00:00:00, Sys 0 00:00:00  -  Run Local Usage
		Usr 0 00:02:33, Sys 0 00:00:53  -  Total Remote Usage
		Usr 0 00:00:00, Sys 0 00:00:00  -  Total Local Usage
	69694  -  Run Bytes Sent By Job
	517  -  Run Bytes Received By Job
	69694  -  Total Bytes Sent By Job
	517  -  Total Bytes Received By Job
	Partitionable Resources :    Usage  Request Allocated
	   Cpus                 :                 1         1
	   Disk (KB)            :       81  1024000   1030324
	   Memory (MB)          :      318     2000      2000
...
