000 (7106.000.000) 02/17 04:13:45 Job submitted from host: <128.101.221.181:9618?addrs=128.101.221.181-9618&noUDP&sock=2582719_fdba_3>
...
001 (7106.000.000) 02/17 04:14:01 Job executing on host: <128.101.221.182:9618?addrs=128.101.221.182-9618&noUDP&sock=3902_06a2_4>
...
006 (7106.000.000) 02/17 04:14:10 Image size of job updated: 261724
	201  -  MemoryUsage of job (MB)
	205744  -  ResidentSetSize of job (KB)
...
005 (7106.000.000) 02/17 04:18:37 Job terminated.
	(1) Normal termination (return value 0)
		Usr 0 00:02:17, Sys 0 00:01:18  -  Run Remote Usage
		Usr 0 00:00:00, Sys 0 00:00:00  -  Run Local Usage
		Usr 0 00:02:17, Sys 0 00:01:18  -  Total Remote Usage
		Usr 0 00:00:00, Sys 0 00:00:00  -  Total Local Usage
	35615  -  Run Bytes Sent By Job
	501  -  Run Bytes Received By Job
	35615  -  Total Bytes Sent By Job
	501  -  Total Bytes Received By Job
	Partitionable Resources :    Usage  Request Allocated
	   Cpus                 :                 1         1
	   Disk (KB)            :       47  1024000   1024897
	   Memory (MB)          :      201     2000      2000
...
