000 (7105.000.000) 02/17 04:13:44 Job submitted from host: <128.101.221.181:9618?addrs=128.101.221.181-9618&noUDP&sock=2582719_fdba_3>
...
001 (7105.000.000) 02/17 04:14:01 Job executing on host: <128.101.221.193:9618?addrs=128.101.221.193-9618&noUDP&sock=2332108_b0a7_4>
...
006 (7105.000.000) 02/17 04:14:10 Image size of job updated: 307312
	287  -  MemoryUsage of job (MB)
	293136  -  ResidentSetSize of job (KB)
...
006 (7105.000.000) 02/17 04:16:47 Image size of job updated: 718872
	287  -  MemoryUsage of job (MB)
	293136  -  ResidentSetSize of job (KB)
...
005 (7105.000.000) 02/17 04:16:48 Job terminated.
	(1) Normal termination (return value 0)
		Usr 0 00:01:03, Sys 0 00:01:02  -  Run Remote Usage
		Usr 0 00:00:00, Sys 0 00:00:00  -  Run Local Usage
		Usr 0 00:01:03, Sys 0 00:01:02  -  Total Remote Usage
		Usr 0 00:00:00, Sys 0 00:00:00  -  Total Local Usage
	43069  -  Run Bytes Sent By Job
	501  -  Run Bytes Received By Job
	43069  -  Total Bytes Sent By Job
	501  -  Total Bytes Received By Job
	Partitionable Resources :    Usage  Request Allocated
	   Cpus                 :                 1         1
	   Disk (KB)            :       55  1024000   1030489
	   Memory (MB)          :      287     2000      2000
...
