000 (7095.000.000) 02/17 04:13:38 Job submitted from host: <128.101.221.181:9618?addrs=128.101.221.181-9618&noUDP&sock=2582719_fdba_3>
...
001 (7095.000.000) 02/17 04:13:54 Job executing on host: <128.101.221.170:9618?addrs=128.101.221.170-9618&noUDP&sock=4150_221f_4>
...
006 (7095.000.000) 02/17 04:14:03 Image size of job updated: 36892
	34  -  MemoryUsage of job (MB)
	33960  -  ResidentSetSize of job (KB)
...
006 (7095.000.000) 02/17 04:18:59 Image size of job updated: 36892
	34  -  MemoryUsage of job (MB)
	34312  -  ResidentSetSize of job (KB)
...
005 (7095.000.000) 02/17 04:19:00 Job terminated.
	(1) Normal termination (return value 0)
		Usr 0 00:02:16, Sys 0 00:01:43  -  Run Remote Usage
		Usr 0 00:00:00, Sys 0 00:00:00  -  Run Local Usage
		Usr 0 00:02:16, Sys 0 00:01:43  -  Total Remote Usage
		Usr 0 00:00:00, Sys 0 00:00:00  -  Total Local Usage
	70997  -  Run Bytes Sent By Job
	501  -  Run Bytes Received By Job
	70997  -  Total Bytes Sent By Job
	501  -  Total Bytes Received By Job
	Partitionable Resources :    Usage  Request Allocated
	   Cpus                 :                 1         1
	   Disk (KB)            :       89  1024000   2040476
	   Memory (MB)          :       34     2000      2000
...
