000 (7087.000.000) 02/17 04:13:32 Job submitted from host: <128.101.221.181:9618?addrs=128.101.221.181-9618&noUDP&sock=2582719_fdba_3>
...
001 (7087.000.000) 02/17 04:13:50 Job executing on host: <128.101.221.193:9618?addrs=128.101.221.193-9618&noUDP&sock=2332108_b0a7_4>
...
006 (7087.000.000) 02/17 04:13:59 Image size of job updated: 137308
	126  -  MemoryUsage of job (MB)
	128068  -  ResidentSetSize of job (KB)
...
005 (7087.000.000) 02/17 04:17:44 Job terminated.
	(1) Normal termination (return value 0)
		Usr 0 00:01:25, Sys 0 00:01:26  -  Run Remote Usage
		Usr 0 00:00:00, Sys 0 00:00:00  -  Run Local Usage
		Usr 0 00:01:25, Sys 0 00:01:26  -  Total Remote Usage
		Usr 0 00:00:00, Sys 0 00:00:00  -  Total Local Usage
	67036  -  Run Bytes Sent By Job
	501  -  Run Bytes Received By Job
	67036  -  Total Bytes Sent By Job
	501  -  Total Bytes Received By Job
	Partitionable Resources :    Usage  Request Allocated
	   Cpus                 :                 1         1
	   Disk (KB)            :       78  1024000   1030490
	   Memory (MB)          :      126     2000      2000
...
