000 (7094.000.000) 02/17 04:13:37 Job submitted from host: <128.101.221.181:9618?addrs=128.101.221.181-9618&noUDP&sock=2582719_fdba_3>
...
001 (7094.000.000) 02/17 04:13:54 Job executing on host: <128.101.221.192:9618?addrs=128.101.221.192-9618&noUDP&sock=3175794_1c7b_4>
...
006 (7094.000.000) 02/17 04:14:03 Image size of job updated: 100320
	96  -  MemoryUsage of job (MB)
	97728  -  ResidentSetSize of job (KB)
...
006 (7094.000.000) 02/17 04:18:22 Image size of job updated: 717596
	96  -  MemoryUsage of job (MB)
	97728  -  ResidentSetSize of job (KB)
...
005 (7094.000.000) 02/17 04:18:24 Job terminated.
	(1) Normal termination (return value 0)
		Usr 0 00:02:11, Sys 0 00:01:18  -  Run Remote Usage
		Usr 0 00:00:00, Sys 0 00:00:00  -  Run Local Usage
		Usr 0 00:02:11, Sys 0 00:01:18  -  Total Remote Usage
		Usr 0 00:00:00, Sys 0 00:00:00  -  Total Local Usage
	45784  -  Run Bytes Sent By Job
	501  -  Run Bytes Received By Job
	45784  -  Total Bytes Sent By Job
	501  -  Total Bytes Received By Job
	Partitionable Resources :    Usage  Request Allocated
	   Cpus                 :                 1         1
	   Disk (KB)            :       57  1024000   1030768
	   Memory (MB)          :       96     2000      2000
...
