000 (7102.000.000) 02/17 04:13:42 Job submitted from host: <128.101.221.181:9618?addrs=128.101.221.181-9618&noUDP&sock=2582719_fdba_3>
...
001 (7102.000.000) 02/17 04:13:56 Job executing on host: <128.101.221.182:9618?addrs=128.101.221.182-9618&noUDP&sock=3902_06a2_4>
...
006 (7102.000.000) 02/17 04:14:09 Image size of job updated: 186568
	178  -  MemoryUsage of job (MB)
	181904  -  ResidentSetSize of job (KB)
...
005 (7102.000.000) 02/17 04:17:53 Job terminated.
	(1) Normal termination (return value 0)
		Usr 0 00:01:58, Sys 0 00:01:05  -  Run Remote Usage
		Usr 0 00:00:00, Sys 0 00:00:00  -  Run Local Usage
		Usr 0 00:01:58, Sys 0 00:01:05  -  Total Remote Usage
		Usr 0 00:00:00, Sys 0 00:00:00  -  Total Local Usage
	48712  -  Run Bytes Sent By Job
	501  -  Run Bytes Received By Job
	48712  -  Total Bytes Sent By Job
	501  -  Total Bytes Received By Job
	Partitionable Resources :    Usage  Request Allocated
	   Cpus                 :                 1         1
	   Disk (KB)            :       60  1024000   1024897
	   Memory (MB)          :      178     2000      2000
...
