000 (7090.000.000) 02/17 04:13:34 Job submitted from host: <128.101.221.181:9618?addrs=128.101.221.181-9618&noUDP&sock=2582719_fdba_3>
...
001 (7090.000.000) 02/17 04:13:52 Job executing on host: <128.101.221.192:9618?addrs=128.101.221.192-9618&noUDP&sock=3175794_1c7b_4>
...
006 (7090.000.000) 02/17 04:14:01 Image size of job updated: 97076
	89  -  MemoryUsage of job (MB)
	90876  -  ResidentSetSize of job (KB)
...
006 (7090.000.000) 02/17 04:17:23 Image size of job updated: 718172
	89  -  MemoryUsage of job (MB)
	90876  -  ResidentSetSize of job (KB)
...
005 (7090.000.000) 02/17 04:17:24 Job terminated.
	(1) Normal termination (return value 0)
		Usr 0 00:01:40, Sys 0 00:01:00  -  Run Remote Usage
		Usr 0 00:00:00, Sys 0 00:00:00  -  Run Local Usage
		Usr 0 00:01:40, Sys 0 00:01:00  -  Total Remote Usage
		Usr 0 00:00:00, Sys 0 00:00:00  -  Total Local Usage
	40237  -  Run Bytes Sent By Job
	501  -  Run Bytes Received By Job
	40237  -  Total Bytes Sent By Job
	501  -  Total Bytes Received By Job
	Partitionable Resources :    Usage  Request Allocated
	   Cpus                 :                 1         1
	   Disk (KB)            :       52  1024000   1030768
	   Memory (MB)          :       89     2000      2000
...
