000 (7084.000.000) 02/17 04:13:30 Job submitted from host: <128.101.221.181:9618?addrs=128.101.221.181-9618&noUDP&sock=2582719_fdba_3>
...
001 (7084.000.000) 02/17 04:13:51 Job executing on host: <128.101.221.170:9618?addrs=128.101.221.170-9618&noUDP&sock=4150_221f_4>
...
006 (7084.000.000) 02/17 04:13:59 Image size of job updated: 1664
	2  -  MemoryUsage of job (MB)
	1664  -  ResidentSetSize of job (KB)
...
006 (7084.000.000) 02/17 04:18:22 Image size of job updated: 323196
	2  -  MemoryUsage of job (MB)
	2036  -  ResidentSetSize of job (KB)
...
005 (7084.000.000) 02/17 04:18:23 Job terminated.
	(1) Normal termination (return value 0)
		Usr 0 00:02:00, Sys 0 00:01:30  -  Run Remote Usage
		Usr 0 00:00:00, Sys 0 00:00:00  -  Run Local Usage
		Usr 0 00:02:00, Sys 0 00:01:30  -  Total Remote Usage
		Usr 0 00:00:00, Sys 0 00:00:00  -  Total Local Usage
	37093  -  Run Bytes Sent By Job
	501  -  Run Bytes Received By Job
	37093  -  Total Bytes Sent By Job
	501  -  Total Bytes Received By Job
	Partitionable Resources :    Usage  Request Allocated
	   Cpus                 :                 1         1
	   Disk (KB)            :       56  1024000   2040476
	   Memory (MB)          :        2     2000      2000
...
