000 (7101.000.000) 02/17 04:13:41 Job submitted from host: <128.101.221.181:9618?addrs=128.101.221.181-9618&noUDP&sock=2582719_fdba_3>
...
001 (7101.000.000) 02/17 04:13:56 Job executing on host: <128.101.221.170:9618?addrs=128.101.221.170-9618&noUDP&sock=4150_221f_4>
...
006 (7101.000.000) 02/17 04:14:09 Image size of job updated: 97496
	88  -  MemoryUsage of job (MB)
	89868  -  ResidentSetSize of job (KB)
...
006 (7101.000.000) 02/17 04:19:10 Image size of job updated: 321664
	314  -  MemoryUsage of job (MB)
	321232  -  ResidentSetSize of job (KB)
...
005 (7101.000.000) 02/17 04:19:16 Job terminated.
	(1) Normal termination (return value 0)
		Usr 0 00:02:25, Sys 0 00:01:49  -  Run Remote Usage
		Usr 0 00:00:00, Sys 0 00:00:00  -  Run Local Usage
		Usr 0 00:02:25, Sys 0 00:01:49  -  Total Remote Usage
		Usr 0 00:00:00, Sys 0 00:00:00  -  Total Local Usage
	37765  -  Run Bytes Sent By Job
	501  -  Run Bytes Received By Job
	37765  -  Total Bytes Sent By Job
	501  -  Total Bytes Received By Job
	Partitionable Resources :    Usage  Request Allocated
	   Cpus                 :                 1         1
	   Disk (KB)            :       56  1024000   2040476
	   Memory (MB)          :      314     2000      2000
...
