000 (9351.000.000) 08/14 21:30:35 Job submitted from host: <128.101.221.176:9618?addrs=128.101.221.176-9618&noUDP&sock=11541_65e5_3>
...
001 (9351.000.000) 08/14 21:31:00 Job executing on host: <128.101.220.87:9618?addrs=128.101.220.87-9618&noUDP&sock=12038_f3c2_4>
...
006 (9351.000.000) 08/14 21:31:09 Image size of job updated: 16124
	6  -  MemoryUsage of job (MB)
	5608  -  ResidentSetSize of job (KB)
...
006 (9351.000.000) 08/14 21:36:09 Image size of job updated: 466300
	454  -  MemoryUsage of job (MB)
	464380  -  ResidentSetSize of job (KB)
...
006 (9351.000.000) 08/14 21:39:03 Image size of job updated: 511804
	454  -  MemoryUsage of job (MB)
	464380  -  ResidentSetSize of job (KB)
...
005 (9351.000.000) 08/14 21:39:04 Job terminated.
	(1) Normal termination (return value 0)
		Usr 0 00:02:35, Sys 0 00:02:22  -  Run Remote Usage
		Usr 0 00:00:00, Sys 0 00:00:00  -  Run Local Usage
		Usr 0 00:02:35, Sys 0 00:02:22  -  Total Remote Usage
		Usr 0 00:00:00, Sys 0 00:00:00  -  Total Local Usage
	24347  -  Run Bytes Sent By Job
	663  -  Run Bytes Received By Job
	24347  -  Total Bytes Sent By Job
	663  -  Total Bytes Received By Job
	Partitionable Resources :    Usage  Request Allocated
	   Cpus                 :                 1         1
	   Disk (KB)            :       36  1024000   4040571
	   Memory (MB)          :      454     2000      2000
...
