000 (9349.000.000) 08/14 21:30:35 Job submitted from host: <128.101.221.176:9618?addrs=128.101.221.176-9618&noUDP&sock=11541_65e5_3>
...
001 (9349.000.000) 08/14 21:31:00 Job executing on host: <128.101.220.50:9618?addrs=128.101.220.50-9618&noUDP&sock=12007_028b_4>
...
006 (9349.000.000) 08/14 21:31:09 Image size of job updated: 15596
	6  -  MemoryUsage of job (MB)
	5384  -  ResidentSetSize of job (KB)
...
006 (9349.000.000) 08/14 21:36:09 Image size of job updated: 466100
	453  -  MemoryUsage of job (MB)
	463680  -  ResidentSetSize of job (KB)
...
005 (9349.000.000) 08/14 21:38:02 Job terminated.
	(1) Normal termination (return value 0)
		Usr 0 00:02:06, Sys 0 00:02:03  -  Run Remote Usage
		Usr 0 00:00:00, Sys 0 00:00:00  -  Run Local Usage
		Usr 0 00:02:06, Sys 0 00:02:03  -  Total Remote Usage
		Usr 0 00:00:00, Sys 0 00:00:00  -  Total Local Usage
	23711  -  Run Bytes Sent By Job
	663  -  Run Bytes Received By Job
	23711  -  Total Bytes Sent By Job
	663  -  Total Bytes Received By Job
	Partitionable Resources :    Usage  Request Allocated
	   Cpus                 :                 1         1
	   Disk (KB)            :       35  1024000   3993868
	   Memory (MB)          :      453     2000      2000
...
