000 (9348.000.000) 08/14 21:30:34 Job submitted from host: <128.101.221.176:9618?addrs=128.101.221.176-9618&noUDP&sock=11541_65e5_3>
...
001 (9348.000.000) 08/14 21:31:00 Job executing on host: <128.101.220.54:9618?addrs=128.101.220.54-9618&noUDP&sock=11888_b32e_4>
...
006 (9348.000.000) 08/14 21:31:09 Image size of job updated: 15604
	6  -  MemoryUsage of job (MB)
	5392  -  ResidentSetSize of job (KB)
...
006 (9348.000.000) 08/14 21:36:09 Image size of job updated: 467232
	454  -  MemoryUsage of job (MB)
	464832  -  ResidentSetSize of job (KB)
...
006 (9348.000.000) 08/14 21:38:27 Image size of job updated: 892824
	454  -  MemoryUsage of job (MB)
	464832  -  ResidentSetSize of job (KB)
...
005 (9348.000.000) 08/14 21:38:28 Job terminated.
	(1) Normal termination (return value 0)
		Usr 0 00:02:18, Sys 0 00:02:09  -  Run Remote Usage
		Usr 0 00:00:00, Sys 0 00:00:00  -  Run Local Usage
		Usr 0 00:02:18, Sys 0 00:02:09  -  Total Remote Usage
		Usr 0 00:00:00, Sys 0 00:00:00  -  Total Local Usage
	23881  -  Run Bytes Sent By Job
	663  -  Run Bytes Received By Job
	23881  -  Total Bytes Sent By Job
	663  -  Total Bytes Received By Job
	Partitionable Resources :    Usage  Request Allocated
	   Cpus                 :                 1         1
	   Disk (KB)            :       35  1024000   4038947
	   Memory (MB)          :      454     2000      2000
...
