000 (9345.000.000) 08/14 21:30:33 Job submitted from host: <128.101.221.176:9618?addrs=128.101.221.176-9618&noUDP&sock=11541_65e5_3>
...
001 (9345.000.000) 08/14 21:30:58 Job executing on host: <128.101.221.179:9618?addrs=128.101.221.179-9618&noUDP&sock=11270_2cd7_4>
...
006 (9345.000.000) 08/14 21:31:07 Image size of job updated: 15824
	6  -  MemoryUsage of job (MB)
	6128  -  ResidentSetSize of job (KB)
...
006 (9345.000.000) 08/14 21:36:08 Image size of job updated: 469696
	453  -  MemoryUsage of job (MB)
	463724  -  ResidentSetSize of job (KB)
...
006 (9345.000.000) 08/14 21:39:22 Image size of job updated: 514508
	453  -  MemoryUsage of job (MB)
	463724  -  ResidentSetSize of job (KB)
...
005 (9345.000.000) 08/14 21:39:23 Job terminated.
	(1) Normal termination (return value 0)
		Usr 0 00:02:44, Sys 0 00:02:33  -  Run Remote Usage
		Usr 0 00:00:00, Sys 0 00:00:00  -  Run Local Usage
		Usr 0 00:02:44, Sys 0 00:02:33  -  Total Remote Usage
		Usr 0 00:00:00, Sys 0 00:00:00  -  Total Local Usage
	24348  -  Run Bytes Sent By Job
	663  -  Run Bytes Received By Job
	24348  -  Total Bytes Sent By Job
	663  -  Total Bytes Received By Job
	Partitionable Resources :    Usage  Request Allocated
	   Cpus                 :                 1         1
	   Disk (KB)            :       35  1024000   1878676
	   Memory (MB)          :      453     2000      2000
...
