000 (9350.000.000) 08/14 21:30:35 Job submitted from host: <128.101.221.176:9618?addrs=128.101.221.176-9618&noUDP&sock=11541_65e5_3>
...
001 (9350.000.000) 08/14 21:31:00 Job executing on host: <128.101.220.43:9618?addrs=128.101.220.43-9618&noUDP&sock=11896_2ff0_4>
...
006 (9350.000.000) 08/14 21:31:09 Image size of job updated: 26720
	16  -  MemoryUsage of job (MB)
	15404  -  ResidentSetSize of job (KB)
...
006 (9350.000.000) 08/14 21:36:09 Image size of job updated: 467672
	456  -  MemoryUsage of job (MB)
	465992  -  ResidentSetSize of job (KB)
...
006 (9350.000.000) 08/14 21:38:37 Image size of job updated: 892524
	456  -  MemoryUsage of job (MB)
	465992  -  ResidentSetSize of job (KB)
...
005 (9350.000.000) 08/14 21:38:38 Job terminated.
	(1) Normal termination (return value 0)
		Usr 0 00:02:23, Sys 0 00:02:14  -  Run Remote Usage
		Usr 0 00:00:00, Sys 0 00:00:00  -  Run Local Usage
		Usr 0 00:02:23, Sys 0 00:02:14  -  Total Remote Usage
		Usr 0 00:00:00, Sys 0 00:00:00  -  Total Local Usage
	24113  -  Run Bytes Sent By Job
	663  -  Run Bytes Received By Job
	24113  -  Total Bytes Sent By Job
	663  -  Total Bytes Received By Job
	Partitionable Resources :    Usage  Request Allocated
	   Cpus                 :                 1         1
	   Disk (KB)            :       35  1024000   4010921
	   Memory (MB)          :      456     2000      2000
...
