000 (9346.000.000) 08/14 21:30:34 Job submitted from host: <128.101.221.176:9618?addrs=128.101.221.176-9618&noUDP&sock=11541_65e5_3>
...
001 (9346.000.000) 08/14 21:30:58 Job executing on host: <128.101.221.189:9618?addrs=128.101.221.189-9618&noUDP&sock=12427_2d97_4>
...
006 (9346.000.000) 08/14 21:31:07 Image size of job updated: 16512
	6  -  MemoryUsage of job (MB)
	5696  -  ResidentSetSize of job (KB)
...
006 (9346.000.000) 08/14 21:36:08 Image size of job updated: 466064
	453  -  MemoryUsage of job (MB)
	463340  -  ResidentSetSize of job (KB)
...
006 (9346.000.000) 08/14 21:39:22 Image size of job updated: 510388
	453  -  MemoryUsage of job (MB)
	463340  -  ResidentSetSize of job (KB)
...
005 (9346.000.000) 08/14 21:39:23 Job terminated.
	(1) Normal termination (return value 0)
		Usr 0 00:02:40, Sys 0 00:02:32  -  Run Remote Usage
		Usr 0 00:00:00, Sys 0 00:00:00  -  Run Local Usage
		Usr 0 00:02:40, Sys 0 00:02:32  -  Total Remote Usage
		Usr 0 00:00:00, Sys 0 00:00:00  -  Total Local Usage
	24347  -  Run Bytes Sent By Job
	663  -  Run Bytes Received By Job
	24347  -  Total Bytes Sent By Job
	663  -  Total Bytes Received By Job
	Partitionable Resources :    Usage  Request Allocated
	   Cpus                 :                 1         1
	   Disk (KB)            :       36  1024000   8585413
	   Memory (MB)          :      453     2000      2000
...
