000 (7279.000.000) 02/17 07:18:12 Job submitted from host: <128.101.221.181:9618?addrs=128.101.221.181-9618&noUDP&sock=2582719_fdba_3>
...
001 (7279.000.000) 02/17 07:18:33 Job executing on host: <128.101.221.192:9618?addrs=128.101.221.192-9618&noUDP&sock=3175794_1c7b_4>
...
006 (7279.000.000) 02/17 07:18:42 Image size of job updated: 212504
	193  -  MemoryUsage of job (MB)
	196644  -  ResidentSetSize of job (KB)
...
006 (7279.000.000) 02/17 07:22:59 Image size of job updated: 717368
	193  -  MemoryUsage of job (MB)
	196644  -  ResidentSetSize of job (KB)
...
005 (7279.000.000) 02/17 07:22:59 Job terminated.
	(1) Normal termination (return value 0)
		Usr 0 00:02:20, Sys 0 00:01:26  -  Run Remote Usage
		Usr 0 00:00:00, Sys 0 00:00:00  -  Run Local Usage
		Usr 0 00:02:20, Sys 0 00:01:26  -  Total Remote Usage
		Usr 0 00:00:00, Sys 0 00:00:00  -  Total Local Usage
	52308  -  Run Bytes Sent By Job
	505  -  Run Bytes Received By Job
	52308  -  Total Bytes Sent By Job
	505  -  Total Bytes Received By Job
	Partitionable Resources :    Usage  Request Allocated
	   Cpus                 :                 1         1
	   Disk (KB)            :       64  1024000   1030904
	   Memory (MB)          :      193     2000      2000
...
