000 (7274.000.000) 02/17 07:18:09 Job submitted from host: <128.101.221.181:9618?addrs=128.101.221.181-9618&noUDP&sock=2582719_fdba_3>
...
001 (7274.000.000) 02/17 07:18:31 Job executing on host: <128.101.221.182:9618?addrs=128.101.221.182-9618&noUDP&sock=3902_06a2_4>
...
006 (7274.000.000) 02/17 07:18:40 Image size of job updated: 231164
	221  -  MemoryUsage of job (MB)
	225864  -  ResidentSetSize of job (KB)
...
005 (7274.000.000) 02/17 07:19:55 Job terminated.
	(1) Normal termination (return value 0)
		Usr 0 00:00:50, Sys 0 00:00:21  -  Run Remote Usage
		Usr 0 00:00:00, Sys 0 00:00:00  -  Run Local Usage
		Usr 0 00:00:50, Sys 0 00:00:21  -  Total Remote Usage
		Usr 0 00:00:00, Sys 0 00:00:00  -  Total Local Usage
	43315  -  Run Bytes Sent By Job
	505  -  Run Bytes Received By Job
	43315  -  Total Bytes Sent By Job
	505  -  Total Bytes Received By Job
	Partitionable Resources :    Usage  Request Allocated
	   Cpus                 :                 1         1
	   Disk (KB)            :       55  1024000   1024807
	   Memory (MB)          :      221     2000      2000
...
