000 (7284.000.000) 02/17 07:18:15 Job submitted from host: <128.101.221.181:9618?addrs=128.101.221.181-9618&noUDP&sock=2582719_fdba_3>
...
001 (7284.000.000) 02/17 07:18:33 Job executing on host: <128.101.221.170:9618?addrs=128.101.221.170-9618&noUDP&sock=4150_221f_4>
...
006 (7284.000.000) 02/17 07:18:42 Image size of job updated: 182200
	174  -  MemoryUsage of job (MB)
	177952  -  ResidentSetSize of job (KB)
...
006 (7284.000.000) 02/17 07:22:50 Image size of job updated: 182200
	174  -  MemoryUsage of job (MB)
	178144  -  ResidentSetSize of job (KB)
...
005 (7284.000.000) 02/17 07:22:51 Job terminated.
	(1) Normal termination (return value 0)
		Usr 0 00:02:04, Sys 0 00:01:37  -  Run Remote Usage
		Usr 0 00:00:00, Sys 0 00:00:00  -  Run Local Usage
		Usr 0 00:02:04, Sys 0 00:01:37  -  Total Remote Usage
		Usr 0 00:00:00, Sys 0 00:00:00  -  Total Local Usage
	42415  -  Run Bytes Sent By Job
	505  -  Run Bytes Received By Job
	42415  -  Total Bytes Sent By Job
	505  -  Total Bytes Received By Job
	Partitionable Resources :    Usage  Request Allocated
	   Cpus                 :                 1         1
	   Disk (KB)            :       61  1024000   2040476
	   Memory (MB)          :      174     2000      2000
...
