000 (7278.000.000) 02/17 07:18:11 Job submitted from host: <128.101.221.181:9618?addrs=128.101.221.181-9618&noUDP&sock=2582719_fdba_3>
...
001 (7278.000.000) 02/17 07:18:33 Job executing on host: <128.101.221.182:9618?addrs=128.101.221.182-9618&noUDP&sock=3902_06a2_4>
...
006 (7278.000.000) 02/17 07:18:42 Image size of job updated: 214408
	196  -  MemoryUsage of job (MB)
	199840  -  ResidentSetSize of job (KB)
...
006 (7278.000.000) 02/17 07:22:12 Image size of job updated: 717396
	196  -  MemoryUsage of job (MB)
	199840  -  ResidentSetSize of job (KB)
...
005 (7278.000.000) 02/17 07:22:13 Job terminated.
	(1) Normal termination (return value 0)
		Usr 0 00:01:58, Sys 0 00:01:06  -  Run Remote Usage
		Usr 0 00:00:00, Sys 0 00:00:00  -  Run Local Usage
		Usr 0 00:01:58, Sys 0 00:01:06  -  Total Remote Usage
		Usr 0 00:00:00, Sys 0 00:00:00  -  Total Local Usage
	51374  -  Run Bytes Sent By Job
	505  -  Run Bytes Received By Job
	51374  -  Total Bytes Sent By Job
	505  -  Total Bytes Received By Job
	Partitionable Resources :    Usage  Request Allocated
	   Cpus                 :                 1         1
	   Disk (KB)            :       63  1024000   1024807
	   Memory (MB)          :      196     2000      2000
...
