000 (7289.000.000) 02/17 07:18:17 Job submitted from host: <128.101.221.181:9618?addrs=128.101.221.181-9618&noUDP&sock=2582719_fdba_3>
...
001 (7289.000.000) 02/17 07:18:37 Job executing on host: <128.101.221.170:9618?addrs=128.101.221.170-9618&noUDP&sock=4150_221f_4>
...
006 (7289.000.000) 02/17 07:18:46 Image size of job updated: 213364
	193  -  MemoryUsage of job (MB)
	197568  -  ResidentSetSize of job (KB)
...
006 (7289.000.000) 02/17 07:22:50 Image size of job updated: 723532
	194  -  MemoryUsage of job (MB)
	197700  -  ResidentSetSize of job (KB)
...
005 (7289.000.000) 02/17 07:22:50 Job terminated.
	(1) Normal termination (return value 0)
		Usr 0 00:02:01, Sys 0 00:01:38  -  Run Remote Usage
		Usr 0 00:00:00, Sys 0 00:00:00  -  Run Local Usage
		Usr 0 00:02:01, Sys 0 00:01:38  -  Total Remote Usage
		Usr 0 00:00:00, Sys 0 00:00:00  -  Total Local Usage
	42024  -  Run Bytes Sent By Job
	505  -  Run Bytes Received By Job
	42024  -  Total Bytes Sent By Job
	505  -  Total Bytes Received By Job
	Partitionable Resources :    Usage  Request Allocated
	   Cpus                 :                 1         1
	   Disk (KB)            :       60  1024000   2040476
	   Memory (MB)          :      194     2000      2000
...
