000 (7272.000.000) 02/17 07:18:08 Job submitted from host: <128.101.221.181:9618?addrs=128.101.221.181-9618&noUDP&sock=2582719_fdba_3>
...
001 (7272.000.000) 02/17 07:18:31 Job executing on host: <128.101.221.193:9618?addrs=128.101.221.193-9618&noUDP&sock=2332108_b0a7_4>
...
006 (7272.000.000) 02/17 07:18:40 Image size of job updated: 221064
	204  -  MemoryUsage of job (MB)
	208216  -  ResidentSetSize of job (KB)
...
006 (7272.000.000) 02/17 07:22:05 Image size of job updated: 718888
	204  -  MemoryUsage of job (MB)
	208216  -  ResidentSetSize of job (KB)
...
005 (7272.000.000) 02/17 07:22:06 Job terminated.
	(1) Normal termination (return value 0)
		Usr 0 00:01:29, Sys 0 00:01:28  -  Run Remote Usage
		Usr 0 00:00:00, Sys 0 00:00:00  -  Run Local Usage
		Usr 0 00:01:29, Sys 0 00:01:28  -  Total Remote Usage
		Usr 0 00:00:00, Sys 0 00:00:00  -  Total Local Usage
	36948  -  Run Bytes Sent By Job
	505  -  Run Bytes Received By Job
	36948  -  Total Bytes Sent By Job
	505  -  Total Bytes Received By Job
	Partitionable Resources :    Usage  Request Allocated
	   Cpus                 :                 1         1
	   Disk (KB)            :       49  1024000   1030406
	   Memory (MB)          :      204     2000      2000
...
