000 (7287.000.000) 02/17 07:18:16 Job submitted from host: <128.101.221.181:9618?addrs=128.101.221.181-9618&noUDP&sock=2582719_fdba_3>
...
001 (7287.000.000) 02/17 07:18:39 Job executing on host: <128.101.221.182:9618?addrs=128.101.221.182-9618&noUDP&sock=3902_06a2_4>
...
006 (7287.000.000) 02/17 07:18:48 Image size of job updated: 195080
	179  -  MemoryUsage of job (MB)
	182812  -  ResidentSetSize of job (KB)
...
006 (7287.000.000) 02/17 07:23:17 Image size of job updated: 717628
	179  -  MemoryUsage of job (MB)
	182812  -  ResidentSetSize of job (KB)
...
005 (7287.000.000) 02/17 07:23:18 Job terminated.
	(1) Normal termination (return value 0)
		Usr 0 00:02:32, Sys 0 00:01:27  -  Run Remote Usage
		Usr 0 00:00:00, Sys 0 00:00:00  -  Run Local Usage
		Usr 0 00:02:32, Sys 0 00:01:27  -  Total Remote Usage
		Usr 0 00:00:00, Sys 0 00:00:00  -  Total Local Usage
	35629  -  Run Bytes Sent By Job
	505  -  Run Bytes Received By Job
	35629  -  Total Bytes Sent By Job
	505  -  Total Bytes Received By Job
	Partitionable Resources :    Usage  Request Allocated
	   Cpus                 :                 1         1
	   Disk (KB)            :       47  1024000   1024807
	   Memory (MB)          :      179     2000      2000
...
