000 (7146.000.000) 02/17 04:14:26 Job submitted from host: <128.101.221.181:9618?addrs=128.101.221.181-9618&noUDP&sock=2582719_fdba_3>
...
001 (7146.000.000) 02/17 04:17:31 Job executing on host: <128.101.221.192:9618?addrs=128.101.221.192-9618&noUDP&sock=3175794_1c7b_4>
...
006 (7146.000.000) 02/17 04:17:40 Image size of job updated: 235776
	195  -  MemoryUsage of job (MB)
	199088  -  ResidentSetSize of job (KB)
...
006 (7146.000.000) 02/17 04:20:56 Image size of job updated: 718636
	195  -  MemoryUsage of job (MB)
	199088  -  ResidentSetSize of job (KB)
...
005 (7146.000.000) 02/17 04:20:57 Job terminated.
	(1) Normal termination (return value 0)
		Usr 0 00:01:52, Sys 0 00:00:59  -  Run Remote Usage
		Usr 0 00:00:00, Sys 0 00:00:00  -  Run Local Usage
		Usr 0 00:01:52, Sys 0 00:00:59  -  Total Remote Usage
		Usr 0 00:00:00, Sys 0 00:00:00  -  Total Local Usage
	58484  -  Run Bytes Sent By Job
	513  -  Run Bytes Received By Job
	58484  -  Total Bytes Sent By Job
	513  -  Total Bytes Received By Job
	Partitionable Resources :    Usage  Request Allocated
	   Cpus                 :                 1         1
	   Disk (KB)            :       70  1024000   1030765
	   Memory (MB)          :      195     2000      2000
...
