000 (7122.000.000) 02/17 04:14:07 Job submitted from host: <128.101.221.181:9618?addrs=128.101.221.181-9618&noUDP&sock=2582719_fdba_3>
...
001 (7122.000.000) 02/17 04:14:14 Job executing on host: <128.101.221.192:9618?addrs=128.101.221.192-9618&noUDP&sock=3175794_1c7b_4>
...
006 (7122.000.000) 02/17 04:14:23 Image size of job updated: 125092
	120  -  MemoryUsage of job (MB)
	122652  -  ResidentSetSize of job (KB)
...
006 (7122.000.000) 02/17 04:17:29 Image size of job updated: 717864
	120  -  MemoryUsage of job (MB)
	122652  -  ResidentSetSize of job (KB)
...
005 (7122.000.000) 02/17 04:17:30 Job terminated.
	(1) Normal termination (return value 0)
		Usr 0 00:01:40, Sys 0 00:01:00  -  Run Remote Usage
		Usr 0 00:00:00, Sys 0 00:00:00  -  Run Local Usage
		Usr 0 00:01:40, Sys 0 00:01:00  -  Total Remote Usage
		Usr 0 00:00:00, Sys 0 00:00:00  -  Total Local Usage
	48971  -  Run Bytes Sent By Job
	513  -  Run Bytes Received By Job
	48971  -  Total Bytes Sent By Job
	513  -  Total Bytes Received By Job
	Partitionable Resources :    Usage  Request Allocated
	   Cpus                 :                 1         1
	   Disk (KB)            :       60  1024000   1030765
	   Memory (MB)          :      120     2000      2000
...
