000 (7157.000.000) 02/17 04:14:35 Job submitted from host: <128.101.221.181:9618?addrs=128.101.221.181-9618&noUDP&sock=2582719_fdba_3>
...
001 (7157.000.000) 02/17 04:18:02 Job executing on host: <128.101.221.170:9618?addrs=128.101.221.170-9618&noUDP&sock=4150_221f_4>
...
006 (7157.000.000) 02/17 04:18:10 Image size of job updated: 162808
	125  -  MemoryUsage of job (MB)
	127924  -  ResidentSetSize of job (KB)
...
006 (7157.000.000) 02/17 04:20:48 Image size of job updated: 162808
	125  -  MemoryUsage of job (MB)
	127964  -  ResidentSetSize of job (KB)
...
005 (7157.000.000) 02/17 04:20:49 Job terminated.
	(1) Normal termination (return value 0)
		Usr 0 00:01:25, Sys 0 00:00:51  -  Run Remote Usage
		Usr 0 00:00:00, Sys 0 00:00:00  -  Run Local Usage
		Usr 0 00:01:25, Sys 0 00:00:51  -  Total Remote Usage
		Usr 0 00:00:00, Sys 0 00:00:00  -  Total Local Usage
	44574  -  Run Bytes Sent By Job
	513  -  Run Bytes Received By Job
	44574  -  Total Bytes Sent By Job
	513  -  Total Bytes Received By Job
	Partitionable Resources :    Usage  Request Allocated
	   Cpus                 :                 1         1
	   Disk (KB)            :       63  1024000   2040476
	   Memory (MB)          :      125     2000      2000
...
