000 (7170.000.000) 02/17 04:14:43 Job submitted from host: <128.101.221.181:9618?addrs=128.101.221.181-9618&noUDP&sock=2582719_fdba_3>
...
001 (7170.000.000) 02/17 04:18:55 Job executing on host: <128.101.221.193:9618?addrs=128.101.221.193-9618&noUDP&sock=2332108_b0a7_4>
...
006 (7170.000.000) 02/17 04:19:03 Image size of job updated: 259440
	179  -  MemoryUsage of job (MB)
	183292  -  ResidentSetSize of job (KB)
...
006 (7170.000.000) 02/17 04:22:02 Image size of job updated: 717632
	179  -  MemoryUsage of job (MB)
	183292  -  ResidentSetSize of job (KB)
...
005 (7170.000.000) 02/17 04:22:03 Job terminated.
	(1) Normal termination (return value 0)
		Usr 0 00:01:17, Sys 0 00:01:06  -  Run Remote Usage
		Usr 0 00:00:00, Sys 0 00:00:00  -  Run Local Usage
		Usr 0 00:01:17, Sys 0 00:01:06  -  Total Remote Usage
		Usr 0 00:00:00, Sys 0 00:00:00  -  Total Local Usage
	61794  -  Run Bytes Sent By Job
	513  -  Run Bytes Received By Job
	61794  -  Total Bytes Sent By Job
	513  -  Total Bytes Received By Job
	Partitionable Resources :    Usage  Request Allocated
	   Cpus                 :                 1         1
	   Disk (KB)            :       73  1024000   1030489
	   Memory (MB)          :      179     2000      2000
...
