000 (7171.000.000) 02/17 04:14:44 Job submitted from host: <128.101.221.181:9618?addrs=128.101.221.181-9618&noUDP&sock=2582719_fdba_3>
...
001 (7171.000.000) 02/17 04:19:02 Job executing on host: <128.101.221.170:9618?addrs=128.101.221.170-9618&noUDP&sock=4150_221f_4>
...
006 (7171.000.000) 02/17 04:19:10 Image size of job updated: 231644
	159  -  MemoryUsage of job (MB)
	162636  -  ResidentSetSize of job (KB)
...
006 (7171.000.000) 02/17 04:20:57 Image size of job updated: 231644
	160  -  MemoryUsage of job (MB)
	163016  -  ResidentSetSize of job (KB)
...
005 (7171.000.000) 02/17 04:20:58 Job terminated.
	(1) Normal termination (return value 0)
		Usr 0 00:01:02, Sys 0 00:00:32  -  Run Remote Usage
		Usr 0 00:00:00, Sys 0 00:00:00  -  Run Local Usage
		Usr 0 00:01:02, Sys 0 00:00:32  -  Total Remote Usage
		Usr 0 00:00:00, Sys 0 00:00:00  -  Total Local Usage
	38604  -  Run Bytes Sent By Job
	513  -  Run Bytes Received By Job
	38604  -  Total Bytes Sent By Job
	513  -  Total Bytes Received By Job
	Partitionable Resources :    Usage  Request Allocated
	   Cpus                 :                 1         1
	   Disk (KB)            :       57  1024000   2040476
	   Memory (MB)          :      160     2000      2000
...
