000 (7159.000.000) 02/17 04:14:36 Job submitted from host: <128.101.221.181:9618?addrs=128.101.221.181-9618&noUDP&sock=2582719_fdba_3>
...
001 (7159.000.000) 02/17 04:18:10 Job executing on host: <128.101.221.182:9618?addrs=128.101.221.182-9618&noUDP&sock=3902_06a2_4>
...
006 (7159.000.000) 02/17 04:18:19 Image size of job updated: 241800
	208  -  MemoryUsage of job (MB)
	212560  -  ResidentSetSize of job (KB)
...
006 (7159.000.000) 02/17 04:23:05 Image size of job updated: 325232
	208  -  MemoryUsage of job (MB)
	212560  -  ResidentSetSize of job (KB)
...
005 (7159.000.000) 02/17 04:23:06 Job terminated.
	(1) Normal termination (return value 0)
		Usr 0 00:02:37, Sys 0 00:01:21  -  Run Remote Usage
		Usr 0 00:00:00, Sys 0 00:00:00  -  Run Local Usage
		Usr 0 00:02:37, Sys 0 00:01:21  -  Total Remote Usage
		Usr 0 00:00:00, Sys 0 00:00:00  -  Total Local Usage
	70330  -  Run Bytes Sent By Job
	513  -  Run Bytes Received By Job
	70330  -  Total Bytes Sent By Job
	513  -  Total Bytes Received By Job
	Partitionable Resources :    Usage  Request Allocated
	   Cpus                 :                 1         1
	   Disk (KB)            :       82  1024000   1024897
	   Memory (MB)          :      208     2000      2000
...
