000 (7149.000.000) 02/17 04:14:29 Job submitted from host: <128.101.221.181:9618?addrs=128.101.221.181-9618&noUDP&sock=2582719_fdba_3>
...
001 (7149.000.000) 02/17 04:17:46 Job executing on host: <128.101.221.193:9618?addrs=128.101.221.193-9618&noUDP&sock=2332108_b0a7_4>
...
006 (7149.000.000) 02/17 04:17:54 Image size of job updated: 206648
	195  -  MemoryUsage of job (MB)
	198928  -  ResidentSetSize of job (KB)
...
006 (7149.000.000) 02/17 04:21:16 Image size of job updated: 717468
	195  -  MemoryUsage of job (MB)
	198928  -  ResidentSetSize of job (KB)
...
005 (7149.000.000) 02/17 04:21:17 Job terminated.
	(1) Normal termination (return value 0)
		Usr 0 00:01:25, Sys 0 00:01:24  -  Run Remote Usage
		Usr 0 00:00:00, Sys 0 00:00:00  -  Run Local Usage
		Usr 0 00:01:25, Sys 0 00:01:24  -  Total Remote Usage
		Usr 0 00:00:00, Sys 0 00:00:00  -  Total Local Usage
	56265  -  Run Bytes Sent By Job
	513  -  Run Bytes Received By Job
	56265  -  Total Bytes Sent By Job
	513  -  Total Bytes Received By Job
	Partitionable Resources :    Usage  Request Allocated
	   Cpus                 :                 1         1
	   Disk (KB)            :       68  1024000   1030490
	   Memory (MB)          :      195     2000      2000
...
