000 (7121.000.000) 02/17 04:14:06 Job submitted from host: <128.101.221.181:9618?addrs=128.101.221.181-9618&noUDP&sock=2582719_fdba_3>
...
001 (7121.000.000) 02/17 04:14:14 Job executing on host: <128.101.221.193:9618?addrs=128.101.221.193-9618&noUDP&sock=2332108_b0a7_4>
...
006 (7121.000.000) 02/17 04:14:23 Image size of job updated: 99592
	96  -  MemoryUsage of job (MB)
	97908  -  ResidentSetSize of job (KB)
...
006 (7121.000.000) 02/17 04:19:03 Image size of job updated: 720056
	96  -  MemoryUsage of job (MB)
	97908  -  ResidentSetSize of job (KB)
...
005 (7121.000.000) 02/17 04:19:04 Job terminated.
	(1) Normal termination (return value 0)
		Usr 0 00:01:49, Sys 0 00:02:00  -  Run Remote Usage
		Usr 0 00:00:00, Sys 0 00:00:00  -  Run Local Usage
		Usr 0 00:01:49, Sys 0 00:02:00  -  Total Remote Usage
		Usr 0 00:00:00, Sys 0 00:00:00  -  Total Local Usage
	75866  -  Run Bytes Sent By Job
	513  -  Run Bytes Received By Job
	75866  -  Total Bytes Sent By Job
	513  -  Total Bytes Received By Job
	Partitionable Resources :    Usage  Request Allocated
	   Cpus                 :                 1         1
	   Disk (KB)            :       87  1024000   1030486
	   Memory (MB)          :       96     2000      2000
...
