000 (7119.000.000) 02/17 04:14:05 Job submitted from host: <128.101.221.181:9618?addrs=128.101.221.181-9618&noUDP&sock=2582719_fdba_3>
...
001 (7119.000.000) 02/17 04:14:13 Job executing on host: <128.101.221.170:9618?addrs=128.101.221.170-9618&noUDP&sock=4150_221f_4>
...
006 (7119.000.000) 02/17 04:14:21 Image size of job updated: 99408
	92  -  MemoryUsage of job (MB)
	93584  -  ResidentSetSize of job (KB)
...
006 (7119.000.000) 02/17 04:19:11 Image size of job updated: 324888
	92  -  MemoryUsage of job (MB)
	93720  -  ResidentSetSize of job (KB)
...
005 (7119.000.000) 02/17 04:19:13 Job terminated.
	(1) Normal termination (return value 0)
		Usr 0 00:02:22, Sys 0 00:01:50  -  Run Remote Usage
		Usr 0 00:00:00, Sys 0 00:00:00  -  Run Local Usage
		Usr 0 00:02:22, Sys 0 00:01:50  -  Total Remote Usage
		Usr 0 00:00:00, Sys 0 00:00:00  -  Total Local Usage
	55611  -  Run Bytes Sent By Job
	513  -  Run Bytes Received By Job
	55611  -  Total Bytes Sent By Job
	513  -  Total Bytes Received By Job
	Partitionable Resources :    Usage  Request Allocated
	   Cpus                 :                 1         1
	   Disk (KB)            :       74  1024000   2040476
	   Memory (MB)          :       92     2000      2000
...
