000 (7164.000.000) 02/17 04:14:40 Job submitted from host: <128.101.221.181:9618?addrs=128.101.221.181-9618&noUDP&sock=2582719_fdba_3>
...
001 (7164.000.000) 02/17 04:18:25 Job executing on host: <128.101.221.192:9618?addrs=128.101.221.192-9618&noUDP&sock=3175794_1c7b_4>
...
006 (7164.000.000) 02/17 04:18:34 Image size of job updated: 206436
	182  -  MemoryUsage of job (MB)
	185792  -  ResidentSetSize of job (KB)
...
005 (7164.000.000) 02/17 04:20:16 Job terminated.
	(1) Normal termination (return value 0)
		Usr 0 00:01:01, Sys 0 00:00:30  -  Run Remote Usage
		Usr 0 00:00:00, Sys 0 00:00:00  -  Run Local Usage
		Usr 0 00:01:01, Sys 0 00:00:30  -  Total Remote Usage
		Usr 0 00:00:00, Sys 0 00:00:00  -  Total Local Usage
	40582  -  Run Bytes Sent By Job
	513  -  Run Bytes Received By Job
	40582  -  Total Bytes Sent By Job
	513  -  Total Bytes Received By Job
	Partitionable Resources :    Usage  Request Allocated
	   Cpus                 :                 1         1
	   Disk (KB)            :       52  1024000   1030768
	   Memory (MB)          :      182     2000      2000
...
