000 (7119.000.000) 03/03 10:58:24 Job submitted from host: <128.101.221.180:9618?addrs=128.101.221.180-9618&noUDP&sock=3943_2604_3>
...
001 (7119.000.000) 03/03 10:58:43 Job executing on host: <128.101.220.54:9618?addrs=128.101.220.54-9618&noUDP&sock=259437_c80b_4>
...
006 (7119.000.000) 03/03 10:58:51 Image size of job updated: 270808
	189  -  MemoryUsage of job (MB)
	193376  -  ResidentSetSize of job (KB)
...
006 (7119.000.000) 03/03 11:02:18 Image size of job updated: 419592
	189  -  MemoryUsage of job (MB)
	193376  -  ResidentSetSize of job (KB)
...
005 (7119.000.000) 03/03 11:02:19 Job terminated.
	(1) Normal termination (return value 0)
		Usr 0 00:02:05, Sys 0 00:00:48  -  Run Remote Usage
		Usr 0 00:00:00, Sys 0 00:00:00  -  Run Local Usage
		Usr 0 00:02:05, Sys 0 00:00:48  -  Total Remote Usage
		Usr 0 00:00:00, Sys 0 00:00:00  -  Total Local Usage
	76599  -  Run Bytes Sent By Job
	533  -  Run Bytes Received By Job
	76599  -  Total Bytes Sent By Job
	533  -  Total Bytes Received By Job
	Partitionable Resources :    Usage  Request Allocated
	   Cpus                 :                 1         1
	   Disk (KB)            :       88  1024000   1029458
	   Memory (MB)          :      189     2000      2000
...
