000 (7071.000.000) 03/03 10:57:57 Job submitted from host: <128.101.221.180:9618?addrs=128.101.221.180-9618&noUDP&sock=3943_2604_3>
...
001 (7071.000.000) 03/03 10:58:16 Job executing on host: <128.101.221.185:9618?addrs=128.101.221.185-9618&noUDP&sock=4153619_bab1_4>
...
006 (7071.000.000) 03/03 10:58:25 Image size of job updated: 239980
	162  -  MemoryUsage of job (MB)
	165644  -  ResidentSetSize of job (KB)
...
006 (7071.000.000) 03/03 11:02:18 Image size of job updated: 720752
	162  -  MemoryUsage of job (MB)
	165644  -  ResidentSetSize of job (KB)
...
005 (7071.000.000) 03/03 11:02:19 Job terminated.
	(1) Normal termination (return value 0)
		Usr 0 00:02:26, Sys 0 00:00:56  -  Run Remote Usage
		Usr 0 00:00:00, Sys 0 00:00:00  -  Run Local Usage
		Usr 0 00:02:26, Sys 0 00:00:56  -  Total Remote Usage
		Usr 0 00:00:00, Sys 0 00:00:00  -  Total Local Usage
	58760  -  Run Bytes Sent By Job
	533  -  Run Bytes Received By Job
	58760  -  Total Bytes Sent By Job
	533  -  Total Bytes Received By Job
	Partitionable Resources :    Usage  Request Allocated
	   Cpus                 :                 1         1
	   Disk (KB)            :       70  1024000   1027000
	   Memory (MB)          :      162     2000      2000
...
