000 (7084.000.000) 03/03 10:58:06 Job submitted from host: <128.101.221.180:9618?addrs=128.101.221.180-9618&noUDP&sock=3943_2604_3>
...
001 (7084.000.000) 03/03 10:58:22 Job executing on host: <128.101.220.94:9618?addrs=128.101.220.94-9618&noUDP&sock=303435_bff5_4>
...
006 (7084.000.000) 03/03 10:58:31 Image size of job updated: 285164
	202  -  MemoryUsage of job (MB)
	205904  -  ResidentSetSize of job (KB)
...
005 (7084.000.000) 03/03 11:00:42 Job terminated.
	(1) Normal termination (return value 0)
		Usr 0 00:01:20, Sys 0 00:00:30  -  Run Remote Usage
		Usr 0 00:00:00, Sys 0 00:00:00  -  Run Local Usage
		Usr 0 00:01:20, Sys 0 00:00:30  -  Total Remote Usage
		Usr 0 00:00:00, Sys 0 00:00:00  -  Total Local Usage
	58542  -  Run Bytes Sent By Job
	533  -  Run Bytes Received By Job
	58542  -  Total Bytes Sent By Job
	533  -  Total Bytes Received By Job
	Partitionable Resources :    Usage  Request Allocated
	   Cpus                 :                 1         1
	   Disk (KB)            :       70  1024000   1029353
	   Memory (MB)          :      202     2000      2000
...
