000 (7104.000.000) 03/03 10:58:16 Job submitted from host: <128.101.221.180:9618?addrs=128.101.221.180-9618&noUDP&sock=3943_2604_3>
...
001 (7104.000.000) 03/03 10:58:36 Job executing on host: <128.101.221.173:9618?addrs=128.101.221.173-9618&noUDP&sock=1368159_da98_4>
...
006 (7104.000.000) 03/03 10:58:45 Image size of job updated: 270588
	189  -  MemoryUsage of job (MB)
	193340  -  ResidentSetSize of job (KB)
...
006 (7104.000.000) 03/03 11:03:46 Image size of job updated: 409856
	316  -  MemoryUsage of job (MB)
	323048  -  ResidentSetSize of job (KB)
...
006 (7104.000.000) 03/03 11:05:36 Image size of job updated: 720780
	316  -  MemoryUsage of job (MB)
	323048  -  ResidentSetSize of job (KB)
...
005 (7104.000.000) 03/03 11:05:37 Job terminated.
	(1) Normal termination (return value 0)
		Usr 0 00:02:53, Sys 0 00:01:09  -  Run Remote Usage
		Usr 0 00:00:00, Sys 0 00:00:00  -  Run Local Usage
		Usr 0 00:02:53, Sys 0 00:01:09  -  Total Remote Usage
		Usr 0 00:00:00, Sys 0 00:00:00  -  Total Local Usage
	73065  -  Run Bytes Sent By Job
	533  -  Run Bytes Received By Job
	73065  -  Total Bytes Sent By Job
	533  -  Total Bytes Received By Job
	Partitionable Resources :    Usage  Request Allocated
	   Cpus                 :                 1         1
	   Disk (KB)            :       84  1024000   1926288
	   Memory (MB)          :      316     2000      2000
...
