000 (7066.000.000) 03/03 10:57:54 Job submitted from host: <128.101.221.180:9618?addrs=128.101.221.180-9618&noUDP&sock=3943_2604_3>
...
001 (7066.000.000) 03/03 10:58:14 Job executing on host: <128.101.221.176:9618?addrs=128.101.221.176-9618&noUDP&sock=2756849_b007_4>
...
006 (7066.000.000) 03/03 10:58:23 Image size of job updated: 260428
	178  -  MemoryUsage of job (MB)
	182212  -  ResidentSetSize of job (KB)
...
005 (7066.000.000) 03/03 11:01:38 Job terminated.
	(1) Normal termination (return value 0)
		Usr 0 00:02:06, Sys 0 00:00:45  -  Run Remote Usage
		Usr 0 00:00:00, Sys 0 00:00:00  -  Run Local Usage
		Usr 0 00:02:06, Sys 0 00:00:45  -  Total Remote Usage
		Usr 0 00:00:00, Sys 0 00:00:00  -  Total Local Usage
	47300  -  Run Bytes Sent By Job
	533  -  Run Bytes Received By Job
	47300  -  Total Bytes Sent By Job
	533  -  Total Bytes Received By Job
	Partitionable Resources :    Usage  Request Allocated
	   Cpus                 :                 1         1
	   Disk (KB)            :       59  1024000   1027197
	   Memory (MB)          :      178     2000      2000
...
