000 (7114.000.000) 03/03 10:58:21 Job submitted from host: <128.101.221.180:9618?addrs=128.101.221.180-9618&noUDP&sock=3943_2604_3>
...
001 (7114.000.000) 03/03 10:58:40 Job executing on host: <128.101.221.191:9618?addrs=128.101.221.191-9618&noUDP&sock=3143621_1bfa_4>
...
006 (7114.000.000) 03/03 10:58:49 Image size of job updated: 230248
	160  -  MemoryUsage of job (MB)
	163004  -  ResidentSetSize of job (KB)
...
005 (7114.000.000) 03/03 11:01:17 Job terminated.
	(1) Normal termination (return value 0)
		Usr 0 00:01:36, Sys 0 00:00:34  -  Run Remote Usage
		Usr 0 00:00:00, Sys 0 00:00:00  -  Run Local Usage
		Usr 0 00:01:36, Sys 0 00:00:34  -  Total Remote Usage
		Usr 0 00:00:00, Sys 0 00:00:00  -  Total Local Usage
	48404  -  Run Bytes Sent By Job
	533  -  Run Bytes Received By Job
	48404  -  Total Bytes Sent By Job
	533  -  Total Bytes Received By Job
	Partitionable Resources :    Usage  Request Allocated
	   Cpus                 :                 1         1
	   Disk (KB)            :       60  1024000   1029354
	   Memory (MB)          :      160     2000      2000
...
