000 (7089.000.000) 03/03 10:58:08 Job submitted from host: <128.101.221.180:9618?addrs=128.101.221.180-9618&noUDP&sock=3943_2604_3>
...
001 (7089.000.000) 03/03 10:58:24 Job executing on host: <128.101.220.74:9618?addrs=128.101.220.74-9618&noUDP&sock=279762_0a76_4>
...
006 (7089.000.000) 03/03 10:58:33 Image size of job updated: 277408
	194  -  MemoryUsage of job (MB)
	198360  -  ResidentSetSize of job (KB)
...
005 (7089.000.000) 03/03 11:00:50 Job terminated.
	(1) Normal termination (return value 0)
		Usr 0 00:01:24, Sys 0 00:00:31  -  Run Remote Usage
		Usr 0 00:00:00, Sys 0 00:00:00  -  Run Local Usage
		Usr 0 00:01:24, Sys 0 00:00:31  -  Total Remote Usage
		Usr 0 00:00:00, Sys 0 00:00:00  -  Total Local Usage
	60548  -  Run Bytes Sent By Job
	533  -  Run Bytes Received By Job
	60548  -  Total Bytes Sent By Job
	533  -  Total Bytes Received By Job
	Partitionable Resources :    Usage  Request Allocated
	   Cpus                 :                 1         1
	   Disk (KB)            :       72  1024000   1029714
	   Memory (MB)          :      194     2000      2000
...
