000 (7067.000.000) 03/03 10:57:55 Job submitted from host: <128.101.221.180:9618?addrs=128.101.221.180-9618&noUDP&sock=3943_2604_3>
...
001 (7067.000.000) 03/03 10:58:16 Job executing on host: <128.101.221.181:9618?addrs=128.101.221.181-9618&noUDP&sock=2582719_fdba_4>
...
006 (7067.000.000) 03/03 10:58:25 Image size of job updated: 246280
	175  -  MemoryUsage of job (MB)
	178552  -  ResidentSetSize of job (KB)
...
005 (7067.000.000) 03/03 11:00:06 Job terminated.
	(1) Normal termination (return value 0)
		Usr 0 00:01:09, Sys 0 00:00:21  -  Run Remote Usage
		Usr 0 00:00:00, Sys 0 00:00:00  -  Run Local Usage
		Usr 0 00:01:09, Sys 0 00:00:21  -  Total Remote Usage
		Usr 0 00:00:00, Sys 0 00:00:00  -  Total Local Usage
	41127  -  Run Bytes Sent By Job
	533  -  Run Bytes Received By Job
	41127  -  Total Bytes Sent By Job
	533  -  Total Bytes Received By Job
	Partitionable Resources :    Usage  Request Allocated
	   Cpus                 :                 1         1
	   Disk (KB)            :       53  1024000   1026312
	   Memory (MB)          :      175     2000      2000
...
