000 (7105.000.000) 03/03 10:58:16 Job submitted from host: <128.101.221.180:9618?addrs=128.101.221.180-9618&noUDP&sock=3943_2604_3>
...
001 (7105.000.000) 03/03 10:58:36 Job executing on host: <128.101.221.176:9618?addrs=128.101.221.176-9618&noUDP&sock=2756849_b007_4>
...
006 (7105.000.000) 03/03 10:58:44 Image size of job updated: 187832
	124  -  MemoryUsage of job (MB)
	126200  -  ResidentSetSize of job (KB)
...
006 (7105.000.000) 03/03 11:02:08 Image size of job updated: 718408
	124  -  MemoryUsage of job (MB)
	126200  -  ResidentSetSize of job (KB)
...
005 (7105.000.000) 03/03 11:02:09 Job terminated.
	(1) Normal termination (return value 0)
		Usr 0 00:02:10, Sys 0 00:00:45  -  Run Remote Usage
		Usr 0 00:00:00, Sys 0 00:00:00  -  Run Local Usage
		Usr 0 00:02:10, Sys 0 00:00:45  -  Total Remote Usage
		Usr 0 00:00:00, Sys 0 00:00:00  -  Total Local Usage
	47737  -  Run Bytes Sent By Job
	533  -  Run Bytes Received By Job
	47737  -  Total Bytes Sent By Job
	533  -  Total Bytes Received By Job
	Partitionable Resources :    Usage  Request Allocated
	   Cpus                 :                 1         1
	   Disk (KB)            :       59  1024000   1027191
	   Memory (MB)          :      124     2000      2000
...
