000 (7108.000.000) 03/03 10:58:18 Job submitted from host: <128.101.221.180:9618?addrs=128.101.221.180-9618&noUDP&sock=3943_2604_3>
...
001 (7108.000.000) 03/03 10:58:36 Job executing on host: <128.101.221.193:9618?addrs=128.101.221.193-9618&noUDP&sock=2332108_b0a7_4>
...
006 (7108.000.000) 03/03 10:58:45 Image size of job updated: 248308
	173  -  MemoryUsage of job (MB)
	176700  -  ResidentSetSize of job (KB)
...
006 (7108.000.000) 03/03 11:01:46 Image size of job updated: 720728
	173  -  MemoryUsage of job (MB)
	176700  -  ResidentSetSize of job (KB)
...
005 (7108.000.000) 03/03 11:01:47 Job terminated.
	(1) Normal termination (return value 0)
		Usr 0 00:01:39, Sys 0 00:00:47  -  Run Remote Usage
		Usr 0 00:00:00, Sys 0 00:00:00  -  Run Local Usage
		Usr 0 00:01:39, Sys 0 00:00:47  -  Total Remote Usage
		Usr 0 00:00:00, Sys 0 00:00:00  -  Total Local Usage
	74201  -  Run Bytes Sent By Job
	533  -  Run Bytes Received By Job
	74201  -  Total Bytes Sent By Job
	533  -  Total Bytes Received By Job
	Partitionable Resources :    Usage  Request Allocated
	   Cpus                 :                 1         1
	   Disk (KB)            :       85  1024000   1029164
	   Memory (MB)          :      173     2000      2000
...
