000 (7080.000.000) 03/03 10:58:03 Job submitted from host: <128.101.221.180:9618?addrs=128.101.221.180-9618&noUDP&sock=3943_2604_3>
...
001 (7080.000.000) 03/03 10:58:20 Job executing on host: <128.101.221.189:9618?addrs=128.101.221.189-9618&noUDP&sock=3424045_a60c_4>
...
006 (7080.000.000) 03/03 10:58:29 Image size of job updated: 263624
	182  -  MemoryUsage of job (MB)
	185716  -  ResidentSetSize of job (KB)
...
006 (7080.000.000) 03/03 11:02:56 Image size of job updated: 326712
	182  -  MemoryUsage of job (MB)
	185716  -  ResidentSetSize of job (KB)
...
005 (7080.000.000) 03/03 11:02:57 Job terminated.
	(1) Normal termination (return value 0)
		Usr 0 00:02:43, Sys 0 00:01:02  -  Run Remote Usage
		Usr 0 00:00:00, Sys 0 00:00:00  -  Run Local Usage
		Usr 0 00:02:43, Sys 0 00:01:02  -  Total Remote Usage
		Usr 0 00:00:00, Sys 0 00:00:00  -  Total Local Usage
	64461  -  Run Bytes Sent By Job
	533  -  Run Bytes Received By Job
	64461  -  Total Bytes Sent By Job
	533  -  Total Bytes Received By Job
	Partitionable Resources :    Usage  Request Allocated
	   Cpus                 :                 1         1
	   Disk (KB)            :       76  1024000   1028007
	   Memory (MB)          :      182     2000      2000
...
