000 (7121.000.000) 03/03 10:58:26 Job submitted from host: <128.101.221.180:9618?addrs=128.101.221.180-9618&noUDP&sock=3943_2604_3>
...
001 (7121.000.000) 03/03 10:58:33 Job executing on host: <128.101.220.84:9618?addrs=128.101.220.84-9618&noUDP&sock=231370_2768_4>
...
006 (7121.000.000) 03/03 10:58:42 Image size of job updated: 298764
	230  -  MemoryUsage of job (MB)
	235048  -  ResidentSetSize of job (KB)
...
006 (7121.000.000) 03/03 11:02:03 Image size of job updated: 720940
	230  -  MemoryUsage of job (MB)
	235048  -  ResidentSetSize of job (KB)
...
005 (7121.000.000) 03/03 11:02:04 Job terminated.
	(1) Normal termination (return value 0)
		Usr 0 00:02:02, Sys 0 00:00:49  -  Run Remote Usage
		Usr 0 00:00:00, Sys 0 00:00:00  -  Run Local Usage
		Usr 0 00:02:02, Sys 0 00:00:49  -  Total Remote Usage
		Usr 0 00:00:00, Sys 0 00:00:00  -  Total Local Usage
	70847  -  Run Bytes Sent By Job
	533  -  Run Bytes Received By Job
	70847  -  Total Bytes Sent By Job
	533  -  Total Bytes Received By Job
	Partitionable Resources :    Usage  Request Allocated
	   Cpus                 :                 1         1
	   Disk (KB)            :       82  1024000   1029746
	   Memory (MB)          :      230     2000      2000
...
