000 (7078.000.000) 03/03 10:58:01 Job submitted from host: <128.101.221.180:9618?addrs=128.101.221.180-9618&noUDP&sock=3943_2604_3>
...
001 (7078.000.000) 03/03 10:58:20 Job executing on host: <128.101.221.186:9618?addrs=128.101.221.186-9618&noUDP&sock=3131318_464d_4>
...
006 (7078.000.000) 03/03 10:58:29 Image size of job updated: 263772
	183  -  MemoryUsage of job (MB)
	187308  -  ResidentSetSize of job (KB)
...
005 (7078.000.000) 03/03 11:00:19 Job terminated.
	(1) Normal termination (return value 0)
		Usr 0 00:01:14, Sys 0 00:00:25  -  Run Remote Usage
		Usr 0 00:00:00, Sys 0 00:00:00  -  Run Local Usage
		Usr 0 00:01:14, Sys 0 00:00:25  -  Total Remote Usage
		Usr 0 00:00:00, Sys 0 00:00:00  -  Total Local Usage
	40021  -  Run Bytes Sent By Job
	533  -  Run Bytes Received By Job
	40021  -  Total Bytes Sent By Job
	533  -  Total Bytes Received By Job
	Partitionable Resources :    Usage  Request Allocated
	   Cpus                 :                 1         1
	   Disk (KB)            :       52  1024000   1027571
	   Memory (MB)          :      183     2000      2000
...
