000 (7126.000.000) 03/03 10:58:29 Job submitted from host: <128.101.221.180:9618?addrs=128.101.221.180-9618&noUDP&sock=3943_2604_3>
...
001 (7126.000.000) 03/03 10:58:45 Job executing on host: <128.101.221.189:9618?addrs=128.101.221.189-9618&noUDP&sock=3424045_a60c_4>
...
006 (7126.000.000) 03/03 10:58:54 Image size of job updated: 276908
	195  -  MemoryUsage of job (MB)
	199276  -  ResidentSetSize of job (KB)
...
005 (7126.000.000) 03/03 11:00:57 Job terminated.
	(1) Normal termination (return value 0)
		Usr 0 00:01:22, Sys 0 00:00:28  -  Run Remote Usage
		Usr 0 00:00:00, Sys 0 00:00:00  -  Run Local Usage
		Usr 0 00:01:22, Sys 0 00:00:28  -  Total Remote Usage
		Usr 0 00:00:00, Sys 0 00:00:00  -  Total Local Usage
	38698  -  Run Bytes Sent By Job
	533  -  Run Bytes Received By Job
	38698  -  Total Bytes Sent By Job
	533  -  Total Bytes Received By Job
	Partitionable Resources :    Usage  Request Allocated
	   Cpus                 :                 1         1
	   Disk (KB)            :       51  1024000   1027933
	   Memory (MB)          :      195     2000      2000
...
