000 (7081.000.000) 03/03 10:58:04 Job submitted from host: <128.101.221.180:9618?addrs=128.101.221.180-9618&noUDP&sock=3943_2604_3>
...
001 (7081.000.000) 03/03 10:58:20 Job executing on host: <128.101.220.54:9618?addrs=128.101.220.54-9618&noUDP&sock=259437_c80b_4>
...
006 (7081.000.000) 03/03 10:58:29 Image size of job updated: 280468
	197  -  MemoryUsage of job (MB)
	201412  -  ResidentSetSize of job (KB)
...
005 (7081.000.000) 03/03 11:01:12 Job terminated.
	(1) Normal termination (return value 0)
		Usr 0 00:01:40, Sys 0 00:00:36  -  Run Remote Usage
		Usr 0 00:00:00, Sys 0 00:00:00  -  Run Local Usage
		Usr 0 00:01:40, Sys 0 00:00:36  -  Total Remote Usage
		Usr 0 00:00:00, Sys 0 00:00:00  -  Total Local Usage
	58997  -  Run Bytes Sent By Job
	533  -  Run Bytes Received By Job
	58997  -  Total Bytes Sent By Job
	533  -  Total Bytes Received By Job
	Partitionable Resources :    Usage  Request Allocated
	   Cpus                 :                 1         1
	   Disk (KB)            :       70  1024000   1029468
	   Memory (MB)          :      197     2000      2000
...
