000 (7127.000.000) 03/03 10:58:29 Job submitted from host: <128.101.221.180:9618?addrs=128.101.221.180-9618&noUDP&sock=3943_2604_3>
...
001 (7127.000.000) 03/03 10:58:45 Job executing on host: <128.101.220.43:9618?addrs=128.101.220.43-9618&noUDP&sock=249879_c9d6_4>
...
006 (7127.000.000) 03/03 10:58:54 Image size of job updated: 304980
	217  -  MemoryUsage of job (MB)
	221872  -  ResidentSetSize of job (KB)
...
006 (7127.000.000) 03/03 11:01:31 Image size of job updated: 420336
	217  -  MemoryUsage of job (MB)
	221872  -  ResidentSetSize of job (KB)
...
005 (7127.000.000) 03/03 11:01:32 Job terminated.
	(1) Normal termination (return value 0)
		Usr 0 00:01:36, Sys 0 00:00:35  -  Run Remote Usage
		Usr 0 00:00:00, Sys 0 00:00:00  -  Run Local Usage
		Usr 0 00:01:36, Sys 0 00:00:35  -  Total Remote Usage
		Usr 0 00:00:00, Sys 0 00:00:00  -  Total Local Usage
	57431  -  Run Bytes Sent By Job
	533  -  Run Bytes Received By Job
	57431  -  Total Bytes Sent By Job
	533  -  Total Bytes Received By Job
	Partitionable Resources :    Usage  Request Allocated
	   Cpus                 :                 1         1
	   Disk (KB)            :       69  1024000   1029736
	   Memory (MB)          :      217     2000      2000
...
