000 (7111.000.000) 03/03 10:58:20 Job submitted from host: <128.101.221.180:9618?addrs=128.101.221.180-9618&noUDP&sock=3943_2604_3>
...
001 (7111.000.000) 03/03 10:58:39 Job executing on host: <128.101.221.187:9618?addrs=128.101.221.187-9618&noUDP&sock=3336463_ae6f_4>
...
006 (7111.000.000) 03/03 10:58:47 Image size of job updated: 182304
	119  -  MemoryUsage of job (MB)
	121624  -  ResidentSetSize of job (KB)
...
005 (7111.000.000) 03/03 11:00:20 Job terminated.
	(1) Normal termination (return value 0)
		Usr 0 00:01:04, Sys 0 00:00:21  -  Run Remote Usage
		Usr 0 00:00:00, Sys 0 00:00:00  -  Run Local Usage
		Usr 0 00:01:04, Sys 0 00:00:21  -  Total Remote Usage
		Usr 0 00:00:00, Sys 0 00:00:00  -  Total Local Usage
	40654  -  Run Bytes Sent By Job
	533  -  Run Bytes Received By Job
	40654  -  Total Bytes Sent By Job
	533  -  Total Bytes Received By Job
	Partitionable Resources :    Usage  Request Allocated
	   Cpus                 :                 1         1
	   Disk (KB)            :       52  1024000   1028727
	   Memory (MB)          :      119     2000      2000
...
