000 (8979.000.000) 03/29 08:18:17 Job submitted from host: <128.101.221.180:9618?addrs=128.101.221.180-9618&noUDP&sock=3943_2604_3>
...
001 (8979.000.000) 03/29 08:43:57 Job executing on host: <128.101.221.182:9618?addrs=128.101.221.182-9618&noUDP&sock=3902_06a2_4>
...
006 (8979.000.000) 03/29 08:44:05 Image size of job updated: 212840
	145  -  MemoryUsage of job (MB)
	148080  -  ResidentSetSize of job (KB)
...
006 (8979.000.000) 03/29 08:49:05 Image size of job updated: 331824
	324  -  MemoryUsage of job (MB)
	331472  -  ResidentSetSize of job (KB)
...
005 (8979.000.000) 03/29 08:52:18 Job terminated.
	(1) Normal termination (return value 0)
		Usr 0 00:04:59, Sys 0 00:02:54  -  Run Remote Usage
		Usr 0 00:00:00, Sys 0 00:00:00  -  Run Local Usage
		Usr 0 00:04:59, Sys 0 00:02:54  -  Total Remote Usage
		Usr 0 00:00:00, Sys 0 00:00:00  -  Total Local Usage
	55421  -  Run Bytes Sent By Job
	549  -  Run Bytes Received By Job
	55421  -  Total Bytes Sent By Job
	549  -  Total Bytes Received By Job
	Partitionable Resources :    Usage  Request Allocated
	   Cpus                 :                 1         1
	   Disk (KB)            :       67  1024000   2046640
	   Memory (MB)          :      324     2000      2000
...
