000 (8977.000.000) 03/29 08:18:16 Job submitted from host: <128.101.221.180:9618?addrs=128.101.221.180-9618&noUDP&sock=3943_2604_3>
...
001 (8977.000.000) 03/29 08:43:14 Job executing on host: <128.101.221.182:9618?addrs=128.101.221.182-9618&noUDP&sock=3902_06a2_4>
...
006 (8977.000.000) 03/29 08:43:23 Image size of job updated: 246776
	169  -  MemoryUsage of job (MB)
	172908  -  ResidentSetSize of job (KB)
...
005 (8977.000.000) 03/29 08:47:52 Job terminated.
	(1) Normal termination (return value 0)
		Usr 0 00:02:47, Sys 0 00:01:34  -  Run Remote Usage
		Usr 0 00:00:00, Sys 0 00:00:00  -  Run Local Usage
		Usr 0 00:02:47, Sys 0 00:01:34  -  Total Remote Usage
		Usr 0 00:00:00, Sys 0 00:00:00  -  Total Local Usage
	43746  -  Run Bytes Sent By Job
	549  -  Run Bytes Received By Job
	43746  -  Total Bytes Sent By Job
	549  -  Total Bytes Received By Job
	Partitionable Resources :    Usage  Request Allocated
	   Cpus                 :                 1         1
	   Disk (KB)            :       56  1024000   2046642
	   Memory (MB)          :      169     2000      2000
...
