000 (8987.000.000) 03/29 08:18:23 Job submitted from host: <128.101.221.180:9618?addrs=128.101.221.180-9618&noUDP&sock=3943_2604_3>
...
001 (8987.000.000) 03/29 08:48:33 Job executing on host: <128.101.221.175:9618?addrs=128.101.221.175-9618&noUDP&sock=12916_e152_4>
...
006 (8987.000.000) 03/29 08:48:42 Image size of job updated: 266308
	186  -  MemoryUsage of job (MB)
	189796  -  ResidentSetSize of job (KB)
...
006 (8987.000.000) 03/29 08:53:43 Image size of job updated: 329856
	322  -  MemoryUsage of job (MB)
	329452  -  ResidentSetSize of job (KB)
...
006 (8987.000.000) 03/29 08:58:44 Image size of job updated: 335268
	328  -  MemoryUsage of job (MB)
	335236  -  ResidentSetSize of job (KB)
...
006 (8987.000.000) 03/29 09:00:22 Image size of job updated: 733012
	328  -  MemoryUsage of job (MB)
	335236  -  ResidentSetSize of job (KB)
...
005 (8987.000.000) 03/29 09:00:23 Job terminated.
	(1) Normal termination (return value 0)
		Usr 0 00:07:07, Sys 0 00:04:06  -  Run Remote Usage
		Usr 0 00:00:00, Sys 0 00:00:00  -  Run Local Usage
		Usr 0 00:07:07, Sys 0 00:04:06  -  Total Remote Usage
		Usr 0 00:00:00, Sys 0 00:00:00  -  Total Local Usage
	70654  -  Run Bytes Sent By Job
	549  -  Run Bytes Received By Job
	70654  -  Total Bytes Sent By Job
	549  -  Total Bytes Received By Job
	Partitionable Resources :    Usage  Request Allocated
	   Cpus                 :                 1         1
	   Disk (KB)            :       82  1024000   1931290
	   Memory (MB)          :      328     2000      2000
...
