000 (8971.000.000) 03/29 08:18:12 Job submitted from host: <128.101.221.180:9618?addrs=128.101.221.180-9618&noUDP&sock=3943_2604_3>
...
001 (8971.000.000) 03/29 08:42:34 Job executing on host: <128.101.221.182:9618?addrs=128.101.221.182-9618&noUDP&sock=3902_06a2_4>
...
006 (8971.000.000) 03/29 08:42:43 Image size of job updated: 183388
	175  -  MemoryUsage of job (MB)
	178680  -  ResidentSetSize of job (KB)
...
006 (8971.000.000) 03/29 08:47:44 Image size of job updated: 329752
	322  -  MemoryUsage of job (MB)
	329480  -  ResidentSetSize of job (KB)
...
006 (8971.000.000) 03/29 08:51:36 Image size of job updated: 335108
	322  -  MemoryUsage of job (MB)
	329480  -  ResidentSetSize of job (KB)
...
005 (8971.000.000) 03/29 08:51:37 Job terminated.
	(1) Normal termination (return value 0)
		Usr 0 00:05:20, Sys 0 00:03:12  -  Run Remote Usage
		Usr 0 00:00:00, Sys 0 00:00:00  -  Run Local Usage
		Usr 0 00:05:20, Sys 0 00:03:12  -  Total Remote Usage
		Usr 0 00:00:00, Sys 0 00:00:00  -  Total Local Usage
	60332  -  Run Bytes Sent By Job
	549  -  Run Bytes Received By Job
	60332  -  Total Bytes Sent By Job
	549  -  Total Bytes Received By Job
	Partitionable Resources :    Usage  Request Allocated
	   Cpus                 :                 1         1
	   Disk (KB)            :       72  1024000   2046650
	   Memory (MB)          :      322     2000      2000
...
