000 (9003.000.000) 03/29 08:18:33 Job submitted from host: <128.101.221.180:9618?addrs=128.101.221.180-9618&noUDP&sock=3943_2604_3>
...
001 (9003.000.000) 03/29 08:54:47 Job executing on host: <128.101.221.182:9618?addrs=128.101.221.182-9618&noUDP&sock=3902_06a2_4>
...
006 (9003.000.000) 03/29 08:54:56 Image size of job updated: 272944
	191  -  MemoryUsage of job (MB)
	195472  -  ResidentSetSize of job (KB)
...
005 (9003.000.000) 03/29 08:57:14 Job terminated.
	(1) Normal termination (return value 0)
		Usr 0 00:01:32, Sys 0 00:00:41  -  Run Remote Usage
		Usr 0 00:00:00, Sys 0 00:00:00  -  Run Local Usage
		Usr 0 00:01:32, Sys 0 00:00:41  -  Total Remote Usage
		Usr 0 00:00:00, Sys 0 00:00:00  -  Total Local Usage
	40864  -  Run Bytes Sent By Job
	549  -  Run Bytes Received By Job
	40864  -  Total Bytes Sent By Job
	549  -  Total Bytes Received By Job
	Partitionable Resources :    Usage  Request Allocated
	   Cpus                 :                 1         1
	   Disk (KB)            :       53  1024000   2046628
	   Memory (MB)          :      191     2000      2000
...
