000 (9014.000.000) 03/29 08:18:39 Job submitted from host: <128.101.221.180:9618?addrs=128.101.221.180-9618&noUDP&sock=3943_2604_3>
...
001 (9014.000.000) 03/29 08:59:37 Job executing on host: <128.101.221.175:9618?addrs=128.101.221.175-9618&noUDP&sock=12916_e152_4>
...
006 (9014.000.000) 03/29 08:59:46 Image size of job updated: 263724
	184  -  MemoryUsage of job (MB)
	187596  -  ResidentSetSize of job (KB)
...
006 (9014.000.000) 03/29 09:04:47 Image size of job updated: 329676
	322  -  MemoryUsage of job (MB)
	329548  -  ResidentSetSize of job (KB)
...
006 (9014.000.000) 03/29 09:09:48 Image size of job updated: 332540
	325  -  MemoryUsage of job (MB)
	332364  -  ResidentSetSize of job (KB)
...
006 (9014.000.000) 03/29 09:11:28 Image size of job updated: 334092
	325  -  MemoryUsage of job (MB)
	332364  -  ResidentSetSize of job (KB)
...
005 (9014.000.000) 03/29 09:11:29 Job terminated.
	(1) Normal termination (return value 0)
		Usr 0 00:07:05, Sys 0 00:04:07  -  Run Remote Usage
		Usr 0 00:00:00, Sys 0 00:00:00  -  Run Local Usage
		Usr 0 00:07:05, Sys 0 00:04:07  -  Total Remote Usage
		Usr 0 00:00:00, Sys 0 00:00:00  -  Total Local Usage
	75930  -  Run Bytes Sent By Job
	549  -  Run Bytes Received By Job
	75930  -  Total Bytes Sent By Job
	549  -  Total Bytes Received By Job
	Partitionable Resources :    Usage  Request Allocated
	   Cpus                 :                 1         1
	   Disk (KB)            :       87  1024000   1931276
	   Memory (MB)          :      325     2000      2000
...
