000 (8957.000.000) 03/29 08:18:02 Job submitted from host: <128.101.221.180:9618?addrs=128.101.221.180-9618&noUDP&sock=3943_2604_3>
...
001 (8957.000.000) 03/29 08:36:58 Job executing on host: <128.101.221.175:9618?addrs=128.101.221.175-9618&noUDP&sock=12916_e152_4>
...
006 (8957.000.000) 03/29 08:37:06 Image size of job updated: 223152
	153  -  MemoryUsage of job (MB)
	155996  -  ResidentSetSize of job (KB)
...
006 (8957.000.000) 03/29 08:42:06 Image size of job updated: 329560
	322  -  MemoryUsage of job (MB)
	329544  -  ResidentSetSize of job (KB)
...
006 (8957.000.000) 03/29 08:47:07 Image size of job updated: 334756
	327  -  MemoryUsage of job (MB)
	334636  -  ResidentSetSize of job (KB)
...
006 (8957.000.000) 03/29 08:50:17 Image size of job updated: 733116
	327  -  MemoryUsage of job (MB)
	334636  -  ResidentSetSize of job (KB)
...
005 (8957.000.000) 03/29 08:50:18 Job terminated.
	(1) Normal termination (return value 0)
		Usr 0 00:07:53, Sys 0 00:04:47  -  Run Remote Usage
		Usr 0 00:00:00, Sys 0 00:00:00  -  Run Local Usage
		Usr 0 00:07:53, Sys 0 00:04:47  -  Total Remote Usage
		Usr 0 00:00:00, Sys 0 00:00:00  -  Total Local Usage
	71582  -  Run Bytes Sent By Job
	549  -  Run Bytes Received By Job
	71582  -  Total Bytes Sent By Job
	549  -  Total Bytes Received By Job
	Partitionable Resources :    Usage  Request Allocated
	   Cpus                 :                 1         1
	   Disk (KB)            :       83  1024000   1931316
	   Memory (MB)          :      327     2000      2000
...
