000 (8985.000.000) 03/29 08:18:21 Job submitted from host: <128.101.221.180:9618?addrs=128.101.221.180-9618&noUDP&sock=3943_2604_3>
...
001 (8985.000.000) 03/29 08:48:05 Job executing on host: <128.101.220.49:9618?addrs=128.101.220.49-9618&noUDP&sock=280861_dd0b_4>
...
006 (8985.000.000) 03/29 08:48:14 Image size of job updated: 280600
	197  -  MemoryUsage of job (MB)
	201544  -  ResidentSetSize of job (KB)
...
006 (8985.000.000) 03/29 08:53:15 Image size of job updated: 429836
	326  -  MemoryUsage of job (MB)
	333220  -  ResidentSetSize of job (KB)
...
006 (8985.000.000) 03/29 08:54:18 Image size of job updated: 732660
	326  -  MemoryUsage of job (MB)
	333220  -  ResidentSetSize of job (KB)
...
005 (8985.000.000) 03/29 08:54:18 Job terminated.
	(1) Normal termination (return value 0)
		Usr 0 00:04:13, Sys 0 00:01:24  -  Run Remote Usage
		Usr 0 00:00:00, Sys 0 00:00:00  -  Run Local Usage
		Usr 0 00:04:13, Sys 0 00:01:24  -  Total Remote Usage
		Usr 0 00:00:00, Sys 0 00:00:00  -  Total Local Usage
	58695  -  Run Bytes Sent By Job
	549  -  Run Bytes Received By Job
	58695  -  Total Bytes Sent By Job
	549  -  Total Bytes Received By Job
	Partitionable Resources :    Usage  Request Allocated
	   Cpus                 :                 1         1
	   Disk (KB)            :       70  1024000   1028647
	   Memory (MB)          :      326     2000      2000
...
