000 (9000.000.000) 03/29 08:18:31 Job submitted from host: <128.101.221.180:9618?addrs=128.101.221.180-9618&noUDP&sock=3943_2604_3>
...
001 (9000.000.000) 03/29 08:53:55 Job executing on host: <128.101.221.186:9618?addrs=128.101.221.186-9618&noUDP&sock=3131318_464d_4>
...
006 (9000.000.000) 03/29 08:54:04 Image size of job updated: 217068
	147  -  MemoryUsage of job (MB)
	149824  -  ResidentSetSize of job (KB)
...
006 (9000.000.000) 03/29 08:59:05 Image size of job updated: 426152
	322  -  MemoryUsage of job (MB)
	329520  -  ResidentSetSize of job (KB)
...
006 (9000.000.000) 03/29 09:04:05 Image size of job updated: 431236
	327  -  MemoryUsage of job (MB)
	334600  -  ResidentSetSize of job (KB)
...
006 (9000.000.000) 03/29 09:05:28 Image size of job updated: 431276
	327  -  MemoryUsage of job (MB)
	334600  -  ResidentSetSize of job (KB)
...
005 (9000.000.000) 03/29 09:05:29 Job terminated.
	(1) Normal termination (return value 0)
		Usr 0 00:07:55, Sys 0 00:02:38  -  Run Remote Usage
		Usr 0 00:00:00, Sys 0 00:00:00  -  Run Local Usage
		Usr 0 00:07:55, Sys 0 00:02:38  -  Total Remote Usage
		Usr 0 00:00:00, Sys 0 00:00:00  -  Total Local Usage
	74411  -  Run Bytes Sent By Job
	549  -  Run Bytes Received By Job
	74411  -  Total Bytes Sent By Job
	549  -  Total Bytes Received By Job
	Partitionable Resources :    Usage  Request Allocated
	   Cpus                 :                 1         1
	   Disk (KB)            :       86  1024000   1027109
	   Memory (MB)          :      327     2000      2000
...
