000 (8975.000.000) 03/29 08:18:14 Job submitted from host: <128.101.221.180:9618?addrs=128.101.221.180-9618&noUDP&sock=3943_2604_3>
...
001 (8975.000.000) 03/29 08:42:37 Job executing on host: <128.101.221.182:9618?addrs=128.101.221.182-9618&noUDP&sock=3902_06a2_4>
...
006 (8975.000.000) 03/29 08:42:46 Image size of job updated: 197276
	189  -  MemoryUsage of job (MB)
	193184  -  ResidentSetSize of job (KB)
...
006 (8975.000.000) 03/29 08:47:47 Image size of job updated: 329808
	322  -  MemoryUsage of job (MB)
	329644  -  ResidentSetSize of job (KB)
...
006 (8975.000.000) 03/29 08:52:48 Image size of job updated: 333184
	326  -  MemoryUsage of job (MB)
	333052  -  ResidentSetSize of job (KB)
...
006 (8975.000.000) 03/29 08:54:42 Image size of job updated: 719548
	326  -  MemoryUsage of job (MB)
	333052  -  ResidentSetSize of job (KB)
...
005 (8975.000.000) 03/29 08:54:43 Job terminated.
	(1) Normal termination (return value 0)
		Usr 0 00:07:12, Sys 0 00:04:16  -  Run Remote Usage
		Usr 0 00:00:00, Sys 0 00:00:00  -  Run Local Usage
		Usr 0 00:07:12, Sys 0 00:04:16  -  Total Remote Usage
		Usr 0 00:00:00, Sys 0 00:00:00  -  Total Local Usage
	74411  -  Run Bytes Sent By Job
	549  -  Run Bytes Received By Job
	74411  -  Total Bytes Sent By Job
	549  -  Total Bytes Received By Job
	Partitionable Resources :    Usage  Request Allocated
	   Cpus                 :                 1         1
	   Disk (KB)            :       85  1024000   2046650
	   Memory (MB)          :      326     2000      2000
...
