000 (8972.000.000) 03/29 08:18:12 Job submitted from host: <128.101.221.180:9618?addrs=128.101.221.180-9618&noUDP&sock=3943_2604_3>
...
001 (8972.000.000) 03/29 08:42:34 Job executing on host: <128.101.221.182:9618?addrs=128.101.221.182-9618&noUDP&sock=3902_06a2_4>
...
006 (8972.000.000) 03/29 08:42:43 Image size of job updated: 187988
	176  -  MemoryUsage of job (MB)
	179356  -  ResidentSetSize of job (KB)
...
006 (8972.000.000) 03/29 08:47:44 Image size of job updated: 330116
	322  -  MemoryUsage of job (MB)
	329624  -  ResidentSetSize of job (KB)
...
006 (8972.000.000) 03/29 08:52:44 Image size of job updated: 334720
	327  -  MemoryUsage of job (MB)
	334576  -  ResidentSetSize of job (KB)
...
005 (8972.000.000) 03/29 08:55:34 Job terminated.
	(1) Normal termination (return value 0)
		Usr 0 00:07:38, Sys 0 00:04:40  -  Run Remote Usage
		Usr 0 00:00:00, Sys 0 00:00:00  -  Run Local Usage
		Usr 0 00:07:38, Sys 0 00:04:40  -  Total Remote Usage
		Usr 0 00:00:00, Sys 0 00:00:00  -  Total Local Usage
	64671  -  Run Bytes Sent By Job
	549  -  Run Bytes Received By Job
	64671  -  Total Bytes Sent By Job
	549  -  Total Bytes Received By Job
	Partitionable Resources :    Usage  Request Allocated
	   Cpus                 :                 1         1
	   Disk (KB)            :       76  1024000   2046650
	   Memory (MB)          :      327     2000      2000
...
