000 (8958.000.000) 03/29 08:18:02 Job submitted from host: <128.101.221.180:9618?addrs=128.101.221.180-9618&noUDP&sock=3943_2604_3>
...
001 (8958.000.000) 03/29 08:39:00 Job executing on host: <128.101.221.186:9618?addrs=128.101.221.186-9618&noUDP&sock=3131318_464d_4>
...
006 (8958.000.000) 03/29 08:39:09 Image size of job updated: 178760
	115  -  MemoryUsage of job (MB)
	116920  -  ResidentSetSize of job (KB)
...
006 (8958.000.000) 03/29 08:44:10 Image size of job updated: 427456
	324  -  MemoryUsage of job (MB)
	330820  -  ResidentSetSize of job (KB)
...
006 (8958.000.000) 03/29 08:46:15 Image size of job updated: 730264
	324  -  MemoryUsage of job (MB)
	330820  -  ResidentSetSize of job (KB)
...
005 (8958.000.000) 03/29 08:46:17 Job terminated.
	(1) Normal termination (return value 0)
		Usr 0 00:04:57, Sys 0 00:01:35  -  Run Remote Usage
		Usr 0 00:00:00, Sys 0 00:00:00  -  Run Local Usage
		Usr 0 00:04:57, Sys 0 00:01:35  -  Total Remote Usage
		Usr 0 00:00:00, Sys 0 00:00:00  -  Total Local Usage
	47511  -  Run Bytes Sent By Job
	549  -  Run Bytes Received By Job
	47511  -  Total Bytes Sent By Job
	549  -  Total Bytes Received By Job
	Partitionable Resources :    Usage  Request Allocated
	   Cpus                 :                 1         1
	   Disk (KB)            :       59  1024000   1027117
	   Memory (MB)          :      324     2000      2000
...
