000 (9018.000.000) 03/29 08:18:42 Job submitted from host: <128.101.221.180:9618?addrs=128.101.221.180-9618&noUDP&sock=3943_2604_3>
...
001 (9018.000.000) 03/29 09:02:06 Job executing on host: <128.101.221.175:9618?addrs=128.101.221.175-9618&noUDP&sock=12916_e152_4>
...
006 (9018.000.000) 03/29 09:02:14 Image size of job updated: 189640
	126  -  MemoryUsage of job (MB)
	128900  -  ResidentSetSize of job (KB)
...
006 (9018.000.000) 03/29 09:07:14 Image size of job updated: 330736
	323  -  MemoryUsage of job (MB)
	330696  -  ResidentSetSize of job (KB)
...
005 (9018.000.000) 03/29 09:08:04 Job terminated.
	(1) Normal termination (return value 0)
		Usr 0 00:03:36, Sys 0 00:02:00  -  Run Remote Usage
		Usr 0 00:00:00, Sys 0 00:00:00  -  Run Local Usage
		Usr 0 00:03:36, Sys 0 00:02:00  -  Total Remote Usage
		Usr 0 00:00:00, Sys 0 00:00:00  -  Total Local Usage
	38907  -  Run Bytes Sent By Job
	549  -  Run Bytes Received By Job
	38907  -  Total Bytes Sent By Job
	549  -  Total Bytes Received By Job
	Partitionable Resources :    Usage  Request Allocated
	   Cpus                 :                 1         1
	   Disk (KB)            :       51  1024000   1931272
	   Memory (MB)          :      323     2000      2000
...
