000 (8965.000.000) 03/29 08:18:08 Job submitted from host: <128.101.221.180:9618?addrs=128.101.221.180-9618&noUDP&sock=3943_2604_3>
...
001 (8965.000.000) 03/29 08:41:13 Job executing on host: <128.101.221.175:9618?addrs=128.101.221.175-9618&noUDP&sock=12916_e152_4>
...
006 (8965.000.000) 03/29 08:41:22 Image size of job updated: 253096
	175  -  MemoryUsage of job (MB)
	178668  -  ResidentSetSize of job (KB)
...
005 (8965.000.000) 03/29 08:45:57 Job terminated.
	(1) Normal termination (return value 0)
		Usr 0 00:02:52, Sys 0 00:01:33  -  Run Remote Usage
		Usr 0 00:00:00, Sys 0 00:00:00  -  Run Local Usage
		Usr 0 00:02:52, Sys 0 00:01:33  -  Total Remote Usage
		Usr 0 00:00:00, Sys 0 00:00:00  -  Total Local Usage
	39551  -  Run Bytes Sent By Job
	549  -  Run Bytes Received By Job
	39551  -  Total Bytes Sent By Job
	549  -  Total Bytes Received By Job
	Partitionable Resources :    Usage  Request Allocated
	   Cpus                 :                 1         1
	   Disk (KB)            :       52  1024000   1931308
	   Memory (MB)          :      175     2000      2000
...
