000 (8974.000.000) 03/29 08:18:14 Job submitted from host: <128.101.221.180:9618?addrs=128.101.221.180-9618&noUDP&sock=3943_2604_3>
...
001 (8974.000.000) 03/29 08:42:37 Job executing on host: <128.101.221.182:9618?addrs=128.101.221.182-9618&noUDP&sock=3902_06a2_4>
...
006 (8974.000.000) 03/29 08:42:45 Image size of job updated: 200036
	175  -  MemoryUsage of job (MB)
	178880  -  ResidentSetSize of job (KB)
...
006 (8974.000.000) 03/29 08:47:45 Image size of job updated: 329620
	322  -  MemoryUsage of job (MB)
	329564  -  ResidentSetSize of job (KB)
...
006 (8974.000.000) 03/29 08:52:46 Image size of job updated: 335508
	328  -  MemoryUsage of job (MB)
	335384  -  ResidentSetSize of job (KB)
...
005 (8974.000.000) 03/29 08:55:25 Job terminated.
	(1) Normal termination (return value 0)
		Usr 0 00:07:42, Sys 0 00:04:27  -  Run Remote Usage
		Usr 0 00:00:00, Sys 0 00:00:00  -  Run Local Usage
		Usr 0 00:07:42, Sys 0 00:04:27  -  Total Remote Usage
		Usr 0 00:00:00, Sys 0 00:00:00  -  Total Local Usage
	86713  -  Run Bytes Sent By Job
	549  -  Run Bytes Received By Job
	86713  -  Total Bytes Sent By Job
	549  -  Total Bytes Received By Job
	Partitionable Resources :    Usage  Request Allocated
	   Cpus                 :                 1         1
	   Disk (KB)            :       97  1024000   2046650
	   Memory (MB)          :      328     2000      2000
...
