000 (8988.000.000) 03/29 08:18:24 Job submitted from host: <128.101.221.180:9618?addrs=128.101.221.180-9618&noUDP&sock=3943_2604_3>
...
001 (8988.000.000) 03/29 08:49:16 Job executing on host: <128.101.221.182:9618?addrs=128.101.221.182-9618&noUDP&sock=3902_06a2_4>
...
006 (8988.000.000) 03/29 08:49:24 Image size of job updated: 204964
	139  -  MemoryUsage of job (MB)
	142244  -  ResidentSetSize of job (KB)
...
006 (8988.000.000) 03/29 08:54:24 Image size of job updated: 329860
	323  -  MemoryUsage of job (MB)
	329792  -  ResidentSetSize of job (KB)
...
006 (8988.000.000) 03/29 08:54:45 Image size of job updated: 727272
	323  -  MemoryUsage of job (MB)
	329792  -  ResidentSetSize of job (KB)
...
005 (8988.000.000) 03/29 08:54:46 Job terminated.
	(1) Normal termination (return value 0)
		Usr 0 00:03:21, Sys 0 00:01:48  -  Run Remote Usage
		Usr 0 00:00:00, Sys 0 00:00:00  -  Run Local Usage
		Usr 0 00:03:21, Sys 0 00:01:48  -  Total Remote Usage
		Usr 0 00:00:00, Sys 0 00:00:00  -  Total Local Usage
	47285  -  Run Bytes Sent By Job
	549  -  Run Bytes Received By Job
	47285  -  Total Bytes Sent By Job
	549  -  Total Bytes Received By Job
	Partitionable Resources :    Usage  Request Allocated
	   Cpus                 :                 1         1
	   Disk (KB)            :       59  1024000   2046628
	   Memory (MB)          :      323     2000      2000
...
