000 (8968.000.000) 03/29 08:18:10 Job submitted from host: <128.101.221.180:9618?addrs=128.101.221.180-9618&noUDP&sock=3943_2604_3>
...
001 (8968.000.000) 03/29 08:42:34 Job executing on host: <128.101.221.182:9618?addrs=128.101.221.182-9618&noUDP&sock=3902_06a2_4>
...
006 (8968.000.000) 03/29 08:42:43 Image size of job updated: 178440
	173  -  MemoryUsage of job (MB)
	176880  -  ResidentSetSize of job (KB)
...
006 (8968.000.000) 03/29 08:47:45 Image size of job updated: 331240
	324  -  MemoryUsage of job (MB)
	331020  -  ResidentSetSize of job (KB)
...
005 (8968.000.000) 03/29 08:51:01 Job terminated.
	(1) Normal termination (return value 0)
		Usr 0 00:05:03, Sys 0 00:02:57  -  Run Remote Usage
		Usr 0 00:00:00, Sys 0 00:00:00  -  Run Local Usage
		Usr 0 00:05:03, Sys 0 00:02:57  -  Total Remote Usage
		Usr 0 00:00:00, Sys 0 00:00:00  -  Total Local Usage
	58481  -  Run Bytes Sent By Job
	549  -  Run Bytes Received By Job
	58481  -  Total Bytes Sent By Job
	549  -  Total Bytes Received By Job
	Partitionable Resources :    Usage  Request Allocated
	   Cpus                 :                 1         1
	   Disk (KB)            :       70  1024000   2046650
	   Memory (MB)          :      324     2000      2000
...
