000 (8999.000.000) 03/29 08:18:31 Job submitted from host: <128.101.221.180:9618?addrs=128.101.221.180-9618&noUDP&sock=3943_2604_3>
...
001 (8999.000.000) 03/29 08:53:10 Job executing on host: <128.101.221.182:9618?addrs=128.101.221.182-9618&noUDP&sock=3902_06a2_4>
...
006 (8999.000.000) 03/29 08:53:19 Image size of job updated: 281692
	200  -  MemoryUsage of job (MB)
	204068  -  ResidentSetSize of job (KB)
...
006 (8999.000.000) 03/29 08:58:20 Image size of job updated: 331060
	323  -  MemoryUsage of job (MB)
	329932  -  ResidentSetSize of job (KB)
...
006 (8999.000.000) 03/29 09:03:20 Image size of job updated: 336360
	328  -  MemoryUsage of job (MB)
	335232  -  ResidentSetSize of job (KB)
...
005 (8999.000.000) 03/29 09:03:40 Job terminated.
	(1) Normal termination (return value 0)
		Usr 0 00:06:32, Sys 0 00:03:09  -  Run Remote Usage
		Usr 0 00:00:00, Sys 0 00:00:00  -  Run Local Usage
		Usr 0 00:06:32, Sys 0 00:03:09  -  Total Remote Usage
		Usr 0 00:00:00, Sys 0 00:00:00  -  Total Local Usage
	98003  -  Run Bytes Sent By Job
	549  -  Run Bytes Received By Job
	98003  -  Total Bytes Sent By Job
	549  -  Total Bytes Received By Job
	Partitionable Resources :    Usage  Request Allocated
	   Cpus                 :                 1         1
	   Disk (KB)            :      108  1024000   2046620
	   Memory (MB)          :      328     2000      2000
...
