000 (8995.000.000) 03/29 08:18:28 Job submitted from host: <128.101.221.180:9618?addrs=128.101.221.180-9618&noUDP&sock=3943_2604_3>
...
001 (8995.000.000) 03/29 08:52:20 Job executing on host: <128.101.221.182:9618?addrs=128.101.221.182-9618&noUDP&sock=3902_06a2_4>
...
006 (8995.000.000) 03/29 08:52:28 Image size of job updated: 193372
	130  -  MemoryUsage of job (MB)
	132336  -  ResidentSetSize of job (KB)
...
006 (8995.000.000) 03/29 08:57:28 Image size of job updated: 329788
	322  -  MemoryUsage of job (MB)
	329340  -  ResidentSetSize of job (KB)
...
006 (8995.000.000) 03/29 08:59:13 Image size of job updated: 729592
	322  -  MemoryUsage of job (MB)
	329340  -  ResidentSetSize of job (KB)
...
005 (8995.000.000) 03/29 08:59:14 Job terminated.
	(1) Normal termination (return value 0)
		Usr 0 00:04:17, Sys 0 00:02:06  -  Run Remote Usage
		Usr 0 00:00:00, Sys 0 00:00:00  -  Run Local Usage
		Usr 0 00:04:17, Sys 0 00:02:06  -  Total Remote Usage
		Usr 0 00:00:00, Sys 0 00:00:00  -  Total Local Usage
	63400  -  Run Bytes Sent By Job
	549  -  Run Bytes Received By Job
	63400  -  Total Bytes Sent By Job
	549  -  Total Bytes Received By Job
	Partitionable Resources :    Usage  Request Allocated
	   Cpus                 :                 1         1
	   Disk (KB)            :       75  1024000   2046640
	   Memory (MB)          :      322     2000      2000
...
