000 (9006.000.000) 03/29 08:18:35 Job submitted from host: <128.101.221.180:9618?addrs=128.101.221.180-9618&noUDP&sock=3943_2604_3>
...
001 (9006.000.000) 03/29 08:56:22 Job executing on host: <128.101.220.49:9618?addrs=128.101.220.49-9618&noUDP&sock=280861_dd0b_4>
...
006 (9006.000.000) 03/29 08:56:30 Image size of job updated: 252000
	172  -  MemoryUsage of job (MB)
	175924  -  ResidentSetSize of job (KB)
...
006 (9006.000.000) 03/29 09:01:20 Image size of job updated: 426636
	172  -  MemoryUsage of job (MB)
	175924  -  ResidentSetSize of job (KB)
...
005 (9006.000.000) 03/29 09:01:21 Job terminated.
	(1) Normal termination (return value 0)
		Usr 0 00:03:22, Sys 0 00:01:06  -  Run Remote Usage
		Usr 0 00:00:00, Sys 0 00:00:00  -  Run Local Usage
		Usr 0 00:03:22, Sys 0 00:01:06  -  Total Remote Usage
		Usr 0 00:00:00, Sys 0 00:00:00  -  Total Local Usage
	48614  -  Run Bytes Sent By Job
	549  -  Run Bytes Received By Job
	48614  -  Total Bytes Sent By Job
	549  -  Total Bytes Received By Job
	Partitionable Resources :    Usage  Request Allocated
	   Cpus                 :                 1         1
	   Disk (KB)            :       61  1024000   1028639
	   Memory (MB)          :      172     2000      2000
...
