000 (8982.000.000) 03/29 08:18:19 Job submitted from host: <128.101.221.180:9618?addrs=128.101.221.180-9618&noUDP&sock=3943_2604_3>
...
001 (8982.000.000) 03/29 08:46:26 Job executing on host: <128.101.221.175:9618?addrs=128.101.221.175-9618&noUDP&sock=12916_e152_4>
...
006 (8982.000.000) 03/29 08:46:34 Image size of job updated: 200996
	136  -  MemoryUsage of job (MB)
	138768  -  ResidentSetSize of job (KB)
...
006 (8982.000.000) 03/29 08:51:34 Image size of job updated: 329852
	322  -  MemoryUsage of job (MB)
	329564  -  ResidentSetSize of job (KB)
...
006 (8982.000.000) 03/29 08:56:35 Image size of job updated: 333908
	326  -  MemoryUsage of job (MB)
	333688  -  ResidentSetSize of job (KB)
...
006 (8982.000.000) 03/29 08:59:11 Image size of job updated: 334436
	326  -  MemoryUsage of job (MB)
	333688  -  ResidentSetSize of job (KB)
...
005 (8982.000.000) 03/29 08:59:12 Job terminated.
	(1) Normal termination (return value 0)
		Usr 0 00:07:40, Sys 0 00:04:28  -  Run Remote Usage
		Usr 0 00:00:00, Sys 0 00:00:00  -  Run Local Usage
		Usr 0 00:07:40, Sys 0 00:04:28  -  Total Remote Usage
		Usr 0 00:00:00, Sys 0 00:00:00  -  Total Local Usage
	71966  -  Run Bytes Sent By Job
	549  -  Run Bytes Received By Job
	71966  -  Total Bytes Sent By Job
	549  -  Total Bytes Received By Job
	Partitionable Resources :    Usage  Request Allocated
	   Cpus                 :                 1         1
	   Disk (KB)            :       83  1024000   1931292
	   Memory (MB)          :      326     2000      2000
...
