000 (8980.000.000) 03/29 08:18:18 Job submitted from host: <128.101.221.180:9618?addrs=128.101.221.180-9618&noUDP&sock=3943_2604_3>
...
001 (8980.000.000) 03/29 08:45:24 Job executing on host: <128.101.221.175:9618?addrs=128.101.221.175-9618&noUDP&sock=12916_e152_4>
...
006 (8980.000.000) 03/29 08:45:32 Image size of job updated: 194132
	130  -  MemoryUsage of job (MB)
	132972  -  ResidentSetSize of job (KB)
...
006 (8980.000.000) 03/29 08:50:32 Image size of job updated: 331592
	324  -  MemoryUsage of job (MB)
	331160  -  ResidentSetSize of job (KB)
...
006 (8980.000.000) 03/29 08:52:19 Image size of job updated: 730092
	324  -  MemoryUsage of job (MB)
	331160  -  ResidentSetSize of job (KB)
...
005 (8980.000.000) 03/29 08:52:20 Job terminated.
	(1) Normal termination (return value 0)
		Usr 0 00:04:10, Sys 0 00:02:22  -  Run Remote Usage
		Usr 0 00:00:00, Sys 0 00:00:00  -  Run Local Usage
		Usr 0 00:04:10, Sys 0 00:02:22  -  Total Remote Usage
		Usr 0 00:00:00, Sys 0 00:00:00  -  Total Local Usage
	51900  -  Run Bytes Sent By Job
	549  -  Run Bytes Received By Job
	51900  -  Total Bytes Sent By Job
	549  -  Total Bytes Received By Job
	Partitionable Resources :    Usage  Request Allocated
	   Cpus                 :                 1         1
	   Disk (KB)            :       64  1024000   1931294
	   Memory (MB)          :      324     2000      2000
...
