000 (9019.000.000) 03/29 08:18:43 Job submitted from host: <128.101.221.180:9618?addrs=128.101.221.180-9618&noUDP&sock=3943_2604_3>
...
001 (9019.000.000) 03/29 09:02:45 Job executing on host: <128.101.221.175:9618?addrs=128.101.221.175-9618&noUDP&sock=12916_e152_4>
...
006 (9019.000.000) 03/29 09:02:54 Image size of job updated: 265896
	186  -  MemoryUsage of job (MB)
	189640  -  ResidentSetSize of job (KB)
...
006 (9019.000.000) 03/29 09:07:55 Image size of job updated: 331844
	324  -  MemoryUsage of job (MB)
	331348  -  ResidentSetSize of job (KB)
...
006 (9019.000.000) 03/29 09:12:04 Image size of job updated: 334704
	324  -  MemoryUsage of job (MB)
	331348  -  ResidentSetSize of job (KB)
...
005 (9019.000.000) 03/29 09:12:05 Job terminated.
	(1) Normal termination (return value 0)
		Usr 0 00:05:36, Sys 0 00:03:11  -  Run Remote Usage
		Usr 0 00:00:00, Sys 0 00:00:00  -  Run Local Usage
		Usr 0 00:05:36, Sys 0 00:03:11  -  Total Remote Usage
		Usr 0 00:00:00, Sys 0 00:00:00  -  Total Local Usage
	57640  -  Run Bytes Sent By Job
	549  -  Run Bytes Received By Job
	57640  -  Total Bytes Sent By Job
	549  -  Total Bytes Received By Job
	Partitionable Resources :    Usage  Request Allocated
	   Cpus                 :                 1         1
	   Disk (KB)            :       69  1024000   1931272
	   Memory (MB)          :      324     2000      2000
...
