000 (8996.000.000) 03/29 08:18:29 Job submitted from host: <128.101.221.180:9618?addrs=128.101.221.180-9618&noUDP&sock=3943_2604_3>
...
001 (8996.000.000) 03/29 08:52:21 Job executing on host: <128.101.221.175:9618?addrs=128.101.221.175-9618&noUDP&sock=12916_e152_4>
...
006 (8996.000.000) 03/29 08:52:30 Image size of job updated: 242540
	167  -  MemoryUsage of job (MB)
	170780  -  ResidentSetSize of job (KB)
...
006 (8996.000.000) 03/29 08:57:30 Image size of job updated: 329656
	322  -  MemoryUsage of job (MB)
	329476  -  ResidentSetSize of job (KB)
...
006 (8996.000.000) 03/29 09:02:30 Image size of job updated: 332804
	325  -  MemoryUsage of job (MB)
	332616  -  ResidentSetSize of job (KB)
...
005 (8996.000.000) 03/29 09:05:27 Job terminated.
	(1) Normal termination (return value 0)
		Usr 0 00:07:46, Sys 0 00:04:39  -  Run Remote Usage
		Usr 0 00:00:00, Sys 0 00:00:00  -  Run Local Usage
		Usr 0 00:07:46, Sys 0 00:04:39  -  Total Remote Usage
		Usr 0 00:00:00, Sys 0 00:00:00  -  Total Local Usage
	73275  -  Run Bytes Sent By Job
	549  -  Run Bytes Received By Job
	73275  -  Total Bytes Sent By Job
	549  -  Total Bytes Received By Job
	Partitionable Resources :    Usage  Request Allocated
	   Cpus                 :                 1         1
	   Disk (KB)            :       85  1024000   1931294
	   Memory (MB)          :      325     2000      2000
...
