000 (8978.000.000) 03/29 08:18:16 Job submitted from host: <128.101.221.180:9618?addrs=128.101.221.180-9618&noUDP&sock=3943_2604_3>
...
001 (8978.000.000) 03/29 08:43:33 Job executing on host: <128.101.221.175:9618?addrs=128.101.221.175-9618&noUDP&sock=12916_e152_4>
...
006 (8978.000.000) 03/29 08:43:41 Image size of job updated: 199476
	135  -  MemoryUsage of job (MB)
	137628  -  ResidentSetSize of job (KB)
...
006 (8978.000.000) 03/29 08:48:41 Image size of job updated: 330100
	323  -  MemoryUsage of job (MB)
	329952  -  ResidentSetSize of job (KB)
...
006 (8978.000.000) 03/29 08:52:40 Image size of job updated: 332724
	323  -  MemoryUsage of job (MB)
	329952  -  ResidentSetSize of job (KB)
...
005 (8978.000.000) 03/29 08:52:41 Job terminated.
	(1) Normal termination (return value 0)
		Usr 0 00:05:28, Sys 0 00:03:10  -  Run Remote Usage
		Usr 0 00:00:00, Sys 0 00:00:00  -  Run Local Usage
		Usr 0 00:05:28, Sys 0 00:03:10  -  Total Remote Usage
		Usr 0 00:00:00, Sys 0 00:00:00  -  Total Local Usage
	57214  -  Run Bytes Sent By Job
	549  -  Run Bytes Received By Job
	57214  -  Total Bytes Sent By Job
	549  -  Total Bytes Received By Job
	Partitionable Resources :    Usage  Request Allocated
	   Cpus                 :                 1         1
	   Disk (KB)            :       69  1024000   1931308
	   Memory (MB)          :      323     2000      2000
...
