000 (8983.000.000) 03/29 08:18:20 Job submitted from host: <128.101.221.180:9618?addrs=128.101.221.180-9618&noUDP&sock=3943_2604_3>
...
001 (8983.000.000) 03/29 08:47:14 Job executing on host: <128.101.221.182:9618?addrs=128.101.221.182-9618&noUDP&sock=3902_06a2_4>
...
006 (8983.000.000) 03/29 08:47:22 Image size of job updated: 222756
	153  -  MemoryUsage of job (MB)
	155944  -  ResidentSetSize of job (KB)
...
006 (8983.000.000) 03/29 08:52:22 Image size of job updated: 329860
	322  -  MemoryUsage of job (MB)
	329696  -  ResidentSetSize of job (KB)
...
006 (8983.000.000) 03/29 08:56:47 Image size of job updated: 334352
	322  -  MemoryUsage of job (MB)
	329696  -  ResidentSetSize of job (KB)
...
005 (8983.000.000) 03/29 08:56:48 Job terminated.
	(1) Normal termination (return value 0)
		Usr 0 00:05:45, Sys 0 00:03:16  -  Run Remote Usage
		Usr 0 00:00:00, Sys 0 00:00:00  -  Run Local Usage
		Usr 0 00:05:45, Sys 0 00:03:16  -  Total Remote Usage
		Usr 0 00:00:00, Sys 0 00:00:00  -  Total Local Usage
	61366  -  Run Bytes Sent By Job
	549  -  Run Bytes Received By Job
	61366  -  Total Bytes Sent By Job
	549  -  Total Bytes Received By Job
	Partitionable Resources :    Usage  Request Allocated
	   Cpus                 :                 1         1
	   Disk (KB)            :       73  1024000   2046650
	   Memory (MB)          :      322     2000      2000
...
