000 (147.000.000) 08/13 15:42:56 Job submitted from host: <128.101.221.178:9618?addrs=128.101.221.178-9618&noUDP&sock=7243_a440_3>
...
001 (147.000.000) 08/13 15:43:24 Job executing on host: <128.101.221.190:9618?addrs=128.101.221.190-9618&noUDP&sock=11510_d20e_4>
...
006 (147.000.000) 08/13 15:43:34 Image size of job updated: 792
	1  -  MemoryUsage of job (MB)
	792  -  ResidentSetSize of job (KB)
...
004 (147.000.000) 08/13 15:43:44 Job was evicted.
	(0) Job was not checkpointed.
		Usr 0 00:00:00, Sys 0 00:00:00  -  Run Remote Usage
		Usr 0 00:00:00, Sys 0 00:00:00  -  Run Local Usage
	0  -  Run Bytes Sent By Job
	669  -  Run Bytes Received By Job
	Partitionable Resources :    Usage  Request Allocated
	   Cpus                 :                 1         1
	   Disk (KB)            :       12  1024000   1795278
	   Memory (MB)          :        1     2000      2000
...
009 (147.000.000) 08/13 15:43:47 Job was aborted by the user.
	via condor_rm (by user wadud)
...
