000 (6953.000.000) 03/03 10:49:56 Job submitted from host: <128.101.221.180:9618?addrs=128.101.221.180-9618&noUDP&sock=3943_2604_3>
...
001 (6953.000.000) 03/03 10:50:15 Job executing on host: <128.101.221.179:9618?addrs=128.101.221.179-9618&noUDP&sock=2230935_6d61_4>
...
006 (6953.000.000) 03/03 10:50:24 Image size of job updated: 234752
	171  -  MemoryUsage of job (MB)
	174756  -  ResidentSetSize of job (KB)
...
006 (6953.000.000) 03/03 10:54:12 Image size of job updated: 718248
	171  -  MemoryUsage of job (MB)
	174756  -  ResidentSetSize of job (KB)
...
005 (6953.000.000) 03/03 10:54:13 Job terminated.
	(1) Normal termination (return value 0)
		Usr 0 00:02:11, Sys 0 00:00:45  -  Run Remote Usage
		Usr 0 00:00:00, Sys 0 00:00:00  -  Run Local Usage
		Usr 0 00:02:11, Sys 0 00:00:45  -  Total Remote Usage
		Usr 0 00:00:00, Sys 0 00:00:00  -  Total Local Usage
	46434  -  Run Bytes Sent By Job
	521  -  Run Bytes Received By Job
	46434  -  Total Bytes Sent By Job
	521  -  Total Bytes Received By Job
	Partitionable Resources :    Usage  Request Allocated
	   Cpus                 :                 1         1
	   Disk (KB)            :       58  1024000   1028098
	   Memory (MB)          :      171     2000      2000
...
