000 (6952.000.000) 03/03 10:49:50 Job submitted from host: <128.101.221.180:9618?addrs=128.101.221.180-9618&noUDP&sock=3943_2604_3>
...
001 (6952.000.000) 03/03 10:49:53 Job executing on host: <128.101.221.178:9618?addrs=128.101.221.178-9618&noUDP&sock=1886078_3590_4>
...
006 (6952.000.000) 03/03 10:50:01 Image size of job updated: 7664
	4  -  MemoryUsage of job (MB)
	3392  -  ResidentSetSize of job (KB)
...
006 (6952.000.000) 03/03 10:54:45 Image size of job updated: 325896
	4  -  MemoryUsage of job (MB)
	3392  -  ResidentSetSize of job (KB)
...
005 (6952.000.000) 03/03 10:54:46 Job terminated.
	(1) Normal termination (return value 0)
		Usr 0 00:02:30, Sys 0 00:00:57  -  Run Remote Usage
		Usr 0 00:00:00, Sys 0 00:00:00  -  Run Local Usage
		Usr 0 00:02:30, Sys 0 00:00:57  -  Total Remote Usage
		Usr 0 00:00:00, Sys 0 00:00:00  -  Total Local Usage
	37010  -  Run Bytes Sent By Job
	521  -  Run Bytes Received By Job
	37010  -  Total Bytes Sent By Job
	521  -  Total Bytes Received By Job
	Partitionable Resources :    Usage  Request Allocated
	   Cpus                 :                 1         1
	   Disk (KB)            :       49  1024000   1026564
	   Memory (MB)          :        4     2000      2000
...
