000 (6959.000.000) 03/03 10:50:14 Job submitted from host: <128.101.221.180:9618?addrs=128.101.221.180-9618&noUDP&sock=3943_2604_3>
...
001 (6959.000.000) 03/03 10:50:36 Job executing on host: <128.101.221.174:9618?addrs=128.101.221.174-9618&noUDP&sock=4031871_ba53_4>
...
006 (6959.000.000) 03/03 10:50:45 Image size of job updated: 186632
	122  -  MemoryUsage of job (MB)
	124328  -  ResidentSetSize of job (KB)
...
006 (6959.000.000) 03/03 10:55:46 Image size of job updated: 358544
	316  -  MemoryUsage of job (MB)
	323124  -  ResidentSetSize of job (KB)
...
005 (6959.000.000) 03/03 10:55:51 Job terminated.
	(1) Normal termination (return value 0)
		Usr 0 00:02:05, Sys 0 00:00:47  -  Run Remote Usage
		Usr 0 00:00:00, Sys 0 00:00:00  -  Run Local Usage
		Usr 0 00:02:05, Sys 0 00:00:47  -  Total Remote Usage
		Usr 0 00:00:00, Sys 0 00:00:00  -  Total Local Usage
	45962  -  Run Bytes Sent By Job
	521  -  Run Bytes Received By Job
	45962  -  Total Bytes Sent By Job
	521  -  Total Bytes Received By Job
	Partitionable Resources :    Usage  Request Allocated
	   Cpus                 :                 1         1
	   Disk (KB)            :       58  1024000   1899902
	   Memory (MB)          :      316     2000      2000
...
