000 (6968.000.000) 03/03 10:50:21 Job submitted from host: <128.101.221.180:9618?addrs=128.101.221.180-9618&noUDP&sock=3943_2604_3>
...
001 (6968.000.000) 03/03 10:50:46 Job executing on host: <128.101.221.193:9618?addrs=128.101.221.193-9618&noUDP&sock=2332108_b0a7_4>
...
006 (6968.000.000) 03/03 10:50:55 Image size of job updated: 143660
	91  -  MemoryUsage of job (MB)
	92164  -  ResidentSetSize of job (KB)
...
005 (6968.000.000) 03/03 10:53:44 Job terminated.
	(1) Normal termination (return value 0)
		Usr 0 00:01:26, Sys 0 00:00:37  -  Run Remote Usage
		Usr 0 00:00:00, Sys 0 00:00:00  -  Run Local Usage
		Usr 0 00:01:26, Sys 0 00:00:37  -  Total Remote Usage
		Usr 0 00:00:00, Sys 0 00:00:00  -  Total Local Usage
	36364  -  Run Bytes Sent By Job
	521  -  Run Bytes Received By Job
	36364  -  Total Bytes Sent By Job
	521  -  Total Bytes Received By Job
	Partitionable Resources :    Usage  Request Allocated
	   Cpus                 :                 1         1
	   Disk (KB)            :       48  1024000   1029349
	   Memory (MB)          :       91     2000      2000
...
