000 (6974.000.000) 03/03 10:50:24 Job submitted from host: <128.101.221.180:9618?addrs=128.101.221.180-9618&noUDP&sock=3943_2604_3>
...
001 (6974.000.000) 03/03 10:50:41 Job executing on host: <128.101.220.43:9618?addrs=128.101.220.43-9618&noUDP&sock=249879_c9d6_4>
...
006 (6974.000.000) 03/03 10:50:49 Image size of job updated: 125172
	73  -  MemoryUsage of job (MB)
	74644  -  ResidentSetSize of job (KB)
...
005 (6974.000.000) 03/03 10:53:24 Job terminated.
	(1) Normal termination (return value 0)
		Usr 0 00:01:25, Sys 0 00:00:30  -  Run Remote Usage
		Usr 0 00:00:00, Sys 0 00:00:00  -  Run Local Usage
		Usr 0 00:01:25, Sys 0 00:00:30  -  Total Remote Usage
		Usr 0 00:00:00, Sys 0 00:00:00  -  Total Local Usage
	42285  -  Run Bytes Sent By Job
	521  -  Run Bytes Received By Job
	42285  -  Total Bytes Sent By Job
	521  -  Total Bytes Received By Job
	Partitionable Resources :    Usage  Request Allocated
	   Cpus                 :                 1         1
	   Disk (KB)            :       54  1024000   1029899
	   Memory (MB)          :       73     2000      2000
...
