000 (6954.000.000) 03/03 10:50:01 Job submitted from host: <128.101.221.180:9618?addrs=128.101.221.180-9618&noUDP&sock=3943_2604_3>
...
001 (6954.000.000) 03/03 10:50:15 Job executing on host: <128.101.221.178:9618?addrs=128.101.221.178-9618&noUDP&sock=1886078_3590_4>
...
006 (6954.000.000) 03/03 10:50:24 Image size of job updated: 244820
	180  -  MemoryUsage of job (MB)
	184072  -  ResidentSetSize of job (KB)
...
005 (6954.000.000) 03/03 10:53:26 Job terminated.
	(1) Normal termination (return value 0)
		Usr 0 00:01:44, Sys 0 00:00:38  -  Run Remote Usage
		Usr 0 00:00:00, Sys 0 00:00:00  -  Run Local Usage
		Usr 0 00:01:44, Sys 0 00:00:38  -  Total Remote Usage
		Usr 0 00:00:00, Sys 0 00:00:00  -  Total Local Usage
	50899  -  Run Bytes Sent By Job
	521  -  Run Bytes Received By Job
	50899  -  Total Bytes Sent By Job
	521  -  Total Bytes Received By Job
	Partitionable Resources :    Usage  Request Allocated
	   Cpus                 :                 1         1
	   Disk (KB)            :       62  1024000   1026555
	   Memory (MB)          :      180     2000      2000
...
