000 (6958.000.000) 03/03 10:50:13 Job submitted from host: <128.101.221.180:9618?addrs=128.101.221.180-9618&noUDP&sock=3943_2604_3>
...
001 (6958.000.000) 03/03 10:50:46 Job executing on host: <128.101.221.178:9618?addrs=128.101.221.178-9618&noUDP&sock=1886078_3590_4>
...
006 (6958.000.000) 03/03 10:50:55 Image size of job updated: 175376
	113  -  MemoryUsage of job (MB)
	115280  -  ResidentSetSize of job (KB)
...
005 (6958.000.000) 03/03 10:53:06 Job terminated.
	(1) Normal termination (return value 0)
		Usr 0 00:01:21, Sys 0 00:00:28  -  Run Remote Usage
		Usr 0 00:00:00, Sys 0 00:00:00  -  Run Local Usage
		Usr 0 00:01:21, Sys 0 00:00:28  -  Total Remote Usage
		Usr 0 00:00:00, Sys 0 00:00:00  -  Total Local Usage
	37636  -  Run Bytes Sent By Job
	521  -  Run Bytes Received By Job
	37636  -  Total Bytes Sent By Job
	521  -  Total Bytes Received By Job
	Partitionable Resources :    Usage  Request Allocated
	   Cpus                 :                 1         1
	   Disk (KB)            :       49  1024000   1026545
	   Memory (MB)          :      113     2000      2000
...
