000 (7266.000.000) 02/17 07:18:05 Job submitted from host: <128.101.221.181:9618?addrs=128.101.221.181-9618&noUDP&sock=2582719_fdba_3>
...
001 (7266.000.000) 02/17 07:18:07 Job executing on host: <128.101.221.192:9618?addrs=128.101.221.192-9618&noUDP&sock=3175794_1c7b_4>
...
006 (7266.000.000) 02/17 07:18:16 Image size of job updated: 107180
	57  -  MemoryUsage of job (MB)
	57756  -  ResidentSetSize of job (KB)
...
005 (7266.000.000) 02/17 07:21:39 Job terminated.
	(1) Normal termination (return value 0)
		Usr 0 00:01:44, Sys 0 00:01:02  -  Run Remote Usage
		Usr 0 00:00:00, Sys 0 00:00:00  -  Run Local Usage
		Usr 0 00:01:44, Sys 0 00:01:02  -  Total Remote Usage
		Usr 0 00:00:00, Sys 0 00:00:00  -  Total Local Usage
	42889  -  Run Bytes Sent By Job
	505  -  Run Bytes Received By Job
	42889  -  Total Bytes Sent By Job
	505  -  Total Bytes Received By Job
	Partitionable Resources :    Usage  Request Allocated
	   Cpus                 :                 1         1
	   Disk (KB)            :       54  1024000   1030907
	   Memory (MB)          :       57     2000      2000
...
