000 (7285.000.000) 02/17 07:18:15 Job submitted from host: <128.101.221.181:9618?addrs=128.101.221.181-9618&noUDP&sock=2582719_fdba_3>
...
001 (7285.000.000) 02/17 07:18:36 Job executing on host: <128.101.221.170:9618?addrs=128.101.221.170-9618&noUDP&sock=4150_221f_4>
...
006 (7285.000.000) 02/17 07:18:44 Image size of job updated: 201112
	180  -  MemoryUsage of job (MB)
	183696  -  ResidentSetSize of job (KB)
...
006 (7285.000.000) 02/17 07:22:02 Image size of job updated: 722416
	180  -  MemoryUsage of job (MB)
	183928  -  ResidentSetSize of job (KB)
...
005 (7285.000.000) 02/17 07:22:03 Job terminated.
	(1) Normal termination (return value 0)
		Usr 0 00:01:40, Sys 0 00:01:20  -  Run Remote Usage
		Usr 0 00:00:00, Sys 0 00:00:00  -  Run Local Usage
		Usr 0 00:01:40, Sys 0 00:01:20  -  Total Remote Usage
		Usr 0 00:00:00, Sys 0 00:00:00  -  Total Local Usage
	49528  -  Run Bytes Sent By Job
	505  -  Run Bytes Received By Job
	49528  -  Total Bytes Sent By Job
	505  -  Total Bytes Received By Job
	Partitionable Resources :    Usage  Request Allocated
	   Cpus                 :                 1         1
	   Disk (KB)            :       68  1024000   2040476
	   Memory (MB)          :      180     2000      2000
...
