000 (7271.000.000) 02/17 07:18:07 Job submitted from host: <128.101.221.181:9618?addrs=128.101.221.181-9618&noUDP&sock=2582719_fdba_3>
...
001 (7271.000.000) 02/17 07:18:29 Job executing on host: <128.101.221.192:9618?addrs=128.101.221.192-9618&noUDP&sock=3175794_1c7b_4>
...
006 (7271.000.000) 02/17 07:18:38 Image size of job updated: 215444
	207  -  MemoryUsage of job (MB)
	211636  -  ResidentSetSize of job (KB)
...
006 (7271.000.000) 02/17 07:22:48 Image size of job updated: 323296
	207  -  MemoryUsage of job (MB)
	211636  -  ResidentSetSize of job (KB)
...
005 (7271.000.000) 02/17 07:22:49 Job terminated.
	(1) Normal termination (return value 0)
		Usr 0 00:02:18, Sys 0 00:01:23  -  Run Remote Usage
		Usr 0 00:00:00, Sys 0 00:00:00  -  Run Local Usage
		Usr 0 00:02:18, Sys 0 00:01:23  -  Total Remote Usage
		Usr 0 00:00:00, Sys 0 00:00:00  -  Total Local Usage
	49108  -  Run Bytes Sent By Job
	505  -  Run Bytes Received By Job
	49108  -  Total Bytes Sent By Job
	505  -  Total Bytes Received By Job
	Partitionable Resources :    Usage  Request Allocated
	   Cpus                 :                 1         1
	   Disk (KB)            :       61  1024000   1030905
	   Memory (MB)          :      207     2000      2000
...
