000 (7268.000.000) 02/17 07:18:06 Job submitted from host: <128.101.221.181:9618?addrs=128.101.221.181-9618&noUDP&sock=2582719_fdba_3>
...
001 (7268.000.000) 02/17 07:18:09 Job executing on host: <128.101.221.170:9618?addrs=128.101.221.170-9618&noUDP&sock=4150_221f_4>
...
006 (7268.000.000) 02/17 07:18:18 Image size of job updated: 76476
	51  -  MemoryUsage of job (MB)
	51960  -  ResidentSetSize of job (KB)
...
006 (7268.000.000) 02/17 07:22:21 Image size of job updated: 76476
	51  -  MemoryUsage of job (MB)
	51976  -  ResidentSetSize of job (KB)
...
005 (7268.000.000) 02/17 07:22:21 Job terminated.
	(1) Normal termination (return value 0)
		Usr 0 00:01:54, Sys 0 00:01:32  -  Run Remote Usage
		Usr 0 00:00:00, Sys 0 00:00:00  -  Run Local Usage
		Usr 0 00:01:54, Sys 0 00:01:32  -  Total Remote Usage
		Usr 0 00:00:00, Sys 0 00:00:00  -  Total Local Usage
	37107  -  Run Bytes Sent By Job
	505  -  Run Bytes Received By Job
	37107  -  Total Bytes Sent By Job
	505  -  Total Bytes Received By Job
	Partitionable Resources :    Usage  Request Allocated
	   Cpus                 :                 1         1
	   Disk (KB)            :       56  1024000   2040476
	   Memory (MB)          :       51     2000      2000
...
