000 (7276.000.000) 02/17 07:18:10 Job submitted from host: <128.101.221.181:9618?addrs=128.101.221.181-9618&noUDP&sock=2582719_fdba_3>
...
001 (7276.000.000) 02/17 07:18:31 Job executing on host: <128.101.221.193:9618?addrs=128.101.221.193-9618&noUDP&sock=2332108_b0a7_4>
...
006 (7276.000.000) 02/17 07:18:40 Image size of job updated: 214324
	207  -  MemoryUsage of job (MB)
	211116  -  ResidentSetSize of job (KB)
...
006 (7276.000.000) 02/17 07:21:40 Image size of job updated: 717260
	207  -  MemoryUsage of job (MB)
	211116  -  ResidentSetSize of job (KB)
...
005 (7276.000.000) 02/17 07:21:41 Job terminated.
	(1) Normal termination (return value 0)
		Usr 0 00:01:19, Sys 0 00:01:19  -  Run Remote Usage
		Usr 0 00:00:00, Sys 0 00:00:00  -  Run Local Usage
		Usr 0 00:01:19, Sys 0 00:01:19  -  Total Remote Usage
		Usr 0 00:00:00, Sys 0 00:00:00  -  Total Local Usage
	67393  -  Run Bytes Sent By Job
	505  -  Run Bytes Received By Job
	67393  -  Total Bytes Sent By Job
	505  -  Total Bytes Received By Job
	Partitionable Resources :    Usage  Request Allocated
	   Cpus                 :                 1         1
	   Disk (KB)            :       78  1024000   1030405
	   Memory (MB)          :      207     2000      2000
...
