000 (7267.000.000) 02/17 07:18:05 Job submitted from host: <128.101.221.181:9618?addrs=128.101.221.181-9618&noUDP&sock=2582719_fdba_3>
...
001 (7267.000.000) 02/17 07:18:09 Job executing on host: <128.101.221.193:9618?addrs=128.101.221.193-9618&noUDP&sock=2332108_b0a7_4>
...
006 (7267.000.000) 02/17 07:18:18 Image size of job updated: 147292
	94  -  MemoryUsage of job (MB)
	95796  -  ResidentSetSize of job (KB)
...
005 (7267.000.000) 02/17 07:20:58 Job terminated.
	(1) Normal termination (return value 0)
		Usr 0 00:01:05, Sys 0 00:01:03  -  Run Remote Usage
		Usr 0 00:00:00, Sys 0 00:00:00  -  Run Local Usage
		Usr 0 00:01:05, Sys 0 00:01:03  -  Total Remote Usage
		Usr 0 00:00:00, Sys 0 00:00:00  -  Total Local Usage
	41172  -  Run Bytes Sent By Job
	505  -  Run Bytes Received By Job
	41172  -  Total Bytes Sent By Job
	505  -  Total Bytes Received By Job
	Partitionable Resources :    Usage  Request Allocated
	   Cpus                 :                 1         1
	   Disk (KB)            :       53  1024000   1030409
	   Memory (MB)          :       94     2000      2000
...
