000 (7286.000.000) 02/17 07:18:16 Job submitted from host: <128.101.221.181:9618?addrs=128.101.221.181-9618&noUDP&sock=2582719_fdba_3>
...
001 (7286.000.000) 02/17 07:18:36 Job executing on host: <128.101.221.193:9618?addrs=128.101.221.193-9618&noUDP&sock=2332108_b0a7_4>
...
006 (7286.000.000) 02/17 07:18:44 Image size of job updated: 206088
	200  -  MemoryUsage of job (MB)
	203820  -  ResidentSetSize of job (KB)
...
005 (7286.000.000) 02/17 07:20:13 Job terminated.
	(1) Normal termination (return value 0)
		Usr 0 00:00:45, Sys 0 00:00:37  -  Run Remote Usage
		Usr 0 00:00:00, Sys 0 00:00:00  -  Run Local Usage
		Usr 0 00:00:45, Sys 0 00:00:37  -  Total Remote Usage
		Usr 0 00:00:00, Sys 0 00:00:00  -  Total Local Usage
	48413  -  Run Bytes Sent By Job
	505  -  Run Bytes Received By Job
	48413  -  Total Bytes Sent By Job
	505  -  Total Bytes Received By Job
	Partitionable Resources :    Usage  Request Allocated
	   Cpus                 :                 1         1
	   Disk (KB)            :       60  1024000   1030405
	   Memory (MB)          :      200     2000      2000
...
