000 (7288.000.000) 02/17 07:18:17 Job submitted from host: <128.101.221.181:9618?addrs=128.101.221.181-9618&noUDP&sock=2582719_fdba_3>
...
001 (7288.000.000) 02/17 07:18:37 Job executing on host: <128.101.221.192:9618?addrs=128.101.221.192-9618&noUDP&sock=3175794_1c7b_4>
...
006 (7288.000.000) 02/17 07:18:46 Image size of job updated: 197616
	186  -  MemoryUsage of job (MB)
	190420  -  ResidentSetSize of job (KB)
...
006 (7288.000.000) 02/17 07:21:50 Image size of job updated: 718764
	186  -  MemoryUsage of job (MB)
	190420  -  ResidentSetSize of job (KB)
...
005 (7288.000.000) 02/17 07:21:51 Job terminated.
	(1) Normal termination (return value 0)
		Usr 0 00:01:46, Sys 0 00:01:00  -  Run Remote Usage
		Usr 0 00:00:00, Sys 0 00:00:00  -  Run Local Usage
		Usr 0 00:01:46, Sys 0 00:01:00  -  Total Remote Usage
		Usr 0 00:00:00, Sys 0 00:00:00  -  Total Local Usage
	45069  -  Run Bytes Sent By Job
	505  -  Run Bytes Received By Job
	45069  -  Total Bytes Sent By Job
	505  -  Total Bytes Received By Job
	Partitionable Resources :    Usage  Request Allocated
	   Cpus                 :                 1         1
	   Disk (KB)            :       57  1024000   1030904
	   Memory (MB)          :      186     2000      2000
...
