000 (7375.000.000) 02/17 07:40:23 Job submitted from host: <128.101.221.181:9618?addrs=128.101.221.181-9618&noUDP&sock=2582719_fdba_3>
...
001 (7375.000.000) 02/17 07:40:36 Job executing on host: <128.101.221.192:9618?addrs=128.101.221.192-9618&noUDP&sock=3175794_1c7b_4>
...
006 (7375.000.000) 02/17 07:40:45 Image size of job updated: 279532
	255  -  MemoryUsage of job (MB)
	261120  -  ResidentSetSize of job (KB)
...
005 (7375.000.000) 02/17 07:43:56 Job terminated.
	(1) Normal termination (return value 0)
		Usr 0 00:01:44, Sys 0 00:01:04  -  Run Remote Usage
		Usr 0 00:00:00, Sys 0 00:00:00  -  Run Local Usage
		Usr 0 00:01:44, Sys 0 00:01:04  -  Total Remote Usage
		Usr 0 00:00:00, Sys 0 00:00:00  -  Total Local Usage
	65293  -  Run Bytes Sent By Job
	505  -  Run Bytes Received By Job
	65293  -  Total Bytes Sent By Job
	505  -  Total Bytes Received By Job
	Partitionable Resources :    Usage  Request Allocated
	   Cpus                 :                 1         1
	   Disk (KB)            :       76  1024000   1030886
	   Memory (MB)          :      255     2000      2000
...
