000 (7356.000.000) 02/17 07:40:12 Job submitted from host: <128.101.221.181:9618?addrs=128.101.221.181-9618&noUDP&sock=2582719_fdba_3>
...
001 (7356.000.000) 02/17 07:40:28 Job executing on host: <128.101.221.192:9618?addrs=128.101.221.192-9618&noUDP&sock=3175794_1c7b_4>
...
006 (7356.000.000) 02/17 07:40:36 Image size of job updated: 43576
	42  -  MemoryUsage of job (MB)
	42308  -  ResidentSetSize of job (KB)
...
006 (7356.000.000) 02/17 07:44:30 Image size of job updated: 717632
	42  -  MemoryUsage of job (MB)
	42308  -  ResidentSetSize of job (KB)
...
005 (7356.000.000) 02/17 07:44:31 Job terminated.
	(1) Normal termination (return value 0)
		Usr 0 00:02:05, Sys 0 00:01:14  -  Run Remote Usage
		Usr 0 00:00:00, Sys 0 00:00:00  -  Run Local Usage
		Usr 0 00:02:05, Sys 0 00:01:14  -  Total Remote Usage
		Usr 0 00:00:00, Sys 0 00:00:00  -  Total Local Usage
	40427  -  Run Bytes Sent By Job
	505  -  Run Bytes Received By Job
	40427  -  Total Bytes Sent By Job
	505  -  Total Bytes Received By Job
	Partitionable Resources :    Usage  Request Allocated
	   Cpus                 :                 1         1
	   Disk (KB)            :       52  1024000   1030890
	   Memory (MB)          :       42     2000      2000
...
