000 (7363.000.000) 02/17 07:40:16 Job submitted from host: <128.101.221.181:9618?addrs=128.101.221.181-9618&noUDP&sock=2582719_fdba_3>
...
001 (7363.000.000) 02/17 07:40:29 Job executing on host: <128.101.221.182:9618?addrs=128.101.221.182-9618&noUDP&sock=3902_06a2_4>
...
006 (7363.000.000) 02/17 07:40:38 Image size of job updated: 121112
	113  -  MemoryUsage of job (MB)
	115428  -  ResidentSetSize of job (KB)
...
006 (7363.000.000) 02/17 07:45:39 Image size of job updated: 322632
	316  -  MemoryUsage of job (MB)
	322632  -  ResidentSetSize of job (KB)
...
006 (7363.000.000) 02/17 07:49:39 Image size of job updated: 717656
	316  -  MemoryUsage of job (MB)
	322632  -  ResidentSetSize of job (KB)
...
005 (7363.000.000) 02/17 07:49:40 Job terminated.
	(1) Normal termination (return value 0)
		Usr 0 00:02:13, Sys 0 00:01:10  -  Run Remote Usage
		Usr 0 00:00:00, Sys 0 00:00:00  -  Run Local Usage
		Usr 0 00:02:13, Sys 0 00:01:10  -  Total Remote Usage
		Usr 0 00:00:00, Sys 0 00:00:00  -  Total Local Usage
	35629  -  Run Bytes Sent By Job
	505  -  Run Bytes Received By Job
	35629  -  Total Bytes Sent By Job
	505  -  Total Bytes Received By Job
	Partitionable Resources :    Usage  Request Allocated
	   Cpus                 :                 1         1
	   Disk (KB)            :       47  1024000   1024788
	   Memory (MB)          :      316     2000      2000
...
