000 (7362.000.000) 02/17 07:40:15 Job submitted from host: <128.101.221.181:9618?addrs=128.101.221.181-9618&noUDP&sock=2582719_fdba_3>
...
001 (7362.000.000) 02/17 07:40:31 Job executing on host: <128.101.221.170:9618?addrs=128.101.221.170-9618&noUDP&sock=4150_221f_4>
...
006 (7362.000.000) 02/17 07:40:40 Image size of job updated: 127744
	122  -  MemoryUsage of job (MB)
	124156  -  ResidentSetSize of job (KB)
...
006 (7362.000.000) 02/17 07:44:46 Image size of job updated: 127744
	122  -  MemoryUsage of job (MB)
	124492  -  ResidentSetSize of job (KB)
...
005 (7362.000.000) 02/17 07:44:46 Job terminated.
	(1) Normal termination (return value 0)
		Usr 0 00:02:02, Sys 0 00:01:34  -  Run Remote Usage
		Usr 0 00:00:00, Sys 0 00:00:00  -  Run Local Usage
		Usr 0 00:02:02, Sys 0 00:01:34  -  Total Remote Usage
		Usr 0 00:00:00, Sys 0 00:00:00  -  Total Local Usage
	42024  -  Run Bytes Sent By Job
	505  -  Run Bytes Received By Job
	42024  -  Total Bytes Sent By Job
	505  -  Total Bytes Received By Job
	Partitionable Resources :    Usage  Request Allocated
	   Cpus                 :                 1         1
	   Disk (KB)            :       60  1024000   2040476
	   Memory (MB)          :      122     2000      2000
...
