000 (7373.000.000) 02/17 07:40:22 Job submitted from host: <128.101.221.181:9618?addrs=128.101.221.181-9618&noUDP&sock=2582719_fdba_3>
...
001 (7373.000.000) 02/17 07:40:35 Job executing on host: <128.101.221.182:9618?addrs=128.101.221.182-9618&noUDP&sock=3902_06a2_4>
...
006 (7373.000.000) 02/17 07:40:44 Image size of job updated: 258992
	241  -  MemoryUsage of job (MB)
	245848  -  ResidentSetSize of job (KB)
...
006 (7373.000.000) 02/17 07:43:34 Image size of job updated: 717724
	241  -  MemoryUsage of job (MB)
	245848  -  ResidentSetSize of job (KB)
...
005 (7373.000.000) 02/17 07:43:35 Job terminated.
	(1) Normal termination (return value 0)
		Usr 0 00:01:36, Sys 0 00:00:54  -  Run Remote Usage
		Usr 0 00:00:00, Sys 0 00:00:00  -  Run Local Usage
		Usr 0 00:01:36, Sys 0 00:00:54  -  Total Remote Usage
		Usr 0 00:00:00, Sys 0 00:00:00  -  Total Local Usage
	41172  -  Run Bytes Sent By Job
	505  -  Run Bytes Received By Job
	41172  -  Total Bytes Sent By Job
	505  -  Total Bytes Received By Job
	Partitionable Resources :    Usage  Request Allocated
	   Cpus                 :                 1         1
	   Disk (KB)            :       53  1024000   1024788
	   Memory (MB)          :      241     2000      2000
...
