000 (7365.000.000) 02/17 07:40:17 Job submitted from host: <128.101.221.181:9618?addrs=128.101.221.181-9618&noUDP&sock=2582719_fdba_3>
...
001 (7365.000.000) 02/17 07:40:32 Job executing on host: <128.101.221.193:9618?addrs=128.101.221.193-9618&noUDP&sock=2332108_b0a7_4>
...
006 (7365.000.000) 02/17 07:40:40 Image size of job updated: 140456
	137  -  MemoryUsage of job (MB)
	140008  -  ResidentSetSize of job (KB)
...
005 (7365.000.000) 02/17 07:43:47 Job terminated.
	(1) Normal termination (return value 0)
		Usr 0 00:01:18, Sys 0 00:01:20  -  Run Remote Usage
		Usr 0 00:00:00, Sys 0 00:00:00  -  Run Local Usage
		Usr 0 00:01:18, Sys 0 00:01:20  -  Total Remote Usage
		Usr 0 00:00:00, Sys 0 00:00:00  -  Total Local Usage
	45053  -  Run Bytes Sent By Job
	505  -  Run Bytes Received By Job
	45053  -  Total Bytes Sent By Job
	505  -  Total Bytes Received By Job
	Partitionable Resources :    Usage  Request Allocated
	   Cpus                 :                 1         1
	   Disk (KB)            :       57  1024000   1030384
	   Memory (MB)          :      137     2000      2000
...
