000 (7370.000.000) 02/17 07:40:20 Job submitted from host: <128.101.221.181:9618?addrs=128.101.221.181-9618&noUDP&sock=2582719_fdba_3>
...
001 (7370.000.000) 02/17 07:40:33 Job executing on host: <128.101.221.192:9618?addrs=128.101.221.192-9618&noUDP&sock=3175794_1c7b_4>
...
006 (7370.000.000) 02/17 07:40:42 Image size of job updated: 175976
	168  -  MemoryUsage of job (MB)
	171096  -  ResidentSetSize of job (KB)
...
006 (7370.000.000) 02/17 07:45:13 Image size of job updated: 323052
	168  -  MemoryUsage of job (MB)
	171096  -  ResidentSetSize of job (KB)
...
005 (7370.000.000) 02/17 07:45:14 Job terminated.
	(1) Normal termination (return value 0)
		Usr 0 00:02:27, Sys 0 00:01:28  -  Run Remote Usage
		Usr 0 00:00:00, Sys 0 00:00:00  -  Run Local Usage
		Usr 0 00:02:27, Sys 0 00:01:28  -  Total Remote Usage
		Usr 0 00:00:00, Sys 0 00:00:00  -  Total Local Usage
	53029  -  Run Bytes Sent By Job
	505  -  Run Bytes Received By Job
	53029  -  Total Bytes Sent By Job
	505  -  Total Bytes Received By Job
	Partitionable Resources :    Usage  Request Allocated
	   Cpus                 :                 1         1
	   Disk (KB)            :       64  1024000   1030886
	   Memory (MB)          :      168     2000      2000
...
