000 (7371.000.000) 02/17 07:40:20 Job submitted from host: <128.101.221.181:9618?addrs=128.101.221.181-9618&noUDP&sock=2582719_fdba_3>
...
001 (7371.000.000) 02/17 07:40:33 Job executing on host: <128.101.221.193:9618?addrs=128.101.221.193-9618&noUDP&sock=2332108_b0a7_4>
...
006 (7371.000.000) 02/17 07:40:42 Image size of job updated: 218392
	212  -  MemoryUsage of job (MB)
	216928  -  ResidentSetSize of job (KB)
...
006 (7371.000.000) 02/17 07:44:09 Image size of job updated: 719188
	212  -  MemoryUsage of job (MB)
	216928  -  ResidentSetSize of job (KB)
...
005 (7371.000.000) 02/17 07:44:10 Job terminated.
	(1) Normal termination (return value 0)
		Usr 0 00:01:27, Sys 0 00:01:30  -  Run Remote Usage
		Usr 0 00:00:00, Sys 0 00:00:00  -  Run Local Usage
		Usr 0 00:01:27, Sys 0 00:01:30  -  Total Remote Usage
		Usr 0 00:00:00, Sys 0 00:00:00  -  Total Local Usage
	75646  -  Run Bytes Sent By Job
	505  -  Run Bytes Received By Job
	75646  -  Total Bytes Sent By Job
	505  -  Total Bytes Received By Job
	Partitionable Resources :    Usage  Request Allocated
	   Cpus                 :                 1         1
	   Disk (KB)            :       86  1024000   1030384
	   Memory (MB)          :      212     2000      2000
...
