000 (7377.000.000) 02/17 07:40:24 Job submitted from host: <128.101.221.181:9618?addrs=128.101.221.181-9618&noUDP&sock=2582719_fdba_3>
...
001 (7377.000.000) 02/17 07:40:35 Job executing on host: <128.101.221.182:9618?addrs=128.101.221.182-9618&noUDP&sock=3902_06a2_4>
...
006 (7377.000.000) 02/17 07:40:44 Image size of job updated: 240464
	232  -  MemoryUsage of job (MB)
	237224  -  ResidentSetSize of job (KB)
...
006 (7377.000.000) 02/17 07:44:39 Image size of job updated: 717648
	232  -  MemoryUsage of job (MB)
	237224  -  ResidentSetSize of job (KB)
...
005 (7377.000.000) 02/17 07:44:40 Job terminated.
	(1) Normal termination (return value 0)
		Usr 0 00:02:12, Sys 0 00:01:15  -  Run Remote Usage
		Usr 0 00:00:00, Sys 0 00:00:00  -  Run Local Usage
		Usr 0 00:02:12, Sys 0 00:01:15  -  Total Remote Usage
		Usr 0 00:00:00, Sys 0 00:00:00  -  Total Local Usage
	51094  -  Run Bytes Sent By Job
	505  -  Run Bytes Received By Job
	51094  -  Total Bytes Sent By Job
	505  -  Total Bytes Received By Job
	Partitionable Resources :    Usage  Request Allocated
	   Cpus                 :                 1         1
	   Disk (KB)            :       62  1024000   1024788
	   Memory (MB)          :      232     2000      2000
...
