000 (7367.000.000) 02/17 07:40:18 Job submitted from host: <128.101.221.181:9618?addrs=128.101.221.181-9618&noUDP&sock=2582719_fdba_3>
...
001 (7367.000.000) 02/17 07:40:31 Job executing on host: <128.101.221.192:9618?addrs=128.101.221.192-9618&noUDP&sock=3175794_1c7b_4>
...
006 (7367.000.000) 02/17 07:40:40 Image size of job updated: 99828
	95  -  MemoryUsage of job (MB)
	96296  -  ResidentSetSize of job (KB)
...
005 (7367.000.000) 02/17 07:44:15 Job terminated.
	(1) Normal termination (return value 0)
		Usr 0 00:01:56, Sys 0 00:01:10  -  Run Remote Usage
		Usr 0 00:00:00, Sys 0 00:00:00  -  Run Local Usage
		Usr 0 00:01:56, Sys 0 00:01:10  -  Total Remote Usage
		Usr 0 00:00:00, Sys 0 00:00:00  -  Total Local Usage
	37769  -  Run Bytes Sent By Job
	505  -  Run Bytes Received By Job
	37769  -  Total Bytes Sent By Job
	505  -  Total Bytes Received By Job
	Partitionable Resources :    Usage  Request Allocated
	   Cpus                 :                 1         1
	   Disk (KB)            :       49  1024000   1030887
	   Memory (MB)          :       95     2000      2000
...
