000 (7368.000.000) 02/17 07:40:19 Job submitted from host: <128.101.221.181:9618?addrs=128.101.221.181-9618&noUDP&sock=2582719_fdba_3>
...
001 (7368.000.000) 02/17 07:40:31 Job executing on host: <128.101.221.170:9618?addrs=128.101.221.170-9618&noUDP&sock=4150_221f_4>
...
006 (7368.000.000) 02/17 07:40:41 Image size of job updated: 124692
	121  -  MemoryUsage of job (MB)
	123276  -  ResidentSetSize of job (KB)
...
006 (7368.000.000) 02/17 07:44:07 Image size of job updated: 722352
	121  -  MemoryUsage of job (MB)
	123400  -  ResidentSetSize of job (KB)
...
005 (7368.000.000) 02/17 07:44:08 Job terminated.
	(1) Normal termination (return value 0)
		Usr 0 00:01:42, Sys 0 00:01:23  -  Run Remote Usage
		Usr 0 00:00:00, Sys 0 00:00:00  -  Run Local Usage
		Usr 0 00:01:42, Sys 0 00:01:23  -  Total Remote Usage
		Usr 0 00:00:00, Sys 0 00:00:00  -  Total Local Usage
	49527  -  Run Bytes Sent By Job
	505  -  Run Bytes Received By Job
	49527  -  Total Bytes Sent By Job
	505  -  Total Bytes Received By Job
	Partitionable Resources :    Usage  Request Allocated
	   Cpus                 :                 1         1
	   Disk (KB)            :       68  1024000   2040476
	   Memory (MB)          :      121     2000      2000
...
