000 (7680.000.000) 03/05 10:13:52 Job submitted from host: <128.101.221.180:9618?addrs=128.101.221.180-9618&noUDP&sock=3943_2604_3>
...
001 (7680.000.000) 03/05 10:14:13 Job executing on host: <128.101.221.171:9618?addrs=128.101.221.171-9618&noUDP&sock=1778228_146e_4>
...
006 (7680.000.000) 03/05 10:14:22 Image size of job updated: 286104
	202  -  MemoryUsage of job (MB)
	206792  -  ResidentSetSize of job (KB)
...
006 (7680.000.000) 03/05 10:19:23 Image size of job updated: 430236
	326  -  MemoryUsage of job (MB)
	333620  -  ResidentSetSize of job (KB)
...
006 (7680.000.000) 03/05 10:20:51 Image size of job updated: 731884
	326  -  MemoryUsage of job (MB)
	333620  -  ResidentSetSize of job (KB)
...
005 (7680.000.000) 03/05 10:20:52 Job terminated.
	(1) Normal termination (return value 0)
		Usr 0 00:04:21, Sys 0 00:01:29  -  Run Remote Usage
		Usr 0 00:00:00, Sys 0 00:00:00  -  Run Local Usage
		Usr 0 00:04:21, Sys 0 00:01:29  -  Total Remote Usage
		Usr 0 00:00:00, Sys 0 00:00:00  -  Total Local Usage
	69555  -  Run Bytes Sent By Job
	519  -  Run Bytes Received By Job
	69555  -  Total Bytes Sent By Job
	519  -  Total Bytes Received By Job
	Partitionable Resources :    Usage  Request Allocated
	   Cpus                 :                 1         1
	   Disk (KB)            :       81  1024000   1028041
	   Memory (MB)          :      326     2000      2000
...
