000 (7695.000.000) 03/05 10:13:59 Job submitted from host: <128.101.221.180:9618?addrs=128.101.221.180-9618&noUDP&sock=3943_2604_3>
...
001 (7695.000.000) 03/05 10:14:20 Job executing on host: <128.101.220.43:9618?addrs=128.101.220.43-9618&noUDP&sock=249879_c9d6_4>
...
006 (7695.000.000) 03/05 10:14:29 Image size of job updated: 306732
	217  -  MemoryUsage of job (MB)
	222120  -  ResidentSetSize of job (KB)
...
006 (7695.000.000) 03/05 10:18:27 Image size of job updated: 730068
	217  -  MemoryUsage of job (MB)
	222120  -  ResidentSetSize of job (KB)
...
005 (7695.000.000) 03/05 10:18:28 Job terminated.
	(1) Normal termination (return value 0)
		Usr 0 00:02:36, Sys 0 00:00:53  -  Run Remote Usage
		Usr 0 00:00:00, Sys 0 00:00:00  -  Run Local Usage
		Usr 0 00:02:36, Sys 0 00:00:53  -  Total Remote Usage
		Usr 0 00:00:00, Sys 0 00:00:00  -  Total Local Usage
	36736  -  Run Bytes Sent By Job
	519  -  Run Bytes Received By Job
	36736  -  Total Bytes Sent By Job
	519  -  Total Bytes Received By Job
	Partitionable Resources :    Usage  Request Allocated
	   Cpus                 :                 1         1
	   Disk (KB)            :       49  1024000   1029544
	   Memory (MB)          :      217     2000      2000
...
