000 (7687.000.000) 03/05 10:13:55 Job submitted from host: <128.101.221.180:9618?addrs=128.101.221.180-9618&noUDP&sock=3943_2604_3>
...
001 (7687.000.000) 03/05 10:14:18 Job executing on host: <128.101.221.184:9618?addrs=128.101.221.184-9618&noUDP&sock=3941866_c8bc_4>
...
006 (7687.000.000) 03/05 10:14:27 Image size of job updated: 290212
	205  -  MemoryUsage of job (MB)
	209140  -  ResidentSetSize of job (KB)
...
006 (7687.000.000) 03/05 10:19:23 Image size of job updated: 731232
	205  -  MemoryUsage of job (MB)
	209140  -  ResidentSetSize of job (KB)
...
005 (7687.000.000) 03/05 10:19:24 Job terminated.
	(1) Normal termination (return value 0)
		Usr 0 00:03:15, Sys 0 00:01:11  -  Run Remote Usage
		Usr 0 00:00:00, Sys 0 00:00:00  -  Run Local Usage
		Usr 0 00:03:15, Sys 0 00:01:11  -  Total Remote Usage
		Usr 0 00:00:00, Sys 0 00:00:00  -  Total Local Usage
	45274  -  Run Bytes Sent By Job
	519  -  Run Bytes Received By Job
	45274  -  Total Bytes Sent By Job
	519  -  Total Bytes Received By Job
	Partitionable Resources :    Usage  Request Allocated
	   Cpus                 :                 1         1
	   Disk (KB)            :       57  1024000   1027516
	   Memory (MB)          :      205     2000      2000
...
