000 (7684.000.000) 03/05 10:13:54 Job submitted from host: <128.101.221.180:9618?addrs=128.101.221.180-9618&noUDP&sock=3943_2604_3>
...
001 (7684.000.000) 03/05 10:14:16 Job executing on host: <128.101.221.182:9618?addrs=128.101.221.182-9618&noUDP&sock=3902_06a2_4>
...
006 (7684.000.000) 03/05 10:14:24 Image size of job updated: 275368
	192  -  MemoryUsage of job (MB)
	196324  -  ResidentSetSize of job (KB)
...
006 (7684.000.000) 03/05 10:18:57 Image size of job updated: 729924
	192  -  MemoryUsage of job (MB)
	196324  -  ResidentSetSize of job (KB)
...
005 (7684.000.000) 03/05 10:18:58 Job terminated.
	(1) Normal termination (return value 0)
		Usr 0 00:03:03, Sys 0 00:01:01  -  Run Remote Usage
		Usr 0 00:00:00, Sys 0 00:00:00  -  Run Local Usage
		Usr 0 00:03:03, Sys 0 00:01:01  -  Total Remote Usage
		Usr 0 00:00:00, Sys 0 00:00:00  -  Total Local Usage
	51047  -  Run Bytes Sent By Job
	519  -  Run Bytes Received By Job
	51047  -  Total Bytes Sent By Job
	519  -  Total Bytes Received By Job
	Partitionable Resources :    Usage  Request Allocated
	   Cpus                 :                 1         1
	   Disk (KB)            :       62  1024000   2046474
	   Memory (MB)          :      192     2000      2000
...
