000 (7692.000.000) 03/05 10:13:58 Job submitted from host: <128.101.221.180:9618?addrs=128.101.221.180-9618&noUDP&sock=3943_2604_3>
...
001 (7692.000.000) 03/05 10:14:20 Job executing on host: <128.101.221.189:9618?addrs=128.101.221.189-9618&noUDP&sock=3424045_a60c_4>
...
006 (7692.000.000) 03/05 10:14:28 Image size of job updated: 269080
	187  -  MemoryUsage of job (MB)
	190696  -  ResidentSetSize of job (KB)
...
006 (7692.000.000) 03/05 10:19:28 Image size of job updated: 429400
	325  -  MemoryUsage of job (MB)
	332780  -  ResidentSetSize of job (KB)
...
006 (7692.000.000) 03/05 10:21:35 Image size of job updated: 429772
	325  -  MemoryUsage of job (MB)
	332780  -  ResidentSetSize of job (KB)
...
005 (7692.000.000) 03/05 10:21:36 Job terminated.
	(1) Normal termination (return value 0)
		Usr 0 00:04:46, Sys 0 00:01:35  -  Run Remote Usage
		Usr 0 00:00:00, Sys 0 00:00:00  -  Run Local Usage
		Usr 0 00:04:46, Sys 0 00:01:35  -  Total Remote Usage
		Usr 0 00:00:00, Sys 0 00:00:00  -  Total Local Usage
	41389  -  Run Bytes Sent By Job
	519  -  Run Bytes Received By Job
	41389  -  Total Bytes Sent By Job
	519  -  Total Bytes Received By Job
	Partitionable Resources :    Usage  Request Allocated
	   Cpus                 :                 1         1
	   Disk (KB)            :       53  1024000   1029688
	   Memory (MB)          :      325     2000      2000
...
