000 (7683.000.000) 03/05 10:13:53 Job submitted from host: <128.101.221.180:9618?addrs=128.101.221.180-9618&noUDP&sock=3943_2604_3>
...
001 (7683.000.000) 03/05 10:14:16 Job executing on host: <128.101.221.191:9618?addrs=128.101.221.191-9618&noUDP&sock=3143621_1bfa_4>
...
006 (7683.000.000) 03/05 10:14:24 Image size of job updated: 266464
	185  -  MemoryUsage of job (MB)
	188528  -  ResidentSetSize of job (KB)
...
006 (7683.000.000) 03/05 10:19:24 Image size of job updated: 425704
	322  -  MemoryUsage of job (MB)
	329084  -  ResidentSetSize of job (KB)
...
006 (7683.000.000) 03/05 10:20:17 Image size of job updated: 730092
	322  -  MemoryUsage of job (MB)
	329084  -  ResidentSetSize of job (KB)
...
005 (7683.000.000) 03/05 10:20:18 Job terminated.
	(1) Normal termination (return value 0)
		Usr 0 00:03:54, Sys 0 00:01:21  -  Run Remote Usage
		Usr 0 00:00:00, Sys 0 00:00:00  -  Run Local Usage
		Usr 0 00:03:54, Sys 0 00:01:21  -  Total Remote Usage
		Usr 0 00:00:00, Sys 0 00:00:00  -  Total Local Usage
	36511  -  Run Bytes Sent By Job
	519  -  Run Bytes Received By Job
	36511  -  Total Bytes Sent By Job
	519  -  Total Bytes Received By Job
	Partitionable Resources :    Usage  Request Allocated
	   Cpus                 :                 1         1
	   Disk (KB)            :       48  1024000   1028911
	   Memory (MB)          :      322     2000      2000
...
