000 (7676.000.000) 03/05 10:13:50 Job submitted from host: <128.101.221.180:9618?addrs=128.101.221.180-9618&noUDP&sock=3943_2604_3>
...
001 (7676.000.000) 03/05 10:14:11 Job executing on host: <128.101.221.170:9618?addrs=128.101.221.170-9618&noUDP&sock=4150_221f_4>
...
006 (7676.000.000) 03/05 10:14:19 Image size of job updated: 255224
	175  -  MemoryUsage of job (MB)
	178952  -  ResidentSetSize of job (KB)
...
006 (7676.000.000) 03/05 10:19:19 Image size of job updated: 425808
	322  -  MemoryUsage of job (MB)
	329184  -  ResidentSetSize of job (KB)
...
006 (7676.000.000) 03/05 10:21:19 Image size of job updated: 735148
	322  -  MemoryUsage of job (MB)
	329184  -  ResidentSetSize of job (KB)
...
005 (7676.000.000) 03/05 10:21:20 Job terminated.
	(1) Normal termination (return value 0)
		Usr 0 00:04:30, Sys 0 00:01:45  -  Run Remote Usage
		Usr 0 00:00:00, Sys 0 00:00:00  -  Run Local Usage
		Usr 0 00:04:30, Sys 0 00:01:45  -  Total Remote Usage
		Usr 0 00:00:00, Sys 0 00:00:00  -  Total Local Usage
	56094  -  Run Bytes Sent By Job
	519  -  Run Bytes Received By Job
	56094  -  Total Bytes Sent By Job
	519  -  Total Bytes Received By Job
	Partitionable Resources :    Usage  Request Allocated
	   Cpus                 :                 1         1
	   Disk (KB)            :       68  1024000   2040476
	   Memory (MB)          :      322     2000      2000
...
