000 (7678.000.000) 03/05 10:13:51 Job submitted from host: <128.101.221.180:9618?addrs=128.101.221.180-9618&noUDP&sock=3943_2604_3>
...
001 (7678.000.000) 03/05 10:14:13 Job executing on host: <128.101.221.174:9618?addrs=128.101.221.174-9618&noUDP&sock=4031871_ba53_4>
...
006 (7678.000.000) 03/05 10:14:22 Image size of job updated: 292516
	207  -  MemoryUsage of job (MB)
	211012  -  ResidentSetSize of job (KB)
...
006 (7678.000.000) 03/05 10:19:23 Image size of job updated: 426736
	323  -  MemoryUsage of job (MB)
	330112  -  ResidentSetSize of job (KB)
...
006 (7678.000.000) 03/05 10:19:41 Image size of job updated: 730580
	323  -  MemoryUsage of job (MB)
	330112  -  ResidentSetSize of job (KB)
...
005 (7678.000.000) 03/05 10:19:42 Job terminated.
	(1) Normal termination (return value 0)
		Usr 0 00:03:29, Sys 0 00:01:16  -  Run Remote Usage
		Usr 0 00:00:00, Sys 0 00:00:00  -  Run Local Usage
		Usr 0 00:03:29, Sys 0 00:01:16  -  Total Remote Usage
		Usr 0 00:00:00, Sys 0 00:00:00  -  Total Local Usage
	42431  -  Run Bytes Sent By Job
	519  -  Run Bytes Received By Job
	42431  -  Total Bytes Sent By Job
	519  -  Total Bytes Received By Job
	Partitionable Resources :    Usage  Request Allocated
	   Cpus                 :                 1         1
	   Disk (KB)            :       54  1024000   1900946
	   Memory (MB)          :      323     2000      2000
...
