000 (4171.000.000) 02/25 10:26:22 Job submitted from host: <128.101.221.180:9618?addrs=128.101.221.180-9618&noUDP&sock=3943_2604_3>
...
001 (4171.000.000) 02/25 10:26:31 Job executing on host: <128.101.221.175:9618?addrs=128.101.221.175-9618&noUDP&sock=217663_4ac3_4>
...
006 (4171.000.000) 02/25 10:26:40 Image size of job updated: 74292
	42  -  MemoryUsage of job (MB)
	42312  -  ResidentSetSize of job (KB)
...
006 (4171.000.000) 02/25 10:29:37 Image size of job updated: 324704
	42  -  MemoryUsage of job (MB)
	42312  -  ResidentSetSize of job (KB)
...
005 (4171.000.000) 02/25 10:29:38 Job terminated.
	(1) Normal termination (return value 0)
		Usr 0 00:01:38, Sys 0 00:00:41  -  Run Remote Usage
		Usr 0 00:00:00, Sys 0 00:00:00  -  Run Local Usage
		Usr 0 00:01:38, Sys 0 00:00:41  -  Total Remote Usage
		Usr 0 00:00:00, Sys 0 00:00:00  -  Total Local Usage
	50084  -  Run Bytes Sent By Job
	515  -  Run Bytes Received By Job
	50084  -  Total Bytes Sent By Job
	515  -  Total Bytes Received By Job
	Partitionable Resources :    Usage  Request Allocated
	   Cpus                 :                 1         1
	   Disk (KB)            :       62  1024000   1931256
	   Memory (MB)          :       42     2000      2000
...
