000 (4160.000.000) 02/25 10:26:18 Job submitted from host: <128.101.221.180:9618?addrs=128.101.221.180-9618&noUDP&sock=3943_2604_3>
...
001 (4160.000.000) 02/25 10:26:27 Job executing on host: <128.101.221.180:9618?addrs=128.101.221.180-9618&noUDP&sock=3943_2604_4>
...
006 (4160.000.000) 02/25 10:26:36 Image size of job updated: 340384
	246  -  MemoryUsage of job (MB)
	251844  -  ResidentSetSize of job (KB)
...
005 (4160.000.000) 02/25 10:28:35 Job terminated.
	(1) Normal termination (return value 0)
		Usr 0 00:01:08, Sys 0 00:00:25  -  Run Remote Usage
		Usr 0 00:00:00, Sys 0 00:00:00  -  Run Local Usage
		Usr 0 00:01:08, Sys 0 00:00:25  -  Total Remote Usage
		Usr 0 00:00:00, Sys 0 00:00:00  -  Total Local Usage
	45104  -  Run Bytes Sent By Job
	515  -  Run Bytes Received By Job
	45104  -  Total Bytes Sent By Job
	515  -  Total Bytes Received By Job
	Partitionable Resources :    Usage  Request Allocated
	   Cpus                 :                 1         1
	   Disk (KB)            :       57  1024000   1028467
	   Memory (MB)          :      246     2000      2000
...
