000 (4184.000.000) 02/25 10:26:29 Job submitted from host: <128.101.221.180:9618?addrs=128.101.221.180-9618&noUDP&sock=3943_2604_3>
...
001 (4184.000.000) 02/25 10:26:45 Job executing on host: <128.101.221.174:9618?addrs=128.101.221.174-9618&noUDP&sock=4031871_ba53_4>
...
006 (4184.000.000) 02/25 10:26:53 Image size of job updated: 295900
	211  -  MemoryUsage of job (MB)
	215076  -  ResidentSetSize of job (KB)
...
005 (4184.000.000) 02/25 10:30:08 Job terminated.
	(1) Normal termination (return value 0)
		Usr 0 00:01:53, Sys 0 00:00:52  -  Run Remote Usage
		Usr 0 00:00:00, Sys 0 00:00:00  -  Run Local Usage
		Usr 0 00:01:53, Sys 0 00:00:52  -  Total Remote Usage
		Usr 0 00:00:00, Sys 0 00:00:00  -  Total Local Usage
	50425  -  Run Bytes Sent By Job
	515  -  Run Bytes Received By Job
	50425  -  Total Bytes Sent By Job
	515  -  Total Bytes Received By Job
	Partitionable Resources :    Usage  Request Allocated
	   Cpus                 :                 1         1
	   Disk (KB)            :       62  1024000   1903700
	   Memory (MB)          :      211     2000      2000
...
