000 (4177.000.000) 02/25 10:26:25 Job submitted from host: <128.101.221.180:9618?addrs=128.101.221.180-9618&noUDP&sock=3943_2604_3>
...
001 (4177.000.000) 02/25 10:26:51 Job executing on host: <128.101.221.171:9618?addrs=128.101.221.171-9618&noUDP&sock=1778228_146e_4>
...
006 (4177.000.000) 02/25 10:27:00 Image size of job updated: 301344
	222  -  MemoryUsage of job (MB)
	227144  -  ResidentSetSize of job (KB)
...
005 (4177.000.000) 02/25 10:29:31 Job terminated.
	(1) Normal termination (return value 0)
		Usr 0 00:01:31, Sys 0 00:00:35  -  Run Remote Usage
		Usr 0 00:00:00, Sys 0 00:00:00  -  Run Local Usage
		Usr 0 00:01:31, Sys 0 00:00:35  -  Total Remote Usage
		Usr 0 00:00:00, Sys 0 00:00:00  -  Total Local Usage
	73693  -  Run Bytes Sent By Job
	515  -  Run Bytes Received By Job
	73693  -  Total Bytes Sent By Job
	515  -  Total Bytes Received By Job
	Partitionable Resources :    Usage  Request Allocated
	   Cpus                 :                 1         1
	   Disk (KB)            :       85  1024000   1029819
	   Memory (MB)          :      222     2000      2000
...
