000 (4168.000.000) 02/25 10:26:21 Job submitted from host: <128.101.221.180:9618?addrs=128.101.221.180-9618&noUDP&sock=3943_2604_3>
...
001 (4168.000.000) 02/25 10:26:29 Job executing on host: <128.101.221.179:9618?addrs=128.101.221.179-9618&noUDP&sock=2230935_6d61_4>
...
006 (4168.000.000) 02/25 10:26:38 Image size of job updated: 273384
	190  -  MemoryUsage of job (MB)
	194336  -  ResidentSetSize of job (KB)
...
005 (4168.000.000) 02/25 10:28:34 Job terminated.
	(1) Normal termination (return value 0)
		Usr 0 00:01:03, Sys 0 00:00:25  -  Run Remote Usage
		Usr 0 00:00:00, Sys 0 00:00:00  -  Run Local Usage
		Usr 0 00:01:03, Sys 0 00:00:25  -  Total Remote Usage
		Usr 0 00:00:00, Sys 0 00:00:00  -  Total Local Usage
	36565  -  Run Bytes Sent By Job
	515  -  Run Bytes Received By Job
	36565  -  Total Bytes Sent By Job
	515  -  Total Bytes Received By Job
	Partitionable Resources :    Usage  Request Allocated
	   Cpus                 :                 1         1
	   Disk (KB)            :       48  1024000   1029662
	   Memory (MB)          :      190     2000      2000
...
