000 (4176.000.000) 02/25 10:26:25 Job submitted from host: <128.101.221.180:9618?addrs=128.101.221.180-9618&noUDP&sock=3943_2604_3>
...
001 (4176.000.000) 02/25 10:26:51 Job executing on host: <128.101.221.172:9618?addrs=128.101.221.172-9618&noUDP&sock=1824113_5f8e_4>
...
006 (4176.000.000) 02/25 10:26:59 Image size of job updated: 283504
	201  -  MemoryUsage of job (MB)
	205756  -  ResidentSetSize of job (KB)
...
005 (4176.000.000) 02/25 10:29:42 Job terminated.
	(1) Normal termination (return value 0)
		Usr 0 00:01:38, Sys 0 00:00:42  -  Run Remote Usage
		Usr 0 00:00:00, Sys 0 00:00:00  -  Run Local Usage
		Usr 0 00:01:38, Sys 0 00:00:42  -  Total Remote Usage
		Usr 0 00:00:00, Sys 0 00:00:00  -  Total Local Usage
	36982  -  Run Bytes Sent By Job
	515  -  Run Bytes Received By Job
	36982  -  Total Bytes Sent By Job
	515  -  Total Bytes Received By Job
	Partitionable Resources :    Usage  Request Allocated
	   Cpus                 :                 1         1
	   Disk (KB)            :       49  1024000   1030674
	   Memory (MB)          :      201     2000      2000
...
