000 (8938.000.000) 03/29 08:14:56 Job submitted from host: <128.101.221.180:9618?addrs=128.101.221.180-9618&noUDP&sock=3943_2604_3>
...
001 (8938.000.000) 03/29 08:28:47 Job executing on host: <128.101.221.175:9618?addrs=128.101.221.175-9618&noUDP&sock=12916_e152_4>
...
006 (8938.000.000) 03/29 08:28:55 Image size of job updated: 224816
	175  -  MemoryUsage of job (MB)
	178508  -  ResidentSetSize of job (KB)
...
006 (8938.000.000) 03/29 08:33:52 Image size of job updated: 729788
	175  -  MemoryUsage of job (MB)
	178508  -  ResidentSetSize of job (KB)
...
005 (8938.000.000) 03/29 08:33:53 Job terminated.
	(1) Normal termination (return value 0)
		Usr 0 00:03:04, Sys 0 00:01:44  -  Run Remote Usage
		Usr 0 00:00:00, Sys 0 00:00:00  -  Run Local Usage
		Usr 0 00:03:04, Sys 0 00:01:44  -  Total Remote Usage
		Usr 0 00:00:00, Sys 0 00:00:00  -  Total Local Usage
	45057  -  Run Bytes Sent By Job
	543  -  Run Bytes Received By Job
	45057  -  Total Bytes Sent By Job
	543  -  Total Bytes Received By Job
	Partitionable Resources :    Usage  Request Allocated
	   Cpus                 :                 1         1
	   Disk (KB)            :       57  1024000   1931322
	   Memory (MB)          :      175     2000      2000
...
