000 (8899.000.000) 03/29 08:14:35 Job submitted from host: <128.101.221.180:9618?addrs=128.101.221.180-9618&noUDP&sock=3943_2604_3>
...
001 (8899.000.000) 03/29 08:14:51 Job executing on host: <128.101.221.182:9618?addrs=128.101.221.182-9618&noUDP&sock=3902_06a2_4>
...
006 (8899.000.000) 03/29 08:15:00 Image size of job updated: 192076
	166  -  MemoryUsage of job (MB)
	169300  -  ResidentSetSize of job (KB)
...
006 (8899.000.000) 03/29 08:20:01 Image size of job updated: 330112
	322  -  MemoryUsage of job (MB)
	329600  -  ResidentSetSize of job (KB)
...
006 (8899.000.000) 03/29 08:23:35 Image size of job updated: 732820
	322  -  MemoryUsage of job (MB)
	329600  -  ResidentSetSize of job (KB)
...
005 (8899.000.000) 03/29 08:23:36 Job terminated.
	(1) Normal termination (return value 0)
		Usr 0 00:05:01, Sys 0 00:03:06  -  Run Remote Usage
		Usr 0 00:00:00, Sys 0 00:00:00  -  Run Local Usage
		Usr 0 00:05:01, Sys 0 00:03:06  -  Total Remote Usage
		Usr 0 00:00:00, Sys 0 00:00:00  -  Total Local Usage
	61597  -  Run Bytes Sent By Job
	543  -  Run Bytes Received By Job
	61597  -  Total Bytes Sent By Job
	543  -  Total Bytes Received By Job
	Partitionable Resources :    Usage  Request Allocated
	   Cpus                 :                 1         1
	   Disk (KB)            :       73  1024000   2046694
	   Memory (MB)          :      322     2000      2000
...
