000 (8950.000.000) 03/29 08:15:03 Job submitted from host: <128.101.221.180:9618?addrs=128.101.221.180-9618&noUDP&sock=3943_2604_3>
...
001 (8950.000.000) 03/29 08:34:21 Job executing on host: <128.101.221.175:9618?addrs=128.101.221.175-9618&noUDP&sock=12916_e152_4>
...
006 (8950.000.000) 03/29 08:34:29 Image size of job updated: 197172
	165  -  MemoryUsage of job (MB)
	168724  -  ResidentSetSize of job (KB)
...
006 (8950.000.000) 03/29 08:39:29 Image size of job updated: 329692
	322  -  MemoryUsage of job (MB)
	329496  -  ResidentSetSize of job (KB)
...
006 (8950.000.000) 03/29 08:44:30 Image size of job updated: 336092
	328  -  MemoryUsage of job (MB)
	335212  -  ResidentSetSize of job (KB)
...
005 (8950.000.000) 03/29 08:47:51 Job terminated.
	(1) Normal termination (return value 0)
		Usr 0 00:07:55, Sys 0 00:04:50  -  Run Remote Usage
		Usr 0 00:00:00, Sys 0 00:00:00  -  Run Local Usage
		Usr 0 00:07:55, Sys 0 00:04:50  -  Total Remote Usage
		Usr 0 00:00:00, Sys 0 00:00:00  -  Total Local Usage
	64649  -  Run Bytes Sent By Job
	543  -  Run Bytes Received By Job
	64649  -  Total Bytes Sent By Job
	543  -  Total Bytes Received By Job
	Partitionable Resources :    Usage  Request Allocated
	   Cpus                 :                 1         1
	   Disk (KB)            :       76  1024000   1931308
	   Memory (MB)          :      328     2000      2000
...
