000 (8904.000.000) 03/29 08:14:37 Job submitted from host: <128.101.221.180:9618?addrs=128.101.221.180-9618&noUDP&sock=3943_2604_3>
...
001 (8904.000.000) 03/29 08:14:51 Job executing on host: <128.101.221.175:9618?addrs=128.101.221.175-9618&noUDP&sock=12916_e152_4>
...
006 (8904.000.000) 03/29 08:14:59 Image size of job updated: 129060
	122  -  MemoryUsage of job (MB)
	124796  -  ResidentSetSize of job (KB)
...
006 (8904.000.000) 03/29 08:19:59 Image size of job updated: 329588
	322  -  MemoryUsage of job (MB)
	329428  -  ResidentSetSize of job (KB)
...
006 (8904.000.000) 03/29 08:24:30 Image size of job updated: 334388
	322  -  MemoryUsage of job (MB)
	329428  -  ResidentSetSize of job (KB)
...
005 (8904.000.000) 03/29 08:24:31 Job terminated.
	(1) Normal termination (return value 0)
		Usr 0 00:05:38, Sys 0 00:03:25  -  Run Remote Usage
		Usr 0 00:00:00, Sys 0 00:00:00  -  Run Local Usage
		Usr 0 00:05:38, Sys 0 00:03:25  -  Total Remote Usage
		Usr 0 00:00:00, Sys 0 00:00:00  -  Total Local Usage
	57619  -  Run Bytes Sent By Job
	543  -  Run Bytes Received By Job
	57619  -  Total Bytes Sent By Job
	543  -  Total Bytes Received By Job
	Partitionable Resources :    Usage  Request Allocated
	   Cpus                 :                 1         1
	   Disk (KB)            :       69  1024000   1931308
	   Memory (MB)          :      322     2000      2000
...
