000 (8908.000.000) 03/29 08:14:39 Job submitted from host: <128.101.221.180:9618?addrs=128.101.221.180-9618&noUDP&sock=3943_2604_3>
...
001 (8908.000.000) 03/29 08:15:54 Job executing on host: <128.101.221.182:9618?addrs=128.101.221.182-9618&noUDP&sock=3902_06a2_4>
...
006 (8908.000.000) 03/29 08:16:03 Image size of job updated: 248524
	171  -  MemoryUsage of job (MB)
	174276  -  ResidentSetSize of job (KB)
...
006 (8908.000.000) 03/29 08:21:04 Image size of job updated: 330360
	323  -  MemoryUsage of job (MB)
	329876  -  ResidentSetSize of job (KB)
...
006 (8908.000.000) 03/29 08:25:21 Image size of job updated: 733272
	323  -  MemoryUsage of job (MB)
	329876  -  ResidentSetSize of job (KB)
...
005 (8908.000.000) 03/29 08:25:22 Job terminated.
	(1) Normal termination (return value 0)
		Usr 0 00:05:25, Sys 0 00:03:20  -  Run Remote Usage
		Usr 0 00:00:00, Sys 0 00:00:00  -  Run Local Usage
		Usr 0 00:05:25, Sys 0 00:03:20  -  Total Remote Usage
		Usr 0 00:00:00, Sys 0 00:00:00  -  Total Local Usage
	75910  -  Run Bytes Sent By Job
	543  -  Run Bytes Received By Job
	75910  -  Total Bytes Sent By Job
	543  -  Total Bytes Received By Job
	Partitionable Resources :    Usage  Request Allocated
	   Cpus                 :                 1         1
	   Disk (KB)            :       87  1024000   2046688
	   Memory (MB)          :      323     2000      2000
...
