000 (8926.000.000) 03/29 08:14:48 Job submitted from host: <128.101.221.180:9618?addrs=128.101.221.180-9618&noUDP&sock=3943_2604_3>
...
001 (8926.000.000) 03/29 08:25:25 Job executing on host: <128.101.221.182:9618?addrs=128.101.221.182-9618&noUDP&sock=3902_06a2_4>
...
006 (8926.000.000) 03/29 08:25:34 Image size of job updated: 278668
	218  -  MemoryUsage of job (MB)
	222624  -  ResidentSetSize of job (KB)
...
006 (8926.000.000) 03/29 08:30:35 Image size of job updated: 332072
	324  -  MemoryUsage of job (MB)
	331612  -  ResidentSetSize of job (KB)
...
005 (8926.000.000) 03/29 08:31:03 Job terminated.
	(1) Normal termination (return value 0)
		Usr 0 00:03:22, Sys 0 00:01:54  -  Run Remote Usage
		Usr 0 00:00:00, Sys 0 00:00:00  -  Run Local Usage
		Usr 0 00:03:22, Sys 0 00:01:54  -  Total Remote Usage
		Usr 0 00:00:00, Sys 0 00:00:00  -  Total Local Usage
	51880  -  Run Bytes Sent By Job
	543  -  Run Bytes Received By Job
	51880  -  Total Bytes Sent By Job
	543  -  Total Bytes Received By Job
	Partitionable Resources :    Usage  Request Allocated
	   Cpus                 :                 1         1
	   Disk (KB)            :       64  1024000   2046688
	   Memory (MB)          :      324     2000      2000
...
