000 (8919.000.000) 03/29 08:14:44 Job submitted from host: <128.101.221.180:9618?addrs=128.101.221.180-9618&noUDP&sock=3943_2604_3>
...
001 (8919.000.000) 03/29 08:23:30 Job executing on host: <128.101.221.182:9618?addrs=128.101.221.182-9618&noUDP&sock=3902_06a2_4>
...
006 (8919.000.000) 03/29 08:23:38 Image size of job updated: 265656
	185  -  MemoryUsage of job (MB)
	189228  -  ResidentSetSize of job (KB)
...
006 (8919.000.000) 03/29 08:26:05 Image size of job updated: 733080
	185  -  MemoryUsage of job (MB)
	189228  -  ResidentSetSize of job (KB)
...
005 (8919.000.000) 03/29 08:26:06 Job terminated.
	(1) Normal termination (return value 0)
		Usr 0 00:01:32, Sys 0 00:00:50  -  Run Remote Usage
		Usr 0 00:00:00, Sys 0 00:00:00  -  Run Local Usage
		Usr 0 00:01:32, Sys 0 00:00:50  -  Total Remote Usage
		Usr 0 00:00:00, Sys 0 00:00:00  -  Total Local Usage
	40843  -  Run Bytes Sent By Job
	543  -  Run Bytes Received By Job
	40843  -  Total Bytes Sent By Job
	543  -  Total Bytes Received By Job
	Partitionable Resources :    Usage  Request Allocated
	   Cpus                 :                 1         1
	   Disk (KB)            :       53  1024000   2046694
	   Memory (MB)          :      185     2000      2000
...
