000 (8939.000.000) 03/29 08:14:56 Job submitted from host: <128.101.221.180:9618?addrs=128.101.221.180-9618&noUDP&sock=3943_2604_3>
...
001 (8939.000.000) 03/29 08:29:01 Job executing on host: <128.101.221.175:9618?addrs=128.101.221.175-9618&noUDP&sock=12916_e152_4>
...
006 (8939.000.000) 03/29 08:29:10 Image size of job updated: 223972
	198  -  MemoryUsage of job (MB)
	201848  -  ResidentSetSize of job (KB)
...
006 (8939.000.000) 03/29 08:34:11 Image size of job updated: 329616
	322  -  MemoryUsage of job (MB)
	329332  -  ResidentSetSize of job (KB)
...
006 (8939.000.000) 03/29 08:36:55 Image size of job updated: 730360
	322  -  MemoryUsage of job (MB)
	329332  -  ResidentSetSize of job (KB)
...
005 (8939.000.000) 03/29 08:36:56 Job terminated.
	(1) Normal termination (return value 0)
		Usr 0 00:04:43, Sys 0 00:02:47  -  Run Remote Usage
		Usr 0 00:00:00, Sys 0 00:00:00  -  Run Local Usage
		Usr 0 00:04:43, Sys 0 00:02:47  -  Total Remote Usage
		Usr 0 00:00:00, Sys 0 00:00:00  -  Total Local Usage
	60736  -  Run Bytes Sent By Job
	543  -  Run Bytes Received By Job
	60736  -  Total Bytes Sent By Job
	543  -  Total Bytes Received By Job
	Partitionable Resources :    Usage  Request Allocated
	   Cpus                 :                 1         1
	   Disk (KB)            :       72  1024000   1931316
	   Memory (MB)          :      322     2000      2000
...
