000 (8916.000.000) 03/29 08:14:42 Job submitted from host: <128.101.221.180:9618?addrs=128.101.221.180-9618&noUDP&sock=3943_2604_3>
...
001 (8916.000.000) 03/29 08:21:57 Job executing on host: <128.101.221.175:9618?addrs=128.101.221.175-9618&noUDP&sock=12916_e152_4>
...
006 (8916.000.000) 03/29 08:22:06 Image size of job updated: 193392
	157  -  MemoryUsage of job (MB)
	160464  -  ResidentSetSize of job (KB)
...
006 (8916.000.000) 03/29 08:27:06 Image size of job updated: 329724
	322  -  MemoryUsage of job (MB)
	329624  -  ResidentSetSize of job (KB)
...
006 (8916.000.000) 03/29 08:28:39 Image size of job updated: 726652
	322  -  MemoryUsage of job (MB)
	329624  -  ResidentSetSize of job (KB)
...
005 (8916.000.000) 03/29 08:28:41 Job terminated.
	(1) Normal termination (return value 0)
		Usr 0 00:04:00, Sys 0 00:02:20  -  Run Remote Usage
		Usr 0 00:00:00, Sys 0 00:00:00  -  Run Local Usage
		Usr 0 00:04:00, Sys 0 00:02:20  -  Total Remote Usage
		Usr 0 00:00:00, Sys 0 00:00:00  -  Total Local Usage
	40641  -  Run Bytes Sent By Job
	543  -  Run Bytes Received By Job
	40641  -  Total Bytes Sent By Job
	543  -  Total Bytes Received By Job
	Partitionable Resources :    Usage  Request Allocated
	   Cpus                 :                 1         1
	   Disk (KB)            :       53  1024000   1931322
	   Memory (MB)          :      322     2000      2000
...
