000 (8936.000.000) 03/29 08:14:54 Job submitted from host: <128.101.221.180:9618?addrs=128.101.221.180-9618&noUDP&sock=3943_2604_3>
...
001 (8936.000.000) 03/29 08:28:18 Job executing on host: <128.101.221.182:9618?addrs=128.101.221.182-9618&noUDP&sock=3902_06a2_4>
...
006 (8936.000.000) 03/29 08:28:27 Image size of job updated: 259964
	180  -  MemoryUsage of job (MB)
	183976  -  ResidentSetSize of job (KB)
...
006 (8936.000.000) 03/29 08:33:28 Image size of job updated: 333128
	326  -  MemoryUsage of job (MB)
	332928  -  ResidentSetSize of job (KB)
...
006 (8936.000.000) 03/29 08:36:28 Image size of job updated: 731732
	326  -  MemoryUsage of job (MB)
	332928  -  ResidentSetSize of job (KB)
...
005 (8936.000.000) 03/29 08:36:29 Job terminated.
	(1) Normal termination (return value 0)
		Usr 0 00:04:51, Sys 0 00:02:53  -  Run Remote Usage
		Usr 0 00:00:00, Sys 0 00:00:00  -  Run Local Usage
		Usr 0 00:04:51, Sys 0 00:02:53  -  Total Remote Usage
		Usr 0 00:00:00, Sys 0 00:00:00  -  Total Local Usage
	58674  -  Run Bytes Sent By Job
	543  -  Run Bytes Received By Job
	58674  -  Total Bytes Sent By Job
	543  -  Total Bytes Received By Job
	Partitionable Resources :    Usage  Request Allocated
	   Cpus                 :                 1         1
	   Disk (KB)            :       70  1024000   2046672
	   Memory (MB)          :      326     2000      2000
...
