000 (8935.000.000) 03/29 08:14:53 Job submitted from host: <128.101.221.180:9618?addrs=128.101.221.180-9618&noUDP&sock=3943_2604_3>
...
001 (8935.000.000) 03/29 08:27:37 Job executing on host: <128.101.221.182:9618?addrs=128.101.221.182-9618&noUDP&sock=3902_06a2_4>
...
006 (8935.000.000) 03/29 08:27:46 Image size of job updated: 201872
	188  -  MemoryUsage of job (MB)
	191700  -  ResidentSetSize of job (KB)
...
006 (8935.000.000) 03/29 08:32:47 Image size of job updated: 329968
	323  -  MemoryUsage of job (MB)
	329852  -  ResidentSetSize of job (KB)
...
006 (8935.000.000) 03/29 08:33:05 Image size of job updated: 727200
	323  -  MemoryUsage of job (MB)
	329852  -  ResidentSetSize of job (KB)
...
005 (8935.000.000) 03/29 08:33:06 Job terminated.
	(1) Normal termination (return value 0)
		Usr 0 00:03:18, Sys 0 00:01:53  -  Run Remote Usage
		Usr 0 00:00:00, Sys 0 00:00:00  -  Run Local Usage
		Usr 0 00:03:18, Sys 0 00:01:53  -  Total Remote Usage
		Usr 0 00:00:00, Sys 0 00:00:00  -  Total Local Usage
	47264  -  Run Bytes Sent By Job
	543  -  Run Bytes Received By Job
	47264  -  Total Bytes Sent By Job
	543  -  Total Bytes Received By Job
	Partitionable Resources :    Usage  Request Allocated
	   Cpus                 :                 1         1
	   Disk (KB)            :       59  1024000   2046676
	   Memory (MB)          :      323     2000      2000
...
