000 (8954.000.000) 03/29 08:15:05 Job submitted from host: <128.101.221.180:9618?addrs=128.101.221.180-9618&noUDP&sock=3943_2604_3>
...
001 (8954.000.000) 03/29 08:35:01 Job executing on host: <128.101.221.182:9618?addrs=128.101.221.182-9618&noUDP&sock=3902_06a2_4>
...
006 (8954.000.000) 03/29 08:35:10 Image size of job updated: 282964
	201  -  MemoryUsage of job (MB)
	205364  -  ResidentSetSize of job (KB)
...
006 (8954.000.000) 03/29 08:40:11 Image size of job updated: 330348
	323  -  MemoryUsage of job (MB)
	329928  -  ResidentSetSize of job (KB)
...
006 (8954.000.000) 03/29 08:43:35 Image size of job updated: 333700
	323  -  MemoryUsage of job (MB)
	329928  -  ResidentSetSize of job (KB)
...
005 (8954.000.000) 03/29 08:43:36 Job terminated.
	(1) Normal termination (return value 0)
		Usr 0 00:05:14, Sys 0 00:02:43  -  Run Remote Usage
		Usr 0 00:00:00, Sys 0 00:00:00  -  Run Local Usage
		Usr 0 00:05:14, Sys 0 00:02:43  -  Total Remote Usage
		Usr 0 00:00:00, Sys 0 00:00:00  -  Total Local Usage
	70856  -  Run Bytes Sent By Job
	543  -  Run Bytes Received By Job
	70856  -  Total Bytes Sent By Job
	543  -  Total Bytes Received By Job
	Partitionable Resources :    Usage  Request Allocated
	   Cpus                 :                 1         1
	   Disk (KB)            :       82  1024000   2046664
	   Memory (MB)          :      323     2000      2000
...
