000 (8918.000.000) 03/29 08:14:43 Job submitted from host: <128.101.221.180:9618?addrs=128.101.221.180-9618&noUDP&sock=3943_2604_3>
...
001 (8918.000.000) 03/29 08:23:21 Job executing on host: <128.101.221.175:9618?addrs=128.101.221.175-9618&noUDP&sock=12916_e152_4>
...
006 (8918.000.000) 03/29 08:23:29 Image size of job updated: 198432
	134  -  MemoryUsage of job (MB)
	136608  -  ResidentSetSize of job (KB)
...
005 (8918.000.000) 03/29 08:25:40 Job terminated.
	(1) Normal termination (return value 0)
		Usr 0 00:01:27, Sys 0 00:00:42  -  Run Remote Usage
		Usr 0 00:00:00, Sys 0 00:00:00  -  Run Local Usage
		Usr 0 00:01:27, Sys 0 00:00:42  -  Total Remote Usage
		Usr 0 00:00:00, Sys 0 00:00:00  -  Total Local Usage
	34237  -  Run Bytes Sent By Job
	543  -  Run Bytes Received By Job
	34237  -  Total Bytes Sent By Job
	543  -  Total Bytes Received By Job
	Partitionable Resources :    Usage  Request Allocated
	   Cpus                 :                 1         1
	   Disk (KB)            :       46  1024000   1931320
	   Memory (MB)          :      134     2000      2000
...
