000 (8948.000.000) 03/29 08:15:01 Job submitted from host: <128.101.221.180:9618?addrs=128.101.221.180-9618&noUDP&sock=3943_2604_3>
...
001 (8948.000.000) 03/29 08:33:19 Job executing on host: <128.101.221.175:9618?addrs=128.101.221.175-9618&noUDP&sock=12916_e152_4>
...
006 (8948.000.000) 03/29 08:33:27 Image size of job updated: 197940
	134  -  MemoryUsage of job (MB)
	136584  -  ResidentSetSize of job (KB)
...
006 (8948.000.000) 03/29 08:38:27 Image size of job updated: 331164
	324  -  MemoryUsage of job (MB)
	331012  -  ResidentSetSize of job (KB)
...
006 (8948.000.000) 03/29 08:41:11 Image size of job updated: 729724
	324  -  MemoryUsage of job (MB)
	331012  -  ResidentSetSize of job (KB)
...
005 (8948.000.000) 03/29 08:41:12 Job terminated.
	(1) Normal termination (return value 0)
		Usr 0 00:04:42, Sys 0 00:02:44  -  Run Remote Usage
		Usr 0 00:00:00, Sys 0 00:00:00  -  Run Local Usage
		Usr 0 00:04:42, Sys 0 00:02:44  -  Total Remote Usage
		Usr 0 00:00:00, Sys 0 00:00:00  -  Total Local Usage
	47489  -  Run Bytes Sent By Job
	543  -  Run Bytes Received By Job
	47489  -  Total Bytes Sent By Job
	543  -  Total Bytes Received By Job
	Partitionable Resources :    Usage  Request Allocated
	   Cpus                 :                 1         1
	   Disk (KB)            :       59  1024000   1931308
	   Memory (MB)          :      324     2000      2000
...
