000 (8953.000.000) 03/29 08:15:04 Job submitted from host: <128.101.221.180:9618?addrs=128.101.221.180-9618&noUDP&sock=3943_2604_3>
...
001 (8953.000.000) 03/29 08:35:01 Job executing on host: <128.101.221.175:9618?addrs=128.101.221.175-9618&noUDP&sock=12916_e152_4>
...
006 (8953.000.000) 03/29 08:35:10 Image size of job updated: 275896
	192  -  MemoryUsage of job (MB)
	196444  -  ResidentSetSize of job (KB)
...
006 (8953.000.000) 03/29 08:40:11 Image size of job updated: 329572
	322  -  MemoryUsage of job (MB)
	329520  -  ResidentSetSize of job (KB)
...
006 (8953.000.000) 03/29 08:45:11 Image size of job updated: 333628
	326  -  MemoryUsage of job (MB)
	333292  -  ResidentSetSize of job (KB)
...
006 (8953.000.000) 03/29 08:48:10 Image size of job updated: 335096
	326  -  MemoryUsage of job (MB)
	333292  -  ResidentSetSize of job (KB)
...
005 (8953.000.000) 03/29 08:48:11 Job terminated.
	(1) Normal termination (return value 0)
		Usr 0 00:07:42, Sys 0 00:04:43  -  Run Remote Usage
		Usr 0 00:00:00, Sys 0 00:00:00  -  Run Local Usage
		Usr 0 00:07:42, Sys 0 00:04:43  -  Total Remote Usage
		Usr 0 00:00:00, Sys 0 00:00:00  -  Total Local Usage
	68623  -  Run Bytes Sent By Job
	543  -  Run Bytes Received By Job
	68623  -  Total Bytes Sent By Job
	543  -  Total Bytes Received By Job
	Partitionable Resources :    Usage  Request Allocated
	   Cpus                 :                 1         1
	   Disk (KB)            :       80  1024000   1931316
	   Memory (MB)          :      326     2000      2000
...
