000 (8895.000.000) 03/29 08:14:33 Job submitted from host: <128.101.221.180:9618?addrs=128.101.221.180-9618&noUDP&sock=3943_2604_3>
...
001 (8895.000.000) 03/29 08:14:49 Job executing on host: <128.101.221.182:9618?addrs=128.101.221.182-9618&noUDP&sock=3902_06a2_4>
...
006 (8895.000.000) 03/29 08:14:58 Image size of job updated: 191144
	178  -  MemoryUsage of job (MB)
	182076  -  ResidentSetSize of job (KB)
...
006 (8895.000.000) 03/29 08:19:59 Image size of job updated: 331552
	324  -  MemoryUsage of job (MB)
	331440  -  ResidentSetSize of job (KB)
...
005 (8895.000.000) 03/29 08:24:12 Job terminated.
	(1) Normal termination (return value 0)
		Usr 0 00:05:27, Sys 0 00:03:14  -  Run Remote Usage
		Usr 0 00:00:00, Sys 0 00:00:00  -  Run Local Usage
		Usr 0 00:05:27, Sys 0 00:03:14  -  Total Remote Usage
		Usr 0 00:00:00, Sys 0 00:00:00  -  Total Local Usage
	66219  -  Run Bytes Sent By Job
	543  -  Run Bytes Received By Job
	66219  -  Total Bytes Sent By Job
	543  -  Total Bytes Received By Job
	Partitionable Resources :    Usage  Request Allocated
	   Cpus                 :                 1         1
	   Disk (KB)            :       77  1024000   2046694
	   Memory (MB)          :      324     2000      2000
...
