000 (8942.000.000) 03/29 08:14:58 Job submitted from host: <128.101.221.180:9618?addrs=128.101.221.180-9618&noUDP&sock=3943_2604_3>
...
001 (8942.000.000) 03/29 08:29:22 Job executing on host: <128.101.221.175:9618?addrs=128.101.221.175-9618&noUDP&sock=12916_e152_4>
...
006 (8942.000.000) 03/29 08:29:31 Image size of job updated: 259272
	181  -  MemoryUsage of job (MB)
	184520  -  ResidentSetSize of job (KB)
...
006 (8942.000.000) 03/29 08:34:32 Image size of job updated: 329588
	322  -  MemoryUsage of job (MB)
	329400  -  ResidentSetSize of job (KB)
...
006 (8942.000.000) 03/29 08:39:07 Image size of job updated: 732824
	322  -  MemoryUsage of job (MB)
	329400  -  ResidentSetSize of job (KB)
...
005 (8942.000.000) 03/29 08:39:08 Job terminated.
	(1) Normal termination (return value 0)
		Usr 0 00:05:44, Sys 0 00:03:30  -  Run Remote Usage
		Usr 0 00:00:00, Sys 0 00:00:00  -  Run Local Usage
		Usr 0 00:05:44, Sys 0 00:03:30  -  Total Remote Usage
		Usr 0 00:00:00, Sys 0 00:00:00  -  Total Local Usage
	68004  -  Run Bytes Sent By Job
	543  -  Run Bytes Received By Job
	68004  -  Total Bytes Sent By Job
	543  -  Total Bytes Received By Job
	Partitionable Resources :    Usage  Request Allocated
	   Cpus                 :                 1         1
	   Disk (KB)            :       79  1024000   1931316
	   Memory (MB)          :      322     2000      2000
...
