000 (8955.000.000) 03/29 08:15:05 Job submitted from host: <128.101.221.180:9618?addrs=128.101.221.180-9618&noUDP&sock=3943_2604_3>
...
001 (8955.000.000) 03/29 08:36:31 Job executing on host: <128.101.221.182:9618?addrs=128.101.221.182-9618&noUDP&sock=3902_06a2_4>
...
006 (8955.000.000) 03/29 08:36:39 Image size of job updated: 246144
	169  -  MemoryUsage of job (MB)
	172356  -  ResidentSetSize of job (KB)
...
006 (8955.000.000) 03/29 08:41:39 Image size of job updated: 334128
	326  -  MemoryUsage of job (MB)
	333064  -  ResidentSetSize of job (KB)
...
005 (8955.000.000) 03/29 08:42:02 Job terminated.
	(1) Normal termination (return value 0)
		Usr 0 00:03:22, Sys 0 00:01:42  -  Run Remote Usage
		Usr 0 00:00:00, Sys 0 00:00:00  -  Run Local Usage
		Usr 0 00:03:22, Sys 0 00:01:42  -  Total Remote Usage
		Usr 0 00:00:00, Sys 0 00:00:00  -  Total Local Usage
	58460  -  Run Bytes Sent By Job
	543  -  Run Bytes Received By Job
	58460  -  Total Bytes Sent By Job
	543  -  Total Bytes Received By Job
	Partitionable Resources :    Usage  Request Allocated
	   Cpus                 :                 1         1
	   Disk (KB)            :       70  1024000   2046672
	   Memory (MB)          :      326     2000      2000
...
