000 (8894.000.000) 03/29 08:14:32 Job submitted from host: <128.101.221.180:9618?addrs=128.101.221.180-9618&noUDP&sock=3943_2604_3>
...
001 (8894.000.000) 03/29 08:14:49 Job executing on host: <128.101.221.175:9618?addrs=128.101.221.175-9618&noUDP&sock=12916_e152_4>
...
006 (8894.000.000) 03/29 08:14:58 Image size of job updated: 205308
	186  -  MemoryUsage of job (MB)
	189948  -  ResidentSetSize of job (KB)
...
006 (8894.000.000) 03/29 08:19:59 Image size of job updated: 328396
	320  -  MemoryUsage of job (MB)
	327280  -  ResidentSetSize of job (KB)
...
005 (8894.000.000) 03/29 08:24:42 Job terminated.
	(1) Normal termination (return value 0)
		Usr 0 00:05:44, Sys 0 00:03:30  -  Run Remote Usage
		Usr 0 00:00:00, Sys 0 00:00:00  -  Run Local Usage
		Usr 0 00:05:44, Sys 0 00:03:30  -  Total Remote Usage
		Usr 0 00:00:00, Sys 0 00:00:00  -  Total Local Usage
	60503  -  Run Bytes Sent By Job
	543  -  Run Bytes Received By Job
	60503  -  Total Bytes Sent By Job
	543  -  Total Bytes Received By Job
	Partitionable Resources :    Usage  Request Allocated
	   Cpus                 :                 1         1
	   Disk (KB)            :       72  1024000   1931308
	   Memory (MB)          :      320     2000      2000
...
