000 (8943.000.000) 03/29 08:14:58 Job submitted from host: <128.101.221.180:9618?addrs=128.101.221.180-9618&noUDP&sock=3943_2604_3>
...
001 (8943.000.000) 03/29 08:30:05 Job executing on host: <128.101.221.175:9618?addrs=128.101.221.175-9618&noUDP&sock=12916_e152_4>
...
006 (8943.000.000) 03/29 08:30:14 Image size of job updated: 208732
	170  -  MemoryUsage of job (MB)
	173620  -  ResidentSetSize of job (KB)
...
006 (8943.000.000) 03/29 08:35:15 Image size of job updated: 330096
	322  -  MemoryUsage of job (MB)
	329436  -  ResidentSetSize of job (KB)
...
006 (8943.000.000) 03/29 08:40:15 Image size of job updated: 335908
	328  -  MemoryUsage of job (MB)
	335808  -  ResidentSetSize of job (KB)
...
006 (8943.000.000) 03/29 08:41:54 Image size of job updated: 733100
	328  -  MemoryUsage of job (MB)
	335808  -  ResidentSetSize of job (KB)
...
005 (8943.000.000) 03/29 08:41:55 Job terminated.
	(1) Normal termination (return value 0)
		Usr 0 00:06:57, Sys 0 00:04:14  -  Run Remote Usage
		Usr 0 00:00:00, Sys 0 00:00:00  -  Run Local Usage
		Usr 0 00:06:57, Sys 0 00:04:14  -  Total Remote Usage
		Usr 0 00:00:00, Sys 0 00:00:00  -  Total Local Usage
	63820  -  Run Bytes Sent By Job
	543  -  Run Bytes Received By Job
	63820  -  Total Bytes Sent By Job
	543  -  Total Bytes Received By Job
	Partitionable Resources :    Usage  Request Allocated
	   Cpus                 :                 1         1
	   Disk (KB)            :       75  1024000   1931314
	   Memory (MB)          :      328     2000      2000
...
