000 (8941.000.000) 03/29 08:14:57 Job submitted from host: <128.101.221.180:9618?addrs=128.101.221.180-9618&noUDP&sock=3943_2604_3>
...
001 (8941.000.000) 03/29 08:29:08 Job executing on host: <128.101.221.186:9618?addrs=128.101.221.186-9618&noUDP&sock=3131318_464d_4>
...
006 (8941.000.000) 03/29 08:29:16 Image size of job updated: 144696
	92  -  MemoryUsage of job (MB)
	93204  -  ResidentSetSize of job (KB)
...
006 (8941.000.000) 03/29 08:34:16 Image size of job updated: 425908
	322  -  MemoryUsage of job (MB)
	329276  -  ResidentSetSize of job (KB)
...
006 (8941.000.000) 03/29 08:38:42 Image size of job updated: 431028
	322  -  MemoryUsage of job (MB)
	329276  -  ResidentSetSize of job (KB)
...
005 (8941.000.000) 03/29 08:38:43 Job terminated.
	(1) Normal termination (return value 0)
		Usr 0 00:06:33, Sys 0 00:02:09  -  Run Remote Usage
		Usr 0 00:00:00, Sys 0 00:00:00  -  Run Local Usage
		Usr 0 00:06:33, Sys 0 00:02:09  -  Total Remote Usage
		Usr 0 00:00:00, Sys 0 00:00:00  -  Total Local Usage
	58949  -  Run Bytes Sent By Job
	543  -  Run Bytes Received By Job
	58949  -  Total Bytes Sent By Job
	543  -  Total Bytes Received By Job
	Partitionable Resources :    Usage  Request Allocated
	   Cpus                 :                 1         1
	   Disk (KB)            :       71  1024000   1027127
	   Memory (MB)          :      322     2000      2000
...
