000 (8928.000.000) 03/29 08:14:49 Job submitted from host: <128.101.221.180:9618?addrs=128.101.221.180-9618&noUDP&sock=3943_2604_3>
...
001 (8928.000.000) 03/29 08:26:55 Job executing on host: <128.101.220.49:9618?addrs=128.101.220.49-9618&noUDP&sock=280861_dd0b_4>
...
006 (8928.000.000) 03/29 08:27:03 Image size of job updated: 189316
	125  -  MemoryUsage of job (MB)
	127456  -  ResidentSetSize of job (KB)
...
006 (8928.000.000) 03/29 08:32:03 Image size of job updated: 426712
	323  -  MemoryUsage of job (MB)
	330140  -  ResidentSetSize of job (KB)
...
006 (8928.000.000) 03/29 08:33:27 Image size of job updated: 429236
	323  -  MemoryUsage of job (MB)
	330140  -  ResidentSetSize of job (KB)
...
005 (8928.000.000) 03/29 08:33:28 Job terminated.
	(1) Normal termination (return value 0)
		Usr 0 00:04:25, Sys 0 00:01:29  -  Run Remote Usage
		Usr 0 00:00:00, Sys 0 00:00:00  -  Run Local Usage
		Usr 0 00:04:25, Sys 0 00:01:29  -  Total Remote Usage
		Usr 0 00:00:00, Sys 0 00:00:00  -  Total Local Usage
	57194  -  Run Bytes Sent By Job
	543  -  Run Bytes Received By Job
	57194  -  Total Bytes Sent By Job
	543  -  Total Bytes Received By Job
	Partitionable Resources :    Usage  Request Allocated
	   Cpus                 :                 1         1
	   Disk (KB)            :       69  1024000   1028654
	   Memory (MB)          :      323     2000      2000
...
