000 (8951.000.000) 03/29 08:15:03 Job submitted from host: <128.101.221.180:9618?addrs=128.101.221.180-9618&noUDP&sock=3943_2604_3>
...
001 (8951.000.000) 03/29 08:34:21 Job executing on host: <128.101.221.175:9618?addrs=128.101.221.175-9618&noUDP&sock=12916_e152_4>
...
006 (8951.000.000) 03/29 08:34:29 Image size of job updated: 214572
	168  -  MemoryUsage of job (MB)
	171132  -  ResidentSetSize of job (KB)
...
006 (8951.000.000) 03/29 08:39:29 Image size of job updated: 328832
	322  -  MemoryUsage of job (MB)
	328788  -  ResidentSetSize of job (KB)
...
006 (8951.000.000) 03/29 08:44:31 Image size of job updated: 334032
	326  -  MemoryUsage of job (MB)
	333824  -  ResidentSetSize of job (KB)
...
005 (8951.000.000) 03/29 08:44:52 Job terminated.
	(1) Normal termination (return value 0)
		Usr 0 00:06:10, Sys 0 00:03:44  -  Run Remote Usage
		Usr 0 00:00:00, Sys 0 00:00:00  -  Run Local Usage
		Usr 0 00:06:10, Sys 0 00:03:44  -  Total Remote Usage
		Usr 0 00:00:00, Sys 0 00:00:00  -  Total Local Usage
	64023  -  Run Bytes Sent By Job
	543  -  Run Bytes Received By Job
	64023  -  Total Bytes Sent By Job
	543  -  Total Bytes Received By Job
	Partitionable Resources :    Usage  Request Allocated
	   Cpus                 :                 1         1
	   Disk (KB)            :       75  1024000   1931308
	   Memory (MB)          :      326     2000      2000
...
