000 (8901.000.000) 03/29 08:14:36 Job submitted from host: <128.101.221.180:9618?addrs=128.101.221.180-9618&noUDP&sock=3943_2604_3>
...
001 (8901.000.000) 03/29 08:14:51 Job executing on host: <128.101.221.182:9618?addrs=128.101.221.182-9618&noUDP&sock=3902_06a2_4>
...
006 (8901.000.000) 03/29 08:15:00 Image size of job updated: 189840
	165  -  MemoryUsage of job (MB)
	167988  -  ResidentSetSize of job (KB)
...
006 (8901.000.000) 03/29 08:20:01 Image size of job updated: 332184
	325  -  MemoryUsage of job (MB)
	332044  -  ResidentSetSize of job (KB)
...
005 (8901.000.000) 03/29 08:21:46 Job terminated.
	(1) Normal termination (return value 0)
		Usr 0 00:04:01, Sys 0 00:02:20  -  Run Remote Usage
		Usr 0 00:00:00, Sys 0 00:00:00  -  Run Local Usage
		Usr 0 00:04:01, Sys 0 00:02:20  -  Total Remote Usage
		Usr 0 00:00:00, Sys 0 00:00:00  -  Total Local Usage
	61177  -  Run Bytes Sent By Job
	543  -  Run Bytes Received By Job
	61177  -  Total Bytes Sent By Job
	543  -  Total Bytes Received By Job
	Partitionable Resources :    Usage  Request Allocated
	   Cpus                 :                 1         1
	   Disk (KB)            :       72  1024000   2046694
	   Memory (MB)          :      325     2000      2000
...
