000 (8907.000.000) 03/29 08:14:38 Job submitted from host: <128.101.221.180:9618?addrs=128.101.221.180-9618&noUDP&sock=3943_2604_3>
...
001 (8907.000.000) 03/29 08:15:33 Job executing on host: <128.101.221.182:9618?addrs=128.101.221.182-9618&noUDP&sock=3902_06a2_4>
...
006 (8907.000.000) 03/29 08:15:41 Image size of job updated: 248076
	172  -  MemoryUsage of job (MB)
	175480  -  ResidentSetSize of job (KB)
...
006 (8907.000.000) 03/29 08:20:41 Image size of job updated: 329344
	322  -  MemoryUsage of job (MB)
	329272  -  ResidentSetSize of job (KB)
...
006 (8907.000.000) 03/29 08:25:23 Image size of job updated: 733048
	322  -  MemoryUsage of job (MB)
	329272  -  ResidentSetSize of job (KB)
...
005 (8907.000.000) 03/29 08:25:24 Job terminated.
	(1) Normal termination (return value 0)
		Usr 0 00:05:44, Sys 0 00:03:26  -  Run Remote Usage
		Usr 0 00:00:00, Sys 0 00:00:00  -  Run Local Usage
		Usr 0 00:05:44, Sys 0 00:03:26  -  Total Remote Usage
		Usr 0 00:00:00, Sys 0 00:00:00  -  Total Local Usage
	71036  -  Run Bytes Sent By Job
	543  -  Run Bytes Received By Job
	71036  -  Total Bytes Sent By Job
	543  -  Total Bytes Received By Job
	Partitionable Resources :    Usage  Request Allocated
	   Cpus                 :                 1         1
	   Disk (KB)            :       82  1024000   2046688
	   Memory (MB)          :      322     2000      2000
...
