000 (8924.000.000) 03/29 08:14:47 Job submitted from host: <128.101.221.180:9618?addrs=128.101.221.180-9618&noUDP&sock=3943_2604_3>
...
001 (8924.000.000) 03/29 08:24:45 Job executing on host: <128.101.221.175:9618?addrs=128.101.221.175-9618&noUDP&sock=12916_e152_4>
...
006 (8924.000.000) 03/29 08:24:54 Image size of job updated: 250848
	199  -  MemoryUsage of job (MB)
	202804  -  ResidentSetSize of job (KB)
...
006 (8924.000.000) 03/29 08:29:55 Image size of job updated: 329860
	322  -  MemoryUsage of job (MB)
	329584  -  ResidentSetSize of job (KB)
...
006 (8924.000.000) 03/29 08:34:55 Image size of job updated: 334724
	327  -  MemoryUsage of job (MB)
	334344  -  ResidentSetSize of job (KB)
...
006 (8924.000.000) 03/29 08:39:55 Image size of job updated: 335380
	328  -  MemoryUsage of job (MB)
	334972  -  ResidentSetSize of job (KB)
...
006 (8924.000.000) 03/29 08:40:09 Image size of job updated: 733708
	328  -  MemoryUsage of job (MB)
	334972  -  ResidentSetSize of job (KB)
...
005 (8924.000.000) 03/29 08:40:10 Job terminated.
	(1) Normal termination (return value 0)
		Usr 0 00:09:05, Sys 0 00:05:32  -  Run Remote Usage
		Usr 0 00:00:00, Sys 0 00:00:00  -  Run Local Usage
		Usr 0 00:09:05, Sys 0 00:05:32  -  Total Remote Usage
		Usr 0 00:00:00, Sys 0 00:00:00  -  Total Local Usage
	97981  -  Run Bytes Sent By Job
	543  -  Run Bytes Received By Job
	97981  -  Total Bytes Sent By Job
	543  -  Total Bytes Received By Job
	Partitionable Resources :    Usage  Request Allocated
	   Cpus                 :                 1         1
	   Disk (KB)            :      108  1024000   1931318
	   Memory (MB)          :      328     2000      2000
...
