000 (8906.000.000) 03/29 08:14:38 Job submitted from host: <128.101.221.180:9618?addrs=128.101.221.180-9618&noUDP&sock=3943_2604_3>
...
001 (8906.000.000) 03/29 08:15:33 Job executing on host: <128.101.221.175:9618?addrs=128.101.221.175-9618&noUDP&sock=12916_e152_4>
...
006 (8906.000.000) 03/29 08:15:41 Image size of job updated: 242328
	167  -  MemoryUsage of job (MB)
	170492  -  ResidentSetSize of job (KB)
...
006 (8906.000.000) 03/29 08:20:41 Image size of job updated: 329560
	322  -  MemoryUsage of job (MB)
	329248  -  ResidentSetSize of job (KB)
...
006 (8906.000.000) 03/29 08:25:42 Image size of job updated: 334696
	327  -  MemoryUsage of job (MB)
	334544  -  ResidentSetSize of job (KB)
...
006 (8906.000.000) 03/29 08:29:07 Image size of job updated: 732920
	327  -  MemoryUsage of job (MB)
	334544  -  ResidentSetSize of job (KB)
...
005 (8906.000.000) 03/29 08:29:09 Job terminated.
	(1) Normal termination (return value 0)
		Usr 0 00:07:58, Sys 0 00:04:48  -  Run Remote Usage
		Usr 0 00:00:00, Sys 0 00:00:00  -  Run Local Usage
		Usr 0 00:07:58, Sys 0 00:04:48  -  Total Remote Usage
		Usr 0 00:00:00, Sys 0 00:00:00  -  Total Local Usage
	84321  -  Run Bytes Sent By Job
	543  -  Run Bytes Received By Job
	84321  -  Total Bytes Sent By Job
	543  -  Total Bytes Received By Job
	Partitionable Resources :    Usage  Request Allocated
	   Cpus                 :                 1         1
	   Disk (KB)            :       95  1024000   1931306
	   Memory (MB)          :      327     2000      2000
...
