000 (8922.000.000) 03/29 08:14:46 Job submitted from host: <128.101.221.180:9618?addrs=128.101.221.180-9618&noUDP&sock=3943_2604_3>
...
001 (8922.000.000) 03/29 08:24:15 Job executing on host: <128.101.221.182:9618?addrs=128.101.221.182-9618&noUDP&sock=3902_06a2_4>
...
006 (8922.000.000) 03/29 08:24:24 Image size of job updated: 259060
	215  -  MemoryUsage of job (MB)
	219388  -  ResidentSetSize of job (KB)
...
006 (8922.000.000) 03/29 08:29:25 Image size of job updated: 332004
	324  -  MemoryUsage of job (MB)
	331704  -  ResidentSetSize of job (KB)
...
006 (8922.000.000) 03/29 08:31:28 Image size of job updated: 334932
	324  -  MemoryUsage of job (MB)
	331704  -  ResidentSetSize of job (KB)
...
005 (8922.000.000) 03/29 08:31:29 Job terminated.
	(1) Normal termination (return value 0)
		Usr 0 00:04:15, Sys 0 00:02:32  -  Run Remote Usage
		Usr 0 00:00:00, Sys 0 00:00:00  -  Run Local Usage
		Usr 0 00:04:15, Sys 0 00:02:32  -  Total Remote Usage
		Usr 0 00:00:00, Sys 0 00:00:00  -  Total Local Usage
	47927  -  Run Bytes Sent By Job
	543  -  Run Bytes Received By Job
	47927  -  Total Bytes Sent By Job
	543  -  Total Bytes Received By Job
	Partitionable Resources :    Usage  Request Allocated
	   Cpus                 :                 1         1
	   Disk (KB)            :       60  1024000   2046688
	   Memory (MB)          :      324     2000      2000
...
