000 (8956.000.000) 03/29 08:15:05 Job submitted from host: <128.101.221.180:9618?addrs=128.101.221.180-9618&noUDP&sock=3943_2604_3>
...
001 (8956.000.000) 03/29 08:36:50 Job executing on host: <128.101.221.182:9618?addrs=128.101.221.182-9618&noUDP&sock=3902_06a2_4>
...
006 (8956.000.000) 03/29 08:36:59 Image size of job updated: 292720
	211  -  MemoryUsage of job (MB)
	215256  -  ResidentSetSize of job (KB)
...
005 (8956.000.000) 03/29 08:40:22 Job terminated.
	(1) Normal termination (return value 0)
		Usr 0 00:02:12, Sys 0 00:01:03  -  Run Remote Usage
		Usr 0 00:00:00, Sys 0 00:00:00  -  Run Local Usage
		Usr 0 00:02:12, Sys 0 00:01:03  -  Total Remote Usage
		Usr 0 00:00:00, Sys 0 00:00:00  -  Total Local Usage
	39531  -  Run Bytes Sent By Job
	543  -  Run Bytes Received By Job
	39531  -  Total Bytes Sent By Job
	543  -  Total Bytes Received By Job
	Partitionable Resources :    Usage  Request Allocated
	   Cpus                 :                 1         1
	   Disk (KB)            :       52  1024000   2046680
	   Memory (MB)          :      211     2000      2000
...
