000 (8902.000.000) 03/29 08:14:36 Job submitted from host: <128.101.221.180:9618?addrs=128.101.221.180-9618&noUDP&sock=3943_2604_3>
...
001 (8902.000.000) 03/29 08:14:51 Job executing on host: <128.101.221.182:9618?addrs=128.101.221.182-9618&noUDP&sock=3902_06a2_4>
...
006 (8902.000.000) 03/29 08:15:00 Image size of job updated: 180036
	167  -  MemoryUsage of job (MB)
	170632  -  ResidentSetSize of job (KB)
...
006 (8902.000.000) 03/29 08:20:02 Image size of job updated: 329724
	322  -  MemoryUsage of job (MB)
	329476  -  ResidentSetSize of job (KB)
...
006 (8902.000.000) 03/29 08:25:02 Image size of job updated: 333972
	326  -  MemoryUsage of job (MB)
	333512  -  ResidentSetSize of job (KB)
...
005 (8902.000.000) 03/29 08:26:17 Job terminated.
	(1) Normal termination (return value 0)
		Usr 0 00:06:39, Sys 0 00:03:57  -  Run Remote Usage
		Usr 0 00:00:00, Sys 0 00:00:00  -  Run Local Usage
		Usr 0 00:06:39, Sys 0 00:03:57  -  Total Remote Usage
		Usr 0 00:00:00, Sys 0 00:00:00  -  Total Local Usage
	69159  -  Run Bytes Sent By Job
	543  -  Run Bytes Received By Job
	69159  -  Total Bytes Sent By Job
	543  -  Total Bytes Received By Job
	Partitionable Resources :    Usage  Request Allocated
	   Cpus                 :                 1         1
	   Disk (KB)            :       80  1024000   2046692
	   Memory (MB)          :      326     2000      2000
...
