000 (8932.000.000) 03/29 08:14:51 Job submitted from host: <128.101.221.180:9618?addrs=128.101.221.180-9618&noUDP&sock=3943_2604_3>
...
001 (8932.000.000) 03/29 08:27:35 Job executing on host: <128.101.221.182:9618?addrs=128.101.221.182-9618&noUDP&sock=3902_06a2_4>
...
006 (8932.000.000) 03/29 08:27:44 Image size of job updated: 158416
	151  -  MemoryUsage of job (MB)
	153904  -  ResidentSetSize of job (KB)
...
006 (8932.000.000) 03/29 08:32:44 Image size of job updated: 330088
	322  -  MemoryUsage of job (MB)
	329524  -  ResidentSetSize of job (KB)
...
006 (8932.000.000) 03/29 08:37:44 Image size of job updated: 333400
	325  -  MemoryUsage of job (MB)
	332728  -  ResidentSetSize of job (KB)
...
006 (8932.000.000) 03/29 08:38:34 Image size of job updated: 732740
	325  -  MemoryUsage of job (MB)
	332728  -  ResidentSetSize of job (KB)
...
005 (8932.000.000) 03/29 08:38:35 Job terminated.
	(1) Normal termination (return value 0)
		Usr 0 00:06:26, Sys 0 00:03:57  -  Run Remote Usage
		Usr 0 00:00:00, Sys 0 00:00:00  -  Run Local Usage
		Usr 0 00:06:26, Sys 0 00:03:57  -  Total Remote Usage
		Usr 0 00:00:00, Sys 0 00:00:00  -  Total Local Usage
	74390  -  Run Bytes Sent By Job
	543  -  Run Bytes Received By Job
	74390  -  Total Bytes Sent By Job
	543  -  Total Bytes Received By Job
	Partitionable Resources :    Usage  Request Allocated
	   Cpus                 :                 1         1
	   Disk (KB)            :       85  1024000   2046678
	   Memory (MB)          :      325     2000      2000
...
