000 (8910.000.000) 03/29 08:14:40 Job submitted from host: <128.101.221.180:9618?addrs=128.101.221.180-9618&noUDP&sock=3943_2604_3>
...
001 (8910.000.000) 03/29 08:16:37 Job executing on host: <128.101.221.182:9618?addrs=128.101.221.182-9618&noUDP&sock=3902_06a2_4>
...
006 (8910.000.000) 03/29 08:16:45 Image size of job updated: 244100
	168  -  MemoryUsage of job (MB)
	171520  -  ResidentSetSize of job (KB)
...
006 (8910.000.000) 03/29 08:21:45 Image size of job updated: 329756
	322  -  MemoryUsage of job (MB)
	329292  -  ResidentSetSize of job (KB)
...
006 (8910.000.000) 03/29 08:24:13 Image size of job updated: 729544
	322  -  MemoryUsage of job (MB)
	329292  -  ResidentSetSize of job (KB)
...
005 (8910.000.000) 03/29 08:24:14 Job terminated.
	(1) Normal termination (return value 0)
		Usr 0 00:04:20, Sys 0 00:02:40  -  Run Remote Usage
		Usr 0 00:00:00, Sys 0 00:00:00  -  Run Local Usage
		Usr 0 00:04:20, Sys 0 00:02:40  -  Total Remote Usage
		Usr 0 00:00:00, Sys 0 00:00:00  -  Total Local Usage
	63379  -  Run Bytes Sent By Job
	543  -  Run Bytes Received By Job
	63379  -  Total Bytes Sent By Job
	543  -  Total Bytes Received By Job
	Partitionable Resources :    Usage  Request Allocated
	   Cpus                 :                 1         1
	   Disk (KB)            :       75  1024000   2046688
	   Memory (MB)          :      322     2000      2000
...
