000 (8930.000.000) 03/29 08:14:50 Job submitted from host: <128.101.221.180:9618?addrs=128.101.221.180-9618&noUDP&sock=3943_2604_3>
...
001 (8930.000.000) 03/29 08:27:35 Job executing on host: <128.101.221.182:9618?addrs=128.101.221.182-9618&noUDP&sock=3902_06a2_4>
...
006 (8930.000.000) 03/29 08:27:44 Image size of job updated: 185068
	173  -  MemoryUsage of job (MB)
	176352  -  ResidentSetSize of job (KB)
...
006 (8930.000.000) 03/29 08:32:45 Image size of job updated: 332336
	325  -  MemoryUsage of job (MB)
	332212  -  ResidentSetSize of job (KB)
...
005 (8930.000.000) 03/29 08:36:49 Job terminated.
	(1) Normal termination (return value 0)
		Usr 0 00:05:28, Sys 0 00:03:14  -  Run Remote Usage
		Usr 0 00:00:00, Sys 0 00:00:00  -  Run Local Usage
		Usr 0 00:05:28, Sys 0 00:03:14  -  Total Remote Usage
		Usr 0 00:00:00, Sys 0 00:00:00  -  Total Local Usage
	59186  -  Run Bytes Sent By Job
	543  -  Run Bytes Received By Job
	59186  -  Total Bytes Sent By Job
	543  -  Total Bytes Received By Job
	Partitionable Resources :    Usage  Request Allocated
	   Cpus                 :                 1         1
	   Disk (KB)            :       71  1024000   2046680
	   Memory (MB)          :      325     2000      2000
...
