000 (8937.000.000) 03/29 08:14:55 Job submitted from host: <128.101.221.180:9618?addrs=128.101.221.180-9618&noUDP&sock=3943_2604_3>
...
001 (8937.000.000) 03/29 08:28:42 Job executing on host: <128.101.221.175:9618?addrs=128.101.221.175-9618&noUDP&sock=12916_e152_4>
...
006 (8937.000.000) 03/29 08:28:50 Image size of job updated: 171808
	142  -  MemoryUsage of job (MB)
	144836  -  ResidentSetSize of job (KB)
...
006 (8937.000.000) 03/29 08:33:50 Image size of job updated: 330460
	323  -  MemoryUsage of job (MB)
	330192  -  ResidentSetSize of job (KB)
...
006 (8937.000.000) 03/29 08:38:35 Image size of job updated: 334368
	323  -  MemoryUsage of job (MB)
	330192  -  ResidentSetSize of job (KB)
...
005 (8937.000.000) 03/29 08:38:36 Job terminated.
	(1) Normal termination (return value 0)
		Usr 0 00:05:46, Sys 0 00:03:35  -  Run Remote Usage
		Usr 0 00:00:00, Sys 0 00:00:00  -  Run Local Usage
		Usr 0 00:05:46, Sys 0 00:03:35  -  Total Remote Usage
		Usr 0 00:00:00, Sys 0 00:00:00  -  Total Local Usage
	61344  -  Run Bytes Sent By Job
	543  -  Run Bytes Received By Job
	61344  -  Total Bytes Sent By Job
	543  -  Total Bytes Received By Job
	Partitionable Resources :    Usage  Request Allocated
	   Cpus                 :                 1         1
	   Disk (KB)            :       73  1024000   1931322
	   Memory (MB)          :      323     2000      2000
...
