000 (8913.000.000) 03/29 08:14:41 Job submitted from host: <128.101.221.180:9618?addrs=128.101.221.180-9618&noUDP&sock=3943_2604_3>
...
001 (8913.000.000) 03/29 08:21:15 Job executing on host: <128.101.221.175:9618?addrs=128.101.221.175-9618&noUDP&sock=12916_e152_4>
...
006 (8913.000.000) 03/29 08:21:23 Image size of job updated: 263224
	184  -  MemoryUsage of job (MB)
	188188  -  ResidentSetSize of job (KB)
...
006 (8913.000.000) 03/29 08:26:23 Image size of job updated: 329384
	322  -  MemoryUsage of job (MB)
	329152  -  ResidentSetSize of job (KB)
...
006 (8913.000.000) 03/29 08:31:24 Image size of job updated: 333556
	326  -  MemoryUsage of job (MB)
	333348  -  ResidentSetSize of job (KB)
...
006 (8913.000.000) 03/29 08:32:57 Image size of job updated: 729744
	326  -  MemoryUsage of job (MB)
	333348  -  ResidentSetSize of job (KB)
...
005 (8913.000.000) 03/29 08:32:58 Job terminated.
	(1) Normal termination (return value 0)
		Usr 0 00:06:57, Sys 0 00:04:09  -  Run Remote Usage
		Usr 0 00:00:00, Sys 0 00:00:00  -  Run Local Usage
		Usr 0 00:06:57, Sys 0 00:04:09  -  Total Remote Usage
		Usr 0 00:00:00, Sys 0 00:00:00  -  Total Local Usage
	53899  -  Run Bytes Sent By Job
	543  -  Run Bytes Received By Job
	53899  -  Total Bytes Sent By Job
	543  -  Total Bytes Received By Job
	Partitionable Resources :    Usage  Request Allocated
	   Cpus                 :                 1         1
	   Disk (KB)            :       66  1024000   1931312
	   Memory (MB)          :      326     2000      2000
...
