000 (8911.000.000) 03/29 08:14:40 Job submitted from host: <128.101.221.180:9618?addrs=128.101.221.180-9618&noUDP&sock=3943_2604_3>
...
001 (8911.000.000) 03/29 08:20:52 Job executing on host: <128.101.221.175:9618?addrs=128.101.221.175-9618&noUDP&sock=12916_e152_4>
...
006 (8911.000.000) 03/29 08:21:01 Image size of job updated: 250544
	172  -  MemoryUsage of job (MB)
	176020  -  ResidentSetSize of job (KB)
...
006 (8911.000.000) 03/29 08:26:02 Image size of job updated: 329652
	322  -  MemoryUsage of job (MB)
	329580  -  ResidentSetSize of job (KB)
...
006 (8911.000.000) 03/29 08:31:03 Image size of job updated: 333272
	326  -  MemoryUsage of job (MB)
	333248  -  ResidentSetSize of job (KB)
...
006 (8911.000.000) 03/29 08:34:11 Image size of job updated: 730260
	326  -  MemoryUsage of job (MB)
	333248  -  ResidentSetSize of job (KB)
...
005 (8911.000.000) 03/29 08:34:12 Job terminated.
	(1) Normal termination (return value 0)
		Usr 0 00:07:56, Sys 0 00:04:41  -  Run Remote Usage
		Usr 0 00:00:00, Sys 0 00:00:00  -  Run Local Usage
		Usr 0 00:07:56, Sys 0 00:04:41  -  Total Remote Usage
		Usr 0 00:00:00, Sys 0 00:00:00  -  Total Local Usage
	73254  -  Run Bytes Sent By Job
	543  -  Run Bytes Received By Job
	73254  -  Total Bytes Sent By Job
	543  -  Total Bytes Received By Job
	Partitionable Resources :    Usage  Request Allocated
	   Cpus                 :                 1         1
	   Disk (KB)            :       85  1024000   1931312
	   Memory (MB)          :      326     2000      2000
...
