000 (8933.000.000) 03/29 08:14:51 Job submitted from host: <128.101.221.180:9618?addrs=128.101.221.180-9618&noUDP&sock=3943_2604_3>
...
001 (8933.000.000) 03/29 08:27:37 Job executing on host: <128.101.221.182:9618?addrs=128.101.221.182-9618&noUDP&sock=3902_06a2_4>
...
006 (8933.000.000) 03/29 08:27:46 Image size of job updated: 200260
	188  -  MemoryUsage of job (MB)
	191572  -  ResidentSetSize of job (KB)
...
006 (8933.000.000) 03/29 08:32:47 Image size of job updated: 329508
	322  -  MemoryUsage of job (MB)
	329140  -  ResidentSetSize of job (KB)
...
006 (8933.000.000) 03/29 08:37:48 Image size of job updated: 335120
	327  -  MemoryUsage of job (MB)
	334764  -  ResidentSetSize of job (KB)
...
005 (8933.000.000) 03/29 08:38:34 Job terminated.
	(1) Normal termination (return value 0)
		Usr 0 00:06:26, Sys 0 00:03:56  -  Run Remote Usage
		Usr 0 00:00:00, Sys 0 00:00:00  -  Run Local Usage
		Usr 0 00:06:26, Sys 0 00:03:56  -  Total Remote Usage
		Usr 0 00:00:00, Sys 0 00:00:00  -  Total Local Usage
	66648  -  Run Bytes Sent By Job
	543  -  Run Bytes Received By Job
	66648  -  Total Bytes Sent By Job
	543  -  Total Bytes Received By Job
	Partitionable Resources :    Usage  Request Allocated
	   Cpus                 :                 1         1
	   Disk (KB)            :       78  1024000   2046678
	   Memory (MB)          :      327     2000      2000
...
