000 (8945.000.000) 03/29 08:15:00 Job submitted from host: <128.101.221.180:9618?addrs=128.101.221.180-9618&noUDP&sock=3943_2604_3>
...
001 (8945.000.000) 03/29 08:31:31 Job executing on host: <128.101.221.182:9618?addrs=128.101.221.182-9618&noUDP&sock=3902_06a2_4>
...
006 (8945.000.000) 03/29 08:31:40 Image size of job updated: 221792
	176  -  MemoryUsage of job (MB)
	179216  -  ResidentSetSize of job (KB)
...
006 (8945.000.000) 03/29 08:36:41 Image size of job updated: 330016
	322  -  MemoryUsage of job (MB)
	329708  -  ResidentSetSize of job (KB)
...
006 (8945.000.000) 03/29 08:40:05 Image size of job updated: 335664
	322  -  MemoryUsage of job (MB)
	329708  -  ResidentSetSize of job (KB)
...
005 (8945.000.000) 03/29 08:40:06 Job terminated.
	(1) Normal termination (return value 0)
		Usr 0 00:05:06, Sys 0 00:02:56  -  Run Remote Usage
		Usr 0 00:00:00, Sys 0 00:00:00  -  Run Local Usage
		Usr 0 00:05:06, Sys 0 00:02:56  -  Total Remote Usage
		Usr 0 00:00:00, Sys 0 00:00:00  -  Total Local Usage
	60708  -  Run Bytes Sent By Job
	543  -  Run Bytes Received By Job
	60708  -  Total Bytes Sent By Job
	543  -  Total Bytes Received By Job
	Partitionable Resources :    Usage  Request Allocated
	   Cpus                 :                 1         1
	   Disk (KB)            :       72  1024000   2046664
	   Memory (MB)          :      322     2000      2000
...
