000 (8900.000.000) 03/29 08:14:35 Job submitted from host: <128.101.221.180:9618?addrs=128.101.221.180-9618&noUDP&sock=3943_2604_3>
...
001 (8900.000.000) 03/29 08:14:51 Job executing on host: <128.101.221.175:9618?addrs=128.101.221.175-9618&noUDP&sock=12916_e152_4>
...
006 (8900.000.000) 03/29 08:15:00 Image size of job updated: 172060
	167  -  MemoryUsage of job (MB)
	170516  -  ResidentSetSize of job (KB)
...
006 (8900.000.000) 03/29 08:20:01 Image size of job updated: 329536
	322  -  MemoryUsage of job (MB)
	329472  -  ResidentSetSize of job (KB)
...
006 (8900.000.000) 03/29 08:25:02 Image size of job updated: 333024
	326  -  MemoryUsage of job (MB)
	332828  -  ResidentSetSize of job (KB)
...
006 (8900.000.000) 03/29 08:28:53 Image size of job updated: 730320
	326  -  MemoryUsage of job (MB)
	332828  -  ResidentSetSize of job (KB)
...
005 (8900.000.000) 03/29 08:28:54 Job terminated.
	(1) Normal termination (return value 0)
		Usr 0 00:08:12, Sys 0 00:05:00  -  Run Remote Usage
		Usr 0 00:00:00, Sys 0 00:00:00  -  Run Local Usage
		Usr 0 00:08:12, Sys 0 00:05:00  -  Total Remote Usage
		Usr 0 00:00:00, Sys 0 00:00:00  -  Total Local Usage
	70193  -  Run Bytes Sent By Job
	543  -  Run Bytes Received By Job
	70193  -  Total Bytes Sent By Job
	543  -  Total Bytes Received By Job
	Partitionable Resources :    Usage  Request Allocated
	   Cpus                 :                 1         1
	   Disk (KB)            :       81  1024000   1931312
	   Memory (MB)          :      326     2000      2000
...
