000 (7449.000.000) 02/17 09:57:51 Job submitted from host: <128.101.221.181:9618?addrs=128.101.221.181-9618&noUDP&sock=2582719_fdba_3>
...
001 (7449.000.000) 02/17 09:57:56 Job executing on host: <128.101.221.182:9618?addrs=128.101.221.182-9618&noUDP&sock=3902_06a2_4>
...
006 (7449.000.000) 02/17 09:58:05 Image size of job updated: 124968
	94  -  MemoryUsage of job (MB)
	95984  -  ResidentSetSize of job (KB)
...
005 (7449.000.000) 02/17 10:02:08 Job terminated.
	(1) Normal termination (return value 0)
		Usr 0 00:02:08, Sys 0 00:01:17  -  Run Remote Usage
		Usr 0 00:00:00, Sys 0 00:00:00  -  Run Local Usage
		Usr 0 00:02:08, Sys 0 00:01:17  -  Total Remote Usage
		Usr 0 00:00:00, Sys 0 00:00:00  -  Total Local Usage
	70038  -  Run Bytes Sent By Job
	515  -  Run Bytes Received By Job
	70038  -  Total Bytes Sent By Job
	515  -  Total Bytes Received By Job
	Partitionable Resources :    Usage  Request Allocated
	   Cpus                 :                 1         1
	   Disk (KB)            :       81  1024000   1024978
	   Memory (MB)          :       94     2000      2000
...
