000 (7468.000.000) 02/17 09:58:02 Job submitted from host: <128.101.221.181:9618?addrs=128.101.221.181-9618&noUDP&sock=2582719_fdba_3>
...
001 (7468.000.000) 02/17 09:58:21 Job executing on host: <128.101.221.192:9618?addrs=128.101.221.192-9618&noUDP&sock=3175794_1c7b_4>
...
006 (7468.000.000) 02/17 09:58:30 Image size of job updated: 190272
	180  -  MemoryUsage of job (MB)
	183904  -  ResidentSetSize of job (KB)
...
005 (7468.000.000) 02/17 10:01:29 Job terminated.
	(1) Normal termination (return value 0)
		Usr 0 00:01:40, Sys 0 00:01:01  -  Run Remote Usage
		Usr 0 00:00:00, Sys 0 00:00:00  -  Run Local Usage
		Usr 0 00:01:40, Sys 0 00:01:01  -  Total Remote Usage
		Usr 0 00:00:00, Sys 0 00:00:00  -  Total Local Usage
	50877  -  Run Bytes Sent By Job
	515  -  Run Bytes Received By Job
	50877  -  Total Bytes Sent By Job
	515  -  Total Bytes Received By Job
	Partitionable Resources :    Usage  Request Allocated
	   Cpus                 :                 1         1
	   Disk (KB)            :       62  1024000   1030828
	   Memory (MB)          :      180     2000      2000
...
