000 (7462.000.000) 02/17 09:57:58 Job submitted from host: <128.101.221.181:9618?addrs=128.101.221.181-9618&noUDP&sock=2582719_fdba_3>
...
001 (7462.000.000) 02/17 09:58:19 Job executing on host: <128.101.221.193:9618?addrs=128.101.221.193-9618&noUDP&sock=2332108_b0a7_4>
...
006 (7462.000.000) 02/17 09:58:28 Image size of job updated: 131164
	126  -  MemoryUsage of job (MB)
	128896  -  ResidentSetSize of job (KB)
...
006 (7462.000.000) 02/17 10:02:23 Image size of job updated: 717172
	126  -  MemoryUsage of job (MB)
	128896  -  ResidentSetSize of job (KB)
...
005 (7462.000.000) 02/17 10:02:24 Job terminated.
	(1) Normal termination (return value 0)
		Usr 0 00:01:40, Sys 0 00:01:42  -  Run Remote Usage
		Usr 0 00:00:00, Sys 0 00:00:00  -  Run Local Usage
		Usr 0 00:01:40, Sys 0 00:01:42  -  Total Remote Usage
		Usr 0 00:00:00, Sys 0 00:00:00  -  Total Local Usage
	41219  -  Run Bytes Sent By Job
	515  -  Run Bytes Received By Job
	41219  -  Total Bytes Sent By Job
	515  -  Total Bytes Received By Job
	Partitionable Resources :    Usage  Request Allocated
	   Cpus                 :                 1         1
	   Disk (KB)            :       53  1024000   1030326
	   Memory (MB)          :      126     2000      2000
...
