000 (7455.000.000) 02/17 09:57:54 Job submitted from host: <128.101.221.181:9618?addrs=128.101.221.181-9618&noUDP&sock=2582719_fdba_3>
...
001 (7455.000.000) 02/17 09:58:15 Job executing on host: <128.101.221.192:9618?addrs=128.101.221.192-9618&noUDP&sock=3175794_1c7b_4>
...
006 (7455.000.000) 02/17 09:58:24 Image size of job updated: 227708
	214  -  MemoryUsage of job (MB)
	218156  -  ResidentSetSize of job (KB)
...
006 (7455.000.000) 02/17 10:02:21 Image size of job updated: 323864
	214  -  MemoryUsage of job (MB)
	218156  -  ResidentSetSize of job (KB)
...
005 (7455.000.000) 02/17 10:02:22 Job terminated.
	(1) Normal termination (return value 0)
		Usr 0 00:02:10, Sys 0 00:01:20  -  Run Remote Usage
		Usr 0 00:00:00, Sys 0 00:00:00  -  Run Local Usage
		Usr 0 00:02:10, Sys 0 00:01:20  -  Total Remote Usage
		Usr 0 00:00:00, Sys 0 00:00:00  -  Total Local Usage
	38969  -  Run Bytes Sent By Job
	515  -  Run Bytes Received By Job
	38969  -  Total Bytes Sent By Job
	515  -  Total Bytes Received By Job
	Partitionable Resources :    Usage  Request Allocated
	   Cpus                 :                 1         1
	   Disk (KB)            :       51  1024000   1030829
	   Memory (MB)          :      214     2000      2000
...
