000 (7464.000.000) 02/17 09:57:59 Job submitted from host: <128.101.221.181:9618?addrs=128.101.221.181-9618&noUDP&sock=2582719_fdba_3>
...
001 (7464.000.000) 02/17 09:58:20 Job executing on host: <128.101.221.192:9618?addrs=128.101.221.192-9618&noUDP&sock=3175794_1c7b_4>
...
006 (7464.000.000) 02/17 09:58:28 Image size of job updated: 155128
	147  -  MemoryUsage of job (MB)
	150168  -  ResidentSetSize of job (KB)
...
006 (7464.000.000) 02/17 10:03:03 Image size of job updated: 717804
	147  -  MemoryUsage of job (MB)
	150168  -  ResidentSetSize of job (KB)
...
005 (7464.000.000) 02/17 10:03:04 Job terminated.
	(1) Normal termination (return value 0)
		Usr 0 00:02:31, Sys 0 00:01:32  -  Run Remote Usage
		Usr 0 00:00:00, Sys 0 00:00:00  -  Run Local Usage
		Usr 0 00:02:31, Sys 0 00:01:32  -  Total Remote Usage
		Usr 0 00:00:00, Sys 0 00:00:00  -  Total Local Usage
	36988  -  Run Bytes Sent By Job
	515  -  Run Bytes Received By Job
	36988  -  Total Bytes Sent By Job
	515  -  Total Bytes Received By Job
	Partitionable Resources :    Usage  Request Allocated
	   Cpus                 :                 1         1
	   Disk (KB)            :       49  1024000   1030828
	   Memory (MB)          :      147     2000      2000
...
