000 (7441.000.000) 02/17 07:41:06 Job submitted from host: <128.101.221.181:9618?addrs=128.101.221.181-9618&noUDP&sock=2582719_fdba_3>
...
001 (7441.000.000) 02/17 07:45:31 Job executing on host: <128.101.221.193:9618?addrs=128.101.221.193-9618&noUDP&sock=2332108_b0a7_4>
...
006 (7441.000.000) 02/17 07:45:40 Image size of job updated: 221396
	203  -  MemoryUsage of job (MB)
	207032  -  ResidentSetSize of job (KB)
...
005 (7441.000.000) 02/17 07:48:24 Job terminated.
	(1) Normal termination (return value 0)
		Usr 0 00:01:20, Sys 0 00:01:12  -  Run Remote Usage
		Usr 0 00:00:00, Sys 0 00:00:00  -  Run Local Usage
		Usr 0 00:01:20, Sys 0 00:01:12  -  Total Remote Usage
		Usr 0 00:00:00, Sys 0 00:00:00  -  Total Local Usage
	56726  -  Run Bytes Sent By Job
	517  -  Run Bytes Received By Job
	56726  -  Total Bytes Sent By Job
	517  -  Total Bytes Received By Job
	Partitionable Resources :    Usage  Request Allocated
	   Cpus                 :                 1         1
	   Disk (KB)            :       68  1024000   1030380
	   Memory (MB)          :      203     2000      2000
...
