000 (7424.000.000) 02/17 07:40:54 Job submitted from host: <128.101.221.181:9618?addrs=128.101.221.181-9618&noUDP&sock=2582719_fdba_3>
...
001 (7424.000.000) 02/17 07:44:23 Job executing on host: <128.101.221.191:9618?addrs=128.101.221.191-9618&noUDP&sock=3143621_1bfa_4>
...
006 (7424.000.000) 02/17 07:44:32 Image size of job updated: 7148
	4  -  MemoryUsage of job (MB)
	3380  -  ResidentSetSize of job (KB)
...
006 (7424.000.000) 02/17 07:47:11 Image size of job updated: 421428
	4  -  MemoryUsage of job (MB)
	3380  -  ResidentSetSize of job (KB)
...
005 (7424.000.000) 02/17 07:47:12 Job terminated.
	(1) Normal termination (return value 0)
		Usr 0 00:01:06, Sys 0 00:00:19  -  Run Remote Usage
		Usr 0 00:00:00, Sys 0 00:00:00  -  Run Local Usage
		Usr 0 00:01:06, Sys 0 00:00:19  -  Total Remote Usage
		Usr 0 00:00:00, Sys 0 00:00:00  -  Total Local Usage
	41935  -  Run Bytes Sent By Job
	517  -  Run Bytes Received By Job
	41935  -  Total Bytes Sent By Job
	517  -  Total Bytes Received By Job
	Partitionable Resources :    Usage  Request Allocated
	   Cpus                 :                 1         1
	   Disk (KB)            :       54  1024000   1030001
	   Memory (MB)          :        4     2000      2000
...
