000 (7398.000.000) 02/17 07:40:38 Job submitted from host: <128.101.221.181:9618?addrs=128.101.221.181-9618&noUDP&sock=2582719_fdba_3>
...
001 (7398.000.000) 02/17 07:41:53 Job executing on host: <128.101.221.193:9618?addrs=128.101.221.193-9618&noUDP&sock=2332108_b0a7_4>
...
006 (7398.000.000) 02/17 07:42:01 Image size of job updated: 255968
	177  -  MemoryUsage of job (MB)
	180436  -  ResidentSetSize of job (KB)
...
005 (7398.000.000) 02/17 07:44:47 Job terminated.
	(1) Normal termination (return value 0)
		Usr 0 00:01:16, Sys 0 00:01:17  -  Run Remote Usage
		Usr 0 00:00:00, Sys 0 00:00:00  -  Run Local Usage
		Usr 0 00:01:16, Sys 0 00:01:17  -  Total Remote Usage
		Usr 0 00:00:00, Sys 0 00:00:00  -  Total Local Usage
	48343  -  Run Bytes Sent By Job
	517  -  Run Bytes Received By Job
	48343  -  Total Bytes Sent By Job
	517  -  Total Bytes Received By Job
	Partitionable Resources :    Usage  Request Allocated
	   Cpus                 :                 1         1
	   Disk (KB)            :       60  1024000   1030384
	   Memory (MB)          :      177     2000      2000
...
