000 (7414.000.000) 02/17 07:40:47 Job submitted from host: <128.101.221.181:9618?addrs=128.101.221.181-9618&noUDP&sock=2582719_fdba_3>
...
001 (7414.000.000) 02/17 07:43:56 Job executing on host: <128.101.221.192:9618?addrs=128.101.221.192-9618&noUDP&sock=3175794_1c7b_4>
...
006 (7414.000.000) 02/17 07:44:05 Image size of job updated: 237216
	208  -  MemoryUsage of job (MB)
	212268  -  ResidentSetSize of job (KB)
...
006 (7414.000.000) 02/17 07:48:37 Image size of job updated: 720016
	208  -  MemoryUsage of job (MB)
	212268  -  ResidentSetSize of job (KB)
...
005 (7414.000.000) 02/17 07:48:38 Job terminated.
	(1) Normal termination (return value 0)
		Usr 0 00:02:37, Sys 0 00:01:35  -  Run Remote Usage
		Usr 0 00:00:00, Sys 0 00:00:00  -  Run Local Usage
		Usr 0 00:02:37, Sys 0 00:01:35  -  Total Remote Usage
		Usr 0 00:00:00, Sys 0 00:00:00  -  Total Local Usage
	71497  -  Run Bytes Sent By Job
	517  -  Run Bytes Received By Job
	71497  -  Total Bytes Sent By Job
	517  -  Total Bytes Received By Job
	Partitionable Resources :    Usage  Request Allocated
	   Cpus                 :                 1         1
	   Disk (KB)            :       83  1024000   1030882
	   Memory (MB)          :      208     2000      2000
...
