000 (7421.000.000) 02/17 07:40:51 Job submitted from host: <128.101.221.181:9618?addrs=128.101.221.181-9618&noUDP&sock=2582719_fdba_3>
...
001 (7421.000.000) 02/17 07:44:13 Job executing on host: <128.101.221.193:9618?addrs=128.101.221.193-9618&noUDP&sock=2332108_b0a7_4>
...
006 (7421.000.000) 02/17 07:44:22 Image size of job updated: 246128
	206  -  MemoryUsage of job (MB)
	210120  -  ResidentSetSize of job (KB)
...
006 (7421.000.000) 02/17 07:47:18 Image size of job updated: 323088
	206  -  MemoryUsage of job (MB)
	210120  -  ResidentSetSize of job (KB)
...
005 (7421.000.000) 02/17 07:47:19 Job terminated.
	(1) Normal termination (return value 0)
		Usr 0 00:01:21, Sys 0 00:01:25  -  Run Remote Usage
		Usr 0 00:00:00, Sys 0 00:00:00  -  Run Local Usage
		Usr 0 00:01:21, Sys 0 00:01:25  -  Total Remote Usage
		Usr 0 00:00:00, Sys 0 00:00:00  -  Total Local Usage
	48135  -  Run Bytes Sent By Job
	517  -  Run Bytes Received By Job
	48135  -  Total Bytes Sent By Job
	517  -  Total Bytes Received By Job
	Partitionable Resources :    Usage  Request Allocated
	   Cpus                 :                 1         1
	   Disk (KB)            :       60  1024000   1030384
	   Memory (MB)          :      206     2000      2000
...
