000 (7382.000.000) 02/17 07:40:27 Job submitted from host: <128.101.221.181:9618?addrs=128.101.221.181-9618&noUDP&sock=2582719_fdba_3>
...
001 (7382.000.000) 02/17 07:40:50 Job executing on host: <128.101.221.170:9618?addrs=128.101.221.170-9618&noUDP&sock=4150_221f_4>
...
006 (7382.000.000) 02/17 07:40:58 Image size of job updated: 229676
	182  -  MemoryUsage of job (MB)
	185668  -  ResidentSetSize of job (KB)
...
006 (7382.000.000) 02/17 07:45:58 Image size of job updated: 325472
	318  -  MemoryUsage of job (MB)
	325308  -  ResidentSetSize of job (KB)
...
006 (7382.000.000) 02/17 07:48:13 Image size of job updated: 325640
	318  -  MemoryUsage of job (MB)
	325308  -  ResidentSetSize of job (KB)
...
005 (7382.000.000) 02/17 07:48:14 Job terminated.
	(1) Normal termination (return value 0)
		Usr 0 00:03:34, Sys 0 00:03:11  -  Run Remote Usage
		Usr 0 00:00:00, Sys 0 00:00:00  -  Run Local Usage
		Usr 0 00:03:34, Sys 0 00:03:11  -  Total Remote Usage
		Usr 0 00:00:00, Sys 0 00:00:00  -  Total Local Usage
	98181  -  Run Bytes Sent By Job
	517  -  Run Bytes Received By Job
	98181  -  Total Bytes Sent By Job
	517  -  Total Bytes Received By Job
	Partitionable Resources :    Usage  Request Allocated
	   Cpus                 :                 1         1
	   Disk (KB)            :      115  1024000   2040476
	   Memory (MB)          :      318     2000      2000
...
