000 (7389.000.000) 02/17 07:40:32 Job submitted from host: <128.101.221.181:9618?addrs=128.101.221.181-9618&noUDP&sock=2582719_fdba_3>
...
001 (7389.000.000) 02/17 07:40:50 Job executing on host: <128.101.221.192:9618?addrs=128.101.221.192-9618&noUDP&sock=3175794_1c7b_4>
...
006 (7389.000.000) 02/17 07:40:59 Image size of job updated: 238180
	215  -  MemoryUsage of job (MB)
	219176  -  ResidentSetSize of job (KB)
...
006 (7389.000.000) 02/17 07:43:54 Image size of job updated: 717672
	215  -  MemoryUsage of job (MB)
	219176  -  ResidentSetSize of job (KB)
...
005 (7389.000.000) 02/17 07:43:55 Job terminated.
	(1) Normal termination (return value 0)
		Usr 0 00:01:44, Sys 0 00:01:01  -  Run Remote Usage
		Usr 0 00:00:00, Sys 0 00:00:00  -  Run Local Usage
		Usr 0 00:01:44, Sys 0 00:01:01  -  Total Remote Usage
		Usr 0 00:00:00, Sys 0 00:00:00  -  Total Local Usage
	40395  -  Run Bytes Sent By Job
	517  -  Run Bytes Received By Job
	40395  -  Total Bytes Sent By Job
	517  -  Total Bytes Received By Job
	Partitionable Resources :    Usage  Request Allocated
	   Cpus                 :                 1         1
	   Disk (KB)            :       52  1024000   1030882
	   Memory (MB)          :      215     2000      2000
...
