000 (7410.000.000) 02/17 07:40:45 Job submitted from host: <128.101.221.181:9618?addrs=128.101.221.181-9618&noUDP&sock=2582719_fdba_3>
...
001 (7410.000.000) 02/17 07:43:36 Job executing on host: <128.101.221.182:9618?addrs=128.101.221.182-9618&noUDP&sock=3902_06a2_4>
...
006 (7410.000.000) 02/17 07:43:45 Image size of job updated: 272800
	208  -  MemoryUsage of job (MB)
	212524  -  ResidentSetSize of job (KB)
...
006 (7410.000.000) 02/17 07:48:11 Image size of job updated: 720100
	208  -  MemoryUsage of job (MB)
	212524  -  ResidentSetSize of job (KB)
...
005 (7410.000.000) 02/17 07:48:12 Job terminated.
	(1) Normal termination (return value 0)
		Usr 0 00:02:37, Sys 0 00:01:28  -  Run Remote Usage
		Usr 0 00:00:00, Sys 0 00:00:00  -  Run Local Usage
		Usr 0 00:02:37, Sys 0 00:01:28  -  Total Remote Usage
		Usr 0 00:00:00, Sys 0 00:00:00  -  Total Local Usage
	78095  -  Run Bytes Sent By Job
	517  -  Run Bytes Received By Job
	78095  -  Total Bytes Sent By Job
	517  -  Total Bytes Received By Job
	Partitionable Resources :    Usage  Request Allocated
	   Cpus                 :                 1         1
	   Disk (KB)            :       89  1024000   1024788
	   Memory (MB)          :      208     2000      2000
...
