000 (7431.000.000) 02/17 07:41:00 Job submitted from host: <128.101.221.181:9618?addrs=128.101.221.181-9618&noUDP&sock=2582719_fdba_3>
...
001 (7431.000.000) 02/17 07:44:48 Job executing on host: <128.101.221.170:9618?addrs=128.101.221.170-9618&noUDP&sock=4150_221f_4>
...
006 (7431.000.000) 02/17 07:44:56 Image size of job updated: 196796
	173  -  MemoryUsage of job (MB)
	176444  -  ResidentSetSize of job (KB)
...
006 (7431.000.000) 02/17 07:47:26 Image size of job updated: 196796
	173  -  MemoryUsage of job (MB)
	176548  -  ResidentSetSize of job (KB)
...
005 (7431.000.000) 02/17 07:47:27 Job terminated.
	(1) Normal termination (return value 0)
		Usr 0 00:01:18, Sys 0 00:01:08  -  Run Remote Usage
		Usr 0 00:00:00, Sys 0 00:00:00  -  Run Local Usage
		Usr 0 00:01:18, Sys 0 00:01:08  -  Total Remote Usage
		Usr 0 00:00:00, Sys 0 00:00:00  -  Total Local Usage
	44811  -  Run Bytes Sent By Job
	517  -  Run Bytes Received By Job
	44811  -  Total Bytes Sent By Job
	517  -  Total Bytes Received By Job
	Partitionable Resources :    Usage  Request Allocated
	   Cpus                 :                 1         1
	   Disk (KB)            :       63  1024000   2040476
	   Memory (MB)          :      173     2000      2000
...
