000 (7397.000.000) 02/17 07:40:37 Job submitted from host: <128.101.221.181:9618?addrs=128.101.221.181-9618&noUDP&sock=2582719_fdba_3>
...
001 (7397.000.000) 02/17 07:40:54 Job executing on host: <128.101.221.193:9618?addrs=128.101.221.193-9618&noUDP&sock=2332108_b0a7_4>
...
006 (7397.000.000) 02/17 07:41:03 Image size of job updated: 175860
	162  -  MemoryUsage of job (MB)
	165488  -  ResidentSetSize of job (KB)
...
006 (7397.000.000) 02/17 07:45:28 Image size of job updated: 720164
	162  -  MemoryUsage of job (MB)
	165488  -  ResidentSetSize of job (KB)
...
005 (7397.000.000) 02/17 07:45:30 Job terminated.
	(1) Normal termination (return value 0)
		Usr 0 00:01:54, Sys 0 00:02:07  -  Run Remote Usage
		Usr 0 00:00:00, Sys 0 00:00:00  -  Run Local Usage
		Usr 0 00:01:54, Sys 0 00:02:07  -  Total Remote Usage
		Usr 0 00:00:00, Sys 0 00:00:00  -  Total Local Usage
	76329  -  Run Bytes Sent By Job
	517  -  Run Bytes Received By Job
	76329  -  Total Bytes Sent By Job
	517  -  Total Bytes Received By Job
	Partitionable Resources :    Usage  Request Allocated
	   Cpus                 :                 1         1
	   Disk (KB)            :       87  1024000   1030380
	   Memory (MB)          :      162     2000      2000
...
