000 (7417.000.000) 02/17 07:40:49 Job submitted from host: <128.101.221.181:9618?addrs=128.101.221.181-9618&noUDP&sock=2582719_fdba_3>
...
001 (7417.000.000) 02/17 07:44:01 Job executing on host: <128.101.221.184:9618?addrs=128.101.221.184-9618&noUDP&sock=3941866_c8bc_4>
...
006 (7417.000.000) 02/17 07:44:10 Image size of job updated: 13760
	6  -  MemoryUsage of job (MB)
	5616  -  ResidentSetSize of job (KB)
...
006 (7417.000.000) 02/17 07:46:33 Image size of job updated: 717264
	6  -  MemoryUsage of job (MB)
	5616  -  ResidentSetSize of job (KB)
...
005 (7417.000.000) 02/17 07:46:34 Job terminated.
	(1) Normal termination (return value 0)
		Usr 0 00:01:10, Sys 0 00:00:22  -  Run Remote Usage
		Usr 0 00:00:00, Sys 0 00:00:00  -  Run Local Usage
		Usr 0 00:01:10, Sys 0 00:00:22  -  Total Remote Usage
		Usr 0 00:00:00, Sys 0 00:00:00  -  Total Local Usage
	39963  -  Run Bytes Sent By Job
	517  -  Run Bytes Received By Job
	39963  -  Total Bytes Sent By Job
	517  -  Total Bytes Received By Job
	Partitionable Resources :    Usage  Request Allocated
	   Cpus                 :                 1         1
	   Disk (KB)            :       52  1024000   1029185
	   Memory (MB)          :        6     2000      2000
...
