000 (7439.000.000) 02/17 07:41:05 Job submitted from host: <128.101.221.181:9618?addrs=128.101.221.181-9618&noUDP&sock=2582719_fdba_3>
...
001 (7439.000.000) 02/17 07:45:15 Job executing on host: <128.101.221.192:9618?addrs=128.101.221.192-9618&noUDP&sock=3175794_1c7b_4>
...
006 (7439.000.000) 02/17 07:45:24 Image size of job updated: 263712
	184  -  MemoryUsage of job (MB)
	188152  -  ResidentSetSize of job (KB)
...
005 (7439.000.000) 02/17 07:48:21 Job terminated.
	(1) Normal termination (return value 0)
		Usr 0 00:01:46, Sys 0 00:01:00  -  Run Remote Usage
		Usr 0 00:00:00, Sys 0 00:00:00  -  Run Local Usage
		Usr 0 00:01:46, Sys 0 00:01:00  -  Total Remote Usage
		Usr 0 00:00:00, Sys 0 00:00:00  -  Total Local Usage
	59146  -  Run Bytes Sent By Job
	517  -  Run Bytes Received By Job
	59146  -  Total Bytes Sent By Job
	517  -  Total Bytes Received By Job
	Partitionable Resources :    Usage  Request Allocated
	   Cpus                 :                 1         1
	   Disk (KB)            :       71  1024000   1030886
	   Memory (MB)          :      184     2000      2000
...
