000 (7381.000.000) 02/17 07:40:27 Job submitted from host: <128.101.221.181:9618?addrs=128.101.221.181-9618&noUDP&sock=2582719_fdba_3>
...
001 (7381.000.000) 02/17 07:40:38 Job executing on host: <128.101.221.182:9618?addrs=128.101.221.182-9618&noUDP&sock=3902_06a2_4>
...
006 (7381.000.000) 02/17 07:40:46 Image size of job updated: 297636
	238  -  MemoryUsage of job (MB)
	242780  -  ResidentSetSize of job (KB)
...
005 (7381.000.000) 02/17 07:42:53 Job terminated.
	(1) Normal termination (return value 0)
		Usr 0 00:01:15, Sys 0 00:00:42  -  Run Remote Usage
		Usr 0 00:00:00, Sys 0 00:00:00  -  Run Local Usage
		Usr 0 00:01:15, Sys 0 00:00:42  -  Total Remote Usage
		Usr 0 00:00:00, Sys 0 00:00:00  -  Total Local Usage
	44588  -  Run Bytes Sent By Job
	517  -  Run Bytes Received By Job
	44588  -  Total Bytes Sent By Job
	517  -  Total Bytes Received By Job
	Partitionable Resources :    Usage  Request Allocated
	   Cpus                 :                 1         1
	   Disk (KB)            :       56  1024000   1024788
	   Memory (MB)          :      238     2000      2000
...
