000 (7393.000.000) 02/17 07:40:35 Job submitted from host: <128.101.221.181:9618?addrs=128.101.221.181-9618&noUDP&sock=2582719_fdba_3>
...
001 (7393.000.000) 02/17 07:40:52 Job executing on host: <128.101.221.182:9618?addrs=128.101.221.182-9618&noUDP&sock=3902_06a2_4>
...
006 (7393.000.000) 02/17 07:41:01 Image size of job updated: 189688
	177  -  MemoryUsage of job (MB)
	180500  -  ResidentSetSize of job (KB)
...
006 (7393.000.000) 02/17 07:42:56 Image size of job updated: 717308
	177  -  MemoryUsage of job (MB)
	180500  -  ResidentSetSize of job (KB)
...
005 (7393.000.000) 02/17 07:42:57 Job terminated.
	(1) Normal termination (return value 0)
		Usr 0 00:01:11, Sys 0 00:00:39  -  Run Remote Usage
		Usr 0 00:00:00, Sys 0 00:00:00  -  Run Local Usage
		Usr 0 00:01:11, Sys 0 00:00:39  -  Total Remote Usage
		Usr 0 00:00:00, Sys 0 00:00:00  -  Total Local Usage
	39280  -  Run Bytes Sent By Job
	517  -  Run Bytes Received By Job
	39280  -  Total Bytes Sent By Job
	517  -  Total Bytes Received By Job
	Partitionable Resources :    Usage  Request Allocated
	   Cpus                 :                 1         1
	   Disk (KB)            :       51  1024000   1024784
	   Memory (MB)          :      177     2000      2000
...
