000 (7383.000.000) 02/17 07:40:28 Job submitted from host: <128.101.221.181:9618?addrs=128.101.221.181-9618&noUDP&sock=2582719_fdba_3>
...
001 (7383.000.000) 02/17 07:40:50 Job executing on host: <128.101.221.182:9618?addrs=128.101.221.182-9618&noUDP&sock=3902_06a2_4>
...
006 (7383.000.000) 02/17 07:40:58 Image size of job updated: 194500
	178  -  MemoryUsage of job (MB)
	181956  -  ResidentSetSize of job (KB)
...
006 (7383.000.000) 02/17 07:45:54 Image size of job updated: 719952
	178  -  MemoryUsage of job (MB)
	181956  -  ResidentSetSize of job (KB)
...
005 (7383.000.000) 02/17 07:45:55 Job terminated.
	(1) Normal termination (return value 0)
		Usr 0 00:02:51, Sys 0 00:01:41  -  Run Remote Usage
		Usr 0 00:00:00, Sys 0 00:00:00  -  Run Local Usage
		Usr 0 00:02:51, Sys 0 00:01:41  -  Total Remote Usage
		Usr 0 00:00:00, Sys 0 00:00:00  -  Total Local Usage
	71690  -  Run Bytes Sent By Job
	517  -  Run Bytes Received By Job
	71690  -  Total Bytes Sent By Job
	517  -  Total Bytes Received By Job
	Partitionable Resources :    Usage  Request Allocated
	   Cpus                 :                 1         1
	   Disk (KB)            :       83  1024000   1024788
	   Memory (MB)          :      178     2000      2000
...
