000 (7416.000.000) 02/17 07:40:48 Job submitted from host: <128.101.221.181:9618?addrs=128.101.221.181-9618&noUDP&sock=2582719_fdba_3>
...
001 (7416.000.000) 02/17 07:43:59 Job executing on host: <128.101.221.182:9618?addrs=128.101.221.182-9618&noUDP&sock=3902_06a2_4>
...
006 (7416.000.000) 02/17 07:44:08 Image size of job updated: 260148
	180  -  MemoryUsage of job (MB)
	183636  -  ResidentSetSize of job (KB)
...
006 (7416.000.000) 02/17 07:47:43 Image size of job updated: 719820
	180  -  MemoryUsage of job (MB)
	183636  -  ResidentSetSize of job (KB)
...
005 (7416.000.000) 02/17 07:47:44 Job terminated.
	(1) Normal termination (return value 0)
		Usr 0 00:02:08, Sys 0 00:01:10  -  Run Remote Usage
		Usr 0 00:00:00, Sys 0 00:00:00  -  Run Local Usage
		Usr 0 00:02:08, Sys 0 00:01:10  -  Total Remote Usage
		Usr 0 00:00:00, Sys 0 00:00:00  -  Total Local Usage
	63777  -  Run Bytes Sent By Job
	517  -  Run Bytes Received By Job
	63777  -  Total Bytes Sent By Job
	517  -  Total Bytes Received By Job
	Partitionable Resources :    Usage  Request Allocated
	   Cpus                 :                 1         1
	   Disk (KB)            :       75  1024000   1024784
	   Memory (MB)          :      180     2000      2000
...
