000 (7437.000.000) 02/17 07:41:03 Job submitted from host: <128.101.221.181:9618?addrs=128.101.221.181-9618&noUDP&sock=2582719_fdba_3>
...
001 (7437.000.000) 02/17 07:44:59 Job executing on host: <128.101.221.182:9618?addrs=128.101.221.182-9618&noUDP&sock=3902_06a2_4>
...
006 (7437.000.000) 02/17 07:45:07 Image size of job updated: 233488
	201  -  MemoryUsage of job (MB)
	205116  -  ResidentSetSize of job (KB)
...
006 (7437.000.000) 02/17 07:49:07 Image size of job updated: 720084
	201  -  MemoryUsage of job (MB)
	205116  -  ResidentSetSize of job (KB)
...
005 (7437.000.000) 02/17 07:49:08 Job terminated.
	(1) Normal termination (return value 0)
		Usr 0 00:02:24, Sys 0 00:01:14  -  Run Remote Usage
		Usr 0 00:00:00, Sys 0 00:00:00  -  Run Local Usage
		Usr 0 00:02:24, Sys 0 00:01:14  -  Total Remote Usage
		Usr 0 00:00:00, Sys 0 00:00:00  -  Total Local Usage
	86891  -  Run Bytes Sent By Job
	517  -  Run Bytes Received By Job
	86891  -  Total Bytes Sent By Job
	517  -  Total Bytes Received By Job
	Partitionable Resources :    Usage  Request Allocated
	   Cpus                 :                 1         1
	   Disk (KB)            :       98  1024000   1024788
	   Memory (MB)          :      201     2000      2000
...
