000 (7440.000.000) 02/17 07:41:05 Job submitted from host: <128.101.221.181:9618?addrs=128.101.221.181-9618&noUDP&sock=2582719_fdba_3>
...
001 (7440.000.000) 02/17 07:45:23 Job executing on host: <128.101.221.193:9618?addrs=128.101.221.193-9618&noUDP&sock=2332108_b0a7_4>
...
006 (7440.000.000) 02/17 07:45:32 Image size of job updated: 219172
	205  -  MemoryUsage of job (MB)
	208916  -  ResidentSetSize of job (KB)
...
005 (7440.000.000) 02/17 07:47:12 Job terminated.
	(1) Normal termination (return value 0)
		Usr 0 00:00:49, Sys 0 00:00:47  -  Run Remote Usage
		Usr 0 00:00:00, Sys 0 00:00:00  -  Run Local Usage
		Usr 0 00:00:49, Sys 0 00:00:47  -  Total Remote Usage
		Usr 0 00:00:00, Sys 0 00:00:00  -  Total Local Usage
	43478  -  Run Bytes Sent By Job
	517  -  Run Bytes Received By Job
	43478  -  Total Bytes Sent By Job
	517  -  Total Bytes Received By Job
	Partitionable Resources :    Usage  Request Allocated
	   Cpus                 :                 1         1
	   Disk (KB)            :       55  1024000   1030380
	   Memory (MB)          :      205     2000      2000
...
