000 (8751.000.000) 03/29 07:09:58 Job submitted from host: <128.101.221.180:9618?addrs=128.101.221.180-9618&noUDP&sock=3943_2604_3>
...
001 (8751.000.000) 03/29 07:19:33 Job executing on host: <128.101.221.182:9618?addrs=128.101.221.182-9618&noUDP&sock=3902_06a2_4>
...
006 (8751.000.000) 03/29 07:19:42 Image size of job updated: 262252
	182  -  MemoryUsage of job (MB)
	185824  -  ResidentSetSize of job (KB)
...
006 (8751.000.000) 03/29 07:24:43 Image size of job updated: 329040
	322  -  MemoryUsage of job (MB)
	328840  -  ResidentSetSize of job (KB)
...
006 (8751.000.000) 03/29 07:27:33 Image size of job updated: 726248
	322  -  MemoryUsage of job (MB)
	328840  -  ResidentSetSize of job (KB)
...
005 (8751.000.000) 03/29 07:27:34 Job terminated.
	(1) Normal termination (return value 0)
		Usr 0 00:04:42, Sys 0 00:02:48  -  Run Remote Usage
		Usr 0 00:00:00, Sys 0 00:00:00  -  Run Local Usage
		Usr 0 00:04:42, Sys 0 00:02:48  -  Total Remote Usage
		Usr 0 00:00:00, Sys 0 00:00:00  -  Total Local Usage
	262196  -  Run Bytes Sent By Job
	547  -  Run Bytes Received By Job
	262196  -  Total Bytes Sent By Job
	547  -  Total Bytes Received By Job
	Partitionable Resources :    Usage  Request Allocated
	   Cpus                 :                 1         1
	   Disk (KB)            :      269  1024000   2046856
	   Memory (MB)          :      322     2000      2000
...
