000 (8780.000.000) 03/29 07:10:13 Job submitted from host: <128.101.221.180:9618?addrs=128.101.221.180-9618&noUDP&sock=3943_2604_3>
...
001 (8780.000.000) 03/29 07:31:10 Job executing on host: <128.101.221.182:9618?addrs=128.101.221.182-9618&noUDP&sock=3902_06a2_4>
...
006 (8780.000.000) 03/29 07:31:18 Image size of job updated: 179544
	174  -  MemoryUsage of job (MB)
	177412  -  ResidentSetSize of job (KB)
...
006 (8780.000.000) 03/29 07:36:07 Image size of job updated: 329520
	174  -  MemoryUsage of job (MB)
	177412  -  ResidentSetSize of job (KB)
...
005 (8780.000.000) 03/29 07:36:08 Job terminated.
	(1) Normal termination (return value 0)
		Usr 0 00:02:59, Sys 0 00:01:41  -  Run Remote Usage
		Usr 0 00:00:00, Sys 0 00:00:00  -  Run Local Usage
		Usr 0 00:02:59, Sys 0 00:01:41  -  Total Remote Usage
		Usr 0 00:00:00, Sys 0 00:00:00  -  Total Local Usage
	335561  -  Run Bytes Sent By Job
	547  -  Run Bytes Received By Job
	335561  -  Total Bytes Sent By Job
	547  -  Total Bytes Received By Job
	Partitionable Resources :    Usage  Request Allocated
	   Cpus                 :                 1         1
	   Disk (KB)            :      340  1024000   2046802
	   Memory (MB)          :      174     2000      2000
...
