000 (8767.000.000) 03/29 07:10:06 Job submitted from host: <128.101.221.180:9618?addrs=128.101.221.180-9618&noUDP&sock=3943_2604_3>
...
001 (8767.000.000) 03/29 07:28:08 Job executing on host: <128.101.221.175:9618?addrs=128.101.221.175-9618&noUDP&sock=12916_e152_4>
...
006 (8767.000.000) 03/29 07:28:17 Image size of job updated: 248804
	186  -  MemoryUsage of job (MB)
	190144  -  ResidentSetSize of job (KB)
...
006 (8767.000.000) 03/29 07:33:18 Image size of job updated: 328020
	321  -  MemoryUsage of job (MB)
	327956  -  ResidentSetSize of job (KB)
...
006 (8767.000.000) 03/29 07:36:15 Image size of job updated: 328408
	321  -  MemoryUsage of job (MB)
	327956  -  ResidentSetSize of job (KB)
...
005 (8767.000.000) 03/29 07:36:16 Job terminated.
	(1) Normal termination (return value 0)
		Usr 0 00:04:50, Sys 0 00:02:49  -  Run Remote Usage
		Usr 0 00:00:00, Sys 0 00:00:00  -  Run Local Usage
		Usr 0 00:04:50, Sys 0 00:02:49  -  Total Remote Usage
		Usr 0 00:00:00, Sys 0 00:00:00  -  Total Local Usage
	46290  -  Run Bytes Sent By Job
	547  -  Run Bytes Received By Job
	46290  -  Total Bytes Sent By Job
	547  -  Total Bytes Received By Job
	Partitionable Resources :    Usage  Request Allocated
	   Cpus                 :                 1         1
	   Disk (KB)            :       58  1024000   1931388
	   Memory (MB)          :      321     2000      2000
...
