000 (8772.000.000) 03/29 07:10:09 Job submitted from host: <128.101.221.180:9618?addrs=128.101.221.180-9618&noUDP&sock=3943_2604_3>
...
001 (8772.000.000) 03/29 07:31:07 Job executing on host: <128.101.221.182:9618?addrs=128.101.221.182-9618&noUDP&sock=3902_06a2_4>
...
006 (8772.000.000) 03/29 07:31:15 Image size of job updated: 124244
	121  -  MemoryUsage of job (MB)
	123500  -  ResidentSetSize of job (KB)
...
006 (8772.000.000) 03/29 07:36:15 Image size of job updated: 328940
	322  -  MemoryUsage of job (MB)
	328772  -  ResidentSetSize of job (KB)
...
006 (8772.000.000) 03/29 07:37:42 Image size of job updated: 329240
	322  -  MemoryUsage of job (MB)
	328772  -  ResidentSetSize of job (KB)
...
005 (8772.000.000) 03/29 07:37:43 Job terminated.
	(1) Normal termination (return value 0)
		Usr 0 00:03:54, Sys 0 00:02:16  -  Run Remote Usage
		Usr 0 00:00:00, Sys 0 00:00:00  -  Run Local Usage
		Usr 0 00:03:54, Sys 0 00:02:16  -  Total Remote Usage
		Usr 0 00:00:00, Sys 0 00:00:00  -  Total Local Usage
	28946  -  Run Bytes Sent By Job
	547  -  Run Bytes Received By Job
	28946  -  Total Bytes Sent By Job
	547  -  Total Bytes Received By Job
	Partitionable Resources :    Usage  Request Allocated
	   Cpus                 :                 1         1
	   Disk (KB)            :       41  1024000   2046802
	   Memory (MB)          :      322     2000      2000
...
