000 (8740.000.000) 03/29 07:09:53 Job submitted from host: <128.101.221.180:9618?addrs=128.101.221.180-9618&noUDP&sock=3943_2604_3>
...
001 (8740.000.000) 03/29 07:16:58 Job executing on host: <128.101.221.175:9618?addrs=128.101.221.175-9618&noUDP&sock=12916_e152_4>
...
006 (8740.000.000) 03/29 07:17:07 Image size of job updated: 254564
	176  -  MemoryUsage of job (MB)
	179944  -  ResidentSetSize of job (KB)
...
006 (8740.000.000) 03/29 07:22:08 Image size of job updated: 327700
	320  -  MemoryUsage of job (MB)
	327644  -  ResidentSetSize of job (KB)
...
006 (8740.000.000) 03/29 07:24:30 Image size of job updated: 726456
	320  -  MemoryUsage of job (MB)
	327644  -  ResidentSetSize of job (KB)
...
005 (8740.000.000) 03/29 07:24:31 Job terminated.
	(1) Normal termination (return value 0)
		Usr 0 00:04:35, Sys 0 00:02:30  -  Run Remote Usage
		Usr 0 00:00:00, Sys 0 00:00:00  -  Run Local Usage
		Usr 0 00:04:35, Sys 0 00:02:30  -  Total Remote Usage
		Usr 0 00:00:00, Sys 0 00:00:00  -  Total Local Usage
	268332  -  Run Bytes Sent By Job
	547  -  Run Bytes Received By Job
	268332  -  Total Bytes Sent By Job
	547  -  Total Bytes Received By Job
	Partitionable Resources :    Usage  Request Allocated
	   Cpus                 :                 1         1
	   Disk (KB)            :      275  1024000   1931432
	   Memory (MB)          :      320     2000      2000
...
