000 (8745.000.000) 03/29 07:09:56 Job submitted from host: <128.101.221.180:9618?addrs=128.101.221.180-9618&noUDP&sock=3943_2604_3>
...
001 (8745.000.000) 03/29 07:18:04 Job executing on host: <128.101.221.182:9618?addrs=128.101.221.182-9618&noUDP&sock=3902_06a2_4>
...
006 (8745.000.000) 03/29 07:18:12 Image size of job updated: 212580
	144  -  MemoryUsage of job (MB)
	146812  -  ResidentSetSize of job (KB)
...
006 (8745.000.000) 03/29 07:23:12 Image size of job updated: 328256
	321  -  MemoryUsage of job (MB)
	328180  -  ResidentSetSize of job (KB)
...
006 (8745.000.000) 03/29 07:26:46 Image size of job updated: 328496
	321  -  MemoryUsage of job (MB)
	328180  -  ResidentSetSize of job (KB)
...
005 (8745.000.000) 03/29 07:26:47 Job terminated.
	(1) Normal termination (return value 0)
		Usr 0 00:05:08, Sys 0 00:03:01  -  Run Remote Usage
		Usr 0 00:00:00, Sys 0 00:00:00  -  Run Local Usage
		Usr 0 00:05:08, Sys 0 00:03:01  -  Total Remote Usage
		Usr 0 00:00:00, Sys 0 00:00:00  -  Total Local Usage
	105173  -  Run Bytes Sent By Job
	547  -  Run Bytes Received By Job
	105173  -  Total Bytes Sent By Job
	547  -  Total Bytes Received By Job
	Partitionable Resources :    Usage  Request Allocated
	   Cpus                 :                 1         1
	   Disk (KB)            :      116  1024000   2046856
	   Memory (MB)          :      321     2000      2000
...
