000 (8754.000.000) 03/29 07:09:59 Job submitted from host: <128.101.221.180:9618?addrs=128.101.221.180-9618&noUDP&sock=3943_2604_3>
...
001 (8754.000.000) 03/29 07:20:03 Job executing on host: <128.101.221.182:9618?addrs=128.101.221.182-9618&noUDP&sock=3902_06a2_4>
...
006 (8754.000.000) 03/29 07:20:11 Image size of job updated: 217128
	172  -  MemoryUsage of job (MB)
	175208  -  ResidentSetSize of job (KB)
...
006 (8754.000.000) 03/29 07:25:11 Image size of job updated: 370236
	319  -  MemoryUsage of job (MB)
	326504  -  ResidentSetSize of job (KB)
...
006 (8754.000.000) 03/29 07:30:04 Image size of job updated: 372876
	319  -  MemoryUsage of job (MB)
	326504  -  ResidentSetSize of job (KB)
...
005 (8754.000.000) 03/29 07:30:05 Job terminated.
	(1) Normal termination (return value 0)
		Usr 0 00:05:58, Sys 0 00:03:21  -  Run Remote Usage
		Usr 0 00:00:00, Sys 0 00:00:00  -  Run Local Usage
		Usr 0 00:05:58, Sys 0 00:03:21  -  Total Remote Usage
		Usr 0 00:00:00, Sys 0 00:00:00  -  Total Local Usage
	64044  -  Run Bytes Sent By Job
	547  -  Run Bytes Received By Job
	64044  -  Total Bytes Sent By Job
	547  -  Total Bytes Received By Job
	Partitionable Resources :    Usage  Request Allocated
	   Cpus                 :                 1         1
	   Disk (KB)            :       75  1024000   2046858
	   Memory (MB)          :      319     2000      2000
...
