000 (8750.000.000) 03/29 07:09:58 Job submitted from host: <128.101.221.180:9618?addrs=128.101.221.180-9618&noUDP&sock=3943_2604_3>
...
001 (8750.000.000) 03/29 07:19:19 Job executing on host: <128.101.221.175:9618?addrs=128.101.221.175-9618&noUDP&sock=12916_e152_4>
...
006 (8750.000.000) 03/29 07:19:28 Image size of job updated: 219252
	150  -  MemoryUsage of job (MB)
	153376  -  ResidentSetSize of job (KB)
...
006 (8750.000.000) 03/29 07:24:28 Image size of job updated: 329164
	322  -  MemoryUsage of job (MB)
	329108  -  ResidentSetSize of job (KB)
...
005 (8750.000.000) 03/29 07:26:38 Job terminated.
	(1) Normal termination (return value 0)
		Usr 0 00:04:21, Sys 0 00:02:32  -  Run Remote Usage
		Usr 0 00:00:00, Sys 0 00:00:00  -  Run Local Usage
		Usr 0 00:04:21, Sys 0 00:02:32  -  Total Remote Usage
		Usr 0 00:00:00, Sys 0 00:00:00  -  Total Local Usage
	80107  -  Run Bytes Sent By Job
	547  -  Run Bytes Received By Job
	80107  -  Total Bytes Sent By Job
	547  -  Total Bytes Received By Job
	Partitionable Resources :    Usage  Request Allocated
	   Cpus                 :                 1         1
	   Disk (KB)            :       91  1024000   1931432
	   Memory (MB)          :      322     2000      2000
...
