000 (8795.000.000) 03/29 07:10:20 Job submitted from host: <128.101.221.180:9618?addrs=128.101.221.180-9618&noUDP&sock=3943_2604_3>
...
001 (8795.000.000) 03/29 07:36:09 Job executing on host: <128.101.221.182:9618?addrs=128.101.221.182-9618&noUDP&sock=3902_06a2_4>
...
006 (8795.000.000) 03/29 07:36:18 Image size of job updated: 258156
	178  -  MemoryUsage of job (MB)
	181868  -  ResidentSetSize of job (KB)
...
006 (8795.000.000) 03/29 07:41:19 Image size of job updated: 327240
	320  -  MemoryUsage of job (MB)
	326760  -  ResidentSetSize of job (KB)
...
006 (8795.000.000) 03/29 07:46:19 Image size of job updated: 328080
	321  -  MemoryUsage of job (MB)
	327892  -  ResidentSetSize of job (KB)
...
006 (8795.000.000) 03/29 07:47:40 Image size of job updated: 726224
	321  -  MemoryUsage of job (MB)
	327892  -  ResidentSetSize of job (KB)
...
005 (8795.000.000) 03/29 07:47:41 Job terminated.
	(1) Normal termination (return value 0)
		Usr 0 00:06:51, Sys 0 00:04:03  -  Run Remote Usage
		Usr 0 00:00:00, Sys 0 00:00:00  -  Run Local Usage
		Usr 0 00:06:51, Sys 0 00:04:03  -  Total Remote Usage
		Usr 0 00:00:00, Sys 0 00:00:00  -  Total Local Usage
	34790  -  Run Bytes Sent By Job
	547  -  Run Bytes Received By Job
	34790  -  Total Bytes Sent By Job
	547  -  Total Bytes Received By Job
	Partitionable Resources :    Usage  Request Allocated
	   Cpus                 :                 1         1
	   Disk (KB)            :       47  1024000   2046802
	   Memory (MB)          :      321     2000      2000
...
