000 (8771.000.000) 03/29 07:10:08 Job submitted from host: <128.101.221.180:9618?addrs=128.101.221.180-9618&noUDP&sock=3943_2604_3>
...
001 (8771.000.000) 03/29 07:31:07 Job executing on host: <128.101.221.182:9618?addrs=128.101.221.182-9618&noUDP&sock=3902_06a2_4>
...
006 (8771.000.000) 03/29 07:31:15 Image size of job updated: 122484
	120  -  MemoryUsage of job (MB)
	121996  -  ResidentSetSize of job (KB)
...
006 (8771.000.000) 03/29 07:36:15 Image size of job updated: 327692
	320  -  MemoryUsage of job (MB)
	327596  -  ResidentSetSize of job (KB)
...
006 (8771.000.000) 03/29 07:38:02 Image size of job updated: 328012
	320  -  MemoryUsage of job (MB)
	327596  -  ResidentSetSize of job (KB)
...
005 (8771.000.000) 03/29 07:38:04 Job terminated.
	(1) Normal termination (return value 0)
		Usr 0 00:04:10, Sys 0 00:02:22  -  Run Remote Usage
		Usr 0 00:00:00, Sys 0 00:00:00  -  Run Local Usage
		Usr 0 00:04:10, Sys 0 00:02:22  -  Total Remote Usage
		Usr 0 00:00:00, Sys 0 00:00:00  -  Total Local Usage
	114620  -  Run Bytes Sent By Job
	547  -  Run Bytes Received By Job
	114620  -  Total Bytes Sent By Job
	547  -  Total Bytes Received By Job
	Partitionable Resources :    Usage  Request Allocated
	   Cpus                 :                 1         1
	   Disk (KB)            :      125  1024000   2046802
	   Memory (MB)          :      320     2000      2000
...
