000 (8749.000.000) 03/29 07:09:57 Job submitted from host: <128.101.221.180:9618?addrs=128.101.221.180-9618&noUDP&sock=3943_2604_3>
...
001 (8749.000.000) 03/29 07:19:13 Job executing on host: <128.101.221.182:9618?addrs=128.101.221.182-9618&noUDP&sock=3902_06a2_4>
...
006 (8749.000.000) 03/29 07:19:21 Image size of job updated: 241644
	166  -  MemoryUsage of job (MB)
	168988  -  ResidentSetSize of job (KB)
...
006 (8749.000.000) 03/29 07:24:21 Image size of job updated: 328316
	321  -  MemoryUsage of job (MB)
	328088  -  ResidentSetSize of job (KB)
...
006 (8749.000.000) 03/29 07:28:04 Image size of job updated: 726352
	321  -  MemoryUsage of job (MB)
	328088  -  ResidentSetSize of job (KB)
...
005 (8749.000.000) 03/29 07:28:05 Job terminated.
	(1) Normal termination (return value 0)
		Usr 0 00:05:10, Sys 0 00:03:06  -  Run Remote Usage
		Usr 0 00:00:00, Sys 0 00:00:00  -  Run Local Usage
		Usr 0 00:05:10, Sys 0 00:03:06  -  Total Remote Usage
		Usr 0 00:00:00, Sys 0 00:00:00  -  Total Local Usage
	76688  -  Run Bytes Sent By Job
	547  -  Run Bytes Received By Job
	76688  -  Total Bytes Sent By Job
	547  -  Total Bytes Received By Job
	Partitionable Resources :    Usage  Request Allocated
	   Cpus                 :                 1         1
	   Disk (KB)            :       88  1024000   2046856
	   Memory (MB)          :      321     2000      2000
...
