000 (8786.000.000) 03/29 07:10:16 Job submitted from host: <128.101.221.180:9618?addrs=128.101.221.180-9618&noUDP&sock=3943_2604_3>
...
001 (8786.000.000) 03/29 07:32:50 Job executing on host: <128.101.221.175:9618?addrs=128.101.221.175-9618&noUDP&sock=12916_e152_4>
...
006 (8786.000.000) 03/29 07:32:58 Image size of job updated: 210388
	181  -  MemoryUsage of job (MB)
	184940  -  ResidentSetSize of job (KB)
...
006 (8786.000.000) 03/29 07:37:58 Image size of job updated: 328652
	321  -  MemoryUsage of job (MB)
	328628  -  ResidentSetSize of job (KB)
...
005 (8786.000.000) 03/29 07:39:26 Job terminated.
	(1) Normal termination (return value 0)
		Usr 0 00:03:59, Sys 0 00:02:14  -  Run Remote Usage
		Usr 0 00:00:00, Sys 0 00:00:00  -  Run Local Usage
		Usr 0 00:03:59, Sys 0 00:02:14  -  Total Remote Usage
		Usr 0 00:00:00, Sys 0 00:00:00  -  Total Local Usage
	104953  -  Run Bytes Sent By Job
	547  -  Run Bytes Received By Job
	104953  -  Total Bytes Sent By Job
	547  -  Total Bytes Received By Job
	Partitionable Resources :    Usage  Request Allocated
	   Cpus                 :                 1         1
	   Disk (KB)            :      115  1024000   1931382
	   Memory (MB)          :      321     2000      2000
...
