000 (8787.000.000) 03/29 07:10:16 Job submitted from host: <128.101.221.180:9618?addrs=128.101.221.180-9618&noUDP&sock=3943_2604_3>
...
001 (8787.000.000) 03/29 07:32:51 Job executing on host: <128.101.221.175:9618?addrs=128.101.221.175-9618&noUDP&sock=12916_e152_4>
...
006 (8787.000.000) 03/29 07:33:00 Image size of job updated: 252676
	194  -  MemoryUsage of job (MB)
	198316  -  ResidentSetSize of job (KB)
...
006 (8787.000.000) 03/29 07:38:01 Image size of job updated: 326572
	319  -  MemoryUsage of job (MB)
	326468  -  ResidentSetSize of job (KB)
...
006 (8787.000.000) 03/29 07:43:01 Image size of job updated: 328788
	321  -  MemoryUsage of job (MB)
	328516  -  ResidentSetSize of job (KB)
...
006 (8787.000.000) 03/29 07:46:08 Image size of job updated: 727640
	321  -  MemoryUsage of job (MB)
	328516  -  ResidentSetSize of job (KB)
...
005 (8787.000.000) 03/29 07:46:09 Job terminated.
	(1) Normal termination (return value 0)
		Usr 0 00:08:00, Sys 0 00:04:36  -  Run Remote Usage
		Usr 0 00:00:00, Sys 0 00:00:00  -  Run Local Usage
		Usr 0 00:08:00, Sys 0 00:04:36  -  Total Remote Usage
		Usr 0 00:00:00, Sys 0 00:00:00  -  Total Local Usage
	30015  -  Run Bytes Sent By Job
	547  -  Run Bytes Received By Job
	30015  -  Total Bytes Sent By Job
	547  -  Total Bytes Received By Job
	Partitionable Resources :    Usage  Request Allocated
	   Cpus                 :                 1         1
	   Disk (KB)            :       42  1024000   1931378
	   Memory (MB)          :      321     2000      2000
...
