000 (8774.000.000) 03/29 07:10:10 Job submitted from host: <128.101.221.180:9618?addrs=128.101.221.180-9618&noUDP&sock=3943_2604_3>
...
001 (8774.000.000) 03/29 07:31:07 Job executing on host: <128.101.221.182:9618?addrs=128.101.221.182-9618&noUDP&sock=3902_06a2_4>
...
006 (8774.000.000) 03/29 07:31:16 Image size of job updated: 151780
	148  -  MemoryUsage of job (MB)
	150532  -  ResidentSetSize of job (KB)
...
006 (8774.000.000) 03/29 07:36:17 Image size of job updated: 328512
	321  -  MemoryUsage of job (MB)
	328264  -  ResidentSetSize of job (KB)
...
006 (8774.000.000) 03/29 07:39:36 Image size of job updated: 328588
	321  -  MemoryUsage of job (MB)
	328264  -  ResidentSetSize of job (KB)
...
005 (8774.000.000) 03/29 07:39:37 Job terminated.
	(1) Normal termination (return value 0)
		Usr 0 00:05:01, Sys 0 00:02:59  -  Run Remote Usage
		Usr 0 00:00:00, Sys 0 00:00:00  -  Run Local Usage
		Usr 0 00:05:01, Sys 0 00:02:59  -  Total Remote Usage
		Usr 0 00:00:00, Sys 0 00:00:00  -  Total Local Usage
	37666  -  Run Bytes Sent By Job
	547  -  Run Bytes Received By Job
	37666  -  Total Bytes Sent By Job
	547  -  Total Bytes Received By Job
	Partitionable Resources :    Usage  Request Allocated
	   Cpus                 :                 1         1
	   Disk (KB)            :       49  1024000   2046802
	   Memory (MB)          :      321     2000      2000
...
