000 (8744.000.000) 03/29 07:09:55 Job submitted from host: <128.101.221.180:9618?addrs=128.101.221.180-9618&noUDP&sock=3943_2604_3>
...
001 (8744.000.000) 03/29 07:18:01 Job executing on host: <128.101.221.175:9618?addrs=128.101.221.175-9618&noUDP&sock=12916_e152_4>
...
006 (8744.000.000) 03/29 07:18:09 Image size of job updated: 200512
	136  -  MemoryUsage of job (MB)
	138648  -  ResidentSetSize of job (KB)
...
006 (8744.000.000) 03/29 07:23:09 Image size of job updated: 326756
	319  -  MemoryUsage of job (MB)
	326644  -  ResidentSetSize of job (KB)
...
006 (8744.000.000) 03/29 07:27:40 Image size of job updated: 328140
	319  -  MemoryUsage of job (MB)
	326644  -  ResidentSetSize of job (KB)
...
005 (8744.000.000) 03/29 07:27:42 Job terminated.
	(1) Normal termination (return value 0)
		Usr 0 00:05:45, Sys 0 00:03:21  -  Run Remote Usage
		Usr 0 00:00:00, Sys 0 00:00:00  -  Run Local Usage
		Usr 0 00:05:45, Sys 0 00:03:21  -  Total Remote Usage
		Usr 0 00:00:00, Sys 0 00:00:00  -  Total Local Usage
	70801  -  Run Bytes Sent By Job
	547  -  Run Bytes Received By Job
	70801  -  Total Bytes Sent By Job
	547  -  Total Bytes Received By Job
	Partitionable Resources :    Usage  Request Allocated
	   Cpus                 :                 1         1
	   Disk (KB)            :       82  1024000   1931436
	   Memory (MB)          :      319     2000      2000
...
