000 (8746.000.000) 03/29 07:09:56 Job submitted from host: <128.101.221.180:9618?addrs=128.101.221.180-9618&noUDP&sock=3943_2604_3>
...
001 (8746.000.000) 03/29 07:18:32 Job executing on host: <128.101.221.175:9618?addrs=128.101.221.175-9618&noUDP&sock=12916_e152_4>
...
006 (8746.000.000) 03/29 07:18:41 Image size of job updated: 261768
	182  -  MemoryUsage of job (MB)
	185632  -  ResidentSetSize of job (KB)
...
006 (8746.000.000) 03/29 07:23:42 Image size of job updated: 329380
	322  -  MemoryUsage of job (MB)
	329136  -  ResidentSetSize of job (KB)
...
006 (8746.000.000) 03/29 07:27:31 Image size of job updated: 726600
	322  -  MemoryUsage of job (MB)
	329136  -  ResidentSetSize of job (KB)
...
005 (8746.000.000) 03/29 07:27:32 Job terminated.
	(1) Normal termination (return value 0)
		Usr 0 00:05:19, Sys 0 00:03:09  -  Run Remote Usage
		Usr 0 00:00:00, Sys 0 00:00:00  -  Run Local Usage
		Usr 0 00:05:19, Sys 0 00:03:09  -  Total Remote Usage
		Usr 0 00:00:00, Sys 0 00:00:00  -  Total Local Usage
	48451  -  Run Bytes Sent By Job
	547  -  Run Bytes Received By Job
	48451  -  Total Bytes Sent By Job
	547  -  Total Bytes Received By Job
	Partitionable Resources :    Usage  Request Allocated
	   Cpus                 :                 1         1
	   Disk (KB)            :       60  1024000   1931432
	   Memory (MB)          :      322     2000      2000
...
