000 (8782.000.000) 03/29 07:10:14 Job submitted from host: <128.101.221.180:9618?addrs=128.101.221.180-9618&noUDP&sock=3943_2604_3>
...
001 (8782.000.000) 03/29 07:31:15 Job executing on host: <128.101.221.175:9618?addrs=128.101.221.175-9618&noUDP&sock=12916_e152_4>
...
006 (8782.000.000) 03/29 07:31:24 Image size of job updated: 268316
	187  -  MemoryUsage of job (MB)
	191292  -  ResidentSetSize of job (KB)
...
006 (8782.000.000) 03/29 07:36:25 Image size of job updated: 327056
	320  -  MemoryUsage of job (MB)
	326816  -  ResidentSetSize of job (KB)
...
006 (8782.000.000) 03/29 07:41:25 Image size of job updated: 329324
	322  -  MemoryUsage of job (MB)
	329188  -  ResidentSetSize of job (KB)
...
006 (8782.000.000) 03/29 07:42:34 Image size of job updated: 726740
	322  -  MemoryUsage of job (MB)
	329188  -  ResidentSetSize of job (KB)
...
005 (8782.000.000) 03/29 07:42:35 Job terminated.
	(1) Normal termination (return value 0)
		Usr 0 00:06:40, Sys 0 00:04:00  -  Run Remote Usage
		Usr 0 00:00:00, Sys 0 00:00:00  -  Run Local Usage
		Usr 0 00:06:40, Sys 0 00:04:00  -  Total Remote Usage
		Usr 0 00:00:00, Sys 0 00:00:00  -  Total Local Usage
	41082  -  Run Bytes Sent By Job
	547  -  Run Bytes Received By Job
	41082  -  Total Bytes Sent By Job
	547  -  Total Bytes Received By Job
	Partitionable Resources :    Usage  Request Allocated
	   Cpus                 :                 1         1
	   Disk (KB)            :       53  1024000   1931386
	   Memory (MB)          :      322     2000      2000
...
