000 (8741.000.000) 03/29 07:09:54 Job submitted from host: <128.101.221.180:9618?addrs=128.101.221.180-9618&noUDP&sock=3943_2604_3>
...
001 (8741.000.000) 03/29 07:17:08 Job executing on host: <128.101.221.175:9618?addrs=128.101.221.175-9618&noUDP&sock=12916_e152_4>
...
006 (8741.000.000) 03/29 07:17:16 Image size of job updated: 241788
	176  -  MemoryUsage of job (MB)
	179964  -  ResidentSetSize of job (KB)
...
006 (8741.000.000) 03/29 07:20:39 Image size of job updated: 328076
	176  -  MemoryUsage of job (MB)
	179964  -  ResidentSetSize of job (KB)
...
005 (8741.000.000) 03/29 07:20:40 Job terminated.
	(1) Normal termination (return value 0)
		Usr 0 00:02:12, Sys 0 00:01:06  -  Run Remote Usage
		Usr 0 00:00:00, Sys 0 00:00:00  -  Run Local Usage
		Usr 0 00:02:12, Sys 0 00:01:06  -  Total Remote Usage
		Usr 0 00:00:00, Sys 0 00:00:00  -  Total Local Usage
	587410  -  Run Bytes Sent By Job
	547  -  Run Bytes Received By Job
	587410  -  Total Bytes Sent By Job
	547  -  Total Bytes Received By Job
	Partitionable Resources :    Usage  Request Allocated
	   Cpus                 :                 1         1
	   Disk (KB)            :      587  1024000   1931432
	   Memory (MB)          :      176     2000      2000
...
