000 (8759.000.000) 03/29 07:10:02 Job submitted from host: <128.101.221.180:9618?addrs=128.101.221.180-9618&noUDP&sock=3943_2604_3>
...
001 (8759.000.000) 03/29 07:23:57 Job executing on host: <128.101.221.175:9618?addrs=128.101.221.175-9618&noUDP&sock=12916_e152_4>
...
006 (8759.000.000) 03/29 07:24:06 Image size of job updated: 211972
	175  -  MemoryUsage of job (MB)
	178952  -  ResidentSetSize of job (KB)
...
006 (8759.000.000) 03/29 07:28:07 Image size of job updated: 328516
	175  -  MemoryUsage of job (MB)
	178952  -  ResidentSetSize of job (KB)
...
005 (8759.000.000) 03/29 07:28:07 Job terminated.
	(1) Normal termination (return value 0)
		Usr 0 00:02:33, Sys 0 00:01:20  -  Run Remote Usage
		Usr 0 00:00:00, Sys 0 00:00:00  -  Run Local Usage
		Usr 0 00:02:33, Sys 0 00:01:20  -  Total Remote Usage
		Usr 0 00:00:00, Sys 0 00:00:00  -  Total Local Usage
	101011  -  Run Bytes Sent By Job
	547  -  Run Bytes Received By Job
	101011  -  Total Bytes Sent By Job
	547  -  Total Bytes Received By Job
	Partitionable Resources :    Usage  Request Allocated
	   Cpus                 :                 1         1
	   Disk (KB)            :      112  1024000   1931388
	   Memory (MB)          :      175     2000      2000
...
