000 (8788.000.000) 03/29 07:10:17 Job submitted from host: <128.101.221.180:9618?addrs=128.101.221.180-9618&noUDP&sock=3943_2604_3>
...
001 (8788.000.000) 03/29 07:33:04 Job executing on host: <128.101.221.175:9618?addrs=128.101.221.175-9618&noUDP&sock=12916_e152_4>
...
006 (8788.000.000) 03/29 07:33:12 Image size of job updated: 217652
	163  -  MemoryUsage of job (MB)
	166012  -  ResidentSetSize of job (KB)
...
006 (8788.000.000) 03/29 07:38:13 Image size of job updated: 328696
	321  -  MemoryUsage of job (MB)
	328536  -  ResidentSetSize of job (KB)
...
006 (8788.000.000) 03/29 07:39:34 Image size of job updated: 728044
	321  -  MemoryUsage of job (MB)
	328536  -  ResidentSetSize of job (KB)
...
005 (8788.000.000) 03/29 07:39:35 Job terminated.
	(1) Normal termination (return value 0)
		Usr 0 00:03:56, Sys 0 00:02:13  -  Run Remote Usage
		Usr 0 00:00:00, Sys 0 00:00:00  -  Run Local Usage
		Usr 0 00:03:56, Sys 0 00:02:13  -  Total Remote Usage
		Usr 0 00:00:00, Sys 0 00:00:00  -  Total Local Usage
	151401  -  Run Bytes Sent By Job
	547  -  Run Bytes Received By Job
	151401  -  Total Bytes Sent By Job
	547  -  Total Bytes Received By Job
	Partitionable Resources :    Usage  Request Allocated
	   Cpus                 :                 1         1
	   Disk (KB)            :      161  1024000   1931382
	   Memory (MB)          :      321     2000      2000
...
