000 (8794.000.000) 03/29 07:10:19 Job submitted from host: <128.101.221.180:9618?addrs=128.101.221.180-9618&noUDP&sock=3943_2604_3>
...
001 (8794.000.000) 03/29 07:36:06 Job executing on host: <128.101.221.175:9618?addrs=128.101.221.175-9618&noUDP&sock=12916_e152_4>
...
006 (8794.000.000) 03/29 07:36:15 Image size of job updated: 246044
	196  -  MemoryUsage of job (MB)
	200072  -  ResidentSetSize of job (KB)
...
006 (8794.000.000) 03/29 07:41:16 Image size of job updated: 326988
	320  -  MemoryUsage of job (MB)
	326772  -  ResidentSetSize of job (KB)
...
006 (8794.000.000) 03/29 07:45:22 Image size of job updated: 727684
	320  -  MemoryUsage of job (MB)
	326772  -  ResidentSetSize of job (KB)
...
005 (8794.000.000) 03/29 07:45:23 Job terminated.
	(1) Normal termination (return value 0)
		Usr 0 00:05:30, Sys 0 00:03:17  -  Run Remote Usage
		Usr 0 00:00:00, Sys 0 00:00:00  -  Run Local Usage
		Usr 0 00:05:30, Sys 0 00:03:17  -  Total Remote Usage
		Usr 0 00:00:00, Sys 0 00:00:00  -  Total Local Usage
	176490  -  Run Bytes Sent By Job
	547  -  Run Bytes Received By Job
	176490  -  Total Bytes Sent By Job
	547  -  Total Bytes Received By Job
	Partitionable Resources :    Usage  Request Allocated
	   Cpus                 :                 1         1
	   Disk (KB)            :      185  1024000   1931374
	   Memory (MB)          :      320     2000      2000
...
