000 (8752.000.000) 03/29 07:09:59 Job submitted from host: <128.101.221.180:9618?addrs=128.101.221.180-9618&noUDP&sock=3943_2604_3>
...
001 (8752.000.000) 03/29 07:19:56 Job executing on host: <128.101.221.182:9618?addrs=128.101.221.182-9618&noUDP&sock=3902_06a2_4>
...
006 (8752.000.000) 03/29 07:20:05 Image size of job updated: 200604
	178  -  MemoryUsage of job (MB)
	181252  -  ResidentSetSize of job (KB)
...
005 (8752.000.000) 03/29 07:23:58 Job terminated.
	(1) Normal termination (return value 0)
		Usr 0 00:02:26, Sys 0 00:01:20  -  Run Remote Usage
		Usr 0 00:00:00, Sys 0 00:00:00  -  Run Local Usage
		Usr 0 00:02:26, Sys 0 00:01:20  -  Total Remote Usage
		Usr 0 00:00:00, Sys 0 00:00:00  -  Total Local Usage
	222530  -  Run Bytes Sent By Job
	547  -  Run Bytes Received By Job
	222530  -  Total Bytes Sent By Job
	547  -  Total Bytes Received By Job
	Partitionable Resources :    Usage  Request Allocated
	   Cpus                 :                 1         1
	   Disk (KB)            :      230  1024000   2046856
	   Memory (MB)          :      178     2000      2000
...
