000 (8757.000.000) 03/29 07:10:01 Job submitted from host: <128.101.221.180:9618?addrs=128.101.221.180-9618&noUDP&sock=3943_2604_3>
...
001 (8757.000.000) 03/29 07:21:07 Job executing on host: <128.101.221.175:9618?addrs=128.101.221.175-9618&noUDP&sock=12916_e152_4>
...
006 (8757.000.000) 03/29 07:21:15 Image size of job updated: 258996
	180  -  MemoryUsage of job (MB)
	183536  -  ResidentSetSize of job (KB)
...
006 (8757.000.000) 03/29 07:26:15 Image size of job updated: 326996
	320  -  MemoryUsage of job (MB)
	326860  -  ResidentSetSize of job (KB)
...
006 (8757.000.000) 03/29 07:31:16 Image size of job updated: 329124
	322  -  MemoryUsage of job (MB)
	328956  -  ResidentSetSize of job (KB)
...
005 (8757.000.000) 03/29 07:32:10 Job terminated.
	(1) Normal termination (return value 0)
		Usr 0 00:06:35, Sys 0 00:03:51  -  Run Remote Usage
		Usr 0 00:00:00, Sys 0 00:00:00  -  Run Local Usage
		Usr 0 00:06:35, Sys 0 00:03:51  -  Total Remote Usage
		Usr 0 00:00:00, Sys 0 00:00:00  -  Total Local Usage
	73657  -  Run Bytes Sent By Job
	547  -  Run Bytes Received By Job
	73657  -  Total Bytes Sent By Job
	547  -  Total Bytes Received By Job
	Partitionable Resources :    Usage  Request Allocated
	   Cpus                 :                 1         1
	   Disk (KB)            :       85  1024000   1931396
	   Memory (MB)          :      322     2000      2000
...
