000 (8769.000.000) 03/29 07:10:07 Job submitted from host: <128.101.221.180:9618?addrs=128.101.221.180-9618&noUDP&sock=3943_2604_3>
...
001 (8769.000.000) 03/29 07:28:57 Job executing on host: <128.101.220.49:9618?addrs=128.101.220.49-9618&noUDP&sock=280861_dd0b_4>
...
006 (8769.000.000) 03/29 07:29:06 Image size of job updated: 16120
	6  -  MemoryUsage of job (MB)
	5964  -  ResidentSetSize of job (KB)
...
006 (8769.000.000) 03/29 07:34:07 Image size of job updated: 427716
	322  -  MemoryUsage of job (MB)
	328988  -  ResidentSetSize of job (KB)
...
006 (8769.000.000) 03/29 07:37:20 Image size of job updated: 427824
	322  -  MemoryUsage of job (MB)
	328988  -  ResidentSetSize of job (KB)
...
005 (8769.000.000) 03/29 07:37:21 Job terminated.
	(1) Normal termination (return value 0)
		Usr 0 00:05:21, Sys 0 00:01:48  -  Run Remote Usage
		Usr 0 00:00:00, Sys 0 00:00:00  -  Run Local Usage
		Usr 0 00:05:21, Sys 0 00:01:48  -  Total Remote Usage
		Usr 0 00:00:00, Sys 0 00:00:00  -  Total Local Usage
	115274  -  Run Bytes Sent By Job
	547  -  Run Bytes Received By Job
	115274  -  Total Bytes Sent By Job
	547  -  Total Bytes Received By Job
	Partitionable Resources :    Usage  Request Allocated
	   Cpus                 :                 1         1
	   Disk (KB)            :      125  1024000   1028695
	   Memory (MB)          :      322     2000      2000
...
