000 (8777.000.000) 03/29 07:10:11 Job submitted from host: <128.101.221.180:9618?addrs=128.101.221.180-9618&noUDP&sock=3943_2604_3>
...
001 (8777.000.000) 03/29 07:31:10 Job executing on host: <128.101.221.182:9618?addrs=128.101.221.182-9618&noUDP&sock=3902_06a2_4>
...
006 (8777.000.000) 03/29 07:31:18 Image size of job updated: 187544
	174  -  MemoryUsage of job (MB)
	177384  -  ResidentSetSize of job (KB)
...
006 (8777.000.000) 03/29 07:36:18 Image size of job updated: 328612
	321  -  MemoryUsage of job (MB)
	328520  -  ResidentSetSize of job (KB)
...
005 (8777.000.000) 03/29 07:40:27 Job terminated.
	(1) Normal termination (return value 0)
		Usr 0 00:05:33, Sys 0 00:03:13  -  Run Remote Usage
		Usr 0 00:00:00, Sys 0 00:00:00  -  Run Local Usage
		Usr 0 00:05:33, Sys 0 00:03:13  -  Total Remote Usage
		Usr 0 00:00:00, Sys 0 00:00:00  -  Total Local Usage
	30942  -  Run Bytes Sent By Job
	547  -  Run Bytes Received By Job
	30942  -  Total Bytes Sent By Job
	547  -  Total Bytes Received By Job
	Partitionable Resources :    Usage  Request Allocated
	   Cpus                 :                 1         1
	   Disk (KB)            :       43  1024000   2046802
	   Memory (MB)          :      321     2000      2000
...
