000 (8800.000.000) 03/29 07:10:22 Job submitted from host: <128.101.221.180:9618?addrs=128.101.221.180-9618&noUDP&sock=3943_2604_3>
...
001 (8800.000.000) 03/29 07:38:05 Job executing on host: <128.101.221.182:9618?addrs=128.101.221.182-9618&noUDP&sock=3902_06a2_4>
...
006 (8800.000.000) 03/29 07:38:13 Image size of job updated: 259964
	178  -  MemoryUsage of job (MB)
	181660  -  ResidentSetSize of job (KB)
...
006 (8800.000.000) 03/29 07:43:13 Image size of job updated: 327548
	320  -  MemoryUsage of job (MB)
	327316  -  ResidentSetSize of job (KB)
...
006 (8800.000.000) 03/29 07:43:40 Image size of job updated: 726160
	320  -  MemoryUsage of job (MB)
	327316  -  ResidentSetSize of job (KB)
...
005 (8800.000.000) 03/29 07:43:40 Job terminated.
	(1) Normal termination (return value 0)
		Usr 0 00:03:25, Sys 0 00:01:52  -  Run Remote Usage
		Usr 0 00:00:00, Sys 0 00:00:00  -  Run Local Usage
		Usr 0 00:03:25, Sys 0 00:01:52  -  Total Remote Usage
		Usr 0 00:00:00, Sys 0 00:00:00  -  Total Local Usage
	48910  -  Run Bytes Sent By Job
	547  -  Run Bytes Received By Job
	48910  -  Total Bytes Sent By Job
	547  -  Total Bytes Received By Job
	Partitionable Resources :    Usage  Request Allocated
	   Cpus                 :                 1         1
	   Disk (KB)            :       61  1024000   2046802
	   Memory (MB)          :      320     2000      2000
...
