000 (8753.000.000) 03/29 07:09:59 Job submitted from host: <128.101.221.180:9618?addrs=128.101.221.180-9618&noUDP&sock=3943_2604_3>
...
001 (8753.000.000) 03/29 07:19:57 Job executing on host: <128.101.221.182:9618?addrs=128.101.221.182-9618&noUDP&sock=3902_06a2_4>
...
006 (8753.000.000) 03/29 07:20:06 Image size of job updated: 205592
	189  -  MemoryUsage of job (MB)
	193232  -  ResidentSetSize of job (KB)
...
006 (8753.000.000) 03/29 07:25:07 Image size of job updated: 342276
	320  -  MemoryUsage of job (MB)
	326912  -  ResidentSetSize of job (KB)
...
005 (8753.000.000) 03/29 07:27:02 Job terminated.
	(1) Normal termination (return value 0)
		Usr 0 00:04:08, Sys 0 00:02:29  -  Run Remote Usage
		Usr 0 00:00:00, Sys 0 00:00:00  -  Run Local Usage
		Usr 0 00:04:08, Sys 0 00:02:29  -  Total Remote Usage
		Usr 0 00:00:00, Sys 0 00:00:00  -  Total Local Usage
	159923  -  Run Bytes Sent By Job
	547  -  Run Bytes Received By Job
	159923  -  Total Bytes Sent By Job
	547  -  Total Bytes Received By Job
	Partitionable Resources :    Usage  Request Allocated
	   Cpus                 :                 1         1
	   Disk (KB)            :      169  1024000   2046856
	   Memory (MB)          :      320     2000      2000
...
