000 (8785.000.000) 03/29 07:10:15 Job submitted from host: <128.101.221.180:9618?addrs=128.101.221.180-9618&noUDP&sock=3943_2604_3>
...
001 (8785.000.000) 03/29 07:32:37 Job executing on host: <128.101.221.175:9618?addrs=128.101.221.175-9618&noUDP&sock=12916_e152_4>
...
006 (8785.000.000) 03/29 07:32:45 Image size of job updated: 251500
	185  -  MemoryUsage of job (MB)
	188556  -  ResidentSetSize of job (KB)
...
006 (8785.000.000) 03/29 07:36:01 Image size of job updated: 329100
	185  -  MemoryUsage of job (MB)
	188556  -  ResidentSetSize of job (KB)
...
005 (8785.000.000) 03/29 07:36:02 Job terminated.
	(1) Normal termination (return value 0)
		Usr 0 00:02:07, Sys 0 00:01:06  -  Run Remote Usage
		Usr 0 00:00:00, Sys 0 00:00:00  -  Run Local Usage
		Usr 0 00:02:07, Sys 0 00:01:06  -  Total Remote Usage
		Usr 0 00:00:00, Sys 0 00:00:00  -  Total Local Usage
	55240  -  Run Bytes Sent By Job
	547  -  Run Bytes Received By Job
	55240  -  Total Bytes Sent By Job
	547  -  Total Bytes Received By Job
	Partitionable Resources :    Usage  Request Allocated
	   Cpus                 :                 1         1
	   Disk (KB)            :       67  1024000   1931388
	   Memory (MB)          :      185     2000      2000
...
