000 (8756.000.000) 03/29 07:10:00 Job submitted from host: <128.101.221.180:9618?addrs=128.101.221.180-9618&noUDP&sock=3943_2604_3>
...
001 (8756.000.000) 03/29 07:20:46 Job executing on host: <128.101.221.175:9618?addrs=128.101.221.175-9618&noUDP&sock=12916_e152_4>
...
006 (8756.000.000) 03/29 07:20:54 Image size of job updated: 193908
	167  -  MemoryUsage of job (MB)
	170472  -  ResidentSetSize of job (KB)
...
006 (8756.000.000) 03/29 07:25:54 Image size of job updated: 326756
	320  -  MemoryUsage of job (MB)
	326744  -  ResidentSetSize of job (KB)
...
006 (8756.000.000) 03/29 07:30:55 Image size of job updated: 328280
	321  -  MemoryUsage of job (MB)
	328220  -  ResidentSetSize of job (KB)
...
006 (8756.000.000) 03/29 07:32:33 Image size of job updated: 726976
	321  -  MemoryUsage of job (MB)
	328220  -  ResidentSetSize of job (KB)
...
005 (8756.000.000) 03/29 07:32:34 Job terminated.
	(1) Normal termination (return value 0)
		Usr 0 00:07:01, Sys 0 00:04:08  -  Run Remote Usage
		Usr 0 00:00:00, Sys 0 00:00:00  -  Run Local Usage
		Usr 0 00:07:01, Sys 0 00:04:08  -  Total Remote Usage
		Usr 0 00:00:00, Sys 0 00:00:00  -  Total Local Usage
	204399  -  Run Bytes Sent By Job
	547  -  Run Bytes Received By Job
	204399  -  Total Bytes Sent By Job
	547  -  Total Bytes Received By Job
	Partitionable Resources :    Usage  Request Allocated
	   Cpus                 :                 1         1
	   Disk (KB)            :      212  1024000   1931394
	   Memory (MB)          :      321     2000      2000
...
