000 (8793.000.000) 03/29 07:10:19 Job submitted from host: <128.101.221.180:9618?addrs=128.101.221.180-9618&noUDP&sock=3943_2604_3>
...
001 (8793.000.000) 03/29 07:36:04 Job executing on host: <128.101.221.175:9618?addrs=128.101.221.175-9618&noUDP&sock=12916_e152_4>
...
006 (8793.000.000) 03/29 07:36:12 Image size of job updated: 166248
	139  -  MemoryUsage of job (MB)
	141424  -  ResidentSetSize of job (KB)
...
006 (8793.000.000) 03/29 07:41:12 Image size of job updated: 328884
	321  -  MemoryUsage of job (MB)
	328564  -  ResidentSetSize of job (KB)
...
006 (8793.000.000) 03/29 07:46:13 Image size of job updated: 328980
	321  -  MemoryUsage of job (MB)
	328628  -  ResidentSetSize of job (KB)
...
005 (8793.000.000) 03/29 07:48:11 Job terminated.
	(1) Normal termination (return value 0)
		Usr 0 00:07:13, Sys 0 00:04:13  -  Run Remote Usage
		Usr 0 00:00:00, Sys 0 00:00:00  -  Run Local Usage
		Usr 0 00:07:13, Sys 0 00:04:13  -  Total Remote Usage
		Usr 0 00:00:00, Sys 0 00:00:00  -  Total Local Usage
	42679  -  Run Bytes Sent By Job
	547  -  Run Bytes Received By Job
	42679  -  Total Bytes Sent By Job
	547  -  Total Bytes Received By Job
	Partitionable Resources :    Usage  Request Allocated
	   Cpus                 :                 1         1
	   Disk (KB)            :       55  1024000   1931374
	   Memory (MB)          :      321     2000      2000
...
