000 (8779.000.000) 03/29 07:10:12 Job submitted from host: <128.101.221.180:9618?addrs=128.101.221.180-9618&noUDP&sock=3943_2604_3>
...
001 (8779.000.000) 03/29 07:31:10 Job executing on host: <128.101.221.182:9618?addrs=128.101.221.182-9618&noUDP&sock=3902_06a2_4>
...
006 (8779.000.000) 03/29 07:31:18 Image size of job updated: 175368
	168  -  MemoryUsage of job (MB)
	171120  -  ResidentSetSize of job (KB)
...
006 (8779.000.000) 03/29 07:36:18 Image size of job updated: 327036
	320  -  MemoryUsage of job (MB)
	326972  -  ResidentSetSize of job (KB)
...
006 (8779.000.000) 03/29 07:39:50 Image size of job updated: 726352
	320  -  MemoryUsage of job (MB)
	326972  -  ResidentSetSize of job (KB)
...
005 (8779.000.000) 03/29 07:39:51 Job terminated.
	(1) Normal termination (return value 0)
		Usr 0 00:05:12, Sys 0 00:03:00  -  Run Remote Usage
		Usr 0 00:00:00, Sys 0 00:00:00  -  Run Local Usage
		Usr 0 00:05:12, Sys 0 00:03:00  -  Total Remote Usage
		Usr 0 00:00:00, Sys 0 00:00:00  -  Total Local Usage
	62249  -  Run Bytes Sent By Job
	547  -  Run Bytes Received By Job
	62249  -  Total Bytes Sent By Job
	547  -  Total Bytes Received By Job
	Partitionable Resources :    Usage  Request Allocated
	   Cpus                 :                 1         1
	   Disk (KB)            :       73  1024000   2046802
	   Memory (MB)          :      320     2000      2000
...
