000 (8789.000.000) 03/29 07:10:17 Job submitted from host: <128.101.221.180:9618?addrs=128.101.221.180-9618&noUDP&sock=3943_2604_3>
...
001 (8789.000.000) 03/29 07:34:28 Job executing on host: <128.101.221.182:9618?addrs=128.101.221.182-9618&noUDP&sock=3902_06a2_4>
...
006 (8789.000.000) 03/29 07:34:37 Image size of job updated: 251416
	173  -  MemoryUsage of job (MB)
	176872  -  ResidentSetSize of job (KB)
...
006 (8789.000.000) 03/29 07:39:38 Image size of job updated: 326824
	319  -  MemoryUsage of job (MB)
	326520  -  ResidentSetSize of job (KB)
...
006 (8789.000.000) 03/29 07:44:39 Image size of job updated: 328532
	321  -  MemoryUsage of job (MB)
	328420  -  ResidentSetSize of job (KB)
...
006 (8789.000.000) 03/29 07:47:14 Image size of job updated: 726820
	321  -  MemoryUsage of job (MB)
	328420  -  ResidentSetSize of job (KB)
...
005 (8789.000.000) 03/29 07:47:15 Job terminated.
	(1) Normal termination (return value 0)
		Usr 0 00:07:35, Sys 0 00:04:30  -  Run Remote Usage
		Usr 0 00:00:00, Sys 0 00:00:00  -  Run Local Usage
		Usr 0 00:07:35, Sys 0 00:04:30  -  Total Remote Usage
		Usr 0 00:00:00, Sys 0 00:00:00  -  Total Local Usage
	92820  -  Run Bytes Sent By Job
	547  -  Run Bytes Received By Job
	92820  -  Total Bytes Sent By Job
	547  -  Total Bytes Received By Job
	Partitionable Resources :    Usage  Request Allocated
	   Cpus                 :                 1         1
	   Disk (KB)            :      104  1024000   2046802
	   Memory (MB)          :      321     2000      2000
...
