000 (8797.000.000) 03/29 07:10:21 Job submitted from host: <128.101.221.180:9618?addrs=128.101.221.180-9618&noUDP&sock=3943_2604_3>
...
001 (8797.000.000) 03/29 07:37:22 Job executing on host: <128.101.220.49:9618?addrs=128.101.220.49-9618&noUDP&sock=280861_dd0b_4>
...
006 (8797.000.000) 03/29 07:37:31 Image size of job updated: 250696
	171  -  MemoryUsage of job (MB)
	174776  -  ResidentSetSize of job (KB)
...
006 (8797.000.000) 03/29 07:42:18 Image size of job updated: 424080
	171  -  MemoryUsage of job (MB)
	174776  -  ResidentSetSize of job (KB)
...
005 (8797.000.000) 03/29 07:42:19 Job terminated.
	(1) Normal termination (return value 0)
		Usr 0 00:03:21, Sys 0 00:01:05  -  Run Remote Usage
		Usr 0 00:00:00, Sys 0 00:00:00  -  Run Local Usage
		Usr 0 00:03:21, Sys 0 00:01:05  -  Total Remote Usage
		Usr 0 00:00:00, Sys 0 00:00:00  -  Total Local Usage
	42898  -  Run Bytes Sent By Job
	547  -  Run Bytes Received By Job
	42898  -  Total Bytes Sent By Job
	547  -  Total Bytes Received By Job
	Partitionable Resources :    Usage  Request Allocated
	   Cpus                 :                 1         1
	   Disk (KB)            :       55  1024000   1028695
	   Memory (MB)          :      171     2000      2000
...
