000 (8770.000.000) 03/29 07:10:08 Job submitted from host: <128.101.221.180:9618?addrs=128.101.221.180-9618&noUDP&sock=3943_2604_3>
...
001 (8770.000.000) 03/29 07:29:53 Job executing on host: <128.101.221.175:9618?addrs=128.101.221.175-9618&noUDP&sock=12916_e152_4>
...
006 (8770.000.000) 03/29 07:30:02 Image size of job updated: 254280
	176  -  MemoryUsage of job (MB)
	179556  -  ResidentSetSize of job (KB)
...
006 (8770.000.000) 03/29 07:34:59 Image size of job updated: 329292
	176  -  MemoryUsage of job (MB)
	179556  -  ResidentSetSize of job (KB)
...
005 (8770.000.000) 03/29 07:35:00 Job terminated.
	(1) Normal termination (return value 0)
		Usr 0 00:03:08, Sys 0 00:01:40  -  Run Remote Usage
		Usr 0 00:00:00, Sys 0 00:00:00  -  Run Local Usage
		Usr 0 00:03:08, Sys 0 00:01:40  -  Total Remote Usage
		Usr 0 00:00:00, Sys 0 00:00:00  -  Total Local Usage
	86338  -  Run Bytes Sent By Job
	547  -  Run Bytes Received By Job
	86338  -  Total Bytes Sent By Job
	547  -  Total Bytes Received By Job
	Partitionable Resources :    Usage  Request Allocated
	   Cpus                 :                 1         1
	   Disk (KB)            :       97  1024000   1931382
	   Memory (MB)          :      176     2000      2000
...
