000 (8801.000.000) 03/29 07:10:23 Job submitted from host: <128.101.221.180:9618?addrs=128.101.221.180-9618&noUDP&sock=3943_2604_3>
...
001 (8801.000.000) 03/29 07:39:16 Job executing on host: <128.101.221.175:9618?addrs=128.101.221.175-9618&noUDP&sock=12916_e152_4>
...
006 (8801.000.000) 03/29 07:39:25 Image size of job updated: 249860
	172  -  MemoryUsage of job (MB)
	175480  -  ResidentSetSize of job (KB)
...
006 (8801.000.000) 03/29 07:44:26 Image size of job updated: 328504
	321  -  MemoryUsage of job (MB)
	328404  -  ResidentSetSize of job (KB)
...
006 (8801.000.000) 03/29 07:48:01 Image size of job updated: 328660
	321  -  MemoryUsage of job (MB)
	328404  -  ResidentSetSize of job (KB)
...
005 (8801.000.000) 03/29 07:48:02 Job terminated.
	(1) Normal termination (return value 0)
		Usr 0 00:05:13, Sys 0 00:03:02  -  Run Remote Usage
		Usr 0 00:00:00, Sys 0 00:00:00  -  Run Local Usage
		Usr 0 00:05:13, Sys 0 00:03:02  -  Total Remote Usage
		Usr 0 00:00:00, Sys 0 00:00:00  -  Total Local Usage
	70365  -  Run Bytes Sent By Job
	547  -  Run Bytes Received By Job
	70365  -  Total Bytes Sent By Job
	547  -  Total Bytes Received By Job
	Partitionable Resources :    Usage  Request Allocated
	   Cpus                 :                 1         1
	   Disk (KB)            :       82  1024000   1931366
	   Memory (MB)          :      321     2000      2000
...
