000 (8776.000.000) 03/29 07:10:11 Job submitted from host: <128.101.221.180:9618?addrs=128.101.221.180-9618&noUDP&sock=3943_2604_3>
...
001 (8776.000.000) 03/29 07:31:09 Job executing on host: <128.101.221.182:9618?addrs=128.101.221.182-9618&noUDP&sock=3902_06a2_4>
...
006 (8776.000.000) 03/29 07:31:18 Image size of job updated: 181728
	176  -  MemoryUsage of job (MB)
	179328  -  ResidentSetSize of job (KB)
...
005 (8776.000.000) 03/29 07:35:29 Job terminated.
	(1) Normal termination (return value 0)
		Usr 0 00:02:37, Sys 0 00:01:27  -  Run Remote Usage
		Usr 0 00:00:00, Sys 0 00:00:00  -  Run Local Usage
		Usr 0 00:02:37, Sys 0 00:01:27  -  Total Remote Usage
		Usr 0 00:00:00, Sys 0 00:00:00  -  Total Local Usage
	206834  -  Run Bytes Sent By Job
	547  -  Run Bytes Received By Job
	206834  -  Total Bytes Sent By Job
	547  -  Total Bytes Received By Job
	Partitionable Resources :    Usage  Request Allocated
	   Cpus                 :                 1         1
	   Disk (KB)            :      215  1024000   2046802
	   Memory (MB)          :      176     2000      2000
...
