000 (8784.000.000) 03/29 07:10:15 Job submitted from host: <128.101.221.180:9618?addrs=128.101.221.180-9618&noUDP&sock=3943_2604_3>
...
001 (8784.000.000) 03/29 07:32:30 Job executing on host: <128.101.221.175:9618?addrs=128.101.221.175-9618&noUDP&sock=12916_e152_4>
...
006 (8784.000.000) 03/29 07:32:38 Image size of job updated: 240404
	171  -  MemoryUsage of job (MB)
	174176  -  ResidentSetSize of job (KB)
...
005 (8784.000.000) 03/29 07:34:42 Job terminated.
	(1) Normal termination (return value 0)
		Usr 0 00:01:23, Sys 0 00:00:39  -  Run Remote Usage
		Usr 0 00:00:00, Sys 0 00:00:00  -  Run Local Usage
		Usr 0 00:01:23, Sys 0 00:00:39  -  Total Remote Usage
		Usr 0 00:00:00, Sys 0 00:00:00  -  Total Local Usage
	132109  -  Run Bytes Sent By Job
	547  -  Run Bytes Received By Job
	132109  -  Total Bytes Sent By Job
	547  -  Total Bytes Received By Job
	Partitionable Resources :    Usage  Request Allocated
	   Cpus                 :                 1         1
	   Disk (KB)            :      142  1024000   1931374
	   Memory (MB)          :      171     2000      2000
...
