000 (8766.000.000) 03/29 07:10:06 Job submitted from host: <128.101.221.180:9618?addrs=128.101.221.180-9618&noUDP&sock=3943_2604_3>
...
001 (8766.000.000) 03/29 07:27:53 Job executing on host: <128.101.221.175:9618?addrs=128.101.221.175-9618&noUDP&sock=12916_e152_4>
...
006 (8766.000.000) 03/29 07:28:02 Image size of job updated: 233540
	186  -  MemoryUsage of job (MB)
	189500  -  ResidentSetSize of job (KB)
...
006 (8766.000.000) 03/29 07:32:47 Image size of job updated: 726460
	186  -  MemoryUsage of job (MB)
	189500  -  ResidentSetSize of job (KB)
...
005 (8766.000.000) 03/29 07:32:48 Job terminated.
	(1) Normal termination (return value 0)
		Usr 0 00:02:58, Sys 0 00:01:39  -  Run Remote Usage
		Usr 0 00:00:00, Sys 0 00:00:00  -  Run Local Usage
		Usr 0 00:02:58, Sys 0 00:01:39  -  Total Remote Usage
		Usr 0 00:00:00, Sys 0 00:00:00  -  Total Local Usage
	25893  -  Run Bytes Sent By Job
	547  -  Run Bytes Received By Job
	25893  -  Total Bytes Sent By Job
	547  -  Total Bytes Received By Job
	Partitionable Resources :    Usage  Request Allocated
	   Cpus                 :                 1         1
	   Disk (KB)            :       38  1024000   1931382
	   Memory (MB)          :      186     2000      2000
...
