000 (8748.000.000) 03/29 07:09:57 Job submitted from host: <128.101.221.180:9618?addrs=128.101.221.180-9618&noUDP&sock=3943_2604_3>
...
001 (8748.000.000) 03/29 07:18:52 Job executing on host: <128.101.221.182:9618?addrs=128.101.221.182-9618&noUDP&sock=3902_06a2_4>
...
006 (8748.000.000) 03/29 07:19:01 Image size of job updated: 266604
	186  -  MemoryUsage of job (MB)
	190196  -  ResidentSetSize of job (KB)
...
006 (8748.000.000) 03/29 07:24:02 Image size of job updated: 326512
	319  -  MemoryUsage of job (MB)
	326240  -  ResidentSetSize of job (KB)
...
006 (8748.000.000) 03/29 07:28:49 Image size of job updated: 327660
	319  -  MemoryUsage of job (MB)
	326240  -  ResidentSetSize of job (KB)
...
005 (8748.000.000) 03/29 07:28:51 Job terminated.
	(1) Normal termination (return value 0)
		Usr 0 00:05:55, Sys 0 00:03:22  -  Run Remote Usage
		Usr 0 00:00:00, Sys 0 00:00:00  -  Run Local Usage
		Usr 0 00:05:55, Sys 0 00:03:22  -  Total Remote Usage
		Usr 0 00:00:00, Sys 0 00:00:00  -  Total Local Usage
	174972  -  Run Bytes Sent By Job
	547  -  Run Bytes Received By Job
	174972  -  Total Bytes Sent By Job
	547  -  Total Bytes Received By Job
	Partitionable Resources :    Usage  Request Allocated
	   Cpus                 :                 1         1
	   Disk (KB)            :      184  1024000   2046856
	   Memory (MB)          :      319     2000      2000
...
