000 (7061.000.000) 03/03 10:57:51 Job submitted from host: <128.101.221.180:9618?addrs=128.101.221.180-9618&noUDP&sock=3943_2604_3>
...
001 (7061.000.000) 03/03 10:58:12 Job executing on host: <128.101.221.179:9618?addrs=128.101.221.179-9618&noUDP&sock=2230935_6d61_4>
...
006 (7061.000.000) 03/03 10:58:21 Image size of job updated: 243656
	168  -  MemoryUsage of job (MB)
	171184  -  ResidentSetSize of job (KB)
...
005 (7061.000.000) 03/03 11:00:58 Job terminated.
	(1) Normal termination (return value 0)
		Usr 0 00:01:38, Sys 0 00:00:33  -  Run Remote Usage
		Usr 0 00:00:00, Sys 0 00:00:00  -  Run Local Usage
		Usr 0 00:01:38, Sys 0 00:00:33  -  Total Remote Usage
		Usr 0 00:00:00, Sys 0 00:00:00  -  Total Local Usage
	45126  -  Run Bytes Sent By Job
	521  -  Run Bytes Received By Job
	45126  -  Total Bytes Sent By Job
	521  -  Total Bytes Received By Job
	Partitionable Resources :    Usage  Request Allocated
	   Cpus                 :                 1         1
	   Disk (KB)            :       57  1024000   1027964
	   Memory (MB)          :      168     2000      2000
...
