000 (7062.000.000) 03/03 10:57:51 Job submitted from host: <128.101.221.180:9618?addrs=128.101.221.180-9618&noUDP&sock=3943_2604_3>
...
001 (7062.000.000) 03/03 10:58:14 Job executing on host: <128.101.221.182:9618?addrs=128.101.221.182-9618&noUDP&sock=3902_06a2_4>
...
006 (7062.000.000) 03/03 10:58:23 Image size of job updated: 238900
	176  -  MemoryUsage of job (MB)
	179220  -  ResidentSetSize of job (KB)
...
006 (7062.000.000) 03/03 11:02:12 Image size of job updated: 389392
	176  -  MemoryUsage of job (MB)
	179220  -  ResidentSetSize of job (KB)
...
005 (7062.000.000) 03/03 11:02:13 Job terminated.
	(1) Normal termination (return value 0)
		Usr 0 00:02:19, Sys 0 00:00:50  -  Run Remote Usage
		Usr 0 00:00:00, Sys 0 00:00:00  -  Run Local Usage
		Usr 0 00:02:19, Sys 0 00:00:50  -  Total Remote Usage
		Usr 0 00:00:00, Sys 0 00:00:00  -  Total Local Usage
	37011  -  Run Bytes Sent By Job
	521  -  Run Bytes Received By Job
	37011  -  Total Bytes Sent By Job
	521  -  Total Bytes Received By Job
	Partitionable Resources :    Usage  Request Allocated
	   Cpus                 :                 1         1
	   Disk (KB)            :       49  1024000   2046174
	   Memory (MB)          :      176     2000      2000
...
