000 (7063.000.000) 03/03 10:57:52 Job submitted from host: <128.101.221.180:9618?addrs=128.101.221.180-9618&noUDP&sock=3943_2604_3>
...
001 (7063.000.000) 03/03 10:58:14 Job executing on host: <128.101.221.178:9618?addrs=128.101.221.178-9618&noUDP&sock=1886078_3590_4>
...
006 (7063.000.000) 03/03 10:58:22 Image size of job updated: 252320
	170  -  MemoryUsage of job (MB)
	173912  -  ResidentSetSize of job (KB)
...
006 (7063.000.000) 03/03 11:01:42 Image size of job updated: 719312
	170  -  MemoryUsage of job (MB)
	173912  -  ResidentSetSize of job (KB)
...
005 (7063.000.000) 03/03 11:01:43 Job terminated.
	(1) Normal termination (return value 0)
		Usr 0 00:02:01, Sys 0 00:00:47  -  Run Remote Usage
		Usr 0 00:00:00, Sys 0 00:00:00  -  Run Local Usage
		Usr 0 00:02:01, Sys 0 00:00:47  -  Total Remote Usage
		Usr 0 00:00:00, Sys 0 00:00:00  -  Total Local Usage
	38180  -  Run Bytes Sent By Job
	521  -  Run Bytes Received By Job
	38180  -  Total Bytes Sent By Job
	521  -  Total Bytes Received By Job
	Partitionable Resources :    Usage  Request Allocated
	   Cpus                 :                 1         1
	   Disk (KB)            :       50  1024000   1026404
	   Memory (MB)          :      170     2000      2000
...
