000 (7039.000.000) 03/03 10:57:40 Job submitted from host: <128.101.221.180:9618?addrs=128.101.221.180-9618&noUDP&sock=3943_2604_3>
...
001 (7039.000.000) 03/03 10:57:51 Job executing on host: <128.101.221.172:9618?addrs=128.101.221.172-9618&noUDP&sock=1824113_5f8e_4>
...
006 (7039.000.000) 03/03 10:58:00 Image size of job updated: 144016
	91  -  MemoryUsage of job (MB)
	92520  -  ResidentSetSize of job (KB)
...
005 (7039.000.000) 03/03 11:00:57 Job terminated.
	(1) Normal termination (return value 0)
		Usr 0 00:01:47, Sys 0 00:00:38  -  Run Remote Usage
		Usr 0 00:00:00, Sys 0 00:00:00  -  Run Local Usage
		Usr 0 00:01:47, Sys 0 00:00:38  -  Total Remote Usage
		Usr 0 00:00:00, Sys 0 00:00:00  -  Total Local Usage
	41229  -  Run Bytes Sent By Job
	521  -  Run Bytes Received By Job
	41229  -  Total Bytes Sent By Job
	521  -  Total Bytes Received By Job
	Partitionable Resources :    Usage  Request Allocated
	   Cpus                 :                 1         1
	   Disk (KB)            :       53  1024000   1029691
	   Memory (MB)          :       91     2000      2000
...
