000 (7058.000.000) 03/03 10:57:49 Job submitted from host: <128.101.221.180:9618?addrs=128.101.221.180-9618&noUDP&sock=3943_2604_3>
...
001 (7058.000.000) 03/03 10:57:57 Job executing on host: <128.101.221.192:9618?addrs=128.101.221.192-9618&noUDP&sock=3175794_1c7b_4>
...
006 (7058.000.000) 03/03 10:58:06 Image size of job updated: 263024
	181  -  MemoryUsage of job (MB)
	185188  -  ResidentSetSize of job (KB)
...
005 (7058.000.000) 03/03 11:01:06 Job terminated.
	(1) Normal termination (return value 0)
		Usr 0 00:01:46, Sys 0 00:00:41  -  Run Remote Usage
		Usr 0 00:00:00, Sys 0 00:00:00  -  Run Local Usage
		Usr 0 00:01:46, Sys 0 00:00:41  -  Total Remote Usage
		Usr 0 00:00:00, Sys 0 00:00:00  -  Total Local Usage
	42202  -  Run Bytes Sent By Job
	521  -  Run Bytes Received By Job
	42202  -  Total Bytes Sent By Job
	521  -  Total Bytes Received By Job
	Partitionable Resources :    Usage  Request Allocated
	   Cpus                 :                 1         1
	   Disk (KB)            :       54  1024000   1028778
	   Memory (MB)          :      181     2000      2000
...
