000 (7045.000.000) 03/03 10:57:43 Job submitted from host: <128.101.221.180:9618?addrs=128.101.221.180-9618&noUDP&sock=3943_2604_3>
...
001 (7045.000.000) 03/03 10:57:53 Job executing on host: <128.101.221.181:9618?addrs=128.101.221.181-9618&noUDP&sock=2582719_fdba_4>
...
006 (7045.000.000) 03/03 10:58:02 Image size of job updated: 214284
	145  -  MemoryUsage of job (MB)
	147808  -  ResidentSetSize of job (KB)
...
006 (7045.000.000) 03/03 11:01:21 Image size of job updated: 323704
	145  -  MemoryUsage of job (MB)
	147808  -  ResidentSetSize of job (KB)
...
005 (7045.000.000) 03/03 11:01:21 Job terminated.
	(1) Normal termination (return value 0)
		Usr 0 00:01:57, Sys 0 00:00:43  -  Run Remote Usage
		Usr 0 00:00:00, Sys 0 00:00:00  -  Run Local Usage
		Usr 0 00:01:57, Sys 0 00:00:43  -  Total Remote Usage
		Usr 0 00:00:00, Sys 0 00:00:00  -  Total Local Usage
	36364  -  Run Bytes Sent By Job
	521  -  Run Bytes Received By Job
	36364  -  Total Bytes Sent By Job
	521  -  Total Bytes Received By Job
	Partitionable Resources :    Usage  Request Allocated
	   Cpus                 :                 1         1
	   Disk (KB)            :       48  1024000   1026361
	   Memory (MB)          :      145     2000      2000
...
