000 (7051.000.000) 03/03 10:57:46 Job submitted from host: <128.101.221.180:9618?addrs=128.101.221.180-9618&noUDP&sock=3943_2604_3>
...
001 (7051.000.000) 03/03 10:57:55 Job executing on host: <128.101.221.186:9618?addrs=128.101.221.186-9618&noUDP&sock=3131318_464d_4>
...
006 (7051.000.000) 03/03 10:58:04 Image size of job updated: 237692
	162  -  MemoryUsage of job (MB)
	165632  -  ResidentSetSize of job (KB)
...
005 (7051.000.000) 03/03 11:01:38 Job terminated.
	(1) Normal termination (return value 0)
		Usr 0 00:02:07, Sys 0 00:00:47  -  Run Remote Usage
		Usr 0 00:00:00, Sys 0 00:00:00  -  Run Local Usage
		Usr 0 00:02:07, Sys 0 00:00:47  -  Total Remote Usage
		Usr 0 00:00:00, Sys 0 00:00:00  -  Total Local Usage
	55947  -  Run Bytes Sent By Job
	521  -  Run Bytes Received By Job
	55947  -  Total Bytes Sent By Job
	521  -  Total Bytes Received By Job
	Partitionable Resources :    Usage  Request Allocated
	   Cpus                 :                 1         1
	   Disk (KB)            :       67  1024000   1027586
	   Memory (MB)          :      162     2000      2000
...
