000 (7059.000.000) 03/03 10:57:50 Job submitted from host: <128.101.221.180:9618?addrs=128.101.221.180-9618&noUDP&sock=3943_2604_3>
...
001 (7059.000.000) 03/03 10:57:59 Job executing on host: <128.101.221.182:9618?addrs=128.101.221.182-9618&noUDP&sock=3902_06a2_4>
...
006 (7059.000.000) 03/03 10:58:08 Image size of job updated: 249676
	183  -  MemoryUsage of job (MB)
	186412  -  ResidentSetSize of job (KB)
...
005 (7059.000.000) 03/03 11:00:49 Job terminated.
	(1) Normal termination (return value 0)
		Usr 0 00:01:42, Sys 0 00:00:35  -  Run Remote Usage
		Usr 0 00:00:00, Sys 0 00:00:00  -  Run Local Usage
		Usr 0 00:01:42, Sys 0 00:00:35  -  Total Remote Usage
		Usr 0 00:00:00, Sys 0 00:00:00  -  Total Local Usage
	50900  -  Run Bytes Sent By Job
	521  -  Run Bytes Received By Job
	50900  -  Total Bytes Sent By Job
	521  -  Total Bytes Received By Job
	Partitionable Resources :    Usage  Request Allocated
	   Cpus                 :                 1         1
	   Disk (KB)            :       62  1024000   2046174
	   Memory (MB)          :      183     2000      2000
...
