000 (7052.000.000) 03/03 10:57:46 Job submitted from host: <128.101.221.180:9618?addrs=128.101.221.180-9618&noUDP&sock=3943_2604_3>
...
001 (7052.000.000) 03/03 10:57:55 Job executing on host: <128.101.221.187:9618?addrs=128.101.221.187-9618&noUDP&sock=3336463_ae6f_4>
...
006 (7052.000.000) 03/03 10:58:04 Image size of job updated: 189308
	125  -  MemoryUsage of job (MB)
	127444  -  ResidentSetSize of job (KB)
...
005 (7052.000.000) 03/03 11:01:48 Job terminated.
	(1) Normal termination (return value 0)
		Usr 0 00:02:12, Sys 0 00:00:51  -  Run Remote Usage
		Usr 0 00:00:00, Sys 0 00:00:00  -  Run Local Usage
		Usr 0 00:02:12, Sys 0 00:00:51  -  Total Remote Usage
		Usr 0 00:00:00, Sys 0 00:00:00  -  Total Local Usage
	57000  -  Run Bytes Sent By Job
	521  -  Run Bytes Received By Job
	57000  -  Total Bytes Sent By Job
	521  -  Total Bytes Received By Job
	Partitionable Resources :    Usage  Request Allocated
	   Cpus                 :                 1         1
	   Disk (KB)            :       68  1024000   1028754
	   Memory (MB)          :      125     2000      2000
...
