000 (7053.000.000) 03/03 10:57:47 Job submitted from host: <128.101.221.180:9618?addrs=128.101.221.180-9618&noUDP&sock=3943_2604_3>
...
001 (7053.000.000) 03/03 10:57:55 Job executing on host: <128.101.220.87:9618?addrs=128.101.220.87-9618&noUDP&sock=465496_1dbd_4>
...
006 (7053.000.000) 03/03 10:58:04 Image size of job updated: 266716
	185  -  MemoryUsage of job (MB)
	188780  -  ResidentSetSize of job (KB)
...
005 (7053.000.000) 03/03 11:01:08 Job terminated.
	(1) Normal termination (return value 0)
		Usr 0 00:01:47, Sys 0 00:00:39  -  Run Remote Usage
		Usr 0 00:00:00, Sys 0 00:00:00  -  Run Local Usage
		Usr 0 00:01:47, Sys 0 00:00:39  -  Total Remote Usage
		Usr 0 00:00:00, Sys 0 00:00:00  -  Total Local Usage
	41242  -  Run Bytes Sent By Job
	521  -  Run Bytes Received By Job
	41242  -  Total Bytes Sent By Job
	521  -  Total Bytes Received By Job
	Partitionable Resources :    Usage  Request Allocated
	   Cpus                 :                 1         1
	   Disk (KB)            :       53  1024000   1029864
	   Memory (MB)          :      185     2000      2000
...
