000 (7040.000.000) 03/03 10:57:41 Job submitted from host: <128.101.221.180:9618?addrs=128.101.221.180-9618&noUDP&sock=3943_2604_3>
...
001 (7040.000.000) 03/03 10:57:51 Job executing on host: <128.101.221.179:9618?addrs=128.101.221.179-9618&noUDP&sock=2230935_6d61_4>
...
006 (7040.000.000) 03/03 10:58:00 Image size of job updated: 187684
	123  -  MemoryUsage of job (MB)
	125840  -  ResidentSetSize of job (KB)
...
006 (7040.000.000) 03/03 11:01:00 Image size of job updated: 719084
	123  -  MemoryUsage of job (MB)
	125840  -  ResidentSetSize of job (KB)
...
005 (7040.000.000) 03/03 11:01:01 Job terminated.
	(1) Normal termination (return value 0)
		Usr 0 00:01:49, Sys 0 00:00:37  -  Run Remote Usage
		Usr 0 00:00:00, Sys 0 00:00:00  -  Run Local Usage
		Usr 0 00:01:49, Sys 0 00:00:37  -  Total Remote Usage
		Usr 0 00:00:00, Sys 0 00:00:00  -  Total Local Usage
	42284  -  Run Bytes Sent By Job
	521  -  Run Bytes Received By Job
	42284  -  Total Bytes Sent By Job
	521  -  Total Bytes Received By Job
	Partitionable Resources :    Usage  Request Allocated
	   Cpus                 :                 1         1
	   Disk (KB)            :       54  1024000   1028026
	   Memory (MB)          :      123     2000      2000
...
