000 (7001.000.000) 03/03 10:50:41 Job submitted from host: <128.101.221.180:9618?addrs=128.101.221.180-9618&noUDP&sock=3943_2604_3>
...
001 (7001.000.000) 03/03 10:51:00 Job executing on host: <128.101.221.187:9618?addrs=128.101.221.187-9618&noUDP&sock=3336463_ae6f_4>
...
006 (7001.000.000) 03/03 10:51:09 Image size of job updated: 239568
	184  -  MemoryUsage of job (MB)
	188388  -  ResidentSetSize of job (KB)
...
005 (7001.000.000) 03/03 10:55:48 Job terminated.
	(1) Normal termination (return value 0)
		Usr 0 00:02:52, Sys 0 00:01:09  -  Run Remote Usage
		Usr 0 00:00:00, Sys 0 00:00:00  -  Run Local Usage
		Usr 0 00:02:52, Sys 0 00:01:09  -  Total Remote Usage
		Usr 0 00:00:00, Sys 0 00:00:00  -  Total Local Usage
	74201  -  Run Bytes Sent By Job
	533  -  Run Bytes Received By Job
	74201  -  Total Bytes Sent By Job
	533  -  Total Bytes Received By Job
	Partitionable Resources :    Usage  Request Allocated
	   Cpus                 :                 1         1
	   Disk (KB)            :       85  1024000   1028874
	   Memory (MB)          :      184     2000      2000
...
