000 (7010.000.000) 03/03 10:50:52 Job submitted from host: <128.101.221.180:9618?addrs=128.101.221.180-9618&noUDP&sock=3943_2604_3>
...
001 (7010.000.000) 03/03 10:51:04 Job executing on host: <128.101.220.94:9618?addrs=128.101.220.94-9618&noUDP&sock=303435_bff5_4>
...
006 (7010.000.000) 03/03 10:51:13 Image size of job updated: 285600
	204  -  MemoryUsage of job (MB)
	208176  -  ResidentSetSize of job (KB)
...
006 (7010.000.000) 03/03 10:56:14 Image size of job updated: 325968
	319  -  MemoryUsage of job (MB)
	325824  -  ResidentSetSize of job (KB)
...
006 (7010.000.000) 03/03 10:56:32 Image size of job updated: 325972
	319  -  MemoryUsage of job (MB)
	325824  -  ResidentSetSize of job (KB)
...
005 (7010.000.000) 03/03 10:56:33 Job terminated.
	(1) Normal termination (return value 0)
		Usr 0 00:02:07, Sys 0 00:00:51  -  Run Remote Usage
		Usr 0 00:00:00, Sys 0 00:00:00  -  Run Local Usage
		Usr 0 00:02:07, Sys 0 00:00:51  -  Total Remote Usage
		Usr 0 00:00:00, Sys 0 00:00:00  -  Total Local Usage
	74201  -  Run Bytes Sent By Job
	533  -  Run Bytes Received By Job
	74201  -  Total Bytes Sent By Job
	533  -  Total Bytes Received By Job
	Partitionable Resources :    Usage  Request Allocated
	   Cpus                 :                 1         1
	   Disk (KB)            :       85  1024000   1029487
	   Memory (MB)          :      319     2000      2000
...
