000 (6976.000.000) 03/03 10:50:26 Job submitted from host: <128.101.221.180:9618?addrs=128.101.221.180-9618&noUDP&sock=3943_2604_3>
...
001 (6976.000.000) 03/03 10:50:48 Job executing on host: <128.101.220.74:9618?addrs=128.101.220.74-9618&noUDP&sock=279762_0a76_4>
...
006 (6976.000.000) 03/03 10:50:57 Image size of job updated: 187412
	123  -  MemoryUsage of job (MB)
	125564  -  ResidentSetSize of job (KB)
...
006 (6976.000.000) 03/03 10:55:09 Image size of job updated: 328384
	123  -  MemoryUsage of job (MB)
	125564  -  ResidentSetSize of job (KB)
...
005 (6976.000.000) 03/03 10:55:10 Job terminated.
	(1) Normal termination (return value 0)
		Usr 0 00:02:22, Sys 0 00:00:56  -  Run Remote Usage
		Usr 0 00:00:00, Sys 0 00:00:00  -  Run Local Usage
		Usr 0 00:02:22, Sys 0 00:00:56  -  Total Remote Usage
		Usr 0 00:00:00, Sys 0 00:00:00  -  Total Local Usage
	68435  -  Run Bytes Sent By Job
	533  -  Run Bytes Received By Job
	68435  -  Total Bytes Sent By Job
	533  -  Total Bytes Received By Job
	Partitionable Resources :    Usage  Request Allocated
	   Cpus                 :                 1         1
	   Disk (KB)            :       80  1024000   1029871
	   Memory (MB)          :      123     2000      2000
...
