000 (7037.000.000) 03/03 10:51:11 Job submitted from host: <128.101.221.180:9618?addrs=128.101.221.180-9618&noUDP&sock=3943_2604_3>
...
001 (7037.000.000) 03/03 10:51:25 Job executing on host: <128.101.220.112:9618?addrs=128.101.220.112-9618&noUDP&sock=2301225_8552_4>
...
006 (7037.000.000) 03/03 10:51:33 Image size of job updated: 252452
	174  -  MemoryUsage of job (MB)
	177692  -  ResidentSetSize of job (KB)
...
006 (7037.000.000) 03/03 10:55:09 Image size of job updated: 420268
	174  -  MemoryUsage of job (MB)
	177692  -  ResidentSetSize of job (KB)
...
005 (7037.000.000) 03/03 10:55:10 Job terminated.
	(1) Normal termination (return value 0)
		Usr 0 00:02:07, Sys 0 00:00:48  -  Run Remote Usage
		Usr 0 00:00:00, Sys 0 00:00:00  -  Run Local Usage
		Usr 0 00:02:07, Sys 0 00:00:48  -  Total Remote Usage
		Usr 0 00:00:00, Sys 0 00:00:00  -  Total Local Usage
	76599  -  Run Bytes Sent By Job
	533  -  Run Bytes Received By Job
	76599  -  Total Bytes Sent By Job
	533  -  Total Bytes Received By Job
	Partitionable Resources :    Usage  Request Allocated
	   Cpus                 :                 1         1
	   Disk (KB)            :       88  1024000   1031659
	   Memory (MB)          :      174     2000      2000
...
