000 (7004.000.000) 03/03 10:50:45 Job submitted from host: <128.101.221.180:9618?addrs=128.101.221.180-9618&noUDP&sock=3943_2604_3>
...
001 (7004.000.000) 03/03 10:51:02 Job executing on host: <128.101.220.87:9618?addrs=128.101.220.87-9618&noUDP&sock=465496_1dbd_4>
...
006 (7004.000.000) 03/03 10:51:11 Image size of job updated: 263328
	184  -  MemoryUsage of job (MB)
	187788  -  ResidentSetSize of job (KB)
...
005 (7004.000.000) 03/03 10:54:01 Job terminated.
	(1) Normal termination (return value 0)
		Usr 0 00:01:40, Sys 0 00:00:37  -  Run Remote Usage
		Usr 0 00:00:00, Sys 0 00:00:00  -  Run Local Usage
		Usr 0 00:01:40, Sys 0 00:00:37  -  Total Remote Usage
		Usr 0 00:00:00, Sys 0 00:00:00  -  Total Local Usage
	57005  -  Run Bytes Sent By Job
	533  -  Run Bytes Received By Job
	57005  -  Total Bytes Sent By Job
	533  -  Total Bytes Received By Job
	Partitionable Resources :    Usage  Request Allocated
	   Cpus                 :                 1         1
	   Disk (KB)            :       68  1024000   1029950
	   Memory (MB)          :      184     2000      2000
...
