000 (6999.000.000) 03/03 10:50:38 Job submitted from host: <128.101.221.180:9618?addrs=128.101.221.180-9618&noUDP&sock=3943_2604_3>
...
001 (6999.000.000) 03/03 10:51:00 Job executing on host: <128.101.221.185:9618?addrs=128.101.221.185-9618&noUDP&sock=4153619_bab1_4>
...
006 (6999.000.000) 03/03 10:51:09 Image size of job updated: 268124
	186  -  MemoryUsage of job (MB)
	189504  -  ResidentSetSize of job (KB)
...
005 (6999.000.000) 03/03 10:55:15 Job terminated.
	(1) Normal termination (return value 0)
		Usr 0 00:02:30, Sys 0 00:01:00  -  Run Remote Usage
		Usr 0 00:00:00, Sys 0 00:00:00  -  Run Local Usage
		Usr 0 00:02:30, Sys 0 00:01:00  -  Total Remote Usage
		Usr 0 00:00:00, Sys 0 00:00:00  -  Total Local Usage
	58997  -  Run Bytes Sent By Job
	533  -  Run Bytes Received By Job
	58997  -  Total Bytes Sent By Job
	533  -  Total Bytes Received By Job
	Partitionable Resources :    Usage  Request Allocated
	   Cpus                 :                 1         1
	   Disk (KB)            :       70  1024000   1027163
	   Memory (MB)          :      186     2000      2000
...
