000 (7002.000.000) 03/03 10:50:43 Job submitted from host: <128.101.221.180:9618?addrs=128.101.221.180-9618&noUDP&sock=3943_2604_3>
...
001 (7002.000.000) 03/03 10:51:00 Job executing on host: <128.101.220.54:9618?addrs=128.101.220.54-9618&noUDP&sock=259437_c80b_4>
...
006 (7002.000.000) 03/03 10:51:09 Image size of job updated: 304264
	215  -  MemoryUsage of job (MB)
	219908  -  ResidentSetSize of job (KB)
...
005 (7002.000.000) 03/03 10:53:31 Job terminated.
	(1) Normal termination (return value 0)
		Usr 0 00:01:27, Sys 0 00:00:32  -  Run Remote Usage
		Usr 0 00:00:00, Sys 0 00:00:00  -  Run Local Usage
		Usr 0 00:01:27, Sys 0 00:00:32  -  Total Remote Usage
		Usr 0 00:00:00, Sys 0 00:00:00  -  Total Local Usage
	58542  -  Run Bytes Sent By Job
	533  -  Run Bytes Received By Job
	58542  -  Total Bytes Sent By Job
	533  -  Total Bytes Received By Job
	Partitionable Resources :    Usage  Request Allocated
	   Cpus                 :                 1         1
	   Disk (KB)            :       70  1024000   1029583
	   Memory (MB)          :      215     2000      2000
...
