000 (6997.000.000) 03/03 10:50:37 Job submitted from host: <128.101.221.180:9618?addrs=128.101.221.180-9618&noUDP&sock=3943_2604_3>
...
001 (6997.000.000) 03/03 10:50:58 Job executing on host: <128.101.221.193:9618?addrs=128.101.221.193-9618&noUDP&sock=2332108_b0a7_4>
...
006 (6997.000.000) 03/03 10:51:07 Image size of job updated: 263344
	195  -  MemoryUsage of job (MB)
	199376  -  ResidentSetSize of job (KB)
...
006 (6997.000.000) 03/03 10:54:40 Image size of job updated: 330684
	195  -  MemoryUsage of job (MB)
	199376  -  ResidentSetSize of job (KB)
...
005 (6997.000.000) 03/03 10:54:41 Job terminated.
	(1) Normal termination (return value 0)
		Usr 0 00:01:53, Sys 0 00:00:52  -  Run Remote Usage
		Usr 0 00:00:00, Sys 0 00:00:00  -  Run Local Usage
		Usr 0 00:01:53, Sys 0 00:00:52  -  Total Remote Usage
		Usr 0 00:00:00, Sys 0 00:00:00  -  Total Local Usage
	70445  -  Run Bytes Sent By Job
	533  -  Run Bytes Received By Job
	70445  -  Total Bytes Sent By Job
	533  -  Total Bytes Received By Job
	Partitionable Resources :    Usage  Request Allocated
	   Cpus                 :                 1         1
	   Disk (KB)            :       82  1024000   1029331
	   Memory (MB)          :      195     2000      2000
...
