000 (7030.000.000) 03/03 10:51:06 Job submitted from host: <128.101.221.180:9618?addrs=128.101.221.180-9618&noUDP&sock=3943_2604_3>
...
001 (7030.000.000) 03/03 10:51:22 Job executing on host: <128.101.220.84:9618?addrs=128.101.220.84-9618&noUDP&sock=231370_2768_4>
...
006 (7030.000.000) 03/03 10:51:31 Image size of job updated: 253400
	174  -  MemoryUsage of job (MB)
	177428  -  ResidentSetSize of job (KB)
...
005 (7030.000.000) 03/03 10:53:57 Job terminated.
	(1) Normal termination (return value 0)
		Usr 0 00:01:28, Sys 0 00:00:32  -  Run Remote Usage
		Usr 0 00:00:00, Sys 0 00:00:00  -  Run Local Usage
		Usr 0 00:01:28, Sys 0 00:00:32  -  Total Remote Usage
		Usr 0 00:00:00, Sys 0 00:00:00  -  Total Local Usage
	60988  -  Run Bytes Sent By Job
	533  -  Run Bytes Received By Job
	60988  -  Total Bytes Sent By Job
	533  -  Total Bytes Received By Job
	Partitionable Resources :    Usage  Request Allocated
	   Cpus                 :                 1         1
	   Disk (KB)            :       72  1024000   1029897
	   Memory (MB)          :      174     2000      2000
...
