000 (7038.000.000) 03/03 10:51:12 Job submitted from host: <128.101.221.180:9618?addrs=128.101.221.180-9618&noUDP&sock=3943_2604_3>
...
001 (7038.000.000) 03/03 10:51:25 Job executing on host: <128.101.220.109:9618?addrs=128.101.220.109-9618&noUDP&sock=438069_79b7_4>
...
006 (7038.000.000) 03/03 10:51:33 Image size of job updated: 250792
	171  -  MemoryUsage of job (MB)
	174816  -  ResidentSetSize of job (KB)
...
006 (7038.000.000) 03/03 10:55:30 Image size of job updated: 422116
	171  -  MemoryUsage of job (MB)
	174816  -  ResidentSetSize of job (KB)
...
005 (7038.000.000) 03/03 10:55:30 Job terminated.
	(1) Normal termination (return value 0)
		Usr 0 00:01:40, Sys 0 00:00:36  -  Run Remote Usage
		Usr 0 00:00:00, Sys 0 00:00:00  -  Run Local Usage
		Usr 0 00:01:40, Sys 0 00:00:36  -  Total Remote Usage
		Usr 0 00:00:00, Sys 0 00:00:00  -  Total Local Usage
	60977  -  Run Bytes Sent By Job
	533  -  Run Bytes Received By Job
	60977  -  Total Bytes Sent By Job
	533  -  Total Bytes Received By Job
	Partitionable Resources :    Usage  Request Allocated
	   Cpus                 :                 1         1
	   Disk (KB)            :       72  1024000   1029531
	   Memory (MB)          :      171     2000      2000
...
