000 (6982.000.000) 03/03 10:50:29 Job submitted from host: <128.101.221.180:9618?addrs=128.101.221.180-9618&noUDP&sock=3943_2604_3>
...
001 (6982.000.000) 03/03 10:50:42 Job executing on host: <128.101.221.194:9618?addrs=128.101.221.194-9618&noUDP&sock=249215_56f4_4>
...
006 (6982.000.000) 03/03 10:50:51 Image size of job updated: 117848
	67  -  MemoryUsage of job (MB)
	67776  -  ResidentSetSize of job (KB)
...
006 (6982.000.000) 03/03 10:55:11 Image size of job updated: 328476
	67  -  MemoryUsage of job (MB)
	67776  -  ResidentSetSize of job (KB)
...
005 (6982.000.000) 03/03 10:55:12 Job terminated.
	(1) Normal termination (return value 0)
		Usr 0 00:02:25, Sys 0 00:00:58  -  Run Remote Usage
		Usr 0 00:00:00, Sys 0 00:00:00  -  Run Local Usage
		Usr 0 00:02:25, Sys 0 00:00:58  -  Total Remote Usage
		Usr 0 00:00:00, Sys 0 00:00:00  -  Total Local Usage
	64461  -  Run Bytes Sent By Job
	533  -  Run Bytes Received By Job
	64461  -  Total Bytes Sent By Job
	533  -  Total Bytes Received By Job
	Partitionable Resources :    Usage  Request Allocated
	   Cpus                 :                 1         1
	   Disk (KB)            :       76  1024000   1029897
	   Memory (MB)          :       67     2000      2000
...
