000 (7014.000.000) 03/03 10:50:54 Job submitted from host: <128.101.221.180:9618?addrs=128.101.221.180-9618&noUDP&sock=3943_2604_3>
...
001 (7014.000.000) 03/03 10:51:07 Job executing on host: <128.101.221.176:9618?addrs=128.101.221.176-9618&noUDP&sock=2756849_b007_4>
...
006 (7014.000.000) 03/03 10:51:16 Image size of job updated: 213840
	168  -  MemoryUsage of job (MB)
	171076  -  ResidentSetSize of job (KB)
...
005 (7014.000.000) 03/03 10:54:12 Job terminated.
	(1) Normal termination (return value 0)
		Usr 0 00:01:53, Sys 0 00:00:40  -  Run Remote Usage
		Usr 0 00:00:00, Sys 0 00:00:00  -  Run Local Usage
		Usr 0 00:01:53, Sys 0 00:00:40  -  Total Remote Usage
		Usr 0 00:00:00, Sys 0 00:00:00  -  Total Local Usage
	50150  -  Run Bytes Sent By Job
	533  -  Run Bytes Received By Job
	50150  -  Total Bytes Sent By Job
	533  -  Total Bytes Received By Job
	Partitionable Resources :    Usage  Request Allocated
	   Cpus                 :                 1         1
	   Disk (KB)            :       62  1024000   1026287
	   Memory (MB)          :      168     2000      2000
...
