000 (7015.000.000) 03/03 10:50:55 Job submitted from host: <128.101.221.180:9618?addrs=128.101.221.180-9618&noUDP&sock=3943_2604_3>
...
001 (7015.000.000) 03/03 10:51:16 Job executing on host: <128.101.221.181:9618?addrs=128.101.221.181-9618&noUDP&sock=2582719_fdba_4>
...
006 (7015.000.000) 03/03 10:51:25 Image size of job updated: 186392
	124  -  MemoryUsage of job (MB)
	126916  -  ResidentSetSize of job (KB)
...
005 (7015.000.000) 03/03 10:54:27 Job terminated.
	(1) Normal termination (return value 0)
		Usr 0 00:01:56, Sys 0 00:00:41  -  Run Remote Usage
		Usr 0 00:00:00, Sys 0 00:00:00  -  Run Local Usage
		Usr 0 00:01:56, Sys 0 00:00:41  -  Total Remote Usage
		Usr 0 00:00:00, Sys 0 00:00:00  -  Total Local Usage
	44895  -  Run Bytes Sent By Job
	533  -  Run Bytes Received By Job
	44895  -  Total Bytes Sent By Job
	533  -  Total Bytes Received By Job
	Partitionable Resources :    Usage  Request Allocated
	   Cpus                 :                 1         1
	   Disk (KB)            :       57  1024000   1026456
	   Memory (MB)          :      124     2000      2000
...
