000 (7115.000.000) 03/03 10:58:22 Job submitted from host: <128.101.221.180:9618?addrs=128.101.221.180-9618&noUDP&sock=3943_2604_3>
...
001 (7115.000.000) 03/03 10:58:40 Job executing on host: <128.101.221.192:9618?addrs=128.101.221.192-9618&noUDP&sock=3175794_1c7b_4>
...
006 (7115.000.000) 03/03 10:58:49 Image size of job updated: 220840
	152  -  MemoryUsage of job (MB)
	155624  -  ResidentSetSize of job (KB)
...
006 (7115.000.000) 03/03 11:03:38 Image size of job updated: 409980
	152  -  MemoryUsage of job (MB)
	155624  -  ResidentSetSize of job (KB)
...
005 (7115.000.000) 03/03 11:03:39 Job terminated.
	(1) Normal termination (return value 0)
		Usr 0 00:02:58, Sys 0 00:01:10  -  Run Remote Usage
		Usr 0 00:00:00, Sys 0 00:00:00  -  Run Local Usage
		Usr 0 00:02:58, Sys 0 00:01:10  -  Total Remote Usage
		Usr 0 00:00:00, Sys 0 00:00:00  -  Total Local Usage
	79481  -  Run Bytes Sent By Job
	533  -  Run Bytes Received By Job
	79481  -  Total Bytes Sent By Job
	533  -  Total Bytes Received By Job
	Partitionable Resources :    Usage  Request Allocated
	   Cpus                 :                 1         1
	   Disk (KB)            :       90  1024000   1028731
	   Memory (MB)          :      152     2000      2000
...
