000 (7090.000.000) 03/03 10:58:08 Job submitted from host: <128.101.221.180:9618?addrs=128.101.221.180-9618&noUDP&sock=3943_2604_3>
...
001 (7090.000.000) 03/03 10:58:24 Job executing on host: <128.101.220.160:9618?addrs=128.101.220.160-9618&noUDP&sock=254758_6069_4>
...
006 (7090.000.000) 03/03 10:58:33 Image size of job updated: 304896
	216  -  MemoryUsage of job (MB)
	220912  -  ResidentSetSize of job (KB)
...
006 (7090.000.000) 03/03 11:01:56 Image size of job updated: 424252
	216  -  MemoryUsage of job (MB)
	220912  -  ResidentSetSize of job (KB)
...
005 (7090.000.000) 03/03 11:01:57 Job terminated.
	(1) Normal termination (return value 0)
		Usr 0 00:02:01, Sys 0 00:00:44  -  Run Remote Usage
		Usr 0 00:00:00, Sys 0 00:00:00  -  Run Local Usage
		Usr 0 00:02:01, Sys 0 00:00:44  -  Total Remote Usage
		Usr 0 00:00:00, Sys 0 00:00:00  -  Total Local Usage
	71757  -  Run Bytes Sent By Job
	533  -  Run Bytes Received By Job
	71757  -  Total Bytes Sent By Job
	533  -  Total Bytes Received By Job
	Partitionable Resources :    Usage  Request Allocated
	   Cpus                 :                 1         1
	   Disk (KB)            :       83  1024000   1029322
	   Memory (MB)          :      216     2000      2000
...
