000 (7112.000.000) 03/03 10:58:20 Job submitted from host: <128.101.221.180:9618?addrs=128.101.221.180-9618&noUDP&sock=3943_2604_3>
...
001 (7112.000.000) 03/03 10:58:39 Job executing on host: <128.101.220.89:9618?addrs=128.101.220.89-9618&noUDP&sock=367686_9777_4>
...
006 (7112.000.000) 03/03 10:58:47 Image size of job updated: 263456
	183  -  MemoryUsage of job (MB)
	187100  -  ResidentSetSize of job (KB)
...
005 (7112.000.000) 03/03 11:00:49 Job terminated.
	(1) Normal termination (return value 0)
		Usr 0 00:01:17, Sys 0 00:00:28  -  Run Remote Usage
		Usr 0 00:00:00, Sys 0 00:00:00  -  Run Local Usage
		Usr 0 00:01:17, Sys 0 00:00:28  -  Total Remote Usage
		Usr 0 00:00:00, Sys 0 00:00:00  -  Total Local Usage
	50151  -  Run Bytes Sent By Job
	533  -  Run Bytes Received By Job
	50151  -  Total Bytes Sent By Job
	533  -  Total Bytes Received By Job
	Partitionable Resources :    Usage  Request Allocated
	   Cpus                 :                 1         1
	   Disk (KB)            :       62  1024000   1029900
	   Memory (MB)          :      183     2000      2000
...
