000 (7102.000.000) 03/03 10:58:14 Job submitted from host: <128.101.221.180:9618?addrs=128.101.221.180-9618&noUDP&sock=3943_2604_3>
...
001 (7102.000.000) 03/03 10:58:33 Job executing on host: <128.101.221.178:9618?addrs=128.101.221.178-9618&noUDP&sock=1886078_3590_4>
...
006 (7102.000.000) 03/03 10:58:42 Image size of job updated: 213432
	144  -  MemoryUsage of job (MB)
	146812  -  ResidentSetSize of job (KB)
...
005 (7102.000.000) 03/03 11:00:39 Job terminated.
	(1) Normal termination (return value 0)
		Usr 0 00:01:19, Sys 0 00:00:26  -  Run Remote Usage
		Usr 0 00:00:00, Sys 0 00:00:00  -  Run Local Usage
		Usr 0 00:01:19, Sys 0 00:00:26  -  Total Remote Usage
		Usr 0 00:00:00, Sys 0 00:00:00  -  Total Local Usage
	39337  -  Run Bytes Sent By Job
	533  -  Run Bytes Received By Job
	39337  -  Total Bytes Sent By Job
	533  -  Total Bytes Received By Job
	Partitionable Resources :    Usage  Request Allocated
	   Cpus                 :                 1         1
	   Disk (KB)            :       51  1024000   1026396
	   Memory (MB)          :      144     2000      2000
...
