000 (7116.000.000) 03/03 10:58:22 Job submitted from host: <128.101.221.180:9618?addrs=128.101.221.180-9618&noUDP&sock=3943_2604_3>
...
001 (7116.000.000) 03/03 10:58:40 Job executing on host: <128.101.221.186:9618?addrs=128.101.221.186-9618&noUDP&sock=3131318_464d_4>
...
006 (7116.000.000) 03/03 10:58:49 Image size of job updated: 247868
	172  -  MemoryUsage of job (MB)
	175912  -  ResidentSetSize of job (KB)
...
006 (7116.000.000) 03/03 11:02:35 Image size of job updated: 410276
	172  -  MemoryUsage of job (MB)
	175912  -  ResidentSetSize of job (KB)
...
005 (7116.000.000) 03/03 11:02:36 Job terminated.
	(1) Normal termination (return value 0)
		Usr 0 00:02:21, Sys 0 00:00:52  -  Run Remote Usage
		Usr 0 00:00:00, Sys 0 00:00:00  -  Run Local Usage
		Usr 0 00:02:21, Sys 0 00:00:52  -  Total Remote Usage
		Usr 0 00:00:00, Sys 0 00:00:00  -  Total Local Usage
	61408  -  Run Bytes Sent By Job
	533  -  Run Bytes Received By Job
	61408  -  Total Bytes Sent By Job
	533  -  Total Bytes Received By Job
	Partitionable Resources :    Usage  Request Allocated
	   Cpus                 :                 1         1
	   Disk (KB)            :       73  1024000   1027564
	   Memory (MB)          :      172     2000      2000
...
