000 (7087.000.000) 03/03 10:58:07 Job submitted from host: <128.101.221.180:9618?addrs=128.101.221.180-9618&noUDP&sock=3943_2604_3>
...
001 (7087.000.000) 03/03 10:58:22 Job executing on host: <128.101.220.109:9618?addrs=128.101.220.109-9618&noUDP&sock=438069_79b7_4>
...
006 (7087.000.000) 03/03 10:58:31 Image size of job updated: 259520
	178  -  MemoryUsage of job (MB)
	181748  -  ResidentSetSize of job (KB)
...
005 (7087.000.000) 03/03 11:00:50 Job terminated.
	(1) Normal termination (return value 0)
		Usr 0 00:01:26, Sys 0 00:00:30  -  Run Remote Usage
		Usr 0 00:00:00, Sys 0 00:00:00  -  Run Local Usage
		Usr 0 00:01:26, Sys 0 00:00:30  -  Total Remote Usage
		Usr 0 00:00:00, Sys 0 00:00:00  -  Total Local Usage
	55211  -  Run Bytes Sent By Job
	533  -  Run Bytes Received By Job
	55211  -  Total Bytes Sent By Job
	533  -  Total Bytes Received By Job
	Partitionable Resources :    Usage  Request Allocated
	   Cpus                 :                 1         1
	   Disk (KB)            :       67  1024000   1029428
	   Memory (MB)          :      178     2000      2000
...
