000 (7109.000.000) 03/03 10:58:18 Job submitted from host: <128.101.221.180:9618?addrs=128.101.221.180-9618&noUDP&sock=3943_2604_3>
...
001 (7109.000.000) 03/03 10:58:38 Job executing on host: <128.101.221.184:9618?addrs=128.101.221.184-9618&noUDP&sock=3941866_c8bc_4>
...
006 (7109.000.000) 03/03 10:58:47 Image size of job updated: 185452
	121  -  MemoryUsage of job (MB)
	123228  -  ResidentSetSize of job (KB)
...
005 (7109.000.000) 03/03 11:00:42 Job terminated.
	(1) Normal termination (return value 0)
		Usr 0 00:01:17, Sys 0 00:00:26  -  Run Remote Usage
		Usr 0 00:00:00, Sys 0 00:00:00  -  Run Local Usage
		Usr 0 00:01:17, Sys 0 00:00:26  -  Total Remote Usage
		Usr 0 00:00:00, Sys 0 00:00:00  -  Total Local Usage
	40438  -  Run Bytes Sent By Job
	533  -  Run Bytes Received By Job
	40438  -  Total Bytes Sent By Job
	533  -  Total Bytes Received By Job
	Partitionable Resources :    Usage  Request Allocated
	   Cpus                 :                 1         1
	   Disk (KB)            :       52  1024000   1027867
	   Memory (MB)          :      121     2000      2000
...
