000 (7070.000.000) 03/03 10:57:57 Job submitted from host: <128.101.221.180:9618?addrs=128.101.221.180-9618&noUDP&sock=3943_2604_3>
...
001 (7070.000.000) 03/03 10:58:16 Job executing on host: <128.101.221.184:9618?addrs=128.101.221.184-9618&noUDP&sock=3941866_c8bc_4>
...
006 (7070.000.000) 03/03 10:58:25 Image size of job updated: 237420
	161  -  MemoryUsage of job (MB)
	164252  -  ResidentSetSize of job (KB)
...
006 (7070.000.000) 03/03 11:02:34 Image size of job updated: 720816
	161  -  MemoryUsage of job (MB)
	164252  -  ResidentSetSize of job (KB)
...
005 (7070.000.000) 03/03 11:02:35 Job terminated.
	(1) Normal termination (return value 0)
		Usr 0 00:02:36, Sys 0 00:01:01  -  Run Remote Usage
		Usr 0 00:00:00, Sys 0 00:00:00  -  Run Local Usage
		Usr 0 00:02:36, Sys 0 00:01:01  -  Total Remote Usage
		Usr 0 00:00:00, Sys 0 00:00:00  -  Total Local Usage
	60519  -  Run Bytes Sent By Job
	533  -  Run Bytes Received By Job
	60519  -  Total Bytes Sent By Job
	533  -  Total Bytes Received By Job
	Partitionable Resources :    Usage  Request Allocated
	   Cpus                 :                 1         1
	   Disk (KB)            :       72  1024000   1027874
	   Memory (MB)          :      161     2000      2000
...
