000 (7079.000.000) 03/03 10:58:02 Job submitted from host: <128.101.221.180:9618?addrs=128.101.221.180-9618&noUDP&sock=3943_2604_3>
...
001 (7079.000.000) 03/03 10:58:26 Job executing on host: <128.101.220.49:9618?addrs=128.101.220.49-9618&noUDP&sock=280861_dd0b_4>
...
006 (7079.000.000) 03/03 10:58:35 Image size of job updated: 293228
	208  -  MemoryUsage of job (MB)
	212644  -  ResidentSetSize of job (KB)
...
006 (7079.000.000) 03/03 11:02:34 Image size of job updated: 720720
	208  -  MemoryUsage of job (MB)
	212644  -  ResidentSetSize of job (KB)
...
005 (7079.000.000) 03/03 11:02:35 Job terminated.
	(1) Normal termination (return value 0)
		Usr 0 00:01:32, Sys 0 00:00:35  -  Run Remote Usage
		Usr 0 00:00:00, Sys 0 00:00:00  -  Run Local Usage
		Usr 0 00:01:32, Sys 0 00:00:35  -  Total Remote Usage
		Usr 0 00:00:00, Sys 0 00:00:00  -  Total Local Usage
	60122  -  Run Bytes Sent By Job
	533  -  Run Bytes Received By Job
	60122  -  Total Bytes Sent By Job
	533  -  Total Bytes Received By Job
	Partitionable Resources :    Usage  Request Allocated
	   Cpus                 :                 1         1
	   Disk (KB)            :       71  1024000   1029701
	   Memory (MB)          :      208     2000      2000
...
