000 (7107.000.000) 03/03 10:58:17 Job submitted from host: <128.101.221.180:9618?addrs=128.101.221.180-9618&noUDP&sock=3943_2604_3>
...
001 (7107.000.000) 03/03 10:58:46 Job executing on host: <128.101.221.183:9618?addrs=128.101.221.183-9618&noUDP&sock=4185509_9de4_4>
...
006 (7107.000.000) 03/03 10:58:54 Image size of job updated: 217268
	148  -  MemoryUsage of job (MB)
	151200  -  ResidentSetSize of job (KB)
...
006 (7107.000.000) 03/03 11:03:54 Image size of job updated: 420132
	319  -  MemoryUsage of job (MB)
	326204  -  ResidentSetSize of job (KB)
...
006 (7107.000.000) 03/03 11:04:34 Image size of job updated: 420140
	319  -  MemoryUsage of job (MB)
	326204  -  ResidentSetSize of job (KB)
...
005 (7107.000.000) 03/03 11:04:35 Job terminated.
	(1) Normal termination (return value 0)
		Usr 0 00:03:32, Sys 0 00:01:23  -  Run Remote Usage
		Usr 0 00:00:00, Sys 0 00:00:00  -  Run Local Usage
		Usr 0 00:03:32, Sys 0 00:01:23  -  Total Remote Usage
		Usr 0 00:00:00, Sys 0 00:00:00  -  Total Local Usage
	97793  -  Run Bytes Sent By Job
	533  -  Run Bytes Received By Job
	97793  -  Total Bytes Sent By Job
	533  -  Total Bytes Received By Job
	Partitionable Resources :    Usage  Request Allocated
	   Cpus                 :                 1         1
	   Disk (KB)            :      108  1024000   1029910
	   Memory (MB)          :      319     2000      2000
...
