000 (7077.000.000) 03/03 10:58:01 Job submitted from host: <128.101.221.180:9618?addrs=128.101.221.180-9618&noUDP&sock=3943_2604_3>
...
001 (7077.000.000) 03/03 10:58:20 Job executing on host: <128.101.221.192:9618?addrs=128.101.221.192-9618&noUDP&sock=3175794_1c7b_4>
...
006 (7077.000.000) 03/03 10:58:29 Image size of job updated: 265612
	185  -  MemoryUsage of job (MB)
	189100  -  ResidentSetSize of job (KB)
...
005 (7077.000.000) 03/03 11:02:18 Job terminated.
	(1) Normal termination (return value 0)
		Usr 0 00:02:24, Sys 0 00:00:57  -  Run Remote Usage
		Usr 0 00:00:00, Sys 0 00:00:00  -  Run Local Usage
		Usr 0 00:02:24, Sys 0 00:00:57  -  Total Remote Usage
		Usr 0 00:00:00, Sys 0 00:00:00  -  Total Local Usage
	63835  -  Run Bytes Sent By Job
	533  -  Run Bytes Received By Job
	63835  -  Total Bytes Sent By Job
	533  -  Total Bytes Received By Job
	Partitionable Resources :    Usage  Request Allocated
	   Cpus                 :                 1         1
	   Disk (KB)            :       75  1024000   1028738
	   Memory (MB)          :      185     2000      2000
...
