000 (7118.000.000) 03/03 10:58:23 Job submitted from host: <128.101.221.180:9618?addrs=128.101.221.180-9618&noUDP&sock=3943_2604_3>
...
001 (7118.000.000) 03/03 10:58:40 Job executing on host: <128.101.220.49:9618?addrs=128.101.220.49-9618&noUDP&sock=280861_dd0b_4>
...
006 (7118.000.000) 03/03 10:58:49 Image size of job updated: 312516
	223  -  MemoryUsage of job (MB)
	227536  -  ResidentSetSize of job (KB)
...
005 (7118.000.000) 03/03 11:02:02 Job terminated.
	(1) Normal termination (return value 0)
		Usr 0 00:01:07, Sys 0 00:00:24  -  Run Remote Usage
		Usr 0 00:00:00, Sys 0 00:00:00  -  Run Local Usage
		Usr 0 00:01:07, Sys 0 00:00:24  -  Total Remote Usage
		Usr 0 00:00:00, Sys 0 00:00:00  -  Total Local Usage
	44646  -  Run Bytes Sent By Job
	533  -  Run Bytes Received By Job
	44646  -  Total Bytes Sent By Job
	533  -  Total Bytes Received By Job
	Partitionable Resources :    Usage  Request Allocated
	   Cpus                 :                 1         1
	   Disk (KB)            :       56  1024000   1029699
	   Memory (MB)          :      223     2000      2000
...
