000 (7076.000.000) 03/03 10:58:00 Job submitted from host: <128.101.221.180:9618?addrs=128.101.221.180-9618&noUDP&sock=3943_2604_3>
...
001 (7076.000.000) 03/03 10:58:18 Job executing on host: <128.101.221.191:9618?addrs=128.101.221.191-9618&noUDP&sock=3143621_1bfa_4>
...
006 (7076.000.000) 03/03 10:58:27 Image size of job updated: 294900
	207  -  MemoryUsage of job (MB)
	211408  -  ResidentSetSize of job (KB)
...
006 (7076.000.000) 03/03 11:01:22 Image size of job updated: 719396
	207  -  MemoryUsage of job (MB)
	211408  -  ResidentSetSize of job (KB)
...
005 (7076.000.000) 03/03 11:01:23 Job terminated.
	(1) Normal termination (return value 0)
		Usr 0 00:01:51, Sys 0 00:00:41  -  Run Remote Usage
		Usr 0 00:00:00, Sys 0 00:00:00  -  Run Local Usage
		Usr 0 00:01:51, Sys 0 00:00:41  -  Total Remote Usage
		Usr 0 00:00:00, Sys 0 00:00:00  -  Total Local Usage
	58271  -  Run Bytes Sent By Job
	533  -  Run Bytes Received By Job
	58271  -  Total Bytes Sent By Job
	533  -  Total Bytes Received By Job
	Partitionable Resources :    Usage  Request Allocated
	   Cpus                 :                 1         1
	   Disk (KB)            :       70  1024000   1029360
	   Memory (MB)          :      207     2000      2000
...
