000 (7068.000.000) 03/03 10:57:55 Job submitted from host: <128.101.221.180:9618?addrs=128.101.221.180-9618&noUDP&sock=3943_2604_3>
...
001 (7068.000.000) 03/03 10:58:16 Job executing on host: <128.101.221.183:9618?addrs=128.101.221.183-9618&noUDP&sock=4185509_9de4_4>
...
006 (7068.000.000) 03/03 10:58:25 Image size of job updated: 253372
	175  -  MemoryUsage of job (MB)
	178332  -  ResidentSetSize of job (KB)
...
005 (7068.000.000) 03/03 11:03:05 Job terminated.
	(1) Normal termination (return value 0)
		Usr 0 00:02:56, Sys 0 00:01:08  -  Run Remote Usage
		Usr 0 00:00:00, Sys 0 00:00:00  -  Run Local Usage
		Usr 0 00:02:56, Sys 0 00:01:08  -  Total Remote Usage
		Usr 0 00:00:00, Sys 0 00:00:00  -  Total Local Usage
	63632  -  Run Bytes Sent By Job
	533  -  Run Bytes Received By Job
	63632  -  Total Bytes Sent By Job
	533  -  Total Bytes Received By Job
	Partitionable Resources :    Usage  Request Allocated
	   Cpus                 :                 1         1
	   Disk (KB)            :       75  1024000   1029920
	   Memory (MB)          :      175     2000      2000
...
