000 (7072.000.000) 03/03 10:57:58 Job submitted from host: <128.101.221.180:9618?addrs=128.101.221.180-9618&noUDP&sock=3943_2604_3>
...
001 (7072.000.000) 03/03 10:58:18 Job executing on host: <128.101.221.187:9618?addrs=128.101.221.187-9618&noUDP&sock=3336463_ae6f_4>
...
006 (7072.000.000) 03/03 10:58:26 Image size of job updated: 252952
	171  -  MemoryUsage of job (MB)
	174532  -  ResidentSetSize of job (KB)
...
006 (7072.000.000) 03/03 11:02:02 Image size of job updated: 331088
	171  -  MemoryUsage of job (MB)
	174532  -  ResidentSetSize of job (KB)
...
005 (7072.000.000) 03/03 11:02:03 Job terminated.
	(1) Normal termination (return value 0)
		Usr 0 00:02:13, Sys 0 00:00:52  -  Run Remote Usage
		Usr 0 00:00:00, Sys 0 00:00:00  -  Run Local Usage
		Usr 0 00:02:13, Sys 0 00:00:52  -  Total Remote Usage
		Usr 0 00:00:00, Sys 0 00:00:00  -  Total Local Usage
	67816  -  Run Bytes Sent By Job
	533  -  Run Bytes Received By Job
	67816  -  Total Bytes Sent By Job
	533  -  Total Bytes Received By Job
	Partitionable Resources :    Usage  Request Allocated
	   Cpus                 :                 1         1
	   Disk (KB)            :       79  1024000   1028734
	   Memory (MB)          :      171     2000      2000
...
