000 (9333.000.000) 08/14 21:30:29 Job submitted from host: <128.101.221.176:9618?addrs=128.101.221.176-9618&noUDP&sock=11541_65e5_3>
...
001 (9333.000.000) 08/14 21:30:53 Job executing on host: <128.101.221.172:9618?addrs=128.101.221.172-9618&noUDP&sock=6995_385c_4>
...
006 (9333.000.000) 08/14 21:31:01 Image size of job updated: 8056
	8  -  MemoryUsage of job (MB)
	8040  -  ResidentSetSize of job (KB)
...
006 (9333.000.000) 08/14 21:36:01 Image size of job updated: 465540
	453  -  MemoryUsage of job (MB)
	463096  -  ResidentSetSize of job (KB)
...
006 (9333.000.000) 08/14 21:38:49 Image size of job updated: 511684
	453  -  MemoryUsage of job (MB)
	463096  -  ResidentSetSize of job (KB)
...
005 (9333.000.000) 08/14 21:38:50 Job terminated.
	(1) Normal termination (return value 0)
		Usr 0 00:02:33, Sys 0 00:02:18  -  Run Remote Usage
		Usr 0 00:00:00, Sys 0 00:00:00  -  Run Local Usage
		Usr 0 00:02:33, Sys 0 00:02:18  -  Total Remote Usage
		Usr 0 00:00:00, Sys 0 00:00:00  -  Total Local Usage
	24334  -  Run Bytes Sent By Job
	663  -  Run Bytes Received By Job
	24334  -  Total Bytes Sent By Job
	663  -  Total Bytes Received By Job
	Partitionable Resources :    Usage  Request Allocated
	   Cpus                 :                 1         1
	   Disk (KB)            :       36  1024000   8557370
	   Memory (MB)          :      453     2000      2000
...
