000 (9338.000.000) 08/14 21:30:31 Job submitted from host: <128.101.221.176:9618?addrs=128.101.221.176-9618&noUDP&sock=11541_65e5_3>
...
001 (9338.000.000) 08/14 21:30:55 Job executing on host: <128.101.221.170:9618?addrs=128.101.221.170-9618&noUDP&sock=11113_d35c_4>
...
006 (9338.000.000) 08/14 21:31:04 Image size of job updated: 15596
	6  -  MemoryUsage of job (MB)
	5384  -  ResidentSetSize of job (KB)
...
006 (9338.000.000) 08/14 21:36:04 Image size of job updated: 465516
	454  -  MemoryUsage of job (MB)
	464180  -  ResidentSetSize of job (KB)
...
006 (9338.000.000) 08/14 21:38:39 Image size of job updated: 892432
	454  -  MemoryUsage of job (MB)
	464180  -  ResidentSetSize of job (KB)
...
005 (9338.000.000) 08/14 21:38:40 Job terminated.
	(1) Normal termination (return value 0)
		Usr 0 00:02:22, Sys 0 00:02:00  -  Run Remote Usage
		Usr 0 00:00:00, Sys 0 00:00:00  -  Run Local Usage
		Usr 0 00:02:22, Sys 0 00:02:00  -  Total Remote Usage
		Usr 0 00:00:00, Sys 0 00:00:00  -  Total Local Usage
	24099  -  Run Bytes Sent By Job
	663  -  Run Bytes Received By Job
	24099  -  Total Bytes Sent By Job
	663  -  Total Bytes Received By Job
	Partitionable Resources :    Usage  Request Allocated
	   Cpus                 :                 1         1
	   Disk (KB)            :       35  1024000   1907944
	   Memory (MB)          :      454     2000      2000
...
