000 (9339.000.000) 08/14 21:30:31 Job submitted from host: <128.101.221.176:9618?addrs=128.101.221.176-9618&noUDP&sock=11541_65e5_3>
...
001 (9339.000.000) 08/14 21:30:55 Job executing on host: <128.101.221.183:9618?addrs=128.101.221.183-9618&noUDP&sock=11118_5e21_4>
...
006 (9339.000.000) 08/14 21:31:04 Image size of job updated: 17888
	7  -  MemoryUsage of job (MB)
	6712  -  ResidentSetSize of job (KB)
...
006 (9339.000.000) 08/14 21:36:04 Image size of job updated: 465300
	452  -  MemoryUsage of job (MB)
	462500  -  ResidentSetSize of job (KB)
...
005 (9339.000.000) 08/14 21:36:27 Job terminated.
	(1) Normal termination (return value 0)
		Usr 0 00:01:23, Sys 0 00:01:10  -  Run Remote Usage
		Usr 0 00:00:00, Sys 0 00:00:00  -  Run Local Usage
		Usr 0 00:01:23, Sys 0 00:01:10  -  Total Remote Usage
		Usr 0 00:00:00, Sys 0 00:00:00  -  Total Local Usage
	22942  -  Run Bytes Sent By Job
	663  -  Run Bytes Received By Job
	22942  -  Total Bytes Sent By Job
	663  -  Total Bytes Received By Job
	Partitionable Resources :    Usage  Request Allocated
	   Cpus                 :                 1         1
	   Disk (KB)            :       34  1024000   1126776
	   Memory (MB)          :      452     2000      2000
...
