000 (9337.000.000) 08/14 21:30:30 Job submitted from host: <128.101.221.176:9618?addrs=128.101.221.176-9618&noUDP&sock=11541_65e5_3>
...
001 (9337.000.000) 08/14 21:30:55 Job executing on host: <128.101.221.182:9618?addrs=128.101.221.182-9618&noUDP&sock=11505_5d98_4>
...
006 (9337.000.000) 08/14 21:31:05 Image size of job updated: 13432
	5  -  MemoryUsage of job (MB)
	5036  -  ResidentSetSize of job (KB)
...
006 (9337.000.000) 08/14 21:36:05 Image size of job updated: 467172
	454  -  MemoryUsage of job (MB)
	464008  -  ResidentSetSize of job (KB)
...
005 (9337.000.000) 08/14 21:36:20 Job terminated.
	(1) Normal termination (return value 0)
		Usr 0 00:01:29, Sys 0 00:01:15  -  Run Remote Usage
		Usr 0 00:00:00, Sys 0 00:00:00  -  Run Local Usage
		Usr 0 00:01:29, Sys 0 00:01:15  -  Total Remote Usage
		Usr 0 00:00:00, Sys 0 00:00:00  -  Total Local Usage
	23173  -  Run Bytes Sent By Job
	663  -  Run Bytes Received By Job
	23173  -  Total Bytes Sent By Job
	663  -  Total Bytes Received By Job
	Partitionable Resources :    Usage  Request Allocated
	   Cpus                 :                 1         1
	   Disk (KB)            :       34  1024000   1793480
	   Memory (MB)          :      454     2000      2000
...
