000 (9335.000.000) 08/14 21:30:30 Job submitted from host: <128.101.221.176:9618?addrs=128.101.221.176-9618&noUDP&sock=11541_65e5_3>
...
001 (9335.000.000) 08/14 21:30:53 Job executing on host: <128.101.221.181:9618?addrs=128.101.221.181-9618&noUDP&sock=11138_f93a_4>
...
006 (9335.000.000) 08/14 21:31:02 Image size of job updated: 12372
	5  -  MemoryUsage of job (MB)
	4904  -  ResidentSetSize of job (KB)
...
006 (9335.000.000) 08/14 21:36:03 Image size of job updated: 465232
	452  -  MemoryUsage of job (MB)
	462136  -  ResidentSetSize of job (KB)
...
006 (9335.000.000) 08/14 21:37:14 Image size of job updated: 878636
	452  -  MemoryUsage of job (MB)
	462136  -  ResidentSetSize of job (KB)
...
005 (9335.000.000) 08/14 21:37:15 Job terminated.
	(1) Normal termination (return value 0)
		Usr 0 00:01:48, Sys 0 00:01:38  -  Run Remote Usage
		Usr 0 00:00:00, Sys 0 00:00:00  -  Run Local Usage
		Usr 0 00:01:48, Sys 0 00:01:38  -  Total Remote Usage
		Usr 0 00:00:00, Sys 0 00:00:00  -  Total Local Usage
	23408  -  Run Bytes Sent By Job
	663  -  Run Bytes Received By Job
	23408  -  Total Bytes Sent By Job
	663  -  Total Bytes Received By Job
	Partitionable Resources :    Usage  Request Allocated
	   Cpus                 :                 1         1
	   Disk (KB)            :       35  1024000   1864666
	   Memory (MB)          :      452     2000      2000
...
