000 (9330.000.000) 08/14 21:30:28 Job submitted from host: <128.101.221.176:9618?addrs=128.101.221.176-9618&noUDP&sock=11541_65e5_3>
...
001 (9330.000.000) 08/14 21:30:50 Job executing on host: <128.101.221.188:9618?addrs=128.101.221.188-9618&noUDP&sock=11665_65e5_4>
...
006 (9330.000.000) 08/14 21:30:59 Image size of job updated: 37900
	26  -  MemoryUsage of job (MB)
	25904  -  ResidentSetSize of job (KB)
...
006 (9330.000.000) 08/14 21:36:00 Image size of job updated: 464028
	452  -  MemoryUsage of job (MB)
	462816  -  ResidentSetSize of job (KB)
...
006 (9330.000.000) 08/14 21:37:42 Image size of job updated: 847212
	452  -  MemoryUsage of job (MB)
	462816  -  ResidentSetSize of job (KB)
...
005 (9330.000.000) 08/14 21:37:43 Job terminated.
	(1) Normal termination (return value 0)
		Usr 0 00:02:00, Sys 0 00:01:57  -  Run Remote Usage
		Usr 0 00:00:00, Sys 0 00:00:00  -  Run Local Usage
		Usr 0 00:02:00, Sys 0 00:01:57  -  Total Remote Usage
		Usr 0 00:00:00, Sys 0 00:00:00  -  Total Local Usage
	23639  -  Run Bytes Sent By Job
	663  -  Run Bytes Received By Job
	23639  -  Total Bytes Sent By Job
	663  -  Total Bytes Received By Job
	Partitionable Resources :    Usage  Request Allocated
	   Cpus                 :                 1         1
	   Disk (KB)            :       35  1024000   1841020
	   Memory (MB)          :      452     2000      2000
...
