000 (9340.000.000) 08/14 21:30:31 Job submitted from host: <128.101.221.176:9618?addrs=128.101.221.176-9618&noUDP&sock=11541_65e5_3>
...
001 (9340.000.000) 08/14 21:30:50 Job executing on host: <128.101.221.192:9618?addrs=128.101.221.192-9618&noUDP&sock=11478_df06_4>
...
006 (9340.000.000) 08/14 21:30:59 Image size of job updated: 16300
	7  -  MemoryUsage of job (MB)
	6436  -  ResidentSetSize of job (KB)
...
006 (9340.000.000) 08/14 21:35:59 Image size of job updated: 467332
	454  -  MemoryUsage of job (MB)
	464784  -  ResidentSetSize of job (KB)
...
006 (9340.000.000) 08/14 21:37:54 Image size of job updated: 891876
	454  -  MemoryUsage of job (MB)
	464784  -  ResidentSetSize of job (KB)
...
005 (9340.000.000) 08/14 21:37:55 Job terminated.
	(1) Normal termination (return value 0)
		Usr 0 00:02:09, Sys 0 00:01:57  -  Run Remote Usage
		Usr 0 00:00:00, Sys 0 00:00:00  -  Run Local Usage
		Usr 0 00:02:09, Sys 0 00:01:57  -  Total Remote Usage
		Usr 0 00:00:00, Sys 0 00:00:00  -  Total Local Usage
	23869  -  Run Bytes Sent By Job
	663  -  Run Bytes Received By Job
	23869  -  Total Bytes Sent By Job
	663  -  Total Bytes Received By Job
	Partitionable Resources :    Usage  Request Allocated
	   Cpus                 :                 1         1
	   Disk (KB)            :       35  1024000   1916224
	   Memory (MB)          :      454     2000      2000
...
