000 (7223.000.000) 02/17 04:52:12 Job submitted from host: <128.101.221.181:9618?addrs=128.101.221.181-9618&noUDP&sock=2582719_fdba_3>
...
001 (7223.000.000) 02/17 04:54:20 Job executing on host: <128.101.220.84:9618?addrs=128.101.220.84-9618&noUDP&sock=231370_2768_4>
...
006 (7223.000.000) 02/17 04:54:29 Image size of job updated: 68200
	52  -  MemoryUsage of job (MB)
	52600  -  ResidentSetSize of job (KB)
...
005 (7223.000.000) 02/17 04:55:54 Job terminated.
	(1) Normal termination (return value 0)
		Usr 0 00:00:49, Sys 0 00:00:17  -  Run Remote Usage
		Usr 0 00:00:00, Sys 0 00:00:00  -  Run Local Usage
		Usr 0 00:00:49, Sys 0 00:00:17  -  Total Remote Usage
		Usr 0 00:00:00, Sys 0 00:00:00  -  Total Local Usage
	34902  -  Run Bytes Sent By Job
	517  -  Run Bytes Received By Job
	34902  -  Total Bytes Sent By Job
	517  -  Total Bytes Received By Job
	Partitionable Resources :    Usage  Request Allocated
	   Cpus                 :                 1         1
	   Disk (KB)            :       47  1024000   1030815
	   Memory (MB)          :       52     2000      2000
...
