000 (7231.000.000) 02/17 04:52:25 Job submitted from host: <128.101.221.181:9618?addrs=128.101.221.181-9618&noUDP&sock=2582719_fdba_3>
...
001 (7231.000.000) 02/17 04:55:18 Job executing on host: <128.101.221.182:9618?addrs=128.101.221.182-9618&noUDP&sock=3902_06a2_4>
...
006 (7231.000.000) 02/17 04:55:27 Image size of job updated: 248588
	171  -  MemoryUsage of job (MB)
	174508  -  ResidentSetSize of job (KB)
...
006 (7231.000.000) 02/17 04:57:08 Image size of job updated: 721336
	171  -  MemoryUsage of job (MB)
	174508  -  ResidentSetSize of job (KB)
...
005 (7231.000.000) 02/17 04:57:09 Job terminated.
	(1) Normal termination (return value 0)
		Usr 0 00:00:59, Sys 0 00:00:27  -  Run Remote Usage
		Usr 0 00:00:00, Sys 0 00:00:00  -  Run Local Usage
		Usr 0 00:00:59, Sys 0 00:00:27  -  Total Remote Usage
		Usr 0 00:00:00, Sys 0 00:00:00  -  Total Local Usage
	40596  -  Run Bytes Sent By Job
	517  -  Run Bytes Received By Job
	40596  -  Total Bytes Sent By Job
	517  -  Total Bytes Received By Job
	Partitionable Resources :    Usage  Request Allocated
	   Cpus                 :                 1         1
	   Disk (KB)            :       52  1024000   1024869
	   Memory (MB)          :      171     2000      2000
...
