000 (7206.000.000) 02/17 04:52:00 Job submitted from host: <128.101.221.181:9618?addrs=128.101.221.181-9618&noUDP&sock=2582719_fdba_3>
...
001 (7206.000.000) 02/17 04:52:16 Job executing on host: <128.101.221.182:9618?addrs=128.101.221.182-9618&noUDP&sock=3902_06a2_4>
...
006 (7206.000.000) 02/17 04:52:25 Image size of job updated: 46436
	42  -  MemoryUsage of job (MB)
	42692  -  ResidentSetSize of job (KB)
...
006 (7206.000.000) 02/17 04:57:25 Image size of job updated: 325372
	318  -  MemoryUsage of job (MB)
	325328  -  ResidentSetSize of job (KB)
...
005 (7206.000.000) 02/17 04:57:35 Job terminated.
	(1) Normal termination (return value 0)
		Usr 0 00:02:36, Sys 0 00:01:28  -  Run Remote Usage
		Usr 0 00:00:00, Sys 0 00:00:00  -  Run Local Usage
		Usr 0 00:02:36, Sys 0 00:01:28  -  Total Remote Usage
		Usr 0 00:00:00, Sys 0 00:00:00  -  Total Local Usage
	63332  -  Run Bytes Sent By Job
	517  -  Run Bytes Received By Job
	63332  -  Total Bytes Sent By Job
	517  -  Total Bytes Received By Job
	Partitionable Resources :    Usage  Request Allocated
	   Cpus                 :                 1         1
	   Disk (KB)            :       74  1024000   1024869
	   Memory (MB)          :      318     2000      2000
...
