000 (7217.000.000) 02/17 04:52:08 Job submitted from host: <128.101.221.181:9618?addrs=128.101.221.181-9618&noUDP&sock=2582719_fdba_3>
...
001 (7217.000.000) 02/17 04:52:21 Job executing on host: <128.101.221.193:9618?addrs=128.101.221.193-9618&noUDP&sock=2332108_b0a7_4>
...
006 (7217.000.000) 02/17 04:52:30 Image size of job updated: 60952
	42  -  MemoryUsage of job (MB)
	42948  -  ResidentSetSize of job (KB)
...
005 (7217.000.000) 02/17 04:56:02 Job terminated.
	(1) Normal termination (return value 0)
		Usr 0 00:01:20, Sys 0 00:01:22  -  Run Remote Usage
		Usr 0 00:00:00, Sys 0 00:00:00  -  Run Local Usage
		Usr 0 00:01:20, Sys 0 00:01:22  -  Total Remote Usage
		Usr 0 00:00:00, Sys 0 00:00:00  -  Total Local Usage
	56918  -  Run Bytes Sent By Job
	517  -  Run Bytes Received By Job
	56918  -  Total Bytes Sent By Job
	517  -  Total Bytes Received By Job
	Partitionable Resources :    Usage  Request Allocated
	   Cpus                 :                 1         1
	   Disk (KB)            :       68  1024000   1030471
	   Memory (MB)          :       42     2000      2000
...
