000 (7211.000.000) 02/17 04:52:03 Job submitted from host: <128.101.221.181:9618?addrs=128.101.221.181-9618&noUDP&sock=2582719_fdba_3>
...
001 (7211.000.000) 02/17 04:52:18 Job executing on host: <128.101.221.182:9618?addrs=128.101.221.182-9618&noUDP&sock=3902_06a2_4>
...
006 (7211.000.000) 02/17 04:52:27 Image size of job updated: 61836
	42  -  MemoryUsage of job (MB)
	42916  -  ResidentSetSize of job (KB)
...
006 (7211.000.000) 02/17 04:57:28 Image size of job updated: 324016
	317  -  MemoryUsage of job (MB)
	323780  -  ResidentSetSize of job (KB)
...
005 (7211.000.000) 02/17 04:57:45 Job terminated.
	(1) Normal termination (return value 0)
		Usr 0 00:02:39, Sys 0 00:01:31  -  Run Remote Usage
		Usr 0 00:00:00, Sys 0 00:00:00  -  Run Local Usage
		Usr 0 00:02:39, Sys 0 00:01:31  -  Total Remote Usage
		Usr 0 00:00:00, Sys 0 00:00:00  -  Total Local Usage
	73673  -  Run Bytes Sent By Job
	517  -  Run Bytes Received By Job
	73673  -  Total Bytes Sent By Job
	517  -  Total Bytes Received By Job
	Partitionable Resources :    Usage  Request Allocated
	   Cpus                 :                 1         1
	   Disk (KB)            :       85  1024000   1024869
	   Memory (MB)          :      317     2000      2000
...
