000 (7239.000.000) 02/17 04:52:34 Job submitted from host: <128.101.221.181:9618?addrs=128.101.221.181-9618&noUDP&sock=2582719_fdba_3>
...
001 (7239.000.000) 02/17 04:55:37 Job executing on host: <128.101.221.193:9618?addrs=128.101.221.193-9618&noUDP&sock=2332108_b0a7_4>
...
006 (7239.000.000) 02/17 04:55:45 Image size of job updated: 251972
	198  -  MemoryUsage of job (MB)
	202372  -  ResidentSetSize of job (KB)
...
006 (7239.000.000) 02/17 04:59:03 Image size of job updated: 719764
	198  -  MemoryUsage of job (MB)
	202372  -  ResidentSetSize of job (KB)
...
005 (7239.000.000) 02/17 04:59:04 Job terminated.
	(1) Normal termination (return value 0)
		Usr 0 00:01:19, Sys 0 00:01:15  -  Run Remote Usage
		Usr 0 00:00:00, Sys 0 00:00:00  -  Run Local Usage
		Usr 0 00:01:19, Sys 0 00:01:15  -  Total Remote Usage
		Usr 0 00:00:00, Sys 0 00:00:00  -  Total Local Usage
	55668  -  Run Bytes Sent By Job
	517  -  Run Bytes Received By Job
	55668  -  Total Bytes Sent By Job
	517  -  Total Bytes Received By Job
	Partitionable Resources :    Usage  Request Allocated
	   Cpus                 :                 1         1
	   Disk (KB)            :       67  1024000   1030474
	   Memory (MB)          :      198     2000      2000
...
