000 (7247.000.000) 02/17 04:52:39 Job submitted from host: <128.101.221.181:9618?addrs=128.101.221.181-9618&noUDP&sock=2582719_fdba_3>
...
001 (7247.000.000) 02/17 04:56:04 Job executing on host: <128.101.221.193:9618?addrs=128.101.221.193-9618&noUDP&sock=2332108_b0a7_4>
...
006 (7247.000.000) 02/17 04:56:12 Image size of job updated: 194816
	171  -  MemoryUsage of job (MB)
	174496  -  ResidentSetSize of job (KB)
...
005 (7247.000.000) 02/17 04:59:16 Job terminated.
	(1) Normal termination (return value 0)
		Usr 0 00:01:13, Sys 0 00:01:09  -  Run Remote Usage
		Usr 0 00:00:00, Sys 0 00:00:00  -  Run Local Usage
		Usr 0 00:01:13, Sys 0 00:01:09  -  Total Remote Usage
		Usr 0 00:00:00, Sys 0 00:00:00  -  Total Local Usage
	55995  -  Run Bytes Sent By Job
	517  -  Run Bytes Received By Job
	55995  -  Total Bytes Sent By Job
	517  -  Total Bytes Received By Job
	Partitionable Resources :    Usage  Request Allocated
	   Cpus                 :                 1         1
	   Disk (KB)            :       68  1024000   1030471
	   Memory (MB)          :      171     2000      2000
...
