000 (7259.000.000) 02/17 04:52:48 Job submitted from host: <128.101.221.181:9618?addrs=128.101.221.181-9618&noUDP&sock=2582719_fdba_3>
...
001 (7259.000.000) 02/17 04:56:27 Job executing on host: <128.101.221.192:9618?addrs=128.101.221.192-9618&noUDP&sock=3175794_1c7b_4>
...
006 (7259.000.000) 02/17 04:56:36 Image size of job updated: 271604
	189  -  MemoryUsage of job (MB)
	192796  -  ResidentSetSize of job (KB)
...
005 (7259.000.000) 02/17 04:58:43 Job terminated.
	(1) Normal termination (return value 0)
		Usr 0 00:01:09, Sys 0 00:00:38  -  Run Remote Usage
		Usr 0 00:00:00, Sys 0 00:00:00  -  Run Local Usage
		Usr 0 00:01:09, Sys 0 00:00:38  -  Total Remote Usage
		Usr 0 00:00:00, Sys 0 00:00:00  -  Total Local Usage
	39284  -  Run Bytes Sent By Job
	517  -  Run Bytes Received By Job
	39284  -  Total Bytes Sent By Job
	517  -  Total Bytes Received By Job
	Partitionable Resources :    Usage  Request Allocated
	   Cpus                 :                 1         1
	   Disk (KB)            :       51  1024000   1030988
	   Memory (MB)          :      189     2000      2000
...
