000 (7258.000.000) 02/17 04:52:47 Job submitted from host: <128.101.221.181:9618?addrs=128.101.221.181-9618&noUDP&sock=2582719_fdba_3>
...
001 (7258.000.000) 02/17 04:56:24 Job executing on host: <128.101.221.170:9618?addrs=128.101.221.170-9618&noUDP&sock=4150_221f_4>
...
006 (7258.000.000) 02/17 04:56:32 Image size of job updated: 253028
	176  -  MemoryUsage of job (MB)
	179604  -  ResidentSetSize of job (KB)
...
006 (7258.000.000) 02/17 05:00:00 Image size of job updated: 253028
	176  -  MemoryUsage of job (MB)
	179660  -  ResidentSetSize of job (KB)
...
005 (7258.000.000) 02/17 05:00:01 Job terminated.
	(1) Normal termination (return value 0)
		Usr 0 00:01:44, Sys 0 00:01:07  -  Run Remote Usage
		Usr 0 00:00:00, Sys 0 00:00:00  -  Run Local Usage
		Usr 0 00:01:44, Sys 0 00:01:07  -  Total Remote Usage
		Usr 0 00:00:00, Sys 0 00:00:00  -  Total Local Usage
	53133  -  Run Bytes Sent By Job
	517  -  Run Bytes Received By Job
	53133  -  Total Bytes Sent By Job
	517  -  Total Bytes Received By Job
	Partitionable Resources :    Usage  Request Allocated
	   Cpus                 :                 1         1
	   Disk (KB)            :       71  1024000   2040476
	   Memory (MB)          :      176     2000      2000
...
