000 (7238.000.000) 02/17 04:52:33 Job submitted from host: <128.101.221.181:9618?addrs=128.101.221.181-9618&noUDP&sock=2582719_fdba_3>
...
001 (7238.000.000) 02/17 04:55:34 Job executing on host: <128.101.221.170:9618?addrs=128.101.221.170-9618&noUDP&sock=4150_221f_4>
...
006 (7238.000.000) 02/17 04:55:42 Image size of job updated: 188108
	125  -  MemoryUsage of job (MB)
	127640  -  ResidentSetSize of job (KB)
...
006 (7238.000.000) 02/17 04:57:50 Image size of job updated: 722480
	125  -  MemoryUsage of job (MB)
	127692  -  ResidentSetSize of job (KB)
...
005 (7238.000.000) 02/17 04:57:51 Job terminated.
	(1) Normal termination (return value 0)
		Usr 0 00:01:09, Sys 0 00:00:42  -  Run Remote Usage
		Usr 0 00:00:00, Sys 0 00:00:00  -  Run Local Usage
		Usr 0 00:01:09, Sys 0 00:00:42  -  Total Remote Usage
		Usr 0 00:00:00, Sys 0 00:00:00  -  Total Local Usage
	43478  -  Run Bytes Sent By Job
	517  -  Run Bytes Received By Job
	43478  -  Total Bytes Sent By Job
	517  -  Total Bytes Received By Job
	Partitionable Resources :    Usage  Request Allocated
	   Cpus                 :                 1         1
	   Disk (KB)            :       62  1024000   2040476
	   Memory (MB)          :      125     2000      2000
...
