000 (7249.000.000) 02/17 04:52:41 Job submitted from host: <128.101.221.181:9618?addrs=128.101.221.181-9618&noUDP&sock=2582719_fdba_3>
...
001 (7249.000.000) 02/17 04:56:05 Job executing on host: <128.101.221.193:9618?addrs=128.101.221.193-9618&noUDP&sock=2332108_b0a7_4>
...
006 (7249.000.000) 02/17 04:56:14 Image size of job updated: 271744
	208  -  MemoryUsage of job (MB)
	212584  -  ResidentSetSize of job (KB)
...
005 (7249.000.000) 02/17 05:00:31 Job terminated.
	(1) Normal termination (return value 0)
		Usr 0 00:01:44, Sys 0 00:01:28  -  Run Remote Usage
		Usr 0 00:00:00, Sys 0 00:00:00  -  Run Local Usage
		Usr 0 00:01:44, Sys 0 00:01:28  -  Total Remote Usage
		Usr 0 00:00:00, Sys 0 00:00:00  -  Total Local Usage
	65551  -  Run Bytes Sent By Job
	517  -  Run Bytes Received By Job
	65551  -  Total Bytes Sent By Job
	517  -  Total Bytes Received By Job
	Partitionable Resources :    Usage  Request Allocated
	   Cpus                 :                 1         1
	   Disk (KB)            :       77  1024000   1030474
	   Memory (MB)          :      208     2000      2000
...
