000 (7218.000.000) 02/17 04:52:08 Job submitted from host: <128.101.221.181:9618?addrs=128.101.221.181-9618&noUDP&sock=2582719_fdba_3>
...
001 (7218.000.000) 02/17 04:52:21 Job executing on host: <128.101.221.192:9618?addrs=128.101.221.192-9618&noUDP&sock=3175794_1c7b_4>
...
006 (7218.000.000) 02/17 04:52:30 Image size of job updated: 81456
	43  -  MemoryUsage of job (MB)
	43160  -  ResidentSetSize of job (KB)
...
006 (7218.000.000) 02/17 04:55:53 Image size of job updated: 719316
	43  -  MemoryUsage of job (MB)
	43160  -  ResidentSetSize of job (KB)
...
005 (7218.000.000) 02/17 04:55:54 Job terminated.
	(1) Normal termination (return value 0)
		Usr 0 00:01:45, Sys 0 00:01:00  -  Run Remote Usage
		Usr 0 00:00:00, Sys 0 00:00:00  -  Run Local Usage
		Usr 0 00:01:45, Sys 0 00:01:00  -  Total Remote Usage
		Usr 0 00:00:00, Sys 0 00:00:00  -  Total Local Usage
	43276  -  Run Bytes Sent By Job
	517  -  Run Bytes Received By Job
	43276  -  Total Bytes Sent By Job
	517  -  Total Bytes Received By Job
	Partitionable Resources :    Usage  Request Allocated
	   Cpus                 :                 1         1
	   Disk (KB)            :       55  1024000   1030985
	   Memory (MB)          :       43     2000      2000
...
