000 (7242.000.000) 02/17 04:52:36 Job submitted from host: <128.101.221.181:9618?addrs=128.101.221.181-9618&noUDP&sock=2582719_fdba_3>
...
001 (7242.000.000) 02/17 04:55:49 Job executing on host: <128.101.221.192:9618?addrs=128.101.221.192-9618&noUDP&sock=3175794_1c7b_4>
...
006 (7242.000.000) 02/17 04:55:58 Image size of job updated: 220808
	195  -  MemoryUsage of job (MB)
	199368  -  ResidentSetSize of job (KB)
...
006 (7242.000.000) 02/17 04:59:24 Image size of job updated: 323304
	195  -  MemoryUsage of job (MB)
	199368  -  ResidentSetSize of job (KB)
...
005 (7242.000.000) 02/17 04:59:25 Job terminated.
	(1) Normal termination (return value 0)
		Usr 0 00:01:49, Sys 0 00:01:00  -  Run Remote Usage
		Usr 0 00:00:00, Sys 0 00:00:00  -  Run Local Usage
		Usr 0 00:01:49, Sys 0 00:01:00  -  Total Remote Usage
		Usr 0 00:00:00, Sys 0 00:00:00  -  Total Local Usage
	52296  -  Run Bytes Sent By Job
	517  -  Run Bytes Received By Job
	52296  -  Total Bytes Sent By Job
	517  -  Total Bytes Received By Job
	Partitionable Resources :    Usage  Request Allocated
	   Cpus                 :                 1         1
	   Disk (KB)            :       64  1024000   1030988
	   Memory (MB)          :      195     2000      2000
...
