000 (7252.000.000) 02/17 04:52:43 Job submitted from host: <128.101.221.181:9618?addrs=128.101.221.181-9618&noUDP&sock=2582719_fdba_3>
...
001 (7252.000.000) 02/17 04:56:08 Job executing on host: <128.101.220.89:9618?addrs=128.101.220.89-9618&noUDP&sock=367686_9777_4>
...
006 (7252.000.000) 02/17 04:56:16 Image size of job updated: 16620
	7  -  MemoryUsage of job (MB)
	6192  -  ResidentSetSize of job (KB)
...
006 (7252.000.000) 02/17 05:00:05 Image size of job updated: 424124
	7  -  MemoryUsage of job (MB)
	6192  -  ResidentSetSize of job (KB)
...
005 (7252.000.000) 02/17 05:00:06 Job terminated.
	(1) Normal termination (return value 0)
		Usr 0 00:01:55, Sys 0 00:00:41  -  Run Remote Usage
		Usr 0 00:00:00, Sys 0 00:00:00  -  Run Local Usage
		Usr 0 00:01:55, Sys 0 00:00:41  -  Total Remote Usage
		Usr 0 00:00:00, Sys 0 00:00:00  -  Total Local Usage
	63345  -  Run Bytes Sent By Job
	517  -  Run Bytes Received By Job
	63345  -  Total Bytes Sent By Job
	517  -  Total Bytes Received By Job
	Partitionable Resources :    Usage  Request Allocated
	   Cpus                 :                 1         1
	   Disk (KB)            :       75  1024000   1030384
	   Memory (MB)          :        7     2000      2000
...
