000 (7255.000.000) 02/17 04:52:45 Job submitted from host: <128.101.221.181:9618?addrs=128.101.221.181-9618&noUDP&sock=2582719_fdba_3>
...
001 (7255.000.000) 02/17 04:56:18 Job executing on host: <128.101.220.84:9618?addrs=128.101.220.84-9618&noUDP&sock=231370_2768_4>
...
006 (7255.000.000) 02/17 04:56:26 Image size of job updated: 266932
	186  -  MemoryUsage of job (MB)
	190332  -  ResidentSetSize of job (KB)
...
005 (7255.000.000) 02/17 05:00:09 Job terminated.
	(1) Normal termination (return value 0)
		Usr 0 00:02:07, Sys 0 00:00:52  -  Run Remote Usage
		Usr 0 00:00:00, Sys 0 00:00:00  -  Run Local Usage
		Usr 0 00:02:07, Sys 0 00:00:52  -  Total Remote Usage
		Usr 0 00:00:00, Sys 0 00:00:00  -  Total Local Usage
	58257  -  Run Bytes Sent By Job
	517  -  Run Bytes Received By Job
	58257  -  Total Bytes Sent By Job
	517  -  Total Bytes Received By Job
	Partitionable Resources :    Usage  Request Allocated
	   Cpus                 :                 1         1
	   Disk (KB)            :       70  1024000   1030814
	   Memory (MB)          :      186     2000      2000
...
