000 (7256.000.000) 02/17 04:52:46 Job submitted from host: <128.101.221.181:9618?addrs=128.101.221.181-9618&noUDP&sock=2582719_fdba_3>
...
001 (7256.000.000) 02/17 04:56:21 Job executing on host: <128.101.221.193:9618?addrs=128.101.221.193-9618&noUDP&sock=2332108_b0a7_4>
...
006 (7256.000.000) 02/17 04:56:29 Image size of job updated: 228720
	215  -  MemoryUsage of job (MB)
	219316  -  ResidentSetSize of job (KB)
...
006 (7256.000.000) 02/17 05:00:43 Image size of job updated: 334624
	215  -  MemoryUsage of job (MB)
	219316  -  ResidentSetSize of job (KB)
...
005 (7256.000.000) 02/17 05:00:44 Job terminated.
	(1) Normal termination (return value 0)
		Usr 0 00:01:39, Sys 0 00:01:27  -  Run Remote Usage
		Usr 0 00:00:00, Sys 0 00:00:00  -  Run Local Usage
		Usr 0 00:01:39, Sys 0 00:01:27  -  Total Remote Usage
		Usr 0 00:00:00, Sys 0 00:00:00  -  Total Local Usage
	65950  -  Run Bytes Sent By Job
	517  -  Run Bytes Received By Job
	65950  -  Total Bytes Sent By Job
	517  -  Total Bytes Received By Job
	Partitionable Resources :    Usage  Request Allocated
	   Cpus                 :                 1         1
	   Disk (KB)            :       77  1024000   1030475
	   Memory (MB)          :      215     2000      2000
...
