000 (7245.000.000) 02/17 04:52:38 Job submitted from host: <128.101.221.181:9618?addrs=128.101.221.181-9618&noUDP&sock=2582719_fdba_3>
...
001 (7245.000.000) 02/17 04:55:55 Job executing on host: <128.101.221.192:9618?addrs=128.101.221.192-9618&noUDP&sock=3175794_1c7b_4>
...
006 (7245.000.000) 02/17 04:56:04 Image size of job updated: 244792
	185  -  MemoryUsage of job (MB)
	189296  -  ResidentSetSize of job (KB)
...
006 (7245.000.000) 02/17 05:01:01 Image size of job updated: 325420
	185  -  MemoryUsage of job (MB)
	189296  -  ResidentSetSize of job (KB)
...
005 (7245.000.000) 02/17 05:01:02 Job terminated.
	(1) Normal termination (return value 0)
		Usr 0 00:02:36, Sys 0 00:01:21  -  Run Remote Usage
		Usr 0 00:00:00, Sys 0 00:00:00  -  Run Local Usage
		Usr 0 00:02:36, Sys 0 00:01:21  -  Total Remote Usage
		Usr 0 00:00:00, Sys 0 00:00:00  -  Total Local Usage
	69063  -  Run Bytes Sent By Job
	517  -  Run Bytes Received By Job
	69063  -  Total Bytes Sent By Job
	517  -  Total Bytes Received By Job
	Partitionable Resources :    Usage  Request Allocated
	   Cpus                 :                 1         1
	   Disk (KB)            :       80  1024000   1030985
	   Memory (MB)          :      185     2000      2000
...
