000 (7205.000.000) 02/17 04:51:59 Job submitted from host: <128.101.221.181:9618?addrs=128.101.221.181-9618&noUDP&sock=2582719_fdba_3>
...
001 (7205.000.000) 02/17 04:52:16 Job executing on host: <128.101.221.170:9618?addrs=128.101.221.170-9618&noUDP&sock=4150_221f_4>
...
006 (7205.000.000) 02/17 04:52:25 Image size of job updated: 43908
	42  -  MemoryUsage of job (MB)
	42716  -  ResidentSetSize of job (KB)
...
006 (7205.000.000) 02/17 04:57:22 Image size of job updated: 323768
	42  -  MemoryUsage of job (MB)
	42716  -  ResidentSetSize of job (KB)
...
005 (7205.000.000) 02/17 04:57:23 Job terminated.
	(1) Normal termination (return value 0)
		Usr 0 00:02:13, Sys 0 00:01:45  -  Run Remote Usage
		Usr 0 00:00:00, Sys 0 00:00:00  -  Run Local Usage
		Usr 0 00:02:13, Sys 0 00:01:45  -  Total Remote Usage
		Usr 0 00:00:00, Sys 0 00:00:00  -  Total Local Usage
	60931  -  Run Bytes Sent By Job
	517  -  Run Bytes Received By Job
	60931  -  Total Bytes Sent By Job
	517  -  Total Bytes Received By Job
	Partitionable Resources :    Usage  Request Allocated
	   Cpus                 :                 1         1
	   Disk (KB)            :       79  1024000   2040476
	   Memory (MB)          :       42     2000      2000
...
