000 (9119.000.000) 03/29 08:44:37 Job submitted from host: <128.101.221.180:9618?addrs=128.101.221.180-9618&noUDP&sock=3943_2604_3>
...
001 (9119.000.000) 03/29 09:34:57 Job executing on host: <128.101.221.182:9618?addrs=128.101.221.182-9618&noUDP&sock=3902_06a2_4>
...
006 (9119.000.000) 03/29 09:35:05 Image size of job updated: 238940
	164  -  MemoryUsage of job (MB)
	167916  -  ResidentSetSize of job (KB)
...
006 (9119.000.000) 03/29 09:40:05 Image size of job updated: 330504
	323  -  MemoryUsage of job (MB)
	330244  -  ResidentSetSize of job (KB)
...
005 (9119.000.000) 03/29 09:43:10 Job terminated.
	(1) Normal termination (return value 0)
		Usr 0 00:04:53, Sys 0 00:02:21  -  Run Remote Usage
		Usr 0 00:00:00, Sys 0 00:00:00  -  Run Local Usage
		Usr 0 00:04:53, Sys 0 00:02:21  -  Total Remote Usage
		Usr 0 00:00:00, Sys 0 00:00:00  -  Total Local Usage
	90328  -  Run Bytes Sent By Job
	531  -  Run Bytes Received By Job
	90328  -  Total Bytes Sent By Job
	531  -  Total Bytes Received By Job
	Partitionable Resources :    Usage  Request Allocated
	   Cpus                 :                 1         1
	   Disk (KB)            :      101  1024000   2046568
	   Memory (MB)          :      323     2000      2000
...
