000 (9128.000.000) 03/29 08:44:42 Job submitted from host: <128.101.221.180:9618?addrs=128.101.221.180-9618&noUDP&sock=3943_2604_3>
...
001 (9128.000.000) 03/29 09:38:44 Job executing on host: <128.101.221.175:9618?addrs=128.101.221.175-9618&noUDP&sock=12916_e152_4>
...
006 (9128.000.000) 03/29 09:38:53 Image size of job updated: 275796
	195  -  MemoryUsage of job (MB)
	198788  -  ResidentSetSize of job (KB)
...
006 (9128.000.000) 03/29 09:43:54 Image size of job updated: 329996
	322  -  MemoryUsage of job (MB)
	329676  -  ResidentSetSize of job (KB)
...
006 (9128.000.000) 03/29 09:48:55 Image size of job updated: 332440
	325  -  MemoryUsage of job (MB)
	332412  -  ResidentSetSize of job (KB)
...
005 (9128.000.000) 03/29 09:51:21 Job terminated.
	(1) Normal termination (return value 0)
		Usr 0 00:06:07, Sys 0 00:03:24  -  Run Remote Usage
		Usr 0 00:00:00, Sys 0 00:00:00  -  Run Local Usage
		Usr 0 00:06:07, Sys 0 00:03:24  -  Total Remote Usage
		Usr 0 00:00:00, Sys 0 00:00:00  -  Total Local Usage
	81539  -  Run Bytes Sent By Job
	531  -  Run Bytes Received By Job
	81539  -  Total Bytes Sent By Job
	531  -  Total Bytes Received By Job
	Partitionable Resources :    Usage  Request Allocated
	   Cpus                 :                 1         1
	   Disk (KB)            :       93  1024000   1931238
	   Memory (MB)          :      325     2000      2000
...
