000 (9124.000.000) 03/29 08:44:40 Job submitted from host: <128.101.221.180:9618?addrs=128.101.221.180-9618&noUDP&sock=3943_2604_3>
...
001 (9124.000.000) 03/29 09:36:34 Job executing on host: <128.101.221.182:9618?addrs=128.101.221.182-9618&noUDP&sock=3902_06a2_4>
...
006 (9124.000.000) 03/29 09:36:43 Image size of job updated: 197152
	162  -  MemoryUsage of job (MB)
	165260  -  ResidentSetSize of job (KB)
...
005 (9124.000.000) 03/29 09:41:37 Job terminated.
	(1) Normal termination (return value 0)
		Usr 0 00:02:58, Sys 0 00:01:24  -  Run Remote Usage
		Usr 0 00:00:00, Sys 0 00:00:00  -  Run Local Usage
		Usr 0 00:02:58, Sys 0 00:01:24  -  Total Remote Usage
		Usr 0 00:00:00, Sys 0 00:00:00  -  Total Local Usage
	75123  -  Run Bytes Sent By Job
	531  -  Run Bytes Received By Job
	75123  -  Total Bytes Sent By Job
	531  -  Total Bytes Received By Job
	Partitionable Resources :    Usage  Request Allocated
	   Cpus                 :                 1         1
	   Disk (KB)            :       86  1024000   2046532
	   Memory (MB)          :      162     2000      2000
...
