000 (9133.000.000) 03/29 08:44:45 Job submitted from host: <128.101.221.180:9618?addrs=128.101.221.180-9618&noUDP&sock=3943_2604_3>
...
001 (9133.000.000) 03/29 09:39:57 Job executing on host: <128.101.220.49:9618?addrs=128.101.220.49-9618&noUDP&sock=280861_dd0b_4>
...
006 (9133.000.000) 03/29 09:40:05 Image size of job updated: 253332
	174  -  MemoryUsage of job (MB)
	177216  -  ResidentSetSize of job (KB)
...
006 (9133.000.000) 03/29 09:45:05 Image size of job updated: 427292
	324  -  MemoryUsage of job (MB)
	331216  -  ResidentSetSize of job (KB)
...
006 (9133.000.000) 03/29 09:46:52 Image size of job updated: 730388
	324  -  MemoryUsage of job (MB)
	331216  -  ResidentSetSize of job (KB)
...
005 (9133.000.000) 03/29 09:46:53 Job terminated.
	(1) Normal termination (return value 0)
		Usr 0 00:04:17, Sys 0 00:01:25  -  Run Remote Usage
		Usr 0 00:00:00, Sys 0 00:00:00  -  Run Local Usage
		Usr 0 00:04:17, Sys 0 00:01:25  -  Total Remote Usage
		Usr 0 00:00:00, Sys 0 00:00:00  -  Total Local Usage
	78700  -  Run Bytes Sent By Job
	531  -  Run Bytes Received By Job
	78700  -  Total Bytes Sent By Job
	531  -  Total Bytes Received By Job
	Partitionable Resources :    Usage  Request Allocated
	   Cpus                 :                 1         1
	   Disk (KB)            :       90  1024000   1028619
	   Memory (MB)          :      324     2000      2000
...
