000 (9121.000.000) 03/29 08:44:38 Job submitted from host: <128.101.221.180:9618?addrs=128.101.221.180-9618&noUDP&sock=3943_2604_3>
...
001 (9121.000.000) 03/29 09:35:52 Job executing on host: <128.101.221.182:9618?addrs=128.101.221.182-9618&noUDP&sock=3902_06a2_4>
...
006 (9121.000.000) 03/29 09:36:00 Image size of job updated: 241260
	166  -  MemoryUsage of job (MB)
	169596  -  ResidentSetSize of job (KB)
...
006 (9121.000.000) 03/29 09:41:00 Image size of job updated: 331400
	324  -  MemoryUsage of job (MB)
	331172  -  ResidentSetSize of job (KB)
...
006 (9121.000.000) 03/29 09:41:29 Image size of job updated: 730148
	324  -  MemoryUsage of job (MB)
	331172  -  ResidentSetSize of job (KB)
...
005 (9121.000.000) 03/29 09:41:30 Job terminated.
	(1) Normal termination (return value 0)
		Usr 0 00:03:21, Sys 0 00:01:35  -  Run Remote Usage
		Usr 0 00:00:00, Sys 0 00:00:00  -  Run Local Usage
		Usr 0 00:03:21, Sys 0 00:01:35  -  Total Remote Usage
		Usr 0 00:00:00, Sys 0 00:00:00  -  Total Local Usage
	84944  -  Run Bytes Sent By Job
	531  -  Run Bytes Received By Job
	84944  -  Total Bytes Sent By Job
	531  -  Total Bytes Received By Job
	Partitionable Resources :    Usage  Request Allocated
	   Cpus                 :                 1         1
	   Disk (KB)            :       96  1024000   2046534
	   Memory (MB)          :      324     2000      2000
...
