000 (9116.000.000) 03/29 08:44:36 Job submitted from host: <128.101.221.180:9618?addrs=128.101.221.180-9618&noUDP&sock=3943_2604_3>
...
001 (9116.000.000) 03/29 09:33:43 Job executing on host: <128.101.221.176:9618?addrs=128.101.221.176-9618&noUDP&sock=2756849_b007_4>
...
006 (9116.000.000) 03/29 09:33:52 Image size of job updated: 248328
	170  -  MemoryUsage of job (MB)
	173908  -  ResidentSetSize of job (KB)
...
006 (9116.000.000) 03/29 09:38:53 Image size of job updated: 333692
	324  -  MemoryUsage of job (MB)
	331692  -  ResidentSetSize of job (KB)
...
005 (9116.000.000) 03/29 09:42:52 Job terminated.
	(1) Normal termination (return value 0)
		Usr 0 00:06:08, Sys 0 00:02:03  -  Run Remote Usage
		Usr 0 00:00:00, Sys 0 00:00:00  -  Run Local Usage
		Usr 0 00:06:08, Sys 0 00:02:03  -  Total Remote Usage
		Usr 0 00:00:00, Sys 0 00:00:00  -  Total Local Usage
	95042  -  Run Bytes Sent By Job
	531  -  Run Bytes Received By Job
	95042  -  Total Bytes Sent By Job
	531  -  Total Bytes Received By Job
	Partitionable Resources :    Usage  Request Allocated
	   Cpus                 :                 1         1
	   Disk (KB)            :      106  1024000   1026384
	   Memory (MB)          :      324     2000      2000
...
