000 (9132.000.000) 03/29 08:44:44 Job submitted from host: <128.101.221.180:9618?addrs=128.101.221.180-9618&noUDP&sock=3943_2604_3>
...
001 (9132.000.000) 03/29 09:39:56 Job executing on host: <128.101.221.175:9618?addrs=128.101.221.175-9618&noUDP&sock=12916_e152_4>
...
006 (9132.000.000) 03/29 09:40:04 Image size of job updated: 201640
	137  -  MemoryUsage of job (MB)
	139524  -  ResidentSetSize of job (KB)
...
006 (9132.000.000) 03/29 09:45:04 Image size of job updated: 329256
	322  -  MemoryUsage of job (MB)
	329132  -  ResidentSetSize of job (KB)
...
006 (9132.000.000) 03/29 09:50:05 Image size of job updated: 331860
	324  -  MemoryUsage of job (MB)
	331432  -  ResidentSetSize of job (KB)
...
005 (9132.000.000) 03/29 09:50:34 Job terminated.
	(1) Normal termination (return value 0)
		Usr 0 00:06:05, Sys 0 00:03:20  -  Run Remote Usage
		Usr 0 00:00:00, Sys 0 00:00:00  -  Run Local Usage
		Usr 0 00:06:05, Sys 0 00:03:20  -  Total Remote Usage
		Usr 0 00:00:00, Sys 0 00:00:00  -  Total Local Usage
	85073  -  Run Bytes Sent By Job
	531  -  Run Bytes Received By Job
	85073  -  Total Bytes Sent By Job
	531  -  Total Bytes Received By Job
	Partitionable Resources :    Usage  Request Allocated
	   Cpus                 :                 1         1
	   Disk (KB)            :       96  1024000   1931238
	   Memory (MB)          :      324     2000      2000
...
