000 (9123.000.000) 03/29 08:44:39 Job submitted from host: <128.101.221.180:9618?addrs=128.101.221.180-9618&noUDP&sock=3943_2604_3>
...
001 (9123.000.000) 03/29 09:36:15 Job executing on host: <128.101.221.175:9618?addrs=128.101.221.175-9618&noUDP&sock=12916_e152_4>
...
006 (9123.000.000) 03/29 09:36:24 Image size of job updated: 251516
	174  -  MemoryUsage of job (MB)
	177352  -  ResidentSetSize of job (KB)
...
006 (9123.000.000) 03/29 09:41:25 Image size of job updated: 329612
	322  -  MemoryUsage of job (MB)
	329436  -  ResidentSetSize of job (KB)
...
005 (9123.000.000) 03/29 09:44:50 Job terminated.
	(1) Normal termination (return value 0)
		Usr 0 00:04:52, Sys 0 00:02:38  -  Run Remote Usage
		Usr 0 00:00:00, Sys 0 00:00:00  -  Run Local Usage
		Usr 0 00:04:52, Sys 0 00:02:38  -  Total Remote Usage
		Usr 0 00:00:00, Sys 0 00:00:00  -  Total Local Usage
	72408  -  Run Bytes Sent By Job
	531  -  Run Bytes Received By Job
	72408  -  Total Bytes Sent By Job
	531  -  Total Bytes Received By Job
	Partitionable Resources :    Usage  Request Allocated
	   Cpus                 :                 1         1
	   Disk (KB)            :       83  1024000   1931230
	   Memory (MB)          :      322     2000      2000
...
