000 (9131.000.000) 03/29 08:44:43 Job submitted from host: <128.101.221.180:9618?addrs=128.101.221.180-9618&noUDP&sock=3943_2604_3>
...
001 (9131.000.000) 03/29 09:39:26 Job executing on host: <128.101.220.50:9618?addrs=128.101.220.50-9618&noUDP&sock=258564_f9de_4>
...
006 (9131.000.000) 03/29 09:39:34 Image size of job updated: 186780
	123  -  MemoryUsage of job (MB)
	124940  -  ResidentSetSize of job (KB)
...
006 (9131.000.000) 03/29 09:44:34 Image size of job updated: 428896
	325  -  MemoryUsage of job (MB)
	332304  -  ResidentSetSize of job (KB)
...
006 (9131.000.000) 03/29 09:45:46 Image size of job updated: 730776
	325  -  MemoryUsage of job (MB)
	332304  -  ResidentSetSize of job (KB)
...
005 (9131.000.000) 03/29 09:45:47 Job terminated.
	(1) Normal termination (return value 0)
		Usr 0 00:03:55, Sys 0 00:01:17  -  Run Remote Usage
		Usr 0 00:00:00, Sys 0 00:00:00  -  Run Local Usage
		Usr 0 00:03:55, Sys 0 00:01:17  -  Total Remote Usage
		Usr 0 00:00:00, Sys 0 00:00:00  -  Total Local Usage
	83887  -  Run Bytes Sent By Job
	531  -  Run Bytes Received By Job
	83887  -  Total Bytes Sent By Job
	531  -  Total Bytes Received By Job
	Partitionable Resources :    Usage  Request Allocated
	   Cpus                 :                 1         1
	   Disk (KB)            :       95  1024000   1028023
	   Memory (MB)          :      325     2000      2000
...
