000 (9117.000.000) 03/29 08:44:36 Job submitted from host: <128.101.221.180:9618?addrs=128.101.221.180-9618&noUDP&sock=3943_2604_3>
...
001 (9117.000.000) 03/29 09:34:17 Job executing on host: <128.101.221.175:9618?addrs=128.101.221.175-9618&noUDP&sock=12916_e152_4>
...
006 (9117.000.000) 03/29 09:34:26 Image size of job updated: 257848
	178  -  MemoryUsage of job (MB)
	181592  -  ResidentSetSize of job (KB)
...
006 (9117.000.000) 03/29 09:39:27 Image size of job updated: 332356
	325  -  MemoryUsage of job (MB)
	332064  -  ResidentSetSize of job (KB)
...
005 (9117.000.000) 03/29 09:41:14 Job terminated.
	(1) Normal termination (return value 0)
		Usr 0 00:04:01, Sys 0 00:02:13  -  Run Remote Usage
		Usr 0 00:00:00, Sys 0 00:00:00  -  Run Local Usage
		Usr 0 00:04:01, Sys 0 00:02:13  -  Total Remote Usage
		Usr 0 00:00:00, Sys 0 00:00:00  -  Total Local Usage
	85886  -  Run Bytes Sent By Job
	531  -  Run Bytes Received By Job
	85886  -  Total Bytes Sent By Job
	531  -  Total Bytes Received By Job
	Partitionable Resources :    Usage  Request Allocated
	   Cpus                 :                 1         1
	   Disk (KB)            :       97  1024000   1931238
	   Memory (MB)          :      325     2000      2000
...
