000 (9126.000.000) 03/29 08:44:41 Job submitted from host: <128.101.221.180:9618?addrs=128.101.221.180-9618&noUDP&sock=3943_2604_3>
...
001 (9126.000.000) 03/29 09:36:56 Job executing on host: <128.101.221.186:9618?addrs=128.101.221.186-9618&noUDP&sock=3131318_464d_4>
...
006 (9126.000.000) 03/29 09:37:04 Image size of job updated: 175020
	111  -  MemoryUsage of job (MB)
	113184  -  ResidentSetSize of job (KB)
...
006 (9126.000.000) 03/29 09:42:04 Image size of job updated: 427692
	324  -  MemoryUsage of job (MB)
	331092  -  ResidentSetSize of job (KB)
...
006 (9126.000.000) 03/29 09:44:51 Image size of job updated: 427840
	324  -  MemoryUsage of job (MB)
	331092  -  ResidentSetSize of job (KB)
...
005 (9126.000.000) 03/29 09:44:52 Job terminated.
	(1) Normal termination (return value 0)
		Usr 0 00:04:57, Sys 0 00:01:35  -  Run Remote Usage
		Usr 0 00:00:00, Sys 0 00:00:00  -  Run Local Usage
		Usr 0 00:04:57, Sys 0 00:01:35  -  Total Remote Usage
		Usr 0 00:00:00, Sys 0 00:00:00  -  Total Local Usage
	74437  -  Run Bytes Sent By Job
	531  -  Run Bytes Received By Job
	74437  -  Total Bytes Sent By Job
	531  -  Total Bytes Received By Job
	Partitionable Resources :    Usage  Request Allocated
	   Cpus                 :                 1         1
	   Disk (KB)            :       85  1024000   1027070
	   Memory (MB)          :      324     2000      2000
...
