000 (9129.000.000) 03/29 08:44:42 Job submitted from host: <128.101.221.180:9618?addrs=128.101.221.180-9618&noUDP&sock=3943_2604_3>
...
001 (9129.000.000) 03/29 09:39:06 Job executing on host: <128.101.221.175:9618?addrs=128.101.221.175-9618&noUDP&sock=12916_e152_4>
...
006 (9129.000.000) 03/29 09:39:15 Image size of job updated: 220052
	184  -  MemoryUsage of job (MB)
	187596  -  ResidentSetSize of job (KB)
...
006 (9129.000.000) 03/29 09:43:03 Image size of job updated: 329780
	184  -  MemoryUsage of job (MB)
	187596  -  ResidentSetSize of job (KB)
...
005 (9129.000.000) 03/29 09:43:04 Job terminated.
	(1) Normal termination (return value 0)
		Usr 0 00:02:19, Sys 0 00:01:06  -  Run Remote Usage
		Usr 0 00:00:00, Sys 0 00:00:00  -  Run Local Usage
		Usr 0 00:02:19, Sys 0 00:01:06  -  Total Remote Usage
		Usr 0 00:00:00, Sys 0 00:00:00  -  Total Local Usage
	59450  -  Run Bytes Sent By Job
	531  -  Run Bytes Received By Job
	59450  -  Total Bytes Sent By Job
	531  -  Total Bytes Received By Job
	Partitionable Resources :    Usage  Request Allocated
	   Cpus                 :                 1         1
	   Disk (KB)            :       71  1024000   1931222
	   Memory (MB)          :      184     2000      2000
...
