000 (9114.000.000) 03/29 08:44:35 Job submitted from host: <128.101.221.180:9618?addrs=128.101.221.180-9618&noUDP&sock=3943_2604_3>
...
001 (9114.000.000) 03/29 09:32:46 Job executing on host: <128.101.221.182:9618?addrs=128.101.221.182-9618&noUDP&sock=3902_06a2_4>
...
006 (9114.000.000) 03/29 09:32:55 Image size of job updated: 256552
	177  -  MemoryUsage of job (MB)
	180628  -  ResidentSetSize of job (KB)
...
006 (9114.000.000) 03/29 09:37:56 Image size of job updated: 331720
	324  -  MemoryUsage of job (MB)
	331436  -  ResidentSetSize of job (KB)
...
006 (9114.000.000) 03/29 09:41:06 Image size of job updated: 331924
	324  -  MemoryUsage of job (MB)
	331436  -  ResidentSetSize of job (KB)
...
005 (9114.000.000) 03/29 09:41:07 Job terminated.
	(1) Normal termination (return value 0)
		Usr 0 00:04:57, Sys 0 00:02:34  -  Run Remote Usage
		Usr 0 00:00:00, Sys 0 00:00:00  -  Run Local Usage
		Usr 0 00:04:57, Sys 0 00:02:34  -  Total Remote Usage
		Usr 0 00:00:00, Sys 0 00:00:00  -  Total Local Usage
	90399  -  Run Bytes Sent By Job
	531  -  Run Bytes Received By Job
	90399  -  Total Bytes Sent By Job
	531  -  Total Bytes Received By Job
	Partitionable Resources :    Usage  Request Allocated
	   Cpus                 :                 1         1
	   Disk (KB)            :      101  1024000   2046572
	   Memory (MB)          :      324     2000      2000
...
