000 (9136.000.000) 03/29 08:44:46 Job submitted from host: <128.101.221.180:9618?addrs=128.101.221.180-9618&noUDP&sock=3943_2604_3>
...
001 (9136.000.000) 03/29 09:41:31 Job executing on host: <128.101.221.182:9618?addrs=128.101.221.182-9618&noUDP&sock=3902_06a2_4>
...
006 (9136.000.000) 03/29 09:41:40 Image size of job updated: 229484
	207  -  MemoryUsage of job (MB)
	211564  -  ResidentSetSize of job (KB)
...
006 (9136.000.000) 03/29 09:46:41 Image size of job updated: 332688
	325  -  MemoryUsage of job (MB)
	331864  -  ResidentSetSize of job (KB)
...
005 (9136.000.000) 03/29 09:46:48 Job terminated.
	(1) Normal termination (return value 0)
		Usr 0 00:03:07, Sys 0 00:01:16  -  Run Remote Usage
		Usr 0 00:00:00, Sys 0 00:00:00  -  Run Local Usage
		Usr 0 00:03:07, Sys 0 00:01:16  -  Total Remote Usage
		Usr 0 00:00:00, Sys 0 00:00:00  -  Total Local Usage
	79701  -  Run Bytes Sent By Job
	531  -  Run Bytes Received By Job
	79701  -  Total Bytes Sent By Job
	531  -  Total Bytes Received By Job
	Partitionable Resources :    Usage  Request Allocated
	   Cpus                 :                 1         1
	   Disk (KB)            :       91  1024000   2046534
	   Memory (MB)          :      325     2000      2000
...
