000 (8733.000.000) 03/29 07:09:49 Job submitted from host: <128.101.221.180:9618?addrs=128.101.221.180-9618&noUDP&sock=3943_2604_3>
...
001 (8733.000.000) 03/29 07:10:10 Job executing on host: <128.101.221.182:9618?addrs=128.101.221.182-9618&noUDP&sock=3902_06a2_4>
...
006 (8733.000.000) 03/29 07:10:19 Image size of job updated: 188760
	184  -  MemoryUsage of job (MB)
	187628  -  ResidentSetSize of job (KB)
...
006 (8733.000.000) 03/29 07:15:20 Image size of job updated: 332164
	323  -  MemoryUsage of job (MB)
	330664  -  ResidentSetSize of job (KB)
...
005 (8733.000.000) 03/29 07:19:11 Job terminated.
	(1) Normal termination (return value 0)
		Usr 0 00:05:15, Sys 0 00:03:04  -  Run Remote Usage
		Usr 0 00:00:00, Sys 0 00:00:00  -  Run Local Usage
		Usr 0 00:05:15, Sys 0 00:03:04  -  Total Remote Usage
		Usr 0 00:00:00, Sys 0 00:00:00  -  Total Local Usage
	37065  -  Run Bytes Sent By Job
	535  -  Run Bytes Received By Job
	37065  -  Total Bytes Sent By Job
	535  -  Total Bytes Received By Job
	Partitionable Resources :    Usage  Request Allocated
	   Cpus                 :                 1         1
	   Disk (KB)            :       49  1024000   2046856
	   Memory (MB)          :      323     2000      2000
...
