000 (8725.000.000) 03/29 07:09:45 Job submitted from host: <128.101.221.180:9618?addrs=128.101.221.180-9618&noUDP&sock=3943_2604_3>
...
001 (8725.000.000) 03/29 07:10:08 Job executing on host: <128.101.221.175:9618?addrs=128.101.221.175-9618&noUDP&sock=12916_e152_4>
...
006 (8725.000.000) 03/29 07:10:17 Image size of job updated: 126748
	123  -  MemoryUsage of job (MB)
	124996  -  ResidentSetSize of job (KB)
...
006 (8725.000.000) 03/29 07:15:18 Image size of job updated: 330092
	323  -  MemoryUsage of job (MB)
	329740  -  ResidentSetSize of job (KB)
...
006 (8725.000.000) 03/29 07:20:19 Image size of job updated: 332280
	324  -  MemoryUsage of job (MB)
	331768  -  ResidentSetSize of job (KB)
...
006 (8725.000.000) 03/29 07:20:43 Image size of job updated: 730488
	324  -  MemoryUsage of job (MB)
	331768  -  ResidentSetSize of job (KB)
...
005 (8725.000.000) 03/29 07:20:45 Job terminated.
	(1) Normal termination (return value 0)
		Usr 0 00:06:08, Sys 0 00:03:33  -  Run Remote Usage
		Usr 0 00:00:00, Sys 0 00:00:00  -  Run Local Usage
		Usr 0 00:06:08, Sys 0 00:03:33  -  Total Remote Usage
		Usr 0 00:00:00, Sys 0 00:00:00  -  Total Local Usage
	40916  -  Run Bytes Sent By Job
	535  -  Run Bytes Received By Job
	40916  -  Total Bytes Sent By Job
	535  -  Total Bytes Received By Job
	Partitionable Resources :    Usage  Request Allocated
	   Cpus                 :                 1         1
	   Disk (KB)            :       53  1024000   1931432
	   Memory (MB)          :      324     2000      2000
...
