000 (8721.000.000) 03/29 07:09:43 Job submitted from host: <128.101.221.180:9618?addrs=128.101.221.180-9618&noUDP&sock=3943_2604_3>
...
001 (8721.000.000) 03/29 07:10:06 Job executing on host: <128.101.221.175:9618?addrs=128.101.221.175-9618&noUDP&sock=12916_e152_4>
...
006 (8721.000.000) 03/29 07:10:15 Image size of job updated: 86964
	84  -  MemoryUsage of job (MB)
	85592  -  ResidentSetSize of job (KB)
...
006 (8721.000.000) 03/29 07:15:17 Image size of job updated: 329880
	322  -  MemoryUsage of job (MB)
	329536  -  ResidentSetSize of job (KB)
...
006 (8721.000.000) 03/29 07:18:30 Image size of job updated: 730084
	322  -  MemoryUsage of job (MB)
	329536  -  ResidentSetSize of job (KB)
...
005 (8721.000.000) 03/29 07:18:31 Job terminated.
	(1) Normal termination (return value 0)
		Usr 0 00:04:49, Sys 0 00:02:48  -  Run Remote Usage
		Usr 0 00:00:00, Sys 0 00:00:00  -  Run Local Usage
		Usr 0 00:04:49, Sys 0 00:02:48  -  Total Remote Usage
		Usr 0 00:00:00, Sys 0 00:00:00  -  Total Local Usage
	34580  -  Run Bytes Sent By Job
	535  -  Run Bytes Received By Job
	34580  -  Total Bytes Sent By Job
	535  -  Total Bytes Received By Job
	Partitionable Resources :    Usage  Request Allocated
	   Cpus                 :                 1         1
	   Disk (KB)            :       46  1024000   1931432
	   Memory (MB)          :      322     2000      2000
...
