000 (8720.000.000) 03/29 07:09:43 Job submitted from host: <128.101.221.180:9618?addrs=128.101.221.180-9618&noUDP&sock=3943_2604_3>
...
001 (8720.000.000) 03/29 07:10:06 Job executing on host: <128.101.221.182:9618?addrs=128.101.221.182-9618&noUDP&sock=3902_06a2_4>
...
006 (8720.000.000) 03/29 07:10:15 Image size of job updated: 95884
	93  -  MemoryUsage of job (MB)
	94740  -  ResidentSetSize of job (KB)
...
006 (8720.000.000) 03/29 07:15:16 Image size of job updated: 331264
	321  -  MemoryUsage of job (MB)
	328392  -  ResidentSetSize of job (KB)
...
005 (8720.000.000) 03/29 07:17:35 Job terminated.
	(1) Normal termination (return value 0)
		Usr 0 00:04:17, Sys 0 00:02:32  -  Run Remote Usage
		Usr 0 00:00:00, Sys 0 00:00:00  -  Run Local Usage
		Usr 0 00:04:17, Sys 0 00:02:32  -  Total Remote Usage
		Usr 0 00:00:00, Sys 0 00:00:00  -  Total Local Usage
	51913  -  Run Bytes Sent By Job
	535  -  Run Bytes Received By Job
	51913  -  Total Bytes Sent By Job
	535  -  Total Bytes Received By Job
	Partitionable Resources :    Usage  Request Allocated
	   Cpus                 :                 1         1
	   Disk (KB)            :       63  1024000   2046856
	   Memory (MB)          :      321     2000      2000
...
