000 (8724.000.000) 03/29 07:09:45 Job submitted from host: <128.101.221.180:9618?addrs=128.101.221.180-9618&noUDP&sock=3943_2604_3>
...
001 (8724.000.000) 03/29 07:10:08 Job executing on host: <128.101.221.182:9618?addrs=128.101.221.182-9618&noUDP&sock=3902_06a2_4>
...
006 (8724.000.000) 03/29 07:10:17 Image size of job updated: 130032
	126  -  MemoryUsage of job (MB)
	128744  -  ResidentSetSize of job (KB)
...
006 (8724.000.000) 03/29 07:15:18 Image size of job updated: 332564
	324  -  MemoryUsage of job (MB)
	330844  -  ResidentSetSize of job (KB)
...
006 (8724.000.000) 03/29 07:19:31 Image size of job updated: 332756
	324  -  MemoryUsage of job (MB)
	330844  -  ResidentSetSize of job (KB)
...
005 (8724.000.000) 03/29 07:19:32 Job terminated.
	(1) Normal termination (return value 0)
		Usr 0 00:05:24, Sys 0 00:03:13  -  Run Remote Usage
		Usr 0 00:00:00, Sys 0 00:00:00  -  Run Local Usage
		Usr 0 00:05:24, Sys 0 00:03:13  -  Total Remote Usage
		Usr 0 00:00:00, Sys 0 00:00:00  -  Total Local Usage
	62992  -  Run Bytes Sent By Job
	535  -  Run Bytes Received By Job
	62992  -  Total Bytes Sent By Job
	535  -  Total Bytes Received By Job
	Partitionable Resources :    Usage  Request Allocated
	   Cpus                 :                 1         1
	   Disk (KB)            :       74  1024000   2046856
	   Memory (MB)          :      324     2000      2000
...
