000 (8734.000.000) 03/29 07:09:49 Job submitted from host: <128.101.221.180:9618?addrs=128.101.221.180-9618&noUDP&sock=3943_2604_3>
...
001 (8734.000.000) 03/29 07:10:12 Job executing on host: <128.101.221.182:9618?addrs=128.101.221.182-9618&noUDP&sock=3902_06a2_4>
...
006 (8734.000.000) 03/29 07:10:21 Image size of job updated: 240328
	182  -  MemoryUsage of job (MB)
	186348  -  ResidentSetSize of job (KB)
...
006 (8734.000.000) 03/29 07:15:22 Image size of job updated: 391108
	324  -  MemoryUsage of job (MB)
	331712  -  ResidentSetSize of job (KB)
...
005 (8734.000.000) 03/29 07:18:03 Job terminated.
	(1) Normal termination (return value 0)
		Usr 0 00:04:33, Sys 0 00:02:39  -  Run Remote Usage
		Usr 0 00:00:00, Sys 0 00:00:00  -  Run Local Usage
		Usr 0 00:04:33, Sys 0 00:02:39  -  Total Remote Usage
		Usr 0 00:00:00, Sys 0 00:00:00  -  Total Local Usage
	44423  -  Run Bytes Sent By Job
	535  -  Run Bytes Received By Job
	44423  -  Total Bytes Sent By Job
	535  -  Total Bytes Received By Job
	Partitionable Resources :    Usage  Request Allocated
	   Cpus                 :                 1         1
	   Disk (KB)            :       56  1024000   2046856
	   Memory (MB)          :      324     2000      2000
...
