000 (8719.000.000) 03/29 07:09:42 Job submitted from host: <128.101.221.180:9618?addrs=128.101.221.180-9618&noUDP&sock=3943_2604_3>
...
001 (8719.000.000) 03/29 07:10:06 Job executing on host: <128.101.221.175:9618?addrs=128.101.221.175-9618&noUDP&sock=12916_e152_4>
...
006 (8719.000.000) 03/29 07:10:15 Image size of job updated: 87684
	84  -  MemoryUsage of job (MB)
	85984  -  ResidentSetSize of job (KB)
...
006 (8719.000.000) 03/29 07:15:03 Image size of job updated: 730140
	84  -  MemoryUsage of job (MB)
	85984  -  ResidentSetSize of job (KB)
...
005 (8719.000.000) 03/29 07:15:04 Job terminated.
	(1) Normal termination (return value 0)
		Usr 0 00:02:52, Sys 0 00:01:35  -  Run Remote Usage
		Usr 0 00:00:00, Sys 0 00:00:00  -  Run Local Usage
		Usr 0 00:02:52, Sys 0 00:01:35  -  Total Remote Usage
		Usr 0 00:00:00, Sys 0 00:00:00  -  Total Local Usage
	47989  -  Run Bytes Sent By Job
	535  -  Run Bytes Received By Job
	47989  -  Total Bytes Sent By Job
	535  -  Total Bytes Received By Job
	Partitionable Resources :    Usage  Request Allocated
	   Cpus                 :                 1         1
	   Disk (KB)            :       60  1024000   1931432
	   Memory (MB)          :       84     2000      2000
...
