000 (8736.000.000) 03/29 07:09:51 Job submitted from host: <128.101.221.180:9618?addrs=128.101.221.180-9618&noUDP&sock=3943_2604_3>
...
001 (8736.000.000) 03/29 07:14:02 Job executing on host: <128.101.221.175:9618?addrs=128.101.221.175-9618&noUDP&sock=12916_e152_4>
...
006 (8736.000.000) 03/29 07:14:10 Image size of job updated: 250000
	172  -  MemoryUsage of job (MB)
	175968  -  ResidentSetSize of job (KB)
...
006 (8736.000.000) 03/29 07:19:10 Image size of job updated: 331080
	324  -  MemoryUsage of job (MB)
	330776  -  ResidentSetSize of job (KB)
...
005 (8736.000.000) 03/29 07:23:43 Job terminated.
	(1) Normal termination (return value 0)
		Usr 0 00:05:39, Sys 0 00:03:15  -  Run Remote Usage
		Usr 0 00:00:00, Sys 0 00:00:00  -  Run Local Usage
		Usr 0 00:05:39, Sys 0 00:03:15  -  Total Remote Usage
		Usr 0 00:00:00, Sys 0 00:00:00  -  Total Local Usage
	51244  -  Run Bytes Sent By Job
	535  -  Run Bytes Received By Job
	51244  -  Total Bytes Sent By Job
	535  -  Total Bytes Received By Job
	Partitionable Resources :    Usage  Request Allocated
	   Cpus                 :                 1         1
	   Disk (KB)            :       63  1024000   1931432
	   Memory (MB)          :      324     2000      2000
...
