000 (8718.000.000) 03/29 07:09:42 Job submitted from host: <128.101.221.180:9618?addrs=128.101.221.180-9618&noUDP&sock=3943_2604_3>
...
001 (8718.000.000) 03/29 07:10:06 Job executing on host: <128.101.221.182:9618?addrs=128.101.221.182-9618&noUDP&sock=3902_06a2_4>
...
006 (8718.000.000) 03/29 07:10:15 Image size of job updated: 93840
	92  -  MemoryUsage of job (MB)
	93264  -  ResidentSetSize of job (KB)
...
006 (8718.000.000) 03/29 07:15:16 Image size of job updated: 330056
	322  -  MemoryUsage of job (MB)
	329056  -  ResidentSetSize of job (KB)
...
006 (8718.000.000) 03/29 07:19:54 Image size of job updated: 331804
	322  -  MemoryUsage of job (MB)
	329056  -  ResidentSetSize of job (KB)
...
005 (8718.000.000) 03/29 07:19:55 Job terminated.
	(1) Normal termination (return value 0)
		Usr 0 00:05:38, Sys 0 00:03:20  -  Run Remote Usage
		Usr 0 00:00:00, Sys 0 00:00:00  -  Run Local Usage
		Usr 0 00:05:38, Sys 0 00:03:20  -  Total Remote Usage
		Usr 0 00:00:00, Sys 0 00:00:00  -  Total Local Usage
	43128  -  Run Bytes Sent By Job
	535  -  Run Bytes Received By Job
	43128  -  Total Bytes Sent By Job
	535  -  Total Bytes Received By Job
	Partitionable Resources :    Usage  Request Allocated
	   Cpus                 :                 1         1
	   Disk (KB)            :       55  1024000   2046856
	   Memory (MB)          :      322     2000      2000
...
