000 (8717.000.000) 03/29 07:09:42 Job submitted from host: <128.101.221.180:9618?addrs=128.101.221.180-9618&noUDP&sock=3943_2604_3>
...
001 (8717.000.000) 03/29 07:10:04 Job executing on host: <128.101.221.175:9618?addrs=128.101.221.175-9618&noUDP&sock=12916_e152_4>
...
006 (8717.000.000) 03/29 07:10:13 Image size of job updated: 54360
	53  -  MemoryUsage of job (MB)
	53672  -  ResidentSetSize of job (KB)
...
006 (8717.000.000) 03/29 07:15:14 Image size of job updated: 329784
	322  -  MemoryUsage of job (MB)
	329616  -  ResidentSetSize of job (KB)
...
006 (8717.000.000) 03/29 07:19:17 Image size of job updated: 731040
	322  -  MemoryUsage of job (MB)
	329616  -  ResidentSetSize of job (KB)
...
005 (8717.000.000) 03/29 07:19:18 Job terminated.
	(1) Normal termination (return value 0)
		Usr 0 00:05:19, Sys 0 00:03:04  -  Run Remote Usage
		Usr 0 00:00:00, Sys 0 00:00:00  -  Run Local Usage
		Usr 0 00:05:19, Sys 0 00:03:04  -  Total Remote Usage
		Usr 0 00:00:00, Sys 0 00:00:00  -  Total Local Usage
	39808  -  Run Bytes Sent By Job
	535  -  Run Bytes Received By Job
	39808  -  Total Bytes Sent By Job
	535  -  Total Bytes Received By Job
	Partitionable Resources :    Usage  Request Allocated
	   Cpus                 :                 1         1
	   Disk (KB)            :       52  1024000   1931432
	   Memory (MB)          :      322     2000      2000
...
