000 (8737.000.000) 03/29 07:09:51 Job submitted from host: <128.101.221.180:9618?addrs=128.101.221.180-9618&noUDP&sock=3943_2604_3>
...
001 (8737.000.000) 03/29 07:14:59 Job executing on host: <128.101.221.175:9618?addrs=128.101.221.175-9618&noUDP&sock=12916_e152_4>
...
006 (8737.000.000) 03/29 07:15:07 Image size of job updated: 189272
	127  -  MemoryUsage of job (MB)
	129932  -  ResidentSetSize of job (KB)
...
006 (8737.000.000) 03/29 07:20:07 Image size of job updated: 330108
	323  -  MemoryUsage of job (MB)
	329944  -  ResidentSetSize of job (KB)
...
006 (8737.000.000) 03/29 07:25:08 Image size of job updated: 331840
	324  -  MemoryUsage of job (MB)
	331532  -  ResidentSetSize of job (KB)
...
005 (8737.000.000) 03/29 07:25:13 Job terminated.
	(1) Normal termination (return value 0)
		Usr 0 00:06:01, Sys 0 00:03:22  -  Run Remote Usage
		Usr 0 00:00:00, Sys 0 00:00:00  -  Run Local Usage
		Usr 0 00:06:01, Sys 0 00:03:22  -  Total Remote Usage
		Usr 0 00:00:00, Sys 0 00:00:00  -  Total Local Usage
	36820  -  Run Bytes Sent By Job
	535  -  Run Bytes Received By Job
	36820  -  Total Bytes Sent By Job
	535  -  Total Bytes Received By Job
	Partitionable Resources :    Usage  Request Allocated
	   Cpus                 :                 1         1
	   Disk (KB)            :       49  1024000   1931432
	   Memory (MB)          :      324     2000      2000
...
