000 (8714.000.000) 03/29 07:09:40 Job submitted from host: <128.101.221.180:9618?addrs=128.101.221.180-9618&noUDP&sock=3943_2604_3>
...
001 (8714.000.000) 03/29 07:10:04 Job executing on host: <128.101.221.182:9618?addrs=128.101.221.182-9618&noUDP&sock=3902_06a2_4>
...
006 (8714.000.000) 03/29 07:10:13 Image size of job updated: 61356
	60  -  MemoryUsage of job (MB)
	60640  -  ResidentSetSize of job (KB)
...
006 (8714.000.000) 03/29 07:15:14 Image size of job updated: 330704
	322  -  MemoryUsage of job (MB)
	329584  -  ResidentSetSize of job (KB)
...
006 (8714.000.000) 03/29 07:20:00 Image size of job updated: 730304
	322  -  MemoryUsage of job (MB)
	329584  -  ResidentSetSize of job (KB)
...
005 (8714.000.000) 03/29 07:20:01 Job terminated.
	(1) Normal termination (return value 0)
		Usr 0 00:05:45, Sys 0 00:03:19  -  Run Remote Usage
		Usr 0 00:00:00, Sys 0 00:00:00  -  Run Local Usage
		Usr 0 00:05:45, Sys 0 00:03:19  -  Total Remote Usage
		Usr 0 00:00:00, Sys 0 00:00:00  -  Total Local Usage
	50192  -  Run Bytes Sent By Job
	535  -  Run Bytes Received By Job
	50192  -  Total Bytes Sent By Job
	535  -  Total Bytes Received By Job
	Partitionable Resources :    Usage  Request Allocated
	   Cpus                 :                 1         1
	   Disk (KB)            :       62  1024000   2046858
	   Memory (MB)          :      322     2000      2000
...
