000 (8726.000.000) 03/29 07:09:46 Job submitted from host: <128.101.221.180:9618?addrs=128.101.221.180-9618&noUDP&sock=3943_2604_3>
...
001 (8726.000.000) 03/29 07:10:08 Job executing on host: <128.101.221.182:9618?addrs=128.101.221.182-9618&noUDP&sock=3902_06a2_4>
...
006 (8726.000.000) 03/29 07:10:17 Image size of job updated: 130128
	127  -  MemoryUsage of job (MB)
	129352  -  ResidentSetSize of job (KB)
...
006 (8726.000.000) 03/29 07:15:18 Image size of job updated: 332364
	322  -  MemoryUsage of job (MB)
	329700  -  ResidentSetSize of job (KB)
...
006 (8726.000.000) 03/29 07:20:19 Image size of job updated: 333292
	326  -  MemoryUsage of job (MB)
	333108  -  ResidentSetSize of job (KB)
...
006 (8726.000.000) 03/29 07:20:36 Image size of job updated: 333336
	326  -  MemoryUsage of job (MB)
	333108  -  ResidentSetSize of job (KB)
...
005 (8726.000.000) 03/29 07:20:37 Job terminated.
	(1) Normal termination (return value 0)
		Usr 0 00:06:05, Sys 0 00:03:33  -  Run Remote Usage
		Usr 0 00:00:00, Sys 0 00:00:00  -  Run Local Usage
		Usr 0 00:06:05, Sys 0 00:03:33  -  Total Remote Usage
		Usr 0 00:00:00, Sys 0 00:00:00  -  Total Local Usage
	33242  -  Run Bytes Sent By Job
	535  -  Run Bytes Received By Job
	33242  -  Total Bytes Sent By Job
	535  -  Total Bytes Received By Job
	Partitionable Resources :    Usage  Request Allocated
	   Cpus                 :                 1         1
	   Disk (KB)            :       45  1024000   2046856
	   Memory (MB)          :      326     2000      2000
...
