000 (8727.000.000) 03/29 07:09:46 Job submitted from host: <128.101.221.180:9618?addrs=128.101.221.180-9618&noUDP&sock=3943_2604_3>
...
001 (8727.000.000) 03/29 07:10:08 Job executing on host: <128.101.221.175:9618?addrs=128.101.221.175-9618&noUDP&sock=12916_e152_4>
...
006 (8727.000.000) 03/29 07:10:17 Image size of job updated: 126924
	123  -  MemoryUsage of job (MB)
	125420  -  ResidentSetSize of job (KB)
...
006 (8727.000.000) 03/29 07:15:18 Image size of job updated: 329040
	322  -  MemoryUsage of job (MB)
	328940  -  ResidentSetSize of job (KB)
...
006 (8727.000.000) 03/29 07:17:05 Image size of job updated: 727560
	322  -  MemoryUsage of job (MB)
	328940  -  ResidentSetSize of job (KB)
...
005 (8727.000.000) 03/29 07:17:06 Job terminated.
	(1) Normal termination (return value 0)
		Usr 0 00:04:01, Sys 0 00:02:17  -  Run Remote Usage
		Usr 0 00:00:00, Sys 0 00:00:00  -  Run Local Usage
		Usr 0 00:04:01, Sys 0 00:02:17  -  Total Remote Usage
		Usr 0 00:00:00, Sys 0 00:00:00  -  Total Local Usage
	41891  -  Run Bytes Sent By Job
	535  -  Run Bytes Received By Job
	41891  -  Total Bytes Sent By Job
	535  -  Total Bytes Received By Job
	Partitionable Resources :    Usage  Request Allocated
	   Cpus                 :                 1         1
	   Disk (KB)            :       54  1024000   1931432
	   Memory (MB)          :      322     2000      2000
...
