000 (8840.000.000) 03/29 07:14:55 Job submitted from host: <128.101.221.180:9618?addrs=128.101.221.180-9618&noUDP&sock=3943_2604_3>
...
001 (8840.000.000) 03/29 07:51:42 Job executing on host: <128.101.221.182:9618?addrs=128.101.221.182-9618&noUDP&sock=3902_06a2_4>
...
006 (8840.000.000) 03/29 07:51:51 Image size of job updated: 263236
	183  -  MemoryUsage of job (MB)
	186868  -  ResidentSetSize of job (KB)
...
006 (8840.000.000) 03/29 07:56:52 Image size of job updated: 329476
	322  -  MemoryUsage of job (MB)
	329324  -  ResidentSetSize of job (KB)
...
006 (8840.000.000) 03/29 07:58:27 Image size of job updated: 329520
	322  -  MemoryUsage of job (MB)
	329324  -  ResidentSetSize of job (KB)
...
005 (8840.000.000) 03/29 07:58:28 Job terminated.
	(1) Normal termination (return value 0)
		Usr 0 00:04:02, Sys 0 00:02:22  -  Run Remote Usage
		Usr 0 00:00:00, Sys 0 00:00:00  -  Run Local Usage
		Usr 0 00:04:02, Sys 0 00:02:22  -  Total Remote Usage
		Usr 0 00:00:00, Sys 0 00:00:00  -  Total Local Usage
	88323  -  Run Bytes Sent By Job
	541  -  Run Bytes Received By Job
	88323  -  Total Bytes Sent By Job
	541  -  Total Bytes Received By Job
	Partitionable Resources :    Usage  Request Allocated
	   Cpus                 :                 1         1
	   Disk (KB)            :       99  1024000   2046742
	   Memory (MB)          :      322     2000      2000
...
