000 (8878.000.000) 03/29 07:15:14 Job submitted from host: <128.101.221.180:9618?addrs=128.101.221.180-9618&noUDP&sock=3943_2604_3>
...
001 (8878.000.000) 03/29 08:05:14 Job executing on host: <128.101.221.175:9618?addrs=128.101.221.175-9618&noUDP&sock=12916_e152_4>
...
006 (8878.000.000) 03/29 08:05:22 Image size of job updated: 155536
	138  -  MemoryUsage of job (MB)
	140524  -  ResidentSetSize of job (KB)
...
006 (8878.000.000) 03/29 08:10:22 Image size of job updated: 326988
	320  -  MemoryUsage of job (MB)
	326680  -  ResidentSetSize of job (KB)
...
005 (8878.000.000) 03/29 08:14:26 Job terminated.
	(1) Normal termination (return value 0)
		Usr 0 00:05:25, Sys 0 00:03:13  -  Run Remote Usage
		Usr 0 00:00:00, Sys 0 00:00:00  -  Run Local Usage
		Usr 0 00:05:25, Sys 0 00:03:13  -  Total Remote Usage
		Usr 0 00:00:00, Sys 0 00:00:00  -  Total Local Usage
	70780  -  Run Bytes Sent By Job
	541  -  Run Bytes Received By Job
	70780  -  Total Bytes Sent By Job
	541  -  Total Bytes Received By Job
	Partitionable Resources :    Usage  Request Allocated
	   Cpus                 :                 1         1
	   Disk (KB)            :       82  1024000   1931306
	   Memory (MB)          :      320     2000      2000
...
