000 (8890.000.000) 03/29 07:15:20 Job submitted from host: <128.101.221.180:9618?addrs=128.101.221.180-9618&noUDP&sock=3943_2604_3>
...
001 (8890.000.000) 03/29 08:09:55 Job executing on host: <128.101.221.182:9618?addrs=128.101.221.182-9618&noUDP&sock=3902_06a2_4>
...
006 (8890.000.000) 03/29 08:10:04 Image size of job updated: 248440
	186  -  MemoryUsage of job (MB)
	189512  -  ResidentSetSize of job (KB)
...
006 (8890.000.000) 03/29 08:15:05 Image size of job updated: 328784
	321  -  MemoryUsage of job (MB)
	328544  -  ResidentSetSize of job (KB)
...
006 (8890.000.000) 03/29 08:20:02 Image size of job updated: 726392
	321  -  MemoryUsage of job (MB)
	328544  -  ResidentSetSize of job (KB)
...
005 (8890.000.000) 03/29 08:20:03 Job terminated.
	(1) Normal termination (return value 0)
		Usr 0 00:05:56, Sys 0 00:03:29  -  Run Remote Usage
		Usr 0 00:00:00, Sys 0 00:00:00  -  Run Local Usage
		Usr 0 00:05:56, Sys 0 00:03:29  -  Total Remote Usage
		Usr 0 00:00:00, Sys 0 00:00:00  -  Total Local Usage
	76667  -  Run Bytes Sent By Job
	541  -  Run Bytes Received By Job
	76667  -  Total Bytes Sent By Job
	541  -  Total Bytes Received By Job
	Partitionable Resources :    Usage  Request Allocated
	   Cpus                 :                 1         1
	   Disk (KB)            :       88  1024000   2046732
	   Memory (MB)          :      321     2000      2000
...
