000 (8831.000.000) 03/29 07:14:51 Job submitted from host: <128.101.221.180:9618?addrs=128.101.221.180-9618&noUDP&sock=3943_2604_3>
...
001 (8831.000.000) 03/29 07:49:49 Job executing on host: <128.101.221.182:9618?addrs=128.101.221.182-9618&noUDP&sock=3902_06a2_4>
...
006 (8831.000.000) 03/29 07:49:57 Image size of job updated: 192752
	168  -  MemoryUsage of job (MB)
	171092  -  ResidentSetSize of job (KB)
...
006 (8831.000.000) 03/29 07:54:57 Image size of job updated: 329396
	322  -  MemoryUsage of job (MB)
	329244  -  ResidentSetSize of job (KB)
...
006 (8831.000.000) 03/29 07:59:58 Image size of job updated: 330056
	322  -  MemoryUsage of job (MB)
	329364  -  ResidentSetSize of job (KB)
...
006 (8831.000.000) 03/29 08:00:32 Image size of job updated: 726452
	322  -  MemoryUsage of job (MB)
	329364  -  ResidentSetSize of job (KB)
...
005 (8831.000.000) 03/29 08:00:34 Job terminated.
	(1) Normal termination (return value 0)
		Usr 0 00:06:22, Sys 0 00:03:44  -  Run Remote Usage
		Usr 0 00:00:00, Sys 0 00:00:00  -  Run Local Usage
		Usr 0 00:06:22, Sys 0 00:03:44  -  Total Remote Usage
		Usr 0 00:00:00, Sys 0 00:00:00  -  Total Local Usage
	42659  -  Run Bytes Sent By Job
	541  -  Run Bytes Received By Job
	42659  -  Total Bytes Sent By Job
	541  -  Total Bytes Received By Job
	Partitionable Resources :    Usage  Request Allocated
	   Cpus                 :                 1         1
	   Disk (KB)            :       55  1024000   2046756
	   Memory (MB)          :      322     2000      2000
...
