000 (8850.000.000) 03/29 07:15:00 Job submitted from host: <128.101.221.180:9618?addrs=128.101.221.180-9618&noUDP&sock=3943_2604_3>
...
001 (8850.000.000) 03/29 07:56:54 Job executing on host: <128.101.221.175:9618?addrs=128.101.221.175-9618&noUDP&sock=12916_e152_4>
...
006 (8850.000.000) 03/29 07:57:02 Image size of job updated: 228268
	174  -  MemoryUsage of job (MB)
	177484  -  ResidentSetSize of job (KB)
...
006 (8850.000.000) 03/29 08:02:03 Image size of job updated: 327824
	320  -  MemoryUsage of job (MB)
	327348  -  ResidentSetSize of job (KB)
...
006 (8850.000.000) 03/29 08:03:32 Image size of job updated: 727304
	320  -  MemoryUsage of job (MB)
	327348  -  ResidentSetSize of job (KB)
...
005 (8850.000.000) 03/29 08:03:33 Job terminated.
	(1) Normal termination (return value 0)
		Usr 0 00:04:01, Sys 0 00:02:15  -  Run Remote Usage
		Usr 0 00:00:00, Sys 0 00:00:00  -  Run Local Usage
		Usr 0 00:04:01, Sys 0 00:02:15  -  Total Remote Usage
		Usr 0 00:00:00, Sys 0 00:00:00  -  Total Local Usage
	114598  -  Run Bytes Sent By Job
	541  -  Run Bytes Received By Job
	114598  -  Total Bytes Sent By Job
	541  -  Total Bytes Received By Job
	Partitionable Resources :    Usage  Request Allocated
	   Cpus                 :                 1         1
	   Disk (KB)            :      125  1024000   1931356
	   Memory (MB)          :      320     2000      2000
...
