000 (8881.000.000) 03/29 07:15:16 Job submitted from host: <128.101.221.180:9618?addrs=128.101.221.180-9618&noUDP&sock=3943_2604_3>
...
001 (8881.000.000) 03/29 08:07:01 Job executing on host: <128.101.221.186:9618?addrs=128.101.221.186-9618&noUDP&sock=3131318_464d_4>
...
006 (8881.000.000) 03/29 08:07:09 Image size of job updated: 143328
	90  -  MemoryUsage of job (MB)
	91832  -  ResidentSetSize of job (KB)
...
006 (8881.000.000) 03/29 08:12:09 Image size of job updated: 425716
	322  -  MemoryUsage of job (MB)
	329112  -  ResidentSetSize of job (KB)
...
006 (8881.000.000) 03/29 08:15:19 Image size of job updated: 425880
	322  -  MemoryUsage of job (MB)
	329112  -  ResidentSetSize of job (KB)
...
005 (8881.000.000) 03/29 08:15:19 Job terminated.
	(1) Normal termination (return value 0)
		Usr 0 00:05:31, Sys 0 00:01:48  -  Run Remote Usage
		Usr 0 00:00:00, Sys 0 00:00:00  -  Run Local Usage
		Usr 0 00:05:31, Sys 0 00:01:48  -  Total Remote Usage
		Usr 0 00:00:00, Sys 0 00:00:00  -  Total Local Usage
	48431  -  Run Bytes Sent By Job
	541  -  Run Bytes Received By Job
	48431  -  Total Bytes Sent By Job
	541  -  Total Bytes Received By Job
	Partitionable Resources :    Usage  Request Allocated
	   Cpus                 :                 1         1
	   Disk (KB)            :       60  1024000   1027137
	   Memory (MB)          :      322     2000      2000
...
