000 (8838.000.000) 03/29 07:14:54 Job submitted from host: <128.101.221.180:9618?addrs=128.101.221.180-9618&noUDP&sock=3943_2604_3>
...
001 (8838.000.000) 03/29 07:51:17 Job executing on host: <128.101.220.49:9618?addrs=128.101.220.49-9618&noUDP&sock=280861_dd0b_4>
...
006 (8838.000.000) 03/29 07:51:26 Image size of job updated: 296808
	209  -  MemoryUsage of job (MB)
	213916  -  ResidentSetSize of job (KB)
...
006 (8838.000.000) 03/29 07:56:27 Image size of job updated: 425300
	321  -  MemoryUsage of job (MB)
	328700  -  ResidentSetSize of job (KB)
...
006 (8838.000.000) 03/29 08:01:00 Image size of job updated: 425404
	321  -  MemoryUsage of job (MB)
	328700  -  ResidentSetSize of job (KB)
...
005 (8838.000.000) 03/29 08:01:01 Job terminated.
	(1) Normal termination (return value 0)
		Usr 0 00:06:35, Sys 0 00:02:14  -  Run Remote Usage
		Usr 0 00:00:00, Sys 0 00:00:00  -  Run Local Usage
		Usr 0 00:06:35, Sys 0 00:02:14  -  Total Remote Usage
		Usr 0 00:00:00, Sys 0 00:00:00  -  Total Local Usage
	600739  -  Run Bytes Sent By Job
	541  -  Run Bytes Received By Job
	600739  -  Total Bytes Sent By Job
	541  -  Total Bytes Received By Job
	Partitionable Resources :    Usage  Request Allocated
	   Cpus                 :                 1         1
	   Disk (KB)            :      600  1024000   1028685
	   Memory (MB)          :      321     2000      2000
...
