000 (8882.000.000) 03/29 07:15:16 Job submitted from host: <128.101.221.180:9618?addrs=128.101.221.180-9618&noUDP&sock=3943_2604_3>
...
001 (8882.000.000) 03/29 08:07:26 Job executing on host: <128.101.220.49:9618?addrs=128.101.220.49-9618&noUDP&sock=280861_dd0b_4>
...
006 (8882.000.000) 03/29 08:07:35 Image size of job updated: 266824
	185  -  MemoryUsage of job (MB)
	188888  -  ResidentSetSize of job (KB)
...
006 (8882.000.000) 03/29 08:12:36 Image size of job updated: 423752
	320  -  MemoryUsage of job (MB)
	327156  -  ResidentSetSize of job (KB)
...
006 (8882.000.000) 03/29 08:16:28 Image size of job updated: 424040
	320  -  MemoryUsage of job (MB)
	327156  -  ResidentSetSize of job (KB)
...
005 (8882.000.000) 03/29 08:16:29 Job terminated.
	(1) Normal termination (return value 0)
		Usr 0 00:06:03, Sys 0 00:02:02  -  Run Remote Usage
		Usr 0 00:00:00, Sys 0 00:00:00  -  Run Local Usage
		Usr 0 00:06:03, Sys 0 00:02:02  -  Total Remote Usage
		Usr 0 00:00:00, Sys 0 00:00:00  -  Total Local Usage
	586351  -  Run Bytes Sent By Job
	541  -  Run Bytes Received By Job
	586351  -  Total Bytes Sent By Job
	541  -  Total Bytes Received By Job
	Partitionable Resources :    Usage  Request Allocated
	   Cpus                 :                 1         1
	   Disk (KB)            :      586  1024000   1028669
	   Memory (MB)          :      320     2000      2000
...
