000 (8844.000.000) 03/29 07:14:57 Job submitted from host: <128.101.221.180:9618?addrs=128.101.221.180-9618&noUDP&sock=3943_2604_3>
...
001 (8844.000.000) 03/29 07:54:58 Job executing on host: <128.101.221.175:9618?addrs=128.101.221.175-9618&noUDP&sock=12916_e152_4>
...
006 (8844.000.000) 03/29 07:55:06 Image size of job updated: 145200
	127  -  MemoryUsage of job (MB)
	129500  -  ResidentSetSize of job (KB)
...
006 (8844.000.000) 03/29 08:00:06 Image size of job updated: 326836
	320  -  MemoryUsage of job (MB)
	326700  -  ResidentSetSize of job (KB)
...
006 (8844.000.000) 03/29 08:05:07 Image size of job updated: 328660
	321  -  MemoryUsage of job (MB)
	328536  -  ResidentSetSize of job (KB)
...
006 (8844.000.000) 03/29 08:07:44 Image size of job updated: 328672
	321  -  MemoryUsage of job (MB)
	328536  -  ResidentSetSize of job (KB)
...
005 (8844.000.000) 03/29 08:07:45 Job terminated.
	(1) Normal termination (return value 0)
		Usr 0 00:07:41, Sys 0 00:04:25  -  Run Remote Usage
		Usr 0 00:00:00, Sys 0 00:00:00  -  Run Local Usage
		Usr 0 00:07:41, Sys 0 00:04:25  -  Total Remote Usage
		Usr 0 00:00:00, Sys 0 00:00:00  -  Total Local Usage
	109616  -  Run Bytes Sent By Job
	541  -  Run Bytes Received By Job
	109616  -  Total Bytes Sent By Job
	541  -  Total Bytes Received By Job
	Partitionable Resources :    Usage  Request Allocated
	   Cpus                 :                 1         1
	   Disk (KB)            :      120  1024000   1931354
	   Memory (MB)          :      321     2000      2000
...
