000 (8839.000.000) 03/29 07:14:54 Job submitted from host: <128.101.221.180:9618?addrs=128.101.221.180-9618&noUDP&sock=3943_2604_3>
...
001 (8839.000.000) 03/29 07:51:29 Job executing on host: <128.101.221.175:9618?addrs=128.101.221.175-9618&noUDP&sock=12916_e152_4>
...
006 (8839.000.000) 03/29 07:51:38 Image size of job updated: 265736
	185  -  MemoryUsage of job (MB)
	189268  -  ResidentSetSize of job (KB)
...
006 (8839.000.000) 03/29 07:56:39 Image size of job updated: 327716
	320  -  MemoryUsage of job (MB)
	327456  -  ResidentSetSize of job (KB)
...
006 (8839.000.000) 03/29 07:57:02 Image size of job updated: 726356
	320  -  MemoryUsage of job (MB)
	327456  -  ResidentSetSize of job (KB)
...
005 (8839.000.000) 03/29 07:57:02 Job terminated.
	(1) Normal termination (return value 0)
		Usr 0 00:03:23, Sys 0 00:01:51  -  Run Remote Usage
		Usr 0 00:00:00, Sys 0 00:00:00  -  Run Local Usage
		Usr 0 00:03:23, Sys 0 00:01:51  -  Total Remote Usage
		Usr 0 00:00:00, Sys 0 00:00:00  -  Total Local Usage
	48888  -  Run Bytes Sent By Job
	541  -  Run Bytes Received By Job
	48888  -  Total Bytes Sent By Job
	541  -  Total Bytes Received By Job
	Partitionable Resources :    Usage  Request Allocated
	   Cpus                 :                 1         1
	   Disk (KB)            :       61  1024000   1931362
	   Memory (MB)          :      320     2000      2000
...
