000 (8845.000.000) 03/29 07:14:57 Job submitted from host: <128.101.221.180:9618?addrs=128.101.221.180-9618&noUDP&sock=3943_2604_3>
...
001 (8845.000.000) 03/29 07:55:04 Job executing on host: <128.101.221.175:9618?addrs=128.101.221.175-9618&noUDP&sock=12916_e152_4>
...
006 (8845.000.000) 03/29 07:55:13 Image size of job updated: 225692
	206  -  MemoryUsage of job (MB)
	210360  -  ResidentSetSize of job (KB)
...
006 (8845.000.000) 03/29 07:58:09 Image size of job updated: 726168
	206  -  MemoryUsage of job (MB)
	210360  -  ResidentSetSize of job (KB)
...
005 (8845.000.000) 03/29 07:58:10 Job terminated.
	(1) Normal termination (return value 0)
		Usr 0 00:01:54, Sys 0 00:01:00  -  Run Remote Usage
		Usr 0 00:00:00, Sys 0 00:00:00  -  Run Local Usage
		Usr 0 00:01:54, Sys 0 00:01:00  -  Total Remote Usage
		Usr 0 00:00:00, Sys 0 00:00:00  -  Total Local Usage
	269620  -  Run Bytes Sent By Job
	541  -  Run Bytes Received By Job
	269620  -  Total Bytes Sent By Job
	541  -  Total Bytes Received By Job
	Partitionable Resources :    Usage  Request Allocated
	   Cpus                 :                 1         1
	   Disk (KB)            :      276  1024000   1931358
	   Memory (MB)          :      206     2000      2000
...
