000 (8862.000.000) 03/29 07:15:06 Job submitted from host: <128.101.221.180:9618?addrs=128.101.221.180-9618&noUDP&sock=3943_2604_3>
...
001 (8862.000.000) 03/29 08:01:19 Job executing on host: <128.101.220.49:9618?addrs=128.101.220.49-9618&noUDP&sock=280861_dd0b_4>
...
006 (8862.000.000) 03/29 08:01:28 Image size of job updated: 254772
	175  -  MemoryUsage of job (MB)
	178512  -  ResidentSetSize of job (KB)
...
006 (8862.000.000) 03/29 08:06:28 Image size of job updated: 424328
	321  -  MemoryUsage of job (MB)
	327728  -  ResidentSetSize of job (KB)
...
005 (8862.000.000) 03/29 08:07:25 Job terminated.
	(1) Normal termination (return value 0)
		Usr 0 00:04:08, Sys 0 00:01:20  -  Run Remote Usage
		Usr 0 00:00:00, Sys 0 00:00:00  -  Run Local Usage
		Usr 0 00:04:08, Sys 0 00:01:20  -  Total Remote Usage
		Usr 0 00:00:00, Sys 0 00:00:00  -  Total Local Usage
	41062  -  Run Bytes Sent By Job
	541  -  Run Bytes Received By Job
	41062  -  Total Bytes Sent By Job
	541  -  Total Bytes Received By Job
	Partitionable Resources :    Usage  Request Allocated
	   Cpus                 :                 1         1
	   Disk (KB)            :       53  1024000   1028669
	   Memory (MB)          :      321     2000      2000
...
