000 (8852.000.000) 03/29 07:15:01 Job submitted from host: <128.101.221.180:9618?addrs=128.101.221.180-9618&noUDP&sock=3943_2604_3>
...
001 (8852.000.000) 03/29 07:57:19 Job executing on host: <128.101.221.175:9618?addrs=128.101.221.175-9618&noUDP&sock=12916_e152_4>
...
006 (8852.000.000) 03/29 07:57:28 Image size of job updated: 212296
	189  -  MemoryUsage of job (MB)
	193496  -  ResidentSetSize of job (KB)
...
006 (8852.000.000) 03/29 08:02:29 Image size of job updated: 327880
	321  -  MemoryUsage of job (MB)
	327820  -  ResidentSetSize of job (KB)
...
006 (8852.000.000) 03/29 08:05:35 Image size of job updated: 327896
	321  -  MemoryUsage of job (MB)
	327820  -  ResidentSetSize of job (KB)
...
005 (8852.000.000) 03/29 08:05:36 Job terminated.
	(1) Normal termination (return value 0)
		Usr 0 00:05:01, Sys 0 00:02:48  -  Run Remote Usage
		Usr 0 00:00:00, Sys 0 00:00:00  -  Run Local Usage
		Usr 0 00:05:01, Sys 0 00:02:48  -  Total Remote Usage
		Usr 0 00:00:00, Sys 0 00:00:00  -  Total Local Usage
	37644  -  Run Bytes Sent By Job
	541  -  Run Bytes Received By Job
	37644  -  Total Bytes Sent By Job
	541  -  Total Bytes Received By Job
	Partitionable Resources :    Usage  Request Allocated
	   Cpus                 :                 1         1
	   Disk (KB)            :       50  1024000   1931342
	   Memory (MB)          :      321     2000      2000
...
