000 (8856.000.000) 03/29 07:15:03 Job submitted from host: <128.101.221.180:9618?addrs=128.101.221.180-9618&noUDP&sock=3943_2604_3>
...
001 (8856.000.000) 03/29 07:58:33 Job executing on host: <128.101.221.182:9618?addrs=128.101.221.182-9618&noUDP&sock=3902_06a2_4>
...
006 (8856.000.000) 03/29 07:58:41 Image size of job updated: 265740
	202  -  MemoryUsage of job (MB)
	205924  -  ResidentSetSize of job (KB)
...
006 (8856.000.000) 03/29 08:03:41 Image size of job updated: 326816
	320  -  MemoryUsage of job (MB)
	326728  -  ResidentSetSize of job (KB)
...
006 (8856.000.000) 03/29 08:08:42 Image size of job updated: 330824
	322  -  MemoryUsage of job (MB)
	328996  -  ResidentSetSize of job (KB)
...
006 (8856.000.000) 03/29 08:09:23 Image size of job updated: 726620
	322  -  MemoryUsage of job (MB)
	328996  -  ResidentSetSize of job (KB)
...
005 (8856.000.000) 03/29 08:09:24 Job terminated.
	(1) Normal termination (return value 0)
		Usr 0 00:06:36, Sys 0 00:03:25  -  Run Remote Usage
		Usr 0 00:00:00, Sys 0 00:00:00  -  Run Local Usage
		Usr 0 00:06:36, Sys 0 00:03:25  -  Total Remote Usage
		Usr 0 00:00:00, Sys 0 00:00:00  -  Total Local Usage
	56315  -  Run Bytes Sent By Job
	541  -  Run Bytes Received By Job
	56315  -  Total Bytes Sent By Job
	541  -  Total Bytes Received By Job
	Partitionable Resources :    Usage  Request Allocated
	   Cpus                 :                 1         1
	   Disk (KB)            :       68  1024000   2046746
	   Memory (MB)          :      322     2000      2000
...
