000 (8846.000.000) 03/29 07:14:58 Job submitted from host: <128.101.221.180:9618?addrs=128.101.221.180-9618&noUDP&sock=3943_2604_3>
...
001 (8846.000.000) 03/29 07:55:12 Job executing on host: <128.101.221.175:9618?addrs=128.101.221.175-9618&noUDP&sock=12916_e152_4>
...
006 (8846.000.000) 03/29 07:55:20 Image size of job updated: 204944
	184  -  MemoryUsage of job (MB)
	187944  -  ResidentSetSize of job (KB)
...
006 (8846.000.000) 03/29 08:00:20 Image size of job updated: 326360
	319  -  MemoryUsage of job (MB)
	326172  -  ResidentSetSize of job (KB)
...
006 (8846.000.000) 03/29 08:05:21 Image size of job updated: 327732
	320  -  MemoryUsage of job (MB)
	327668  -  ResidentSetSize of job (KB)
...
006 (8846.000.000) 03/29 08:07:28 Image size of job updated: 327760
	320  -  MemoryUsage of job (MB)
	327668  -  ResidentSetSize of job (KB)
...
005 (8846.000.000) 03/29 08:07:29 Job terminated.
	(1) Normal termination (return value 0)
		Usr 0 00:07:16, Sys 0 00:04:23  -  Run Remote Usage
		Usr 0 00:00:00, Sys 0 00:00:00  -  Run Local Usage
		Usr 0 00:07:16, Sys 0 00:04:23  -  Total Remote Usage
		Usr 0 00:00:00, Sys 0 00:00:00  -  Total Local Usage
	587739  -  Run Bytes Sent By Job
	541  -  Run Bytes Received By Job
	587739  -  Total Bytes Sent By Job
	541  -  Total Bytes Received By Job
	Partitionable Resources :    Usage  Request Allocated
	   Cpus                 :                 1         1
	   Disk (KB)            :      587  1024000   1931364
	   Memory (MB)          :      320     2000      2000
...
