000 (8879.000.000) 03/29 07:15:15 Job submitted from host: <128.101.221.180:9618?addrs=128.101.221.180-9618&noUDP&sock=3943_2604_3>
...
001 (8879.000.000) 03/29 08:05:18 Job executing on host: <128.101.221.175:9618?addrs=128.101.221.175-9618&noUDP&sock=12916_e152_4>
...
006 (8879.000.000) 03/29 08:05:27 Image size of job updated: 248716
	183  -  MemoryUsage of job (MB)
	186500  -  ResidentSetSize of job (KB)
...
006 (8879.000.000) 03/29 08:10:28 Image size of job updated: 326632
	319  -  MemoryUsage of job (MB)
	326336  -  ResidentSetSize of job (KB)
...
005 (8879.000.000) 03/29 08:15:26 Job terminated.
	(1) Normal termination (return value 0)
		Usr 0 00:05:59, Sys 0 00:03:30  -  Run Remote Usage
		Usr 0 00:00:00, Sys 0 00:00:00  -  Run Local Usage
		Usr 0 00:05:59, Sys 0 00:03:30  -  Total Remote Usage
		Usr 0 00:00:00, Sys 0 00:00:00  -  Total Local Usage
	98030  -  Run Bytes Sent By Job
	541  -  Run Bytes Received By Job
	98030  -  Total Bytes Sent By Job
	541  -  Total Bytes Received By Job
	Partitionable Resources :    Usage  Request Allocated
	   Cpus                 :                 1         1
	   Disk (KB)            :      109  1024000   1931314
	   Memory (MB)          :      319     2000      2000
...
