000 (8877.000.000) 03/29 07:15:13 Job submitted from host: <128.101.221.180:9618?addrs=128.101.221.180-9618&noUDP&sock=3943_2604_3>
...
001 (8877.000.000) 03/29 08:04:58 Job executing on host: <128.101.221.182:9618?addrs=128.101.221.182-9618&noUDP&sock=3902_06a2_4>
...
006 (8877.000.000) 03/29 08:05:06 Image size of job updated: 218532
	167  -  MemoryUsage of job (MB)
	170484  -  ResidentSetSize of job (KB)
...
005 (8877.000.000) 03/29 08:09:00 Job terminated.
	(1) Normal termination (return value 0)
		Usr 0 00:02:21, Sys 0 00:01:25  -  Run Remote Usage
		Usr 0 00:00:00, Sys 0 00:00:00  -  Run Local Usage
		Usr 0 00:02:21, Sys 0 00:01:25  -  Total Remote Usage
		Usr 0 00:00:00, Sys 0 00:00:00  -  Total Local Usage
	48212  -  Run Bytes Sent By Job
	541  -  Run Bytes Received By Job
	48212  -  Total Bytes Sent By Job
	541  -  Total Bytes Received By Job
	Partitionable Resources :    Usage  Request Allocated
	   Cpus                 :                 1         1
	   Disk (KB)            :       60  1024000   2046732
	   Memory (MB)          :      167     2000      2000
...
