000 (8889.000.000) 03/29 07:15:19 Job submitted from host: <128.101.221.180:9618?addrs=128.101.221.180-9618&noUDP&sock=3943_2604_3>
...
001 (8889.000.000) 03/29 08:09:51 Job executing on host: <128.101.221.182:9618?addrs=128.101.221.182-9618&noUDP&sock=3902_06a2_4>
...
006 (8889.000.000) 03/29 08:10:01 Image size of job updated: 217236
	189  -  MemoryUsage of job (MB)
	192564  -  ResidentSetSize of job (KB)
...
005 (8889.000.000) 03/29 08:14:08 Job terminated.
	(1) Normal termination (return value 0)
		Usr 0 00:02:33, Sys 0 00:01:27  -  Run Remote Usage
		Usr 0 00:00:00, Sys 0 00:00:00  -  Run Local Usage
		Usr 0 00:02:33, Sys 0 00:01:27  -  Total Remote Usage
		Usr 0 00:00:00, Sys 0 00:00:00  -  Total Local Usage
	126131  -  Run Bytes Sent By Job
	541  -  Run Bytes Received By Job
	126131  -  Total Bytes Sent By Job
	541  -  Total Bytes Received By Job
	Partitionable Resources :    Usage  Request Allocated
	   Cpus                 :                 1         1
	   Disk (KB)            :      136  1024000   2046704
	   Memory (MB)          :      189     2000      2000
...
