000 (8855.000.000) 03/29 07:15:02 Job submitted from host: <128.101.221.180:9618?addrs=128.101.221.180-9618&noUDP&sock=3943_2604_3>
...
001 (8855.000.000) 03/29 07:58:30 Job executing on host: <128.101.221.182:9618?addrs=128.101.221.182-9618&noUDP&sock=3902_06a2_4>
...
006 (8855.000.000) 03/29 07:58:38 Image size of job updated: 193488
	167  -  MemoryUsage of job (MB)
	170272  -  ResidentSetSize of job (KB)
...
006 (8855.000.000) 03/29 08:02:43 Image size of job updated: 329328
	167  -  MemoryUsage of job (MB)
	170272  -  ResidentSetSize of job (KB)
...
005 (8855.000.000) 03/29 08:02:44 Job terminated.
	(1) Normal termination (return value 0)
		Usr 0 00:02:37, Sys 0 00:01:15  -  Run Remote Usage
		Usr 0 00:00:00, Sys 0 00:00:00  -  Run Local Usage
		Usr 0 00:02:37, Sys 0 00:01:15  -  Total Remote Usage
		Usr 0 00:00:00, Sys 0 00:00:00  -  Total Local Usage
	104933  -  Run Bytes Sent By Job
	541  -  Run Bytes Received By Job
	104933  -  Total Bytes Sent By Job
	541  -  Total Bytes Received By Job
	Partitionable Resources :    Usage  Request Allocated
	   Cpus                 :                 1         1
	   Disk (KB)            :      115  1024000   2046742
	   Memory (MB)          :      167     2000      2000
...
