000 (8886.000.000) 03/29 07:15:18 Job submitted from host: <128.101.221.180:9618?addrs=128.101.221.180-9618&noUDP&sock=3943_2604_3>
...
001 (8886.000.000) 03/29 08:09:01 Job executing on host: <128.101.221.182:9618?addrs=128.101.221.182-9618&noUDP&sock=3902_06a2_4>
...
006 (8886.000.000) 03/29 08:09:09 Image size of job updated: 241792
	166  -  MemoryUsage of job (MB)
	169872  -  ResidentSetSize of job (KB)
...
006 (8886.000.000) 03/29 08:14:09 Image size of job updated: 328780
	321  -  MemoryUsage of job (MB)
	328464  -  ResidentSetSize of job (KB)
...
005 (8886.000.000) 03/29 08:18:12 Job terminated.
	(1) Normal termination (return value 0)
		Usr 0 00:05:26, Sys 0 00:03:08  -  Run Remote Usage
		Usr 0 00:00:00, Sys 0 00:00:00  -  Run Local Usage
		Usr 0 00:05:26, Sys 0 00:03:08  -  Total Remote Usage
		Usr 0 00:00:00, Sys 0 00:00:00  -  Total Local Usage
	262175  -  Run Bytes Sent By Job
	541  -  Run Bytes Received By Job
	262175  -  Total Bytes Sent By Job
	541  -  Total Bytes Received By Job
	Partitionable Resources :    Usage  Request Allocated
	   Cpus                 :                 1         1
	   Disk (KB)            :      269  1024000   2046732
	   Memory (MB)          :      321     2000      2000
...
