000 (8834.000.000) 03/29 07:14:52 Job submitted from host: <128.101.221.180:9618?addrs=128.101.221.180-9618&noUDP&sock=3943_2604_3>
...
001 (8834.000.000) 03/29 07:50:17 Job executing on host: <128.101.221.182:9618?addrs=128.101.221.182-9618&noUDP&sock=3902_06a2_4>
...
006 (8834.000.000) 03/29 07:50:25 Image size of job updated: 248584
	171  -  MemoryUsage of job (MB)
	174412  -  ResidentSetSize of job (KB)
...
006 (8834.000.000) 03/29 07:55:25 Image size of job updated: 326872
	320  -  MemoryUsage of job (MB)
	326800  -  ResidentSetSize of job (KB)
...
006 (8834.000.000) 03/29 07:59:25 Image size of job updated: 328440
	320  -  MemoryUsage of job (MB)
	326800  -  ResidentSetSize of job (KB)
...
005 (8834.000.000) 03/29 07:59:26 Job terminated.
	(1) Normal termination (return value 0)
		Usr 0 00:05:25, Sys 0 00:03:12  -  Run Remote Usage
		Usr 0 00:00:00, Sys 0 00:00:00  -  Run Local Usage
		Usr 0 00:05:25, Sys 0 00:03:12  -  Total Remote Usage
		Usr 0 00:00:00, Sys 0 00:00:00  -  Total Local Usage
	132507  -  Run Bytes Sent By Job
	541  -  Run Bytes Received By Job
	132507  -  Total Bytes Sent By Job
	541  -  Total Bytes Received By Job
	Partitionable Resources :    Usage  Request Allocated
	   Cpus                 :                 1         1
	   Disk (KB)            :      142  1024000   2046744
	   Memory (MB)          :      320     2000      2000
...
