000 (8836.000.000) 03/29 07:14:53 Job submitted from host: <128.101.221.180:9618?addrs=128.101.221.180-9618&noUDP&sock=3943_2604_3>
...
001 (8836.000.000) 03/29 07:50:48 Job executing on host: <128.101.221.175:9618?addrs=128.101.221.175-9618&noUDP&sock=12916_e152_4>
...
006 (8836.000.000) 03/29 07:50:57 Image size of job updated: 256984
	191  -  MemoryUsage of job (MB)
	195524  -  ResidentSetSize of job (KB)
...
006 (8836.000.000) 03/29 07:55:58 Image size of job updated: 327400
	320  -  MemoryUsage of job (MB)
	326824  -  ResidentSetSize of job (KB)
...
006 (8836.000.000) 03/29 08:00:58 Image size of job updated: 328900
	322  -  MemoryUsage of job (MB)
	328748  -  ResidentSetSize of job (KB)
...
005 (8836.000.000) 03/29 08:03:31 Job terminated.
	(1) Normal termination (return value 0)
		Usr 0 00:07:38, Sys 0 00:04:25  -  Run Remote Usage
		Usr 0 00:00:00, Sys 0 00:00:00  -  Run Local Usage
		Usr 0 00:07:38, Sys 0 00:04:25  -  Total Remote Usage
		Usr 0 00:00:00, Sys 0 00:00:00  -  Total Local Usage
	92798  -  Run Bytes Sent By Job
	541  -  Run Bytes Received By Job
	92798  -  Total Bytes Sent By Job
	541  -  Total Bytes Received By Job
	Partitionable Resources :    Usage  Request Allocated
	   Cpus                 :                 1         1
	   Disk (KB)            :      104  1024000   1931364
	   Memory (MB)          :      322     2000      2000
...
