000 (8870.000.000) 03/29 07:15:09 Job submitted from host: <128.101.221.180:9618?addrs=128.101.221.180-9618&noUDP&sock=3943_2604_3>
...
001 (8870.000.000) 03/29 08:04:52 Job executing on host: <128.101.221.182:9618?addrs=128.101.221.182-9618&noUDP&sock=3902_06a2_4>
...
006 (8870.000.000) 03/29 08:05:01 Image size of job updated: 181384
	173  -  MemoryUsage of job (MB)
	176868  -  ResidentSetSize of job (KB)
...
006 (8870.000.000) 03/29 08:10:02 Image size of job updated: 326972
	320  -  MemoryUsage of job (MB)
	326860  -  ResidentSetSize of job (KB)
...
006 (8870.000.000) 03/29 08:15:02 Image size of job updated: 328444
	321  -  MemoryUsage of job (MB)
	328332  -  ResidentSetSize of job (KB)
...
006 (8870.000.000) 03/29 08:15:36 Image size of job updated: 726252
	321  -  MemoryUsage of job (MB)
	328332  -  ResidentSetSize of job (KB)
...
005 (8870.000.000) 03/29 08:15:37 Job terminated.
	(1) Normal termination (return value 0)
		Usr 0 00:06:20, Sys 0 00:03:46  -  Run Remote Usage
		Usr 0 00:00:00, Sys 0 00:00:00  -  Run Local Usage
		Usr 0 00:06:20, Sys 0 00:03:46  -  Total Remote Usage
		Usr 0 00:00:00, Sys 0 00:00:00  -  Total Local Usage
	115253  -  Run Bytes Sent By Job
	541  -  Run Bytes Received By Job
	115253  -  Total Bytes Sent By Job
	541  -  Total Bytes Received By Job
	Partitionable Resources :    Usage  Request Allocated
	   Cpus                 :                 1         1
	   Disk (KB)            :      125  1024000   2046734
	   Memory (MB)          :      321     2000      2000
...
