000 (8847.000.000) 03/29 07:14:58 Job submitted from host: <128.101.221.180:9618?addrs=128.101.221.180-9618&noUDP&sock=3943_2604_3>
...
001 (8847.000.000) 03/29 07:55:17 Job executing on host: <128.101.221.175:9618?addrs=128.101.221.175-9618&noUDP&sock=12916_e152_4>
...
006 (8847.000.000) 03/29 07:55:26 Image size of job updated: 257068
	198  -  MemoryUsage of job (MB)
	202696  -  ResidentSetSize of job (KB)
...
006 (8847.000.000) 03/29 07:59:25 Image size of job updated: 328076
	198  -  MemoryUsage of job (MB)
	202696  -  ResidentSetSize of job (KB)
...
005 (8847.000.000) 03/29 07:59:26 Job terminated.
	(1) Normal termination (return value 0)
		Usr 0 00:02:33, Sys 0 00:01:21  -  Run Remote Usage
		Usr 0 00:00:00, Sys 0 00:00:00  -  Run Local Usage
		Usr 0 00:02:33, Sys 0 00:01:21  -  Total Remote Usage
		Usr 0 00:00:00, Sys 0 00:00:00  -  Total Local Usage
	206812  -  Run Bytes Sent By Job
	541  -  Run Bytes Received By Job
	206812  -  Total Bytes Sent By Job
	541  -  Total Bytes Received By Job
	Partitionable Resources :    Usage  Request Allocated
	   Cpus                 :                 1         1
	   Disk (KB)            :      215  1024000   1931336
	   Memory (MB)          :      198     2000      2000
...
