000 (8875.000.000) 03/29 07:15:12 Job submitted from host: <128.101.221.180:9618?addrs=128.101.221.180-9618&noUDP&sock=3943_2604_3>
...
001 (8875.000.000) 03/29 08:04:55 Job executing on host: <128.101.221.182:9618?addrs=128.101.221.182-9618&noUDP&sock=3902_06a2_4>
...
006 (8875.000.000) 03/29 08:05:04 Image size of job updated: 200432
	194  -  MemoryUsage of job (MB)
	198296  -  ResidentSetSize of job (KB)
...
006 (8875.000.000) 03/29 08:10:05 Image size of job updated: 327732
	320  -  MemoryUsage of job (MB)
	327464  -  ResidentSetSize of job (KB)
...
006 (8875.000.000) 03/29 08:14:26 Image size of job updated: 727588
	320  -  MemoryUsage of job (MB)
	327464  -  ResidentSetSize of job (KB)
...
005 (8875.000.000) 03/29 08:14:27 Job terminated.
	(1) Normal termination (return value 0)
		Usr 0 00:05:35, Sys 0 00:03:24  -  Run Remote Usage
		Usr 0 00:00:00, Sys 0 00:00:00  -  Run Local Usage
		Usr 0 00:05:35, Sys 0 00:03:24  -  Total Remote Usage
		Usr 0 00:00:00, Sys 0 00:00:00  -  Total Local Usage
	115907  -  Run Bytes Sent By Job
	541  -  Run Bytes Received By Job
	115907  -  Total Bytes Sent By Job
	541  -  Total Bytes Received By Job
	Partitionable Resources :    Usage  Request Allocated
	   Cpus                 :                 1         1
	   Disk (KB)            :      126  1024000   2046732
	   Memory (MB)          :      320     2000      2000
...
