000 (8837.000.000) 03/29 07:14:53 Job submitted from host: <128.101.221.180:9618?addrs=128.101.221.180-9618&noUDP&sock=3943_2604_3>
...
001 (8837.000.000) 03/29 07:50:52 Job executing on host: <128.101.221.182:9618?addrs=128.101.221.182-9618&noUDP&sock=3902_06a2_4>
...
006 (8837.000.000) 03/29 07:51:00 Image size of job updated: 199536
	135  -  MemoryUsage of job (MB)
	137616  -  ResidentSetSize of job (KB)
...
006 (8837.000.000) 03/29 07:56:00 Image size of job updated: 328312
	321  -  MemoryUsage of job (MB)
	328048  -  ResidentSetSize of job (KB)
...
006 (8837.000.000) 03/29 07:59:17 Image size of job updated: 726308
	321  -  MemoryUsage of job (MB)
	328048  -  ResidentSetSize of job (KB)
...
005 (8837.000.000) 03/29 07:59:18 Job terminated.
	(1) Normal termination (return value 0)
		Usr 0 00:05:03, Sys 0 00:02:55  -  Run Remote Usage
		Usr 0 00:00:00, Sys 0 00:00:00  -  Run Local Usage
		Usr 0 00:05:03, Sys 0 00:02:55  -  Total Remote Usage
		Usr 0 00:00:00, Sys 0 00:00:00  -  Total Local Usage
	70345  -  Run Bytes Sent By Job
	541  -  Run Bytes Received By Job
	70345  -  Total Bytes Sent By Job
	541  -  Total Bytes Received By Job
	Partitionable Resources :    Usage  Request Allocated
	   Cpus                 :                 1         1
	   Disk (KB)            :       82  1024000   2046758
	   Memory (MB)          :      321     2000      2000
...
