000 (8880.000.000) 03/29 07:15:15 Job submitted from host: <128.101.221.180:9618?addrs=128.101.221.180-9618&noUDP&sock=3943_2604_3>
...
001 (8880.000.000) 03/29 08:05:56 Job executing on host: <128.101.221.175:9618?addrs=128.101.221.175-9618&noUDP&sock=12916_e152_4>
...
006 (8880.000.000) 03/29 08:06:05 Image size of job updated: 264492
	184  -  MemoryUsage of job (MB)
	188044  -  ResidentSetSize of job (KB)
...
006 (8880.000.000) 03/29 08:11:06 Image size of job updated: 329020
	321  -  MemoryUsage of job (MB)
	328568  -  ResidentSetSize of job (KB)
...
005 (8880.000.000) 03/29 08:14:49 Job terminated.
	(1) Normal termination (return value 0)
		Usr 0 00:05:15, Sys 0 00:03:03  -  Run Remote Usage
		Usr 0 00:00:00, Sys 0 00:00:00  -  Run Local Usage
		Usr 0 00:05:15, Sys 0 00:03:03  -  Total Remote Usage
		Usr 0 00:00:00, Sys 0 00:00:00  -  Total Local Usage
	105151  -  Run Bytes Sent By Job
	541  -  Run Bytes Received By Job
	105151  -  Total Bytes Sent By Job
	541  -  Total Bytes Received By Job
	Partitionable Resources :    Usage  Request Allocated
	   Cpus                 :                 1         1
	   Disk (KB)            :      116  1024000   1931308
	   Memory (MB)          :      321     2000      2000
...
