000 (8888.000.000) 03/29 07:15:19 Job submitted from host: <128.101.221.180:9618?addrs=128.101.221.180-9618&noUDP&sock=3943_2604_3>
...
001 (8888.000.000) 03/29 08:09:30 Job executing on host: <128.101.221.175:9618?addrs=128.101.221.175-9618&noUDP&sock=12916_e152_4>
...
006 (8888.000.000) 03/29 08:09:39 Image size of job updated: 217052
	179  -  MemoryUsage of job (MB)
	182808  -  ResidentSetSize of job (KB)
...
006 (8888.000.000) 03/29 08:14:40 Image size of job updated: 327184
	320  -  MemoryUsage of job (MB)
	326912  -  ResidentSetSize of job (KB)
...
006 (8888.000.000) 03/29 08:19:41 Image size of job updated: 329784
	322  -  MemoryUsage of job (MB)
	329584  -  ResidentSetSize of job (KB)
...
006 (8888.000.000) 03/29 08:21:29 Image size of job updated: 727732
	322  -  MemoryUsage of job (MB)
	329584  -  ResidentSetSize of job (KB)
...
005 (8888.000.000) 03/29 08:21:31 Job terminated.
	(1) Normal termination (return value 0)
		Usr 0 00:06:58, Sys 0 00:04:12  -  Run Remote Usage
		Usr 0 00:00:00, Sys 0 00:00:00  -  Run Local Usage
		Usr 0 00:06:58, Sys 0 00:04:12  -  Total Remote Usage
		Usr 0 00:00:00, Sys 0 00:00:00  -  Total Local Usage
	64022  -  Run Bytes Sent By Job
	541  -  Run Bytes Received By Job
	64022  -  Total Bytes Sent By Job
	541  -  Total Bytes Received By Job
	Partitionable Resources :    Usage  Request Allocated
	   Cpus                 :                 1         1
	   Disk (KB)            :       75  1024000   1931298
	   Memory (MB)          :      322     2000      2000
...
