000 (8867.000.000) 03/29 07:15:08 Job submitted from host: <128.101.221.180:9618?addrs=128.101.221.180-9618&noUDP&sock=3943_2604_3>
...
001 (8867.000.000) 03/29 08:03:50 Job executing on host: <128.101.221.175:9618?addrs=128.101.221.175-9618&noUDP&sock=12916_e152_4>
...
006 (8867.000.000) 03/29 08:03:59 Image size of job updated: 227572
	173  -  MemoryUsage of job (MB)
	176876  -  ResidentSetSize of job (KB)
...
006 (8867.000.000) 03/29 08:08:59 Image size of job updated: 329320
	322  -  MemoryUsage of job (MB)
	328988  -  ResidentSetSize of job (KB)
...
006 (8867.000.000) 03/29 08:12:51 Image size of job updated: 329328
	322  -  MemoryUsage of job (MB)
	328988  -  ResidentSetSize of job (KB)
...
005 (8867.000.000) 03/29 08:12:52 Job terminated.
	(1) Normal termination (return value 0)
		Usr 0 00:05:24, Sys 0 00:03:07  -  Run Remote Usage
		Usr 0 00:00:00, Sys 0 00:00:00  -  Run Local Usage
		Usr 0 00:05:24, Sys 0 00:03:07  -  Total Remote Usage
		Usr 0 00:00:00, Sys 0 00:00:00  -  Total Local Usage
	35900  -  Run Bytes Sent By Job
	541  -  Run Bytes Received By Job
	35900  -  Total Bytes Sent By Job
	541  -  Total Bytes Received By Job
	Partitionable Resources :    Usage  Request Allocated
	   Cpus                 :                 1         1
	   Disk (KB)            :       48  1024000   1931310
	   Memory (MB)          :      322     2000      2000
...
