000 (8871.000.000) 03/29 07:15:10 Job submitted from host: <128.101.221.180:9618?addrs=128.101.221.180-9618&noUDP&sock=3943_2604_3>
...
001 (8871.000.000) 03/29 08:04:52 Job executing on host: <128.101.221.182:9618?addrs=128.101.221.182-9618&noUDP&sock=3902_06a2_4>
...
006 (8871.000.000) 03/29 08:05:01 Image size of job updated: 179212
	175  -  MemoryUsage of job (MB)
	178232  -  ResidentSetSize of job (KB)
...
006 (8871.000.000) 03/29 08:10:02 Image size of job updated: 329064
	322  -  MemoryUsage of job (MB)
	328776  -  ResidentSetSize of job (KB)
...
005 (8871.000.000) 03/29 08:10:09 Job terminated.
	(1) Normal termination (return value 0)
		Usr 0 00:03:09, Sys 0 00:01:49  -  Run Remote Usage
		Usr 0 00:00:00, Sys 0 00:00:00  -  Run Local Usage
		Usr 0 00:03:09, Sys 0 00:01:49  -  Total Remote Usage
		Usr 0 00:00:00, Sys 0 00:00:00  -  Total Local Usage
	86318  -  Run Bytes Sent By Job
	541  -  Run Bytes Received By Job
	86318  -  Total Bytes Sent By Job
	541  -  Total Bytes Received By Job
	Partitionable Resources :    Usage  Request Allocated
	   Cpus                 :                 1         1
	   Disk (KB)            :       97  1024000   2046734
	   Memory (MB)          :      322     2000      2000
...
