000 (8887.000.000) 03/29 07:15:18 Job submitted from host: <128.101.221.180:9618?addrs=128.101.221.180-9618&noUDP&sock=3943_2604_3>
...
001 (8887.000.000) 03/29 08:09:30 Job executing on host: <128.101.221.175:9618?addrs=128.101.221.175-9618&noUDP&sock=12916_e152_4>
...
006 (8887.000.000) 03/29 08:09:39 Image size of job updated: 221652
	176  -  MemoryUsage of job (MB)
	179816  -  ResidentSetSize of job (KB)
...
006 (8887.000.000) 03/29 08:14:40 Image size of job updated: 326676
	320  -  MemoryUsage of job (MB)
	326672  -  ResidentSetSize of job (KB)
...
006 (8887.000.000) 03/29 08:17:09 Image size of job updated: 328396
	320  -  MemoryUsage of job (MB)
	326672  -  ResidentSetSize of job (KB)
...
005 (8887.000.000) 03/29 08:17:09 Job terminated.
	(1) Normal termination (return value 0)
		Usr 0 00:04:32, Sys 0 00:02:36  -  Run Remote Usage
		Usr 0 00:00:00, Sys 0 00:00:00  -  Run Local Usage
		Usr 0 00:04:32, Sys 0 00:02:36  -  Total Remote Usage
		Usr 0 00:00:00, Sys 0 00:00:00  -  Total Local Usage
	159901  -  Run Bytes Sent By Job
	541  -  Run Bytes Received By Job
	159901  -  Total Bytes Sent By Job
	541  -  Total Bytes Received By Job
	Partitionable Resources :    Usage  Request Allocated
	   Cpus                 :                 1         1
	   Disk (KB)            :      169  1024000   1931298
	   Memory (MB)          :      320     2000      2000
...
