000 (8864.000.000) 03/29 07:15:07 Job submitted from host: <128.101.221.180:9618?addrs=128.101.221.180-9618&noUDP&sock=3943_2604_3>
...
001 (8864.000.000) 03/29 08:02:50 Job executing on host: <128.101.221.175:9618?addrs=128.101.221.175-9618&noUDP&sock=12916_e152_4>
...
006 (8864.000.000) 03/29 08:02:59 Image size of job updated: 256040
	177  -  MemoryUsage of job (MB)
	180324  -  ResidentSetSize of job (KB)
...
006 (8864.000.000) 03/29 08:08:00 Image size of job updated: 329288
	322  -  MemoryUsage of job (MB)
	329168  -  ResidentSetSize of job (KB)
...
005 (8864.000.000) 03/29 08:09:09 Job terminated.
	(1) Normal termination (return value 0)
		Usr 0 00:03:45, Sys 0 00:02:09  -  Run Remote Usage
		Usr 0 00:00:00, Sys 0 00:00:00  -  Run Local Usage
		Usr 0 00:03:45, Sys 0 00:02:09  -  Total Remote Usage
		Usr 0 00:00:00, Sys 0 00:00:00  -  Total Local Usage
	211608  -  Run Bytes Sent By Job
	541  -  Run Bytes Received By Job
	211608  -  Total Bytes Sent By Job
	541  -  Total Bytes Received By Job
	Partitionable Resources :    Usage  Request Allocated
	   Cpus                 :                 1         1
	   Disk (KB)            :      220  1024000   1931312
	   Memory (MB)          :      322     2000      2000
...
