000 (8833.000.000) 03/29 07:14:52 Job submitted from host: <128.101.221.180:9618?addrs=128.101.221.180-9618&noUDP&sock=3943_2604_3>
...
001 (8833.000.000) 03/29 07:50:19 Job executing on host: <128.101.220.43:9618?addrs=128.101.220.43-9618&noUDP&sock=249879_c9d6_4>
...
006 (8833.000.000) 03/29 07:50:28 Image size of job updated: 272652
	190  -  MemoryUsage of job (MB)
	193604  -  ResidentSetSize of job (KB)
...
006 (8833.000.000) 03/29 07:55:28 Image size of job updated: 423748
	320  -  MemoryUsage of job (MB)
	327144  -  ResidentSetSize of job (KB)
...
006 (8833.000.000) 03/29 07:59:36 Image size of job updated: 425012
	320  -  MemoryUsage of job (MB)
	327144  -  ResidentSetSize of job (KB)
...
005 (8833.000.000) 03/29 07:59:37 Job terminated.
	(1) Normal termination (return value 0)
		Usr 0 00:06:16, Sys 0 00:02:02  -  Run Remote Usage
		Usr 0 00:00:00, Sys 0 00:00:00  -  Run Local Usage
		Usr 0 00:06:16, Sys 0 00:02:02  -  Total Remote Usage
		Usr 0 00:00:00, Sys 0 00:00:00  -  Total Local Usage
	29995  -  Run Bytes Sent By Job
	541  -  Run Bytes Received By Job
	29995  -  Total Bytes Sent By Job
	541  -  Total Bytes Received By Job
	Partitionable Resources :    Usage  Request Allocated
	   Cpus                 :                 1         1
	   Disk (KB)            :       42  1024000   1028901
	   Memory (MB)          :      320     2000      2000
...
