000 (8861.000.000) 03/29 07:15:05 Job submitted from host: <128.101.221.180:9618?addrs=128.101.221.180-9618&noUDP&sock=3943_2604_3>
...
001 (8861.000.000) 03/29 08:00:58 Job executing on host: <128.101.221.175:9618?addrs=128.101.221.175-9618&noUDP&sock=12916_e152_4>
...
006 (8861.000.000) 03/29 08:01:07 Image size of job updated: 252316
	174  -  MemoryUsage of job (MB)
	177624  -  ResidentSetSize of job (KB)
...
006 (8861.000.000) 03/29 08:05:16 Image size of job updated: 726376
	174  -  MemoryUsage of job (MB)
	177624  -  ResidentSetSize of job (KB)
...
005 (8861.000.000) 03/29 08:05:17 Job terminated.
	(1) Normal termination (return value 0)
		Usr 0 00:02:38, Sys 0 00:01:24  -  Run Remote Usage
		Usr 0 00:00:00, Sys 0 00:00:00  -  Run Local Usage
		Usr 0 00:02:38, Sys 0 00:01:24  -  Total Remote Usage
		Usr 0 00:00:00, Sys 0 00:00:00  -  Total Local Usage
	100990  -  Run Bytes Sent By Job
	541  -  Run Bytes Received By Job
	100990  -  Total Bytes Sent By Job
	541  -  Total Bytes Received By Job
	Partitionable Resources :    Usage  Request Allocated
	   Cpus                 :                 1         1
	   Disk (KB)            :      111  1024000   1931314
	   Memory (MB)          :      174     2000      2000
...
