000 (8859.000.000) 03/29 07:15:04 Job submitted from host: <128.101.221.180:9618?addrs=128.101.221.180-9618&noUDP&sock=3943_2604_3>
...
001 (8859.000.000) 03/29 07:59:38 Job executing on host: <128.101.221.175:9618?addrs=128.101.221.175-9618&noUDP&sock=12916_e152_4>
...
006 (8859.000.000) 03/29 07:59:47 Image size of job updated: 237928
	185  -  MemoryUsage of job (MB)
	189108  -  ResidentSetSize of job (KB)
...
006 (8859.000.000) 03/29 08:04:48 Image size of job updated: 326928
	319  -  MemoryUsage of job (MB)
	326632  -  ResidentSetSize of job (KB)
...
006 (8859.000.000) 03/29 08:09:49 Image size of job updated: 329220
	322  -  MemoryUsage of job (MB)
	329072  -  ResidentSetSize of job (KB)
...
006 (8859.000.000) 03/29 08:11:19 Image size of job updated: 329392
	322  -  MemoryUsage of job (MB)
	329072  -  ResidentSetSize of job (KB)
...
005 (8859.000.000) 03/29 08:11:20 Job terminated.
	(1) Normal termination (return value 0)
		Usr 0 00:06:58, Sys 0 00:04:04  -  Run Remote Usage
		Usr 0 00:00:00, Sys 0 00:00:00  -  Run Local Usage
		Usr 0 00:06:58, Sys 0 00:04:04  -  Total Remote Usage
		Usr 0 00:00:00, Sys 0 00:00:00  -  Total Local Usage
	41061  -  Run Bytes Sent By Job
	541  -  Run Bytes Received By Job
	41061  -  Total Bytes Sent By Job
	541  -  Total Bytes Received By Job
	Partitionable Resources :    Usage  Request Allocated
	   Cpus                 :                 1         1
	   Disk (KB)            :       53  1024000   1931312
	   Memory (MB)          :      322     2000      2000
...
