000 (7436.000.000) 02/17 07:41:03 Job submitted from host: <128.101.221.181:9618?addrs=128.101.221.181-9618&noUDP&sock=2582719_fdba_3>
...
001 (7436.000.000) 02/17 07:44:58 Job executing on host: <128.101.221.182:9618?addrs=128.101.221.182-9618&noUDP&sock=3902_06a2_4>
...
006 (7436.000.000) 02/17 07:45:07 Image size of job updated: 231836
	178  -  MemoryUsage of job (MB)
	182228  -  ResidentSetSize of job (KB)
...
006 (7436.000.000) 02/17 07:48:23 Image size of job updated: 720232
	178  -  MemoryUsage of job (MB)
	182228  -  ResidentSetSize of job (KB)
...
005 (7436.000.000) 02/17 07:48:24 Job terminated.
	(1) Normal termination (return value 0)
		Usr 0 00:02:01, Sys 0 00:01:02  -  Run Remote Usage
		Usr 0 00:00:00, Sys 0 00:00:00  -  Run Local Usage
		Usr 0 00:02:01, Sys 0 00:01:02  -  Total Remote Usage
		Usr 0 00:00:00, Sys 0 00:00:00  -  Total Local Usage
	58273  -  Run Bytes Sent By Job
	517  -  Run Bytes Received By Job
	58273  -  Total Bytes Sent By Job
	517  -  Total Bytes Received By Job
	Partitionable Resources :    Usage  Request Allocated
	   Cpus                 :                 1         1
	   Disk (KB)            :       70  1024000   1024784
	   Memory (MB)          :      178     2000      2000
...
