000 (7386.000.000) 02/17 07:40:30 Job submitted from host: <128.101.221.181:9618?addrs=128.101.221.181-9618&noUDP&sock=2582719_fdba_3>
...
001 (7386.000.000) 02/17 07:40:50 Job executing on host: <128.101.221.193:9618?addrs=128.101.221.193-9618&noUDP&sock=2332108_b0a7_4>
...
006 (7386.000.000) 02/17 07:40:59 Image size of job updated: 225668
	205  -  MemoryUsage of job (MB)
	209272  -  ResidentSetSize of job (KB)
...
006 (7386.000.000) 02/17 07:42:26 Image size of job updated: 720876
	205  -  MemoryUsage of job (MB)
	209272  -  ResidentSetSize of job (KB)
...
005 (7386.000.000) 02/17 07:42:27 Job terminated.
	(1) Normal termination (return value 0)
		Usr 0 00:00:48, Sys 0 00:00:37  -  Run Remote Usage
		Usr 0 00:00:00, Sys 0 00:00:00  -  Run Local Usage
		Usr 0 00:00:48, Sys 0 00:00:37  -  Total Remote Usage
		Usr 0 00:00:00, Sys 0 00:00:00  -  Total Local Usage
	40596  -  Run Bytes Sent By Job
	517  -  Run Bytes Received By Job
	40596  -  Total Bytes Sent By Job
	517  -  Total Bytes Received By Job
	Partitionable Resources :    Usage  Request Allocated
	   Cpus                 :                 1         1
	   Disk (KB)            :       52  1024000   1030380
	   Memory (MB)          :      205     2000      2000
...
