000 (7385.000.000) 02/17 07:40:29 Job submitted from host: <128.101.221.181:9618?addrs=128.101.221.181-9618&noUDP&sock=2582719_fdba_3>
...
001 (7385.000.000) 02/17 07:40:48 Job executing on host: <128.101.221.193:9618?addrs=128.101.221.193-9618&noUDP&sock=2332108_b0a7_4>
...
006 (7385.000.000) 02/17 07:40:57 Image size of job updated: 237596
	221  -  MemoryUsage of job (MB)
	225516  -  ResidentSetSize of job (KB)
...
005 (7385.000.000) 02/17 07:41:51 Job terminated.
	(1) Normal termination (return value 0)
		Usr 0 00:00:33, Sys 0 00:00:21  -  Run Remote Usage
		Usr 0 00:00:00, Sys 0 00:00:00  -  Run Local Usage
		Usr 0 00:00:33, Sys 0 00:00:21  -  Total Remote Usage
		Usr 0 00:00:00, Sys 0 00:00:00  -  Total Local Usage
	33991  -  Run Bytes Sent By Job
	517  -  Run Bytes Received By Job
	33991  -  Total Bytes Sent By Job
	517  -  Total Bytes Received By Job
	Partitionable Resources :    Usage  Request Allocated
	   Cpus                 :                 1         1
	   Disk (KB)            :       46  1024000   1030384
	   Memory (MB)          :      221     2000      2000
...
