000 (7442.000.000) 02/17 07:41:06 Job submitted from host: <128.101.221.181:9618?addrs=128.101.221.181-9618&noUDP&sock=2582719_fdba_3>
...
001 (7442.000.000) 02/17 07:45:37 Job executing on host: <128.101.221.193:9618?addrs=128.101.221.193-9618&noUDP&sock=2332108_b0a7_4>
...
006 (7442.000.000) 02/17 07:45:46 Image size of job updated: 282280
	212  -  MemoryUsage of job (MB)
	216556  -  ResidentSetSize of job (KB)
...
005 (7442.000.000) 02/17 07:48:13 Job terminated.
	(1) Normal termination (return value 0)
		Usr 0 00:01:11, Sys 0 00:01:06  -  Run Remote Usage
		Usr 0 00:00:00, Sys 0 00:00:00  -  Run Local Usage
		Usr 0 00:01:11, Sys 0 00:01:06  -  Total Remote Usage
		Usr 0 00:00:00, Sys 0 00:00:00  -  Total Local Usage
	55375  -  Run Bytes Sent By Job
	517  -  Run Bytes Received By Job
	55375  -  Total Bytes Sent By Job
	517  -  Total Bytes Received By Job
	Partitionable Resources :    Usage  Request Allocated
	   Cpus                 :                 1         1
	   Disk (KB)            :       67  1024000   1030380
	   Memory (MB)          :      212     2000      2000
...
