000 (7432.000.000) 02/17 07:41:00 Job submitted from host: <128.101.221.181:9618?addrs=128.101.221.181-9618&noUDP&sock=2582719_fdba_3>
...
001 (7432.000.000) 02/17 07:44:48 Job executing on host: <128.101.221.192:9618?addrs=128.101.221.192-9618&noUDP&sock=3175794_1c7b_4>
...
006 (7432.000.000) 02/17 07:44:56 Image size of job updated: 179472
	163  -  MemoryUsage of job (MB)
	166032  -  ResidentSetSize of job (KB)
...
006 (7432.000.000) 02/17 07:48:17 Image size of job updated: 719792
	163  -  MemoryUsage of job (MB)
	166032  -  ResidentSetSize of job (KB)
...
005 (7432.000.000) 02/17 07:48:18 Job terminated.
	(1) Normal termination (return value 0)
		Usr 0 00:01:59, Sys 0 00:01:09  -  Run Remote Usage
		Usr 0 00:00:00, Sys 0 00:00:00  -  Run Local Usage
		Usr 0 00:01:59, Sys 0 00:01:09  -  Total Remote Usage
		Usr 0 00:00:00, Sys 0 00:00:00  -  Total Local Usage
	65786  -  Run Bytes Sent By Job
	517  -  Run Bytes Received By Job
	65786  -  Total Bytes Sent By Job
	517  -  Total Bytes Received By Job
	Partitionable Resources :    Usage  Request Allocated
	   Cpus                 :                 1         1
	   Disk (KB)            :       77  1024000   1030887
	   Memory (MB)          :      163     2000      2000
...
