000 (7394.000.000) 02/17 07:40:35 Job submitted from host: <128.101.221.181:9618?addrs=128.101.221.181-9618&noUDP&sock=2582719_fdba_3>
...
001 (7394.000.000) 02/17 07:40:54 Job executing on host: <128.101.221.182:9618?addrs=128.101.221.182-9618&noUDP&sock=3902_06a2_4>
...
006 (7394.000.000) 02/17 07:41:03 Image size of job updated: 233480
	174  -  MemoryUsage of job (MB)
	178036  -  ResidentSetSize of job (KB)
...
006 (7394.000.000) 02/17 07:44:56 Image size of job updated: 720156
	174  -  MemoryUsage of job (MB)
	178036  -  ResidentSetSize of job (KB)
...
005 (7394.000.000) 02/17 07:44:57 Job terminated.
	(1) Normal termination (return value 0)
		Usr 0 00:02:16, Sys 0 00:01:19  -  Run Remote Usage
		Usr 0 00:00:00, Sys 0 00:00:00  -  Run Local Usage
		Usr 0 00:02:16, Sys 0 00:01:19  -  Total Remote Usage
		Usr 0 00:00:00, Sys 0 00:00:00  -  Total Local Usage
	64020  -  Run Bytes Sent By Job
	517  -  Run Bytes Received By Job
	64020  -  Total Bytes Sent By Job
	517  -  Total Bytes Received By Job
	Partitionable Resources :    Usage  Request Allocated
	   Cpus                 :                 1         1
	   Disk (KB)            :       75  1024000   1024784
	   Memory (MB)          :      174     2000      2000
...
