000 (7419.000.000) 02/17 07:40:50 Job submitted from host: <128.101.221.181:9618?addrs=128.101.221.181-9618&noUDP&sock=2582719_fdba_3>
...
001 (7419.000.000) 02/17 07:44:10 Job executing on host: <128.101.221.170:9618?addrs=128.101.221.170-9618&noUDP&sock=4150_221f_4>
...
006 (7419.000.000) 02/17 07:44:18 Image size of job updated: 194384
	131  -  MemoryUsage of job (MB)
	133236  -  ResidentSetSize of job (KB)
...
006 (7419.000.000) 02/17 07:49:18 Image size of job updated: 324708
	317  -  MemoryUsage of job (MB)
	324540  -  ResidentSetSize of job (KB)
...
006 (7419.000.000) 02/17 07:50:12 Image size of job updated: 724924
	317  -  MemoryUsage of job (MB)
	324540  -  ResidentSetSize of job (KB)
...
005 (7419.000.000) 02/17 07:50:13 Job terminated.
	(1) Normal termination (return value 0)
		Usr 0 00:03:01, Sys 0 00:02:26  -  Run Remote Usage
		Usr 0 00:00:00, Sys 0 00:00:00  -  Run Local Usage
		Usr 0 00:03:01, Sys 0 00:02:26  -  Total Remote Usage
		Usr 0 00:00:00, Sys 0 00:00:00  -  Total Local Usage
	65957  -  Run Bytes Sent By Job
	517  -  Run Bytes Received By Job
	65957  -  Total Bytes Sent By Job
	517  -  Total Bytes Received By Job
	Partitionable Resources :    Usage  Request Allocated
	   Cpus                 :                 1         1
	   Disk (KB)            :       84  1024000   2040476
	   Memory (MB)          :      317     2000      2000
...
