000 (7380.000.000) 02/17 07:40:26 Job submitted from host: <128.101.221.181:9618?addrs=128.101.221.181-9618&noUDP&sock=2582719_fdba_3>
...
001 (7380.000.000) 02/17 07:40:37 Job executing on host: <128.101.221.170:9618?addrs=128.101.221.170-9618&noUDP&sock=4150_221f_4>
...
006 (7380.000.000) 02/17 07:40:46 Image size of job updated: 274024
	222  -  MemoryUsage of job (MB)
	227328  -  ResidentSetSize of job (KB)
...
006 (7380.000.000) 02/17 07:44:46 Image size of job updated: 724776
	223  -  MemoryUsage of job (MB)
	227428  -  ResidentSetSize of job (KB)
...
005 (7380.000.000) 02/17 07:44:46 Job terminated.
	(1) Normal termination (return value 0)
		Usr 0 00:02:01, Sys 0 00:01:42  -  Run Remote Usage
		Usr 0 00:00:00, Sys 0 00:00:00  -  Run Local Usage
		Usr 0 00:02:01, Sys 0 00:01:42  -  Total Remote Usage
		Usr 0 00:00:00, Sys 0 00:00:00  -  Total Local Usage
	47458  -  Run Bytes Sent By Job
	517  -  Run Bytes Received By Job
	47458  -  Total Bytes Sent By Job
	517  -  Total Bytes Received By Job
	Partitionable Resources :    Usage  Request Allocated
	   Cpus                 :                 1         1
	   Disk (KB)            :       66  1024000   2040476
	   Memory (MB)          :      223     2000      2000
...
