000 (7390.000.000) 02/17 07:40:33 Job submitted from host: <128.101.221.181:9618?addrs=128.101.221.181-9618&noUDP&sock=2582719_fdba_3>
...
001 (7390.000.000) 02/17 07:40:54 Job executing on host: <128.101.221.193:9618?addrs=128.101.221.193-9618&noUDP&sock=2332108_b0a7_4>
...
006 (7390.000.000) 02/17 07:41:03 Image size of job updated: 203264
	168  -  MemoryUsage of job (MB)
	171204  -  ResidentSetSize of job (KB)
...
006 (7390.000.000) 02/17 07:45:21 Image size of job updated: 325312
	168  -  MemoryUsage of job (MB)
	171204  -  ResidentSetSize of job (KB)
...
005 (7390.000.000) 02/17 07:45:22 Job terminated.
	(1) Normal termination (return value 0)
		Usr 0 00:01:51, Sys 0 00:02:03  -  Run Remote Usage
		Usr 0 00:00:00, Sys 0 00:00:00  -  Run Local Usage
		Usr 0 00:01:51, Sys 0 00:02:03  -  Total Remote Usage
		Usr 0 00:00:00, Sys 0 00:00:00  -  Total Local Usage
	53207  -  Run Bytes Sent By Job
	517  -  Run Bytes Received By Job
	53207  -  Total Bytes Sent By Job
	517  -  Total Bytes Received By Job
	Partitionable Resources :    Usage  Request Allocated
	   Cpus                 :                 1         1
	   Disk (KB)            :       65  1024000   1030380
	   Memory (MB)          :      168     2000      2000
...
