000 (7433.000.000) 02/17 07:41:01 Job submitted from host: <128.101.221.181:9618?addrs=128.101.221.181-9618&noUDP&sock=2582719_fdba_3>
...
001 (7433.000.000) 02/17 07:44:48 Job executing on host: <128.101.221.193:9618?addrs=128.101.221.193-9618&noUDP&sock=2332108_b0a7_4>
...
006 (7433.000.000) 02/17 07:44:57 Image size of job updated: 215572
	183  -  MemoryUsage of job (MB)
	187308  -  ResidentSetSize of job (KB)
...
006 (7433.000.000) 02/17 07:48:32 Image size of job updated: 720104
	183  -  MemoryUsage of job (MB)
	187308  -  ResidentSetSize of job (KB)
...
005 (7433.000.000) 02/17 07:48:33 Job terminated.
	(1) Normal termination (return value 0)
		Usr 0 00:01:41, Sys 0 00:01:36  -  Run Remote Usage
		Usr 0 00:00:00, Sys 0 00:00:00  -  Run Local Usage
		Usr 0 00:01:41, Sys 0 00:01:36  -  Total Remote Usage
		Usr 0 00:00:00, Sys 0 00:00:00  -  Total Local Usage
	59305  -  Run Bytes Sent By Job
	517  -  Run Bytes Received By Job
	59305  -  Total Bytes Sent By Job
	517  -  Total Bytes Received By Job
	Partitionable Resources :    Usage  Request Allocated
	   Cpus                 :                 1         1
	   Disk (KB)            :       71  1024000   1030384
	   Memory (MB)          :      183     2000      2000
...
