000 (7415.000.000) 02/17 07:40:48 Job submitted from host: <128.101.221.181:9618?addrs=128.101.221.181-9618&noUDP&sock=2582719_fdba_3>
...
001 (7415.000.000) 02/17 07:43:57 Job executing on host: <128.101.221.192:9618?addrs=128.101.221.192-9618&noUDP&sock=3175794_1c7b_4>
...
006 (7415.000.000) 02/17 07:44:06 Image size of job updated: 248472
	204  -  MemoryUsage of job (MB)
	208080  -  ResidentSetSize of job (KB)
...
006 (7415.000.000) 02/17 07:47:23 Image size of job updated: 717924
	204  -  MemoryUsage of job (MB)
	208080  -  ResidentSetSize of job (KB)
...
005 (7415.000.000) 02/17 07:47:24 Job terminated.
	(1) Normal termination (return value 0)
		Usr 0 00:01:57, Sys 0 00:01:09  -  Run Remote Usage
		Usr 0 00:00:00, Sys 0 00:00:00  -  Run Local Usage
		Usr 0 00:01:57, Sys 0 00:01:09  -  Total Remote Usage
		Usr 0 00:00:00, Sys 0 00:00:00  -  Total Local Usage
	59545  -  Run Bytes Sent By Job
	517  -  Run Bytes Received By Job
	59545  -  Total Bytes Sent By Job
	517  -  Total Bytes Received By Job
	Partitionable Resources :    Usage  Request Allocated
	   Cpus                 :                 1         1
	   Disk (KB)            :       71  1024000   1030886
	   Memory (MB)          :      204     2000      2000
...
