000 (7400.000.000) 02/17 07:40:39 Job submitted from host: <128.101.221.181:9618?addrs=128.101.221.181-9618&noUDP&sock=2582719_fdba_3>
...
001 (7400.000.000) 02/17 07:42:09 Job executing on host: <128.101.221.193:9618?addrs=128.101.221.193-9618&noUDP&sock=2332108_b0a7_4>
...
006 (7400.000.000) 02/17 07:42:18 Image size of job updated: 271924
	190  -  MemoryUsage of job (MB)
	194276  -  ResidentSetSize of job (KB)
...
006 (7400.000.000) 02/17 07:47:18 Image size of job updated: 326076
	318  -  MemoryUsage of job (MB)
	325528  -  ResidentSetSize of job (KB)
...
006 (7400.000.000) 02/17 07:47:21 Image size of job updated: 720020
	318  -  MemoryUsage of job (MB)
	325528  -  ResidentSetSize of job (KB)
...
005 (7400.000.000) 02/17 07:47:22 Job terminated.
	(1) Normal termination (return value 0)
		Usr 0 00:02:07, Sys 0 00:02:29  -  Run Remote Usage
		Usr 0 00:00:00, Sys 0 00:00:00  -  Run Local Usage
		Usr 0 00:02:07, Sys 0 00:02:29  -  Total Remote Usage
		Usr 0 00:00:00, Sys 0 00:00:00  -  Total Local Usage
	68242  -  Run Bytes Sent By Job
	517  -  Run Bytes Received By Job
	68242  -  Total Bytes Sent By Job
	517  -  Total Bytes Received By Job
	Partitionable Resources :    Usage  Request Allocated
	   Cpus                 :                 1         1
	   Disk (KB)            :       80  1024000   1030384
	   Memory (MB)          :      318     2000      2000
...
