000 (7426.000.000) 02/17 07:40:56 Job submitted from host: <128.101.221.181:9618?addrs=128.101.221.181-9618&noUDP&sock=2582719_fdba_3>
...
001 (7426.000.000) 02/17 07:44:26 Job executing on host: <128.101.221.170:9618?addrs=128.101.221.170-9618&noUDP&sock=4150_221f_4>
...
006 (7426.000.000) 02/17 07:44:35 Image size of job updated: 257420
	205  -  MemoryUsage of job (MB)
	209508  -  ResidentSetSize of job (KB)
...
006 (7426.000.000) 02/17 07:49:08 Image size of job updated: 724736
	205  -  MemoryUsage of job (MB)
	209632  -  ResidentSetSize of job (KB)
...
005 (7426.000.000) 02/17 07:49:09 Job terminated.
	(1) Normal termination (return value 0)
		Usr 0 00:02:12, Sys 0 00:02:06  -  Run Remote Usage
		Usr 0 00:00:00, Sys 0 00:00:00  -  Run Local Usage
		Usr 0 00:02:12, Sys 0 00:02:06  -  Total Remote Usage
		Usr 0 00:00:00, Sys 0 00:00:00  -  Total Local Usage
	58924  -  Run Bytes Sent By Job
	517  -  Run Bytes Received By Job
	58924  -  Total Bytes Sent By Job
	517  -  Total Bytes Received By Job
	Partitionable Resources :    Usage  Request Allocated
	   Cpus                 :                 1         1
	   Disk (KB)            :       77  1024000   2040476
	   Memory (MB)          :      205     2000      2000
...
