000 (7387.000.000) 02/17 07:40:31 Job submitted from host: <128.101.221.181:9618?addrs=128.101.221.181-9618&noUDP&sock=2582719_fdba_3>
...
001 (7387.000.000) 02/17 07:40:52 Job executing on host: <128.101.221.170:9618?addrs=128.101.221.170-9618&noUDP&sock=4150_221f_4>
...
006 (7387.000.000) 02/17 07:41:01 Image size of job updated: 217560
	184  -  MemoryUsage of job (MB)
	188000  -  ResidentSetSize of job (KB)
...
006 (7387.000.000) 02/17 07:44:21 Image size of job updated: 722796
	184  -  MemoryUsage of job (MB)
	188120  -  ResidentSetSize of job (KB)
...
005 (7387.000.000) 02/17 07:44:22 Job terminated.
	(1) Normal termination (return value 0)
		Usr 0 00:01:45, Sys 0 00:01:24  -  Run Remote Usage
		Usr 0 00:00:00, Sys 0 00:00:00  -  Run Local Usage
		Usr 0 00:01:45, Sys 0 00:01:24  -  Total Remote Usage
		Usr 0 00:00:00, Sys 0 00:00:00  -  Total Local Usage
	50093  -  Run Bytes Sent By Job
	517  -  Run Bytes Received By Job
	50093  -  Total Bytes Sent By Job
	517  -  Total Bytes Received By Job
	Partitionable Resources :    Usage  Request Allocated
	   Cpus                 :                 1         1
	   Disk (KB)            :       68  1024000   2040476
	   Memory (MB)          :      184     2000      2000
...
