000 (7407.000.000) 02/17 07:40:43 Job submitted from host: <128.101.221.181:9618?addrs=128.101.221.181-9618&noUDP&sock=2582719_fdba_3>
...
001 (7407.000.000) 02/17 07:42:59 Job executing on host: <128.101.221.192:9618?addrs=128.101.221.192-9618&noUDP&sock=3175794_1c7b_4>
...
006 (7407.000.000) 02/17 07:43:07 Image size of job updated: 246316
	169  -  MemoryUsage of job (MB)
	172420  -  ResidentSetSize of job (KB)
...
006 (7407.000.000) 02/17 07:47:28 Image size of job updated: 325612
	169  -  MemoryUsage of job (MB)
	172420  -  ResidentSetSize of job (KB)
...
005 (7407.000.000) 02/17 07:47:29 Job terminated.
	(1) Normal termination (return value 0)
		Usr 0 00:02:31, Sys 0 00:01:31  -  Run Remote Usage
		Usr 0 00:00:00, Sys 0 00:00:00  -  Run Local Usage
		Usr 0 00:02:31, Sys 0 00:01:31  -  Total Remote Usage
		Usr 0 00:00:00, Sys 0 00:00:00  -  Total Local Usage
	62007  -  Run Bytes Sent By Job
	517  -  Run Bytes Received By Job
	62007  -  Total Bytes Sent By Job
	517  -  Total Bytes Received By Job
	Partitionable Resources :    Usage  Request Allocated
	   Cpus                 :                 1         1
	   Disk (KB)            :       73  1024000   1030883
	   Memory (MB)          :      169     2000      2000
...
