000 (7392.000.000) 02/17 07:40:34 Job submitted from host: <128.101.221.181:9618?addrs=128.101.221.181-9618&noUDP&sock=2582719_fdba_3>
...
001 (7392.000.000) 02/17 07:40:52 Job executing on host: <128.101.221.170:9618?addrs=128.101.221.170-9618&noUDP&sock=4150_221f_4>
...
006 (7392.000.000) 02/17 07:41:01 Image size of job updated: 201868
	190  -  MemoryUsage of job (MB)
	194400  -  ResidentSetSize of job (KB)
...
006 (7392.000.000) 02/17 07:42:44 Image size of job updated: 201868
	191  -  MemoryUsage of job (MB)
	194588  -  ResidentSetSize of job (KB)
...
005 (7392.000.000) 02/17 07:42:44 Job terminated.
	(1) Normal termination (return value 0)
		Usr 0 00:00:59, Sys 0 00:00:42  -  Run Remote Usage
		Usr 0 00:00:00, Sys 0 00:00:00  -  Run Local Usage
		Usr 0 00:00:59, Sys 0 00:00:42  -  Total Remote Usage
		Usr 0 00:00:00, Sys 0 00:00:00  -  Total Local Usage
	34902  -  Run Bytes Sent By Job
	517  -  Run Bytes Received By Job
	34902  -  Total Bytes Sent By Job
	517  -  Total Bytes Received By Job
	Partitionable Resources :    Usage  Request Allocated
	   Cpus                 :                 1         1
	   Disk (KB)            :       53  1024000   2040476
	   Memory (MB)          :      191     2000      2000
...
