000 (7408.000.000) 02/17 07:40:43 Job submitted from host: <128.101.221.181:9618?addrs=128.101.221.181-9618&noUDP&sock=2582719_fdba_3>
...
001 (7408.000.000) 02/17 07:43:05 Job executing on host: <128.101.221.170:9618?addrs=128.101.221.170-9618&noUDP&sock=4150_221f_4>
...
006 (7408.000.000) 02/17 07:43:14 Image size of job updated: 266324
	184  -  MemoryUsage of job (MB)
	188416  -  ResidentSetSize of job (KB)
...
006 (7408.000.000) 02/17 07:48:15 Image size of job updated: 325788
	318  -  MemoryUsage of job (MB)
	325340  -  ResidentSetSize of job (KB)
...
006 (7408.000.000) 02/17 07:48:36 Image size of job updated: 724788
	318  -  MemoryUsage of job (MB)
	325340  -  ResidentSetSize of job (KB)
...
005 (7408.000.000) 02/17 07:48:37 Job terminated.
	(1) Normal termination (return value 0)
		Usr 0 00:02:44, Sys 0 00:02:19  -  Run Remote Usage
		Usr 0 00:00:00, Sys 0 00:00:00  -  Run Local Usage
		Usr 0 00:02:44, Sys 0 00:02:19  -  Total Remote Usage
		Usr 0 00:00:00, Sys 0 00:00:00  -  Total Local Usage
	68414  -  Run Bytes Sent By Job
	517  -  Run Bytes Received By Job
	68414  -  Total Bytes Sent By Job
	517  -  Total Bytes Received By Job
	Partitionable Resources :    Usage  Request Allocated
	   Cpus                 :                 1         1
	   Disk (KB)            :       86  1024000   2040476
	   Memory (MB)          :      318     2000      2000
...
