000 (7427.000.000) 02/17 07:40:57 Job submitted from host: <128.101.221.181:9618?addrs=128.101.221.181-9618&noUDP&sock=2582719_fdba_3>
...
001 (7427.000.000) 02/17 07:44:32 Job executing on host: <128.101.221.192:9618?addrs=128.101.221.192-9618&noUDP&sock=3175794_1c7b_4>
...
006 (7427.000.000) 02/17 07:44:41 Image size of job updated: 275904
	194  -  MemoryUsage of job (MB)
	198444  -  ResidentSetSize of job (KB)
...
006 (7427.000.000) 02/17 07:48:25 Image size of job updated: 720060
	194  -  MemoryUsage of job (MB)
	198444  -  ResidentSetSize of job (KB)
...
005 (7427.000.000) 02/17 07:48:26 Job terminated.
	(1) Normal termination (return value 0)
		Usr 0 00:02:12, Sys 0 00:01:18  -  Run Remote Usage
		Usr 0 00:00:00, Sys 0 00:00:00  -  Run Local Usage
		Usr 0 00:02:12, Sys 0 00:01:18  -  Total Remote Usage
		Usr 0 00:00:00, Sys 0 00:00:00  -  Total Local Usage
	67312  -  Run Bytes Sent By Job
	517  -  Run Bytes Received By Job
	67312  -  Total Bytes Sent By Job
	517  -  Total Bytes Received By Job
	Partitionable Resources :    Usage  Request Allocated
	   Cpus                 :                 1         1
	   Disk (KB)            :       79  1024000   1030890
	   Memory (MB)          :      194     2000      2000
...
