000 (9398.000.000) 03/29 09:52:33 Job submitted from host: <128.101.221.180:9618?addrs=128.101.221.180-9618&noUDP&sock=3943_2604_3>
...
001 (9398.000.000) 03/29 10:58:06 Job executing on host: <128.101.221.186:9618?addrs=128.101.221.186-9618&noUDP&sock=3131318_464d_4>
...
006 (9398.000.000) 03/29 10:58:14 Image size of job updated: 184596
	120  -  MemoryUsage of job (MB)
	122752  -  ResidentSetSize of job (KB)
...
006 (9398.000.000) 03/29 11:03:14 Image size of job updated: 429244
	325  -  MemoryUsage of job (MB)
	332644  -  ResidentSetSize of job (KB)
...
006 (9398.000.000) 03/29 11:06:56 Image size of job updated: 730352
	325  -  MemoryUsage of job (MB)
	332644  -  ResidentSetSize of job (KB)
...
005 (9398.000.000) 03/29 11:06:57 Job terminated.
	(1) Normal termination (return value 0)
		Usr 0 00:05:57, Sys 0 00:01:55  -  Run Remote Usage
		Usr 0 00:00:00, Sys 0 00:00:00  -  Run Local Usage
		Usr 0 00:05:57, Sys 0 00:01:55  -  Total Remote Usage
		Usr 0 00:00:00, Sys 0 00:00:00  -  Total Local Usage
	101043  -  Run Bytes Sent By Job
	543  -  Run Bytes Received By Job
	101043  -  Total Bytes Sent By Job
	543  -  Total Bytes Received By Job
	Partitionable Resources :    Usage  Request Allocated
	   Cpus                 :                 1         1
	   Disk (KB)            :      112  1024000   1026993
	   Memory (MB)          :      325     2000      2000
...
