000 (9387.000.000) 03/29 09:52:28 Job submitted from host: <128.101.221.180:9618?addrs=128.101.221.180-9618&noUDP&sock=3943_2604_3>
...
001 (9387.000.000) 03/29 10:56:06 Job executing on host: <128.101.221.175:9618?addrs=128.101.221.175-9618&noUDP&sock=12916_e152_4>
...
006 (9387.000.000) 03/29 10:56:15 Image size of job updated: 253720
	176  -  MemoryUsage of job (MB)
	179312  -  ResidentSetSize of job (KB)
...
006 (9387.000.000) 03/29 11:01:16 Image size of job updated: 329896
	322  -  MemoryUsage of job (MB)
	329708  -  ResidentSetSize of job (KB)
...
005 (9387.000.000) 03/29 11:06:12 Job terminated.
	(1) Normal termination (return value 0)
		Usr 0 00:05:52, Sys 0 00:03:30  -  Run Remote Usage
		Usr 0 00:00:00, Sys 0 00:00:00  -  Run Local Usage
		Usr 0 00:05:52, Sys 0 00:03:30  -  Total Remote Usage
		Usr 0 00:00:00, Sys 0 00:00:00  -  Total Local Usage
	89739  -  Run Bytes Sent By Job
	543  -  Run Bytes Received By Job
	89739  -  Total Bytes Sent By Job
	543  -  Total Bytes Received By Job
	Partitionable Resources :    Usage  Request Allocated
	   Cpus                 :                 1         1
	   Disk (KB)            :      101  1024000   1931096
	   Memory (MB)          :      322     2000      2000
...
