000 (9388.000.000) 03/29 09:52:28 Job submitted from host: <128.101.221.180:9618?addrs=128.101.221.180-9618&noUDP&sock=3943_2604_3>
...
001 (9388.000.000) 03/29 10:56:17 Job executing on host: <128.101.221.175:9618?addrs=128.101.221.175-9618&noUDP&sock=12916_e152_4>
...
006 (9388.000.000) 03/29 10:56:26 Image size of job updated: 238064
	177  -  MemoryUsage of job (MB)
	181028  -  ResidentSetSize of job (KB)
...
006 (9388.000.000) 03/29 11:01:26 Image size of job updated: 333600
	326  -  MemoryUsage of job (MB)
	333076  -  ResidentSetSize of job (KB)
...
005 (9388.000.000) 03/29 11:04:34 Job terminated.
	(1) Normal termination (return value 0)
		Usr 0 00:04:51, Sys 0 00:02:50  -  Run Remote Usage
		Usr 0 00:00:00, Sys 0 00:00:00  -  Run Local Usage
		Usr 0 00:04:51, Sys 0 00:02:50  -  Total Remote Usage
		Usr 0 00:00:00, Sys 0 00:00:00  -  Total Local Usage
	84590  -  Run Bytes Sent By Job
	543  -  Run Bytes Received By Job
	84590  -  Total Bytes Sent By Job
	543  -  Total Bytes Received By Job
	Partitionable Resources :    Usage  Request Allocated
	   Cpus                 :                 1         1
	   Disk (KB)            :       95  1024000   1931086
	   Memory (MB)          :      326     2000      2000
...
