000 (9381.000.000) 03/29 09:52:25 Job submitted from host: <128.101.221.180:9618?addrs=128.101.221.180-9618&noUDP&sock=3943_2604_3>
...
001 (9381.000.000) 03/29 10:54:31 Job executing on host: <128.101.221.175:9618?addrs=128.101.221.175-9618&noUDP&sock=12916_e152_4>
...
006 (9381.000.000) 03/29 10:54:40 Image size of job updated: 210524
	175  -  MemoryUsage of job (MB)
	178616  -  ResidentSetSize of job (KB)
...
006 (9381.000.000) 03/29 10:59:40 Image size of job updated: 332024
	324  -  MemoryUsage of job (MB)
	331408  -  ResidentSetSize of job (KB)
...
005 (9381.000.000) 03/29 11:03:01 Job terminated.
	(1) Normal termination (return value 0)
		Usr 0 00:05:00, Sys 0 00:02:55  -  Run Remote Usage
		Usr 0 00:00:00, Sys 0 00:00:00  -  Run Local Usage
		Usr 0 00:05:00, Sys 0 00:02:55  -  Total Remote Usage
		Usr 0 00:00:00, Sys 0 00:00:00  -  Total Local Usage
	86091  -  Run Bytes Sent By Job
	543  -  Run Bytes Received By Job
	86091  -  Total Bytes Sent By Job
	543  -  Total Bytes Received By Job
	Partitionable Resources :    Usage  Request Allocated
	   Cpus                 :                 1         1
	   Disk (KB)            :       97  1024000   1931090
	   Memory (MB)          :      324     2000      2000
...
