000 (9395.000.000) 03/29 09:52:32 Job submitted from host: <128.101.221.180:9618?addrs=128.101.221.180-9618&noUDP&sock=3943_2604_3>
...
001 (9395.000.000) 03/29 10:57:43 Job executing on host: <128.101.220.50:9618?addrs=128.101.220.50-9618&noUDP&sock=258564_f9de_4>
...
006 (9395.000.000) 03/29 10:57:51 Image size of job updated: 187028
	123  -  MemoryUsage of job (MB)
	125188  -  ResidentSetSize of job (KB)
...
006 (9395.000.000) 03/29 11:02:51 Image size of job updated: 430164
	326  -  MemoryUsage of job (MB)
	333560  -  ResidentSetSize of job (KB)
...
006 (9395.000.000) 03/29 11:04:20 Image size of job updated: 732564
	326  -  MemoryUsage of job (MB)
	333560  -  ResidentSetSize of job (KB)
...
005 (9395.000.000) 03/29 11:04:21 Job terminated.
	(1) Normal termination (return value 0)
		Usr 0 00:04:22, Sys 0 00:01:28  -  Run Remote Usage
		Usr 0 00:00:00, Sys 0 00:00:00  -  Run Local Usage
		Usr 0 00:04:22, Sys 0 00:01:28  -  Total Remote Usage
		Usr 0 00:00:00, Sys 0 00:00:00  -  Total Local Usage
	81008  -  Run Bytes Sent By Job
	543  -  Run Bytes Received By Job
	81008  -  Total Bytes Sent By Job
	543  -  Total Bytes Received By Job
	Partitionable Resources :    Usage  Request Allocated
	   Cpus                 :                 1         1
	   Disk (KB)            :       92  1024000   1027972
	   Memory (MB)          :      326     2000      2000
...
