000 (9382.000.000) 03/29 09:52:26 Job submitted from host: <128.101.221.180:9618?addrs=128.101.221.180-9618&noUDP&sock=3943_2604_3>
...
001 (9382.000.000) 03/29 10:54:31 Job executing on host: <128.101.221.182:9618?addrs=128.101.221.182-9618&noUDP&sock=3902_06a2_4>
...
006 (9382.000.000) 03/29 10:54:40 Image size of job updated: 256544
	201  -  MemoryUsage of job (MB)
	205136  -  ResidentSetSize of job (KB)
...
006 (9382.000.000) 03/29 10:59:41 Image size of job updated: 331724
	324  -  MemoryUsage of job (MB)
	331604  -  ResidentSetSize of job (KB)
...
006 (9382.000.000) 03/29 11:01:09 Image size of job updated: 730320
	324  -  MemoryUsage of job (MB)
	331604  -  ResidentSetSize of job (KB)
...
005 (9382.000.000) 03/29 11:01:10 Job terminated.
	(1) Normal termination (return value 0)
		Usr 0 00:03:54, Sys 0 00:02:15  -  Run Remote Usage
		Usr 0 00:00:00, Sys 0 00:00:00  -  Run Local Usage
		Usr 0 00:03:54, Sys 0 00:02:15  -  Total Remote Usage
		Usr 0 00:00:00, Sys 0 00:00:00  -  Total Local Usage
	81158  -  Run Bytes Sent By Job
	543  -  Run Bytes Received By Job
	81158  -  Total Bytes Sent By Job
	543  -  Total Bytes Received By Job
	Partitionable Resources :    Usage  Request Allocated
	   Cpus                 :                 1         1
	   Disk (KB)            :       92  1024000   2046320
	   Memory (MB)          :      324     2000      2000
...
