000 (9391.000.000) 03/29 09:52:30 Job submitted from host: <128.101.221.180:9618?addrs=128.101.221.180-9618&noUDP&sock=3943_2604_3>
...
001 (9391.000.000) 03/29 10:56:54 Job executing on host: <128.101.221.193:9618?addrs=128.101.221.193-9618&noUDP&sock=2332108_b0a7_4>
...
006 (9391.000.000) 03/29 10:57:03 Image size of job updated: 252992
	173  -  MemoryUsage of job (MB)
	176880  -  ResidentSetSize of job (KB)
...
006 (9391.000.000) 03/29 11:01:31 Image size of job updated: 731252
	173  -  MemoryUsage of job (MB)
	176880  -  ResidentSetSize of job (KB)
...
005 (9391.000.000) 03/29 11:01:32 Job terminated.
	(1) Normal termination (return value 0)
		Usr 0 00:02:55, Sys 0 00:01:03  -  Run Remote Usage
		Usr 0 00:00:00, Sys 0 00:00:00  -  Run Local Usage
		Usr 0 00:02:55, Sys 0 00:01:03  -  Total Remote Usage
		Usr 0 00:00:00, Sys 0 00:00:00  -  Total Local Usage
	69967  -  Run Bytes Sent By Job
	543  -  Run Bytes Received By Job
	69967  -  Total Bytes Sent By Job
	543  -  Total Bytes Received By Job
	Partitionable Resources :    Usage  Request Allocated
	   Cpus                 :                 1         1
	   Disk (KB)            :       81  1024000   1028390
	   Memory (MB)          :      173     2000      2000
...
