000 (9400.000.000) 03/29 09:52:35 Job submitted from host: <128.101.221.180:9618?addrs=128.101.221.180-9618&noUDP&sock=3943_2604_3>
...
001 (9400.000.000) 03/29 11:00:52 Job executing on host: <128.101.220.87:9618?addrs=128.101.220.87-9618&noUDP&sock=465496_1dbd_4>
...
006 (9400.000.000) 03/29 11:01:01 Image size of job updated: 260476
	181  -  MemoryUsage of job (MB)
	184408  -  ResidentSetSize of job (KB)
...
006 (9400.000.000) 03/29 11:06:01 Image size of job updated: 335092
	325  -  MemoryUsage of job (MB)
	332680  -  ResidentSetSize of job (KB)
...
006 (9400.000.000) 03/29 11:07:24 Image size of job updated: 732328
	325  -  MemoryUsage of job (MB)
	332680  -  ResidentSetSize of job (KB)
...
005 (9400.000.000) 03/29 11:07:25 Job terminated.
	(1) Normal termination (return value 0)
		Usr 0 00:04:19, Sys 0 00:01:30  -  Run Remote Usage
		Usr 0 00:00:00, Sys 0 00:00:00  -  Run Local Usage
		Usr 0 00:04:19, Sys 0 00:01:30  -  Total Remote Usage
		Usr 0 00:00:00, Sys 0 00:00:00  -  Total Local Usage
	112771  -  Run Bytes Sent By Job
	543  -  Run Bytes Received By Job
	112771  -  Total Bytes Sent By Job
	543  -  Total Bytes Received By Job
	Partitionable Resources :    Usage  Request Allocated
	   Cpus                 :                 1         1
	   Disk (KB)            :      123  1024000   1029119
	   Memory (MB)          :      325     2000      2000
...
