000 (9397.000.000) 03/29 09:52:33 Job submitted from host: <128.101.221.180:9618?addrs=128.101.221.180-9618&noUDP&sock=3943_2604_3>
...
001 (9397.000.000) 03/29 10:58:02 Job executing on host: <128.101.221.182:9618?addrs=128.101.221.182-9618&noUDP&sock=3902_06a2_4>
...
006 (9397.000.000) 03/29 10:58:11 Image size of job updated: 263200
	182  -  MemoryUsage of job (MB)
	185732  -  ResidentSetSize of job (KB)
...
006 (9397.000.000) 03/29 11:01:00 Image size of job updated: 731008
	182  -  MemoryUsage of job (MB)
	185732  -  ResidentSetSize of job (KB)
...
005 (9397.000.000) 03/29 11:01:01 Job terminated.
	(1) Normal termination (return value 0)
		Usr 0 00:01:48, Sys 0 00:00:57  -  Run Remote Usage
		Usr 0 00:00:00, Sys 0 00:00:00  -  Run Local Usage
		Usr 0 00:01:48, Sys 0 00:00:57  -  Total Remote Usage
		Usr 0 00:00:00, Sys 0 00:00:00  -  Total Local Usage
	56730  -  Run Bytes Sent By Job
	543  -  Run Bytes Received By Job
	56730  -  Total Bytes Sent By Job
	543  -  Total Bytes Received By Job
	Partitionable Resources :    Usage  Request Allocated
	   Cpus                 :                 1         1
	   Disk (KB)            :       68  1024000   2046314
	   Memory (MB)          :      182     2000      2000
...
