000 (9386.000.000) 03/29 09:52:28 Job submitted from host: <128.101.221.180:9618?addrs=128.101.221.180-9618&noUDP&sock=3943_2604_3>
...
001 (9386.000.000) 03/29 10:56:02 Job executing on host: <128.101.220.49:9618?addrs=128.101.220.49-9618&noUDP&sock=280861_dd0b_4>
...
006 (9386.000.000) 03/29 10:56:11 Image size of job updated: 264048
	182  -  MemoryUsage of job (MB)
	186140  -  ResidentSetSize of job (KB)
...
006 (9386.000.000) 03/29 11:01:12 Image size of job updated: 429252
	325  -  MemoryUsage of job (MB)
	332656  -  ResidentSetSize of job (KB)
...
006 (9386.000.000) 03/29 11:02:22 Image size of job updated: 731580
	325  -  MemoryUsage of job (MB)
	332656  -  ResidentSetSize of job (KB)
...
005 (9386.000.000) 03/29 11:02:23 Job terminated.
	(1) Normal termination (return value 0)
		Usr 0 00:04:11, Sys 0 00:01:24  -  Run Remote Usage
		Usr 0 00:00:00, Sys 0 00:00:00  -  Run Local Usage
		Usr 0 00:04:11, Sys 0 00:01:24  -  Total Remote Usage
		Usr 0 00:00:00, Sys 0 00:00:00  -  Total Local Usage
	77784  -  Run Bytes Sent By Job
	543  -  Run Bytes Received By Job
	77784  -  Total Bytes Sent By Job
	543  -  Total Bytes Received By Job
	Partitionable Resources :    Usage  Request Allocated
	   Cpus                 :                 1         1
	   Disk (KB)            :       89  1024000   1028806
	   Memory (MB)          :      325     2000      2000
...
