000 (9399.000.000) 03/29 09:52:34 Job submitted from host: <128.101.221.180:9618?addrs=128.101.221.180-9618&noUDP&sock=3943_2604_3>
...
001 (9399.000.000) 03/29 11:00:15 Job executing on host: <128.101.221.182:9618?addrs=128.101.221.182-9618&noUDP&sock=3902_06a2_4>
...
006 (9399.000.000) 03/29 11:00:23 Image size of job updated: 216948
	148  -  MemoryUsage of job (MB)
	151004  -  ResidentSetSize of job (KB)
...
006 (9399.000.000) 03/29 11:05:23 Image size of job updated: 331440
	324  -  MemoryUsage of job (MB)
	331268  -  ResidentSetSize of job (KB)
...
006 (9399.000.000) 03/29 11:07:49 Image size of job updated: 730032
	324  -  MemoryUsage of job (MB)
	331268  -  ResidentSetSize of job (KB)
...
005 (9399.000.000) 03/29 11:07:50 Job terminated.
	(1) Normal termination (return value 0)
		Usr 0 00:04:31, Sys 0 00:02:30  -  Run Remote Usage
		Usr 0 00:00:00, Sys 0 00:00:00  -  Run Local Usage
		Usr 0 00:04:31, Sys 0 00:02:30  -  Total Remote Usage
		Usr 0 00:00:00, Sys 0 00:00:00  -  Total Local Usage
	81257  -  Run Bytes Sent By Job
	543  -  Run Bytes Received By Job
	81257  -  Total Bytes Sent By Job
	543  -  Total Bytes Received By Job
	Partitionable Resources :    Usage  Request Allocated
	   Cpus                 :                 1         1
	   Disk (KB)            :       92  1024000   2046328
	   Memory (MB)          :      324     2000      2000
...
