000 (9406.000.000) 03/29 09:52:38 Job submitted from host: <128.101.221.180:9618?addrs=128.101.221.180-9618&noUDP&sock=3943_2604_3>
...
001 (9406.000.000) 03/29 11:02:03 Job executing on host: <128.101.220.87:9618?addrs=128.101.220.87-9618&noUDP&sock=465496_1dbd_4>
...
006 (9406.000.000) 03/29 11:02:12 Image size of job updated: 271956
	190  -  MemoryUsage of job (MB)
	194400  -  ResidentSetSize of job (KB)
...
006 (9406.000.000) 03/29 11:07:13 Image size of job updated: 425580
	324  -  MemoryUsage of job (MB)
	331632  -  ResidentSetSize of job (KB)
...
005 (9406.000.000) 03/29 11:07:24 Job terminated.
	(1) Normal termination (return value 0)
		Usr 0 00:03:31, Sys 0 00:01:14  -  Run Remote Usage
		Usr 0 00:00:00, Sys 0 00:00:00  -  Run Local Usage
		Usr 0 00:03:31, Sys 0 00:01:14  -  Total Remote Usage
		Usr 0 00:00:00, Sys 0 00:00:00  -  Total Local Usage
	83523  -  Run Bytes Sent By Job
	543  -  Run Bytes Received By Job
	83523  -  Total Bytes Sent By Job
	543  -  Total Bytes Received By Job
	Partitionable Resources :    Usage  Request Allocated
	   Cpus                 :                 1         1
	   Disk (KB)            :       95  1024000   1029118
	   Memory (MB)          :      324     2000      2000
...
