000 (9385.000.000) 03/29 09:52:27 Job submitted from host: <128.101.221.180:9618?addrs=128.101.221.180-9618&noUDP&sock=3943_2604_3>
...
001 (9385.000.000) 03/29 10:55:54 Job executing on host: <128.101.221.182:9618?addrs=128.101.221.182-9618&noUDP&sock=3902_06a2_4>
...
006 (9385.000.000) 03/29 10:56:03 Image size of job updated: 243012
	168  -  MemoryUsage of job (MB)
	171168  -  ResidentSetSize of job (KB)
...
006 (9385.000.000) 03/29 11:01:04 Image size of job updated: 332960
	326  -  MemoryUsage of job (MB)
	332844  -  ResidentSetSize of job (KB)
...
006 (9385.000.000) 03/29 11:02:54 Image size of job updated: 732140
	326  -  MemoryUsage of job (MB)
	332844  -  ResidentSetSize of job (KB)
...
005 (9385.000.000) 03/29 11:02:55 Job terminated.
	(1) Normal termination (return value 0)
		Usr 0 00:04:09, Sys 0 00:02:21  -  Run Remote Usage
		Usr 0 00:00:00, Sys 0 00:00:00  -  Run Local Usage
		Usr 0 00:04:09, Sys 0 00:02:21  -  Total Remote Usage
		Usr 0 00:00:00, Sys 0 00:00:00  -  Total Local Usage
	76561  -  Run Bytes Sent By Job
	543  -  Run Bytes Received By Job
	76561  -  Total Bytes Sent By Job
	543  -  Total Bytes Received By Job
	Partitionable Resources :    Usage  Request Allocated
	   Cpus                 :                 1         1
	   Disk (KB)            :       88  1024000   2046318
	   Memory (MB)          :      326     2000      2000
...
