000 (9392.000.000) 03/29 09:52:31 Job submitted from host: <128.101.221.180:9618?addrs=128.101.221.180-9618&noUDP&sock=3943_2604_3>
...
001 (9392.000.000) 03/29 10:56:58 Job executing on host: <128.101.221.172:9618?addrs=128.101.221.172-9618&noUDP&sock=1824113_5f8e_4>
...
006 (9392.000.000) 03/29 10:57:07 Image size of job updated: 233120
	159  -  MemoryUsage of job (MB)
	162544  -  ResidentSetSize of job (KB)
...
006 (9392.000.000) 03/29 11:01:18 Image size of job updated: 429156
	159  -  MemoryUsage of job (MB)
	162544  -  ResidentSetSize of job (KB)
...
005 (9392.000.000) 03/29 11:01:19 Job terminated.
	(1) Normal termination (return value 0)
		Usr 0 00:02:58, Sys 0 00:00:57  -  Run Remote Usage
		Usr 0 00:00:00, Sys 0 00:00:00  -  Run Local Usage
		Usr 0 00:02:58, Sys 0 00:00:57  -  Total Remote Usage
		Usr 0 00:00:00, Sys 0 00:00:00  -  Total Local Usage
	58438  -  Run Bytes Sent By Job
	543  -  Run Bytes Received By Job
	58438  -  Total Bytes Sent By Job
	543  -  Total Bytes Received By Job
	Partitionable Resources :    Usage  Request Allocated
	   Cpus                 :                 1         1
	   Disk (KB)            :       70  1024000   1028941
	   Memory (MB)          :      159     2000      2000
...
