000 (9393.000.000) 03/29 09:52:31 Job submitted from host: <128.101.221.180:9618?addrs=128.101.221.180-9618&noUDP&sock=3943_2604_3>
...
001 (9393.000.000) 03/29 10:57:24 Job executing on host: <128.101.221.175:9618?addrs=128.101.221.175-9618&noUDP&sock=12916_e152_4>
...
006 (9393.000.000) 03/29 10:57:33 Image size of job updated: 190400
	127  -  MemoryUsage of job (MB)
	129652  -  ResidentSetSize of job (KB)
...
006 (9393.000.000) 03/29 11:02:33 Image size of job updated: 333356
	326  -  MemoryUsage of job (MB)
	332876  -  ResidentSetSize of job (KB)
...
006 (9393.000.000) 03/29 11:06:23 Image size of job updated: 731028
	326  -  MemoryUsage of job (MB)
	332876  -  ResidentSetSize of job (KB)
...
005 (9393.000.000) 03/29 11:06:24 Job terminated.
	(1) Normal termination (return value 0)
		Usr 0 00:05:17, Sys 0 00:03:04  -  Run Remote Usage
		Usr 0 00:00:00, Sys 0 00:00:00  -  Run Local Usage
		Usr 0 00:05:17, Sys 0 00:03:04  -  Total Remote Usage
		Usr 0 00:00:00, Sys 0 00:00:00  -  Total Local Usage
	80727  -  Run Bytes Sent By Job
	543  -  Run Bytes Received By Job
	80727  -  Total Bytes Sent By Job
	543  -  Total Bytes Received By Job
	Partitionable Resources :    Usage  Request Allocated
	   Cpus                 :                 1         1
	   Disk (KB)            :       92  1024000   1931084
	   Memory (MB)          :      326     2000      2000
...
