000 (9389.000.000) 03/29 09:52:29 Job submitted from host: <128.101.221.180:9618?addrs=128.101.221.180-9618&noUDP&sock=3943_2604_3>
...
001 (9389.000.000) 03/29 10:56:37 Job executing on host: <128.101.221.176:9618?addrs=128.101.221.176-9618&noUDP&sock=2756849_b007_4>
...
006 (9389.000.000) 03/29 10:56:45 Image size of job updated: 186956
	124  -  MemoryUsage of job (MB)
	126524  -  ResidentSetSize of job (KB)
...
006 (9389.000.000) 03/29 11:01:45 Image size of job updated: 426724
	325  -  MemoryUsage of job (MB)
	332468  -  ResidentSetSize of job (KB)
...
005 (9389.000.000) 03/29 11:05:43 Job terminated.
	(1) Normal termination (return value 0)
		Usr 0 00:06:11, Sys 0 00:02:07  -  Run Remote Usage
		Usr 0 00:00:00, Sys 0 00:00:00  -  Run Local Usage
		Usr 0 00:06:11, Sys 0 00:02:07  -  Total Remote Usage
		Usr 0 00:00:00, Sys 0 00:00:00  -  Total Local Usage
	103145  -  Run Bytes Sent By Job
	543  -  Run Bytes Received By Job
	103145  -  Total Bytes Sent By Job
	543  -  Total Bytes Received By Job
	Partitionable Resources :    Usage  Request Allocated
	   Cpus                 :                 1         1
	   Disk (KB)            :      114  1024000   1026288
	   Memory (MB)          :      325     2000      2000
...
