000 (9401.000.000) 03/29 09:52:35 Job submitted from host: <128.101.221.180:9618?addrs=128.101.221.180-9618&noUDP&sock=3943_2604_3>
...
001 (9401.000.000) 03/29 11:00:52 Job executing on host: <128.101.221.175:9618?addrs=128.101.221.175-9618&noUDP&sock=12916_e152_4>
...
006 (9401.000.000) 03/29 11:01:01 Image size of job updated: 262824
	183  -  MemoryUsage of job (MB)
	186632  -  ResidentSetSize of job (KB)
...
006 (9401.000.000) 03/29 11:06:02 Image size of job updated: 330008
	322  -  MemoryUsage of job (MB)
	329652  -  ResidentSetSize of job (KB)
...
006 (9401.000.000) 03/29 11:11:02 Image size of job updated: 332500
	325  -  MemoryUsage of job (MB)
	332344  -  ResidentSetSize of job (KB)
...
005 (9401.000.000) 03/29 11:11:04 Job terminated.
	(1) Normal termination (return value 0)
		Usr 0 00:05:53, Sys 0 00:03:35  -  Run Remote Usage
		Usr 0 00:00:00, Sys 0 00:00:00  -  Run Local Usage
		Usr 0 00:05:53, Sys 0 00:03:35  -  Total Remote Usage
		Usr 0 00:00:00, Sys 0 00:00:00  -  Total Local Usage
	100951  -  Run Bytes Sent By Job
	543  -  Run Bytes Received By Job
	100951  -  Total Bytes Sent By Job
	543  -  Total Bytes Received By Job
	Partitionable Resources :    Usage  Request Allocated
	   Cpus                 :                 1         1
	   Disk (KB)            :      111  1024000   1931072
	   Memory (MB)          :      325     2000      2000
...
