000 (9394.000.000) 03/29 09:52:32 Job submitted from host: <128.101.221.180:9618?addrs=128.101.221.180-9618&noUDP&sock=3943_2604_3>
...
001 (9394.000.000) 03/29 10:57:19 Job executing on host: <128.101.221.188:9618?addrs=128.101.221.188-9618&noUDP&sock=3087505_3369_4>
...
006 (9394.000.000) 03/29 10:57:29 Image size of job updated: 18032
	7  -  MemoryUsage of job (MB)
	6996  -  ResidentSetSize of job (KB)
...
006 (9394.000.000) 03/29 11:02:30 Image size of job updated: 430020
	325  -  MemoryUsage of job (MB)
	331912  -  ResidentSetSize of job (KB)
...
005 (9394.000.000) 03/29 11:05:24 Job terminated.
	(1) Normal termination (return value 0)
		Usr 0 00:05:09, Sys 0 00:01:41  -  Run Remote Usage
		Usr 0 00:00:00, Sys 0 00:00:00  -  Run Local Usage
		Usr 0 00:05:09, Sys 0 00:01:41  -  Total Remote Usage
		Usr 0 00:00:00, Sys 0 00:00:00  -  Total Local Usage
	97056  -  Run Bytes Sent By Job
	543  -  Run Bytes Received By Job
	97056  -  Total Bytes Sent By Job
	543  -  Total Bytes Received By Job
	Partitionable Resources :    Usage  Request Allocated
	   Cpus                 :                 1         1
	   Disk (KB)            :      108  1024000   1028805
	   Memory (MB)          :      325     2000      2000
...
