000 (7630.000.000) 02/22 08:57:10 Job submitted from host: <128.101.221.181:9618?addrs=128.101.221.181-9618&noUDP&sock=2582719_fdba_3>
...
001 (7630.000.000) 02/22 08:57:11 Job executing on host: <128.101.221.175:9618?addrs=128.101.221.175-9618&noUDP&sock=217663_4ac3_4>
...
006 (7630.000.000) 02/22 08:57:20 Image size of job updated: 294940
	208  -  MemoryUsage of job (MB)
	212652  -  ResidentSetSize of job (KB)
...
006 (7630.000.000) 02/22 09:00:07 Image size of job updated: 717448
	208  -  MemoryUsage of job (MB)
	212652  -  ResidentSetSize of job (KB)
...
005 (7630.000.000) 02/22 09:00:08 Job terminated.
	(1) Normal termination (return value 0)
		Usr 0 00:01:29, Sys 0 00:00:36  -  Run Remote Usage
		Usr 0 00:00:00, Sys 0 00:00:00  -  Run Local Usage
		Usr 0 00:01:29, Sys 0 00:00:36  -  Total Remote Usage
		Usr 0 00:00:00, Sys 0 00:00:00  -  Total Local Usage
	37134  -  Run Bytes Sent By Job
	513  -  Run Bytes Received By Job
	37134  -  Total Bytes Sent By Job
	513  -  Total Bytes Received By Job
	Partitionable Resources :    Usage  Request Allocated
	   Cpus                 :                 1         1
	   Disk (KB)            :       49  1024000   1932346
	   Memory (MB)          :      208     2000      2000
...
