000 (7624.000.000) 02/22 08:57:07 Job submitted from host: <128.101.221.181:9618?addrs=128.101.221.181-9618&noUDP&sock=2582719_fdba_3>
...
001 (7624.000.000) 02/22 08:57:12 Job executing on host: <128.101.221.191:9618?addrs=128.101.221.191-9618&noUDP&sock=3143621_1bfa_4>
...
006 (7624.000.000) 02/22 08:57:20 Image size of job updated: 177980
	114  -  MemoryUsage of job (MB)
	116140  -  ResidentSetSize of job (KB)
...
006 (7624.000.000) 02/22 09:01:28 Image size of job updated: 329664
	114  -  MemoryUsage of job (MB)
	116140  -  ResidentSetSize of job (KB)
...
005 (7624.000.000) 02/22 09:01:29 Job terminated.
	(1) Normal termination (return value 0)
		Usr 0 00:02:24, Sys 0 00:00:53  -  Run Remote Usage
		Usr 0 00:00:00, Sys 0 00:00:00  -  Run Local Usage
		Usr 0 00:02:24, Sys 0 00:00:53  -  Total Remote Usage
		Usr 0 00:00:00, Sys 0 00:00:00  -  Total Local Usage
	53269  -  Run Bytes Sent By Job
	513  -  Run Bytes Received By Job
	53269  -  Total Bytes Sent By Job
	513  -  Total Bytes Received By Job
	Partitionable Resources :    Usage  Request Allocated
	   Cpus                 :                 1         1
	   Disk (KB)            :       65  1024000   1030591
	   Memory (MB)          :      114     2000      2000
...
