000 (7644.000.000) 02/22 08:57:17 Job submitted from host: <128.101.221.181:9618?addrs=128.101.221.181-9618&noUDP&sock=2582719_fdba_3>
...
001 (7644.000.000) 02/22 08:57:39 Job executing on host: <128.101.221.176:9618?addrs=128.101.221.176-9618&noUDP&sock=2756849_b007_4>
...
006 (7644.000.000) 02/22 08:57:48 Image size of job updated: 304144
	216  -  MemoryUsage of job (MB)
	220256  -  ResidentSetSize of job (KB)
...
005 (7644.000.000) 02/22 08:59:54 Job terminated.
	(1) Normal termination (return value 0)
		Usr 0 00:01:05, Sys 0 00:00:26  -  Run Remote Usage
		Usr 0 00:00:00, Sys 0 00:00:00  -  Run Local Usage
		Usr 0 00:01:05, Sys 0 00:00:26  -  Total Remote Usage
		Usr 0 00:00:00, Sys 0 00:00:00  -  Total Local Usage
	42171  -  Run Bytes Sent By Job
	513  -  Run Bytes Received By Job
	42171  -  Total Bytes Sent By Job
	513  -  Total Bytes Received By Job
	Partitionable Resources :    Usage  Request Allocated
	   Cpus                 :                 1         1
	   Disk (KB)            :       54  1024000   1027626
	   Memory (MB)          :      216     2000      2000
...
