000 (7628.000.000) 02/22 08:57:09 Job submitted from host: <128.101.221.181:9618?addrs=128.101.221.181-9618&noUDP&sock=2582719_fdba_3>
...
001 (7628.000.000) 02/22 08:57:13 Job executing on host: <128.101.221.178:9618?addrs=128.101.221.178-9618&noUDP&sock=1886078_3590_4>
...
006 (7628.000.000) 02/22 08:57:22 Image size of job updated: 273696
	191  -  MemoryUsage of job (MB)
	194644  -  ResidentSetSize of job (KB)
...
005 (7628.000.000) 02/22 09:01:10 Job terminated.
	(1) Normal termination (return value 0)
		Usr 0 00:02:06, Sys 0 00:00:53  -  Run Remote Usage
		Usr 0 00:00:00, Sys 0 00:00:00  -  Run Local Usage
		Usr 0 00:02:06, Sys 0 00:00:53  -  Total Remote Usage
		Usr 0 00:00:00, Sys 0 00:00:00  -  Total Local Usage
	49148  -  Run Bytes Sent By Job
	513  -  Run Bytes Received By Job
	49148  -  Total Bytes Sent By Job
	513  -  Total Bytes Received By Job
	Partitionable Resources :    Usage  Request Allocated
	   Cpus                 :                 1         1
	   Disk (KB)            :       61  1024000   1027721
	   Memory (MB)          :      191     2000      2000
...
