000 (7640.000.000) 02/22 08:57:15 Job submitted from host: <128.101.221.181:9618?addrs=128.101.221.181-9618&noUDP&sock=2582719_fdba_3>
...
001 (7640.000.000) 02/22 08:57:37 Job executing on host: <128.101.221.173:9618?addrs=128.101.221.173-9618&noUDP&sock=1368159_da98_4>
...
006 (7640.000.000) 02/22 08:57:46 Image size of job updated: 299000
	211  -  MemoryUsage of job (MB)
	215772  -  ResidentSetSize of job (KB)
...
005 (7640.000.000) 02/22 09:00:09 Job terminated.
	(1) Normal termination (return value 0)
		Usr 0 00:01:17, Sys 0 00:00:32  -  Run Remote Usage
		Usr 0 00:00:00, Sys 0 00:00:00  -  Run Local Usage
		Usr 0 00:01:17, Sys 0 00:00:32  -  Total Remote Usage
		Usr 0 00:00:00, Sys 0 00:00:00  -  Total Local Usage
	42051  -  Run Bytes Sent By Job
	513  -  Run Bytes Received By Job
	42051  -  Total Bytes Sent By Job
	513  -  Total Bytes Received By Job
	Partitionable Resources :    Usage  Request Allocated
	   Cpus                 :                 1         1
	   Disk (KB)            :       54  1024000   1928162
	   Memory (MB)          :      211     2000      2000
...
