000 (7636.000.000) 02/22 08:57:13 Job submitted from host: <128.101.221.181:9618?addrs=128.101.221.181-9618&noUDP&sock=2582719_fdba_3>
...
001 (7636.000.000) 02/22 08:57:37 Job executing on host: <128.101.221.186:9618?addrs=128.101.221.186-9618&noUDP&sock=3131318_464d_4>
...
006 (7636.000.000) 02/22 08:57:46 Image size of job updated: 282244
	200  -  MemoryUsage of job (MB)
	204432  -  ResidentSetSize of job (KB)
...
005 (7636.000.000) 02/22 09:00:10 Job terminated.
	(1) Normal termination (return value 0)
		Usr 0 00:01:23, Sys 0 00:00:33  -  Run Remote Usage
		Usr 0 00:00:00, Sys 0 00:00:00  -  Run Local Usage
		Usr 0 00:01:23, Sys 0 00:00:33  -  Total Remote Usage
		Usr 0 00:00:00, Sys 0 00:00:00  -  Total Local Usage
	41603  -  Run Bytes Sent By Job
	513  -  Run Bytes Received By Job
	41603  -  Total Bytes Sent By Job
	513  -  Total Bytes Received By Job
	Partitionable Resources :    Usage  Request Allocated
	   Cpus                 :                 1         1
	   Disk (KB)            :       53  1024000   1028663
	   Memory (MB)          :      200     2000      2000
...
