000 (7642.000.000) 02/22 08:57:16 Job submitted from host: <128.101.221.181:9618?addrs=128.101.221.181-9618&noUDP&sock=2582719_fdba_3>
...
001 (7642.000.000) 02/22 08:57:33 Job executing on host: <128.101.221.188:9618?addrs=128.101.221.188-9618&noUDP&sock=3087505_3369_4>
...
006 (7642.000.000) 02/22 08:57:42 Image size of job updated: 318800
	227  -  MemoryUsage of job (MB)
	232288  -  ResidentSetSize of job (KB)
...
005 (7642.000.000) 02/22 08:59:41 Job terminated.
	(1) Normal termination (return value 0)
		Usr 0 00:01:05, Sys 0 00:00:25  -  Run Remote Usage
		Usr 0 00:00:00, Sys 0 00:00:00  -  Run Local Usage
		Usr 0 00:01:05, Sys 0 00:00:25  -  Total Remote Usage
		Usr 0 00:00:00, Sys 0 00:00:00  -  Total Local Usage
	49556  -  Run Bytes Sent By Job
	513  -  Run Bytes Received By Job
	49556  -  Total Bytes Sent By Job
	513  -  Total Bytes Received By Job
	Partitionable Resources :    Usage  Request Allocated
	   Cpus                 :                 1         1
	   Disk (KB)            :       61  1024000   1030564
	   Memory (MB)          :      227     2000      2000
...
