000 (7647.000.000) 02/22 08:57:18 Job submitted from host: <128.101.221.181:9618?addrs=128.101.221.181-9618&noUDP&sock=2582719_fdba_3>
...
001 (7647.000.000) 02/22 08:57:33 Job executing on host: <128.101.221.187:9618?addrs=128.101.221.187-9618&noUDP&sock=3336463_ae6f_4>
...
006 (7647.000.000) 02/22 08:57:42 Image size of job updated: 271416
	189  -  MemoryUsage of job (MB)
	192544  -  ResidentSetSize of job (KB)
...
006 (7647.000.000) 02/22 09:00:42 Image size of job updated: 717376
	189  -  MemoryUsage of job (MB)
	192544  -  ResidentSetSize of job (KB)
...
005 (7647.000.000) 02/22 09:00:43 Job terminated.
	(1) Normal termination (return value 0)
		Usr 0 00:01:35, Sys 0 00:00:43  -  Run Remote Usage
		Usr 0 00:00:00, Sys 0 00:00:00  -  Run Local Usage
		Usr 0 00:01:35, Sys 0 00:00:43  -  Total Remote Usage
		Usr 0 00:00:00, Sys 0 00:00:00  -  Total Local Usage
	37250  -  Run Bytes Sent By Job
	513  -  Run Bytes Received By Job
	37250  -  Total Bytes Sent By Job
	513  -  Total Bytes Received By Job
	Partitionable Resources :    Usage  Request Allocated
	   Cpus                 :                 1         1
	   Disk (KB)            :       49  1024000   1030341
	   Memory (MB)          :      189     2000      2000
...
