000 (4209.000.000) 02/25 10:26:41 Job submitted from host: <128.101.221.180:9618?addrs=128.101.221.180-9618&noUDP&sock=3943_2604_3>
...
001 (4209.000.000) 02/25 10:26:59 Job executing on host: <128.101.220.206:9618?addrs=128.101.220.206-9618&noUDP&sock=203915_4ebb_4>
...
006 (4209.000.000) 02/25 10:27:08 Image size of job updated: 172824
	109  -  MemoryUsage of job (MB)
	111068  -  ResidentSetSize of job (KB)
...
006 (4209.000.000) 02/25 10:29:20 Image size of job updated: 718004
	109  -  MemoryUsage of job (MB)
	111068  -  ResidentSetSize of job (KB)
...
005 (4209.000.000) 02/25 10:29:21 Job terminated.
	(1) Normal termination (return value 0)
		Usr 0 00:01:15, Sys 0 00:00:27  -  Run Remote Usage
		Usr 0 00:00:00, Sys 0 00:00:00  -  Run Local Usage
		Usr 0 00:01:15, Sys 0 00:00:27  -  Total Remote Usage
		Usr 0 00:00:00, Sys 0 00:00:00  -  Total Local Usage
	58979  -  Run Bytes Sent By Job
	527  -  Run Bytes Received By Job
	58979  -  Total Bytes Sent By Job
	527  -  Total Bytes Received By Job
	Partitionable Resources :    Usage  Request Allocated
	   Cpus                 :                 1         1
	   Disk (KB)            :       70  1024000   1030960
	   Memory (MB)          :      109     2000      2000
...
