000 (4212.000.000) 02/25 10:26:42 Job submitted from host: <128.101.221.180:9618?addrs=128.101.221.180-9618&noUDP&sock=3943_2604_3>
...
001 (4212.000.000) 02/25 10:27:01 Job executing on host: <128.101.221.191:9618?addrs=128.101.221.191-9618&noUDP&sock=3143621_1bfa_4>
...
006 (4212.000.000) 02/25 10:27:10 Image size of job updated: 317684
	237  -  MemoryUsage of job (MB)
	242096  -  ResidentSetSize of job (KB)
...
006 (4212.000.000) 02/25 10:29:33 Image size of job updated: 325960
	237  -  MemoryUsage of job (MB)
	242096  -  ResidentSetSize of job (KB)
...
005 (4212.000.000) 02/25 10:29:34 Job terminated.
	(1) Normal termination (return value 0)
		Usr 0 00:01:30, Sys 0 00:00:35  -  Run Remote Usage
		Usr 0 00:00:00, Sys 0 00:00:00  -  Run Local Usage
		Usr 0 00:01:30, Sys 0 00:00:35  -  Total Remote Usage
		Usr 0 00:00:00, Sys 0 00:00:00  -  Total Local Usage
	57408  -  Run Bytes Sent By Job
	527  -  Run Bytes Received By Job
	57408  -  Total Bytes Sent By Job
	527  -  Total Bytes Received By Job
	Partitionable Resources :    Usage  Request Allocated
	   Cpus                 :                 1         1
	   Disk (KB)            :       69  1024000   1031013
	   Memory (MB)          :      237     2000      2000
...
