000 (4187.000.000) 02/25 10:26:30 Job submitted from host: <128.101.221.180:9618?addrs=128.101.221.180-9618&noUDP&sock=3943_2604_3>
...
001 (4187.000.000) 02/25 10:26:47 Job executing on host: <128.101.221.170:9618?addrs=128.101.221.170-9618&noUDP&sock=4150_221f_4>
...
006 (4187.000.000) 02/25 10:26:55 Image size of job updated: 288496
	205  -  MemoryUsage of job (MB)
	209036  -  ResidentSetSize of job (KB)
...
006 (4187.000.000) 02/25 10:31:17 Image size of job updated: 288496
	205  -  MemoryUsage of job (MB)
	209072  -  ResidentSetSize of job (KB)
...
005 (4187.000.000) 02/25 10:31:17 Job terminated.
	(1) Normal termination (return value 0)
		Usr 0 00:02:35, Sys 0 00:01:15  -  Run Remote Usage
		Usr 0 00:00:00, Sys 0 00:00:00  -  Run Local Usage
		Usr 0 00:02:35, Sys 0 00:01:15  -  Total Remote Usage
		Usr 0 00:00:00, Sys 0 00:00:00  -  Total Local Usage
	69951  -  Run Bytes Sent By Job
	527  -  Run Bytes Received By Job
	69951  -  Total Bytes Sent By Job
	527  -  Total Bytes Received By Job
	Partitionable Resources :    Usage  Request Allocated
	   Cpus                 :                 1         1
	   Disk (KB)            :       88  1024000   2040476
	   Memory (MB)          :      205     2000      2000
...
