000 (4197.000.000) 02/25 10:26:35 Job submitted from host: <128.101.221.180:9618?addrs=128.101.221.180-9618&noUDP&sock=3943_2604_3>
...
001 (4197.000.000) 02/25 10:26:55 Job executing on host: <128.101.220.50:9618?addrs=128.101.220.50-9618&noUDP&sock=258564_f9de_4>
...
006 (4197.000.000) 02/25 10:27:04 Image size of job updated: 162232
	102  -  MemoryUsage of job (MB)
	103812  -  ResidentSetSize of job (KB)
...
005 (4197.000.000) 02/25 10:30:30 Job terminated.
	(1) Normal termination (return value 0)
		Usr 0 00:01:56, Sys 0 00:00:52  -  Run Remote Usage
		Usr 0 00:00:00, Sys 0 00:00:00  -  Run Local Usage
		Usr 0 00:01:56, Sys 0 00:00:52  -  Total Remote Usage
		Usr 0 00:00:00, Sys 0 00:00:00  -  Total Local Usage
	71725  -  Run Bytes Sent By Job
	527  -  Run Bytes Received By Job
	71725  -  Total Bytes Sent By Job
	527  -  Total Bytes Received By Job
	Partitionable Resources :    Usage  Request Allocated
	   Cpus                 :                 1         1
	   Disk (KB)            :       83  1024000   1030093
	   Memory (MB)          :      102     2000      2000
...
