000 (4224.000.000) 02/25 10:26:48 Job submitted from host: <128.101.221.180:9618?addrs=128.101.221.180-9618&noUDP&sock=3943_2604_3>
...
001 (4224.000.000) 02/25 10:27:16 Job executing on host: <128.101.221.189:9618?addrs=128.101.221.189-9618&noUDP&sock=3424045_a60c_4>
...
006 (4224.000.000) 02/25 10:27:24 Image size of job updated: 322388
	232  -  MemoryUsage of job (MB)
	236792  -  ResidentSetSize of job (KB)
...
006 (4224.000.000) 02/25 10:30:32 Image size of job updated: 720176
	232  -  MemoryUsage of job (MB)
	236792  -  ResidentSetSize of job (KB)
...
005 (4224.000.000) 02/25 10:30:33 Job terminated.
	(1) Normal termination (return value 0)
		Usr 0 00:01:54, Sys 0 00:00:43  -  Run Remote Usage
		Usr 0 00:00:00, Sys 0 00:00:00  -  Run Local Usage
		Usr 0 00:01:54, Sys 0 00:00:43  -  Total Remote Usage
		Usr 0 00:00:00, Sys 0 00:00:00  -  Total Local Usage
	66256  -  Run Bytes Sent By Job
	527  -  Run Bytes Received By Job
	66256  -  Total Bytes Sent By Job
	527  -  Total Bytes Received By Job
	Partitionable Resources :    Usage  Request Allocated
	   Cpus                 :                 1         1
	   Disk (KB)            :       77  1024000   1029119
	   Memory (MB)          :      232     2000      2000
...
