000 (4219.000.000) 02/25 10:26:45 Job submitted from host: <128.101.221.180:9618?addrs=128.101.221.180-9618&noUDP&sock=3943_2604_3>
...
001 (4219.000.000) 02/25 10:27:18 Job executing on host: <128.101.221.171:9618?addrs=128.101.221.171-9618&noUDP&sock=1778228_146e_4>
...
006 (4219.000.000) 02/25 10:27:27 Image size of job updated: 341064
	249  -  MemoryUsage of job (MB)
	254468  -  ResidentSetSize of job (KB)
...
006 (4219.000.000) 02/25 10:30:21 Image size of job updated: 720324
	249  -  MemoryUsage of job (MB)
	254468  -  ResidentSetSize of job (KB)
...
005 (4219.000.000) 02/25 10:30:22 Job terminated.
	(1) Normal termination (return value 0)
		Usr 0 00:01:50, Sys 0 00:00:43  -  Run Remote Usage
		Usr 0 00:00:00, Sys 0 00:00:00  -  Run Local Usage
		Usr 0 00:01:50, Sys 0 00:00:43  -  Total Remote Usage
		Usr 0 00:00:00, Sys 0 00:00:00  -  Total Local Usage
	64054  -  Run Bytes Sent By Job
	527  -  Run Bytes Received By Job
	64054  -  Total Bytes Sent By Job
	527  -  Total Bytes Received By Job
	Partitionable Resources :    Usage  Request Allocated
	   Cpus                 :                 1         1
	   Disk (KB)            :       75  1024000   1029818
	   Memory (MB)          :      249     2000      2000
...
