000 (4227.000.000) 02/25 10:26:50 Job submitted from host: <128.101.221.180:9618?addrs=128.101.221.180-9618&noUDP&sock=3943_2604_3>
...
001 (4227.000.000) 02/25 10:27:13 Job executing on host: <128.101.221.188:9618?addrs=128.101.221.188-9618&noUDP&sock=3087505_3369_4>
...
006 (4227.000.000) 02/25 10:27:22 Image size of job updated: 300992
	215  -  MemoryUsage of job (MB)
	219880  -  ResidentSetSize of job (KB)
...
006 (4227.000.000) 02/25 10:30:40 Image size of job updated: 412528
	215  -  MemoryUsage of job (MB)
	219880  -  ResidentSetSize of job (KB)
...
005 (4227.000.000) 02/25 10:30:41 Job terminated.
	(1) Normal termination (return value 0)
		Usr 0 00:02:02, Sys 0 00:00:52  -  Run Remote Usage
		Usr 0 00:00:00, Sys 0 00:00:00  -  Run Local Usage
		Usr 0 00:02:02, Sys 0 00:00:52  -  Total Remote Usage
		Usr 0 00:00:00, Sys 0 00:00:00  -  Total Local Usage
	62042  -  Run Bytes Sent By Job
	527  -  Run Bytes Received By Job
	62042  -  Total Bytes Sent By Job
	527  -  Total Bytes Received By Job
	Partitionable Resources :    Usage  Request Allocated
	   Cpus                 :                 1         1
	   Disk (KB)            :       73  1024000   1029971
	   Memory (MB)          :      215     2000      2000
...
