000 (4213.000.000) 02/25 10:26:42 Job submitted from host: <128.101.221.180:9618?addrs=128.101.221.180-9618&noUDP&sock=3943_2604_3>
...
001 (4213.000.000) 02/25 10:27:01 Job executing on host: <128.101.221.174:9618?addrs=128.101.221.174-9618&noUDP&sock=4031871_ba53_4>
...
006 (4213.000.000) 02/25 10:27:10 Image size of job updated: 323332
	239  -  MemoryUsage of job (MB)
	243964  -  ResidentSetSize of job (KB)
...
005 (4213.000.000) 02/25 10:30:35 Job terminated.
	(1) Normal termination (return value 0)
		Usr 0 00:02:02, Sys 0 00:00:57  -  Run Remote Usage
		Usr 0 00:00:00, Sys 0 00:00:00  -  Run Local Usage
		Usr 0 00:02:02, Sys 0 00:00:57  -  Total Remote Usage
		Usr 0 00:00:00, Sys 0 00:00:00  -  Total Local Usage
	87867  -  Run Bytes Sent By Job
	527  -  Run Bytes Received By Job
	87867  -  Total Bytes Sent By Job
	527  -  Total Bytes Received By Job
	Partitionable Resources :    Usage  Request Allocated
	   Cpus                 :                 1         1
	   Disk (KB)            :       99  1024000   1903698
	   Memory (MB)          :      239     2000      2000
...
