000 (4230.000.000) 02/25 10:26:52 Job submitted from host: <128.101.221.180:9618?addrs=128.101.221.180-9618&noUDP&sock=3943_2604_3>
...
001 (4230.000.000) 02/25 10:27:09 Job executing on host: <128.101.221.176:9618?addrs=128.101.221.176-9618&noUDP&sock=2756849_b007_4>
...
006 (4230.000.000) 02/25 10:27:17 Image size of job updated: 273744
	194  -  MemoryUsage of job (MB)
	198588  -  ResidentSetSize of job (KB)
...
005 (4230.000.000) 02/25 10:29:52 Job terminated.
	(1) Normal termination (return value 0)
		Usr 0 00:01:37, Sys 0 00:00:40  -  Run Remote Usage
		Usr 0 00:00:00, Sys 0 00:00:00  -  Run Local Usage
		Usr 0 00:01:37, Sys 0 00:00:40  -  Total Remote Usage
		Usr 0 00:00:00, Sys 0 00:00:00  -  Total Local Usage
	57607  -  Run Bytes Sent By Job
	527  -  Run Bytes Received By Job
	57607  -  Total Bytes Sent By Job
	527  -  Total Bytes Received By Job
	Partitionable Resources :    Usage  Request Allocated
	   Cpus                 :                 1         1
	   Disk (KB)            :       69  1024000   1028258
	   Memory (MB)          :      194     2000      2000
...
