000 (4194.000.000) 02/25 10:26:34 Job submitted from host: <128.101.221.180:9618?addrs=128.101.221.180-9618&noUDP&sock=3943_2604_3>
...
001 (4194.000.000) 02/25 10:26:53 Job executing on host: <128.101.221.185:9618?addrs=128.101.221.185-9618&noUDP&sock=4153619_bab1_4>
...
006 (4194.000.000) 02/25 10:27:02 Image size of job updated: 251524
	172  -  MemoryUsage of job (MB)
	175548  -  ResidentSetSize of job (KB)
...
005 (4194.000.000) 02/25 10:28:18 Job terminated.
	(1) Normal termination (return value 0)
		Usr 0 00:00:48, Sys 0 00:00:18  -  Run Remote Usage
		Usr 0 00:00:00, Sys 0 00:00:00  -  Run Local Usage
		Usr 0 00:00:48, Sys 0 00:00:18  -  Total Remote Usage
		Usr 0 00:00:00, Sys 0 00:00:00  -  Total Local Usage
	40631  -  Run Bytes Sent By Job
	527  -  Run Bytes Received By Job
	40631  -  Total Bytes Sent By Job
	527  -  Total Bytes Received By Job
	Partitionable Resources :    Usage  Request Allocated
	   Cpus                 :                 1         1
	   Disk (KB)            :       52  1024000   1028855
	   Memory (MB)          :      172     2000      2000
...
