000 (4240.000.000) 02/25 10:26:59 Job submitted from host: <128.101.221.180:9618?addrs=128.101.221.180-9618&noUDP&sock=3943_2604_3>
...
001 (4240.000.000) 02/25 10:27:13 Job executing on host: <128.101.220.50:9618?addrs=128.101.220.50-9618&noUDP&sock=258564_f9de_4>
...
006 (4240.000.000) 02/25 10:27:22 Image size of job updated: 314716
	223  -  MemoryUsage of job (MB)
	228316  -  ResidentSetSize of job (KB)
...
006 (4240.000.000) 02/25 10:30:43 Image size of job updated: 415996
	223  -  MemoryUsage of job (MB)
	228316  -  ResidentSetSize of job (KB)
...
005 (4240.000.000) 02/25 10:30:45 Job terminated.
	(1) Normal termination (return value 0)
		Usr 0 00:01:58, Sys 0 00:00:53  -  Run Remote Usage
		Usr 0 00:00:00, Sys 0 00:00:00  -  Run Local Usage
		Usr 0 00:01:58, Sys 0 00:00:53  -  Total Remote Usage
		Usr 0 00:00:00, Sys 0 00:00:00  -  Total Local Usage
	80311  -  Run Bytes Sent By Job
	527  -  Run Bytes Received By Job
	80311  -  Total Bytes Sent By Job
	527  -  Total Bytes Received By Job
	Partitionable Resources :    Usage  Request Allocated
	   Cpus                 :                 1         1
	   Disk (KB)            :       91  1024000   1030091
	   Memory (MB)          :      223     2000      2000
...
