000 (4191.000.000) 02/25 10:26:32 Job submitted from host: <128.101.221.180:9618?addrs=128.101.221.180-9618&noUDP&sock=3943_2604_3>
...
001 (4191.000.000) 02/25 10:26:49 Job executing on host: <128.101.221.192:9618?addrs=128.101.221.192-9618&noUDP&sock=3175794_1c7b_4>
...
006 (4191.000.000) 02/25 10:26:57 Image size of job updated: 187960
	124  -  MemoryUsage of job (MB)
	126116  -  ResidentSetSize of job (KB)
...
005 (4191.000.000) 02/25 10:29:21 Job terminated.
	(1) Normal termination (return value 0)
		Usr 0 00:01:25, Sys 0 00:00:37  -  Run Remote Usage
		Usr 0 00:00:00, Sys 0 00:00:00  -  Run Local Usage
		Usr 0 00:01:25, Sys 0 00:00:37  -  Total Remote Usage
		Usr 0 00:00:00, Sys 0 00:00:00  -  Total Local Usage
	43311  -  Run Bytes Sent By Job
	527  -  Run Bytes Received By Job
	43311  -  Total Bytes Sent By Job
	527  -  Total Bytes Received By Job
	Partitionable Resources :    Usage  Request Allocated
	   Cpus                 :                 1         1
	   Disk (KB)            :       55  1024000   1030960
	   Memory (MB)          :      124     2000      2000
...
