000 (4217.000.000) 02/25 10:26:44 Job submitted from host: <128.101.221.180:9618?addrs=128.101.221.180-9618&noUDP&sock=3943_2604_3>
...
001 (4217.000.000) 02/25 10:27:16 Job executing on host: <128.101.221.180:9618?addrs=128.101.221.180-9618&noUDP&sock=3943_2604_4>
...
006 (4217.000.000) 02/25 10:27:24 Image size of job updated: 290372
	206  -  MemoryUsage of job (MB)
	210660  -  ResidentSetSize of job (KB)
...
006 (4217.000.000) 02/25 10:29:53 Image size of job updated: 719964
	206  -  MemoryUsage of job (MB)
	210660  -  ResidentSetSize of job (KB)
...
005 (4217.000.000) 02/25 10:29:54 Job terminated.
	(1) Normal termination (return value 0)
		Usr 0 00:01:35, Sys 0 00:00:36  -  Run Remote Usage
		Usr 0 00:00:00, Sys 0 00:00:00  -  Run Local Usage
		Usr 0 00:01:35, Sys 0 00:00:36  -  Total Remote Usage
		Usr 0 00:00:00, Sys 0 00:00:00  -  Total Local Usage
	68481  -  Run Bytes Sent By Job
	527  -  Run Bytes Received By Job
	68481  -  Total Bytes Sent By Job
	527  -  Total Bytes Received By Job
	Partitionable Resources :    Usage  Request Allocated
	   Cpus                 :                 1         1
	   Disk (KB)            :       80  1024000   1028460
	   Memory (MB)          :      206     2000      2000
...
