000 (4245.000.000) 02/25 10:27:03 Job submitted from host: <128.101.221.180:9618?addrs=128.101.221.180-9618&noUDP&sock=3943_2604_3>
...
001 (4245.000.000) 02/25 10:27:16 Job executing on host: <128.101.220.49:9618?addrs=128.101.220.49-9618&noUDP&sock=280861_dd0b_4>
...
006 (4245.000.000) 02/25 10:27:24 Image size of job updated: 274840
	201  -  MemoryUsage of job (MB)
	205336  -  ResidentSetSize of job (KB)
...
005 (4245.000.000) 02/25 10:28:49 Job terminated.
	(1) Normal termination (return value 0)
		Usr 0 00:00:55, Sys 0 00:00:21  -  Run Remote Usage
		Usr 0 00:00:00, Sys 0 00:00:00  -  Run Local Usage
		Usr 0 00:00:55, Sys 0 00:00:21  -  Total Remote Usage
		Usr 0 00:00:00, Sys 0 00:00:00  -  Total Local Usage
	44846  -  Run Bytes Sent By Job
	527  -  Run Bytes Received By Job
	44846  -  Total Bytes Sent By Job
	527  -  Total Bytes Received By Job
	Partitionable Resources :    Usage  Request Allocated
	   Cpus                 :                 1         1
	   Disk (KB)            :       57  1024000   1031058
	   Memory (MB)          :      201     2000      2000
...
