000 (4201.000.000) 02/25 10:26:37 Job submitted from host: <128.101.221.180:9618?addrs=128.101.221.180-9618&noUDP&sock=3943_2604_3>
...
001 (4201.000.000) 02/25 10:26:57 Job executing on host: <128.101.220.89:9618?addrs=128.101.220.89-9618&noUDP&sock=367686_9777_4>
...
006 (4201.000.000) 02/25 10:27:05 Image size of job updated: 252528
	173  -  MemoryUsage of job (MB)
	176436  -  ResidentSetSize of job (KB)
...
006 (4201.000.000) 02/25 10:29:49 Image size of job updated: 329984
	173  -  MemoryUsage of job (MB)
	176436  -  ResidentSetSize of job (KB)
...
005 (4201.000.000) 02/25 10:29:50 Job terminated.
	(1) Normal termination (return value 0)
		Usr 0 00:01:35, Sys 0 00:00:41  -  Run Remote Usage
		Usr 0 00:00:00, Sys 0 00:00:00  -  Run Local Usage
		Usr 0 00:01:35, Sys 0 00:00:41  -  Total Remote Usage
		Usr 0 00:00:00, Sys 0 00:00:00  -  Total Local Usage
	59634  -  Run Bytes Sent By Job
	527  -  Run Bytes Received By Job
	59634  -  Total Bytes Sent By Job
	527  -  Total Bytes Received By Job
	Partitionable Resources :    Usage  Request Allocated
	   Cpus                 :                 1         1
	   Disk (KB)            :       71  1024000   1030630
	   Memory (MB)          :      173     2000      2000
...
