000 (7504.000.000) 02/17 09:58:25 Job submitted from host: <128.101.221.181:9618?addrs=128.101.221.181-9618&noUDP&sock=2582719_fdba_3>
...
001 (7504.000.000) 02/17 10:01:48 Job executing on host: <128.101.221.192:9618?addrs=128.101.221.192-9618&noUDP&sock=3175794_1c7b_4>
...
006 (7504.000.000) 02/17 10:01:56 Image size of job updated: 211996
	178  -  MemoryUsage of job (MB)
	181896  -  ResidentSetSize of job (KB)
...
006 (7504.000.000) 02/17 10:06:56 Image size of job updated: 325944
	319  -  MemoryUsage of job (MB)
	325712  -  ResidentSetSize of job (KB)
...
006 (7504.000.000) 02/17 10:07:24 Image size of job updated: 720672
	319  -  MemoryUsage of job (MB)
	325712  -  ResidentSetSize of job (KB)
...
005 (7504.000.000) 02/17 10:07:25 Job terminated.
	(1) Normal termination (return value 0)
		Usr 0 00:03:05, Sys 0 00:01:54  -  Run Remote Usage
		Usr 0 00:00:00, Sys 0 00:00:00  -  Run Local Usage
		Usr 0 00:03:05, Sys 0 00:01:54  -  Total Remote Usage
		Usr 0 00:00:00, Sys 0 00:00:00  -  Total Local Usage
	97770  -  Run Bytes Sent By Job
	527  -  Run Bytes Received By Job
	97770  -  Total Bytes Sent By Job
	527  -  Total Bytes Received By Job
	Partitionable Resources :    Usage  Request Allocated
	   Cpus                 :                 1         1
	   Disk (KB)            :      108  1024000   1030831
	   Memory (MB)          :      319     2000      2000
...
