000 (7509.000.000) 02/17 09:58:31 Job submitted from host: <128.101.221.181:9618?addrs=128.101.221.181-9618&noUDP&sock=2582719_fdba_3>
...
001 (7509.000.000) 02/17 10:02:07 Job executing on host: <128.101.221.192:9618?addrs=128.101.221.192-9618&noUDP&sock=3175794_1c7b_4>
...
006 (7509.000.000) 02/17 10:02:15 Image size of job updated: 241212
	168  -  MemoryUsage of job (MB)
	171484  -  ResidentSetSize of job (KB)
...
006 (7509.000.000) 02/17 10:05:09 Image size of job updated: 717700
	168  -  MemoryUsage of job (MB)
	171484  -  ResidentSetSize of job (KB)
...
005 (7509.000.000) 02/17 10:05:11 Job terminated.
	(1) Normal termination (return value 0)
		Usr 0 00:01:45, Sys 0 00:00:58  -  Run Remote Usage
		Usr 0 00:00:00, Sys 0 00:00:00  -  Run Local Usage
		Usr 0 00:01:45, Sys 0 00:00:58  -  Total Remote Usage
		Usr 0 00:00:00, Sys 0 00:00:00  -  Total Local Usage
	50128  -  Run Bytes Sent By Job
	527  -  Run Bytes Received By Job
	50128  -  Total Bytes Sent By Job
	527  -  Total Bytes Received By Job
	Partitionable Resources :    Usage  Request Allocated
	   Cpus                 :                 1         1
	   Disk (KB)            :       62  1024000   1030828
	   Memory (MB)          :      168     2000      2000
...
