000 (7524.000.000) 02/17 09:58:41 Job submitted from host: <128.101.221.181:9618?addrs=128.101.221.181-9618&noUDP&sock=2582719_fdba_3>
...
001 (7524.000.000) 02/17 10:02:53 Job executing on host: <128.101.221.182:9618?addrs=128.101.221.182-9618&noUDP&sock=3902_06a2_4>
...
006 (7524.000.000) 02/17 10:03:02 Image size of job updated: 290264
	205  -  MemoryUsage of job (MB)
	209796  -  ResidentSetSize of job (KB)
...
006 (7524.000.000) 02/17 10:06:15 Image size of job updated: 720048
	205  -  MemoryUsage of job (MB)
	209796  -  ResidentSetSize of job (KB)
...
005 (7524.000.000) 02/17 10:06:16 Job terminated.
	(1) Normal termination (return value 0)
		Usr 0 00:01:59, Sys 0 00:00:59  -  Run Remote Usage
		Usr 0 00:00:00, Sys 0 00:00:00  -  Run Local Usage
		Usr 0 00:01:59, Sys 0 00:00:59  -  Total Remote Usage
		Usr 0 00:00:00, Sys 0 00:00:00  -  Total Local Usage
	57408  -  Run Bytes Sent By Job
	527  -  Run Bytes Received By Job
	57408  -  Total Bytes Sent By Job
	527  -  Total Bytes Received By Job
	Partitionable Resources :    Usage  Request Allocated
	   Cpus                 :                 1         1
	   Disk (KB)            :       69  1024000   1024976
	   Memory (MB)          :      205     2000      2000
...
