000 (7472.000.000) 02/17 09:58:04 Job submitted from host: <128.101.221.181:9618?addrs=128.101.221.181-9618&noUDP&sock=2582719_fdba_3>
...
001 (7472.000.000) 02/17 09:58:23 Job executing on host: <128.101.221.193:9618?addrs=128.101.221.193-9618&noUDP&sock=2332108_b0a7_4>
...
006 (7472.000.000) 02/17 09:58:32 Image size of job updated: 188208
	170  -  MemoryUsage of job (MB)
	173724  -  ResidentSetSize of job (KB)
...
006 (7472.000.000) 02/17 10:02:58 Image size of job updated: 324392
	170  -  MemoryUsage of job (MB)
	173724  -  ResidentSetSize of job (KB)
...
005 (7472.000.000) 02/17 10:02:59 Job terminated.
	(1) Normal termination (return value 0)
		Usr 0 00:01:54, Sys 0 00:02:04  -  Run Remote Usage
		Usr 0 00:00:00, Sys 0 00:00:00  -  Run Local Usage
		Usr 0 00:01:54, Sys 0 00:02:04  -  Total Remote Usage
		Usr 0 00:00:00, Sys 0 00:00:00  -  Total Local Usage
	70644  -  Run Bytes Sent By Job
	527  -  Run Bytes Received By Job
	70644  -  Total Bytes Sent By Job
	527  -  Total Bytes Received By Job
	Partitionable Resources :    Usage  Request Allocated
	   Cpus                 :                 1         1
	   Disk (KB)            :       82  1024000   1030326
	   Memory (MB)          :      170     2000      2000
...
