000 (7471.000.000) 02/17 09:58:04 Job submitted from host: <128.101.221.181:9618?addrs=128.101.221.181-9618&noUDP&sock=2582719_fdba_3>
...
001 (7471.000.000) 02/17 09:58:23 Job executing on host: <128.101.221.170:9618?addrs=128.101.221.170-9618&noUDP&sock=4150_221f_4>
...
006 (7471.000.000) 02/17 09:58:32 Image size of job updated: 190172
	185  -  MemoryUsage of job (MB)
	189356  -  ResidentSetSize of job (KB)
...
006 (7471.000.000) 02/17 10:03:33 Image size of job updated: 324704
	317  -  MemoryUsage of job (MB)
	324476  -  ResidentSetSize of job (KB)
...
006 (7471.000.000) 02/17 10:04:27 Image size of job updated: 724856
	317  -  MemoryUsage of job (MB)
	324476  -  ResidentSetSize of job (KB)
...
005 (7471.000.000) 02/17 10:04:28 Job terminated.
	(1) Normal termination (return value 0)
		Usr 0 00:02:56, Sys 0 00:02:31  -  Run Remote Usage
		Usr 0 00:00:00, Sys 0 00:00:00  -  Run Local Usage
		Usr 0 00:02:56, Sys 0 00:02:31  -  Total Remote Usage
		Usr 0 00:00:00, Sys 0 00:00:00  -  Total Local Usage
	68412  -  Run Bytes Sent By Job
	527  -  Run Bytes Received By Job
	68412  -  Total Bytes Sent By Job
	527  -  Total Bytes Received By Job
	Partitionable Resources :    Usage  Request Allocated
	   Cpus                 :                 1         1
	   Disk (KB)            :       86  1024000   2040476
	   Memory (MB)          :      317     2000      2000
...
