000 (7496.000.000) 02/17 09:58:17 Job submitted from host: <128.101.221.181:9618?addrs=128.101.221.181-9618&noUDP&sock=2582719_fdba_3>
...
001 (7496.000.000) 02/17 10:00:46 Job executing on host: <128.101.221.170:9618?addrs=128.101.221.170-9618&noUDP&sock=4150_221f_4>
...
006 (7496.000.000) 02/17 10:00:54 Image size of job updated: 222836
	173  -  MemoryUsage of job (MB)
	176472  -  ResidentSetSize of job (KB)
...
006 (7496.000.000) 02/17 10:05:51 Image size of job updated: 724948
	173  -  MemoryUsage of job (MB)
	176540  -  ResidentSetSize of job (KB)
...
005 (7496.000.000) 02/17 10:05:51 Job terminated.
	(1) Normal termination (return value 0)
		Usr 0 00:02:34, Sys 0 00:02:00  -  Run Remote Usage
		Usr 0 00:00:00, Sys 0 00:00:00  -  Run Local Usage
		Usr 0 00:02:34, Sys 0 00:02:00  -  Total Remote Usage
		Usr 0 00:00:00, Sys 0 00:00:00  -  Total Local Usage
	74178  -  Run Bytes Sent By Job
	527  -  Run Bytes Received By Job
	74178  -  Total Bytes Sent By Job
	527  -  Total Bytes Received By Job
	Partitionable Resources :    Usage  Request Allocated
	   Cpus                 :                 1         1
	   Disk (KB)            :       92  1024000   2040476
	   Memory (MB)          :      173     2000      2000
...
