000 (7532.000.000) 02/17 09:58:45 Job submitted from host: <128.101.221.181:9618?addrs=128.101.221.181-9618&noUDP&sock=2582719_fdba_3>
...
001 (7532.000.000) 02/17 10:03:11 Job executing on host: <128.101.221.192:9618?addrs=128.101.221.192-9618&noUDP&sock=3175794_1c7b_4>
...
006 (7532.000.000) 02/17 10:03:20 Image size of job updated: 253292
	191  -  MemoryUsage of job (MB)
	195268  -  ResidentSetSize of job (KB)
...
005 (7532.000.000) 02/17 10:07:48 Job terminated.
	(1) Normal termination (return value 0)
		Usr 0 00:02:39, Sys 0 00:01:27  -  Run Remote Usage
		Usr 0 00:00:00, Sys 0 00:00:00  -  Run Local Usage
		Usr 0 00:02:39, Sys 0 00:01:27  -  Total Remote Usage
		Usr 0 00:00:00, Sys 0 00:00:00  -  Total Local Usage
	76576  -  Run Bytes Sent By Job
	527  -  Run Bytes Received By Job
	76576  -  Total Bytes Sent By Job
	527  -  Total Bytes Received By Job
	Partitionable Resources :    Usage  Request Allocated
	   Cpus                 :                 1         1
	   Disk (KB)            :       88  1024000   1030827
	   Memory (MB)          :      191     2000      2000
...
