000 (7530.000.000) 02/17 09:58:44 Job submitted from host: <128.101.221.181:9618?addrs=128.101.221.181-9618&noUDP&sock=2582719_fdba_3>
...
001 (7530.000.000) 02/17 10:03:07 Job executing on host: <128.101.221.170:9618?addrs=128.101.221.170-9618&noUDP&sock=4150_221f_4>
...
006 (7530.000.000) 02/17 10:03:16 Image size of job updated: 251384
	188  -  MemoryUsage of job (MB)
	192388  -  ResidentSetSize of job (KB)
...
006 (7530.000.000) 02/17 10:07:23 Image size of job updated: 251384
	188  -  MemoryUsage of job (MB)
	192444  -  ResidentSetSize of job (KB)
...
005 (7530.000.000) 02/17 10:07:25 Job terminated.
	(1) Normal termination (return value 0)
		Usr 0 00:02:17, Sys 0 00:01:31  -  Run Remote Usage
		Usr 0 00:00:00, Sys 0 00:00:00  -  Run Local Usage
		Usr 0 00:02:17, Sys 0 00:01:31  -  Total Remote Usage
		Usr 0 00:00:00, Sys 0 00:00:00  -  Total Local Usage
	66007  -  Run Bytes Sent By Job
	527  -  Run Bytes Received By Job
	66007  -  Total Bytes Sent By Job
	527  -  Total Bytes Received By Job
	Partitionable Resources :    Usage  Request Allocated
	   Cpus                 :                 1         1
	   Disk (KB)            :       84  1024000   2040476
	   Memory (MB)          :      188     2000      2000
...
