000 (7517.000.000) 02/17 09:58:37 Job submitted from host: <128.101.221.181:9618?addrs=128.101.221.181-9618&noUDP&sock=2582719_fdba_3>
...
001 (7517.000.000) 02/17 10:02:24 Job executing on host: <128.101.221.192:9618?addrs=128.101.221.192-9618&noUDP&sock=3175794_1c7b_4>
...
006 (7517.000.000) 02/17 10:02:32 Image size of job updated: 250160
	172  -  MemoryUsage of job (MB)
	175452  -  ResidentSetSize of job (KB)
...
006 (7517.000.000) 02/17 10:07:23 Image size of job updated: 720188
	172  -  MemoryUsage of job (MB)
	175452  -  ResidentSetSize of job (KB)
...
005 (7517.000.000) 02/17 10:07:24 Job terminated.
	(1) Normal termination (return value 0)
		Usr 0 00:02:50, Sys 0 00:01:37  -  Run Remote Usage
		Usr 0 00:00:00, Sys 0 00:00:00  -  Run Local Usage
		Usr 0 00:02:50, Sys 0 00:01:37  -  Total Remote Usage
		Usr 0 00:00:00, Sys 0 00:00:00  -  Total Local Usage
	73043  -  Run Bytes Sent By Job
	527  -  Run Bytes Received By Job
	73043  -  Total Bytes Sent By Job
	527  -  Total Bytes Received By Job
	Partitionable Resources :    Usage  Request Allocated
	   Cpus                 :                 1         1
	   Disk (KB)            :       84  1024000   1030829
	   Memory (MB)          :      172     2000      2000
...
