000 (7527.000.000) 02/17 09:58:42 Job submitted from host: <128.101.221.181:9618?addrs=128.101.221.181-9618&noUDP&sock=2582719_fdba_3>
...
001 (7527.000.000) 02/17 10:03:02 Job executing on host: <128.101.221.193:9618?addrs=128.101.221.193-9618&noUDP&sock=2332108_b0a7_4>
...
006 (7527.000.000) 02/17 10:03:10 Image size of job updated: 241292
	203  -  MemoryUsage of job (MB)
	207088  -  ResidentSetSize of job (KB)
...
005 (7527.000.000) 02/17 10:05:14 Job terminated.
	(1) Normal termination (return value 0)
		Usr 0 00:00:59, Sys 0 00:00:56  -  Run Remote Usage
		Usr 0 00:00:00, Sys 0 00:00:00  -  Run Local Usage
		Usr 0 00:00:59, Sys 0 00:00:56  -  Total Remote Usage
		Usr 0 00:00:00, Sys 0 00:00:00  -  Total Local Usage
	48381  -  Run Bytes Sent By Job
	527  -  Run Bytes Received By Job
	48381  -  Total Bytes Sent By Job
	527  -  Total Bytes Received By Job
	Partitionable Resources :    Usage  Request Allocated
	   Cpus                 :                 1         1
	   Disk (KB)            :       60  1024000   1030326
	   Memory (MB)          :      203     2000      2000
...
