000 (7502.000.000) 02/17 09:58:22 Job submitted from host: <128.101.221.181:9618?addrs=128.101.221.181-9618&noUDP&sock=2582719_fdba_3>
...
001 (7502.000.000) 02/17 10:01:31 Job executing on host: <128.101.221.192:9618?addrs=128.101.221.192-9618&noUDP&sock=3175794_1c7b_4>
...
006 (7502.000.000) 02/17 10:01:39 Image size of job updated: 216312
	148  -  MemoryUsage of job (MB)
	150736  -  ResidentSetSize of job (KB)
...
006 (7502.000.000) 02/17 10:05:17 Image size of job updated: 719932
	148  -  MemoryUsage of job (MB)
	150736  -  ResidentSetSize of job (KB)
...
005 (7502.000.000) 02/17 10:05:18 Job terminated.
	(1) Normal termination (return value 0)
		Usr 0 00:02:07, Sys 0 00:01:14  -  Run Remote Usage
		Usr 0 00:00:00, Sys 0 00:00:00  -  Run Local Usage
		Usr 0 00:02:07, Sys 0 00:01:14  -  Total Remote Usage
		Usr 0 00:00:00, Sys 0 00:00:00  -  Total Local Usage
	47715  -  Run Bytes Sent By Job
	527  -  Run Bytes Received By Job
	47715  -  Total Bytes Sent By Job
	527  -  Total Bytes Received By Job
	Partitionable Resources :    Usage  Request Allocated
	   Cpus                 :                 1         1
	   Disk (KB)            :       60  1024000   1030828
	   Memory (MB)          :      148     2000      2000
...
