000 (7477.000.000) 02/17 09:58:07 Job submitted from host: <128.101.221.181:9618?addrs=128.101.221.181-9618&noUDP&sock=2582719_fdba_3>
...
001 (7477.000.000) 02/17 09:58:25 Job executing on host: <128.101.221.192:9618?addrs=128.101.221.192-9618&noUDP&sock=3175794_1c7b_4>
...
006 (7477.000.000) 02/17 09:58:34 Image size of job updated: 193736
	171  -  MemoryUsage of job (MB)
	174236  -  ResidentSetSize of job (KB)
...
006 (7477.000.000) 02/17 10:03:36 Image size of job updated: 324420
	317  -  MemoryUsage of job (MB)
	324316  -  ResidentSetSize of job (KB)
...
006 (7477.000.000) 02/17 10:04:19 Image size of job updated: 720088
	317  -  MemoryUsage of job (MB)
	324316  -  ResidentSetSize of job (KB)
...
005 (7477.000.000) 02/17 10:04:20 Job terminated.
	(1) Normal termination (return value 0)
		Usr 0 00:03:10, Sys 0 00:02:05  -  Run Remote Usage
		Usr 0 00:00:00, Sys 0 00:00:00  -  Run Local Usage
		Usr 0 00:03:10, Sys 0 00:02:05  -  Total Remote Usage
		Usr 0 00:00:00, Sys 0 00:00:00  -  Total Local Usage
	64438  -  Run Bytes Sent By Job
	527  -  Run Bytes Received By Job
	64438  -  Total Bytes Sent By Job
	527  -  Total Bytes Received By Job
	Partitionable Resources :    Usage  Request Allocated
	   Cpus                 :                 1         1
	   Disk (KB)            :       76  1024000   1030828
	   Memory (MB)          :      317     2000      2000
...
