000 (7529.000.000) 02/17 09:58:43 Job submitted from host: <128.101.221.181:9618?addrs=128.101.221.181-9618&noUDP&sock=2582719_fdba_3>
...
001 (7529.000.000) 02/17 10:03:05 Job executing on host: <128.101.221.192:9618?addrs=128.101.221.192-9618&noUDP&sock=3175794_1c7b_4>
...
006 (7529.000.000) 02/17 10:03:14 Image size of job updated: 208876
	186  -  MemoryUsage of job (MB)
	189512  -  ResidentSetSize of job (KB)
...
005 (7529.000.000) 02/17 10:07:07 Job terminated.
	(1) Normal termination (return value 0)
		Usr 0 00:02:18, Sys 0 00:01:18  -  Run Remote Usage
		Usr 0 00:00:00, Sys 0 00:00:00  -  Run Local Usage
		Usr 0 00:02:18, Sys 0 00:01:18  -  Total Remote Usage
		Usr 0 00:00:00, Sys 0 00:00:00  -  Total Local Usage
	62042  -  Run Bytes Sent By Job
	527  -  Run Bytes Received By Job
	62042  -  Total Bytes Sent By Job
	527  -  Total Bytes Received By Job
	Partitionable Resources :    Usage  Request Allocated
	   Cpus                 :                 1         1
	   Disk (KB)            :       73  1024000   1030828
	   Memory (MB)          :      186     2000      2000
...
