000 (7484.000.000) 02/17 09:58:11 Job submitted from host: <128.101.221.181:9618?addrs=128.101.221.181-9618&noUDP&sock=2582719_fdba_3>
...
001 (7484.000.000) 02/17 09:58:28 Job executing on host: <128.101.221.192:9618?addrs=128.101.221.192-9618&noUDP&sock=3175794_1c7b_4>
...
006 (7484.000.000) 02/17 09:58:36 Image size of job updated: 117648
	115  -  MemoryUsage of job (MB)
	116856  -  ResidentSetSize of job (KB)
...
006 (7484.000.000) 02/17 10:03:09 Image size of job updated: 720120
	115  -  MemoryUsage of job (MB)
	116856  -  ResidentSetSize of job (KB)
...
005 (7484.000.000) 02/17 10:03:10 Job terminated.
	(1) Normal termination (return value 0)
		Usr 0 00:02:33, Sys 0 00:01:37  -  Run Remote Usage
		Usr 0 00:00:00, Sys 0 00:00:00  -  Run Local Usage
		Usr 0 00:02:33, Sys 0 00:01:37  -  Total Remote Usage
		Usr 0 00:00:00, Sys 0 00:00:00  -  Total Local Usage
	58737  -  Run Bytes Sent By Job
	527  -  Run Bytes Received By Job
	58737  -  Total Bytes Sent By Job
	527  -  Total Bytes Received By Job
	Partitionable Resources :    Usage  Request Allocated
	   Cpus                 :                 1         1
	   Disk (KB)            :       70  1024000   1030827
	   Memory (MB)          :      115     2000      2000
...
