000 (7495.000.000) 02/17 09:58:17 Job submitted from host: <128.101.221.181:9618?addrs=128.101.221.181-9618&noUDP&sock=2582719_fdba_3>
...
001 (7495.000.000) 02/17 10:00:38 Job executing on host: <128.101.221.170:9618?addrs=128.101.221.170-9618&noUDP&sock=4150_221f_4>
...
006 (7495.000.000) 02/17 10:00:46 Image size of job updated: 218944
	176  -  MemoryUsage of job (MB)
	179412  -  ResidentSetSize of job (KB)
...
006 (7495.000.000) 02/17 10:05:46 Image size of job updated: 325592
	318  -  MemoryUsage of job (MB)
	325440  -  ResidentSetSize of job (KB)
...
006 (7495.000.000) 02/17 10:06:00 Image size of job updated: 724900
	318  -  MemoryUsage of job (MB)
	325440  -  ResidentSetSize of job (KB)
...
005 (7495.000.000) 02/17 10:06:01 Job terminated.
	(1) Normal termination (return value 0)
		Usr 0 00:02:44, Sys 0 00:02:06  -  Run Remote Usage
		Usr 0 00:00:00, Sys 0 00:00:00  -  Run Local Usage
		Usr 0 00:02:44, Sys 0 00:02:06  -  Total Remote Usage
		Usr 0 00:00:00, Sys 0 00:00:00  -  Total Local Usage
	86480  -  Run Bytes Sent By Job
	527  -  Run Bytes Received By Job
	86480  -  Total Bytes Sent By Job
	527  -  Total Bytes Received By Job
	Partitionable Resources :    Usage  Request Allocated
	   Cpus                 :                 1         1
	   Disk (KB)            :      104  1024000   2040476
	   Memory (MB)          :      318     2000      2000
...
