000 (7492.000.000) 02/17 09:58:15 Job submitted from host: <128.101.221.181:9618?addrs=128.101.221.181-9618&noUDP&sock=2582719_fdba_3>
...
001 (7492.000.000) 02/17 10:00:25 Job executing on host: <128.101.221.193:9618?addrs=128.101.221.193-9618&noUDP&sock=2332108_b0a7_4>
...
006 (7492.000.000) 02/17 10:00:33 Image size of job updated: 223624
	177  -  MemoryUsage of job (MB)
	181060  -  ResidentSetSize of job (KB)
...
006 (7492.000.000) 02/17 10:04:47 Image size of job updated: 720076
	177  -  MemoryUsage of job (MB)
	181060  -  ResidentSetSize of job (KB)
...
005 (7492.000.000) 02/17 10:04:48 Job terminated.
	(1) Normal termination (return value 0)
		Usr 0 00:01:52, Sys 0 00:01:58  -  Run Remote Usage
		Usr 0 00:00:00, Sys 0 00:00:00  -  Run Local Usage
		Usr 0 00:01:52, Sys 0 00:01:58  -  Total Remote Usage
		Usr 0 00:00:00, Sys 0 00:00:00  -  Total Local Usage
	70422  -  Run Bytes Sent By Job
	527  -  Run Bytes Received By Job
	70422  -  Total Bytes Sent By Job
	527  -  Total Bytes Received By Job
	Partitionable Resources :    Usage  Request Allocated
	   Cpus                 :                 1         1
	   Disk (KB)            :       82  1024000   1030326
	   Memory (MB)          :      177     2000      2000
...
