000 (7486.000.000) 02/17 09:58:12 Job submitted from host: <128.101.221.181:9618?addrs=128.101.221.181-9618&noUDP&sock=2582719_fdba_3>
...
001 (7486.000.000) 02/17 09:58:28 Job executing on host: <128.101.221.182:9618?addrs=128.101.221.182-9618&noUDP&sock=3902_06a2_4>
...
006 (7486.000.000) 02/17 09:58:37 Image size of job updated: 145920
	142  -  MemoryUsage of job (MB)
	145032  -  ResidentSetSize of job (KB)
...
006 (7486.000.000) 02/17 10:02:13 Image size of job updated: 717416
	142  -  MemoryUsage of job (MB)
	145032  -  ResidentSetSize of job (KB)
...
005 (7486.000.000) 02/17 10:02:14 Job terminated.
	(1) Normal termination (return value 0)
		Usr 0 00:02:04, Sys 0 00:01:15  -  Run Remote Usage
		Usr 0 00:00:00, Sys 0 00:00:00  -  Run Local Usage
		Usr 0 00:02:04, Sys 0 00:01:15  -  Total Remote Usage
		Usr 0 00:00:00, Sys 0 00:00:00  -  Total Local Usage
	60525  -  Run Bytes Sent By Job
	527  -  Run Bytes Received By Job
	60525  -  Total Bytes Sent By Job
	527  -  Total Bytes Received By Job
	Partitionable Resources :    Usage  Request Allocated
	   Cpus                 :                 1         1
	   Disk (KB)            :       72  1024000   1024976
	   Memory (MB)          :      142     2000      2000
...
