000 (7475.000.000) 02/17 09:58:06 Job submitted from host: <128.101.221.181:9618?addrs=128.101.221.181-9618&noUDP&sock=2582719_fdba_3>
...
001 (7475.000.000) 02/17 09:58:24 Job executing on host: <128.101.221.170:9618?addrs=128.101.221.170-9618&noUDP&sock=4150_221f_4>
...
006 (7475.000.000) 02/17 09:58:32 Image size of job updated: 163512
	157  -  MemoryUsage of job (MB)
	159800  -  ResidentSetSize of job (KB)
...
006 (7475.000.000) 02/17 10:00:43 Image size of job updated: 322708
	157  -  MemoryUsage of job (MB)
	160192  -  ResidentSetSize of job (KB)
...
005 (7475.000.000) 02/17 10:00:44 Job terminated.
	(1) Normal termination (return value 0)
		Usr 0 00:01:14, Sys 0 00:00:51  -  Run Remote Usage
		Usr 0 00:00:00, Sys 0 00:00:00  -  Run Local Usage
		Usr 0 00:01:14, Sys 0 00:00:51  -  Total Remote Usage
		Usr 0 00:00:00, Sys 0 00:00:00  -  Total Local Usage
	39998  -  Run Bytes Sent By Job
	527  -  Run Bytes Received By Job
	39998  -  Total Bytes Sent By Job
	527  -  Total Bytes Received By Job
	Partitionable Resources :    Usage  Request Allocated
	   Cpus                 :                 1         1
	   Disk (KB)            :       59  1024000   2040476
	   Memory (MB)          :      157     2000      2000
...
