000 (7516.000.000) 02/17 09:58:36 Job submitted from host: <128.101.221.181:9618?addrs=128.101.221.181-9618&noUDP&sock=2582719_fdba_3>
...
001 (7516.000.000) 02/17 10:02:23 Job executing on host: <128.101.221.170:9618?addrs=128.101.221.170-9618&noUDP&sock=4150_221f_4>
...
006 (7516.000.000) 02/17 10:02:31 Image size of job updated: 238928
	184  -  MemoryUsage of job (MB)
	187816  -  ResidentSetSize of job (KB)
...
006 (7516.000.000) 02/17 10:06:17 Image size of job updated: 724764
	184  -  MemoryUsage of job (MB)
	187852  -  ResidentSetSize of job (KB)
...
005 (7516.000.000) 02/17 10:06:18 Job terminated.
	(1) Normal termination (return value 0)
		Usr 0 00:02:03, Sys 0 00:01:28  -  Run Remote Usage
		Usr 0 00:00:00, Sys 0 00:00:00  -  Run Local Usage
		Usr 0 00:02:03, Sys 0 00:01:28  -  Total Remote Usage
		Usr 0 00:00:00, Sys 0 00:00:00  -  Total Local Usage
	63167  -  Run Bytes Sent By Job
	527  -  Run Bytes Received By Job
	63167  -  Total Bytes Sent By Job
	527  -  Total Bytes Received By Job
	Partitionable Resources :    Usage  Request Allocated
	   Cpus                 :                 1         1
	   Disk (KB)            :       81  1024000   2040476
	   Memory (MB)          :      184     2000      2000
...
