000 (7501.000.000) 02/17 09:58:21 Job submitted from host: <128.101.221.181:9618?addrs=128.101.221.181-9618&noUDP&sock=2582719_fdba_3>
...
001 (7501.000.000) 02/17 10:01:23 Job executing on host: <128.101.221.170:9618?addrs=128.101.221.170-9618&noUDP&sock=4150_221f_4>
...
006 (7501.000.000) 02/17 10:01:32 Image size of job updated: 250816
	173  -  MemoryUsage of job (MB)
	176424  -  ResidentSetSize of job (KB)
...
006 (7501.000.000) 02/17 10:04:43 Image size of job updated: 250816
	173  -  MemoryUsage of job (MB)
	176488  -  ResidentSetSize of job (KB)
...
005 (7501.000.000) 02/17 10:04:44 Job terminated.
	(1) Normal termination (return value 0)
		Usr 0 00:01:42, Sys 0 00:01:18  -  Run Remote Usage
		Usr 0 00:00:00, Sys 0 00:00:00  -  Run Local Usage
		Usr 0 00:01:42, Sys 0 00:01:18  -  Total Remote Usage
		Usr 0 00:00:00, Sys 0 00:00:00  -  Total Local Usage
	51668  -  Run Bytes Sent By Job
	527  -  Run Bytes Received By Job
	51668  -  Total Bytes Sent By Job
	527  -  Total Bytes Received By Job
	Partitionable Resources :    Usage  Request Allocated
	   Cpus                 :                 1         1
	   Disk (KB)            :       70  1024000   2040476
	   Memory (MB)          :      173     2000      2000
...
