000 (7491.000.000) 02/17 09:58:14 Job submitted from host: <128.101.221.181:9618?addrs=128.101.221.181-9618&noUDP&sock=2582719_fdba_3>
...
001 (7491.000.000) 02/17 10:00:20 Job executing on host: <128.101.221.193:9618?addrs=128.101.221.193-9618&noUDP&sock=2332108_b0a7_4>
...
006 (7491.000.000) 02/17 10:00:28 Image size of job updated: 213264
	178  -  MemoryUsage of job (MB)
	181736  -  ResidentSetSize of job (KB)
...
006 (7491.000.000) 02/17 10:04:37 Image size of job updated: 720152
	178  -  MemoryUsage of job (MB)
	181736  -  ResidentSetSize of job (KB)
...
005 (7491.000.000) 02/17 10:04:38 Job terminated.
	(1) Normal termination (return value 0)
		Usr 0 00:01:47, Sys 0 00:01:57  -  Run Remote Usage
		Usr 0 00:00:00, Sys 0 00:00:00  -  Run Local Usage
		Usr 0 00:01:47, Sys 0 00:01:57  -  Total Remote Usage
		Usr 0 00:00:00, Sys 0 00:00:00  -  Total Local Usage
	66436  -  Run Bytes Sent By Job
	527  -  Run Bytes Received By Job
	66436  -  Total Bytes Sent By Job
	527  -  Total Bytes Received By Job
	Partitionable Resources :    Usage  Request Allocated
	   Cpus                 :                 1         1
	   Disk (KB)            :       78  1024000   1030326
	   Memory (MB)          :      178     2000      2000
...
