000 (7519.000.000) 02/17 09:58:38 Job submitted from host: <128.101.221.181:9618?addrs=128.101.221.181-9618&noUDP&sock=2582719_fdba_3>
...
001 (7519.000.000) 02/17 10:02:26 Job executing on host: <128.101.220.112:9618?addrs=128.101.220.112-9618&noUDP&sock=2301225_8552_4>
...
006 (7519.000.000) 02/17 10:02:34 Image size of job updated: 264148
	182  -  MemoryUsage of job (MB)
	185812  -  ResidentSetSize of job (KB)
...
006 (7519.000.000) 02/17 10:06:03 Image size of job updated: 424348
	182  -  MemoryUsage of job (MB)
	185812  -  ResidentSetSize of job (KB)
...
005 (7519.000.000) 02/17 10:06:04 Job terminated.
	(1) Normal termination (return value 0)
		Usr 0 00:02:15, Sys 0 00:00:51  -  Run Remote Usage
		Usr 0 00:00:00, Sys 0 00:00:00  -  Run Local Usage
		Usr 0 00:02:15, Sys 0 00:00:51  -  Total Remote Usage
		Usr 0 00:00:00, Sys 0 00:00:00  -  Total Local Usage
	75698  -  Run Bytes Sent By Job
	527  -  Run Bytes Received By Job
	75698  -  Total Bytes Sent By Job
	527  -  Total Bytes Received By Job
	Partitionable Resources :    Usage  Request Allocated
	   Cpus                 :                 1         1
	   Disk (KB)            :       87  1024000   1034104
	   Memory (MB)          :      182     2000      2000
...
