000 (7522.000.000) 02/17 09:58:40 Job submitted from host: <128.101.221.181:9618?addrs=128.101.221.181-9618&noUDP&sock=2582719_fdba_3>
...
001 (7522.000.000) 02/17 10:02:50 Job executing on host: <128.101.221.192:9618?addrs=128.101.221.192-9618&noUDP&sock=3175794_1c7b_4>
...
006 (7522.000.000) 02/17 10:02:59 Image size of job updated: 206844
	175  -  MemoryUsage of job (MB)
	178644  -  ResidentSetSize of job (KB)
...
006 (7522.000.000) 02/17 10:07:59 Image size of job updated: 720004
	175  -  MemoryUsage of job (MB)
	178644  -  ResidentSetSize of job (KB)
...
005 (7522.000.000) 02/17 10:08:00 Job terminated.
	(1) Normal termination (return value 0)
		Usr 0 00:02:51, Sys 0 00:01:39  -  Run Remote Usage
		Usr 0 00:00:00, Sys 0 00:00:00  -  Run Local Usage
		Usr 0 00:02:51, Sys 0 00:01:39  -  Total Remote Usage
		Usr 0 00:00:00, Sys 0 00:00:00  -  Total Local Usage
	68947  -  Run Bytes Sent By Job
	527  -  Run Bytes Received By Job
	68947  -  Total Bytes Sent By Job
	527  -  Total Bytes Received By Job
	Partitionable Resources :    Usage  Request Allocated
	   Cpus                 :                 1         1
	   Disk (KB)            :       80  1024000   1030829
	   Memory (MB)          :      175     2000      2000
...
