000 (7511.000.000) 02/17 09:58:33 Job submitted from host: <128.101.221.181:9618?addrs=128.101.221.181-9618&noUDP&sock=2582719_fdba_3>
...
001 (7511.000.000) 02/17 10:02:10 Job executing on host: <128.101.221.182:9618?addrs=128.101.221.182-9618&noUDP&sock=3902_06a2_4>
...
006 (7511.000.000) 02/17 10:02:18 Image size of job updated: 193896
	180  -  MemoryUsage of job (MB)
	183560  -  ResidentSetSize of job (KB)
...
006 (7511.000.000) 02/17 10:04:49 Image size of job updated: 717832
	180  -  MemoryUsage of job (MB)
	183560  -  ResidentSetSize of job (KB)
...
005 (7511.000.000) 02/17 10:04:51 Job terminated.
	(1) Normal termination (return value 0)
		Usr 0 00:01:32, Sys 0 00:00:50  -  Run Remote Usage
		Usr 0 00:00:00, Sys 0 00:00:00  -  Run Local Usage
		Usr 0 00:01:32, Sys 0 00:00:50  -  Total Remote Usage
		Usr 0 00:00:00, Sys 0 00:00:00  -  Total Local Usage
	40430  -  Run Bytes Sent By Job
	527  -  Run Bytes Received By Job
	40430  -  Total Bytes Sent By Job
	527  -  Total Bytes Received By Job
	Partitionable Resources :    Usage  Request Allocated
	   Cpus                 :                 1         1
	   Disk (KB)            :       52  1024000   1024978
	   Memory (MB)          :      180     2000      2000
...
