000 (7505.000.000) 02/17 09:58:27 Job submitted from host: <128.101.221.181:9618?addrs=128.101.221.181-9618&noUDP&sock=2582719_fdba_3>
...
001 (7505.000.000) 02/17 10:01:49 Job executing on host: <128.101.221.192:9618?addrs=128.101.221.192-9618&noUDP&sock=3175794_1c7b_4>
...
006 (7505.000.000) 02/17 10:01:58 Image size of job updated: 262680
	207  -  MemoryUsage of job (MB)
	211492  -  ResidentSetSize of job (KB)
...
006 (7505.000.000) 02/17 10:06:35 Image size of job updated: 719836
	207  -  MemoryUsage of job (MB)
	211492  -  ResidentSetSize of job (KB)
...
005 (7505.000.000) 02/17 10:06:36 Job terminated.
	(1) Normal termination (return value 0)
		Usr 0 00:02:38, Sys 0 00:01:37  -  Run Remote Usage
		Usr 0 00:00:00, Sys 0 00:00:00  -  Run Local Usage
		Usr 0 00:02:38, Sys 0 00:01:37  -  Total Remote Usage
		Usr 0 00:00:00, Sys 0 00:00:00  -  Total Local Usage
	74178  -  Run Bytes Sent By Job
	527  -  Run Bytes Received By Job
	74178  -  Total Bytes Sent By Job
	527  -  Total Bytes Received By Job
	Partitionable Resources :    Usage  Request Allocated
	   Cpus                 :                 1         1
	   Disk (KB)            :       85  1024000   1030828
	   Memory (MB)          :      207     2000      2000
...
