000 (7470.000.000) 02/17 09:58:03 Job submitted from host: <128.101.221.181:9618?addrs=128.101.221.181-9618&noUDP&sock=2582719_fdba_3>
...
001 (7470.000.000) 02/17 09:58:21 Job executing on host: <128.101.221.193:9618?addrs=128.101.221.193-9618&noUDP&sock=2332108_b0a7_4>
...
006 (7470.000.000) 02/17 09:58:30 Image size of job updated: 211364
	204  -  MemoryUsage of job (MB)
	207980  -  ResidentSetSize of job (KB)
...
005 (7470.000.000) 02/17 10:00:18 Job terminated.
	(1) Normal termination (return value 0)
		Usr 0 00:00:51, Sys 0 00:00:49  -  Run Remote Usage
		Usr 0 00:00:00, Sys 0 00:00:00  -  Run Local Usage
		Usr 0 00:00:51, Sys 0 00:00:49  -  Total Remote Usage
		Usr 0 00:00:00, Sys 0 00:00:00  -  Total Local Usage
	39319  -  Run Bytes Sent By Job
	527  -  Run Bytes Received By Job
	39319  -  Total Bytes Sent By Job
	527  -  Total Bytes Received By Job
	Partitionable Resources :    Usage  Request Allocated
	   Cpus                 :                 1         1
	   Disk (KB)            :       51  1024000   1030326
	   Memory (MB)          :      204     2000      2000
...
