000 (7531.000.000) 02/17 09:58:44 Job submitted from host: <128.101.221.181:9618?addrs=128.101.221.181-9618&noUDP&sock=2582719_fdba_3>
...
001 (7531.000.000) 02/17 10:03:09 Job executing on host: <128.101.221.182:9618?addrs=128.101.221.182-9618&noUDP&sock=3902_06a2_4>
...
006 (7531.000.000) 02/17 10:03:17 Image size of job updated: 261772
	180  -  MemoryUsage of job (MB)
	183508  -  ResidentSetSize of job (KB)
...
005 (7531.000.000) 02/17 10:05:32 Job terminated.
	(1) Normal termination (return value 0)
		Usr 0 00:01:25, Sys 0 00:00:41  -  Run Remote Usage
		Usr 0 00:00:00, Sys 0 00:00:00  -  Run Local Usage
		Usr 0 00:01:25, Sys 0 00:00:41  -  Total Remote Usage
		Usr 0 00:00:00, Sys 0 00:00:00  -  Total Local Usage
	44623  -  Run Bytes Sent By Job
	527  -  Run Bytes Received By Job
	44623  -  Total Bytes Sent By Job
	527  -  Total Bytes Received By Job
	Partitionable Resources :    Usage  Request Allocated
	   Cpus                 :                 1         1
	   Disk (KB)            :       56  1024000   1024976
	   Memory (MB)          :      180     2000      2000
...
