000 (7474.000.000) 02/17 09:58:06 Job submitted from host: <128.101.221.181:9618?addrs=128.101.221.181-9618&noUDP&sock=2582719_fdba_3>
...
001 (7474.000.000) 02/17 09:58:24 Job executing on host: <128.101.221.182:9618?addrs=128.101.221.182-9618&noUDP&sock=3902_06a2_4>
...
006 (7474.000.000) 02/17 09:58:32 Image size of job updated: 187356
	168  -  MemoryUsage of job (MB)
	171376  -  ResidentSetSize of job (KB)
...
006 (7474.000.000) 02/17 10:02:51 Image size of job updated: 720036
	168  -  MemoryUsage of job (MB)
	171376  -  ResidentSetSize of job (KB)
...
005 (7474.000.000) 02/17 10:02:52 Job terminated.
	(1) Normal termination (return value 0)
		Usr 0 00:02:28, Sys 0 00:01:29  -  Run Remote Usage
		Usr 0 00:00:00, Sys 0 00:00:00  -  Run Local Usage
		Usr 0 00:02:28, Sys 0 00:01:29  -  Total Remote Usage
		Usr 0 00:00:00, Sys 0 00:00:00  -  Total Local Usage
	63812  -  Run Bytes Sent By Job
	527  -  Run Bytes Received By Job
	63812  -  Total Bytes Sent By Job
	527  -  Total Bytes Received By Job
	Partitionable Resources :    Usage  Request Allocated
	   Cpus                 :                 1         1
	   Disk (KB)            :       75  1024000   1024976
	   Memory (MB)          :      168     2000      2000
...
