000 (7523.000.000) 02/17 09:58:40 Job submitted from host: <128.101.221.181:9618?addrs=128.101.221.181-9618&noUDP&sock=2582719_fdba_3>
...
001 (7523.000.000) 02/17 10:02:52 Job executing on host: <128.101.221.193:9618?addrs=128.101.221.193-9618&noUDP&sock=2332108_b0a7_4>
...
006 (7523.000.000) 02/17 10:03:01 Image size of job updated: 263916
	184  -  MemoryUsage of job (MB)
	187912  -  ResidentSetSize of job (KB)
...
006 (7523.000.000) 02/17 10:04:54 Image size of job updated: 717660
	184  -  MemoryUsage of job (MB)
	187912  -  ResidentSetSize of job (KB)
...
005 (7523.000.000) 02/17 10:04:56 Job terminated.
	(1) Normal termination (return value 0)
		Usr 0 00:00:55, Sys 0 00:00:52  -  Run Remote Usage
		Usr 0 00:00:00, Sys 0 00:00:00  -  Run Local Usage
		Usr 0 00:00:55, Sys 0 00:00:52  -  Total Remote Usage
		Usr 0 00:00:00, Sys 0 00:00:00  -  Total Local Usage
	38675  -  Run Bytes Sent By Job
	527  -  Run Bytes Received By Job
	38675  -  Total Bytes Sent By Job
	527  -  Total Bytes Received By Job
	Partitionable Resources :    Usage  Request Allocated
	   Cpus                 :                 1         1
	   Disk (KB)            :       51  1024000   1030327
	   Memory (MB)          :      184     2000      2000
...
