000 (7490.000.000) 02/17 09:58:14 Job submitted from host: <128.101.221.181:9618?addrs=128.101.221.181-9618&noUDP&sock=2582719_fdba_3>
...
001 (7490.000.000) 02/17 10:00:01 Job executing on host: <128.101.221.193:9618?addrs=128.101.221.193-9618&noUDP&sock=2332108_b0a7_4>
...
006 (7490.000.000) 02/17 10:00:10 Image size of job updated: 251044
	173  -  MemoryUsage of job (MB)
	176824  -  ResidentSetSize of job (KB)
...
006 (7490.000.000) 02/17 10:03:15 Image size of job updated: 720108
	173  -  MemoryUsage of job (MB)
	176824  -  ResidentSetSize of job (KB)
...
005 (7490.000.000) 02/17 10:03:17 Job terminated.
	(1) Normal termination (return value 0)
		Usr 0 00:01:26, Sys 0 00:01:22  -  Run Remote Usage
		Usr 0 00:00:00, Sys 0 00:00:00  -  Run Local Usage
		Usr 0 00:01:26, Sys 0 00:01:22  -  Total Remote Usage
		Usr 0 00:00:00, Sys 0 00:00:00  -  Total Local Usage
	58462  -  Run Bytes Sent By Job
	527  -  Run Bytes Received By Job
	58462  -  Total Bytes Sent By Job
	527  -  Total Bytes Received By Job
	Partitionable Resources :    Usage  Request Allocated
	   Cpus                 :                 1         1
	   Disk (KB)            :       70  1024000   1030326
	   Memory (MB)          :      173     2000      2000
...
