000 (7508.000.000) 02/17 09:58:30 Job submitted from host: <128.101.221.181:9618?addrs=128.101.221.181-9618&noUDP&sock=2582719_fdba_3>
...
001 (7508.000.000) 02/17 10:02:06 Job executing on host: <128.101.221.182:9618?addrs=128.101.221.182-9618&noUDP&sock=3902_06a2_4>
...
006 (7508.000.000) 02/17 10:02:15 Image size of job updated: 206136
	189  -  MemoryUsage of job (MB)
	192808  -  ResidentSetSize of job (KB)
...
005 (7508.000.000) 02/17 10:03:43 Job terminated.
	(1) Normal termination (return value 0)
		Usr 0 00:00:57, Sys 0 00:00:27  -  Run Remote Usage
		Usr 0 00:00:00, Sys 0 00:00:00  -  Run Local Usage
		Usr 0 00:00:57, Sys 0 00:00:27  -  Total Remote Usage
		Usr 0 00:00:00, Sys 0 00:00:00  -  Total Local Usage
	40631  -  Run Bytes Sent By Job
	527  -  Run Bytes Received By Job
	40631  -  Total Bytes Sent By Job
	527  -  Total Bytes Received By Job
	Partitionable Resources :    Usage  Request Allocated
	   Cpus                 :                 1         1
	   Disk (KB)            :       53  1024000   1024976
	   Memory (MB)          :      189     2000      2000
...
