000 (7488.000.000) 02/17 09:58:13 Job submitted from host: <128.101.221.181:9618?addrs=128.101.221.181-9618&noUDP&sock=2582719_fdba_3>
...
001 (7488.000.000) 02/17 09:58:57 Job executing on host: <128.101.220.112:9618?addrs=128.101.220.112-9618&noUDP&sock=2301225_8552_4>
...
006 (7488.000.000) 02/17 09:59:07 Image size of job updated: 43560
	24  -  MemoryUsage of job (MB)
	24076  -  ResidentSetSize of job (KB)
...
006 (7488.000.000) 02/17 10:02:23 Image size of job updated: 423756
	24  -  MemoryUsage of job (MB)
	24076  -  ResidentSetSize of job (KB)
...
005 (7488.000.000) 02/17 10:02:24 Job terminated.
	(1) Normal termination (return value 0)
		Usr 0 00:01:57, Sys 0 00:00:43  -  Run Remote Usage
		Usr 0 00:00:00, Sys 0 00:00:00  -  Run Local Usage
		Usr 0 00:01:57, Sys 0 00:00:43  -  Total Remote Usage
		Usr 0 00:00:00, Sys 0 00:00:00  -  Total Local Usage
	61133  -  Run Bytes Sent By Job
	527  -  Run Bytes Received By Job
	61133  -  Total Bytes Sent By Job
	527  -  Total Bytes Received By Job
	Partitionable Resources :    Usage  Request Allocated
	   Cpus                 :                 1         1
	   Disk (KB)            :       73  1024000   1034104
	   Memory (MB)          :       24     2000      2000
...
