000 (7525.000.000) 02/17 09:58:41 Job submitted from host: <128.101.221.181:9618?addrs=128.101.221.181-9618&noUDP&sock=2582719_fdba_3>
...
001 (7525.000.000) 02/17 10:02:54 Job executing on host: <128.101.221.192:9618?addrs=128.101.221.192-9618&noUDP&sock=3175794_1c7b_4>
...
006 (7525.000.000) 02/17 10:03:03 Image size of job updated: 237856
	182  -  MemoryUsage of job (MB)
	185700  -  ResidentSetSize of job (KB)
...
005 (7525.000.000) 02/17 10:05:54 Job terminated.
	(1) Normal termination (return value 0)
		Usr 0 00:01:40, Sys 0 00:01:00  -  Run Remote Usage
		Usr 0 00:00:00, Sys 0 00:00:00  -  Run Local Usage
		Usr 0 00:01:40, Sys 0 00:01:00  -  Total Remote Usage
		Usr 0 00:00:00, Sys 0 00:00:00  -  Total Local Usage
	60965  -  Run Bytes Sent By Job
	527  -  Run Bytes Received By Job
	60965  -  Total Bytes Sent By Job
	527  -  Total Bytes Received By Job
	Partitionable Resources :    Usage  Request Allocated
	   Cpus                 :                 1         1
	   Disk (KB)            :       72  1024000   1030827
	   Memory (MB)          :      182     2000      2000
...
