000 (9670.000.000) 03/30 02:48:29 Job submitted from host: <128.101.221.180:9618?addrs=128.101.221.180-9618&noUDP&sock=3943_2604_3>
...
001 (9670.000.000) 03/30 02:59:17 Job executing on host: <128.101.221.175:9618?addrs=128.101.221.175-9618&noUDP&sock=12916_e152_4>
...
006 (9670.000.000) 03/30 02:59:25 Image size of job updated: 226672
	156  -  MemoryUsage of job (MB)
	159036  -  ResidentSetSize of job (KB)
...
006 (9670.000.000) 03/30 03:04:25 Image size of job updated: 332096
	325  -  MemoryUsage of job (MB)
	331900  -  ResidentSetSize of job (KB)
...
006 (9670.000.000) 03/30 03:09:07 Image size of job updated: 730560
	325  -  MemoryUsage of job (MB)
	331900  -  ResidentSetSize of job (KB)
...
005 (9670.000.000) 03/30 03:09:08 Job terminated.
	(1) Normal termination (return value 0)
		Usr 0 00:05:44, Sys 0 00:03:21  -  Run Remote Usage
		Usr 0 00:00:00, Sys 0 00:00:00  -  Run Local Usage
		Usr 0 00:05:44, Sys 0 00:03:21  -  Total Remote Usage
		Usr 0 00:00:00, Sys 0 00:00:00  -  Total Local Usage
	103138  -  Run Bytes Sent By Job
	541  -  Run Bytes Received By Job
	103138  -  Total Bytes Sent By Job
	541  -  Total Bytes Received By Job
	Partitionable Resources :    Usage  Request Allocated
	   Cpus                 :                 1         1
	   Disk (KB)            :      114  1024000   1930184
	   Memory (MB)          :      325     2000      2000
...
