000 (9660.000.000) 03/30 02:48:24 Job submitted from host: <128.101.221.180:9618?addrs=128.101.221.180-9618&noUDP&sock=3943_2604_3>
...
001 (9660.000.000) 03/30 02:57:10 Job executing on host: <128.101.221.175:9618?addrs=128.101.221.175-9618&noUDP&sock=12916_e152_4>
...
006 (9660.000.000) 03/30 02:57:19 Image size of job updated: 208696
	182  -  MemoryUsage of job (MB)
	185460  -  ResidentSetSize of job (KB)
...
006 (9660.000.000) 03/30 03:02:20 Image size of job updated: 334016
	326  -  MemoryUsage of job (MB)
	333572  -  ResidentSetSize of job (KB)
...
006 (9660.000.000) 03/30 03:06:47 Image size of job updated: 732620
	326  -  MemoryUsage of job (MB)
	333572  -  ResidentSetSize of job (KB)
...
005 (9660.000.000) 03/30 03:06:48 Job terminated.
	(1) Normal termination (return value 0)
		Usr 0 00:05:38, Sys 0 00:03:18  -  Run Remote Usage
		Usr 0 00:00:00, Sys 0 00:00:00  -  Run Local Usage
		Usr 0 00:05:38, Sys 0 00:03:18  -  Total Remote Usage
		Usr 0 00:00:00, Sys 0 00:00:00  -  Total Local Usage
	98319  -  Run Bytes Sent By Job
	541  -  Run Bytes Received By Job
	98319  -  Total Bytes Sent By Job
	541  -  Total Bytes Received By Job
	Partitionable Resources :    Usage  Request Allocated
	   Cpus                 :                 1         1
	   Disk (KB)            :      109  1024000   1930190
	   Memory (MB)          :      326     2000      2000
...
