000 (9674.000.000) 03/30 02:48:31 Job submitted from host: <128.101.221.180:9618?addrs=128.101.221.180-9618&noUDP&sock=3943_2604_3>
...
001 (9674.000.000) 03/30 03:00:50 Job executing on host: <128.101.221.174:9618?addrs=128.101.221.174-9618&noUDP&sock=4031871_ba53_4>
...
006 (9674.000.000) 03/30 03:00:58 Image size of job updated: 182724
	120  -  MemoryUsage of job (MB)
	122136  -  ResidentSetSize of job (KB)
...
006 (9674.000.000) 03/30 03:05:58 Image size of job updated: 335196
	326  -  MemoryUsage of job (MB)
	332808  -  ResidentSetSize of job (KB)
...
005 (9674.000.000) 03/30 03:07:22 Job terminated.
	(1) Normal termination (return value 0)
		Usr 0 00:04:17, Sys 0 00:01:34  -  Run Remote Usage
		Usr 0 00:00:00, Sys 0 00:00:00  -  Run Local Usage
		Usr 0 00:04:17, Sys 0 00:01:34  -  Total Remote Usage
		Usr 0 00:00:00, Sys 0 00:00:00  -  Total Local Usage
	76553  -  Run Bytes Sent By Job
	541  -  Run Bytes Received By Job
	76553  -  Total Bytes Sent By Job
	541  -  Total Bytes Received By Job
	Partitionable Resources :    Usage  Request Allocated
	   Cpus                 :                 1         1
	   Disk (KB)            :       88  1024000   1898914
	   Memory (MB)          :      326     2000      2000
...
