000 (9661.000.000) 03/30 02:48:24 Job submitted from host: <128.101.221.180:9618?addrs=128.101.221.180-9618&noUDP&sock=3943_2604_3>
...
001 (9661.000.000) 03/30 02:57:30 Job executing on host: <128.101.221.188:9618?addrs=128.101.221.188-9618&noUDP&sock=3087505_3369_4>
...
006 (9661.000.000) 03/30 02:57:39 Image size of job updated: 292596
	208  -  MemoryUsage of job (MB)
	212048  -  ResidentSetSize of job (KB)
...
006 (9661.000.000) 03/30 03:02:40 Image size of job updated: 334456
	325  -  MemoryUsage of job (MB)
	332384  -  ResidentSetSize of job (KB)
...
005 (9661.000.000) 03/30 03:05:14 Job terminated.
	(1) Normal termination (return value 0)
		Usr 0 00:05:10, Sys 0 00:01:51  -  Run Remote Usage
		Usr 0 00:00:00, Sys 0 00:00:00  -  Run Local Usage
		Usr 0 00:05:10, Sys 0 00:01:51  -  Total Remote Usage
		Usr 0 00:00:00, Sys 0 00:00:00  -  Total Local Usage
	97049  -  Run Bytes Sent By Job
	541  -  Run Bytes Received By Job
	97049  -  Total Bytes Sent By Job
	541  -  Total Bytes Received By Job
	Partitionable Resources :    Usage  Request Allocated
	   Cpus                 :                 1         1
	   Disk (KB)            :      107  1024000   1028058
	   Memory (MB)          :      325     2000      2000
...
