000 (9662.000.000) 03/30 02:48:25 Job submitted from host: <128.101.221.180:9618?addrs=128.101.221.180-9618&noUDP&sock=3943_2604_3>
...
001 (9662.000.000) 03/30 02:58:14 Job executing on host: <128.101.220.87:9618?addrs=128.101.220.87-9618&noUDP&sock=465496_1dbd_4>
...
006 (9662.000.000) 03/30 02:58:23 Image size of job updated: 207752
	141  -  MemoryUsage of job (MB)
	144180  -  ResidentSetSize of job (KB)
...
006 (9662.000.000) 03/30 03:03:24 Image size of job updated: 334904
	325  -  MemoryUsage of job (MB)
	332796  -  ResidentSetSize of job (KB)
...
005 (9662.000.000) 03/30 03:05:23 Job terminated.
	(1) Normal termination (return value 0)
		Usr 0 00:04:37, Sys 0 00:01:42  -  Run Remote Usage
		Usr 0 00:00:00, Sys 0 00:00:00  -  Run Local Usage
		Usr 0 00:04:37, Sys 0 00:01:42  -  Total Remote Usage
		Usr 0 00:00:00, Sys 0 00:00:00  -  Total Local Usage
	81001  -  Run Bytes Sent By Job
	541  -  Run Bytes Received By Job
	81001  -  Total Bytes Sent By Job
	541  -  Total Bytes Received By Job
	Partitionable Resources :    Usage  Request Allocated
	   Cpus                 :                 1         1
	   Disk (KB)            :       92  1024000   1029416
	   Memory (MB)          :      325     2000      2000
...
