000 (9658.000.000) 03/30 02:48:23 Job submitted from host: <128.101.221.180:9618?addrs=128.101.221.180-9618&noUDP&sock=3943_2604_3>
...
001 (9658.000.000) 03/30 02:57:09 Job executing on host: <128.101.221.180:9618?addrs=128.101.221.180-9618&noUDP&sock=3943_2604_4>
...
006 (9658.000.000) 03/30 02:57:17 Image size of job updated: 303492
	215  -  MemoryUsage of job (MB)
	219788  -  ResidentSetSize of job (KB)
...
006 (9658.000.000) 03/30 03:02:17 Image size of job updated: 429468
	326  -  MemoryUsage of job (MB)
	332832  -  ResidentSetSize of job (KB)
...
006 (9658.000.000) 03/30 03:03:07 Image size of job updated: 429588
	326  -  MemoryUsage of job (MB)
	332832  -  ResidentSetSize of job (KB)
...
005 (9658.000.000) 03/30 03:03:08 Job terminated.
	(1) Normal termination (return value 0)
		Usr 0 00:03:50, Sys 0 00:01:17  -  Run Remote Usage
		Usr 0 00:00:00, Sys 0 00:00:00  -  Run Local Usage
		Usr 0 00:03:50, Sys 0 00:01:17  -  Total Remote Usage
		Usr 0 00:00:00, Sys 0 00:00:00  -  Total Local Usage
	101036  -  Run Bytes Sent By Job
	541  -  Run Bytes Received By Job
	101036  -  Total Bytes Sent By Job
	541  -  Total Bytes Received By Job
	Partitionable Resources :    Usage  Request Allocated
	   Cpus                 :                 1         1
	   Disk (KB)            :      111  1024000   1026216
	   Memory (MB)          :      326     2000      2000
...
