000 (9667.000.000) 03/30 02:48:27 Job submitted from host: <128.101.221.180:9618?addrs=128.101.221.180-9618&noUDP&sock=3943_2604_3>
...
001 (9667.000.000) 03/30 02:58:55 Job executing on host: <128.101.221.189:9618?addrs=128.101.221.189-9618&noUDP&sock=3424045_a60c_4>
...
006 (9667.000.000) 03/30 02:59:04 Image size of job updated: 174544
	111  -  MemoryUsage of job (MB)
	112712  -  ResidentSetSize of job (KB)
...
006 (9667.000.000) 03/30 03:03:17 Image size of job updated: 730320
	111  -  MemoryUsage of job (MB)
	112712  -  ResidentSetSize of job (KB)
...
005 (9667.000.000) 03/30 03:03:17 Job terminated.
	(1) Normal termination (return value 0)
		Usr 0 00:03:00, Sys 0 00:00:53  -  Run Remote Usage
		Usr 0 00:00:00, Sys 0 00:00:00  -  Run Local Usage
		Usr 0 00:03:00, Sys 0 00:00:53  -  Total Remote Usage
		Usr 0 00:00:00, Sys 0 00:00:00  -  Total Local Usage
	58432  -  Run Bytes Sent By Job
	541  -  Run Bytes Received By Job
	58432  -  Total Bytes Sent By Job
	541  -  Total Bytes Received By Job
	Partitionable Resources :    Usage  Request Allocated
	   Cpus                 :                 1         1
	   Disk (KB)            :       70  1024000   1028719
	   Memory (MB)          :      111     2000      2000
...
