000 (9663.000.000) 03/30 02:48:25 Job submitted from host: <128.101.221.180:9618?addrs=128.101.221.180-9618&noUDP&sock=3943_2604_3>
...
001 (9663.000.000) 03/30 02:58:13 Job executing on host: <128.101.221.175:9618?addrs=128.101.221.175-9618&noUDP&sock=12916_e152_4>
...
006 (9663.000.000) 03/30 02:58:21 Image size of job updated: 208096
	142  -  MemoryUsage of job (MB)
	144524  -  ResidentSetSize of job (KB)
...
006 (9663.000.000) 03/30 03:01:05 Image size of job updated: 332956
	142  -  MemoryUsage of job (MB)
	144524  -  ResidentSetSize of job (KB)
...
005 (9663.000.000) 03/30 03:01:06 Job terminated.
	(1) Normal termination (return value 0)
		Usr 0 00:01:45, Sys 0 00:00:53  -  Run Remote Usage
		Usr 0 00:00:00, Sys 0 00:00:00  -  Run Local Usage
		Usr 0 00:01:45, Sys 0 00:00:53  -  Total Remote Usage
		Usr 0 00:00:00, Sys 0 00:00:00  -  Total Local Usage
	56722  -  Run Bytes Sent By Job
	541  -  Run Bytes Received By Job
	56722  -  Total Bytes Sent By Job
	541  -  Total Bytes Received By Job
	Partitionable Resources :    Usage  Request Allocated
	   Cpus                 :                 1         1
	   Disk (KB)            :       68  1024000   1930184
	   Memory (MB)          :      142     2000      2000
...
