000 (9666.000.000) 03/30 02:48:27 Job submitted from host: <128.101.221.180:9618?addrs=128.101.221.180-9618&noUDP&sock=3943_2604_3>
...
001 (9666.000.000) 03/30 02:58:34 Job executing on host: <128.101.221.194:9618?addrs=128.101.221.194-9618&noUDP&sock=3837_70fa_4>
...
006 (9666.000.000) 03/30 02:58:43 Image size of job updated: 283056
	200  -  MemoryUsage of job (MB)
	203936  -  ResidentSetSize of job (KB)
...
006 (9666.000.000) 03/30 03:03:44 Image size of job updated: 428496
	325  -  MemoryUsage of job (MB)
	331892  -  ResidentSetSize of job (KB)
...
006 (9666.000.000) 03/30 03:05:07 Image size of job updated: 428768
	325  -  MemoryUsage of job (MB)
	331892  -  ResidentSetSize of job (KB)
...
005 (9666.000.000) 03/30 03:05:08 Job terminated.
	(1) Normal termination (return value 0)
		Usr 0 00:04:19, Sys 0 00:01:24  -  Run Remote Usage
		Usr 0 00:00:00, Sys 0 00:00:00  -  Run Local Usage
		Usr 0 00:04:19, Sys 0 00:01:24  -  Total Remote Usage
		Usr 0 00:00:00, Sys 0 00:00:00  -  Total Local Usage
	80721  -  Run Bytes Sent By Job
	541  -  Run Bytes Received By Job
	80721  -  Total Bytes Sent By Job
	541  -  Total Bytes Received By Job
	Partitionable Resources :    Usage  Request Allocated
	   Cpus                 :                 1         1
	   Disk (KB)            :       92  1024000   1028253
	   Memory (MB)          :      325     2000      2000
...
