000 (9668.000.000) 03/30 02:48:28 Job submitted from host: <128.101.221.180:9618?addrs=128.101.221.180-9618&noUDP&sock=3943_2604_3>
...
001 (9668.000.000) 03/30 02:58:58 Job executing on host: <128.101.220.112:9618?addrs=128.101.220.112-9618&noUDP&sock=2301225_8552_4>
...
006 (9668.000.000) 03/30 02:59:06 Image size of job updated: 244432
	167  -  MemoryUsage of job (MB)
	170596  -  ResidentSetSize of job (KB)
...
006 (9668.000.000) 03/30 03:04:06 Image size of job updated: 431588
	326  -  MemoryUsage of job (MB)
	332860  -  ResidentSetSize of job (KB)
...
006 (9668.000.000) 03/30 03:05:06 Image size of job updated: 431740
	326  -  MemoryUsage of job (MB)
	332860  -  ResidentSetSize of job (KB)
...
005 (9668.000.000) 03/30 03:05:07 Job terminated.
	(1) Normal termination (return value 0)
		Usr 0 00:04:03, Sys 0 00:01:19  -  Run Remote Usage
		Usr 0 00:00:00, Sys 0 00:00:00  -  Run Local Usage
		Usr 0 00:04:03, Sys 0 00:01:19  -  Total Remote Usage
		Usr 0 00:00:00, Sys 0 00:00:00  -  Total Local Usage
	84584  -  Run Bytes Sent By Job
	541  -  Run Bytes Received By Job
	84584  -  Total Bytes Sent By Job
	541  -  Total Bytes Received By Job
	Partitionable Resources :    Usage  Request Allocated
	   Cpus                 :                 1         1
	   Disk (KB)            :       95  1024000   1030298
	   Memory (MB)          :      326     2000      2000
...
