000 (9665.000.000) 03/30 02:48:26 Job submitted from host: <128.101.221.180:9618?addrs=128.101.221.180-9618&noUDP&sock=3943_2604_3>
...
001 (9665.000.000) 03/30 02:58:34 Job executing on host: <128.101.221.191:9618?addrs=128.101.221.191-9618&noUDP&sock=3143621_1bfa_4>
...
006 (9665.000.000) 03/30 02:58:43 Image size of job updated: 221328
	150  -  MemoryUsage of job (MB)
	153504  -  ResidentSetSize of job (KB)
...
006 (9665.000.000) 03/30 03:03:44 Image size of job updated: 429432
	326  -  MemoryUsage of job (MB)
	332844  -  ResidentSetSize of job (KB)
...
006 (9665.000.000) 03/30 03:05:10 Image size of job updated: 429520
	326  -  MemoryUsage of job (MB)
	332844  -  ResidentSetSize of job (KB)
...
005 (9665.000.000) 03/30 03:05:11 Job terminated.
	(1) Normal termination (return value 0)
		Usr 0 00:04:28, Sys 0 00:01:27  -  Run Remote Usage
		Usr 0 00:00:00, Sys 0 00:00:00  -  Run Local Usage
		Usr 0 00:04:28, Sys 0 00:01:27  -  Total Remote Usage
		Usr 0 00:00:00, Sys 0 00:00:00  -  Total Local Usage
	69960  -  Run Bytes Sent By Job
	541  -  Run Bytes Received By Job
	69960  -  Total Bytes Sent By Job
	541  -  Total Bytes Received By Job
	Partitionable Resources :    Usage  Request Allocated
	   Cpus                 :                 1         1
	   Disk (KB)            :       81  1024000   1028966
	   Memory (MB)          :      326     2000      2000
...
