000 (9659.000.000) 03/30 02:48:23 Job submitted from host: <128.101.221.180:9618?addrs=128.101.221.180-9618&noUDP&sock=3943_2604_3>
...
001 (9659.000.000) 03/30 02:57:10 Job executing on host: <128.101.221.175:9618?addrs=128.101.221.175-9618&noUDP&sock=12916_e152_4>
...
006 (9659.000.000) 03/30 02:57:19 Image size of job updated: 211728
	178  -  MemoryUsage of job (MB)
	182060  -  ResidentSetSize of job (KB)
...
006 (9659.000.000) 03/30 03:02:20 Image size of job updated: 331148
	324  -  MemoryUsage of job (MB)
	331056  -  ResidentSetSize of job (KB)
...
006 (9659.000.000) 03/30 03:04:52 Image size of job updated: 730356
	324  -  MemoryUsage of job (MB)
	331056  -  ResidentSetSize of job (KB)
...
005 (9659.000.000) 03/30 03:04:53 Job terminated.
	(1) Normal termination (return value 0)
		Usr 0 00:04:34, Sys 0 00:02:33  -  Run Remote Usage
		Usr 0 00:00:00, Sys 0 00:00:00  -  Run Local Usage
		Usr 0 00:04:34, Sys 0 00:02:33  -  Total Remote Usage
		Usr 0 00:00:00, Sys 0 00:00:00  -  Total Local Usage
	81249  -  Run Bytes Sent By Job
	541  -  Run Bytes Received By Job
	81249  -  Total Bytes Sent By Job
	541  -  Total Bytes Received By Job
	Partitionable Resources :    Usage  Request Allocated
	   Cpus                 :                 1         1
	   Disk (KB)            :       92  1024000   1930190
	   Memory (MB)          :      324     2000      2000
...
