000 (9673.000.000) 03/30 02:48:31 Job submitted from host: <128.101.221.180:9618?addrs=128.101.221.180-9618&noUDP&sock=3943_2604_3>
...
001 (9673.000.000) 03/30 03:00:42 Job executing on host: <128.101.221.188:9618?addrs=128.101.221.188-9618&noUDP&sock=3087505_3369_4>
...
006 (9673.000.000) 03/30 03:00:50 Image size of job updated: 242836
	167  -  MemoryUsage of job (MB)
	170504  -  ResidentSetSize of job (KB)
...
006 (9673.000.000) 03/30 03:05:50 Image size of job updated: 334880
	325  -  MemoryUsage of job (MB)
	332600  -  ResidentSetSize of job (KB)
...
005 (9673.000.000) 03/30 03:09:04 Job terminated.
	(1) Normal termination (return value 0)
		Usr 0 00:05:37, Sys 0 00:01:59  -  Run Remote Usage
		Usr 0 00:00:00, Sys 0 00:00:00  -  Run Local Usage
		Usr 0 00:05:37, Sys 0 00:01:59  -  Total Remote Usage
		Usr 0 00:00:00, Sys 0 00:00:00  -  Total Local Usage
	85547  -  Run Bytes Sent By Job
	541  -  Run Bytes Received By Job
	85547  -  Total Bytes Sent By Job
	541  -  Total Bytes Received By Job
	Partitionable Resources :    Usage  Request Allocated
	   Cpus                 :                 1         1
	   Disk (KB)            :       96  1024000   1028055
	   Memory (MB)          :      325     2000      2000
...
