000 (9664.000.000) 03/30 02:48:26 Job submitted from host: <128.101.221.180:9618?addrs=128.101.221.180-9618&noUDP&sock=3943_2604_3>
...
001 (9664.000.000) 03/30 02:58:55 Job executing on host: <128.101.221.183:9618?addrs=128.101.221.183-9618&noUDP&sock=4185509_9de4_4>
...
006 (9664.000.000) 03/30 02:59:04 Image size of job updated: 244004
	167  -  MemoryUsage of job (MB)
	170444  -  ResidentSetSize of job (KB)
...
006 (9664.000.000) 03/30 03:04:05 Image size of job updated: 428080
	324  -  MemoryUsage of job (MB)
	331476  -  ResidentSetSize of job (KB)
...
006 (9664.000.000) 03/30 03:06:16 Image size of job updated: 730356
	324  -  MemoryUsage of job (MB)
	331476  -  ResidentSetSize of job (KB)
...
005 (9664.000.000) 03/30 03:06:17 Job terminated.
	(1) Normal termination (return value 0)
		Usr 0 00:04:59, Sys 0 00:01:34  -  Run Remote Usage
		Usr 0 00:00:00, Sys 0 00:00:00  -  Run Local Usage
		Usr 0 00:04:59, Sys 0 00:01:34  -  Total Remote Usage
		Usr 0 00:00:00, Sys 0 00:00:00  -  Total Local Usage
	77718  -  Run Bytes Sent By Job
	541  -  Run Bytes Received By Job
	77718  -  Total Bytes Sent By Job
	541  -  Total Bytes Received By Job
	Partitionable Resources :    Usage  Request Allocated
	   Cpus                 :                 1         1
	   Disk (KB)            :       89  1024000   1028070
	   Memory (MB)          :      324     2000      2000
...
