000 (9655.000.000) 03/30 02:48:22 Job submitted from host: <128.101.221.180:9618?addrs=128.101.221.180-9618&noUDP&sock=3943_2604_3>
...
001 (9655.000.000) 03/30 02:56:26 Job executing on host: <128.101.221.175:9618?addrs=128.101.221.175-9618&noUDP&sock=12916_e152_4>
...
006 (9655.000.000) 03/30 02:56:34 Image size of job updated: 248684
	171  -  MemoryUsage of job (MB)
	174488  -  ResidentSetSize of job (KB)
...
006 (9655.000.000) 03/30 03:01:34 Image size of job updated: 332348
	325  -  MemoryUsage of job (MB)
	332260  -  ResidentSetSize of job (KB)
...
006 (9655.000.000) 03/30 03:05:28 Image size of job updated: 731512
	325  -  MemoryUsage of job (MB)
	332260  -  ResidentSetSize of job (KB)
...
005 (9655.000.000) 03/30 03:05:29 Job terminated.
	(1) Normal termination (return value 0)
		Usr 0 00:05:19, Sys 0 00:03:03  -  Run Remote Usage
		Usr 0 00:00:00, Sys 0 00:00:00  -  Run Local Usage
		Usr 0 00:05:19, Sys 0 00:03:03  -  Total Remote Usage
		Usr 0 00:00:00, Sys 0 00:00:00  -  Total Local Usage
	112763  -  Run Bytes Sent By Job
	541  -  Run Bytes Received By Job
	112763  -  Total Bytes Sent By Job
	541  -  Total Bytes Received By Job
	Partitionable Resources :    Usage  Request Allocated
	   Cpus                 :                 1         1
	   Disk (KB)            :      123  1024000   1930188
	   Memory (MB)          :      325     2000      2000
...
