000 (9669.000.000) 03/30 02:48:28 Job submitted from host: <128.101.221.180:9618?addrs=128.101.221.180-9618&noUDP&sock=3943_2604_3>
...
001 (9669.000.000) 03/30 02:59:17 Job executing on host: <128.101.220.87:9618?addrs=128.101.220.87-9618&noUDP&sock=465496_1dbd_4>
...
006 (9669.000.000) 03/30 02:59:25 Image size of job updated: 206596
	140  -  MemoryUsage of job (MB)
	143152  -  ResidentSetSize of job (KB)
...
006 (9669.000.000) 03/30 03:04:25 Image size of job updated: 427388
	326  -  MemoryUsage of job (MB)
	332868  -  ResidentSetSize of job (KB)
...
005 (9669.000.000) 03/30 03:07:01 Job terminated.
	(1) Normal termination (return value 0)
		Usr 0 00:05:00, Sys 0 00:01:53  -  Run Remote Usage
		Usr 0 00:00:00, Sys 0 00:00:00  -  Run Local Usage
		Usr 0 00:05:00, Sys 0 00:01:53  -  Total Remote Usage
		Usr 0 00:00:00, Sys 0 00:00:00  -  Total Local Usage
	89733  -  Run Bytes Sent By Job
	541  -  Run Bytes Received By Job
	89733  -  Total Bytes Sent By Job
	541  -  Total Bytes Received By Job
	Partitionable Resources :    Usage  Request Allocated
	   Cpus                 :                 1         1
	   Disk (KB)            :      101  1024000   1029415
	   Memory (MB)          :      326     2000      2000
...
