000 (9568.000.000) 03/30 02:45:23 Job submitted from host: <128.101.221.180:9618?addrs=128.101.221.180-9618&noUDP&sock=3943_2604_3>
...
001 (9568.000.000) 03/30 02:45:28 Job executing on host: <128.101.221.193:9618?addrs=128.101.221.193-9618&noUDP&sock=2332108_b0a7_4>
...
006 (9568.000.000) 03/30 02:45:37 Image size of job updated: 16128
	6  -  MemoryUsage of job (MB)
	5972  -  ResidentSetSize of job (KB)
...
006 (9568.000.000) 03/30 02:50:38 Image size of job updated: 408988
	325  -  MemoryUsage of job (MB)
	331848  -  ResidentSetSize of job (KB)
...
005 (9568.000.000) 03/30 02:51:47 Job terminated.
	(1) Normal termination (return value 0)
		Usr 0 00:03:33, Sys 0 00:01:22  -  Run Remote Usage
		Usr 0 00:00:00, Sys 0 00:00:00  -  Run Local Usage
		Usr 0 00:03:33, Sys 0 00:01:22  -  Total Remote Usage
		Usr 0 00:00:00, Sys 0 00:00:00  -  Total Local Usage
	80728  -  Run Bytes Sent By Job
	543  -  Run Bytes Received By Job
	80728  -  Total Bytes Sent By Job
	543  -  Total Bytes Received By Job
	Partitionable Resources :    Usage  Request Allocated
	   Cpus                 :                 1         1
	   Disk (KB)            :       92  1024000   1028904
	   Memory (MB)          :      325     2000      2000
...
