000 (9577.000.000) 03/30 02:45:28 Job submitted from host: <128.101.221.180:9618?addrs=128.101.221.180-9618&noUDP&sock=3943_2604_3>
...
001 (9577.000.000) 03/30 02:45:53 Job executing on host: <128.101.220.154:9618?addrs=128.101.220.154-9618&noUDP&sock=253625_3b9c_4>
...
006 (9577.000.000) 03/30 02:46:02 Image size of job updated: 37192
	23  -  MemoryUsage of job (MB)
	23088  -  ResidentSetSize of job (KB)
...
006 (9577.000.000) 03/30 02:51:03 Image size of job updated: 430856
	325  -  MemoryUsage of job (MB)
	332132  -  ResidentSetSize of job (KB)
...
006 (9577.000.000) 03/30 02:53:39 Image size of job updated: 431188
	325  -  MemoryUsage of job (MB)
	332132  -  ResidentSetSize of job (KB)
...
005 (9577.000.000) 03/30 02:53:40 Job terminated.
	(1) Normal termination (return value 0)
		Usr 0 00:04:40, Sys 0 00:01:34  -  Run Remote Usage
		Usr 0 00:00:00, Sys 0 00:00:00  -  Run Local Usage
		Usr 0 00:04:40, Sys 0 00:01:34  -  Total Remote Usage
		Usr 0 00:00:00, Sys 0 00:00:00  -  Total Local Usage
	97056  -  Run Bytes Sent By Job
	543  -  Run Bytes Received By Job
	97056  -  Total Bytes Sent By Job
	543  -  Total Bytes Received By Job
	Partitionable Resources :    Usage  Request Allocated
	   Cpus                 :                 1         1
	   Disk (KB)            :      108  1024000   1028155
	   Memory (MB)          :      325     2000      2000
...
