000 (9570.000.000) 03/30 02:45:24 Job submitted from host: <128.101.221.180:9618?addrs=128.101.221.180-9618&noUDP&sock=3943_2604_3>
...
001 (9570.000.000) 03/30 02:45:30 Job executing on host: <128.101.221.189:9618?addrs=128.101.221.189-9618&noUDP&sock=3424045_a60c_4>
...
006 (9570.000.000) 03/30 02:45:39 Image size of job updated: 45984
	25  -  MemoryUsage of job (MB)
	24836  -  ResidentSetSize of job (KB)
...
006 (9570.000.000) 03/30 02:50:40 Image size of job updated: 430128
	324  -  MemoryUsage of job (MB)
	331676  -  ResidentSetSize of job (KB)
...
006 (9570.000.000) 03/30 02:52:48 Image size of job updated: 731408
	324  -  MemoryUsage of job (MB)
	331676  -  ResidentSetSize of job (KB)
...
005 (9570.000.000) 03/30 02:52:49 Job terminated.
	(1) Normal termination (return value 0)
		Usr 0 00:04:38, Sys 0 00:01:27  -  Run Remote Usage
		Usr 0 00:00:00, Sys 0 00:00:00  -  Run Local Usage
		Usr 0 00:04:38, Sys 0 00:01:27  -  Total Remote Usage
		Usr 0 00:00:00, Sys 0 00:00:00  -  Total Local Usage
	69967  -  Run Bytes Sent By Job
	543  -  Run Bytes Received By Job
	69967  -  Total Bytes Sent By Job
	543  -  Total Bytes Received By Job
	Partitionable Resources :    Usage  Request Allocated
	   Cpus                 :                 1         1
	   Disk (KB)            :       81  1024000   1028735
	   Memory (MB)          :      324     2000      2000
...
