000 (9578.000.000) 03/30 02:45:28 Job submitted from host: <128.101.221.180:9618?addrs=128.101.221.180-9618&noUDP&sock=3943_2604_3>
...
001 (9578.000.000) 03/30 02:45:53 Job executing on host: <128.101.221.194:9618?addrs=128.101.221.194-9618&noUDP&sock=3837_70fa_4>
...
006 (9578.000.000) 03/30 02:46:02 Image size of job updated: 16384
	7  -  MemoryUsage of job (MB)
	6804  -  ResidentSetSize of job (KB)
...
006 (9578.000.000) 03/30 02:51:03 Image size of job updated: 431680
	326  -  MemoryUsage of job (MB)
	332952  -  ResidentSetSize of job (KB)
...
006 (9578.000.000) 03/30 02:53:15 Image size of job updated: 431984
	326  -  MemoryUsage of job (MB)
	332952  -  ResidentSetSize of job (KB)
...
005 (9578.000.000) 03/30 02:53:16 Job terminated.
	(1) Normal termination (return value 0)
		Usr 0 00:04:24, Sys 0 00:01:26  -  Run Remote Usage
		Usr 0 00:00:00, Sys 0 00:00:00  -  Run Local Usage
		Usr 0 00:04:24, Sys 0 00:01:26  -  Total Remote Usage
		Usr 0 00:00:00, Sys 0 00:00:00  -  Total Local Usage
	81008  -  Run Bytes Sent By Job
	543  -  Run Bytes Received By Job
	81008  -  Total Bytes Sent By Job
	543  -  Total Bytes Received By Job
	Partitionable Resources :    Usage  Request Allocated
	   Cpus                 :                 1         1
	   Disk (KB)            :       92  1024000   1028275
	   Memory (MB)          :      326     2000      2000
...
