000 (9581.000.000) 03/30 02:45:29 Job submitted from host: <128.101.221.180:9618?addrs=128.101.221.180-9618&noUDP&sock=3943_2604_3>
...
001 (9581.000.000) 03/30 02:45:48 Job executing on host: <128.101.220.87:9618?addrs=128.101.220.87-9618&noUDP&sock=465496_1dbd_4>
...
006 (9581.000.000) 03/30 02:45:57 Image size of job updated: 22060
	20  -  MemoryUsage of job (MB)
	20456  -  ResidentSetSize of job (KB)
...
006 (9581.000.000) 03/30 02:50:58 Image size of job updated: 373624
	324  -  MemoryUsage of job (MB)
	331492  -  ResidentSetSize of job (KB)
...
005 (9581.000.000) 03/30 02:51:45 Job terminated.
	(1) Normal termination (return value 0)
		Usr 0 00:03:28, Sys 0 00:01:19  -  Run Remote Usage
		Usr 0 00:00:00, Sys 0 00:00:00  -  Run Local Usage
		Usr 0 00:03:28, Sys 0 00:01:19  -  Total Remote Usage
		Usr 0 00:00:00, Sys 0 00:00:00  -  Total Local Usage
	83523  -  Run Bytes Sent By Job
	543  -  Run Bytes Received By Job
	83523  -  Total Bytes Sent By Job
	543  -  Total Bytes Received By Job
	Partitionable Resources :    Usage  Request Allocated
	   Cpus                 :                 1         1
	   Disk (KB)            :       94  1024000   1029437
	   Memory (MB)          :      324     2000      2000
...
