000 (9586.000.000) 03/30 02:45:32 Job submitted from host: <128.101.221.180:9618?addrs=128.101.221.180-9618&noUDP&sock=3943_2604_3>
...
001 (9586.000.000) 03/30 02:45:50 Job executing on host: <128.101.221.182:9618?addrs=128.101.221.182-9618&noUDP&sock=3902_06a2_4>
...
006 (9586.000.000) 03/30 02:45:59 Image size of job updated: 24008
	23  -  MemoryUsage of job (MB)
	23068  -  ResidentSetSize of job (KB)
...
006 (9586.000.000) 03/30 02:51:00 Image size of job updated: 330132
	322  -  MemoryUsage of job (MB)
	329708  -  ResidentSetSize of job (KB)
...
006 (9586.000.000) 03/30 02:56:01 Image size of job updated: 333172
	325  -  MemoryUsage of job (MB)
	332524  -  ResidentSetSize of job (KB)
...
006 (9586.000.000) 03/30 02:56:59 Image size of job updated: 730600
	325  -  MemoryUsage of job (MB)
	332524  -  ResidentSetSize of job (KB)
...
005 (9586.000.000) 03/30 02:57:00 Job terminated.
	(1) Normal termination (return value 0)
		Usr 0 00:06:04, Sys 0 00:03:47  -  Run Remote Usage
		Usr 0 00:00:00, Sys 0 00:00:00  -  Run Local Usage
		Usr 0 00:06:04, Sys 0 00:03:47  -  Total Remote Usage
		Usr 0 00:00:00, Sys 0 00:00:00  -  Total Local Usage
	100952  -  Run Bytes Sent By Job
	543  -  Run Bytes Received By Job
	100952  -  Total Bytes Sent By Job
	543  -  Total Bytes Received By Job
	Partitionable Resources :    Usage  Request Allocated
	   Cpus                 :                 1         1
	   Disk (KB)            :      111  1024000   2046948
	   Memory (MB)          :      325     2000      2000
...
