000 (9584.000.000) 03/30 02:45:31 Job submitted from host: <128.101.221.180:9618?addrs=128.101.221.180-9618&noUDP&sock=3943_2604_3>
...
001 (9584.000.000) 03/30 02:45:50 Job executing on host: <128.101.221.180:9618?addrs=128.101.221.180-9618&noUDP&sock=3943_2604_4>
...
006 (9584.000.000) 03/30 02:45:59 Image size of job updated: 17528
	8  -  MemoryUsage of job (MB)
	7196  -  ResidentSetSize of job (KB)
...
006 (9584.000.000) 03/30 02:50:26 Image size of job updated: 431596
	8  -  MemoryUsage of job (MB)
	7196  -  ResidentSetSize of job (KB)
...
005 (9584.000.000) 03/30 02:50:27 Job terminated.
	(1) Normal termination (return value 0)
		Usr 0 00:02:37, Sys 0 00:00:51  -  Run Remote Usage
		Usr 0 00:00:00, Sys 0 00:00:00  -  Run Local Usage
		Usr 0 00:02:37, Sys 0 00:00:51  -  Total Remote Usage
		Usr 0 00:00:00, Sys 0 00:00:00  -  Total Local Usage
	72205  -  Run Bytes Sent By Job
	543  -  Run Bytes Received By Job
	72205  -  Total Bytes Sent By Job
	543  -  Total Bytes Received By Job
	Partitionable Resources :    Usage  Request Allocated
	   Cpus                 :                 1         1
	   Disk (KB)            :       83  1024000   1026243
	   Memory (MB)          :        8     2000      2000
...
