000 (9576.000.000) 03/30 02:45:27 Job submitted from host: <128.101.221.180:9618?addrs=128.101.221.180-9618&noUDP&sock=3943_2604_3>
...
001 (9576.000.000) 03/30 02:45:48 Job executing on host: <128.101.220.206:9618?addrs=128.101.220.206-9618&noUDP&sock=3830_a3d1_4>
...
006 (9576.000.000) 03/30 02:45:57 Image size of job updated: 45188
	24  -  MemoryUsage of job (MB)
	24484  -  ResidentSetSize of job (KB)
...
006 (9576.000.000) 03/30 02:48:21 Image size of job updated: 731132
	24  -  MemoryUsage of job (MB)
	24484  -  ResidentSetSize of job (KB)
...
005 (9576.000.000) 03/30 02:48:22 Job terminated.
	(1) Normal termination (return value 0)
		Usr 0 00:01:26, Sys 0 00:00:24  -  Run Remote Usage
		Usr 0 00:00:00, Sys 0 00:00:00  -  Run Local Usage
		Usr 0 00:01:26, Sys 0 00:00:24  -  Total Remote Usage
		Usr 0 00:00:00, Sys 0 00:00:00  -  Total Local Usage
	56730  -  Run Bytes Sent By Job
	543  -  Run Bytes Received By Job
	56730  -  Total Bytes Sent By Job
	543  -  Total Bytes Received By Job
	Partitionable Resources :    Usage  Request Allocated
	   Cpus                 :                 1         1
	   Disk (KB)            :       68  1024000   1028491
	   Memory (MB)          :       24     2000      2000
...
