000 (9567.000.000) 03/30 02:45:23 Job submitted from host: <128.101.221.180:9618?addrs=128.101.221.180-9618&noUDP&sock=3943_2604_3>
...
001 (9567.000.000) 03/30 02:45:28 Job executing on host: <128.101.221.183:9618?addrs=128.101.221.183-9618&noUDP&sock=4185509_9de4_4>
...
006 (9567.000.000) 03/30 02:45:37 Image size of job updated: 33728
	22  -  MemoryUsage of job (MB)
	22364  -  ResidentSetSize of job (KB)
...
006 (9567.000.000) 03/30 02:50:23 Image size of job updated: 730324
	22  -  MemoryUsage of job (MB)
	22364  -  ResidentSetSize of job (KB)
...
005 (9567.000.000) 03/30 02:50:24 Job terminated.
	(1) Normal termination (return value 0)
		Usr 0 00:03:05, Sys 0 00:00:56  -  Run Remote Usage
		Usr 0 00:00:00, Sys 0 00:00:00  -  Run Local Usage
		Usr 0 00:03:05, Sys 0 00:00:56  -  Total Remote Usage
		Usr 0 00:00:00, Sys 0 00:00:00  -  Total Local Usage
	58439  -  Run Bytes Sent By Job
	543  -  Run Bytes Received By Job
	58439  -  Total Bytes Sent By Job
	543  -  Total Bytes Received By Job
	Partitionable Resources :    Usage  Request Allocated
	   Cpus                 :                 1         1
	   Disk (KB)            :       70  1024000   1028104
	   Memory (MB)          :       22     2000      2000
...
