000 (9575.000.000) 03/30 02:45:26 Job submitted from host: <128.101.221.180:9618?addrs=128.101.221.180-9618&noUDP&sock=3943_2604_3>
...
001 (9575.000.000) 03/30 02:45:50 Job executing on host: <128.101.220.112:9618?addrs=128.101.220.112-9618&noUDP&sock=2301225_8552_4>
...
006 (9575.000.000) 03/30 02:45:59 Image size of job updated: 37440
	23  -  MemoryUsage of job (MB)
	23092  -  ResidentSetSize of job (KB)
...
006 (9575.000.000) 03/30 02:51:00 Image size of job updated: 431300
	325  -  MemoryUsage of job (MB)
	332568  -  ResidentSetSize of job (KB)
...
005 (9575.000.000) 03/30 02:53:40 Job terminated.
	(1) Normal termination (return value 0)
		Usr 0 00:04:43, Sys 0 00:01:33  -  Run Remote Usage
		Usr 0 00:00:00, Sys 0 00:00:00  -  Run Local Usage
		Usr 0 00:04:43, Sys 0 00:01:33  -  Total Remote Usage
		Usr 0 00:00:00, Sys 0 00:00:00  -  Total Local Usage
	101043  -  Run Bytes Sent By Job
	543  -  Run Bytes Received By Job
	101043  -  Total Bytes Sent By Job
	543  -  Total Bytes Received By Job
	Partitionable Resources :    Usage  Request Allocated
	   Cpus                 :                 1         1
	   Disk (KB)            :      112  1024000   1030322
	   Memory (MB)          :      325     2000      2000
...
