000 (9561.000.000) 03/30 02:45:20 Job submitted from host: <128.101.221.180:9618?addrs=128.101.221.180-9618&noUDP&sock=3943_2604_3>
...
001 (9561.000.000) 03/30 02:45:32 Job executing on host: <128.101.221.172:9618?addrs=128.101.221.172-9618&noUDP&sock=1824113_5f8e_4>
...
006 (9561.000.000) 03/30 02:45:41 Image size of job updated: 39488
	23  -  MemoryUsage of job (MB)
	23312  -  ResidentSetSize of job (KB)
...
006 (9561.000.000) 03/30 02:50:42 Image size of job updated: 418908
	323  -  MemoryUsage of job (MB)
	329776  -  ResidentSetSize of job (KB)
...
006 (9561.000.000) 03/30 02:55:42 Image size of job updated: 418908
	325  -  MemoryUsage of job (MB)
	332408  -  ResidentSetSize of job (KB)
...
005 (9561.000.000) 03/30 02:55:48 Job terminated.
	(1) Normal termination (return value 0)
		Usr 0 00:06:32, Sys 0 00:02:14  -  Run Remote Usage
		Usr 0 00:00:00, Sys 0 00:00:00  -  Run Local Usage
		Usr 0 00:06:32, Sys 0 00:02:14  -  Total Remote Usage
		Usr 0 00:00:00, Sys 0 00:00:00  -  Total Local Usage
	85553  -  Run Bytes Sent By Job
	543  -  Run Bytes Received By Job
	85553  -  Total Bytes Sent By Job
	543  -  Total Bytes Received By Job
	Partitionable Resources :    Usage  Request Allocated
	   Cpus                 :                 1         1
	   Disk (KB)            :       96  1024000   1028440
	   Memory (MB)          :      325     2000      2000
...
