000 (9572.000.000) 03/30 02:45:25 Job submitted from host: <128.101.221.180:9618?addrs=128.101.221.180-9618&noUDP&sock=3943_2604_3>
...
001 (9572.000.000) 03/30 02:45:30 Job executing on host: <128.101.220.43:9618?addrs=128.101.220.43-9618&noUDP&sock=249879_c9d6_4>
...
006 (9572.000.000) 03/30 02:45:39 Image size of job updated: 34424
	23  -  MemoryUsage of job (MB)
	22584  -  ResidentSetSize of job (KB)
...
006 (9572.000.000) 03/30 02:50:40 Image size of job updated: 431136
	325  -  MemoryUsage of job (MB)
	332416  -  ResidentSetSize of job (KB)
...
005 (9572.000.000) 03/30 02:53:51 Job terminated.
	(1) Normal termination (return value 0)
		Usr 0 00:05:00, Sys 0 00:01:42  -  Run Remote Usage
		Usr 0 00:00:00, Sys 0 00:00:00  -  Run Local Usage
		Usr 0 00:05:00, Sys 0 00:01:42  -  Total Remote Usage
		Usr 0 00:00:00, Sys 0 00:00:00  -  Total Local Usage
	89740  -  Run Bytes Sent By Job
	543  -  Run Bytes Received By Job
	89740  -  Total Bytes Sent By Job
	543  -  Total Bytes Received By Job
	Partitionable Resources :    Usage  Request Allocated
	   Cpus                 :                 1         1
	   Disk (KB)            :      100  1024000   1028346
	   Memory (MB)          :      325     2000      2000
...
