000 (9563.000.000) 03/30 02:45:21 Job submitted from host: <128.101.221.180:9618?addrs=128.101.221.180-9618&noUDP&sock=3943_2604_3>
...
001 (9563.000.000) 03/30 02:45:28 Job executing on host: <128.101.221.179:9618?addrs=128.101.221.179-9618&noUDP&sock=2230935_6d61_4>
...
006 (9563.000.000) 03/30 02:45:37 Image size of job updated: 18360
	8  -  MemoryUsage of job (MB)
	7240  -  ResidentSetSize of job (KB)
...
006 (9563.000.000) 03/30 02:50:38 Image size of job updated: 428900
	323  -  MemoryUsage of job (MB)
	330180  -  ResidentSetSize of job (KB)
...
005 (9563.000.000) 03/30 02:53:53 Job terminated.
	(1) Normal termination (return value 0)
		Usr 0 00:05:23, Sys 0 00:01:40  -  Run Remote Usage
		Usr 0 00:00:00, Sys 0 00:00:00  -  Run Local Usage
		Usr 0 00:05:23, Sys 0 00:01:40  -  Total Remote Usage
		Usr 0 00:00:00, Sys 0 00:00:00  -  Total Local Usage
	77783  -  Run Bytes Sent By Job
	543  -  Run Bytes Received By Job
	77783  -  Total Bytes Sent By Job
	543  -  Total Bytes Received By Job
	Partitionable Resources :    Usage  Request Allocated
	   Cpus                 :                 1         1
	   Disk (KB)            :       89  1024000   1027908
	   Memory (MB)          :      323     2000      2000
...
