000 (9083.000.000) 03/29 08:43:11 Job submitted from host: <128.101.221.180:9618?addrs=128.101.221.180-9618&noUDP&sock=3943_2604_3>
...
001 (9083.000.000) 03/29 09:25:10 Job executing on host: <128.101.221.175:9618?addrs=128.101.221.175-9618&noUDP&sock=12916_e152_4>
...
006 (9083.000.000) 03/29 09:25:19 Image size of job updated: 261976
	182  -  MemoryUsage of job (MB)
	185856  -  ResidentSetSize of job (KB)
...
006 (9083.000.000) 03/29 09:30:20 Image size of job updated: 329620
	322  -  MemoryUsage of job (MB)
	329492  -  ResidentSetSize of job (KB)
...
006 (9083.000.000) 03/29 09:35:21 Image size of job updated: 334528
	327  -  MemoryUsage of job (MB)
	334408  -  ResidentSetSize of job (KB)
...
006 (9083.000.000) 03/29 09:38:37 Image size of job updated: 732924
	327  -  MemoryUsage of job (MB)
	334408  -  ResidentSetSize of job (KB)
...
005 (9083.000.000) 03/29 09:38:38 Job terminated.
	(1) Normal termination (return value 0)
		Usr 0 00:08:05, Sys 0 00:04:39  -  Run Remote Usage
		Usr 0 00:00:00, Sys 0 00:00:00  -  Run Local Usage
		Usr 0 00:08:05, Sys 0 00:04:39  -  Total Remote Usage
		Usr 0 00:00:00, Sys 0 00:00:00  -  Total Local Usage
	84328  -  Run Bytes Sent By Job
	545  -  Run Bytes Received By Job
	84328  -  Total Bytes Sent By Job
	545  -  Total Bytes Received By Job
	Partitionable Resources :    Usage  Request Allocated
	   Cpus                 :                 1         1
	   Disk (KB)            :       95  1024000   1931226
	   Memory (MB)          :      327     2000      2000
...
