000 (9086.000.000) 03/29 08:43:12 Job submitted from host: <128.101.221.180:9618?addrs=128.101.221.180-9618&noUDP&sock=3943_2604_3>
...
001 (9086.000.000) 03/29 09:25:10 Job executing on host: <128.101.221.182:9618?addrs=128.101.221.182-9618&noUDP&sock=3902_06a2_4>
...
006 (9086.000.000) 03/29 09:25:19 Image size of job updated: 180876
	175  -  MemoryUsage of job (MB)
	178240  -  ResidentSetSize of job (KB)
...
006 (9086.000.000) 03/29 09:30:20 Image size of job updated: 332156
	322  -  MemoryUsage of job (MB)
	329180  -  ResidentSetSize of job (KB)
...
006 (9086.000.000) 03/29 09:35:20 Image size of job updated: 334280
	326  -  MemoryUsage of job (MB)
	333808  -  ResidentSetSize of job (KB)
...
005 (9086.000.000) 03/29 09:37:52 Job terminated.
	(1) Normal termination (return value 0)
		Usr 0 00:07:29, Sys 0 00:04:30  -  Run Remote Usage
		Usr 0 00:00:00, Sys 0 00:00:00  -  Run Local Usage
		Usr 0 00:07:29, Sys 0 00:04:30  -  Total Remote Usage
		Usr 0 00:00:00, Sys 0 00:00:00  -  Total Local Usage
	71043  -  Run Bytes Sent By Job
	545  -  Run Bytes Received By Job
	71043  -  Total Bytes Sent By Job
	545  -  Total Bytes Received By Job
	Partitionable Resources :    Usage  Request Allocated
	   Cpus                 :                 1         1
	   Disk (KB)            :       82  1024000   2046570
	   Memory (MB)          :      326     2000      2000
...
