000 (9101.000.000) 03/29 08:43:19 Job submitted from host: <128.101.221.180:9618?addrs=128.101.221.180-9618&noUDP&sock=3943_2604_3>
...
001 (9101.000.000) 03/29 09:28:55 Job executing on host: <128.101.221.186:9618?addrs=128.101.221.186-9618&noUDP&sock=3131318_464d_4>
...
006 (9101.000.000) 03/29 09:29:04 Image size of job updated: 66848
	30  -  MemoryUsage of job (MB)
	30244  -  ResidentSetSize of job (KB)
...
006 (9101.000.000) 03/29 09:34:05 Image size of job updated: 426208
	322  -  MemoryUsage of job (MB)
	329584  -  ResidentSetSize of job (KB)
...
006 (9101.000.000) 03/29 09:36:33 Image size of job updated: 431008
	322  -  MemoryUsage of job (MB)
	329584  -  ResidentSetSize of job (KB)
...
005 (9101.000.000) 03/29 09:36:33 Job terminated.
	(1) Normal termination (return value 0)
		Usr 0 00:05:03, Sys 0 00:01:39  -  Run Remote Usage
		Usr 0 00:00:00, Sys 0 00:00:00  -  Run Local Usage
		Usr 0 00:05:03, Sys 0 00:01:39  -  Total Remote Usage
		Usr 0 00:00:00, Sys 0 00:00:00  -  Total Local Usage
	47934  -  Run Bytes Sent By Job
	545  -  Run Bytes Received By Job
	47934  -  Total Bytes Sent By Job
	545  -  Total Bytes Received By Job
	Partitionable Resources :    Usage  Request Allocated
	   Cpus                 :                 1         1
	   Disk (KB)            :       60  1024000   1027081
	   Memory (MB)          :      322     2000      2000
...
