000 (9061.000.000) 03/29 08:43:00 Job submitted from host: <128.101.221.180:9618?addrs=128.101.221.180-9618&noUDP&sock=3943_2604_3>
...
001 (9061.000.000) 03/29 09:14:51 Job executing on host: <128.101.221.175:9618?addrs=128.101.221.175-9618&noUDP&sock=12916_e152_4>
...
006 (9061.000.000) 03/29 09:15:00 Image size of job updated: 252832
	175  -  MemoryUsage of job (MB)
	178628  -  ResidentSetSize of job (KB)
...
006 (9061.000.000) 03/29 09:20:00 Image size of job updated: 329604
	322  -  MemoryUsage of job (MB)
	329532  -  ResidentSetSize of job (KB)
...
006 (9061.000.000) 03/29 09:25:00 Image size of job updated: 333372
	326  -  MemoryUsage of job (MB)
	332992  -  ResidentSetSize of job (KB)
...
006 (9061.000.000) 03/29 09:26:29 Image size of job updated: 334016
	326  -  MemoryUsage of job (MB)
	332992  -  ResidentSetSize of job (KB)
...
005 (9061.000.000) 03/29 09:26:30 Job terminated.
	(1) Normal termination (return value 0)
		Usr 0 00:07:01, Sys 0 00:04:01  -  Run Remote Usage
		Usr 0 00:00:00, Sys 0 00:00:00  -  Run Local Usage
		Usr 0 00:07:01, Sys 0 00:04:01  -  Total Remote Usage
		Usr 0 00:00:00, Sys 0 00:00:00  -  Total Local Usage
	74396  -  Run Bytes Sent By Job
	545  -  Run Bytes Received By Job
	74396  -  Total Bytes Sent By Job
	545  -  Total Bytes Received By Job
	Partitionable Resources :    Usage  Request Allocated
	   Cpus                 :                 1         1
	   Disk (KB)            :       86  1024000   1931260
	   Memory (MB)          :      326     2000      2000
...
