000 (9106.000.000) 03/29 08:43:22 Job submitted from host: <128.101.221.180:9618?addrs=128.101.221.180-9618&noUDP&sock=3943_2604_3>
...
001 (9106.000.000) 03/29 09:30:52 Job executing on host: <128.101.221.175:9618?addrs=128.101.221.175-9618&noUDP&sock=12916_e152_4>
...
006 (9106.000.000) 03/29 09:31:01 Image size of job updated: 251044
	173  -  MemoryUsage of job (MB)
	176700  -  ResidentSetSize of job (KB)
...
006 (9106.000.000) 03/29 09:34:15 Image size of job updated: 329088
	173  -  MemoryUsage of job (MB)
	176700  -  ResidentSetSize of job (KB)
...
005 (9106.000.000) 03/29 09:34:16 Job terminated.
	(1) Normal termination (return value 0)
		Usr 0 00:02:06, Sys 0 00:01:03  -  Run Remote Usage
		Usr 0 00:00:00, Sys 0 00:00:00  -  Run Local Usage
		Usr 0 00:02:06, Sys 0 00:01:03  -  Total Remote Usage
		Usr 0 00:00:00, Sys 0 00:00:00  -  Total Local Usage
	35155  -  Run Bytes Sent By Job
	545  -  Run Bytes Received By Job
	35155  -  Total Bytes Sent By Job
	545  -  Total Bytes Received By Job
	Partitionable Resources :    Usage  Request Allocated
	   Cpus                 :                 1         1
	   Disk (KB)            :       47  1024000   1931238
	   Memory (MB)          :      173     2000      2000
...
