000 (9089.000.000) 03/29 08:43:13 Job submitted from host: <128.101.221.180:9618?addrs=128.101.221.180-9618&noUDP&sock=3943_2604_3>
...
001 (9089.000.000) 03/29 09:25:13 Job executing on host: <128.101.221.182:9618?addrs=128.101.221.182-9618&noUDP&sock=3902_06a2_4>
...
006 (9089.000.000) 03/29 09:25:22 Image size of job updated: 198036
	186  -  MemoryUsage of job (MB)
	190220  -  ResidentSetSize of job (KB)
...
006 (9089.000.000) 03/29 09:30:23 Image size of job updated: 339888
	324  -  MemoryUsage of job (MB)
	331324  -  ResidentSetSize of job (KB)
...
006 (9089.000.000) 03/29 09:35:24 Image size of job updated: 339888
	327  -  MemoryUsage of job (MB)
	334832  -  ResidentSetSize of job (KB)
...
005 (9089.000.000) 03/29 09:36:22 Job terminated.
	(1) Normal termination (return value 0)
		Usr 0 00:06:29, Sys 0 00:04:01  -  Run Remote Usage
		Usr 0 00:00:00, Sys 0 00:00:00  -  Run Local Usage
		Usr 0 00:06:29, Sys 0 00:04:01  -  Total Remote Usage
		Usr 0 00:00:00, Sys 0 00:00:00  -  Total Local Usage
	66226  -  Run Bytes Sent By Job
	545  -  Run Bytes Received By Job
	66226  -  Total Bytes Sent By Job
	545  -  Total Bytes Received By Job
	Partitionable Resources :    Usage  Request Allocated
	   Cpus                 :                 1         1
	   Disk (KB)            :       77  1024000   2046568
	   Memory (MB)          :      327     2000      2000
...
