000 (9110.000.000) 03/29 08:43:24 Job submitted from host: <128.101.221.180:9618?addrs=128.101.221.180-9618&noUDP&sock=3943_2604_3>
...
001 (9110.000.000) 03/29 09:31:40 Job executing on host: <128.101.221.182:9618?addrs=128.101.221.182-9618&noUDP&sock=3902_06a2_4>
...
006 (9110.000.000) 03/29 09:31:49 Image size of job updated: 207512
	141  -  MemoryUsage of job (MB)
	144108  -  ResidentSetSize of job (KB)
...
006 (9110.000.000) 03/29 09:36:50 Image size of job updated: 330200
	323  -  MemoryUsage of job (MB)
	329960  -  ResidentSetSize of job (KB)
...
005 (9110.000.000) 03/29 09:38:18 Job terminated.
	(1) Normal termination (return value 0)
		Usr 0 00:04:01, Sys 0 00:02:13  -  Run Remote Usage
		Usr 0 00:00:00, Sys 0 00:00:00  -  Run Local Usage
		Usr 0 00:04:01, Sys 0 00:02:13  -  Total Remote Usage
		Usr 0 00:00:00, Sys 0 00:00:00  -  Total Local Usage
	40649  -  Run Bytes Sent By Job
	545  -  Run Bytes Received By Job
	40649  -  Total Bytes Sent By Job
	545  -  Total Bytes Received By Job
	Partitionable Resources :    Usage  Request Allocated
	   Cpus                 :                 1         1
	   Disk (KB)            :       53  1024000   2046568
	   Memory (MB)          :      323     2000      2000
...
