000 (9074.000.000) 03/29 08:43:06 Job submitted from host: <128.101.221.180:9618?addrs=128.101.221.180-9618&noUDP&sock=3943_2604_3>
...
001 (9074.000.000) 03/29 09:20:56 Job executing on host: <128.101.221.175:9618?addrs=128.101.221.175-9618&noUDP&sock=12916_e152_4>
...
006 (9074.000.000) 03/29 09:21:04 Image size of job updated: 206764
	162  -  MemoryUsage of job (MB)
	165512  -  ResidentSetSize of job (KB)
...
006 (9074.000.000) 03/29 09:26:04 Image size of job updated: 329828
	322  -  MemoryUsage of job (MB)
	329504  -  ResidentSetSize of job (KB)
...
006 (9074.000.000) 03/29 09:31:05 Image size of job updated: 336272
	329  -  MemoryUsage of job (MB)
	335948  -  ResidentSetSize of job (KB)
...
006 (9074.000.000) 03/29 09:31:16 Image size of job updated: 733008
	329  -  MemoryUsage of job (MB)
	335948  -  ResidentSetSize of job (KB)
...
005 (9074.000.000) 03/29 09:31:17 Job terminated.
	(1) Normal termination (return value 0)
		Usr 0 00:06:09, Sys 0 00:03:40  -  Run Remote Usage
		Usr 0 00:00:00, Sys 0 00:00:00  -  Run Local Usage
		Usr 0 00:06:09, Sys 0 00:03:40  -  Total Remote Usage
		Usr 0 00:00:00, Sys 0 00:00:00  -  Total Local Usage
	60714  -  Run Bytes Sent By Job
	545  -  Run Bytes Received By Job
	60714  -  Total Bytes Sent By Job
	545  -  Total Bytes Received By Job
	Partitionable Resources :    Usage  Request Allocated
	   Cpus                 :                 1         1
	   Disk (KB)            :       72  1024000   1931232
	   Memory (MB)          :      329     2000      2000
...
