000 (9063.000.000) 03/29 08:43:01 Job submitted from host: <128.101.221.180:9618?addrs=128.101.221.180-9618&noUDP&sock=3943_2604_3>
...
001 (9063.000.000) 03/29 09:15:51 Job executing on host: <128.101.220.49:9618?addrs=128.101.220.49-9618&noUDP&sock=280861_dd0b_4>
...
006 (9063.000.000) 03/29 09:16:00 Image size of job updated: 272580
	189  -  MemoryUsage of job (MB)
	193532  -  ResidentSetSize of job (KB)
...
006 (9063.000.000) 03/29 09:21:01 Image size of job updated: 426476
	323  -  MemoryUsage of job (MB)
	329844  -  ResidentSetSize of job (KB)
...
006 (9063.000.000) 03/29 09:25:38 Image size of job updated: 733336
	323  -  MemoryUsage of job (MB)
	329844  -  ResidentSetSize of job (KB)
...
005 (9063.000.000) 03/29 09:25:40 Job terminated.
	(1) Normal termination (return value 0)
		Usr 0 00:06:40, Sys 0 00:02:13  -  Run Remote Usage
		Usr 0 00:00:00, Sys 0 00:00:00  -  Run Local Usage
		Usr 0 00:06:40, Sys 0 00:02:13  -  Total Remote Usage
		Usr 0 00:00:00, Sys 0 00:00:00  -  Total Local Usage
	64657  -  Run Bytes Sent By Job
	545  -  Run Bytes Received By Job
	64657  -  Total Bytes Sent By Job
	545  -  Total Bytes Received By Job
	Partitionable Resources :    Usage  Request Allocated
	   Cpus                 :                 1         1
	   Disk (KB)            :       76  1024000   1028627
	   Memory (MB)          :      323     2000      2000
...
