000 (9078.000.000) 03/29 08:43:08 Job submitted from host: <128.101.221.180:9618?addrs=128.101.221.180-9618&noUDP&sock=3943_2604_3>
...
001 (9078.000.000) 03/29 09:22:19 Job executing on host: <128.101.221.175:9618?addrs=128.101.221.175-9618&noUDP&sock=12916_e152_4>
...
006 (9078.000.000) 03/29 09:22:28 Image size of job updated: 242284
	167  -  MemoryUsage of job (MB)
	170476  -  ResidentSetSize of job (KB)
...
006 (9078.000.000) 03/29 09:27:29 Image size of job updated: 329672
	322  -  MemoryUsage of job (MB)
	329484  -  ResidentSetSize of job (KB)
...
006 (9078.000.000) 03/29 09:32:29 Image size of job updated: 334564
	327  -  MemoryUsage of job (MB)
	334500  -  ResidentSetSize of job (KB)
...
006 (9078.000.000) 03/29 09:35:50 Image size of job updated: 733156
	327  -  MemoryUsage of job (MB)
	334500  -  ResidentSetSize of job (KB)
...
005 (9078.000.000) 03/29 09:35:51 Job terminated.
	(1) Normal termination (return value 0)
		Usr 0 00:08:04, Sys 0 00:04:43  -  Run Remote Usage
		Usr 0 00:00:00, Sys 0 00:00:00  -  Run Local Usage
		Usr 0 00:08:04, Sys 0 00:04:43  -  Total Remote Usage
		Usr 0 00:00:00, Sys 0 00:00:00  -  Total Local Usage
	71568  -  Run Bytes Sent By Job
	545  -  Run Bytes Received By Job
	71568  -  Total Bytes Sent By Job
	545  -  Total Bytes Received By Job
	Partitionable Resources :    Usage  Request Allocated
	   Cpus                 :                 1         1
	   Disk (KB)            :       83  1024000   1931230
	   Memory (MB)          :      327     2000      2000
...
