000 (9092.000.000) 03/29 08:43:15 Job submitted from host: <128.101.221.180:9618?addrs=128.101.221.180-9618&noUDP&sock=3943_2604_3>
...
001 (9092.000.000) 03/29 09:25:16 Job executing on host: <128.101.221.182:9618?addrs=128.101.221.182-9618&noUDP&sock=3902_06a2_4>
...
006 (9092.000.000) 03/29 09:25:24 Image size of job updated: 193756
	172  -  MemoryUsage of job (MB)
	175668  -  ResidentSetSize of job (KB)
...
006 (9092.000.000) 03/29 09:30:24 Image size of job updated: 347684
	322  -  MemoryUsage of job (MB)
	329044  -  ResidentSetSize of job (KB)
...
006 (9092.000.000) 03/29 09:32:07 Image size of job updated: 727180
	322  -  MemoryUsage of job (MB)
	329044  -  ResidentSetSize of job (KB)
...
005 (9092.000.000) 03/29 09:32:08 Job terminated.
	(1) Normal termination (return value 0)
		Usr 0 00:03:59, Sys 0 00:02:28  -  Run Remote Usage
		Usr 0 00:00:00, Sys 0 00:00:00  -  Run Local Usage
		Usr 0 00:03:59, Sys 0 00:02:28  -  Total Remote Usage
		Usr 0 00:00:00, Sys 0 00:00:00  -  Total Local Usage
	48600  -  Run Bytes Sent By Job
	545  -  Run Bytes Received By Job
	48600  -  Total Bytes Sent By Job
	545  -  Total Bytes Received By Job
	Partitionable Resources :    Usage  Request Allocated
	   Cpus                 :                 1         1
	   Disk (KB)            :       60  1024000   2046568
	   Memory (MB)          :      322     2000      2000
...
