000 (9087.000.000) 03/29 08:43:12 Job submitted from host: <128.101.221.180:9618?addrs=128.101.221.180-9618&noUDP&sock=3943_2604_3>
...
001 (9087.000.000) 03/29 09:25:13 Job executing on host: <128.101.221.182:9618?addrs=128.101.221.182-9618&noUDP&sock=3902_06a2_4>
...
006 (9087.000.000) 03/29 09:25:21 Image size of job updated: 177324
	171  -  MemoryUsage of job (MB)
	174344  -  ResidentSetSize of job (KB)
...
006 (9087.000.000) 03/29 09:30:21 Image size of job updated: 330820
	320  -  MemoryUsage of job (MB)
	327440  -  ResidentSetSize of job (KB)
...
006 (9087.000.000) 03/29 09:35:22 Image size of job updated: 334252
	326  -  MemoryUsage of job (MB)
	333764  -  ResidentSetSize of job (KB)
...
005 (9087.000.000) 03/29 09:35:29 Job terminated.
	(1) Normal termination (return value 0)
		Usr 0 00:06:06, Sys 0 00:03:38  -  Run Remote Usage
		Usr 0 00:00:00, Sys 0 00:00:00  -  Run Local Usage
		Usr 0 00:06:06, Sys 0 00:03:38  -  Total Remote Usage
		Usr 0 00:00:00, Sys 0 00:00:00  -  Total Local Usage
	60511  -  Run Bytes Sent By Job
	545  -  Run Bytes Received By Job
	60511  -  Total Bytes Sent By Job
	545  -  Total Bytes Received By Job
	Partitionable Resources :    Usage  Request Allocated
	   Cpus                 :                 1         1
	   Disk (KB)            :       72  1024000   2046570
	   Memory (MB)          :      326     2000      2000
...
