000 (9070.000.000) 03/29 08:43:04 Job submitted from host: <128.101.221.180:9618?addrs=128.101.221.180-9618&noUDP&sock=3943_2604_3>
...
001 (9070.000.000) 03/29 09:19:50 Job executing on host: <128.101.221.175:9618?addrs=128.101.221.175-9618&noUDP&sock=12916_e152_4>
...
006 (9070.000.000) 03/29 09:19:58 Image size of job updated: 195532
	158  -  MemoryUsage of job (MB)
	160836  -  ResidentSetSize of job (KB)
...
006 (9070.000.000) 03/29 09:24:39 Image size of job updated: 330988
	158  -  MemoryUsage of job (MB)
	160836  -  ResidentSetSize of job (KB)
...
005 (9070.000.000) 03/29 09:24:40 Job terminated.
	(1) Normal termination (return value 0)
		Usr 0 00:02:57, Sys 0 00:01:35  -  Run Remote Usage
		Usr 0 00:00:00, Sys 0 00:00:00  -  Run Local Usage
		Usr 0 00:02:57, Sys 0 00:01:35  -  Total Remote Usage
		Usr 0 00:00:00, Sys 0 00:00:00  -  Total Local Usage
	39537  -  Run Bytes Sent By Job
	545  -  Run Bytes Received By Job
	39537  -  Total Bytes Sent By Job
	545  -  Total Bytes Received By Job
	Partitionable Resources :    Usage  Request Allocated
	   Cpus                 :                 1         1
	   Disk (KB)            :       51  1024000   1931234
	   Memory (MB)          :      158     2000      2000
...
