000 (9068.000.000) 03/29 08:43:03 Job submitted from host: <128.101.221.180:9618?addrs=128.101.221.180-9618&noUDP&sock=3943_2604_3>
...
001 (9068.000.000) 03/29 09:17:42 Job executing on host: <128.101.221.176:9618?addrs=128.101.221.176-9618&noUDP&sock=2756849_b007_4>
...
006 (9068.000.000) 03/29 09:17:51 Image size of job updated: 13632
	6  -  MemoryUsage of job (MB)
	5552  -  ResidentSetSize of job (KB)
...
006 (9068.000.000) 03/29 09:22:52 Image size of job updated: 333788
	322  -  MemoryUsage of job (MB)
	329084  -  ResidentSetSize of job (KB)
...
005 (9068.000.000) 03/29 09:26:24 Job terminated.
	(1) Normal termination (return value 0)
		Usr 0 00:05:11, Sys 0 00:01:45  -  Run Remote Usage
		Usr 0 00:00:00, Sys 0 00:00:00  -  Run Local Usage
		Usr 0 00:05:11, Sys 0 00:01:45  -  Total Remote Usage
		Usr 0 00:00:00, Sys 0 00:00:00  -  Total Local Usage
	58466  -  Run Bytes Sent By Job
	545  -  Run Bytes Received By Job
	58466  -  Total Bytes Sent By Job
	545  -  Total Bytes Received By Job
	Partitionable Resources :    Usage  Request Allocated
	   Cpus                 :                 1         1
	   Disk (KB)            :       70  1024000   1026367
	   Memory (MB)          :      322     2000      2000
...
