000 (9091.000.000) 03/29 08:43:14 Job submitted from host: <128.101.221.180:9618?addrs=128.101.221.180-9618&noUDP&sock=3943_2604_3>
...
001 (9091.000.000) 03/29 09:25:13 Job executing on host: <128.101.221.182:9618?addrs=128.101.221.182-9618&noUDP&sock=3902_06a2_4>
...
006 (9091.000.000) 03/29 09:25:22 Image size of job updated: 197056
	190  -  MemoryUsage of job (MB)
	194552  -  ResidentSetSize of job (KB)
...
006 (9091.000.000) 03/29 09:30:23 Image size of job updated: 332356
	322  -  MemoryUsage of job (MB)
	329592  -  ResidentSetSize of job (KB)
...
006 (9091.000.000) 03/29 09:35:23 Image size of job updated: 333028
	326  -  MemoryUsage of job (MB)
	332968  -  ResidentSetSize of job (KB)
...
005 (9091.000.000) 03/29 09:38:33 Job terminated.
	(1) Normal termination (return value 0)
		Usr 0 00:07:52, Sys 0 00:04:45  -  Run Remote Usage
		Usr 0 00:00:00, Sys 0 00:00:00  -  Run Local Usage
		Usr 0 00:07:52, Sys 0 00:04:45  -  Total Remote Usage
		Usr 0 00:00:00, Sys 0 00:00:00  -  Total Local Usage
	79677  -  Run Bytes Sent By Job
	545  -  Run Bytes Received By Job
	79677  -  Total Bytes Sent By Job
	545  -  Total Bytes Received By Job
	Partitionable Resources :    Usage  Request Allocated
	   Cpus                 :                 1         1
	   Disk (KB)            :       90  1024000   2046568
	   Memory (MB)          :      326     2000      2000
...
