000 (9054.000.000) 03/29 08:42:57 Job submitted from host: <128.101.221.180:9618?addrs=128.101.221.180-9618&noUDP&sock=3943_2604_3>
...
001 (9054.000.000) 03/29 09:13:19 Job executing on host: <128.101.221.182:9618?addrs=128.101.221.182-9618&noUDP&sock=3902_06a2_4>
...
006 (9054.000.000) 03/29 09:13:28 Image size of job updated: 252452
	176  -  MemoryUsage of job (MB)
	179268  -  ResidentSetSize of job (KB)
...
006 (9054.000.000) 03/29 09:18:29 Image size of job updated: 329600
	322  -  MemoryUsage of job (MB)
	329528  -  ResidentSetSize of job (KB)
...
006 (9054.000.000) 03/29 09:23:05 Image size of job updated: 732808
	322  -  MemoryUsage of job (MB)
	329528  -  ResidentSetSize of job (KB)
...
005 (9054.000.000) 03/29 09:23:06 Job terminated.
	(1) Normal termination (return value 0)
		Usr 0 00:05:58, Sys 0 00:03:06  -  Run Remote Usage
		Usr 0 00:00:00, Sys 0 00:00:00  -  Run Local Usage
		Usr 0 00:05:58, Sys 0 00:03:06  -  Total Remote Usage
		Usr 0 00:00:00, Sys 0 00:00:00  -  Total Local Usage
	71953  -  Run Bytes Sent By Job
	545  -  Run Bytes Received By Job
	71953  -  Total Bytes Sent By Job
	545  -  Total Bytes Received By Job
	Partitionable Resources :    Usage  Request Allocated
	   Cpus                 :                 1         1
	   Disk (KB)            :       83  1024000   2046636
	   Memory (MB)          :      322     2000      2000
...
