000 (9108.000.000) 03/29 08:43:23 Job submitted from host: <128.101.221.180:9618?addrs=128.101.221.180-9618&noUDP&sock=3943_2604_3>
...
001 (9108.000.000) 03/29 09:31:31 Job executing on host: <128.101.221.175:9618?addrs=128.101.221.175-9618&noUDP&sock=12916_e152_4>
...
006 (9108.000.000) 03/29 09:31:40 Image size of job updated: 224400
	199  -  MemoryUsage of job (MB)
	203192  -  ResidentSetSize of job (KB)
...
006 (9108.000.000) 03/29 09:36:41 Image size of job updated: 329316
	322  -  MemoryUsage of job (MB)
	329160  -  ResidentSetSize of job (KB)
...
006 (9108.000.000) 03/29 09:41:42 Image size of job updated: 332856
	326  -  MemoryUsage of job (MB)
	332808  -  ResidentSetSize of job (KB)
...
006 (9108.000.000) 03/29 09:42:57 Image size of job updated: 729708
	326  -  MemoryUsage of job (MB)
	332808  -  ResidentSetSize of job (KB)
...
005 (9108.000.000) 03/29 09:42:58 Job terminated.
	(1) Normal termination (return value 0)
		Usr 0 00:06:41, Sys 0 00:03:54  -  Run Remote Usage
		Usr 0 00:00:00, Sys 0 00:00:00  -  Run Local Usage
		Usr 0 00:06:41, Sys 0 00:03:54  -  Total Remote Usage
		Usr 0 00:00:00, Sys 0 00:00:00  -  Total Local Usage
	53906  -  Run Bytes Sent By Job
	545  -  Run Bytes Received By Job
	53906  -  Total Bytes Sent By Job
	545  -  Total Bytes Received By Job
	Partitionable Resources :    Usage  Request Allocated
	   Cpus                 :                 1         1
	   Disk (KB)            :       66  1024000   1931224
	   Memory (MB)          :      326     2000      2000
...
