000 (9064.000.000) 03/29 08:43:01 Job submitted from host: <128.101.221.180:9618?addrs=128.101.221.180-9618&noUDP&sock=3943_2604_3>
...
001 (9064.000.000) 03/29 09:15:55 Job executing on host: <128.101.221.175:9618?addrs=128.101.221.175-9618&noUDP&sock=12916_e152_4>
...
006 (9064.000.000) 03/29 09:16:04 Image size of job updated: 243116
	168  -  MemoryUsage of job (MB)
	171172  -  ResidentSetSize of job (KB)
...
006 (9064.000.000) 03/29 09:21:05 Image size of job updated: 329600
	322  -  MemoryUsage of job (MB)
	329352  -  ResidentSetSize of job (KB)
...
006 (9064.000.000) 03/29 09:24:45 Image size of job updated: 336140
	322  -  MemoryUsage of job (MB)
	329352  -  ResidentSetSize of job (KB)
...
005 (9064.000.000) 03/29 09:24:46 Job terminated.
	(1) Normal termination (return value 0)
		Usr 0 00:05:19, Sys 0 00:03:03  -  Run Remote Usage
		Usr 0 00:00:00, Sys 0 00:00:00  -  Run Local Usage
		Usr 0 00:05:19, Sys 0 00:03:03  -  Total Remote Usage
		Usr 0 00:00:00, Sys 0 00:00:00  -  Total Local Usage
	60317  -  Run Bytes Sent By Job
	545  -  Run Bytes Received By Job
	60317  -  Total Bytes Sent By Job
	545  -  Total Bytes Received By Job
	Partitionable Resources :    Usage  Request Allocated
	   Cpus                 :                 1         1
	   Disk (KB)            :       72  1024000   1931250
	   Memory (MB)          :      322     2000      2000
...
