000 (9049.000.000) 03/29 08:42:54 Job submitted from host: <128.101.221.180:9618?addrs=128.101.221.180-9618&noUDP&sock=3943_2604_3>
...
001 (9049.000.000) 03/29 09:11:40 Job executing on host: <128.101.221.182:9618?addrs=128.101.221.182-9618&noUDP&sock=3902_06a2_4>
...
006 (9049.000.000) 03/29 09:11:49 Image size of job updated: 215796
	201  -  MemoryUsage of job (MB)
	204804  -  ResidentSetSize of job (KB)
...
006 (9049.000.000) 03/29 09:16:50 Image size of job updated: 329824
	322  -  MemoryUsage of job (MB)
	329440  -  ResidentSetSize of job (KB)
...
006 (9049.000.000) 03/29 09:21:20 Image size of job updated: 733040
	322  -  MemoryUsage of job (MB)
	329440  -  ResidentSetSize of job (KB)
...
005 (9049.000.000) 03/29 09:21:21 Job terminated.
	(1) Normal termination (return value 0)
		Usr 0 00:05:48, Sys 0 00:03:16  -  Run Remote Usage
		Usr 0 00:00:00, Sys 0 00:00:00  -  Run Local Usage
		Usr 0 00:05:48, Sys 0 00:03:16  -  Total Remote Usage
		Usr 0 00:00:00, Sys 0 00:00:00  -  Total Local Usage
	70641  -  Run Bytes Sent By Job
	545  -  Run Bytes Received By Job
	70641  -  Total Bytes Sent By Job
	545  -  Total Bytes Received By Job
	Partitionable Resources :    Usage  Request Allocated
	   Cpus                 :                 1         1
	   Disk (KB)            :       82  1024000   2046634
	   Memory (MB)          :      322     2000      2000
...
