000 (9050.000.000) 03/29 08:42:55 Job submitted from host: <128.101.221.180:9618?addrs=128.101.221.180-9618&noUDP&sock=3943_2604_3>
...
001 (9050.000.000) 03/29 09:11:46 Job executing on host: <128.101.221.182:9618?addrs=128.101.221.182-9618&noUDP&sock=3902_06a2_4>
...
006 (9050.000.000) 03/29 09:11:54 Image size of job updated: 232852
	178  -  MemoryUsage of job (MB)
	181620  -  ResidentSetSize of job (KB)
...
006 (9050.000.000) 03/29 09:16:54 Image size of job updated: 333348
	326  -  MemoryUsage of job (MB)
	333180  -  ResidentSetSize of job (KB)
...
006 (9050.000.000) 03/29 09:19:18 Image size of job updated: 730992
	326  -  MemoryUsage of job (MB)
	333180  -  ResidentSetSize of job (KB)
...
005 (9050.000.000) 03/29 09:19:19 Job terminated.
	(1) Normal termination (return value 0)
		Usr 0 00:04:28, Sys 0 00:02:37  -  Run Remote Usage
		Usr 0 00:00:00, Sys 0 00:00:00  -  Run Local Usage
		Usr 0 00:04:28, Sys 0 00:02:37  -  Total Remote Usage
		Usr 0 00:00:00, Sys 0 00:00:00  -  Total Local Usage
	58681  -  Run Bytes Sent By Job
	545  -  Run Bytes Received By Job
	58681  -  Total Bytes Sent By Job
	545  -  Total Bytes Received By Job
	Partitionable Resources :    Usage  Request Allocated
	   Cpus                 :                 1         1
	   Disk (KB)            :       70  1024000   2046634
	   Memory (MB)          :      326     2000      2000
...
