000 (9090.000.000) 03/29 08:43:14 Job submitted from host: <128.101.221.180:9618?addrs=128.101.221.180-9618&noUDP&sock=3943_2604_3>
...
001 (9090.000.000) 03/29 09:25:13 Job executing on host: <128.101.221.182:9618?addrs=128.101.221.182-9618&noUDP&sock=3902_06a2_4>
...
006 (9090.000.000) 03/29 09:25:22 Image size of job updated: 196372
	190  -  MemoryUsage of job (MB)
	193620  -  ResidentSetSize of job (KB)
...
006 (9090.000.000) 03/29 09:30:23 Image size of job updated: 332504
	322  -  MemoryUsage of job (MB)
	329692  -  ResidentSetSize of job (KB)
...
005 (9090.000.000) 03/29 09:31:39 Job terminated.
	(1) Normal termination (return value 0)
		Usr 0 00:03:50, Sys 0 00:02:14  -  Run Remote Usage
		Usr 0 00:00:00, Sys 0 00:00:00  -  Run Local Usage
		Usr 0 00:03:50, Sys 0 00:02:14  -  Total Remote Usage
		Usr 0 00:00:00, Sys 0 00:00:00  -  Total Local Usage
	44842  -  Run Bytes Sent By Job
	545  -  Run Bytes Received By Job
	44842  -  Total Bytes Sent By Job
	545  -  Total Bytes Received By Job
	Partitionable Resources :    Usage  Request Allocated
	   Cpus                 :                 1         1
	   Disk (KB)            :       56  1024000   2046568
	   Memory (MB)          :      322     2000      2000
...
