000 (9094.000.000) 03/29 08:43:16 Job submitted from host: <128.101.221.180:9618?addrs=128.101.221.180-9618&noUDP&sock=3943_2604_3>
...
001 (9094.000.000) 03/29 09:25:16 Job executing on host: <128.101.221.182:9618?addrs=128.101.221.182-9618&noUDP&sock=3902_06a2_4>
...
006 (9094.000.000) 03/29 09:25:24 Image size of job updated: 199140
	173  -  MemoryUsage of job (MB)
	176488  -  ResidentSetSize of job (KB)
...
006 (9094.000.000) 03/29 09:30:24 Image size of job updated: 353492
	322  -  MemoryUsage of job (MB)
	329592  -  ResidentSetSize of job (KB)
...
006 (9094.000.000) 03/29 09:35:25 Image size of job updated: 353492
	326  -  MemoryUsage of job (MB)
	332868  -  ResidentSetSize of job (KB)
...
006 (9094.000.000) 03/29 09:38:57 Image size of job updated: 729968
	326  -  MemoryUsage of job (MB)
	332868  -  ResidentSetSize of job (KB)
...
005 (9094.000.000) 03/29 09:38:58 Job terminated.
	(1) Normal termination (return value 0)
		Usr 0 00:08:09, Sys 0 00:04:49  -  Run Remote Usage
		Usr 0 00:00:00, Sys 0 00:00:00  -  Run Local Usage
		Usr 0 00:08:09, Sys 0 00:04:49  -  Total Remote Usage
		Usr 0 00:00:00, Sys 0 00:00:00  -  Total Local Usage
	70201  -  Run Bytes Sent By Job
	545  -  Run Bytes Received By Job
	70201  -  Total Bytes Sent By Job
	545  -  Total Bytes Received By Job
	Partitionable Resources :    Usage  Request Allocated
	   Cpus                 :                 1         1
	   Disk (KB)            :       81  1024000   2046568
	   Memory (MB)          :      326     2000      2000
...
