000 (9059.000.000) 03/29 08:42:59 Job submitted from host: <128.101.221.180:9618?addrs=128.101.221.180-9618&noUDP&sock=3943_2604_3>
...
001 (9059.000.000) 03/29 09:14:15 Job executing on host: <128.101.221.182:9618?addrs=128.101.221.182-9618&noUDP&sock=3902_06a2_4>
...
006 (9059.000.000) 03/29 09:14:24 Image size of job updated: 256268
	177  -  MemoryUsage of job (MB)
	180572  -  ResidentSetSize of job (KB)
...
006 (9059.000.000) 03/29 09:19:25 Image size of job updated: 425328
	324  -  MemoryUsage of job (MB)
	331564  -  ResidentSetSize of job (KB)
...
005 (9059.000.000) 03/29 09:20:12 Job terminated.
	(1) Normal termination (return value 0)
		Usr 0 00:03:29, Sys 0 00:02:04  -  Run Remote Usage
		Usr 0 00:00:00, Sys 0 00:00:00  -  Run Local Usage
		Usr 0 00:03:29, Sys 0 00:02:04  -  Total Remote Usage
		Usr 0 00:00:00, Sys 0 00:00:00  -  Total Local Usage
	58738  -  Run Bytes Sent By Job
	545  -  Run Bytes Received By Job
	58738  -  Total Bytes Sent By Job
	545  -  Total Bytes Received By Job
	Partitionable Resources :    Usage  Request Allocated
	   Cpus                 :                 1         1
	   Disk (KB)            :       70  1024000   2046608
	   Memory (MB)          :      324     2000      2000
...
