000 (9107.000.000) 03/29 08:43:22 Job submitted from host: <128.101.221.180:9618?addrs=128.101.221.180-9618&noUDP&sock=3943_2604_3>
...
001 (9107.000.000) 03/29 09:31:14 Job executing on host: <128.101.221.175:9618?addrs=128.101.221.175-9618&noUDP&sock=12916_e152_4>
...
006 (9107.000.000) 03/29 09:31:22 Image size of job updated: 260792
	180  -  MemoryUsage of job (MB)
	184068  -  ResidentSetSize of job (KB)
...
006 (9107.000.000) 03/29 09:36:22 Image size of job updated: 331696
	324  -  MemoryUsage of job (MB)
	331508  -  ResidentSetSize of job (KB)
...
005 (9107.000.000) 03/29 09:39:54 Job terminated.
	(1) Normal termination (return value 0)
		Usr 0 00:05:13, Sys 0 00:02:56  -  Run Remote Usage
		Usr 0 00:00:00, Sys 0 00:00:00  -  Run Local Usage
		Usr 0 00:05:13, Sys 0 00:02:56  -  Total Remote Usage
		Usr 0 00:00:00, Sys 0 00:00:00  -  Total Local Usage
	57607  -  Run Bytes Sent By Job
	545  -  Run Bytes Received By Job
	57607  -  Total Bytes Sent By Job
	545  -  Total Bytes Received By Job
	Partitionable Resources :    Usage  Request Allocated
	   Cpus                 :                 1         1
	   Disk (KB)            :       69  1024000   1931238
	   Memory (MB)          :      324     2000      2000
...
