000 (9079.000.000) 03/29 08:43:09 Job submitted from host: <128.101.221.180:9618?addrs=128.101.221.180-9618&noUDP&sock=3943_2604_3>
...
001 (9079.000.000) 03/29 09:22:43 Job executing on host: <128.101.221.193:9618?addrs=128.101.221.193-9618&noUDP&sock=2332108_b0a7_4>
...
006 (9079.000.000) 03/29 09:22:51 Image size of job updated: 186312
	122  -  MemoryUsage of job (MB)
	124468  -  ResidentSetSize of job (KB)
...
006 (9079.000.000) 03/29 09:27:23 Image size of job updated: 427860
	122  -  MemoryUsage of job (MB)
	124468  -  ResidentSetSize of job (KB)
...
005 (9079.000.000) 03/29 09:27:24 Job terminated.
	(1) Normal termination (return value 0)
		Usr 0 00:02:56, Sys 0 00:01:07  -  Run Remote Usage
		Usr 0 00:00:00, Sys 0 00:00:00  -  Run Local Usage
		Usr 0 00:02:56, Sys 0 00:01:07  -  Total Remote Usage
		Usr 0 00:00:00, Sys 0 00:00:00  -  Total Local Usage
	61184  -  Run Bytes Sent By Job
	545  -  Run Bytes Received By Job
	61184  -  Total Bytes Sent By Job
	545  -  Total Bytes Received By Job
	Partitionable Resources :    Usage  Request Allocated
	   Cpus                 :                 1         1
	   Disk (KB)            :       73  1024000   1028476
	   Memory (MB)          :      122     2000      2000
...
