000 (9095.000.000) 03/29 08:43:16 Job submitted from host: <128.101.221.180:9618?addrs=128.101.221.180-9618&noUDP&sock=3943_2604_3>
...
001 (9095.000.000) 03/29 09:25:32 Job executing on host: <128.101.221.175:9618?addrs=128.101.221.175-9618&noUDP&sock=12916_e152_4>
...
006 (9095.000.000) 03/29 09:25:40 Image size of job updated: 236184
	162  -  MemoryUsage of job (MB)
	165540  -  ResidentSetSize of job (KB)
...
006 (9095.000.000) 03/29 09:30:40 Image size of job updated: 328916
	321  -  MemoryUsage of job (MB)
	328700  -  ResidentSetSize of job (KB)
...
005 (9095.000.000) 03/29 09:32:30 Job terminated.
	(1) Normal termination (return value 0)
		Usr 0 00:04:13, Sys 0 00:02:21  -  Run Remote Usage
		Usr 0 00:00:00, Sys 0 00:00:00  -  Run Local Usage
		Usr 0 00:04:13, Sys 0 00:02:21  -  Total Remote Usage
		Usr 0 00:00:00, Sys 0 00:00:00  -  Total Local Usage
	50346  -  Run Bytes Sent By Job
	545  -  Run Bytes Received By Job
	50346  -  Total Bytes Sent By Job
	545  -  Total Bytes Received By Job
	Partitionable Resources :    Usage  Request Allocated
	   Cpus                 :                 1         1
	   Disk (KB)            :       62  1024000   1931226
	   Memory (MB)          :      321     2000      2000
...
