000 (9073.000.000) 03/29 08:43:06 Job submitted from host: <128.101.221.180:9618?addrs=128.101.221.180-9618&noUDP&sock=3943_2604_3>
...
001 (9073.000.000) 03/29 09:20:56 Job executing on host: <128.101.221.175:9618?addrs=128.101.221.175-9618&noUDP&sock=12916_e152_4>
...
006 (9073.000.000) 03/29 09:21:04 Image size of job updated: 189280
	157  -  MemoryUsage of job (MB)
	160456  -  ResidentSetSize of job (KB)
...
006 (9073.000.000) 03/29 09:26:04 Image size of job updated: 329712
	322  -  MemoryUsage of job (MB)
	329456  -  ResidentSetSize of job (KB)
...
006 (9073.000.000) 03/29 09:31:05 Image size of job updated: 335072
	328  -  MemoryUsage of job (MB)
	335056  -  ResidentSetSize of job (KB)
...
006 (9073.000.000) 03/29 09:32:55 Image size of job updated: 732836
	328  -  MemoryUsage of job (MB)
	335056  -  ResidentSetSize of job (KB)
...
005 (9073.000.000) 03/29 09:32:56 Job terminated.
	(1) Normal termination (return value 0)
		Usr 0 00:07:12, Sys 0 00:04:11  -  Run Remote Usage
		Usr 0 00:00:00, Sys 0 00:00:00  -  Run Local Usage
		Usr 0 00:07:12, Sys 0 00:04:11  -  Total Remote Usage
		Usr 0 00:00:00, Sys 0 00:00:00  -  Total Local Usage
	63827  -  Run Bytes Sent By Job
	545  -  Run Bytes Received By Job
	63827  -  Total Bytes Sent By Job
	545  -  Total Bytes Received By Job
	Partitionable Resources :    Usage  Request Allocated
	   Cpus                 :                 1         1
	   Disk (KB)            :       75  1024000   1931234
	   Memory (MB)          :      328     2000      2000
...
