000 (9058.000.000) 03/29 08:42:58 Job submitted from host: <128.101.221.180:9618?addrs=128.101.221.180-9618&noUDP&sock=3943_2604_3>
...
001 (9058.000.000) 03/29 09:13:34 Job executing on host: <128.101.221.182:9618?addrs=128.101.221.182-9618&noUDP&sock=3902_06a2_4>
...
006 (9058.000.000) 03/29 09:13:43 Image size of job updated: 205832
	193  -  MemoryUsage of job (MB)
	196856  -  ResidentSetSize of job (KB)
...
005 (9058.000.000) 03/29 09:17:45 Job terminated.
	(1) Normal termination (return value 0)
		Usr 0 00:02:32, Sys 0 00:01:22  -  Run Remote Usage
		Usr 0 00:00:00, Sys 0 00:00:00  -  Run Local Usage
		Usr 0 00:02:32, Sys 0 00:01:22  -  Total Remote Usage
		Usr 0 00:00:00, Sys 0 00:00:00  -  Total Local Usage
	43732  -  Run Bytes Sent By Job
	545  -  Run Bytes Received By Job
	43732  -  Total Bytes Sent By Job
	545  -  Total Bytes Received By Job
	Partitionable Resources :    Usage  Request Allocated
	   Cpus                 :                 1         1
	   Disk (KB)            :       56  1024000   2046636
	   Memory (MB)          :      193     2000      2000
...
