000 (9100.000.000) 03/29 08:43:19 Job submitted from host: <128.101.221.180:9618?addrs=128.101.221.180-9618&noUDP&sock=3943_2604_3>
...
001 (9100.000.000) 03/29 09:28:46 Job executing on host: <128.101.220.50:9618?addrs=128.101.220.50-9618&noUDP&sock=258564_f9de_4>
...
006 (9100.000.000) 03/29 09:28:54 Image size of job updated: 253416
	174  -  MemoryUsage of job (MB)
	177288  -  ResidentSetSize of job (KB)
...
006 (9100.000.000) 03/29 09:32:34 Image size of job updated: 727948
	174  -  MemoryUsage of job (MB)
	177288  -  ResidentSetSize of job (KB)
...
005 (9100.000.000) 03/29 09:32:35 Job terminated.
	(1) Normal termination (return value 0)
		Usr 0 00:02:34, Sys 0 00:00:49  -  Run Remote Usage
		Usr 0 00:00:00, Sys 0 00:00:00  -  Run Local Usage
		Usr 0 00:02:34, Sys 0 00:00:49  -  Total Remote Usage
		Usr 0 00:00:00, Sys 0 00:00:00  -  Total Local Usage
	44842  -  Run Bytes Sent By Job
	545  -  Run Bytes Received By Job
	44842  -  Total Bytes Sent By Job
	545  -  Total Bytes Received By Job
	Partitionable Resources :    Usage  Request Allocated
	   Cpus                 :                 1         1
	   Disk (KB)            :       57  1024000   1028031
	   Memory (MB)          :      174     2000      2000
...
