000 (9103.000.000) 03/29 08:43:20 Job submitted from host: <128.101.221.180:9618?addrs=128.101.221.180-9618&noUDP&sock=3943_2604_3>
...
001 (9103.000.000) 03/29 09:29:05 Job executing on host: <128.101.221.176:9618?addrs=128.101.221.176-9618&noUDP&sock=2756849_b007_4>
...
006 (9103.000.000) 03/29 09:29:14 Image size of job updated: 147768
	126  -  MemoryUsage of job (MB)
	128748  -  ResidentSetSize of job (KB)
...
006 (9103.000.000) 03/29 09:34:15 Image size of job updated: 331476
	322  -  MemoryUsage of job (MB)
	329028  -  ResidentSetSize of job (KB)
...
005 (9103.000.000) 03/29 09:37:52 Job terminated.
	(1) Normal termination (return value 0)
		Usr 0 00:06:07, Sys 0 00:02:01  -  Run Remote Usage
		Usr 0 00:00:00, Sys 0 00:00:00  -  Run Local Usage
		Usr 0 00:06:07, Sys 0 00:02:01  -  Total Remote Usage
		Usr 0 00:00:00, Sys 0 00:00:00  -  Total Local Usage
	63385  -  Run Bytes Sent By Job
	545  -  Run Bytes Received By Job
	63385  -  Total Bytes Sent By Job
	545  -  Total Bytes Received By Job
	Partitionable Resources :    Usage  Request Allocated
	   Cpus                 :                 1         1
	   Disk (KB)            :       75  1024000   1026392
	   Memory (MB)          :      322     2000      2000
...
