000 (9072.000.000) 03/29 08:43:05 Job submitted from host: <128.101.221.180:9618?addrs=128.101.221.180-9618&noUDP&sock=3943_2604_3>
...
001 (9072.000.000) 03/29 09:20:11 Job executing on host: <128.101.221.186:9618?addrs=128.101.221.186-9618&noUDP&sock=3131318_464d_4>
...
006 (9072.000.000) 03/29 09:20:20 Image size of job updated: 253592
	174  -  MemoryUsage of job (MB)
	177464  -  ResidentSetSize of job (KB)
...
006 (9072.000.000) 03/29 09:25:21 Image size of job updated: 426080
	322  -  MemoryUsage of job (MB)
	329444  -  ResidentSetSize of job (KB)
...
006 (9072.000.000) 03/29 09:28:53 Image size of job updated: 431112
	322  -  MemoryUsage of job (MB)
	329444  -  ResidentSetSize of job (KB)
...
005 (9072.000.000) 03/29 09:28:54 Job terminated.
	(1) Normal termination (return value 0)
		Usr 0 00:05:53, Sys 0 00:01:53  -  Run Remote Usage
		Usr 0 00:00:00, Sys 0 00:00:00  -  Run Local Usage
		Usr 0 00:05:53, Sys 0 00:01:53  -  Total Remote Usage
		Usr 0 00:00:00, Sys 0 00:00:00  -  Total Local Usage
	58956  -  Run Bytes Sent By Job
	545  -  Run Bytes Received By Job
	58956  -  Total Bytes Sent By Job
	545  -  Total Bytes Received By Job
	Partitionable Resources :    Usage  Request Allocated
	   Cpus                 :                 1         1
	   Disk (KB)            :       70  1024000   1027081
	   Memory (MB)          :      322     2000      2000
...
