000 (9048.000.000) 03/29 08:42:54 Job submitted from host: <128.101.221.180:9618?addrs=128.101.221.180-9618&noUDP&sock=3943_2604_3>
...
001 (9048.000.000) 03/29 09:11:39 Job executing on host: <128.101.221.175:9618?addrs=128.101.221.175-9618&noUDP&sock=12916_e152_4>
...
006 (9048.000.000) 03/29 09:11:48 Image size of job updated: 230588
	171  -  MemoryUsage of job (MB)
	174444  -  ResidentSetSize of job (KB)
...
006 (9048.000.000) 03/29 09:16:48 Image size of job updated: 329712
	322  -  MemoryUsage of job (MB)
	329376  -  ResidentSetSize of job (KB)
...
005 (9048.000.000) 03/29 09:17:04 Job terminated.
	(1) Normal termination (return value 0)
		Usr 0 00:03:20, Sys 0 00:01:46  -  Run Remote Usage
		Usr 0 00:00:00, Sys 0 00:00:00  -  Run Local Usage
		Usr 0 00:03:20, Sys 0 00:01:46  -  Total Remote Usage
		Usr 0 00:00:00, Sys 0 00:00:00  -  Total Local Usage
	47270  -  Run Bytes Sent By Job
	545  -  Run Bytes Received By Job
	47270  -  Total Bytes Sent By Job
	545  -  Total Bytes Received By Job
	Partitionable Resources :    Usage  Request Allocated
	   Cpus                 :                 1         1
	   Disk (KB)            :       59  1024000   1931250
	   Memory (MB)          :      322     2000      2000
...
