000 (9109.000.000) 03/29 08:43:23 Job submitted from host: <128.101.221.180:9618?addrs=128.101.221.180-9618&noUDP&sock=3943_2604_3>
...
001 (9109.000.000) 03/29 09:31:35 Job executing on host: <128.101.221.175:9618?addrs=128.101.221.175-9618&noUDP&sock=12916_e152_4>
...
006 (9109.000.000) 03/29 09:31:44 Image size of job updated: 254408
	187  -  MemoryUsage of job (MB)
	191240  -  ResidentSetSize of job (KB)
...
006 (9109.000.000) 03/29 09:36:45 Image size of job updated: 331224
	324  -  MemoryUsage of job (MB)
	331108  -  ResidentSetSize of job (KB)
...
006 (9109.000.000) 03/29 09:38:42 Image size of job updated: 730932
	324  -  MemoryUsage of job (MB)
	331108  -  ResidentSetSize of job (KB)
...
005 (9109.000.000) 03/29 09:38:43 Job terminated.
	(1) Normal termination (return value 0)
		Usr 0 00:04:18, Sys 0 00:02:26  -  Run Remote Usage
		Usr 0 00:00:00, Sys 0 00:00:00  -  Run Local Usage
		Usr 0 00:04:18, Sys 0 00:02:26  -  Total Remote Usage
		Usr 0 00:00:00, Sys 0 00:00:00  -  Total Local Usage
	45090  -  Run Bytes Sent By Job
	545  -  Run Bytes Received By Job
	45090  -  Total Bytes Sent By Job
	545  -  Total Bytes Received By Job
	Partitionable Resources :    Usage  Request Allocated
	   Cpus                 :                 1         1
	   Disk (KB)            :       57  1024000   1931238
	   Memory (MB)          :      324     2000      2000
...
