000 (9052.000.000) 03/29 08:42:56 Job submitted from host: <128.101.221.180:9618?addrs=128.101.221.180-9618&noUDP&sock=3943_2604_3>
...
001 (9052.000.000) 03/29 09:12:07 Job executing on host: <128.101.221.175:9618?addrs=128.101.221.175-9618&noUDP&sock=12916_e152_4>
...
006 (9052.000.000) 03/29 09:12:15 Image size of job updated: 207532
	141  -  MemoryUsage of job (MB)
	144304  -  ResidentSetSize of job (KB)
...
006 (9052.000.000) 03/29 09:17:15 Image size of job updated: 330444
	323  -  MemoryUsage of job (MB)
	330172  -  ResidentSetSize of job (KB)
...
006 (9052.000.000) 03/29 09:22:05 Image size of job updated: 334680
	323  -  MemoryUsage of job (MB)
	330172  -  ResidentSetSize of job (KB)
...
005 (9052.000.000) 03/29 09:22:06 Job terminated.
	(1) Normal termination (return value 0)
		Usr 0 00:05:57, Sys 0 00:03:28  -  Run Remote Usage
		Usr 0 00:00:00, Sys 0 00:00:00  -  Run Local Usage
		Usr 0 00:05:57, Sys 0 00:03:28  -  Total Remote Usage
		Usr 0 00:00:00, Sys 0 00:00:00  -  Total Local Usage
	61351  -  Run Bytes Sent By Job
	545  -  Run Bytes Received By Job
	61351  -  Total Bytes Sent By Job
	545  -  Total Bytes Received By Job
	Partitionable Resources :    Usage  Request Allocated
	   Cpus                 :                 1         1
	   Disk (KB)            :       73  1024000   1931272
	   Memory (MB)          :      323     2000      2000
...
