000 (9056.000.000) 03/29 08:42:57 Job submitted from host: <128.101.221.180:9618?addrs=128.101.221.180-9618&noUDP&sock=3943_2604_3>
...
001 (9056.000.000) 03/29 09:13:34 Job executing on host: <128.101.221.182:9618?addrs=128.101.221.182-9618&noUDP&sock=3902_06a2_4>
...
006 (9056.000.000) 03/29 09:13:42 Image size of job updated: 195600
	174  -  MemoryUsage of job (MB)
	177648  -  ResidentSetSize of job (KB)
...
006 (9056.000.000) 03/29 09:18:42 Image size of job updated: 331596
	324  -  MemoryUsage of job (MB)
	331496  -  ResidentSetSize of job (KB)
...
006 (9056.000.000) 03/29 09:19:56 Image size of job updated: 331688
	324  -  MemoryUsage of job (MB)
	331496  -  ResidentSetSize of job (KB)
...
005 (9056.000.000) 03/29 09:19:57 Job terminated.
	(1) Normal termination (return value 0)
		Usr 0 00:03:44, Sys 0 00:02:14  -  Run Remote Usage
		Usr 0 00:00:00, Sys 0 00:00:00  -  Run Local Usage
		Usr 0 00:03:44, Sys 0 00:02:14  -  Total Remote Usage
		Usr 0 00:00:00, Sys 0 00:00:00  -  Total Local Usage
	55407  -  Run Bytes Sent By Job
	545  -  Run Bytes Received By Job
	55407  -  Total Bytes Sent By Job
	545  -  Total Bytes Received By Job
	Partitionable Resources :    Usage  Request Allocated
	   Cpus                 :                 1         1
	   Disk (KB)            :       67  1024000   2046634
	   Memory (MB)          :      324     2000      2000
...
