000 (9066.000.000) 03/29 08:43:02 Job submitted from host: <128.101.221.180:9618?addrs=128.101.221.180-9618&noUDP&sock=3943_2604_3>
...
001 (9066.000.000) 03/29 09:17:06 Job executing on host: <128.101.221.175:9618?addrs=128.101.221.175-9618&noUDP&sock=12916_e152_4>
...
006 (9066.000.000) 03/29 09:17:14 Image size of job updated: 216928
	148  -  MemoryUsage of job (MB)
	151024  -  ResidentSetSize of job (KB)
...
006 (9066.000.000) 03/29 09:21:27 Image size of job updated: 331252
	148  -  MemoryUsage of job (MB)
	151024  -  ResidentSetSize of job (KB)
...
005 (9066.000.000) 03/29 09:21:28 Job terminated.
	(1) Normal termination (return value 0)
		Usr 0 00:02:41, Sys 0 00:01:24  -  Run Remote Usage
		Usr 0 00:00:00, Sys 0 00:00:00  -  Run Local Usage
		Usr 0 00:02:41, Sys 0 00:01:24  -  Total Remote Usage
		Usr 0 00:00:00, Sys 0 00:00:00  -  Total Local Usage
	40216  -  Run Bytes Sent By Job
	545  -  Run Bytes Received By Job
	40216  -  Total Bytes Sent By Job
	545  -  Total Bytes Received By Job
	Partitionable Resources :    Usage  Request Allocated
	   Cpus                 :                 1         1
	   Disk (KB)            :       52  1024000   1931250
	   Memory (MB)          :      148     2000      2000
...
