000 (9097.000.000) 03/29 08:43:17 Job submitted from host: <128.101.221.180:9618?addrs=128.101.221.180-9618&noUDP&sock=3943_2604_3>
...
001 (9097.000.000) 03/29 09:26:26 Job executing on host: <128.101.221.176:9618?addrs=128.101.221.176-9618&noUDP&sock=2756849_b007_4>
...
006 (9097.000.000) 03/29 09:26:34 Image size of job updated: 178952
	116  -  MemoryUsage of job (MB)
	118392  -  ResidentSetSize of job (KB)
...
006 (9097.000.000) 03/29 09:28:41 Image size of job updated: 421176
	116  -  MemoryUsage of job (MB)
	118392  -  ResidentSetSize of job (KB)
...
005 (9097.000.000) 03/29 09:28:42 Job terminated.
	(1) Normal termination (return value 0)
		Usr 0 00:01:36, Sys 0 00:00:28  -  Run Remote Usage
		Usr 0 00:00:00, Sys 0 00:00:00  -  Run Local Usage
		Usr 0 00:01:36, Sys 0 00:00:28  -  Total Remote Usage
		Usr 0 00:00:00, Sys 0 00:00:00  -  Total Local Usage
	34244  -  Run Bytes Sent By Job
	545  -  Run Bytes Received By Job
	34244  -  Total Bytes Sent By Job
	545  -  Total Bytes Received By Job
	Partitionable Resources :    Usage  Request Allocated
	   Cpus                 :                 1         1
	   Disk (KB)            :       47  1024000   1026367
	   Memory (MB)          :      116     2000      2000
...
