000 (7091.000.000) 02/17 04:13:35 Job submitted from host: <128.101.221.181:9618?addrs=128.101.221.181-9618&noUDP&sock=2582719_fdba_3>
...
001 (7091.000.000) 02/17 04:13:52 Job executing on host: <128.101.221.193:9618?addrs=128.101.221.193-9618&noUDP&sock=2332108_b0a7_4>
...
006 (7091.000.000) 02/17 04:14:01 Image size of job updated: 189600
	173  -  MemoryUsage of job (MB)
	176612  -  ResidentSetSize of job (KB)
...
006 (7091.000.000) 02/17 04:17:49 Image size of job updated: 717656
	173  -  MemoryUsage of job (MB)
	176612  -  ResidentSetSize of job (KB)
...
005 (7091.000.000) 02/17 04:17:50 Job terminated.
	(1) Normal termination (return value 0)
		Usr 0 00:01:27, Sys 0 00:01:27  -  Run Remote Usage
		Usr 0 00:00:00, Sys 0 00:00:00  -  Run Local Usage
		Usr 0 00:01:27, Sys 0 00:01:27  -  Total Remote Usage
		Usr 0 00:00:00, Sys 0 00:00:00  -  Total Local Usage
	51241  -  Run Bytes Sent By Job
	501  -  Run Bytes Received By Job
	51241  -  Total Bytes Sent By Job
	501  -  Total Bytes Received By Job
	Partitionable Resources :    Usage  Request Allocated
	   Cpus                 :                 1         1
	   Disk (KB)            :       63  1024000   1030489
	   Memory (MB)          :      173     2000      2000
...
