000 (7104.000.000) 02/17 04:13:43 Job submitted from host: <128.101.221.181:9618?addrs=128.101.221.181-9618&noUDP&sock=2582719_fdba_3>
...
001 (7104.000.000) 02/17 04:13:56 Job executing on host: <128.101.221.170:9618?addrs=128.101.221.170-9618&noUDP&sock=4150_221f_4>
...
006 (7104.000.000) 02/17 04:14:09 Image size of job updated: 95444
	84  -  MemoryUsage of job (MB)
	85432  -  ResidentSetSize of job (KB)
...
006 (7104.000.000) 02/17 04:16:11 Image size of job updated: 95444
	84  -  MemoryUsage of job (MB)
	85476  -  ResidentSetSize of job (KB)
...
005 (7104.000.000) 02/17 04:16:12 Job terminated.
	(1) Normal termination (return value 0)
		Usr 0 00:01:03, Sys 0 00:00:41  -  Run Remote Usage
		Usr 0 00:00:00, Sys 0 00:00:00  -  Run Local Usage
		Usr 0 00:01:03, Sys 0 00:00:41  -  Total Remote Usage
		Usr 0 00:00:00, Sys 0 00:00:00  -  Total Local Usage
	45751  -  Run Bytes Sent By Job
	501  -  Run Bytes Received By Job
	45751  -  Total Bytes Sent By Job
	501  -  Total Bytes Received By Job
	Partitionable Resources :    Usage  Request Allocated
	   Cpus                 :                 1         1
	   Disk (KB)            :       64  1024000   2040476
	   Memory (MB)          :       84     2000      2000
...
