000 (7098.000.000) 02/17 04:13:40 Job submitted from host: <128.101.221.181:9618?addrs=128.101.221.181-9618&noUDP&sock=2582719_fdba_3>
...
001 (7098.000.000) 02/17 04:13:55 Job executing on host: <128.101.221.170:9618?addrs=128.101.221.170-9618&noUDP&sock=4150_221f_4>
...
006 (7098.000.000) 02/17 04:14:03 Image size of job updated: 7464
	7  -  MemoryUsage of job (MB)
	6784  -  ResidentSetSize of job (KB)
...
006 (7098.000.000) 02/17 04:18:03 Image size of job updated: 722380
	7  -  MemoryUsage of job (MB)
	6796  -  ResidentSetSize of job (KB)
...
005 (7098.000.000) 02/17 04:18:03 Job terminated.
	(1) Normal termination (return value 0)
		Usr 0 00:01:48, Sys 0 00:01:22  -  Run Remote Usage
		Usr 0 00:00:00, Sys 0 00:00:00  -  Run Local Usage
		Usr 0 00:01:48, Sys 0 00:01:22  -  Total Remote Usage
		Usr 0 00:00:00, Sys 0 00:00:00  -  Total Local Usage
	39482  -  Run Bytes Sent By Job
	501  -  Run Bytes Received By Job
	39482  -  Total Bytes Sent By Job
	501  -  Total Bytes Received By Job
	Partitionable Resources :    Usage  Request Allocated
	   Cpus                 :                 1         1
	   Disk (KB)            :       58  1024000   2040476
	   Memory (MB)          :        7     2000      2000
...
