000 (7108.000.000) 02/17 04:13:46 Job submitted from host: <128.101.221.181:9618?addrs=128.101.221.181-9618&noUDP&sock=2582719_fdba_3>
...
001 (7108.000.000) 02/17 04:14:01 Job executing on host: <128.101.221.192:9618?addrs=128.101.221.192-9618&noUDP&sock=3175794_1c7b_4>
...
006 (7108.000.000) 02/17 04:14:10 Image size of job updated: 269184
	255  -  MemoryUsage of job (MB)
	260800  -  ResidentSetSize of job (KB)
...
006 (7108.000.000) 02/17 04:17:51 Image size of job updated: 717712
	255  -  MemoryUsage of job (MB)
	260800  -  ResidentSetSize of job (KB)
...
005 (7108.000.000) 02/17 04:17:52 Job terminated.
	(1) Normal termination (return value 0)
		Usr 0 00:01:56, Sys 0 00:01:08  -  Run Remote Usage
		Usr 0 00:00:00, Sys 0 00:00:00  -  Run Local Usage
		Usr 0 00:01:56, Sys 0 00:01:08  -  Total Remote Usage
		Usr 0 00:00:00, Sys 0 00:00:00  -  Total Local Usage
	39091  -  Run Bytes Sent By Job
	501  -  Run Bytes Received By Job
	39091  -  Total Bytes Sent By Job
	501  -  Total Bytes Received By Job
	Partitionable Resources :    Usage  Request Allocated
	   Cpus                 :                 1         1
	   Disk (KB)            :       51  1024000   1030768
	   Memory (MB)          :      255     2000      2000
...
