000 (7092.000.000) 02/17 04:13:36 Job submitted from host: <128.101.221.181:9618?addrs=128.101.221.181-9618&noUDP&sock=2582719_fdba_3>
...
001 (7092.000.000) 02/17 04:13:52 Job executing on host: <128.101.221.170:9618?addrs=128.101.221.170-9618&noUDP&sock=4150_221f_4>
...
006 (7092.000.000) 02/17 04:14:01 Image size of job updated: 1912
	2  -  MemoryUsage of job (MB)
	1912  -  ResidentSetSize of job (KB)
...
006 (7092.000.000) 02/17 04:17:59 Image size of job updated: 2292
	2  -  MemoryUsage of job (MB)
	1912  -  ResidentSetSize of job (KB)
...
005 (7092.000.000) 02/17 04:18:00 Job terminated.
	(1) Normal termination (return value 0)
		Usr 0 00:01:48, Sys 0 00:01:21  -  Run Remote Usage
		Usr 0 00:00:00, Sys 0 00:00:00  -  Run Local Usage
		Usr 0 00:01:48, Sys 0 00:01:21  -  Total Remote Usage
		Usr 0 00:00:00, Sys 0 00:00:00  -  Total Local Usage
	81175  -  Run Bytes Sent By Job
	501  -  Run Bytes Received By Job
	81175  -  Total Bytes Sent By Job
	501  -  Total Bytes Received By Job
	Partitionable Resources :    Usage  Request Allocated
	   Cpus                 :                 1         1
	   Disk (KB)            :       99  1024000   2040476
	   Memory (MB)          :        2     2000      2000
...
