000 (7093.000.000) 02/17 04:13:36 Job submitted from host: <128.101.221.181:9618?addrs=128.101.221.181-9618&noUDP&sock=2582719_fdba_3>
...
001 (7093.000.000) 02/17 04:13:52 Job executing on host: <128.101.221.182:9618?addrs=128.101.221.182-9618&noUDP&sock=3902_06a2_4>
...
006 (7093.000.000) 02/17 04:14:01 Image size of job updated: 45108
	40  -  MemoryUsage of job (MB)
	40864  -  ResidentSetSize of job (KB)
...
005 (7093.000.000) 02/17 04:18:09 Job terminated.
	(1) Normal termination (return value 0)
		Usr 0 00:02:03, Sys 0 00:01:11  -  Run Remote Usage
		Usr 0 00:00:00, Sys 0 00:00:00  -  Run Local Usage
		Usr 0 00:02:03, Sys 0 00:01:11  -  Total Remote Usage
		Usr 0 00:00:00, Sys 0 00:00:00  -  Total Local Usage
	51253  -  Run Bytes Sent By Job
	501  -  Run Bytes Received By Job
	51253  -  Total Bytes Sent By Job
	501  -  Total Bytes Received By Job
	Partitionable Resources :    Usage  Request Allocated
	   Cpus                 :                 1         1
	   Disk (KB)            :       63  1024000   1024897
	   Memory (MB)          :       40     2000      2000
...
