000 (7336.000.000) 02/17 07:18:50 Job submitted from host: <128.101.221.181:9618?addrs=128.101.221.181-9618&noUDP&sock=2582719_fdba_3>
...
001 (7336.000.000) 02/17 07:22:52 Job executing on host: <128.101.221.170:9618?addrs=128.101.221.170-9618&noUDP&sock=4150_221f_4>
...
006 (7336.000.000) 02/17 07:23:01 Image size of job updated: 225196
	196  -  MemoryUsage of job (MB)
	200476  -  ResidentSetSize of job (KB)
...
006 (7336.000.000) 02/17 07:25:59 Image size of job updated: 321964
	197  -  MemoryUsage of job (MB)
	200748  -  ResidentSetSize of job (KB)
...
005 (7336.000.000) 02/17 07:26:01 Job terminated.
	(1) Normal termination (return value 0)
		Usr 0 00:01:33, Sys 0 00:01:13  -  Run Remote Usage
		Usr 0 00:00:00, Sys 0 00:00:00  -  Run Local Usage
		Usr 0 00:01:33, Sys 0 00:01:13  -  Total Remote Usage
		Usr 0 00:00:00, Sys 0 00:00:00  -  Total Local Usage
	50309  -  Run Bytes Sent By Job
	517  -  Run Bytes Received By Job
	50309  -  Total Bytes Sent By Job
	517  -  Total Bytes Received By Job
	Partitionable Resources :    Usage  Request Allocated
	   Cpus                 :                 1         1
	   Disk (KB)            :       69  1024000   2040476
	   Memory (MB)          :      197     2000      2000
...
