000 (7315.000.000) 02/17 07:18:33 Job submitted from host: <128.101.221.181:9618?addrs=128.101.221.181-9618&noUDP&sock=2582719_fdba_3>
...
001 (7315.000.000) 02/17 07:21:24 Job executing on host: <128.101.221.193:9618?addrs=128.101.221.193-9618&noUDP&sock=2332108_b0a7_4>
...
006 (7315.000.000) 02/17 07:21:33 Image size of job updated: 265560
	185  -  MemoryUsage of job (MB)
	189288  -  ResidentSetSize of job (KB)
...
006 (7315.000.000) 02/17 07:24:00 Image size of job updated: 719120
	185  -  MemoryUsage of job (MB)
	189288  -  ResidentSetSize of job (KB)
...
005 (7315.000.000) 02/17 07:24:01 Job terminated.
	(1) Normal termination (return value 0)
		Usr 0 00:01:10, Sys 0 00:01:05  -  Run Remote Usage
		Usr 0 00:00:00, Sys 0 00:00:00  -  Run Local Usage
		Usr 0 00:01:10, Sys 0 00:01:05  -  Total Remote Usage
		Usr 0 00:00:00, Sys 0 00:00:00  -  Total Local Usage
	43722  -  Run Bytes Sent By Job
	517  -  Run Bytes Received By Job
	43722  -  Total Bytes Sent By Job
	517  -  Total Bytes Received By Job
	Partitionable Resources :    Usage  Request Allocated
	   Cpus                 :                 1         1
	   Disk (KB)            :       56  1024000   1030405
	   Memory (MB)          :      185     2000      2000
...
