000 (7338.000.000) 02/17 07:18:51 Job submitted from host: <128.101.221.181:9618?addrs=128.101.221.181-9618&noUDP&sock=2582719_fdba_3>
...
001 (7338.000.000) 02/17 07:23:00 Job executing on host: <128.101.221.193:9618?addrs=128.101.221.193-9618&noUDP&sock=2332108_b0a7_4>
...
006 (7338.000.000) 02/17 07:23:09 Image size of job updated: 263068
	183  -  MemoryUsage of job (MB)
	186980  -  ResidentSetSize of job (KB)
...
006 (7338.000.000) 02/17 07:24:57 Image size of job updated: 717520
	183  -  MemoryUsage of job (MB)
	186980  -  ResidentSetSize of job (KB)
...
005 (7338.000.000) 02/17 07:24:59 Job terminated.
	(1) Normal termination (return value 0)
		Usr 0 00:00:54, Sys 0 00:00:48  -  Run Remote Usage
		Usr 0 00:00:00, Sys 0 00:00:00  -  Run Local Usage
		Usr 0 00:00:54, Sys 0 00:00:48  -  Total Remote Usage
		Usr 0 00:00:00, Sys 0 00:00:00  -  Total Local Usage
	39284  -  Run Bytes Sent By Job
	517  -  Run Bytes Received By Job
	39284  -  Total Bytes Sent By Job
	517  -  Total Bytes Received By Job
	Partitionable Resources :    Usage  Request Allocated
	   Cpus                 :                 1         1
	   Disk (KB)            :       51  1024000   1030405
	   Memory (MB)          :      183     2000      2000
...
