000 (7290.000.000) 02/17 07:18:18 Job submitted from host: <128.101.221.181:9618?addrs=128.101.221.181-9618&noUDP&sock=2582719_fdba_3>
...
001 (7290.000.000) 02/17 07:18:37 Job executing on host: <128.101.221.193:9618?addrs=128.101.221.193-9618&noUDP&sock=2332108_b0a7_4>
...
006 (7290.000.000) 02/17 07:18:46 Image size of job updated: 213332
	203  -  MemoryUsage of job (MB)
	207632  -  ResidentSetSize of job (KB)
...
006 (7290.000.000) 02/17 07:22:55 Image size of job updated: 720164
	203  -  MemoryUsage of job (MB)
	207632  -  ResidentSetSize of job (KB)
...
005 (7290.000.000) 02/17 07:22:59 Job terminated.
	(1) Normal termination (return value 0)
		Usr 0 00:01:49, Sys 0 00:01:55  -  Run Remote Usage
		Usr 0 00:00:00, Sys 0 00:00:00  -  Run Local Usage
		Usr 0 00:01:49, Sys 0 00:01:55  -  Total Remote Usage
		Usr 0 00:00:00, Sys 0 00:00:00  -  Total Local Usage
	75663  -  Run Bytes Sent By Job
	517  -  Run Bytes Received By Job
	75663  -  Total Bytes Sent By Job
	517  -  Total Bytes Received By Job
	Partitionable Resources :    Usage  Request Allocated
	   Cpus                 :                 1         1
	   Disk (KB)            :       87  1024000   1030405
	   Memory (MB)          :      203     2000      2000
...
