000 (7351.000.000) 02/17 07:18:59 Job submitted from host: <128.101.221.181:9618?addrs=128.101.221.181-9618&noUDP&sock=2582719_fdba_3>
...
001 (7351.000.000) 02/17 07:23:47 Job executing on host: <128.101.221.193:9618?addrs=128.101.221.193-9618&noUDP&sock=2332108_b0a7_4>
...
006 (7351.000.000) 02/17 07:23:56 Image size of job updated: 266164
	187  -  MemoryUsage of job (MB)
	190504  -  ResidentSetSize of job (KB)
...
006 (7351.000.000) 02/17 07:27:21 Image size of job updated: 720124
	187  -  MemoryUsage of job (MB)
	190504  -  ResidentSetSize of job (KB)
...
005 (7351.000.000) 02/17 07:27:22 Job terminated.
	(1) Normal termination (return value 0)
		Usr 0 00:01:37, Sys 0 00:01:26  -  Run Remote Usage
		Usr 0 00:00:00, Sys 0 00:00:00  -  Run Local Usage
		Usr 0 00:01:37, Sys 0 00:01:26  -  Total Remote Usage
		Usr 0 00:00:00, Sys 0 00:00:00  -  Total Local Usage
	62459  -  Run Bytes Sent By Job
	517  -  Run Bytes Received By Job
	62459  -  Total Bytes Sent By Job
	517  -  Total Bytes Received By Job
	Partitionable Resources :    Usage  Request Allocated
	   Cpus                 :                 1         1
	   Disk (KB)            :       74  1024000   1030405
	   Memory (MB)          :      187     2000      2000
...
