000 (7310.000.000) 02/17 07:18:30 Job submitted from host: <128.101.221.181:9618?addrs=128.101.221.181-9618&noUDP&sock=2582719_fdba_3>
...
001 (7310.000.000) 02/17 07:20:52 Job executing on host: <128.101.221.192:9618?addrs=128.101.221.192-9618&noUDP&sock=3175794_1c7b_4>
...
006 (7310.000.000) 02/17 07:21:00 Image size of job updated: 202908
	138  -  MemoryUsage of job (MB)
	140836  -  ResidentSetSize of job (KB)
...
006 (7310.000.000) 02/17 07:26:00 Image size of job updated: 325368
	318  -  MemoryUsage of job (MB)
	325252  -  ResidentSetSize of job (KB)
...
005 (7310.000.000) 02/17 07:26:05 Job terminated.
	(1) Normal termination (return value 0)
		Usr 0 00:02:53, Sys 0 00:01:44  -  Run Remote Usage
		Usr 0 00:00:00, Sys 0 00:00:00  -  Run Local Usage
		Usr 0 00:02:53, Sys 0 00:01:44  -  Total Remote Usage
		Usr 0 00:00:00, Sys 0 00:00:00  -  Total Local Usage
	73251  -  Run Bytes Sent By Job
	517  -  Run Bytes Received By Job
	73251  -  Total Bytes Sent By Job
	517  -  Total Bytes Received By Job
	Partitionable Resources :    Usage  Request Allocated
	   Cpus                 :                 1         1
	   Disk (KB)            :       84  1024000   1030904
	   Memory (MB)          :      318     2000      2000
...
