000 (7324.000.000) 02/17 07:18:41 Job submitted from host: <128.101.221.181:9618?addrs=128.101.221.181-9618&noUDP&sock=2582719_fdba_3>
...
001 (7324.000.000) 02/17 07:21:54 Job executing on host: <128.101.221.182:9618?addrs=128.101.221.182-9618&noUDP&sock=3902_06a2_4>
...
006 (7324.000.000) 02/17 07:22:03 Image size of job updated: 253068
	193  -  MemoryUsage of job (MB)
	196796  -  ResidentSetSize of job (KB)
...
006 (7324.000.000) 02/17 07:24:14 Image size of job updated: 717800
	193  -  MemoryUsage of job (MB)
	196796  -  ResidentSetSize of job (KB)
...
005 (7324.000.000) 02/17 07:24:15 Job terminated.
	(1) Normal termination (return value 0)
		Usr 0 00:01:22, Sys 0 00:00:42  -  Run Remote Usage
		Usr 0 00:00:00, Sys 0 00:00:00  -  Run Local Usage
		Usr 0 00:01:22, Sys 0 00:00:42  -  Total Remote Usage
		Usr 0 00:00:00, Sys 0 00:00:00  -  Total Local Usage
	44811  -  Run Bytes Sent By Job
	517  -  Run Bytes Received By Job
	44811  -  Total Bytes Sent By Job
	517  -  Total Bytes Received By Job
	Partitionable Resources :    Usage  Request Allocated
	   Cpus                 :                 1         1
	   Disk (KB)            :       57  1024000   1024807
	   Memory (MB)          :      193     2000      2000
...
