000 (7339.000.000) 02/17 07:18:52 Job submitted from host: <128.101.221.181:9618?addrs=128.101.221.181-9618&noUDP&sock=2582719_fdba_3>
...
001 (7339.000.000) 02/17 07:23:01 Job executing on host: <128.101.221.192:9618?addrs=128.101.221.192-9618&noUDP&sock=3175794_1c7b_4>
...
006 (7339.000.000) 02/17 07:23:09 Image size of job updated: 204804
	168  -  MemoryUsage of job (MB)
	171224  -  ResidentSetSize of job (KB)
...
005 (7339.000.000) 02/17 07:26:16 Job terminated.
	(1) Normal termination (return value 0)
		Usr 0 00:01:49, Sys 0 00:01:03  -  Run Remote Usage
		Usr 0 00:00:00, Sys 0 00:00:00  -  Run Local Usage
		Usr 0 00:01:49, Sys 0 00:01:03  -  Total Remote Usage
		Usr 0 00:00:00, Sys 0 00:00:00  -  Total Local Usage
	55549  -  Run Bytes Sent By Job
	517  -  Run Bytes Received By Job
	55549  -  Total Bytes Sent By Job
	517  -  Total Bytes Received By Job
	Partitionable Resources :    Usage  Request Allocated
	   Cpus                 :                 1         1
	   Disk (KB)            :       67  1024000   1030904
	   Memory (MB)          :      168     2000      2000
...
