000 (7327.000.000) 02/17 07:18:44 Job submitted from host: <128.101.221.181:9618?addrs=128.101.221.181-9618&noUDP&sock=2582719_fdba_3>
...
001 (7327.000.000) 02/17 07:22:07 Job executing on host: <128.101.221.193:9618?addrs=128.101.221.193-9618&noUDP&sock=2332108_b0a7_4>
...
006 (7327.000.000) 02/17 07:22:16 Image size of job updated: 222976
	195  -  MemoryUsage of job (MB)
	199172  -  ResidentSetSize of job (KB)
...
006 (7327.000.000) 02/17 07:24:16 Image size of job updated: 718368
	195  -  MemoryUsage of job (MB)
	199172  -  ResidentSetSize of job (KB)
...
005 (7327.000.000) 02/17 07:24:17 Job terminated.
	(1) Normal termination (return value 0)
		Usr 0 00:00:58, Sys 0 00:00:54  -  Run Remote Usage
		Usr 0 00:00:00, Sys 0 00:00:00  -  Run Local Usage
		Usr 0 00:00:58, Sys 0 00:00:54  -  Total Remote Usage
		Usr 0 00:00:00, Sys 0 00:00:00  -  Total Local Usage
	45693  -  Run Bytes Sent By Job
	517  -  Run Bytes Received By Job
	45693  -  Total Bytes Sent By Job
	517  -  Total Bytes Received By Job
	Partitionable Resources :    Usage  Request Allocated
	   Cpus                 :                 1         1
	   Disk (KB)            :       58  1024000   1030406
	   Memory (MB)          :      195     2000      2000
...
