000 (7306.000.000) 02/17 07:18:28 Job submitted from host: <128.101.221.181:9618?addrs=128.101.221.181-9618&noUDP&sock=2582719_fdba_3>
...
001 (7306.000.000) 02/17 07:18:43 Job executing on host: <128.101.221.182:9618?addrs=128.101.221.182-9618&noUDP&sock=3902_06a2_4>
...
006 (7306.000.000) 02/17 07:18:52 Image size of job updated: 198032
	174  -  MemoryUsage of job (MB)
	177644  -  ResidentSetSize of job (KB)
...
006 (7306.000.000) 02/17 07:23:53 Image size of job updated: 325696
	318  -  MemoryUsage of job (MB)
	325076  -  ResidentSetSize of job (KB)
...
005 (7306.000.000) 02/17 07:25:11 Job terminated.
	(1) Normal termination (return value 0)
		Usr 0 00:03:32, Sys 0 00:02:11  -  Run Remote Usage
		Usr 0 00:00:00, Sys 0 00:00:00  -  Run Local Usage
		Usr 0 00:03:32, Sys 0 00:02:11  -  Total Remote Usage
		Usr 0 00:00:00, Sys 0 00:00:00  -  Total Local Usage
	95951  -  Run Bytes Sent By Job
	517  -  Run Bytes Received By Job
	95951  -  Total Bytes Sent By Job
	517  -  Total Bytes Received By Job
	Partitionable Resources :    Usage  Request Allocated
	   Cpus                 :                 1         1
	   Disk (KB)            :      106  1024000   1024806
	   Memory (MB)          :      318     2000      2000
...
