000 (7301.000.000) 02/17 07:18:25 Job submitted from host: <128.101.221.181:9618?addrs=128.101.221.181-9618&noUDP&sock=2582719_fdba_3>
...
001 (7301.000.000) 02/17 07:18:42 Job executing on host: <128.101.221.182:9618?addrs=128.101.221.182-9618&noUDP&sock=3902_06a2_4>
...
006 (7301.000.000) 02/17 07:18:50 Image size of job updated: 187308
	176  -  MemoryUsage of job (MB)
	179676  -  ResidentSetSize of job (KB)
...
006 (7301.000.000) 02/17 07:21:51 Image size of job updated: 718976
	176  -  MemoryUsage of job (MB)
	179676  -  ResidentSetSize of job (KB)
...
005 (7301.000.000) 02/17 07:21:52 Job terminated.
	(1) Normal termination (return value 0)
		Usr 0 00:01:49, Sys 0 00:01:00  -  Run Remote Usage
		Usr 0 00:00:00, Sys 0 00:00:00  -  Run Local Usage
		Usr 0 00:01:49, Sys 0 00:01:00  -  Total Remote Usage
		Usr 0 00:00:00, Sys 0 00:00:00  -  Total Local Usage
	48346  -  Run Bytes Sent By Job
	517  -  Run Bytes Received By Job
	48346  -  Total Bytes Sent By Job
	517  -  Total Bytes Received By Job
	Partitionable Resources :    Usage  Request Allocated
	   Cpus                 :                 1         1
	   Disk (KB)            :       60  1024000   1024806
	   Memory (MB)          :      176     2000      2000
...
