000 (7318.000.000) 02/17 07:18:36 Job submitted from host: <128.101.221.181:9618?addrs=128.101.221.181-9618&noUDP&sock=2582719_fdba_3>
...
001 (7318.000.000) 02/17 07:21:42 Job executing on host: <128.101.221.193:9618?addrs=128.101.221.193-9618&noUDP&sock=2332108_b0a7_4>
...
006 (7318.000.000) 02/17 07:21:51 Image size of job updated: 226892
	200  -  MemoryUsage of job (MB)
	204260  -  ResidentSetSize of job (KB)
...
006 (7318.000.000) 02/17 07:23:06 Image size of job updated: 717380
	200  -  MemoryUsage of job (MB)
	204260  -  ResidentSetSize of job (KB)
...
005 (7318.000.000) 02/17 07:23:07 Job terminated.
	(1) Normal termination (return value 0)
		Usr 0 00:00:42, Sys 0 00:00:30  -  Run Remote Usage
		Usr 0 00:00:00, Sys 0 00:00:00  -  Run Local Usage
		Usr 0 00:00:42, Sys 0 00:00:30  -  Total Remote Usage
		Usr 0 00:00:00, Sys 0 00:00:00  -  Total Local Usage
	34902  -  Run Bytes Sent By Job
	517  -  Run Bytes Received By Job
	34902  -  Total Bytes Sent By Job
	517  -  Total Bytes Received By Job
	Partitionable Resources :    Usage  Request Allocated
	   Cpus                 :                 1         1
	   Disk (KB)            :       47  1024000   1030405
	   Memory (MB)          :      200     2000      2000
...
