000 (7332.000.000) 02/17 07:18:48 Job submitted from host: <128.101.221.181:9618?addrs=128.101.221.181-9618&noUDP&sock=2582719_fdba_3>
...
001 (7332.000.000) 02/17 07:22:26 Job executing on host: <128.101.221.193:9618?addrs=128.101.221.193-9618&noUDP&sock=2332108_b0a7_4>
...
006 (7332.000.000) 02/17 07:22:35 Image size of job updated: 257224
	181  -  MemoryUsage of job (MB)
	184764  -  ResidentSetSize of job (KB)
...
006 (7332.000.000) 02/17 07:26:01 Image size of job updated: 720320
	181  -  MemoryUsage of job (MB)
	184764  -  ResidentSetSize of job (KB)
...
005 (7332.000.000) 02/17 07:26:02 Job terminated.
	(1) Normal termination (return value 0)
		Usr 0 00:01:29, Sys 0 00:01:37  -  Run Remote Usage
		Usr 0 00:00:00, Sys 0 00:00:00  -  Run Local Usage
		Usr 0 00:01:29, Sys 0 00:01:37  -  Total Remote Usage
		Usr 0 00:00:00, Sys 0 00:00:00  -  Total Local Usage
	59383  -  Run Bytes Sent By Job
	517  -  Run Bytes Received By Job
	59383  -  Total Bytes Sent By Job
	517  -  Total Bytes Received By Job
	Partitionable Resources :    Usage  Request Allocated
	   Cpus                 :                 1         1
	   Disk (KB)            :       71  1024000   1030409
	   Memory (MB)          :      181     2000      2000
...
