000 (7681.000.000) 02/22 08:57:35 Job submitted from host: <128.101.221.181:9618?addrs=128.101.221.181-9618&noUDP&sock=2582719_fdba_3>
...
001 (7681.000.000) 02/22 08:57:56 Job executing on host: <128.101.221.173:9618?addrs=128.101.221.173-9618&noUDP&sock=1368159_da98_4>
...
006 (7681.000.000) 02/22 08:58:04 Image size of job updated: 333640
	241  -  MemoryUsage of job (MB)
	246252  -  ResidentSetSize of job (KB)
...
005 (7681.000.000) 02/22 09:01:09 Job terminated.
	(1) Normal termination (return value 0)
		Usr 0 00:01:42, Sys 0 00:00:44  -  Run Remote Usage
		Usr 0 00:00:00, Sys 0 00:00:00  -  Run Local Usage
		Usr 0 00:01:42, Sys 0 00:00:44  -  Total Remote Usage
		Usr 0 00:00:00, Sys 0 00:00:00  -  Total Local Usage
	53011  -  Run Bytes Sent By Job
	525  -  Run Bytes Received By Job
	53011  -  Total Bytes Sent By Job
	525  -  Total Bytes Received By Job
	Partitionable Resources :    Usage  Request Allocated
	   Cpus                 :                 1         1
	   Disk (KB)            :       65  1024000   1928156
	   Memory (MB)          :      241     2000      2000
...
