000 (7659.000.000) 02/22 08:57:24 Job submitted from host: <128.101.221.181:9618?addrs=128.101.221.181-9618&noUDP&sock=2582719_fdba_3>
...
001 (7659.000.000) 02/22 08:57:43 Job executing on host: <128.101.220.49:9618?addrs=128.101.220.49-9618&noUDP&sock=280861_dd0b_4>
...
006 (7659.000.000) 02/22 08:57:52 Image size of job updated: 134576
	82  -  MemoryUsage of job (MB)
	83960  -  ResidentSetSize of job (KB)
...
006 (7659.000.000) 02/22 09:01:21 Image size of job updated: 720088
	82  -  MemoryUsage of job (MB)
	83960  -  ResidentSetSize of job (KB)
...
005 (7659.000.000) 02/22 09:01:22 Job terminated.
	(1) Normal termination (return value 0)
		Usr 0 00:01:50, Sys 0 00:00:44  -  Run Remote Usage
		Usr 0 00:00:00, Sys 0 00:00:00  -  Run Local Usage
		Usr 0 00:01:50, Sys 0 00:00:44  -  Total Remote Usage
		Usr 0 00:00:00, Sys 0 00:00:00  -  Total Local Usage
	68886  -  Run Bytes Sent By Job
	525  -  Run Bytes Received By Job
	68886  -  Total Bytes Sent By Job
	525  -  Total Bytes Received By Job
	Partitionable Resources :    Usage  Request Allocated
	   Cpus                 :                 1         1
	   Disk (KB)            :       80  1024000   1030486
	   Memory (MB)          :       82     2000      2000
...
