000 (7677.000.000) 02/22 08:57:33 Job submitted from host: <128.101.221.181:9618?addrs=128.101.221.181-9618&noUDP&sock=2582719_fdba_3>
...
001 (7677.000.000) 02/22 08:57:54 Job executing on host: <128.101.221.175:9618?addrs=128.101.221.175-9618&noUDP&sock=217663_4ac3_4>
...
006 (7677.000.000) 02/22 08:58:03 Image size of job updated: 333512
	250  -  MemoryUsage of job (MB)
	255556  -  ResidentSetSize of job (KB)
...
005 (7677.000.000) 02/22 08:59:31 Job terminated.
	(1) Normal termination (return value 0)
		Usr 0 00:00:57, Sys 0 00:00:21  -  Run Remote Usage
		Usr 0 00:00:00, Sys 0 00:00:00  -  Run Local Usage
		Usr 0 00:00:57, Sys 0 00:00:21  -  Total Remote Usage
		Usr 0 00:00:00, Sys 0 00:00:00  -  Total Local Usage
	39307  -  Run Bytes Sent By Job
	525  -  Run Bytes Received By Job
	39307  -  Total Bytes Sent By Job
	525  -  Total Bytes Received By Job
	Partitionable Resources :    Usage  Request Allocated
	   Cpus                 :                 1         1
	   Disk (KB)            :       51  1024000   1932340
	   Memory (MB)          :      250     2000      2000
...
