000 (7662.000.000) 02/22 08:57:25 Job submitted from host: <128.101.221.181:9618?addrs=128.101.221.181-9618&noUDP&sock=2582719_fdba_3>
...
001 (7662.000.000) 02/22 08:57:45 Job executing on host: <128.101.220.112:9618?addrs=128.101.220.112-9618&noUDP&sock=2301225_8552_4>
...
006 (7662.000.000) 02/22 08:57:55 Image size of job updated: 115244
	64  -  MemoryUsage of job (MB)
	65064  -  ResidentSetSize of job (KB)
...
006 (7662.000.000) 02/22 09:02:15 Image size of job updated: 423772
	64  -  MemoryUsage of job (MB)
	65064  -  ResidentSetSize of job (KB)
...
005 (7662.000.000) 02/22 09:02:17 Job terminated.
	(1) Normal termination (return value 0)
		Usr 0 00:02:17, Sys 0 00:00:57  -  Run Remote Usage
		Usr 0 00:00:00, Sys 0 00:00:00  -  Run Local Usage
		Usr 0 00:02:17, Sys 0 00:00:57  -  Total Remote Usage
		Usr 0 00:00:00, Sys 0 00:00:00  -  Total Local Usage
	70197  -  Run Bytes Sent By Job
	525  -  Run Bytes Received By Job
	70197  -  Total Bytes Sent By Job
	525  -  Total Bytes Received By Job
	Partitionable Resources :    Usage  Request Allocated
	   Cpus                 :                 1         1
	   Disk (KB)            :       81  1024000   1034234
	   Memory (MB)          :       64     2000      2000
...
