000 (7696.000.000) 02/22 08:57:47 Job submitted from host: <128.101.221.181:9618?addrs=128.101.221.181-9618&noUDP&sock=2582719_fdba_3>
...
001 (7696.000.000) 02/22 08:58:03 Job executing on host: <128.101.220.74:9618?addrs=128.101.220.74-9618&noUDP&sock=279762_0a76_4>
...
006 (7696.000.000) 02/22 08:58:11 Image size of job updated: 284156
	199  -  MemoryUsage of job (MB)
	203252  -  ResidentSetSize of job (KB)
...
005 (7696.000.000) 02/22 09:00:50 Job terminated.
	(1) Normal termination (return value 0)
		Usr 0 00:01:31, Sys 0 00:00:38  -  Run Remote Usage
		Usr 0 00:00:00, Sys 0 00:00:00  -  Run Local Usage
		Usr 0 00:01:31, Sys 0 00:00:38  -  Total Remote Usage
		Usr 0 00:00:00, Sys 0 00:00:00  -  Total Local Usage
	58523  -  Run Bytes Sent By Job
	525  -  Run Bytes Received By Job
	58523  -  Total Bytes Sent By Job
	525  -  Total Bytes Received By Job
	Partitionable Resources :    Usage  Request Allocated
	   Cpus                 :                 1         1
	   Disk (KB)            :       70  1024000   1030829
	   Memory (MB)          :      199     2000      2000
...
