000 (7657.000.000) 02/22 08:57:23 Job submitted from host: <128.101.221.181:9618?addrs=128.101.221.181-9618&noUDP&sock=2582719_fdba_3>
...
001 (7657.000.000) 02/22 08:57:43 Job executing on host: <128.101.220.89:9618?addrs=128.101.220.89-9618&noUDP&sock=367686_9777_4>
...
006 (7657.000.000) 02/22 08:57:52 Image size of job updated: 127876
	76  -  MemoryUsage of job (MB)
	77328  -  ResidentSetSize of job (KB)
...
005 (7657.000.000) 02/22 09:00:04 Job terminated.
	(1) Normal termination (return value 0)
		Usr 0 00:01:13, Sys 0 00:00:31  -  Run Remote Usage
		Usr 0 00:00:00, Sys 0 00:00:00  -  Run Local Usage
		Usr 0 00:01:13, Sys 0 00:00:31  -  Total Remote Usage
		Usr 0 00:00:00, Sys 0 00:00:00  -  Total Local Usage
	49259  -  Run Bytes Sent By Job
	525  -  Run Bytes Received By Job
	49259  -  Total Bytes Sent By Job
	525  -  Total Bytes Received By Job
	Partitionable Resources :    Usage  Request Allocated
	   Cpus                 :                 1         1
	   Disk (KB)            :       61  1024000   1031136
	   Memory (MB)          :       76     2000      2000
...
