000 (7705.000.000) 02/22 08:57:53 Job submitted from host: <128.101.221.181:9618?addrs=128.101.221.181-9618&noUDP&sock=2582719_fdba_3>
...
001 (7705.000.000) 02/22 08:58:15 Job executing on host: <128.101.221.180:9618?addrs=128.101.221.180-9618&noUDP&sock=3943_2604_4>
...
006 (7705.000.000) 02/22 08:58:25 Image size of job updated: 273688
	192  -  MemoryUsage of job (MB)
	196408  -  ResidentSetSize of job (KB)
...
006 (7705.000.000) 02/22 09:01:52 Image size of job updated: 418332
	192  -  MemoryUsage of job (MB)
	196408  -  ResidentSetSize of job (KB)
...
005 (7705.000.000) 02/22 09:01:53 Job terminated.
	(1) Normal termination (return value 0)
		Usr 0 00:01:59, Sys 0 00:00:46  -  Run Remote Usage
		Usr 0 00:00:00, Sys 0 00:00:00  -  Run Local Usage
		Usr 0 00:01:59, Sys 0 00:00:46  -  Total Remote Usage
		Usr 0 00:00:00, Sys 0 00:00:00  -  Total Local Usage
	67081  -  Run Bytes Sent By Job
	525  -  Run Bytes Received By Job
	67081  -  Total Bytes Sent By Job
	525  -  Total Bytes Received By Job
	Partitionable Resources :    Usage  Request Allocated
	   Cpus                 :                 1         1
	   Disk (KB)            :       78  1024000   1028900
	   Memory (MB)          :      192     2000      2000
...
