000 (7689.000.000) 02/22 08:57:42 Job submitted from host: <128.101.221.181:9618?addrs=128.101.221.181-9618&noUDP&sock=2582719_fdba_3>
...
001 (7689.000.000) 02/22 08:57:58 Job executing on host: <128.101.221.185:9618?addrs=128.101.221.185-9618&noUDP&sock=4153619_bab1_4>
...
006 (7689.000.000) 02/22 08:58:07 Image size of job updated: 319696
	232  -  MemoryUsage of job (MB)
	236604  -  ResidentSetSize of job (KB)
...
006 (7689.000.000) 02/22 09:01:28 Image size of job updated: 409940
	232  -  MemoryUsage of job (MB)
	236604  -  ResidentSetSize of job (KB)
...
005 (7689.000.000) 02/22 09:01:30 Job terminated.
	(1) Normal termination (return value 0)
		Usr 0 00:02:00, Sys 0 00:00:48  -  Run Remote Usage
		Usr 0 00:00:00, Sys 0 00:00:00  -  Run Local Usage
		Usr 0 00:02:00, Sys 0 00:00:48  -  Total Remote Usage
		Usr 0 00:00:00, Sys 0 00:00:00  -  Total Local Usage
	60025  -  Run Bytes Sent By Job
	525  -  Run Bytes Received By Job
	60025  -  Total Bytes Sent By Job
	525  -  Total Bytes Received By Job
	Partitionable Resources :    Usage  Request Allocated
	   Cpus                 :                 1         1
	   Disk (KB)            :       71  1024000   1028879
	   Memory (MB)          :      232     2000      2000
...
