000 (7692.000.000) 02/22 08:57:45 Job submitted from host: <128.101.221.181:9618?addrs=128.101.221.181-9618&noUDP&sock=2582719_fdba_3>
...
001 (7692.000.000) 02/22 08:58:00 Job executing on host: <128.101.220.54:9618?addrs=128.101.220.54-9618&noUDP&sock=259437_c80b_4>
...
006 (7692.000.000) 02/22 08:58:09 Image size of job updated: 320544
	230  -  MemoryUsage of job (MB)
	235020  -  ResidentSetSize of job (KB)
...
005 (7692.000.000) 02/22 09:00:03 Job terminated.
	(1) Normal termination (return value 0)
		Usr 0 00:01:07, Sys 0 00:00:27  -  Run Remote Usage
		Usr 0 00:00:00, Sys 0 00:00:00  -  Run Local Usage
		Usr 0 00:01:07, Sys 0 00:00:27  -  Total Remote Usage
		Usr 0 00:00:00, Sys 0 00:00:00  -  Total Local Usage
	50337  -  Run Bytes Sent By Job
	525  -  Run Bytes Received By Job
	50337  -  Total Bytes Sent By Job
	525  -  Total Bytes Received By Job
	Partitionable Resources :    Usage  Request Allocated
	   Cpus                 :                 1         1
	   Disk (KB)            :       62  1024000   1030983
	   Memory (MB)          :      230     2000      2000
...
