000 (7672.000.000) 02/22 08:57:30 Job submitted from host: <128.101.221.181:9618?addrs=128.101.221.181-9618&noUDP&sock=2582719_fdba_3>
...
001 (7672.000.000) 02/22 08:57:49 Job executing on host: <128.101.221.182:9618?addrs=128.101.221.182-9618&noUDP&sock=3902_06a2_4>
...
006 (7672.000.000) 02/22 08:57:58 Image size of job updated: 312756
	246  -  MemoryUsage of job (MB)
	251528  -  ResidentSetSize of job (KB)
...
005 (7672.000.000) 02/22 08:59:27 Job terminated.
	(1) Normal termination (return value 0)
		Usr 0 00:00:57, Sys 0 00:00:21  -  Run Remote Usage
		Usr 0 00:00:00, Sys 0 00:00:00  -  Run Local Usage
		Usr 0 00:00:57, Sys 0 00:00:21  -  Total Remote Usage
		Usr 0 00:00:00, Sys 0 00:00:00  -  Total Local Usage
	40408  -  Run Bytes Sent By Job
	525  -  Run Bytes Received By Job
	40408  -  Total Bytes Sent By Job
	525  -  Total Bytes Received By Job
	Partitionable Resources :    Usage  Request Allocated
	   Cpus                 :                 1         1
	   Disk (KB)            :       52  1024000   1025161
	   Memory (MB)          :      246     2000      2000
...
