000 (7653.000.000) 02/22 08:57:21 Job submitted from host: <128.101.221.181:9618?addrs=128.101.221.181-9618&noUDP&sock=2582719_fdba_3>
...
001 (7653.000.000) 02/22 08:57:42 Job executing on host: <128.101.220.50:9618?addrs=128.101.220.50-9618&noUDP&sock=258564_f9de_4>
...
006 (7653.000.000) 02/22 08:57:50 Image size of job updated: 112328
	62  -  MemoryUsage of job (MB)
	62520  -  ResidentSetSize of job (KB)
...
005 (7653.000.000) 02/22 09:00:09 Job terminated.
	(1) Normal termination (return value 0)
		Usr 0 00:01:15, Sys 0 00:00:32  -  Run Remote Usage
		Usr 0 00:00:00, Sys 0 00:00:00  -  Run Local Usage
		Usr 0 00:01:15, Sys 0 00:00:32  -  Total Remote Usage
		Usr 0 00:00:00, Sys 0 00:00:00  -  Total Local Usage
	62965  -  Run Bytes Sent By Job
	525  -  Run Bytes Received By Job
	62965  -  Total Bytes Sent By Job
	525  -  Total Bytes Received By Job
	Partitionable Resources :    Usage  Request Allocated
	   Cpus                 :                 1         1
	   Disk (KB)            :       74  1024000   1031073
	   Memory (MB)          :       62     2000      2000
...
