000 (7669.000.000) 02/22 08:57:29 Job submitted from host: <128.101.221.181:9618?addrs=128.101.221.181-9618&noUDP&sock=2582719_fdba_3>
...
001 (7669.000.000) 02/22 08:57:47 Job executing on host: <128.101.221.181:9618?addrs=128.101.221.181-9618&noUDP&sock=2582719_fdba_4>
...
006 (7669.000.000) 02/22 08:57:56 Image size of job updated: 350872
	255  -  MemoryUsage of job (MB)
	260972  -  ResidentSetSize of job (KB)
...
006 (7669.000.000) 02/22 09:01:51 Image size of job updated: 719732
	255  -  MemoryUsage of job (MB)
	260972  -  ResidentSetSize of job (KB)
...
005 (7669.000.000) 02/22 09:01:52 Job terminated.
	(1) Normal termination (return value 0)
		Usr 0 00:02:12, Sys 0 00:00:59  -  Run Remote Usage
		Usr 0 00:00:00, Sys 0 00:00:00  -  Run Local Usage
		Usr 0 00:02:12, Sys 0 00:00:59  -  Total Remote Usage
		Usr 0 00:00:00, Sys 0 00:00:00  -  Total Local Usage
	96202  -  Run Bytes Sent By Job
	525  -  Run Bytes Received By Job
	96202  -  Total Bytes Sent By Job
	525  -  Total Bytes Received By Job
	Partitionable Resources :    Usage  Request Allocated
	   Cpus                 :                 1         1
	   Disk (KB)            :      107  1024000   1028407
	   Memory (MB)          :      255     2000      2000
...
