000 (7190.000.000) 02/17 04:51:46 Job submitted from host: <128.101.221.181:9618?addrs=128.101.221.181-9618&noUDP&sock=2582719_fdba_3>
...
001 (7190.000.000) 02/17 04:51:58 Job executing on host: <128.101.221.192:9618?addrs=128.101.221.192-9618&noUDP&sock=3175794_1c7b_4>
...
006 (7190.000.000) 02/17 04:52:07 Image size of job updated: 238584
	202  -  MemoryUsage of job (MB)
	205872  -  ResidentSetSize of job (KB)
...
005 (7190.000.000) 02/17 04:56:26 Job terminated.
	(1) Normal termination (return value 0)
		Usr 0 00:02:05, Sys 0 00:01:11  -  Run Remote Usage
		Usr 0 00:00:00, Sys 0 00:00:00  -  Run Local Usage
		Usr 0 00:02:05, Sys 0 00:01:11  -  Total Remote Usage
		Usr 0 00:00:00, Sys 0 00:00:00  -  Total Local Usage
	36291  -  Run Bytes Sent By Job
	505  -  Run Bytes Received By Job
	36291  -  Total Bytes Sent By Job
	505  -  Total Bytes Received By Job
	Partitionable Resources :    Usage  Request Allocated
	   Cpus                 :                 1         1
	   Disk (KB)            :       48  1024000   1030988
	   Memory (MB)          :      202     2000      2000
...
