000 (7182.000.000) 02/17 04:51:41 Job submitted from host: <128.101.221.181:9618?addrs=128.101.221.181-9618&noUDP&sock=2582719_fdba_3>
...
001 (7182.000.000) 02/17 04:51:53 Job executing on host: <128.101.221.170:9618?addrs=128.101.221.170-9618&noUDP&sock=4150_221f_4>
...
006 (7182.000.000) 02/17 04:52:01 Image size of job updated: 79908
	75  -  MemoryUsage of job (MB)
	75888  -  ResidentSetSize of job (KB)
...
006 (7182.000.000) 02/17 04:57:01 Image size of job updated: 324608
	315  -  MemoryUsage of job (MB)
	322560  -  ResidentSetSize of job (KB)
...
005 (7182.000.000) 02/17 04:57:14 Job terminated.
	(1) Normal termination (return value 0)
		Usr 0 00:02:15, Sys 0 00:01:42  -  Run Remote Usage
		Usr 0 00:00:00, Sys 0 00:00:00  -  Run Local Usage
		Usr 0 00:02:15, Sys 0 00:01:42  -  Total Remote Usage
		Usr 0 00:00:00, Sys 0 00:00:00  -  Total Local Usage
	37779  -  Run Bytes Sent By Job
	505  -  Run Bytes Received By Job
	37779  -  Total Bytes Sent By Job
	505  -  Total Bytes Received By Job
	Partitionable Resources :    Usage  Request Allocated
	   Cpus                 :                 1         1
	   Disk (KB)            :       56  1024000   2040476
	   Memory (MB)          :      315     2000      2000
...
