000 (7179.000.000) 02/17 04:51:38 Job submitted from host: <128.101.221.181:9618?addrs=128.101.221.181-9618&noUDP&sock=2582719_fdba_3>
...
001 (7179.000.000) 02/17 04:51:54 Job executing on host: <128.101.221.182:9618?addrs=128.101.221.182-9618&noUDP&sock=3902_06a2_4>
...
006 (7179.000.000) 02/17 04:52:03 Image size of job updated: 113508
	110  -  MemoryUsage of job (MB)
	112468  -  ResidentSetSize of job (KB)
...
005 (7179.000.000) 02/17 04:53:57 Job terminated.
	(1) Normal termination (return value 0)
		Usr 0 00:00:55, Sys 0 00:00:27  -  Run Remote Usage
		Usr 0 00:00:00, Sys 0 00:00:00  -  Run Local Usage
		Usr 0 00:00:55, Sys 0 00:00:27  -  Total Remote Usage
		Usr 0 00:00:00, Sys 0 00:00:00  -  Total Local Usage
	47089  -  Run Bytes Sent By Job
	505  -  Run Bytes Received By Job
	47089  -  Total Bytes Sent By Job
	505  -  Total Bytes Received By Job
	Partitionable Resources :    Usage  Request Allocated
	   Cpus                 :                 1         1
	   Disk (KB)            :       59  1024000   1024873
	   Memory (MB)          :      110     2000      2000
...
