000 (7199.000.000) 02/17 04:51:53 Job submitted from host: <128.101.221.181:9618?addrs=128.101.221.181-9618&noUDP&sock=2582719_fdba_3>
...
001 (7199.000.000) 02/17 04:52:12 Job executing on host: <128.101.221.192:9618?addrs=128.101.221.192-9618&noUDP&sock=3175794_1c7b_4>
...
006 (7199.000.000) 02/17 04:52:21 Image size of job updated: 244228
	232  -  MemoryUsage of job (MB)
	237568  -  ResidentSetSize of job (KB)
...
006 (7199.000.000) 02/17 04:56:02 Image size of job updated: 717652
	232  -  MemoryUsage of job (MB)
	237568  -  ResidentSetSize of job (KB)
...
005 (7199.000.000) 02/17 04:56:03 Job terminated.
	(1) Normal termination (return value 0)
		Usr 0 00:01:51, Sys 0 00:01:06  -  Run Remote Usage
		Usr 0 00:00:00, Sys 0 00:00:00  -  Run Local Usage
		Usr 0 00:01:51, Sys 0 00:01:06  -  Total Remote Usage
		Usr 0 00:00:00, Sys 0 00:00:00  -  Total Local Usage
	37107  -  Run Bytes Sent By Job
	505  -  Run Bytes Received By Job
	37107  -  Total Bytes Sent By Job
	505  -  Total Bytes Received By Job
	Partitionable Resources :    Usage  Request Allocated
	   Cpus                 :                 1         1
	   Disk (KB)            :       49  1024000   1030988
	   Memory (MB)          :      232     2000      2000
...
