000 (7183.000.000) 02/17 04:51:41 Job submitted from host: <128.101.221.181:9618?addrs=128.101.221.181-9618&noUDP&sock=2582719_fdba_3>
...
001 (7183.000.000) 02/17 04:51:54 Job executing on host: <128.101.221.170:9618?addrs=128.101.221.170-9618&noUDP&sock=4150_221f_4>
...
006 (7183.000.000) 02/17 04:52:03 Image size of job updated: 153584
	146  -  MemoryUsage of job (MB)
	149464  -  ResidentSetSize of job (KB)
...
006 (7183.000.000) 02/17 04:56:34 Image size of job updated: 722600
	147  -  MemoryUsage of job (MB)
	149708  -  ResidentSetSize of job (KB)
...
005 (7183.000.000) 02/17 04:56:34 Job terminated.
	(1) Normal termination (return value 0)
		Usr 0 00:01:57, Sys 0 00:01:29  -  Run Remote Usage
		Usr 0 00:00:00, Sys 0 00:00:00  -  Run Local Usage
		Usr 0 00:01:57, Sys 0 00:01:29  -  Total Remote Usage
		Usr 0 00:00:00, Sys 0 00:00:00  -  Total Local Usage
	39103  -  Run Bytes Sent By Job
	505  -  Run Bytes Received By Job
	39103  -  Total Bytes Sent By Job
	505  -  Total Bytes Received By Job
	Partitionable Resources :    Usage  Request Allocated
	   Cpus                 :                 1         1
	   Disk (KB)            :       58  1024000   2040476
	   Memory (MB)          :      147     2000      2000
...
