000 (7189.000.000) 02/17 04:51:46 Job submitted from host: <128.101.221.181:9618?addrs=128.101.221.181-9618&noUDP&sock=2582719_fdba_3>
...
001 (7189.000.000) 02/17 04:51:57 Job executing on host: <128.101.221.193:9618?addrs=128.101.221.193-9618&noUDP&sock=2332108_b0a7_4>
...
006 (7189.000.000) 02/17 04:52:05 Image size of job updated: 188104
	174  -  MemoryUsage of job (MB)
	177332  -  ResidentSetSize of job (KB)
...
005 (7189.000.000) 02/17 04:56:04 Job terminated.
	(1) Normal termination (return value 0)
		Usr 0 00:01:24, Sys 0 00:01:24  -  Run Remote Usage
		Usr 0 00:00:00, Sys 0 00:00:00  -  Run Local Usage
		Usr 0 00:01:24, Sys 0 00:01:24  -  Total Remote Usage
		Usr 0 00:00:00, Sys 0 00:00:00  -  Total Local Usage
	46460  -  Run Bytes Sent By Job
	505  -  Run Bytes Received By Job
	46460  -  Total Bytes Sent By Job
	505  -  Total Bytes Received By Job
	Partitionable Resources :    Usage  Request Allocated
	   Cpus                 :                 1         1
	   Disk (KB)            :       58  1024000   1030474
	   Memory (MB)          :      174     2000      2000
...
