000 (7188.000.000) 02/17 04:51:45 Job submitted from host: <128.101.221.181:9618?addrs=128.101.221.181-9618&noUDP&sock=2582719_fdba_3>
...
001 (7188.000.000) 02/17 04:51:57 Job executing on host: <128.101.221.182:9618?addrs=128.101.221.182-9618&noUDP&sock=3902_06a2_4>
...
006 (7188.000.000) 02/17 04:52:05 Image size of job updated: 177048
	168  -  MemoryUsage of job (MB)
	171424  -  ResidentSetSize of job (KB)
...
006 (7188.000.000) 02/17 04:56:35 Image size of job updated: 719296
	168  -  MemoryUsage of job (MB)
	171424  -  ResidentSetSize of job (KB)
...
005 (7188.000.000) 02/17 04:56:36 Job terminated.
	(1) Normal termination (return value 0)
		Usr 0 00:02:08, Sys 0 00:01:13  -  Run Remote Usage
		Usr 0 00:00:00, Sys 0 00:00:00  -  Run Local Usage
		Usr 0 00:02:08, Sys 0 00:01:13  -  Total Remote Usage
		Usr 0 00:00:00, Sys 0 00:00:00  -  Total Local Usage
	73659  -  Run Bytes Sent By Job
	505  -  Run Bytes Received By Job
	73659  -  Total Bytes Sent By Job
	505  -  Total Bytes Received By Job
	Partitionable Resources :    Usage  Request Allocated
	   Cpus                 :                 1         1
	   Disk (KB)            :       84  1024000   1024873
	   Memory (MB)          :      168     2000      2000
...
