000 (7180.000.000) 02/17 04:51:39 Job submitted from host: <128.101.221.181:9618?addrs=128.101.221.181-9618&noUDP&sock=2582719_fdba_3>
...
001 (7180.000.000) 02/17 04:51:54 Job executing on host: <128.101.221.192:9618?addrs=128.101.221.192-9618&noUDP&sock=3175794_1c7b_4>
...
006 (7180.000.000) 02/17 04:52:03 Image size of job updated: 98764
	95  -  MemoryUsage of job (MB)
	96492  -  ResidentSetSize of job (KB)
...
006 (7180.000.000) 02/17 04:56:38 Image size of job updated: 717408
	95  -  MemoryUsage of job (MB)
	96492  -  ResidentSetSize of job (KB)
...
005 (7180.000.000) 02/17 04:56:39 Job terminated.
	(1) Normal termination (return value 0)
		Usr 0 00:02:08, Sys 0 00:01:15  -  Run Remote Usage
		Usr 0 00:00:00, Sys 0 00:00:00  -  Run Local Usage
		Usr 0 00:02:08, Sys 0 00:01:15  -  Total Remote Usage
		Usr 0 00:00:00, Sys 0 00:00:00  -  Total Local Usage
	53144  -  Run Bytes Sent By Job
	505  -  Run Bytes Received By Job
	53144  -  Total Bytes Sent By Job
	505  -  Total Bytes Received By Job
	Partitionable Resources :    Usage  Request Allocated
	   Cpus                 :                 1         1
	   Disk (KB)            :       64  1024000   1030988
	   Memory (MB)          :       95     2000      2000
...
