000 (7186.000.000) 02/17 04:51:43 Job submitted from host: <128.101.221.181:9618?addrs=128.101.221.181-9618&noUDP&sock=2582719_fdba_3>
...
001 (7186.000.000) 02/17 04:51:57 Job executing on host: <128.101.221.193:9618?addrs=128.101.221.193-9618&noUDP&sock=2332108_b0a7_4>
...
006 (7186.000.000) 02/17 04:52:05 Image size of job updated: 186160
	170  -  MemoryUsage of job (MB)
	173412  -  ResidentSetSize of job (KB)
...
005 (7186.000.000) 02/17 04:55:11 Job terminated.
	(1) Normal termination (return value 0)
		Usr 0 00:01:05, Sys 0 00:01:06  -  Run Remote Usage
		Usr 0 00:00:00, Sys 0 00:00:00  -  Run Local Usage
		Usr 0 00:01:05, Sys 0 00:01:06  -  Total Remote Usage
		Usr 0 00:00:00, Sys 0 00:00:00  -  Total Local Usage
	36531  -  Run Bytes Sent By Job
	505  -  Run Bytes Received By Job
	36531  -  Total Bytes Sent By Job
	505  -  Total Bytes Received By Job
	Partitionable Resources :    Usage  Request Allocated
	   Cpus                 :                 1         1
	   Disk (KB)            :       48  1024000   1030474
	   Memory (MB)          :      170     2000      2000
...
