000 (7360.000.000) 02/17 07:40:14 Job submitted from host: <128.101.221.181:9618?addrs=128.101.221.181-9618&noUDP&sock=2582719_fdba_3>
...
001 (7360.000.000) 02/17 07:40:29 Job executing on host: <128.101.221.192:9618?addrs=128.101.221.192-9618&noUDP&sock=3175794_1c7b_4>
...
006 (7360.000.000) 02/17 07:40:38 Image size of job updated: 77584
	74  -  MemoryUsage of job (MB)
	74828  -  ResidentSetSize of job (KB)
...
006 (7360.000.000) 02/17 07:44:45 Image size of job updated: 717348
	74  -  MemoryUsage of job (MB)
	74828  -  ResidentSetSize of job (KB)
...
005 (7360.000.000) 02/17 07:44:47 Job terminated.
	(1) Normal termination (return value 0)
		Usr 0 00:02:11, Sys 0 00:01:22  -  Run Remote Usage
		Usr 0 00:00:00, Sys 0 00:00:00  -  Run Local Usage
		Usr 0 00:02:11, Sys 0 00:01:22  -  Total Remote Usage
		Usr 0 00:00:00, Sys 0 00:00:00  -  Total Local Usage
	52308  -  Run Bytes Sent By Job
	505  -  Run Bytes Received By Job
	52308  -  Total Bytes Sent By Job
	505  -  Total Bytes Received By Job
	Partitionable Resources :    Usage  Request Allocated
	   Cpus                 :                 1         1
	   Disk (KB)            :       64  1024000   1030887
	   Memory (MB)          :       74     2000      2000
...
