000 (7366.000.000) 02/17 07:40:18 Job submitted from host: <128.101.221.181:9618?addrs=128.101.221.181-9618&noUDP&sock=2582719_fdba_3>
...
001 (7366.000.000) 02/17 07:40:33 Job executing on host: <128.101.221.182:9618?addrs=128.101.221.182-9618&noUDP&sock=3902_06a2_4>
...
006 (7366.000.000) 02/17 07:40:42 Image size of job updated: 210016
	205  -  MemoryUsage of job (MB)
	209464  -  ResidentSetSize of job (KB)
...
006 (7366.000.000) 02/17 07:43:31 Image size of job updated: 717296
	205  -  MemoryUsage of job (MB)
	209464  -  ResidentSetSize of job (KB)
...
005 (7366.000.000) 02/17 07:43:32 Job terminated.
	(1) Normal termination (return value 0)
		Usr 0 00:01:35, Sys 0 00:00:54  -  Run Remote Usage
		Usr 0 00:00:00, Sys 0 00:00:00  -  Run Local Usage
		Usr 0 00:01:35, Sys 0 00:00:54  -  Total Remote Usage
		Usr 0 00:00:00, Sys 0 00:00:00  -  Total Local Usage
	49528  -  Run Bytes Sent By Job
	505  -  Run Bytes Received By Job
	49528  -  Total Bytes Sent By Job
	505  -  Total Bytes Received By Job
	Partitionable Resources :    Usage  Request Allocated
	   Cpus                 :                 1         1
	   Disk (KB)            :       61  1024000   1024788
	   Memory (MB)          :      205     2000      2000
...
