000 (7357.000.000) 02/17 07:40:13 Job submitted from host: <128.101.221.181:9618?addrs=128.101.221.181-9618&noUDP&sock=2582719_fdba_3>
...
001 (7357.000.000) 02/17 07:40:28 Job executing on host: <128.101.221.193:9618?addrs=128.101.221.193-9618&noUDP&sock=2332108_b0a7_4>
...
006 (7357.000.000) 02/17 07:40:36 Image size of job updated: 55240
	53  -  MemoryUsage of job (MB)
	53780  -  ResidentSetSize of job (KB)
...
005 (7357.000.000) 02/17 07:42:26 Job terminated.
	(1) Normal termination (return value 0)
		Usr 0 00:00:48, Sys 0 00:00:40  -  Run Remote Usage
		Usr 0 00:00:00, Sys 0 00:00:00  -  Run Local Usage
		Usr 0 00:00:48, Sys 0 00:00:40  -  Total Remote Usage
		Usr 0 00:00:00, Sys 0 00:00:00  -  Total Local Usage
	37579  -  Run Bytes Sent By Job
	505  -  Run Bytes Received By Job
	37579  -  Total Bytes Sent By Job
	505  -  Total Bytes Received By Job
	Partitionable Resources :    Usage  Request Allocated
	   Cpus                 :                 1         1
	   Disk (KB)            :       49  1024000   1030384
	   Memory (MB)          :       53     2000      2000
...
