000 (7374.000.000) 02/17 07:40:22 Job submitted from host: <128.101.221.181:9618?addrs=128.101.221.181-9618&noUDP&sock=2582719_fdba_3>
...
001 (7374.000.000) 02/17 07:40:35 Job executing on host: <128.101.221.193:9618?addrs=128.101.221.193-9618&noUDP&sock=2332108_b0a7_4>
...
006 (7374.000.000) 02/17 07:40:44 Image size of job updated: 276820
	249  -  MemoryUsage of job (MB)
	254188  -  ResidentSetSize of job (KB)
...
006 (7374.000.000) 02/17 07:44:11 Image size of job updated: 717884
	249  -  MemoryUsage of job (MB)
	254188  -  ResidentSetSize of job (KB)
...
005 (7374.000.000) 02/17 07:44:12 Job terminated.
	(1) Normal termination (return value 0)
		Usr 0 00:01:26, Sys 0 00:01:31  -  Run Remote Usage
		Usr 0 00:00:00, Sys 0 00:00:00  -  Run Local Usage
		Usr 0 00:01:26, Sys 0 00:01:31  -  Total Remote Usage
		Usr 0 00:00:00, Sys 0 00:00:00  -  Total Local Usage
	53241  -  Run Bytes Sent By Job
	505  -  Run Bytes Received By Job
	53241  -  Total Bytes Sent By Job
	505  -  Total Bytes Received By Job
	Partitionable Resources :    Usage  Request Allocated
	   Cpus                 :                 1         1
	   Disk (KB)            :       65  1024000   1030384
	   Memory (MB)          :      249     2000      2000
...
