000 (7715.000.000) 03/08 02:18:40 Job submitted from host: <128.101.221.180:9618?addrs=128.101.221.180-9618&noUDP&sock=3943_2604_3>
...
001 (7715.000.000) 03/08 02:18:59 Job executing on host: <128.101.221.182:9618?addrs=128.101.221.182-9618&noUDP&sock=3902_06a2_4>
...
006 (7715.000.000) 03/08 02:19:07 Image size of job updated: 228708
	220  -  MemoryUsage of job (MB)
	224520  -  ResidentSetSize of job (KB)
...
006 (7715.000.000) 03/08 02:24:07 Image size of job updated: 335444
	324  -  MemoryUsage of job (MB)
	330820  -  ResidentSetSize of job (KB)
...
006 (7715.000.000) 03/08 02:26:14 Image size of job updated: 730396
	324  -  MemoryUsage of job (MB)
	330820  -  ResidentSetSize of job (KB)
...
005 (7715.000.000) 03/08 02:26:15 Job terminated.
	(1) Normal termination (return value 0)
		Usr 0 00:04:20, Sys 0 00:01:55  -  Run Remote Usage
		Usr 0 00:00:00, Sys 0 00:00:00  -  Run Local Usage
		Usr 0 00:04:20, Sys 0 00:01:55  -  Total Remote Usage
		Usr 0 00:00:00, Sys 0 00:00:00  -  Total Local Usage
	92281  -  Run Bytes Sent By Job
	517  -  Run Bytes Received By Job
	92281  -  Total Bytes Sent By Job
	517  -  Total Bytes Received By Job
	Partitionable Resources :    Usage  Request Allocated
	   Cpus                 :                 1         1
	   Disk (KB)            :      103  1024000   2046436
	   Memory (MB)          :      324     2000      2000
...
