000 (7717.000.000) 03/08 02:18:41 Job submitted from host: <128.101.221.180:9618?addrs=128.101.221.180-9618&noUDP&sock=3943_2604_3>
...
001 (7717.000.000) 03/08 02:19:00 Job executing on host: <128.101.221.182:9618?addrs=128.101.221.182-9618&noUDP&sock=3902_06a2_4>
...
006 (7717.000.000) 03/08 02:19:08 Image size of job updated: 250224
	224  -  MemoryUsage of job (MB)
	228696  -  ResidentSetSize of job (KB)
...
006 (7717.000.000) 03/08 02:24:08 Image size of job updated: 354028
	325  -  MemoryUsage of job (MB)
	332312  -  ResidentSetSize of job (KB)
...
005 (7717.000.000) 03/08 02:24:18 Job terminated.
	(1) Normal termination (return value 0)
		Usr 0 00:03:12, Sys 0 00:01:28  -  Run Remote Usage
		Usr 0 00:00:00, Sys 0 00:00:00  -  Run Local Usage
		Usr 0 00:03:12, Sys 0 00:01:28  -  Total Remote Usage
		Usr 0 00:00:00, Sys 0 00:00:00  -  Total Local Usage
	88175  -  Run Bytes Sent By Job
	517  -  Run Bytes Received By Job
	88175  -  Total Bytes Sent By Job
	517  -  Total Bytes Received By Job
	Partitionable Resources :    Usage  Request Allocated
	   Cpus                 :                 1         1
	   Disk (KB)            :       99  1024000   2046436
	   Memory (MB)          :      325     2000      2000
...
