000 (7719.000.000) 03/08 02:18:42 Job submitted from host: <128.101.221.180:9618?addrs=128.101.221.180-9618&noUDP&sock=3943_2604_3>
...
001 (7719.000.000) 03/08 02:19:00 Job executing on host: <128.101.221.182:9618?addrs=128.101.221.182-9618&noUDP&sock=3902_06a2_4>
...
006 (7719.000.000) 03/08 02:19:09 Image size of job updated: 287860
	254  -  MemoryUsage of job (MB)
	259088  -  ResidentSetSize of job (KB)
...
005 (7719.000.000) 03/08 02:21:00 Job terminated.
	(1) Normal termination (return value 0)
		Usr 0 00:01:11, Sys 0 00:00:33  -  Run Remote Usage
		Usr 0 00:00:00, Sys 0 00:00:00  -  Run Local Usage
		Usr 0 00:01:11, Sys 0 00:00:33  -  Total Remote Usage
		Usr 0 00:00:00, Sys 0 00:00:00  -  Total Local Usage
	42189  -  Run Bytes Sent By Job
	517  -  Run Bytes Received By Job
	42189  -  Total Bytes Sent By Job
	517  -  Total Bytes Received By Job
	Partitionable Resources :    Usage  Request Allocated
	   Cpus                 :                 1         1
	   Disk (KB)            :       54  1024000   2046436
	   Memory (MB)          :      254     2000      2000
...
