000 (7446.000.000) 02/17 09:57:49 Job submitted from host: <128.101.221.181:9618?addrs=128.101.221.181-9618&noUDP&sock=2582719_fdba_3>
...
001 (7446.000.000) 02/17 09:57:56 Job executing on host: <128.101.221.192:9618?addrs=128.101.221.192-9618&noUDP&sock=3175794_1c7b_4>
...
006 (7446.000.000) 02/17 09:58:05 Image size of job updated: 115296
	87  -  MemoryUsage of job (MB)
	88700  -  ResidentSetSize of job (KB)
...
005 (7446.000.000) 02/17 10:01:46 Job terminated.
	(1) Normal termination (return value 0)
		Usr 0 00:01:53, Sys 0 00:01:13  -  Run Remote Usage
		Usr 0 00:00:00, Sys 0 00:00:00  -  Run Local Usage
		Usr 0 00:01:53, Sys 0 00:01:13  -  Total Remote Usage
		Usr 0 00:00:00, Sys 0 00:00:00  -  Total Local Usage
	36341  -  Run Bytes Sent By Job
	515  -  Run Bytes Received By Job
	36341  -  Total Bytes Sent By Job
	515  -  Total Bytes Received By Job
	Partitionable Resources :    Usage  Request Allocated
	   Cpus                 :                 1         1
	   Disk (KB)            :       48  1024000   1030831
	   Memory (MB)          :       87     2000      2000
...
