000 (7452.000.000) 02/17 09:57:52 Job submitted from host: <128.101.221.181:9618?addrs=128.101.221.181-9618&noUDP&sock=2582719_fdba_3>
...
001 (7452.000.000) 02/17 09:57:56 Job executing on host: <128.101.221.170:9618?addrs=128.101.221.170-9618&noUDP&sock=4150_221f_4>
...
006 (7452.000.000) 02/17 09:58:05 Image size of job updated: 47992
	43  -  MemoryUsage of job (MB)
	43272  -  ResidentSetSize of job (KB)
...
006 (7452.000.000) 02/17 10:02:40 Image size of job updated: 47992
	43  -  MemoryUsage of job (MB)
	43280  -  ResidentSetSize of job (KB)
...
005 (7452.000.000) 02/17 10:02:40 Job terminated.
	(1) Normal termination (return value 0)
		Usr 0 00:02:12, Sys 0 00:01:40  -  Run Remote Usage
		Usr 0 00:00:00, Sys 0 00:00:00  -  Run Local Usage
		Usr 0 00:02:12, Sys 0 00:01:40  -  Total Remote Usage
		Usr 0 00:00:00, Sys 0 00:00:00  -  Total Local Usage
	55924  -  Run Bytes Sent By Job
	515  -  Run Bytes Received By Job
	55924  -  Total Bytes Sent By Job
	515  -  Total Bytes Received By Job
	Partitionable Resources :    Usage  Request Allocated
	   Cpus                 :                 1         1
	   Disk (KB)            :       74  1024000   2040476
	   Memory (MB)          :       43     2000      2000
...
