000 (7458.000.000) 02/17 09:57:56 Job submitted from host: <128.101.221.181:9618?addrs=128.101.221.181-9618&noUDP&sock=2582719_fdba_3>
...
001 (7458.000.000) 02/17 09:58:17 Job executing on host: <128.101.221.182:9618?addrs=128.101.221.182-9618&noUDP&sock=3902_06a2_4>
...
006 (7458.000.000) 02/17 09:58:26 Image size of job updated: 237276
	220  -  MemoryUsage of job (MB)
	224440  -  ResidentSetSize of job (KB)
...
006 (7458.000.000) 02/17 10:02:19 Image size of job updated: 717852
	220  -  MemoryUsage of job (MB)
	224440  -  ResidentSetSize of job (KB)
...
005 (7458.000.000) 02/17 10:02:21 Job terminated.
	(1) Normal termination (return value 0)
		Usr 0 00:02:12, Sys 0 00:01:16  -  Run Remote Usage
		Usr 0 00:00:00, Sys 0 00:00:00  -  Run Local Usage
		Usr 0 00:02:12, Sys 0 00:01:16  -  Total Remote Usage
		Usr 0 00:00:00, Sys 0 00:00:00  -  Total Local Usage
	38825  -  Run Bytes Sent By Job
	515  -  Run Bytes Received By Job
	38825  -  Total Bytes Sent By Job
	515  -  Total Bytes Received By Job
	Partitionable Resources :    Usage  Request Allocated
	   Cpus                 :                 1         1
	   Disk (KB)            :       50  1024000   1024976
	   Memory (MB)          :      220     2000      2000
...
