000 (7466.000.000) 02/17 09:58:00 Job submitted from host: <128.101.221.181:9618?addrs=128.101.221.181-9618&noUDP&sock=2582719_fdba_3>
...
001 (7466.000.000) 02/17 09:58:21 Job executing on host: <128.101.221.193:9618?addrs=128.101.221.193-9618&noUDP&sock=2332108_b0a7_4>
...
006 (7466.000.000) 02/17 09:58:30 Image size of job updated: 193432
	183  -  MemoryUsage of job (MB)
	187308  -  ResidentSetSize of job (KB)
...
006 (7466.000.000) 02/17 10:01:48 Image size of job updated: 718608
	183  -  MemoryUsage of job (MB)
	187308  -  ResidentSetSize of job (KB)
...
005 (7466.000.000) 02/17 10:01:49 Job terminated.
	(1) Normal termination (return value 0)
		Usr 0 00:01:26, Sys 0 00:01:27  -  Run Remote Usage
		Usr 0 00:00:00, Sys 0 00:00:00  -  Run Local Usage
		Usr 0 00:01:26, Sys 0 00:01:27  -  Total Remote Usage
		Usr 0 00:00:00, Sys 0 00:00:00  -  Total Local Usage
	38158  -  Run Bytes Sent By Job
	515  -  Run Bytes Received By Job
	38158  -  Total Bytes Sent By Job
	515  -  Total Bytes Received By Job
	Partitionable Resources :    Usage  Request Allocated
	   Cpus                 :                 1         1
	   Disk (KB)            :       50  1024000   1030326
	   Memory (MB)          :      183     2000      2000
...
