000 (7457.000.000) 02/17 09:57:55 Job submitted from host: <128.101.221.181:9618?addrs=128.101.221.181-9618&noUDP&sock=2582719_fdba_3>
...
001 (7457.000.000) 02/17 09:58:17 Job executing on host: <128.101.221.170:9618?addrs=128.101.221.170-9618&noUDP&sock=4150_221f_4>
...
006 (7457.000.000) 02/17 09:58:26 Image size of job updated: 222388
	210  -  MemoryUsage of job (MB)
	215016  -  ResidentSetSize of job (KB)
...
006 (7457.000.000) 02/17 10:00:36 Image size of job updated: 722540
	211  -  MemoryUsage of job (MB)
	215152  -  ResidentSetSize of job (KB)
...
005 (7457.000.000) 02/17 10:00:36 Job terminated.
	(1) Normal termination (return value 0)
		Usr 0 00:01:10, Sys 0 00:00:51  -  Run Remote Usage
		Usr 0 00:00:00, Sys 0 00:00:00  -  Run Local Usage
		Usr 0 00:01:10, Sys 0 00:00:51  -  Total Remote Usage
		Usr 0 00:00:00, Sys 0 00:00:00  -  Total Local Usage
	37614  -  Run Bytes Sent By Job
	515  -  Run Bytes Received By Job
	37614  -  Total Bytes Sent By Job
	515  -  Total Bytes Received By Job
	Partitionable Resources :    Usage  Request Allocated
	   Cpus                 :                 1         1
	   Disk (KB)            :       56  1024000   2040476
	   Memory (MB)          :      211     2000      2000
...
