000 (7451.000.000) 02/17 09:57:52 Job submitted from host: <128.101.221.181:9618?addrs=128.101.221.181-9618&noUDP&sock=2582719_fdba_3>
...
001 (7451.000.000) 02/17 09:57:58 Job executing on host: <128.101.221.193:9618?addrs=128.101.221.193-9618&noUDP&sock=2332108_b0a7_4>
...
006 (7451.000.000) 02/17 09:58:07 Image size of job updated: 195620
	156  -  MemoryUsage of job (MB)
	159420  -  ResidentSetSize of job (KB)
...
006 (7451.000.000) 02/17 10:01:01 Image size of job updated: 717368
	156  -  MemoryUsage of job (MB)
	159420  -  ResidentSetSize of job (KB)
...
005 (7451.000.000) 02/17 10:01:03 Job terminated.
	(1) Normal termination (return value 0)
		Usr 0 00:01:09, Sys 0 00:01:10  -  Run Remote Usage
		Usr 0 00:00:00, Sys 0 00:00:00  -  Run Local Usage
		Usr 0 00:01:09, Sys 0 00:01:10  -  Total Remote Usage
		Usr 0 00:00:00, Sys 0 00:00:00  -  Total Local Usage
	46556  -  Run Bytes Sent By Job
	515  -  Run Bytes Received By Job
	46556  -  Total Bytes Sent By Job
	515  -  Total Bytes Received By Job
	Partitionable Resources :    Usage  Request Allocated
	   Cpus                 :                 1         1
	   Disk (KB)            :       58  1024000   1030327
	   Memory (MB)          :      156     2000      2000
...
