000 (7450.000.000) 02/17 09:57:51 Job submitted from host: <128.101.221.181:9618?addrs=128.101.221.181-9618&noUDP&sock=2582719_fdba_3>
...
001 (7450.000.000) 02/17 09:57:58 Job executing on host: <128.101.221.192:9618?addrs=128.101.221.192-9618&noUDP&sock=3175794_1c7b_4>
...
006 (7450.000.000) 02/17 09:58:06 Image size of job updated: 142180
	109  -  MemoryUsage of job (MB)
	111544  -  ResidentSetSize of job (KB)
...
006 (7450.000.000) 02/17 10:02:48 Image size of job updated: 322632
	109  -  MemoryUsage of job (MB)
	111544  -  ResidentSetSize of job (KB)
...
005 (7450.000.000) 02/17 10:02:49 Job terminated.
	(1) Normal termination (return value 0)
		Usr 0 00:02:27, Sys 0 00:01:32  -  Run Remote Usage
		Usr 0 00:00:00, Sys 0 00:00:00  -  Run Local Usage
		Usr 0 00:02:27, Sys 0 00:01:32  -  Total Remote Usage
		Usr 0 00:00:00, Sys 0 00:00:00  -  Total Local Usage
	51273  -  Run Bytes Sent By Job
	515  -  Run Bytes Received By Job
	51273  -  Total Bytes Sent By Job
	515  -  Total Bytes Received By Job
	Partitionable Resources :    Usage  Request Allocated
	   Cpus                 :                 1         1
	   Disk (KB)            :       63  1024000   1030829
	   Memory (MB)          :      109     2000      2000
...
