000 (7459.000.000) 02/17 09:57:57 Job submitted from host: <128.101.221.181:9618?addrs=128.101.221.181-9618&noUDP&sock=2582719_fdba_3>
...
001 (7459.000.000) 02/17 09:58:17 Job executing on host: <128.101.221.192:9618?addrs=128.101.221.192-9618&noUDP&sock=3175794_1c7b_4>
...
006 (7459.000.000) 02/17 09:58:26 Image size of job updated: 242972
	224  -  MemoryUsage of job (MB)
	228740  -  ResidentSetSize of job (KB)
...
006 (7459.000.000) 02/17 10:01:47 Image size of job updated: 717280
	224  -  MemoryUsage of job (MB)
	228740  -  ResidentSetSize of job (KB)
...
005 (7459.000.000) 02/17 10:01:48 Job terminated.
	(1) Normal termination (return value 0)
		Usr 0 00:01:50, Sys 0 00:01:09  -  Run Remote Usage
		Usr 0 00:00:00, Sys 0 00:00:00  -  Run Local Usage
		Usr 0 00:01:50, Sys 0 00:01:09  -  Total Remote Usage
		Usr 0 00:00:00, Sys 0 00:00:00  -  Total Local Usage
	42179  -  Run Bytes Sent By Job
	515  -  Run Bytes Received By Job
	42179  -  Total Bytes Sent By Job
	515  -  Total Bytes Received By Job
	Partitionable Resources :    Usage  Request Allocated
	   Cpus                 :                 1         1
	   Disk (KB)            :       54  1024000   1030828
	   Memory (MB)          :      224     2000      2000
...
