000 (7448.000.000) 02/17 09:57:50 Job submitted from host: <128.101.221.181:9618?addrs=128.101.221.181-9618&noUDP&sock=2582719_fdba_3>
...
001 (7448.000.000) 02/17 09:57:56 Job executing on host: <128.101.221.170:9618?addrs=128.101.221.170-9618&noUDP&sock=4150_221f_4>
...
006 (7448.000.000) 02/17 09:58:05 Image size of job updated: 49088
	43  -  MemoryUsage of job (MB)
	43112  -  ResidentSetSize of job (KB)
...
006 (7448.000.000) 02/17 10:01:21 Image size of job updated: 49088
	43  -  MemoryUsage of job (MB)
	43116  -  ResidentSetSize of job (KB)
...
005 (7448.000.000) 02/17 10:01:22 Job terminated.
	(1) Normal termination (return value 0)
		Usr 0 00:01:36, Sys 0 00:01:10  -  Run Remote Usage
		Usr 0 00:00:00, Sys 0 00:00:00  -  Run Local Usage
		Usr 0 00:01:36, Sys 0 00:01:10  -  Total Remote Usage
		Usr 0 00:00:00, Sys 0 00:00:00  -  Total Local Usage
	41207  -  Run Bytes Sent By Job
	515  -  Run Bytes Received By Job
	41207  -  Total Bytes Sent By Job
	515  -  Total Bytes Received By Job
	Partitionable Resources :    Usage  Request Allocated
	   Cpus                 :                 1         1
	   Disk (KB)            :       60  1024000   2040476
	   Memory (MB)          :       43     2000      2000
...
