000 (7447.000.000) 02/17 09:57:50 Job submitted from host: <128.101.221.181:9618?addrs=128.101.221.181-9618&noUDP&sock=2582719_fdba_3>
...
001 (7447.000.000) 02/17 09:57:56 Job executing on host: <128.101.221.193:9618?addrs=128.101.221.193-9618&noUDP&sock=2332108_b0a7_4>
...
006 (7447.000.000) 02/17 09:58:05 Image size of job updated: 120196
	94  -  MemoryUsage of job (MB)
	95368  -  ResidentSetSize of job (KB)
...
005 (7447.000.000) 02/17 10:01:00 Job terminated.
	(1) Normal termination (return value 0)
		Usr 0 00:01:09, Sys 0 00:01:09  -  Run Remote Usage
		Usr 0 00:00:00, Sys 0 00:00:00  -  Run Local Usage
		Usr 0 00:01:09, Sys 0 00:01:09  -  Total Remote Usage
		Usr 0 00:00:00, Sys 0 00:00:00  -  Total Local Usage
	42924  -  Run Bytes Sent By Job
	515  -  Run Bytes Received By Job
	42924  -  Total Bytes Sent By Job
	515  -  Total Bytes Received By Job
	Partitionable Resources :    Usage  Request Allocated
	   Cpus                 :                 1         1
	   Disk (KB)            :       55  1024000   1030330
	   Memory (MB)          :       94     2000      2000
...
