000 (7445.000.000) 02/17 09:57:49 Job submitted from host: <128.101.221.181:9618?addrs=128.101.221.181-9618&noUDP&sock=2582719_fdba_3>
...
001 (7445.000.000) 02/17 09:57:54 Job executing on host: <128.101.221.182:9618?addrs=128.101.221.182-9618&noUDP&sock=3902_06a2_4>
...
006 (7445.000.000) 02/17 09:58:03 Image size of job updated: 73384
	52  -  MemoryUsage of job (MB)
	53188  -  ResidentSetSize of job (KB)
...
005 (7445.000.000) 02/17 10:01:21 Job terminated.
	(1) Normal termination (return value 0)
		Usr 0 00:01:43, Sys 0 00:01:01  -  Run Remote Usage
		Usr 0 00:00:00, Sys 0 00:00:00  -  Run Local Usage
		Usr 0 00:01:43, Sys 0 00:01:01  -  Total Remote Usage
		Usr 0 00:00:00, Sys 0 00:00:00  -  Total Local Usage
	50224  -  Run Bytes Sent By Job
	515  -  Run Bytes Received By Job
	50224  -  Total Bytes Sent By Job
	515  -  Total Bytes Received By Job
	Partitionable Resources :    Usage  Request Allocated
	   Cpus                 :                 1         1
	   Disk (KB)            :       62  1024000   1024978
	   Memory (MB)          :       52     2000      2000
...
