000 (7444.000.000) 02/17 09:57:48 Job submitted from host: <128.101.221.181:9618?addrs=128.101.221.181-9618&noUDP&sock=2582719_fdba_3>
...
001 (7444.000.000) 02/17 09:57:54 Job executing on host: <128.101.221.170:9618?addrs=128.101.221.170-9618&noUDP&sock=4150_221f_4>
...
006 (7444.000.000) 02/17 09:58:03 Image size of job updated: 53084
	30  -  MemoryUsage of job (MB)
	29940  -  ResidentSetSize of job (KB)
...
006 (7444.000.000) 02/17 10:00:33 Image size of job updated: 722132
	30  -  MemoryUsage of job (MB)
	30648  -  ResidentSetSize of job (KB)
...
005 (7444.000.000) 02/17 10:00:34 Job terminated.
	(1) Normal termination (return value 0)
		Usr 0 00:01:12, Sys 0 00:00:51  -  Run Remote Usage
		Usr 0 00:00:00, Sys 0 00:00:00  -  Run Local Usage
		Usr 0 00:01:12, Sys 0 00:00:51  -  Total Remote Usage
		Usr 0 00:00:00, Sys 0 00:00:00  -  Total Local Usage
	49618  -  Run Bytes Sent By Job
	515  -  Run Bytes Received By Job
	49618  -  Total Bytes Sent By Job
	515  -  Total Bytes Received By Job
	Partitionable Resources :    Usage  Request Allocated
	   Cpus                 :                 1         1
	   Disk (KB)            :       68  1024000   2040476
	   Memory (MB)          :       30     2000      2000
...
