000 (7126.000.000) 02/17 04:14:09 Job submitted from host: <128.101.221.181:9618?addrs=128.101.221.181-9618&noUDP&sock=2582719_fdba_3>
...
001 (7126.000.000) 02/17 04:14:31 Job executing on host: <128.101.221.182:9618?addrs=128.101.221.182-9618&noUDP&sock=3902_06a2_4>
...
006 (7126.000.000) 02/17 04:14:39 Image size of job updated: 249760
	175  -  MemoryUsage of job (MB)
	179084  -  ResidentSetSize of job (KB)
...
006 (7126.000.000) 02/17 04:19:39 Image size of job updated: 325828
	318  -  MemoryUsage of job (MB)
	325452  -  ResidentSetSize of job (KB)
...
006 (7126.000.000) 02/17 04:20:20 Image size of job updated: 720088
	318  -  MemoryUsage of job (MB)
	325452  -  ResidentSetSize of job (KB)
...
005 (7126.000.000) 02/17 04:20:21 Job terminated.
	(1) Normal termination (return value 0)
		Usr 0 00:03:04, Sys 0 00:01:47  -  Run Remote Usage
		Usr 0 00:00:00, Sys 0 00:00:00  -  Run Local Usage
		Usr 0 00:03:04, Sys 0 00:01:47  -  Total Remote Usage
		Usr 0 00:00:00, Sys 0 00:00:00  -  Total Local Usage
	66600  -  Run Bytes Sent By Job
	513  -  Run Bytes Received By Job
	66600  -  Total Bytes Sent By Job
	513  -  Total Bytes Received By Job
	Partitionable Resources :    Usage  Request Allocated
	   Cpus                 :                 1         1
	   Disk (KB)            :       78  1024000   1024893
	   Memory (MB)          :      318     2000      2000
...
