000 (7132.000.000) 02/17 04:14:14 Job submitted from host: <128.101.221.181:9618?addrs=128.101.221.181-9618&noUDP&sock=2582719_fdba_3>
...
001 (7132.000.000) 02/17 04:16:14 Job executing on host: <128.101.221.170:9618?addrs=128.101.221.170-9618&noUDP&sock=4150_221f_4>
...
006 (7132.000.000) 02/17 04:16:22 Image size of job updated: 195552
	132  -  MemoryUsage of job (MB)
	134332  -  ResidentSetSize of job (KB)
...
006 (7132.000.000) 02/17 04:20:55 Image size of job updated: 324384
	132  -  MemoryUsage of job (MB)
	134664  -  ResidentSetSize of job (KB)
...
005 (7132.000.000) 02/17 04:20:56 Job terminated.
	(1) Normal termination (return value 0)
		Usr 0 00:02:17, Sys 0 00:01:36  -  Run Remote Usage
		Usr 0 00:00:00, Sys 0 00:00:00  -  Run Local Usage
		Usr 0 00:02:17, Sys 0 00:01:36  -  Total Remote Usage
		Usr 0 00:00:00, Sys 0 00:00:00  -  Total Local Usage
	61770  -  Run Bytes Sent By Job
	513  -  Run Bytes Received By Job
	61770  -  Total Bytes Sent By Job
	513  -  Total Bytes Received By Job
	Partitionable Resources :    Usage  Request Allocated
	   Cpus                 :                 1         1
	   Disk (KB)            :       80  1024000   2040476
	   Memory (MB)          :      132     2000      2000
...
