000 (7138.000.000) 02/17 04:14:21 Job submitted from host: <128.101.221.181:9618?addrs=128.101.221.181-9618&noUDP&sock=2582719_fdba_3>
...
001 (7138.000.000) 02/17 04:16:51 Job executing on host: <128.101.221.170:9618?addrs=128.101.221.170-9618&noUDP&sock=4150_221f_4>
...
006 (7138.000.000) 02/17 04:17:00 Image size of job updated: 270724
	190  -  MemoryUsage of job (MB)
	193680  -  ResidentSetSize of job (KB)
...
006 (7138.000.000) 02/17 04:21:22 Image size of job updated: 325348
	190  -  MemoryUsage of job (MB)
	193744  -  ResidentSetSize of job (KB)
...
005 (7138.000.000) 02/17 04:21:23 Job terminated.
	(1) Normal termination (return value 0)
		Usr 0 00:02:16, Sys 0 00:01:28  -  Run Remote Usage
		Usr 0 00:00:00, Sys 0 00:00:00  -  Run Local Usage
		Usr 0 00:02:16, Sys 0 00:01:28  -  Total Remote Usage
		Usr 0 00:00:00, Sys 0 00:00:00  -  Total Local Usage
	56262  -  Run Bytes Sent By Job
	513  -  Run Bytes Received By Job
	56262  -  Total Bytes Sent By Job
	513  -  Total Bytes Received By Job
	Partitionable Resources :    Usage  Request Allocated
	   Cpus                 :                 1         1
	   Disk (KB)            :       74  1024000   2040476
	   Memory (MB)          :      190     2000      2000
...
