000 (7172.000.000) 02/17 04:14:45 Job submitted from host: <128.101.221.181:9618?addrs=128.101.221.181-9618&noUDP&sock=2582719_fdba_3>
...
001 (7172.000.000) 02/17 04:19:03 Job executing on host: <128.101.221.180:9618?addrs=128.101.221.180-9618&noUDP&sock=3943_2604_4>
...
006 (7172.000.000) 02/17 04:19:12 Image size of job updated: 266668
	185  -  MemoryUsage of job (MB)
	188736  -  ResidentSetSize of job (KB)
...
006 (7172.000.000) 02/17 04:23:03 Image size of job updated: 421480
	185  -  MemoryUsage of job (MB)
	188736  -  ResidentSetSize of job (KB)
...
005 (7172.000.000) 02/17 04:23:04 Job terminated.
	(1) Normal termination (return value 0)
		Usr 0 00:02:04, Sys 0 00:00:44  -  Run Remote Usage
		Usr 0 00:00:00, Sys 0 00:00:00  -  Run Local Usage
		Usr 0 00:02:04, Sys 0 00:00:44  -  Total Remote Usage
		Usr 0 00:00:00, Sys 0 00:00:00  -  Total Local Usage
	70124  -  Run Bytes Sent By Job
	513  -  Run Bytes Received By Job
	70124  -  Total Bytes Sent By Job
	513  -  Total Bytes Received By Job
	Partitionable Resources :    Usage  Request Allocated
	   Cpus                 :                 1         1
	   Disk (KB)            :       81  1024000   1028187
	   Memory (MB)          :      185     2000      2000
...
