000 (7158.000.000) 02/17 04:14:36 Job submitted from host: <128.101.221.181:9618?addrs=128.101.221.181-9618&noUDP&sock=2582719_fdba_3>
...
001 (7158.000.000) 02/17 04:18:04 Job executing on host: <128.101.221.170:9618?addrs=128.101.221.170-9618&noUDP&sock=4150_221f_4>
...
006 (7158.000.000) 02/17 04:18:13 Image size of job updated: 236576
	200  -  MemoryUsage of job (MB)
	204028  -  ResidentSetSize of job (KB)
...
006 (7158.000.000) 02/17 04:20:10 Image size of job updated: 236576
	200  -  MemoryUsage of job (MB)
	204104  -  ResidentSetSize of job (KB)
...
005 (7158.000.000) 02/17 04:20:11 Job terminated.
	(1) Normal termination (return value 0)
		Usr 0 00:01:07, Sys 0 00:00:39  -  Run Remote Usage
		Usr 0 00:00:00, Sys 0 00:00:00  -  Run Local Usage
		Usr 0 00:01:07, Sys 0 00:00:39  -  Total Remote Usage
		Usr 0 00:00:00, Sys 0 00:00:00  -  Total Local Usage
	39704  -  Run Bytes Sent By Job
	513  -  Run Bytes Received By Job
	39704  -  Total Bytes Sent By Job
	513  -  Total Bytes Received By Job
	Partitionable Resources :    Usage  Request Allocated
	   Cpus                 :                 1         1
	   Disk (KB)            :       58  1024000   2040476
	   Memory (MB)          :      200     2000      2000
...
