000 (7136.000.000) 02/17 04:14:19 Job submitted from host: <128.101.221.181:9618?addrs=128.101.221.181-9618&noUDP&sock=2582719_fdba_3>
...
001 (7136.000.000) 02/17 04:16:47 Job executing on host: <128.101.221.193:9618?addrs=128.101.221.193-9618&noUDP&sock=2332108_b0a7_4>
...
006 (7136.000.000) 02/17 04:16:56 Image size of job updated: 189732
	160  -  MemoryUsage of job (MB)
	163176  -  ResidentSetSize of job (KB)
...
006 (7136.000.000) 02/17 04:21:32 Image size of job updated: 720380
	160  -  MemoryUsage of job (MB)
	163176  -  ResidentSetSize of job (KB)
...
005 (7136.000.000) 02/17 04:21:33 Job terminated.
	(1) Normal termination (return value 0)
		Usr 0 00:01:53, Sys 0 00:01:52  -  Run Remote Usage
		Usr 0 00:00:00, Sys 0 00:00:00  -  Run Local Usage
		Usr 0 00:01:53, Sys 0 00:01:52  -  Total Remote Usage
		Usr 0 00:00:00, Sys 0 00:00:00  -  Total Local Usage
	65759  -  Run Bytes Sent By Job
	513  -  Run Bytes Received By Job
	65759  -  Total Bytes Sent By Job
	513  -  Total Bytes Received By Job
	Partitionable Resources :    Usage  Request Allocated
	   Cpus                 :                 1         1
	   Disk (KB)            :       77  1024000   1030489
	   Memory (MB)          :      160     2000      2000
...
