000 (7112.000.000) 02/17 04:13:49 Job submitted from host: <128.101.221.181:9618?addrs=128.101.221.181-9618&noUDP&sock=2582719_fdba_3>
...
001 (7112.000.000) 02/17 04:14:10 Job executing on host: <128.101.221.192:9618?addrs=128.101.221.192-9618&noUDP&sock=3175794_1c7b_4>
...
006 (7112.000.000) 02/17 04:14:18 Image size of job updated: 231804
	204  -  MemoryUsage of job (MB)
	207880  -  ResidentSetSize of job (KB)
...
006 (7112.000.000) 02/17 04:17:49 Image size of job updated: 717592
	204  -  MemoryUsage of job (MB)
	207880  -  ResidentSetSize of job (KB)
...
005 (7112.000.000) 02/17 04:17:50 Job terminated.
	(1) Normal termination (return value 0)
		Usr 0 00:01:54, Sys 0 00:01:07  -  Run Remote Usage
		Usr 0 00:00:00, Sys 0 00:00:00  -  Run Local Usage
		Usr 0 00:01:54, Sys 0 00:01:07  -  Total Remote Usage
		Usr 0 00:00:00, Sys 0 00:00:00  -  Total Local Usage
	52060  -  Run Bytes Sent By Job
	513  -  Run Bytes Received By Job
	52060  -  Total Bytes Sent By Job
	513  -  Total Bytes Received By Job
	Partitionable Resources :    Usage  Request Allocated
	   Cpus                 :                 1         1
	   Disk (KB)            :       64  1024000   1030768
	   Memory (MB)          :      204     2000      2000
...
