000 (7139.000.000) 02/17 04:14:22 Job submitted from host: <128.101.221.181:9618?addrs=128.101.221.181-9618&noUDP&sock=2582719_fdba_3>
...
001 (7139.000.000) 02/17 04:17:00 Job executing on host: <128.101.220.206:9618?addrs=128.101.220.206-9618&noUDP&sock=203915_4ebb_4>
...
006 (7139.000.000) 02/17 04:17:09 Image size of job updated: 113936
	63  -  MemoryUsage of job (MB)
	63844  -  ResidentSetSize of job (KB)
...
006 (7139.000.000) 02/17 04:21:21 Image size of job updated: 423972
	63  -  MemoryUsage of job (MB)
	63844  -  ResidentSetSize of job (KB)
...
005 (7139.000.000) 02/17 04:21:22 Job terminated.
	(1) Normal termination (return value 0)
		Usr 0 00:02:20, Sys 0 00:00:52  -  Run Remote Usage
		Usr 0 00:00:00, Sys 0 00:00:00  -  Run Local Usage
		Usr 0 00:02:20, Sys 0 00:00:52  -  Total Remote Usage
		Usr 0 00:00:00, Sys 0 00:00:00  -  Total Local Usage
	61344  -  Run Bytes Sent By Job
	513  -  Run Bytes Received By Job
	61344  -  Total Bytes Sent By Job
	513  -  Total Bytes Received By Job
	Partitionable Resources :    Usage  Request Allocated
	   Cpus                 :                 1         1
	   Disk (KB)            :       73  1024000   1030756
	   Memory (MB)          :       63     2000      2000
...
