000 (7123.000.000) 02/17 04:14:07 Job submitted from host: <128.101.221.181:9618?addrs=128.101.221.181-9618&noUDP&sock=2582719_fdba_3>
...
001 (7123.000.000) 02/17 04:14:17 Job executing on host: <128.101.221.193:9618?addrs=128.101.221.193-9618&noUDP&sock=2332108_b0a7_4>
...
006 (7123.000.000) 02/17 04:14:25 Image size of job updated: 162968
	122  -  MemoryUsage of job (MB)
	123912  -  ResidentSetSize of job (KB)
...
006 (7123.000.000) 02/17 04:17:30 Image size of job updated: 718420
	122  -  MemoryUsage of job (MB)
	123912  -  ResidentSetSize of job (KB)
...
005 (7123.000.000) 02/17 04:17:31 Job terminated.
	(1) Normal termination (return value 0)
		Usr 0 00:01:15, Sys 0 00:01:20  -  Run Remote Usage
		Usr 0 00:00:00, Sys 0 00:00:00  -  Run Local Usage
		Usr 0 00:01:15, Sys 0 00:01:20  -  Total Remote Usage
		Usr 0 00:00:00, Sys 0 00:00:00  -  Total Local Usage
	56471  -  Run Bytes Sent By Job
	513  -  Run Bytes Received By Job
	56471  -  Total Bytes Sent By Job
	513  -  Total Bytes Received By Job
	Partitionable Resources :    Usage  Request Allocated
	   Cpus                 :                 1         1
	   Disk (KB)            :       68  1024000   1030486
	   Memory (MB)          :      122     2000      2000
...
