000 (7163.000.000) 02/17 04:14:39 Job submitted from host: <128.101.221.181:9618?addrs=128.101.221.181-9618&noUDP&sock=2582719_fdba_3>
...
001 (7163.000.000) 02/17 04:18:25 Job executing on host: <128.101.221.192:9618?addrs=128.101.221.192-9618&noUDP&sock=3175794_1c7b_4>
...
006 (7163.000.000) 02/17 04:18:33 Image size of job updated: 150976
	142  -  MemoryUsage of job (MB)
	144388  -  ResidentSetSize of job (KB)
...
005 (7163.000.000) 02/17 04:21:26 Job terminated.
	(1) Normal termination (return value 0)
		Usr 0 00:01:38, Sys 0 00:00:51  -  Run Remote Usage
		Usr 0 00:00:00, Sys 0 00:00:00  -  Run Local Usage
		Usr 0 00:01:38, Sys 0 00:00:51  -  Total Remote Usage
		Usr 0 00:00:00, Sys 0 00:00:00  -  Total Local Usage
	54459  -  Run Bytes Sent By Job
	513  -  Run Bytes Received By Job
	54459  -  Total Bytes Sent By Job
	513  -  Total Bytes Received By Job
	Partitionable Resources :    Usage  Request Allocated
	   Cpus                 :                 1         1
	   Disk (KB)            :       66  1024000   1030768
	   Memory (MB)          :      142     2000      2000
...
