000 (7173.000.000) 02/17 04:14:46 Job submitted from host: <128.101.221.181:9618?addrs=128.101.221.181-9618&noUDP&sock=2582719_fdba_3>
...
001 (7173.000.000) 02/17 04:19:06 Job executing on host: <128.101.221.193:9618?addrs=128.101.221.193-9618&noUDP&sock=2332108_b0a7_4>
...
006 (7173.000.000) 02/17 04:19:14 Image size of job updated: 259928
	196  -  MemoryUsage of job (MB)
	200568  -  ResidentSetSize of job (KB)
...
005 (7173.000.000) 02/17 04:20:36 Job terminated.
	(1) Normal termination (return value 0)
		Usr 0 00:00:40, Sys 0 00:00:32  -  Run Remote Usage
		Usr 0 00:00:00, Sys 0 00:00:00  -  Run Local Usage
		Usr 0 00:00:40, Sys 0 00:00:32  -  Total Remote Usage
		Usr 0 00:00:00, Sys 0 00:00:00  -  Total Local Usage
	34888  -  Run Bytes Sent By Job
	513  -  Run Bytes Received By Job
	34888  -  Total Bytes Sent By Job
	513  -  Total Bytes Received By Job
	Partitionable Resources :    Usage  Request Allocated
	   Cpus                 :                 1         1
	   Disk (KB)            :       47  1024000   1030486
	   Memory (MB)          :      196     2000      2000
...
