000 (7162.000.000) 02/17 04:14:38 Job submitted from host: <128.101.221.181:9618?addrs=128.101.221.181-9618&noUDP&sock=2582719_fdba_3>
...
001 (7162.000.000) 02/17 04:18:25 Job executing on host: <128.101.221.170:9618?addrs=128.101.221.170-9618&noUDP&sock=4150_221f_4>
...
006 (7162.000.000) 02/17 04:18:33 Image size of job updated: 218472
	167  -  MemoryUsage of job (MB)
	170020  -  ResidentSetSize of job (KB)
...
006 (7162.000.000) 02/17 04:23:33 Image size of job updated: 326068
	319  -  MemoryUsage of job (MB)
	325880  -  ResidentSetSize of job (KB)
...
006 (7162.000.000) 02/17 04:24:29 Image size of job updated: 326108
	319  -  MemoryUsage of job (MB)
	325880  -  ResidentSetSize of job (KB)
...
005 (7162.000.000) 02/17 04:24:30 Job terminated.
	(1) Normal termination (return value 0)
		Usr 0 00:03:00, Sys 0 00:01:34  -  Run Remote Usage
		Usr 0 00:00:00, Sys 0 00:00:00  -  Run Local Usage
		Usr 0 00:03:00, Sys 0 00:01:34  -  Total Remote Usage
		Usr 0 00:00:00, Sys 0 00:00:00  -  Total Local Usage
	90007  -  Run Bytes Sent By Job
	513  -  Run Bytes Received By Job
	90007  -  Total Bytes Sent By Job
	513  -  Total Bytes Received By Job
	Partitionable Resources :    Usage  Request Allocated
	   Cpus                 :                 1         1
	   Disk (KB)            :      107  1024000   2040476
	   Memory (MB)          :      319     2000      2000
...
