000 (7111.000.000) 02/17 04:13:48 Job submitted from host: <128.101.221.181:9618?addrs=128.101.221.181-9618&noUDP&sock=2582719_fdba_3>
...
001 (7111.000.000) 02/17 04:14:10 Job executing on host: <128.101.221.182:9618?addrs=128.101.221.182-9618&noUDP&sock=3902_06a2_4>
...
006 (7111.000.000) 02/17 04:14:18 Image size of job updated: 220772
	201  -  MemoryUsage of job (MB)
	205748  -  ResidentSetSize of job (KB)
...
006 (7111.000.000) 02/17 04:18:45 Image size of job updated: 720252
	201  -  MemoryUsage of job (MB)
	205748  -  ResidentSetSize of job (KB)
...
005 (7111.000.000) 02/17 04:18:46 Job terminated.
	(1) Normal termination (return value 0)
		Usr 0 00:02:25, Sys 0 00:01:23  -  Run Remote Usage
		Usr 0 00:00:00, Sys 0 00:00:00  -  Run Local Usage
		Usr 0 00:02:25, Sys 0 00:01:23  -  Total Remote Usage
		Usr 0 00:00:00, Sys 0 00:00:00  -  Total Local Usage
	57997  -  Run Bytes Sent By Job
	513  -  Run Bytes Received By Job
	57997  -  Total Bytes Sent By Job
	513  -  Total Bytes Received By Job
	Partitionable Resources :    Usage  Request Allocated
	   Cpus                 :                 1         1
	   Disk (KB)            :       69  1024000   1024897
	   Memory (MB)          :      201     2000      2000
...
