000 (7167.000.000) 02/17 04:14:41 Job submitted from host: <128.101.221.181:9618?addrs=128.101.221.181-9618&noUDP&sock=2582719_fdba_3>
...
001 (7167.000.000) 02/17 04:18:30 Job executing on host: <128.101.221.192:9618?addrs=128.101.221.192-9618&noUDP&sock=3175794_1c7b_4>
...
006 (7167.000.000) 02/17 04:18:38 Image size of job updated: 225896
	171  -  MemoryUsage of job (MB)
	174784  -  ResidentSetSize of job (KB)
...
005 (7167.000.000) 02/17 04:23:17 Job terminated.
	(1) Normal termination (return value 0)
		Usr 0 00:02:37, Sys 0 00:01:19  -  Run Remote Usage
		Usr 0 00:00:00, Sys 0 00:00:00  -  Run Local Usage
		Usr 0 00:02:37, Sys 0 00:01:19  -  Total Remote Usage
		Usr 0 00:00:00, Sys 0 00:00:00  -  Total Local Usage
	52299  -  Run Bytes Sent By Job
	513  -  Run Bytes Received By Job
	52299  -  Total Bytes Sent By Job
	513  -  Total Bytes Received By Job
	Partitionable Resources :    Usage  Request Allocated
	   Cpus                 :                 1         1
	   Disk (KB)            :       64  1024000   1030768
	   Memory (MB)          :      171     2000      2000
...
