000 (7113.000.000) 02/17 04:13:55 Job submitted from host: <128.101.221.181:9618?addrs=128.101.221.181-9618&noUDP&sock=2582719_fdba_3>
...
001 (7113.000.000) 02/17 04:14:10 Job executing on host: <128.101.221.193:9618?addrs=128.101.221.193-9618&noUDP&sock=2332108_b0a7_4>
...
006 (7113.000.000) 02/17 04:14:18 Image size of job updated: 248068
	222  -  MemoryUsage of job (MB)
	226440  -  ResidentSetSize of job (KB)
...
005 (7113.000.000) 02/17 04:18:53 Job terminated.
	(1) Normal termination (return value 0)
		Usr 0 00:01:48, Sys 0 00:01:57  -  Run Remote Usage
		Usr 0 00:00:00, Sys 0 00:00:00  -  Run Local Usage
		Usr 0 00:01:48, Sys 0 00:01:57  -  Total Remote Usage
		Usr 0 00:00:00, Sys 0 00:00:00  -  Total Local Usage
	66376  -  Run Bytes Sent By Job
	513  -  Run Bytes Received By Job
	66376  -  Total Bytes Sent By Job
	513  -  Total Bytes Received By Job
	Partitionable Resources :    Usage  Request Allocated
	   Cpus                 :                 1         1
	   Disk (KB)            :       78  1024000   1030489
	   Memory (MB)          :      222     2000      2000
...
