000 (7124.000.000) 02/17 04:14:08 Job submitted from host: <128.101.221.181:9618?addrs=128.101.221.181-9618&noUDP&sock=2582719_fdba_3>
...
001 (7124.000.000) 02/17 04:14:14 Job executing on host: <128.101.221.182:9618?addrs=128.101.221.182-9618&noUDP&sock=3902_06a2_4>
...
006 (7124.000.000) 02/17 04:14:23 Image size of job updated: 151044
	126  -  MemoryUsage of job (MB)
	128892  -  ResidentSetSize of job (KB)
...
006 (7124.000.000) 02/17 04:18:17 Image size of job updated: 718104
	126  -  MemoryUsage of job (MB)
	128892  -  ResidentSetSize of job (KB)
...
005 (7124.000.000) 02/17 04:18:18 Job terminated.
	(1) Normal termination (return value 0)
		Usr 0 00:02:07, Sys 0 00:01:13  -  Run Remote Usage
		Usr 0 00:00:00, Sys 0 00:00:00  -  Run Local Usage
		Usr 0 00:02:07, Sys 0 00:01:13  -  Total Remote Usage
		Usr 0 00:00:00, Sys 0 00:00:00  -  Total Local Usage
	52086  -  Run Bytes Sent By Job
	513  -  Run Bytes Received By Job
	52086  -  Total Bytes Sent By Job
	513  -  Total Bytes Received By Job
	Partitionable Resources :    Usage  Request Allocated
	   Cpus                 :                 1         1
	   Disk (KB)            :       63  1024000   1024893
	   Memory (MB)          :      126     2000      2000
...
