000 (7137.000.000) 02/17 04:14:20 Job submitted from host: <128.101.221.181:9618?addrs=128.101.221.181-9618&noUDP&sock=2582719_fdba_3>
...
001 (7137.000.000) 02/17 04:16:50 Job executing on host: <128.101.221.193:9618?addrs=128.101.221.193-9618&noUDP&sock=2332108_b0a7_4>
...
006 (7137.000.000) 02/17 04:16:58 Image size of job updated: 249532
	198  -  MemoryUsage of job (MB)
	202548  -  ResidentSetSize of job (KB)
...
006 (7137.000.000) 02/17 04:20:37 Image size of job updated: 720124
	198  -  MemoryUsage of job (MB)
	202548  -  ResidentSetSize of job (KB)
...
005 (7137.000.000) 02/17 04:20:38 Job terminated.
	(1) Normal termination (return value 0)
		Usr 0 00:01:29, Sys 0 00:01:33  -  Run Remote Usage
		Usr 0 00:00:00, Sys 0 00:00:00  -  Run Local Usage
		Usr 0 00:01:29, Sys 0 00:01:33  -  Total Remote Usage
		Usr 0 00:00:00, Sys 0 00:00:00  -  Total Local Usage
	65784  -  Run Bytes Sent By Job
	513  -  Run Bytes Received By Job
	65784  -  Total Bytes Sent By Job
	513  -  Total Bytes Received By Job
	Partitionable Resources :    Usage  Request Allocated
	   Cpus                 :                 1         1
	   Disk (KB)            :       77  1024000   1030489
	   Memory (MB)          :      198     2000      2000
...
