000 (7148.000.000) 02/17 04:14:28 Job submitted from host: <128.101.221.181:9618?addrs=128.101.221.181-9618&noUDP&sock=2582719_fdba_3>
...
001 (7148.000.000) 02/17 04:17:35 Job executing on host: <128.101.221.193:9618?addrs=128.101.221.193-9618&noUDP&sock=2332108_b0a7_4>
...
006 (7148.000.000) 02/17 04:17:43 Image size of job updated: 279212
	233  -  MemoryUsage of job (MB)
	237616  -  ResidentSetSize of job (KB)
...
006 (7148.000.000) 02/17 04:22:17 Image size of job updated: 720016
	233  -  MemoryUsage of job (MB)
	237616  -  ResidentSetSize of job (KB)
...
005 (7148.000.000) 02/17 04:22:19 Job terminated.
	(1) Normal termination (return value 0)
		Usr 0 00:01:51, Sys 0 00:01:45  -  Run Remote Usage
		Usr 0 00:00:00, Sys 0 00:00:00  -  Run Local Usage
		Usr 0 00:01:51, Sys 0 00:01:45  -  Total Remote Usage
		Usr 0 00:00:00, Sys 0 00:00:00  -  Total Local Usage
	69103  -  Run Bytes Sent By Job
	513  -  Run Bytes Received By Job
	69103  -  Total Bytes Sent By Job
	513  -  Total Bytes Received By Job
	Partitionable Resources :    Usage  Request Allocated
	   Cpus                 :                 1         1
	   Disk (KB)            :       80  1024000   1030489
	   Memory (MB)          :      233     2000      2000
...
