000 (7115.000.000) 02/17 04:14:01 Job submitted from host: <128.101.221.181:9618?addrs=128.101.221.181-9618&noUDP&sock=2582719_fdba_3>
...
001 (7115.000.000) 02/17 04:14:13 Job executing on host: <128.101.221.170:9618?addrs=128.101.221.170-9618&noUDP&sock=4150_221f_4>
...
006 (7115.000.000) 02/17 04:14:22 Image size of job updated: 114076
	91  -  MemoryUsage of job (MB)
	92496  -  ResidentSetSize of job (KB)
...
006 (7115.000.000) 02/17 04:17:08 Image size of job updated: 114076
	91  -  MemoryUsage of job (MB)
	92640  -  ResidentSetSize of job (KB)
...
005 (7115.000.000) 02/17 04:17:08 Job terminated.
	(1) Normal termination (return value 0)
		Usr 0 00:01:24, Sys 0 00:01:02  -  Run Remote Usage
		Usr 0 00:00:00, Sys 0 00:00:00  -  Run Local Usage
		Usr 0 00:01:24, Sys 0 00:01:02  -  Total Remote Usage
		Usr 0 00:00:00, Sys 0 00:00:00  -  Total Local Usage
	45679  -  Run Bytes Sent By Job
	513  -  Run Bytes Received By Job
	45679  -  Total Bytes Sent By Job
	513  -  Total Bytes Received By Job
	Partitionable Resources :    Usage  Request Allocated
	   Cpus                 :                 1         1
	   Disk (KB)            :       64  1024000   2040476
	   Memory (MB)          :       91     2000      2000
...
