000 (7120.000.000) 02/17 04:14:05 Job submitted from host: <128.101.221.181:9618?addrs=128.101.221.181-9618&noUDP&sock=2582719_fdba_3>
...
001 (7120.000.000) 02/17 04:14:14 Job executing on host: <128.101.221.192:9618?addrs=128.101.221.192-9618&noUDP&sock=3175794_1c7b_4>
...
006 (7120.000.000) 02/17 04:14:23 Image size of job updated: 118216
	115  -  MemoryUsage of job (MB)
	117252  -  ResidentSetSize of job (KB)
...
006 (7120.000.000) 02/17 04:19:24 Image size of job updated: 325668
	318  -  MemoryUsage of job (MB)
	325384  -  ResidentSetSize of job (KB)
...
006 (7120.000.000) 02/17 04:19:42 Image size of job updated: 720092
	318  -  MemoryUsage of job (MB)
	325384  -  ResidentSetSize of job (KB)
...
005 (7120.000.000) 02/17 04:19:43 Job terminated.
	(1) Normal termination (return value 0)
		Usr 0 00:02:48, Sys 0 00:01:42  -  Run Remote Usage
		Usr 0 00:00:00, Sys 0 00:00:00  -  Run Local Usage
		Usr 0 00:02:48, Sys 0 00:01:42  -  Total Remote Usage
		Usr 0 00:00:00, Sys 0 00:00:00  -  Total Local Usage
	72135  -  Run Bytes Sent By Job
	513  -  Run Bytes Received By Job
	72135  -  Total Bytes Sent By Job
	513  -  Total Bytes Received By Job
	Partitionable Resources :    Usage  Request Allocated
	   Cpus                 :                 1         1
	   Disk (KB)            :       83  1024000   1030765
	   Memory (MB)          :      318     2000      2000
...
