000 (7110.000.000) 02/17 04:13:48 Job submitted from host: <128.101.221.181:9618?addrs=128.101.221.181-9618&noUDP&sock=2582719_fdba_3>
...
001 (7110.000.000) 02/17 04:14:10 Job executing on host: <128.101.221.170:9618?addrs=128.101.221.170-9618&noUDP&sock=4150_221f_4>
...
006 (7110.000.000) 02/17 04:14:18 Image size of job updated: 206824
	178  -  MemoryUsage of job (MB)
	181840  -  ResidentSetSize of job (KB)
...
006 (7110.000.000) 02/17 04:16:49 Image size of job updated: 722248
	178  -  MemoryUsage of job (MB)
	181960  -  ResidentSetSize of job (KB)
...
005 (7110.000.000) 02/17 04:16:50 Job terminated.
	(1) Normal termination (return value 0)
		Usr 0 00:01:17, Sys 0 00:00:56  -  Run Remote Usage
		Usr 0 00:00:00, Sys 0 00:00:00  -  Run Local Usage
		Usr 0 00:01:17, Sys 0 00:00:56  -  Total Remote Usage
		Usr 0 00:00:00, Sys 0 00:00:00  -  Total Local Usage
	46743  -  Run Bytes Sent By Job
	513  -  Run Bytes Received By Job
	46743  -  Total Bytes Sent By Job
	513  -  Total Bytes Received By Job
	Partitionable Resources :    Usage  Request Allocated
	   Cpus                 :                 1         1
	   Disk (KB)            :       65  1024000   2040476
	   Memory (MB)          :      178     2000      2000
...
