000 (7116.000.000) 02/17 04:14:02 Job submitted from host: <128.101.221.181:9618?addrs=128.101.221.181-9618&noUDP&sock=2582719_fdba_3>
...
001 (7116.000.000) 02/17 04:14:12 Job executing on host: <128.101.221.192:9618?addrs=128.101.221.192-9618&noUDP&sock=3175794_1c7b_4>
...
006 (7116.000.000) 02/17 04:14:21 Image size of job updated: 201788
	186  -  MemoryUsage of job (MB)
	189880  -  ResidentSetSize of job (KB)
...
006 (7116.000.000) 02/17 04:19:22 Image size of job updated: 325732
	318  -  MemoryUsage of job (MB)
	325424  -  ResidentSetSize of job (KB)
...
006 (7116.000.000) 02/17 04:19:41 Image size of job updated: 720052
	318  -  MemoryUsage of job (MB)
	325424  -  ResidentSetSize of job (KB)
...
005 (7116.000.000) 02/17 04:19:42 Job terminated.
	(1) Normal termination (return value 0)
		Usr 0 00:02:49, Sys 0 00:01:43  -  Run Remote Usage
		Usr 0 00:00:00, Sys 0 00:00:00  -  Run Local Usage
		Usr 0 00:02:49, Sys 0 00:01:43  -  Total Remote Usage
		Usr 0 00:00:00, Sys 0 00:00:00  -  Total Local Usage
	67727  -  Run Bytes Sent By Job
	513  -  Run Bytes Received By Job
	67727  -  Total Bytes Sent By Job
	513  -  Total Bytes Received By Job
	Partitionable Resources :    Usage  Request Allocated
	   Cpus                 :                 1         1
	   Disk (KB)            :       79  1024000   1030765
	   Memory (MB)          :      318     2000      2000
...
