000 (8808.000.000) 03/29 07:14:40 Job submitted from host: <128.101.221.180:9618?addrs=128.101.221.180-9618&noUDP&sock=3943_2604_3>
...
001 (8808.000.000) 03/29 07:42:29 Job executing on host: <128.101.220.49:9618?addrs=128.101.220.49-9618&noUDP&sock=280861_dd0b_4>
...
006 (8808.000.000) 03/29 07:42:37 Image size of job updated: 263752
	182  -  MemoryUsage of job (MB)
	185840  -  ResidentSetSize of job (KB)
...
006 (8808.000.000) 03/29 07:44:33 Image size of job updated: 427704
	182  -  MemoryUsage of job (MB)
	185840  -  ResidentSetSize of job (KB)
...
005 (8808.000.000) 03/29 07:44:34 Job terminated.
	(1) Normal termination (return value 0)
		Usr 0 00:01:25, Sys 0 00:00:24  -  Run Remote Usage
		Usr 0 00:00:00, Sys 0 00:00:00  -  Run Local Usage
		Usr 0 00:01:25, Sys 0 00:00:24  -  Total Remote Usage
		Usr 0 00:00:00, Sys 0 00:00:00  -  Total Local Usage
	50703  -  Run Bytes Sent By Job
	529  -  Run Bytes Received By Job
	50703  -  Total Bytes Sent By Job
	529  -  Total Bytes Received By Job
	Partitionable Resources :    Usage  Request Allocated
	   Cpus                 :                 1         1
	   Disk (KB)            :       62  1024000   1028685
	   Memory (MB)          :      182     2000      2000
...
