000 (8815.000.000) 03/29 07:14:43 Job submitted from host: <128.101.221.180:9618?addrs=128.101.221.180-9618&noUDP&sock=3943_2604_3>
...
001 (8815.000.000) 03/29 07:44:57 Job executing on host: <128.101.221.175:9618?addrs=128.101.221.175-9618&noUDP&sock=12916_e152_4>
...
006 (8815.000.000) 03/29 07:45:06 Image size of job updated: 249728
	172  -  MemoryUsage of job (MB)
	175468  -  ResidentSetSize of job (KB)
...
006 (8815.000.000) 03/29 07:50:07 Image size of job updated: 331648
	324  -  MemoryUsage of job (MB)
	331488  -  ResidentSetSize of job (KB)
...
006 (8815.000.000) 03/29 07:51:27 Image size of job updated: 331716
	324  -  MemoryUsage of job (MB)
	331488  -  ResidentSetSize of job (KB)
...
005 (8815.000.000) 03/29 07:51:28 Job terminated.
	(1) Normal termination (return value 0)
		Usr 0 00:03:54, Sys 0 00:02:04  -  Run Remote Usage
		Usr 0 00:00:00, Sys 0 00:00:00  -  Run Local Usage
		Usr 0 00:03:54, Sys 0 00:02:04  -  Total Remote Usage
		Usr 0 00:00:00, Sys 0 00:00:00  -  Total Local Usage
	55135  -  Run Bytes Sent By Job
	529  -  Run Bytes Received By Job
	55135  -  Total Bytes Sent By Job
	529  -  Total Bytes Received By Job
	Partitionable Resources :    Usage  Request Allocated
	   Cpus                 :                 1         1
	   Disk (KB)            :       67  1024000   1931362
	   Memory (MB)          :      324     2000      2000
...
