000 (8810.000.000) 03/29 07:14:41 Job submitted from host: <128.101.221.180:9618?addrs=128.101.221.180-9618&noUDP&sock=3943_2604_3>
...
001 (8810.000.000) 03/29 07:42:50 Job executing on host: <128.101.221.182:9618?addrs=128.101.221.182-9618&noUDP&sock=3902_06a2_4>
...
006 (8810.000.000) 03/29 07:42:59 Image size of job updated: 252036
	174  -  MemoryUsage of job (MB)
	177708  -  ResidentSetSize of job (KB)
...
006 (8810.000.000) 03/29 07:48:00 Image size of job updated: 331208
	324  -  MemoryUsage of job (MB)
	331092  -  ResidentSetSize of job (KB)
...
006 (8810.000.000) 03/29 07:49:47 Image size of job updated: 730344
	324  -  MemoryUsage of job (MB)
	331092  -  ResidentSetSize of job (KB)
...
005 (8810.000.000) 03/29 07:49:48 Job terminated.
	(1) Normal termination (return value 0)
		Usr 0 00:04:04, Sys 0 00:02:20  -  Run Remote Usage
		Usr 0 00:00:00, Sys 0 00:00:00  -  Run Local Usage
		Usr 0 00:04:04, Sys 0 00:02:20  -  Total Remote Usage
		Usr 0 00:00:00, Sys 0 00:00:00  -  Total Local Usage
	51892  -  Run Bytes Sent By Job
	529  -  Run Bytes Received By Job
	51892  -  Total Bytes Sent By Job
	529  -  Total Bytes Received By Job
	Partitionable Resources :    Usage  Request Allocated
	   Cpus                 :                 1         1
	   Disk (KB)            :       63  1024000   2046756
	   Memory (MB)          :      324     2000      2000
...
