000 (8817.000.000) 03/29 07:14:44 Job submitted from host: <128.101.221.180:9618?addrs=128.101.221.180-9618&noUDP&sock=3943_2604_3>
...
001 (8817.000.000) 03/29 07:46:44 Job executing on host: <128.101.221.175:9618?addrs=128.101.221.175-9618&noUDP&sock=12916_e152_4>
...
006 (8817.000.000) 03/29 07:46:52 Image size of job updated: 154940
	130  -  MemoryUsage of job (MB)
	132348  -  ResidentSetSize of job (KB)
...
006 (8817.000.000) 03/29 07:51:52 Image size of job updated: 331080
	324  -  MemoryUsage of job (MB)
	330860  -  ResidentSetSize of job (KB)
...
006 (8817.000.000) 03/29 07:55:09 Image size of job updated: 730216
	324  -  MemoryUsage of job (MB)
	330860  -  ResidentSetSize of job (KB)
...
005 (8817.000.000) 03/29 07:55:10 Job terminated.
	(1) Normal termination (return value 0)
		Usr 0 00:05:00, Sys 0 00:02:45  -  Run Remote Usage
		Usr 0 00:00:00, Sys 0 00:00:00  -  Run Local Usage
		Usr 0 00:05:00, Sys 0 00:02:45  -  Total Remote Usage
		Usr 0 00:00:00, Sys 0 00:00:00  -  Total Local Usage
	35057  -  Run Bytes Sent By Job
	529  -  Run Bytes Received By Job
	35057  -  Total Bytes Sent By Job
	529  -  Total Bytes Received By Job
	Partitionable Resources :    Usage  Request Allocated
	   Cpus                 :                 1         1
	   Disk (KB)            :       47  1024000   1931364
	   Memory (MB)          :      324     2000      2000
...
