000 (8812.000.000) 03/29 07:14:42 Job submitted from host: <128.101.221.180:9618?addrs=128.101.221.180-9618&noUDP&sock=3943_2604_3>
...
001 (8812.000.000) 03/29 07:44:18 Job executing on host: <128.101.221.182:9618?addrs=128.101.221.182-9618&noUDP&sock=3902_06a2_4>
...
006 (8812.000.000) 03/29 07:44:26 Image size of job updated: 247916
	170  -  MemoryUsage of job (MB)
	173720  -  ResidentSetSize of job (KB)
...
006 (8812.000.000) 03/29 07:49:26 Image size of job updated: 330172
	323  -  MemoryUsage of job (MB)
	329752  -  ResidentSetSize of job (KB)
...
006 (8812.000.000) 03/29 07:54:22 Image size of job updated: 730312
	323  -  MemoryUsage of job (MB)
	329752  -  ResidentSetSize of job (KB)
...
005 (8812.000.000) 03/29 07:54:24 Job terminated.
	(1) Normal termination (return value 0)
		Usr 0 00:05:54, Sys 0 00:03:24  -  Run Remote Usage
		Usr 0 00:00:00, Sys 0 00:00:00  -  Run Local Usage
		Usr 0 00:05:54, Sys 0 00:03:24  -  Total Remote Usage
		Usr 0 00:00:00, Sys 0 00:00:00  -  Total Local Usage
	40896  -  Run Bytes Sent By Job
	529  -  Run Bytes Received By Job
	40896  -  Total Bytes Sent By Job
	529  -  Total Bytes Received By Job
	Partitionable Resources :    Usage  Request Allocated
	   Cpus                 :                 1         1
	   Disk (KB)            :       53  1024000   2046764
	   Memory (MB)          :      323     2000      2000
...
