000 (8820.000.000) 03/29 07:14:45 Job submitted from host: <128.101.221.180:9618?addrs=128.101.221.180-9618&noUDP&sock=3943_2604_3>
...
001 (8820.000.000) 03/29 07:47:27 Job executing on host: <128.101.221.182:9618?addrs=128.101.221.182-9618&noUDP&sock=3902_06a2_4>
...
006 (8820.000.000) 03/29 07:47:35 Image size of job updated: 178496
	147  -  MemoryUsage of job (MB)
	150304  -  ResidentSetSize of job (KB)
...
006 (8820.000.000) 03/29 07:52:35 Image size of job updated: 331812
	324  -  MemoryUsage of job (MB)
	331136  -  ResidentSetSize of job (KB)
...
006 (8820.000.000) 03/29 07:55:48 Image size of job updated: 730504
	324  -  MemoryUsage of job (MB)
	331136  -  ResidentSetSize of job (KB)
...
005 (8820.000.000) 03/29 07:55:49 Job terminated.
	(1) Normal termination (return value 0)
		Usr 0 00:04:55, Sys 0 00:02:47  -  Run Remote Usage
		Usr 0 00:00:00, Sys 0 00:00:00  -  Run Local Usage
		Usr 0 00:04:55, Sys 0 00:02:47  -  Total Remote Usage
		Usr 0 00:00:00, Sys 0 00:00:00  -  Total Local Usage
	38021  -  Run Bytes Sent By Job
	529  -  Run Bytes Received By Job
	38021  -  Total Bytes Sent By Job
	529  -  Total Bytes Received By Job
	Partitionable Resources :    Usage  Request Allocated
	   Cpus                 :                 1         1
	   Disk (KB)            :       50  1024000   2046754
	   Memory (MB)          :      324     2000      2000
...
