000 (8819.000.000) 03/29 07:14:45 Job submitted from host: <128.101.221.180:9618?addrs=128.101.221.180-9618&noUDP&sock=3943_2604_3>
...
001 (8819.000.000) 03/29 07:46:48 Job executing on host: <128.101.221.175:9618?addrs=128.101.221.175-9618&noUDP&sock=12916_e152_4>
...
006 (8819.000.000) 03/29 07:46:56 Image size of job updated: 222448
	170  -  MemoryUsage of job (MB)
	174068  -  ResidentSetSize of job (KB)
...
006 (8819.000.000) 03/29 07:51:56 Image size of job updated: 329084
	322  -  MemoryUsage of job (MB)
	328916  -  ResidentSetSize of job (KB)
...
006 (8819.000.000) 03/29 07:53:36 Image size of job updated: 329156
	322  -  MemoryUsage of job (MB)
	328916  -  ResidentSetSize of job (KB)
...
005 (8819.000.000) 03/29 07:53:37 Job terminated.
	(1) Normal termination (return value 0)
		Usr 0 00:04:04, Sys 0 00:02:11  -  Run Remote Usage
		Usr 0 00:00:00, Sys 0 00:00:00  -  Run Local Usage
		Usr 0 00:04:04, Sys 0 00:02:11  -  Total Remote Usage
		Usr 0 00:00:00, Sys 0 00:00:00  -  Total Local Usage
	41870  -  Run Bytes Sent By Job
	529  -  Run Bytes Received By Job
	41870  -  Total Bytes Sent By Job
	529  -  Total Bytes Received By Job
	Partitionable Resources :    Usage  Request Allocated
	   Cpus                 :                 1         1
	   Disk (KB)            :       54  1024000   1931362
	   Memory (MB)          :      322     2000      2000
...
