000 (8805.000.000) 03/29 07:14:39 Job submitted from host: <128.101.221.180:9618?addrs=128.101.221.180-9618&noUDP&sock=3943_2604_3>
...
001 (8805.000.000) 03/29 07:39:59 Job executing on host: <128.101.221.175:9618?addrs=128.101.221.175-9618&noUDP&sock=12916_e152_4>
...
006 (8805.000.000) 03/29 07:40:08 Image size of job updated: 230396
	189  -  MemoryUsage of job (MB)
	193020  -  ResidentSetSize of job (KB)
...
006 (8805.000.000) 03/29 07:45:09 Image size of job updated: 329420
	322  -  MemoryUsage of job (MB)
	329028  -  ResidentSetSize of job (KB)
...
005 (8805.000.000) 03/29 07:49:27 Job terminated.
	(1) Normal termination (return value 0)
		Usr 0 00:05:35, Sys 0 00:03:12  -  Run Remote Usage
		Usr 0 00:00:00, Sys 0 00:00:00  -  Run Local Usage
		Usr 0 00:05:35, Sys 0 00:03:12  -  Total Remote Usage
		Usr 0 00:00:00, Sys 0 00:00:00  -  Total Local Usage
	43106  -  Run Bytes Sent By Job
	529  -  Run Bytes Received By Job
	43106  -  Total Bytes Sent By Job
	529  -  Total Bytes Received By Job
	Partitionable Resources :    Usage  Request Allocated
	   Cpus                 :                 1         1
	   Disk (KB)            :       55  1024000   1931368
	   Memory (MB)          :      322     2000      2000
...
