000 (8804.000.000) 03/29 07:14:38 Job submitted from host: <128.101.221.180:9618?addrs=128.101.221.180-9618&noUDP&sock=3943_2604_3>
...
001 (8804.000.000) 03/29 07:39:59 Job executing on host: <128.101.221.175:9618?addrs=128.101.221.175-9618&noUDP&sock=12916_e152_4>
...
006 (8804.000.000) 03/29 07:40:08 Image size of job updated: 229512
	186  -  MemoryUsage of job (MB)
	189980  -  ResidentSetSize of job (KB)
...
006 (8804.000.000) 03/29 07:45:09 Image size of job updated: 330096
	323  -  MemoryUsage of job (MB)
	330004  -  ResidentSetSize of job (KB)
...
006 (8804.000.000) 03/29 07:47:30 Image size of job updated: 330768
	323  -  MemoryUsage of job (MB)
	330004  -  ResidentSetSize of job (KB)
...
005 (8804.000.000) 03/29 07:47:31 Job terminated.
	(1) Normal termination (return value 0)
		Usr 0 00:04:26, Sys 0 00:02:33  -  Run Remote Usage
		Usr 0 00:00:00, Sys 0 00:00:00  -  Run Local Usage
		Usr 0 00:04:26, Sys 0 00:02:33  -  Total Remote Usage
		Usr 0 00:00:00, Sys 0 00:00:00  -  Total Local Usage
	38154  -  Run Bytes Sent By Job
	529  -  Run Bytes Received By Job
	38154  -  Total Bytes Sent By Job
	529  -  Total Bytes Received By Job
	Partitionable Resources :    Usage  Request Allocated
	   Cpus                 :                 1         1
	   Disk (KB)            :       50  1024000   1931370
	   Memory (MB)          :      323     2000      2000
...
