000 (8807.000.000) 03/29 07:14:39 Job submitted from host: <128.101.221.180:9618?addrs=128.101.221.180-9618&noUDP&sock=3943_2604_3>
...
001 (8807.000.000) 03/29 07:41:48 Job executing on host: <128.101.221.182:9618?addrs=128.101.221.182-9618&noUDP&sock=3902_06a2_4>
...
006 (8807.000.000) 03/29 07:41:57 Image size of job updated: 250580
	172  -  MemoryUsage of job (MB)
	176120  -  ResidentSetSize of job (KB)
...
006 (8807.000.000) 03/29 07:46:58 Image size of job updated: 331092
	324  -  MemoryUsage of job (MB)
	331064  -  ResidentSetSize of job (KB)
...
006 (8807.000.000) 03/29 07:50:49 Image size of job updated: 731108
	324  -  MemoryUsage of job (MB)
	331064  -  ResidentSetSize of job (KB)
...
005 (8807.000.000) 03/29 07:50:50 Job terminated.
	(1) Normal termination (return value 0)
		Usr 0 00:05:19, Sys 0 00:03:01  -  Run Remote Usage
		Usr 0 00:00:00, Sys 0 00:00:00  -  Run Local Usage
		Usr 0 00:05:19, Sys 0 00:03:01  -  Total Remote Usage
		Usr 0 00:00:00, Sys 0 00:00:00  -  Total Local Usage
	39788  -  Run Bytes Sent By Job
	529  -  Run Bytes Received By Job
	39788  -  Total Bytes Sent By Job
	529  -  Total Bytes Received By Job
	Partitionable Resources :    Usage  Request Allocated
	   Cpus                 :                 1         1
	   Disk (KB)            :       52  1024000   2046758
	   Memory (MB)          :      324     2000      2000
...
