000 (8826.000.000) 03/29 07:14:48 Job submitted from host: <128.101.221.180:9618?addrs=128.101.221.180-9618&noUDP&sock=3943_2604_3>
...
001 (8826.000.000) 03/29 07:48:32 Job executing on host: <128.101.221.175:9618?addrs=128.101.221.175-9618&noUDP&sock=12916_e152_4>
...
006 (8826.000.000) 03/29 07:48:40 Image size of job updated: 242516
	167  -  MemoryUsage of job (MB)
	170832  -  ResidentSetSize of job (KB)
...
006 (8826.000.000) 03/29 07:53:40 Image size of job updated: 330872
	323  -  MemoryUsage of job (MB)
	330496  -  ResidentSetSize of job (KB)
...
006 (8826.000.000) 03/29 07:56:52 Image size of job updated: 730584
	323  -  MemoryUsage of job (MB)
	330496  -  ResidentSetSize of job (KB)
...
005 (8826.000.000) 03/29 07:56:53 Job terminated.
	(1) Normal termination (return value 0)
		Usr 0 00:04:56, Sys 0 00:02:44  -  Run Remote Usage
		Usr 0 00:00:00, Sys 0 00:00:00  -  Run Local Usage
		Usr 0 00:04:56, Sys 0 00:02:44  -  Total Remote Usage
		Usr 0 00:00:00, Sys 0 00:00:00  -  Total Local Usage
	45482  -  Run Bytes Sent By Job
	529  -  Run Bytes Received By Job
	45482  -  Total Bytes Sent By Job
	529  -  Total Bytes Received By Job
	Partitionable Resources :    Usage  Request Allocated
	   Cpus                 :                 1         1
	   Disk (KB)            :       57  1024000   1931356
	   Memory (MB)          :      323     2000      2000
...
