000 (8811.000.000) 03/29 07:14:41 Job submitted from host: <128.101.221.180:9618?addrs=128.101.221.180-9618&noUDP&sock=3943_2604_3>
...
001 (8811.000.000) 03/29 07:43:54 Job executing on host: <128.101.221.182:9618?addrs=128.101.221.182-9618&noUDP&sock=3902_06a2_4>
...
006 (8811.000.000) 03/29 07:44:03 Image size of job updated: 264148
	184  -  MemoryUsage of job (MB)
	187924  -  ResidentSetSize of job (KB)
...
005 (8811.000.000) 03/29 07:48:40 Job terminated.
	(1) Normal termination (return value 0)
		Usr 0 00:02:49, Sys 0 00:01:34  -  Run Remote Usage
		Usr 0 00:00:00, Sys 0 00:00:00  -  Run Local Usage
		Usr 0 00:02:49, Sys 0 00:01:34  -  Total Remote Usage
		Usr 0 00:00:00, Sys 0 00:00:00  -  Total Local Usage
	47969  -  Run Bytes Sent By Job
	529  -  Run Bytes Received By Job
	47969  -  Total Bytes Sent By Job
	529  -  Total Bytes Received By Job
	Partitionable Resources :    Usage  Request Allocated
	   Cpus                 :                 1         1
	   Disk (KB)            :       60  1024000   2046752
	   Memory (MB)          :      184     2000      2000
...
