000 (8818.000.000) 03/29 07:14:44 Job submitted from host: <128.101.221.180:9618?addrs=128.101.221.180-9618&noUDP&sock=3943_2604_3>
...
001 (8818.000.000) 03/29 07:46:22 Job executing on host: <128.101.221.182:9618?addrs=128.101.221.182-9618&noUDP&sock=3902_06a2_4>
...
006 (8818.000.000) 03/29 07:46:31 Image size of job updated: 229064
	157  -  MemoryUsage of job (MB)
	160708  -  ResidentSetSize of job (KB)
...
006 (8818.000.000) 03/29 07:51:31 Image size of job updated: 329684
	322  -  MemoryUsage of job (MB)
	329444  -  ResidentSetSize of job (KB)
...
006 (8818.000.000) 03/29 07:56:31 Image size of job updated: 332412
	325  -  MemoryUsage of job (MB)
	332212  -  ResidentSetSize of job (KB)
...
006 (8818.000.000) 03/29 07:57:18 Image size of job updated: 730400
	325  -  MemoryUsage of job (MB)
	332212  -  ResidentSetSize of job (KB)
...
005 (8818.000.000) 03/29 07:57:19 Job terminated.
	(1) Normal termination (return value 0)
		Usr 0 00:05:43, Sys 0 00:03:18  -  Run Remote Usage
		Usr 0 00:00:00, Sys 0 00:00:00  -  Run Local Usage
		Usr 0 00:05:43, Sys 0 00:03:18  -  Total Remote Usage
		Usr 0 00:00:00, Sys 0 00:00:00  -  Total Local Usage
	33221  -  Run Bytes Sent By Job
	529  -  Run Bytes Received By Job
	33221  -  Total Bytes Sent By Job
	529  -  Total Bytes Received By Job
	Partitionable Resources :    Usage  Request Allocated
	   Cpus                 :                 1         1
	   Disk (KB)            :       45  1024000   2046756
	   Memory (MB)          :      325     2000      2000
...
