000 (8813.000.000) 03/29 07:14:42 Job submitted from host: <128.101.221.180:9618?addrs=128.101.221.180-9618&noUDP&sock=3943_2604_3>
...
001 (8813.000.000) 03/29 07:44:35 Job executing on host: <128.101.220.49:9618?addrs=128.101.220.49-9618&noUDP&sock=280861_dd0b_4>
...
006 (8813.000.000) 03/29 07:44:44 Image size of job updated: 253796
	174  -  MemoryUsage of job (MB)
	177668  -  ResidentSetSize of job (KB)
...
006 (8813.000.000) 03/29 07:49:45 Image size of job updated: 428752
	325  -  MemoryUsage of job (MB)
	332620  -  ResidentSetSize of job (KB)
...
006 (8813.000.000) 03/29 07:51:14 Image size of job updated: 428856
	325  -  MemoryUsage of job (MB)
	332620  -  ResidentSetSize of job (KB)
...
005 (8813.000.000) 03/29 07:51:15 Job terminated.
	(1) Normal termination (return value 0)
		Usr 0 00:04:23, Sys 0 00:01:25  -  Run Remote Usage
		Usr 0 00:00:00, Sys 0 00:00:00  -  Run Local Usage
		Usr 0 00:04:23, Sys 0 00:01:25  -  Total Remote Usage
		Usr 0 00:00:00, Sys 0 00:00:00  -  Total Local Usage
	62971  -  Run Bytes Sent By Job
	529  -  Run Bytes Received By Job
	62971  -  Total Bytes Sent By Job
	529  -  Total Bytes Received By Job
	Partitionable Resources :    Usage  Request Allocated
	   Cpus                 :                 1         1
	   Disk (KB)            :       75  1024000   1028685
	   Memory (MB)          :      325     2000      2000
...
