000 (8821.000.000) 03/29 07:14:46 Job submitted from host: <128.101.221.180:9618?addrs=128.101.221.180-9618&noUDP&sock=3943_2604_3>
...
001 (8821.000.000) 03/29 07:47:27 Job executing on host: <128.101.221.182:9618?addrs=128.101.221.182-9618&noUDP&sock=3902_06a2_4>
...
006 (8821.000.000) 03/29 07:47:35 Image size of job updated: 202716
	159  -  MemoryUsage of job (MB)
	162532  -  ResidentSetSize of job (KB)
...
006 (8821.000.000) 03/29 07:52:35 Image size of job updated: 332352
	324  -  MemoryUsage of job (MB)
	331760  -  ResidentSetSize of job (KB)
...
006 (8821.000.000) 03/29 07:53:45 Image size of job updated: 730488
	324  -  MemoryUsage of job (MB)
	331760  -  ResidentSetSize of job (KB)
...
005 (8821.000.000) 03/29 07:53:46 Job terminated.
	(1) Normal termination (return value 0)
		Usr 0 00:03:44, Sys 0 00:02:04  -  Run Remote Usage
		Usr 0 00:00:00, Sys 0 00:00:00  -  Run Local Usage
		Usr 0 00:03:44, Sys 0 00:02:04  -  Total Remote Usage
		Usr 0 00:00:00, Sys 0 00:00:00  -  Total Local Usage
	45089  -  Run Bytes Sent By Job
	529  -  Run Bytes Received By Job
	45089  -  Total Bytes Sent By Job
	529  -  Total Bytes Received By Job
	Partitionable Resources :    Usage  Request Allocated
	   Cpus                 :                 1         1
	   Disk (KB)            :       57  1024000   2046754
	   Memory (MB)          :      324     2000      2000
...
