000 (8816.000.000) 03/29 07:14:43 Job submitted from host: <128.101.221.180:9618?addrs=128.101.221.180-9618&noUDP&sock=3943_2604_3>
...
001 (8816.000.000) 03/29 07:45:25 Job executing on host: <128.101.221.175:9618?addrs=128.101.221.175-9618&noUDP&sock=12916_e152_4>
...
006 (8816.000.000) 03/29 07:45:33 Image size of job updated: 242016
	167  -  MemoryUsage of job (MB)
	170228  -  ResidentSetSize of job (KB)
...
006 (8816.000.000) 03/29 07:48:53 Image size of job updated: 729756
	167  -  MemoryUsage of job (MB)
	170228  -  ResidentSetSize of job (KB)
...
005 (8816.000.000) 03/29 07:48:54 Job terminated.
	(1) Normal termination (return value 0)
		Usr 0 00:02:07, Sys 0 00:01:04  -  Run Remote Usage
		Usr 0 00:00:00, Sys 0 00:00:00  -  Run Local Usage
		Usr 0 00:02:07, Sys 0 00:01:04  -  Total Remote Usage
		Usr 0 00:00:00, Sys 0 00:00:00  -  Total Local Usage
	43357  -  Run Bytes Sent By Job
	529  -  Run Bytes Received By Job
	43357  -  Total Bytes Sent By Job
	529  -  Total Bytes Received By Job
	Partitionable Resources :    Usage  Request Allocated
	   Cpus                 :                 1         1
	   Disk (KB)            :       55  1024000   1931374
	   Memory (MB)          :      167     2000      2000
...
