000 (8803.000.000) 03/29 07:14:37 Job submitted from host: <128.101.221.180:9618?addrs=128.101.221.180-9618&noUDP&sock=3943_2604_3>
...
001 (8803.000.000) 03/29 07:39:53 Job executing on host: <128.101.221.182:9618?addrs=128.101.221.182-9618&noUDP&sock=3902_06a2_4>
...
006 (8803.000.000) 03/29 07:40:01 Image size of job updated: 238300
	172  -  MemoryUsage of job (MB)
	175496  -  ResidentSetSize of job (KB)
...
006 (8803.000.000) 03/29 07:45:01 Image size of job updated: 329892
	323  -  MemoryUsage of job (MB)
	329772  -  ResidentSetSize of job (KB)
...
006 (8803.000.000) 03/29 07:49:27 Image size of job updated: 730368
	323  -  MemoryUsage of job (MB)
	329772  -  ResidentSetSize of job (KB)
...
005 (8803.000.000) 03/29 07:49:28 Job terminated.
	(1) Normal termination (return value 0)
		Usr 0 00:05:39, Sys 0 00:03:13  -  Run Remote Usage
		Usr 0 00:00:00, Sys 0 00:00:00  -  Run Local Usage
		Usr 0 00:05:39, Sys 0 00:03:13  -  Total Remote Usage
		Usr 0 00:00:00, Sys 0 00:00:00  -  Total Local Usage
	50171  -  Run Bytes Sent By Job
	529  -  Run Bytes Received By Job
	50171  -  Total Bytes Sent By Job
	529  -  Total Bytes Received By Job
	Partitionable Resources :    Usage  Request Allocated
	   Cpus                 :                 1         1
	   Disk (KB)            :       62  1024000   2046802
	   Memory (MB)          :      323     2000      2000
...
